<?xml version="1.0" encoding="UTF-8"?>
<testsuite name="io.opencui.serialization.SerializationTest" tests="7" skipped="0" failures="0" errors="0" timestamp="2022-10-22T14:39:46" hostname="sean-Alienware-x15-R1" time="0.005">
  <properties/>
  <testcase name="testPrimitives" classname="io.opencui.serialization.SerializationTest" time="0.0"/>
  <testcase name="testFrame" classname="io.opencui.serialization.SerializationTest" time="0.003"/>
  <testcase name="testLocalDate" classname="io.opencui.serialization.SerializationTest" time="0.001"/>
  <testcase name="testExpressions" classname="io.opencui.serialization.SerializationTest" time="0.001"/>
  <testcase name="testBoolean" classname="io.opencui.serialization.SerializationTest" time="0.0"/>
  <testcase name="testEntity" classname="io.opencui.serialization.SerializationTest" time="0.0"/>
  <testcase name="testString" classname="io.opencui.serialization.SerializationTest" time="0.0"/>
  <system-out><![CDATA[1805
1805
class com.fasterxml.jackson.databind.node.IntNode
2002-12-30T00:00
["2002-12-30T00:00:00","2002-12-31T00:00:00"]
[2002-12-30T00:00, 2002-12-31T00:00]
{"owner_id":"Banks_1.TransferMoney","expressions":[{"utterance":"$date_time_slot$"},{"utterance":"Yes, please make a transfer."},{"utterance":"Okay, please make a transfer for me."},{"utterance":"Please help me make a money transfer"},{"utterance":"Okay thats cool please make a fund transfer"},{"utterance":"Make a transfer of $amount$.","context":{"frame_id":"Banks_1.TransferMoney"}},{"utterance":"Great, let's make a transfer."},{"utterance":"Make a transfer to $recipient_account_name$"},{"utterance":"I wanna make a transfer"},{"utterance":"send $amount$ and give it to $recipient_account_name$ and go with the $account_type$ account","context":{"frame_id":"Banks_1.TransferMoney"}},{"utterance":"I'm interested in making a money transfer."}]}
Banks_1.TransferMoney
"Banks_1.TransferMoney"
Yes, please make a transfer
true
true
"string is tricky"
string is tricky
]]></system-out>
  <system-err><![CDATA[]]></system-err>
</testsuite>
