<?xml version="1.0" encoding="UTF-8"?>
<testsuite name="io.opencui.du.SlotExpressionTest" tests="1" skipped="0" failures="0" errors="0" timestamp="2022-10-22T14:39:44" hostname="sean-Alienware-x15-R1" time="0.001">
  <properties/>
  <testcase name="testSurroundingWords" classname="io.opencui.du.SlotExpressionTest" time="0.001"/>
  <system-out><![CDATA[[io.framely.du.StateTrackerTest] nlu addr: 127.0.0.1:8501, duckling addr: http://127.0.0.1:8000/parse
]]></system-out>
  <system-err><![CDATA[[Test worker] INFO io.opencui.core.Dispatcher - class io.opencui.du.DucklingRecognizer is configured twice, was http://127.0.0.1:8000/parse now http://127.0.0.1:8000/parse
[Test worker] INFO io.opencui.core.Dispatcher - class io.opencui.du.TfRestBertNLUModel is configured twice, was (127.0.0.1, 8501, http) now (127.0.0.1, 8501, http)
]]></system-err>
</testsuite>
