<?xml version="1.0" encoding="UTF-8"?>
<testsuite name="io.opencui.core.RuntimeTest" tests="52" skipped="0" failures="0" errors="0" timestamp="2022-10-22T14:39:39" hostname="sean-Alienware-x15-R1" time="3.501">
  <properties/>
  <testcase name="testKernelIntent" classname="io.opencui.core.RuntimeTest" time="0.703"/>
  <testcase name="testValueRecInteractionBypass" classname="io.opencui.core.RuntimeTest" time="0.252"/>
  <testcase name="testResumeIntent" classname="io.opencui.core.RuntimeTest" time="0.013"/>
  <testcase name="testValueClarification" classname="io.opencui.core.RuntimeTest" time="0.287"/>
  <testcase name="testEarlyTermination" classname="io.opencui.core.RuntimeTest" time="0.009"/>
  <testcase name="testEmptySkill" classname="io.opencui.core.RuntimeTest" time="0.002"/>
  <testcase name="testValueRecInteractionPrompt" classname="io.opencui.core.RuntimeTest" time="0.016"/>
  <testcase name="testConfirmedSlot" classname="io.opencui.core.RuntimeTest" time="0.024"/>
  <testcase name="testIntentAction" classname="io.opencui.core.RuntimeTest" time="0.026"/>
  <testcase name="testBoolGate" classname="io.opencui.core.RuntimeTest" time="0.022"/>
  <testcase name="testValueReCheck" classname="io.opencui.core.RuntimeTest" time="0.018"/>
  <testcase name="testExternalEventStrategy" classname="io.opencui.core.RuntimeTest" time="0.014"/>
  <testcase name="testDirectlyFillMultiValueSlot" classname="io.opencui.core.RuntimeTest" time="0.021"/>
  <testcase name="testZep" classname="io.opencui.core.RuntimeTest" time="0.056"/>
  <testcase name="testValueCheckSwitch" classname="io.opencui.core.RuntimeTest" time="0.019"/>
  <testcase name="testCompositeSkill" classname="io.opencui.core.RuntimeTest" time="0.084"/>
  <testcase name="testSlotSepInformConfirmComposite" classname="io.opencui.core.RuntimeTest" time="0.012"/>
  <testcase name="testEntityRecSelection" classname="io.opencui.core.RuntimeTest" time="0.011"/>
  <testcase name="testSepNo" classname="io.opencui.core.RuntimeTest" time="0.035"/>
  <testcase name="testSlotUpdate" classname="io.opencui.core.RuntimeTest" time="0.174"/>
  <testcase name="testMoreBasics" classname="io.opencui.core.RuntimeTest" time="0.009"/>
  <testcase name="testContextBasedRecommendation" classname="io.opencui.core.RuntimeTest" time="0.017"/>
  <testcase name="testAbortIntent" classname="io.opencui.core.RuntimeTest" time="0.103"/>
  <testcase name="testAssociation" classname="io.opencui.core.RuntimeTest" time="0.018"/>
  <testcase name="testMultiValueValueCheck" classname="io.opencui.core.RuntimeTest" time="0.012"/>
  <testcase name="testIntentSuggestion" classname="io.opencui.core.RuntimeTest" time="0.019"/>
  <testcase name="testFreeActionConfirmation" classname="io.opencui.core.RuntimeTest" time="0.023"/>
  <testcase name="testMultiValueFrameRecIntent" classname="io.opencui.core.RuntimeTest" time="0.341"/>
  <testcase name="testValueRecInteractionSelection" classname="io.opencui.core.RuntimeTest" time="0.005"/>
  <testcase name="testSepConfirmExplicit" classname="io.opencui.core.RuntimeTest" time="0.014"/>
  <testcase name="testValueRecommendation" classname="io.opencui.core.RuntimeTest" time="0.024"/>
  <testcase name="testValueRecForIIntent" classname="io.opencui.core.RuntimeTest" time="0.091"/>
  <testcase name="testMultiValueEntityRecIntent" classname="io.opencui.core.RuntimeTest" time="0.015"/>
  <testcase name="testAbstractEntity" classname="io.opencui.core.RuntimeTest" time="0.046"/>
  <testcase name="testConfirmedSlot2" classname="io.opencui.core.RuntimeTest" time="0.009"/>
  <testcase name="testShowOnceRecommendation" classname="io.opencui.core.RuntimeTest" time="0.013"/>
  <testcase name="testIIntent" classname="io.opencui.core.RuntimeTest" time="0.008"/>
  <testcase name="testCustomizedRecommendation" classname="io.opencui.core.RuntimeTest" time="0.007"/>
  <testcase name="testMinMaxSep" classname="io.opencui.core.RuntimeTest" time="0.013"/>
  <testcase name="testRecover" classname="io.opencui.core.RuntimeTest" time="0.007"/>
  <testcase name="testMinMaxCheck" classname="io.opencui.core.RuntimeTest" time="0.012"/>
  <testcase name="testMultiValueValueClarification" classname="io.opencui.core.RuntimeTest" time="0.019"/>
  <testcase name="testBasics" classname="io.opencui.core.RuntimeTest" time="0.222"/>
  <testcase name="testValueCheck" classname="io.opencui.core.RuntimeTest" time="0.013"/>
  <testcase name="testSepConfirmImplicit" classname="io.opencui.core.RuntimeTest" time="0.013"/>
  <testcase name="testSideIntent" classname="io.opencui.core.RuntimeTest" time="0.008"/>
  <testcase name="testService" classname="io.opencui.core.RuntimeTest" time="0.005"/>
  <testcase name="testSoftEarlyTermination" classname="io.opencui.core.RuntimeTest" time="0.009"/>
  <testcase name="testOutlierValueForValueRec" classname="io.opencui.core.RuntimeTest" time="0.014"/>
  <testcase name="testIntentSuggestionForMain" classname="io.opencui.core.RuntimeTest" time="0.159"/>
  <testcase name="testMVEntryConfirmation" classname="io.opencui.core.RuntimeTest" time="0.018"/>
  <testcase name="testNeverAsk" classname="io.opencui.core.RuntimeTest" time="0.006"/>
  <system-out><![CDATA[drop table if exists mobile

                    CREATE TABLE mobile (
                    id INT PRIMARY KEY,
                    cellphone VARCHAR(255),
                    amount double DEFAULT NULL)
                     AS SELECT * FROM CSVREAD('classpath:/test/mobile.csv', null, 'lineComment=#')
drop table if exists cellphone

                    CREATE TABLE cellphone (
                    id INT PRIMARY KEY,
                    cellphoneMapping VARCHAR(255),
                    nameMapping VARCHAR(255))
                     AS SELECT * FROM CSVREAD('file:/home/sean/newworld/runtime/core/build/resources/test/test/cellphone.csv', null, 'lineComment=#')
drop table if exists flight

                    CREATE TABLE flight (
                    id INT PRIMARY KEY,
                    origin VARCHAR(255),
                    destination VARCHAR(255),
                    flight VARCHAR(255))
                     AS SELECT * FROM CSVREAD('classpath:/test/flight.csv', null, 'lineComment=#')
drop table if exists booked_flight
CREATE TABLE booked_flight (
 id INT PRIMARY KEY AUTO_INCREMENT,
 flight VARCHAR(255),
 user VARCHAR(255))
drop table if exists hotel

                    CREATE TABLE hotel (
                    id INT PRIMARY KEY,
                    city VARCHAR(255),
                    hotel VARCHAR(255))
                     AS SELECT * FROM CSVREAD('classpath:/test/hotel.csv', null, 'lineComment=#')
drop table if exists booked_hotel
CREATE TABLE booked_hotel (
 id INT PRIMARY KEY,
 hotel VARCHAR(255),
 user VARCHAR(255))
drop table if exists hotel_address
CREATE TABLE hotel_address (
 id INT PRIMARY KEY,
 hotel VARCHAR(255),
 address VARCHAR(255)) AS SELECT * FROM CSVREAD('classpath:/test/hotel_address.csv', null, 'lineComment=#')
drop table if exists intents

                CREATE TABLE intents (
                id INT PRIMARY KEY,
                node_state VARCHAR(255),
                "@class" VARCHAR(255), 
                current_node NVARCHAR(255) NULL)
                 AS SELECT * FROM CSVREAD('classpath:/test/intents.csv', null, 'lineComment=#')
drop table if exists dish

                CREATE TABLE dish (
                id INT PRIMARY KEY,
                dish VARCHAR(255))
                 AS SELECT * FROM CSVREAD('classpath:/test/dish.csv', null, 'lineComment=#')
processing 5e1e6f838ef7fd9a209fbe79 with True	Confirm
True	Out of question
True	No problem
True	Yeah
True	That's right
True	Yup
True	Yes
True	Right
False	Uncertainty
False	Indetermination
False	Indeterminacy
False	Nope
False	Incorrect
False	Wrong
False	No
processing 5ee07937f03d720266c60085 with Default	Default
processing 5ef0736c1ffe832adbf17a22 with hahaha	ccc
hahaha	nnn
hahaha	aaa
ggg	jjj
ggg	iii
ggg	hhh
processing 5ef1d5eabc975b6ba00d9d8c with demo	demo3
demo	demo2
demo	demo1
processing io.opencui.test.PayMethod with visa	visa_norm
mastercard	mastercard_norm
paypal	paypal_norm
processing io.opencui.test.City with Beijing	Beijing_norm
Shenzhen	Shenzhen_norm
Chengdu	Chengdu_norm
Shanghai	Shanghai_norm
Zhengzhou	Zhengzhou_norm
processing io.opencui.core.SlotType with io.opencui.test.SlotUpdateTestIntent.cityFrom	departure
io.opencui.test.SlotUpdateTestIntent.cityTo	arrival
io.opencui.test.SlotUpdateTestIntent.citiesFrom	origins
io.opencui.test.SlotUpdateTestIntent.citiesTo	destinations
{"query": "1", "frames": [{"type": "MainWithKernelIntent", "slots": [], "packageName": "io.opencui.test"}]}
Executing response  consumed 25 millisecond.
reply = Good day!
reply = What is your cell number?
{"type":"TextOutputAction","payload":"Good day!"}
{"type":"SlotAskAction","payload":"What is your cell number?"}
{"activeFrames":[{"frame":"io.opencui.test.UserInit","slot":"cellPhone"}],"status":"OPEN"}
{"query": "2", "frames": [{"type": "UserInit", "slots": [{"value" : "\"12345678910\"", "attribute" : "cellPhone"}], "packageName": "io.opencui.test"}]}
Executing response  consumed 12 millisecond.
reply = What is your name?
{"type":"SlotAskAction","payload":"What is your name?"}
{"activeFrames":[{"frame":"io.opencui.test.UserInit","slot":"userName"}],"status":"OPEN"}
{"query": "3", "frames": [{"type": "Greeting", "slots": [], "packageName": "io.opencui.test"}]}
Executing response  consumed 3 millisecond.
reply = What is your name?
{"type":"SlotAskAction","payload":"What is your name?"}
{"activeFrames":[{"frame":"io.opencui.test.UserInit","slot":"userName"}],"status":"OPEN"}
{"query": "4", "frames": [{"type": "UserInit", "slots": [{"value" : "\"init_user\"", "attribute" : "userName"}], "packageName": "io.opencui.test"}]}
Executing response  consumed 4 millisecond.
reply = What can I do for you? (MainWithKernelIntent)
{"type":"SlotAskAction","payload":"What can I do for you? (MainWithKernelIntent)"}
{"activeFrames":[{"frame":"io.opencui.core.HasMore","slot":"status"},{"frame":"io.opencui.test.MainWithKernelIntent","slot":"skills"}],"status":"OPEN"}
{"query": "5", "frames": [{"type": "Greeting", "slots": [], "packageName": "io.opencui.test"}]}
Executing response  consumed 6 millisecond.
reply = Good day!
reply = What else can I do for you? (MainWithKernelIntent)
{"type":"TextOutputAction","payload":"Good day!"}
{"type":"SlotAskAction","payload":"What else can I do for you? (MainWithKernelIntent)"}
{"activeFrames":[{"frame":"io.opencui.core.HasMore","slot":"status"},{"frame":"io.opencui.test.MainWithKernelIntent","slot":"skills"}],"status":"OPEN"}
drop table if exists mobile

                    CREATE TABLE mobile (
                    id INT PRIMARY KEY,
                    cellphone VARCHAR(255),
                    amount double DEFAULT NULL)
                     AS SELECT * FROM CSVREAD('classpath:/test/mobile.csv', null, 'lineComment=#')
drop table if exists cellphone

                    CREATE TABLE cellphone (
                    id INT PRIMARY KEY,
                    cellphoneMapping VARCHAR(255),
                    nameMapping VARCHAR(255))
                     AS SELECT * FROM CSVREAD('file:/home/sean/newworld/runtime/core/build/resources/test/test/cellphone.csv', null, 'lineComment=#')
drop table if exists flight

                    CREATE TABLE flight (
                    id INT PRIMARY KEY,
                    origin VARCHAR(255),
                    destination VARCHAR(255),
                    flight VARCHAR(255))
                     AS SELECT * FROM CSVREAD('classpath:/test/flight.csv', null, 'lineComment=#')
drop table if exists booked_flight
CREATE TABLE booked_flight (
 id INT PRIMARY KEY AUTO_INCREMENT,
 flight VARCHAR(255),
 user VARCHAR(255))
drop table if exists hotel

                    CREATE TABLE hotel (
                    id INT PRIMARY KEY,
                    city VARCHAR(255),
                    hotel VARCHAR(255))
                     AS SELECT * FROM CSVREAD('classpath:/test/hotel.csv', null, 'lineComment=#')
drop table if exists booked_hotel
CREATE TABLE booked_hotel (
 id INT PRIMARY KEY,
 hotel VARCHAR(255),
 user VARCHAR(255))
drop table if exists hotel_address
CREATE TABLE hotel_address (
 id INT PRIMARY KEY,
 hotel VARCHAR(255),
 address VARCHAR(255)) AS SELECT * FROM CSVREAD('classpath:/test/hotel_address.csv', null, 'lineComment=#')
drop table if exists intents

                CREATE TABLE intents (
                id INT PRIMARY KEY,
                node_state VARCHAR(255),
                "@class" VARCHAR(255), 
                current_node NVARCHAR(255) NULL)
                 AS SELECT * FROM CSVREAD('classpath:/test/intents.csv', null, 'lineComment=#')
drop table if exists dish

                CREATE TABLE dish (
                id INT PRIMARY KEY,
                dish VARCHAR(255))
                 AS SELECT * FROM CSVREAD('classpath:/test/dish.csv', null, 'lineComment=#')
{"query": "1", "frames": [{"type": "ValueRecInteractionIntent", "slots": [{"value" : "0", "attribute" : "a"}]}]}
Executing response  consumed 9 millisecond.
reply = b?
{"type":"SlotAskAction","payload":"b?"}
{"activeFrames":[{"frame":"io.opencui.test.ValueRecInteractionFrame","slot":"b"}],"status":"OPEN"}
{"query": "2", "frames": [{"type": "ValueRecInteractionIntent", "slots": [{"value" : "2", "attribute" : "a"}]}]}
Executing response  consumed 4 millisecond.
reply = We have following 3 choices: (1; true), (2; true), (3; true).
{"type":"FillAction","payload":"FILL SLOT value is null for target : io.opencui.core.PagedSelectable, slot : index"}
{"type":"SlotAskAction","payload":"We have following 3 choices: (1; true), (2; true), (3; true)."}
{"activeFrames":[{"frame":"io.opencui.test.ValueRecInteractionFrame"},{"frame":"io.opencui.core.PagedSelectable","slot":"index"}],"status":"OPEN"}
{"query": "3", "frames": [{"type": "ValueRecInteractionFrame", "slots": [{"value" : "true", "attribute" : "c"}], "packageName": "io.opencui.test"}]}
Executing response  consumed 17 millisecond.
reply = We have following 3 choices: (1; true), (2; true), (3; true).
{"type":"SeqAction","payload":[{"type":"SeqAction","payload":[{"type":"DirectlyFillAction","payload":"FILL SLOT for target : io.opencui.core.PagedSelectable, slot : conditionMap"},{"type":"DirectlyFillAction","payload":"FILL SLOT for target : io.opencui.core.PagedSelectable, slot : page"},{"type":"ReinitAction","payload":"REINIT SLOT : target=io.opencui.core.PagedSelectable&slot=index"},{"type":"CleanupAction","payload":"CLEANUP SLOT : target=io.opencui.core.PagedSelectable&slot=index"}]}]}
{"type":"FillAction","payload":"FILL SLOT value is null for target : io.opencui.core.PagedSelectable, slot : index"}
{"type":"SlotAskAction","payload":"We have following 3 choices: (1; true), (2; true), (3; true)."}
{"activeFrames":[{"frame":"io.opencui.test.ValueRecInteractionFrame"},{"frame":"io.opencui.core.PagedSelectable","slot":"index"}],"status":"OPEN"}
{"query": "4", "frames": [{"type": "ValueRecInteractionFrame", "slots": [{"value" : "4", "attribute" : "b"}], "packageName": "io.opencui.test"}]}
Executing response  consumed 8 millisecond.
reply = b=null; c=null; value check failed
reply = We have following 3 choices: (1; true), (2; true), (3; true).
{"type":"SeqAction","payload":[{"type":"SeqAction","payload":[{"type":"DirectlyFillAction","payload":"FILL SLOT for target : io.opencui.core.PagedSelectable, slot : conditionMap"},{"type":"DirectlyFillAction","payload":"FILL SLOT for target : io.opencui.core.PagedSelectable, slot : page"},{"type":"ReinitAction","payload":"REINIT SLOT : target=io.opencui.core.PagedSelectable&slot=index"},{"type":"CleanupAction","payload":"CLEANUP SLOT : target=io.opencui.core.PagedSelectable&slot=index"}]}]}
{"type":"SeqAction","payload":[{"type":"FillAction","payload":"FILL SLOT for target : io.opencui.test.ValueRecInteractionFrame, slot : "}]}
{"type":"SeqAction","payload":[{"type":"TextOutputAction","payload":"b=4; c=true; value check failed"},{"type":"CleanupAction","payload":"CLEANUP SLOT : target=io.opencui.test.ValueRecInteractionFrame&slot="},{"type":"RefocusAction","payload":""}]}
{"type":"FillAction","payload":"FILL SLOT value is null for target : io.opencui.core.PagedSelectable, slot : index"}
{"type":"SlotAskAction","payload":"We have following 3 choices: (1; true), (2; true), (3; true)."}
{"activeFrames":[{"frame":"io.opencui.test.ValueRecInteractionFrame"},{"frame":"io.opencui.core.PagedSelectable","slot":"index"}],"status":"OPEN"}
{"query": "5", "frames": [{"type": "ValueRecInteractionFrame", "slots": [{"value" : "2", "attribute" : "b"}], "packageName": "io.opencui.test"}]}
Executing response  consumed 174 millisecond.
reply = Hi, a=2; b=2; c=true
{"type":"SeqAction","payload":[{"type":"SeqAction","payload":[{"type":"DirectlyFillAction","payload":"FILL SLOT for target : io.opencui.core.PagedSelectable, slot : conditionMap"},{"type":"DirectlyFillAction","payload":"FILL SLOT for target : io.opencui.core.PagedSelectable, slot : page"},{"type":"ReinitAction","payload":"REINIT SLOT : target=io.opencui.core.PagedSelectable&slot=index"},{"type":"CleanupAction","payload":"CLEANUP SLOT : target=io.opencui.core.PagedSelectable&slot=index"}]}]}
{"type":"FillAction","payload":"FILL SLOT for target : io.opencui.core.PagedSelectable, slot : index"}
{"type":"SeqAction","payload":[{"type":"FillAction","payload":"FILL SLOT for target : io.opencui.test.ValueRecInteractionFrame, slot : "}]}
{"type":"ValueRecInteractionIntent_0","payload":"Hi, a=2; b=2; c=true"}
null
drop table if exists mobile

                    CREATE TABLE mobile (
                    id INT PRIMARY KEY,
                    cellphone VARCHAR(255),
                    amount double DEFAULT NULL)
                     AS SELECT * FROM CSVREAD('classpath:/test/mobile.csv', null, 'lineComment=#')
drop table if exists cellphone

                    CREATE TABLE cellphone (
                    id INT PRIMARY KEY,
                    cellphoneMapping VARCHAR(255),
                    nameMapping VARCHAR(255))
                     AS SELECT * FROM CSVREAD('file:/home/sean/newworld/runtime/core/build/resources/test/test/cellphone.csv', null, 'lineComment=#')
drop table if exists flight

                    CREATE TABLE flight (
                    id INT PRIMARY KEY,
                    origin VARCHAR(255),
                    destination VARCHAR(255),
                    flight VARCHAR(255))
                     AS SELECT * FROM CSVREAD('classpath:/test/flight.csv', null, 'lineComment=#')
drop table if exists booked_flight
CREATE TABLE booked_flight (
 id INT PRIMARY KEY AUTO_INCREMENT,
 flight VARCHAR(255),
 user VARCHAR(255))
drop table if exists hotel

                    CREATE TABLE hotel (
                    id INT PRIMARY KEY,
                    city VARCHAR(255),
                    hotel VARCHAR(255))
                     AS SELECT * FROM CSVREAD('classpath:/test/hotel.csv', null, 'lineComment=#')
drop table if exists booked_hotel
CREATE TABLE booked_hotel (
 id INT PRIMARY KEY,
 hotel VARCHAR(255),
 user VARCHAR(255))
drop table if exists hotel_address
CREATE TABLE hotel_address (
 id INT PRIMARY KEY,
 hotel VARCHAR(255),
 address VARCHAR(255)) AS SELECT * FROM CSVREAD('classpath:/test/hotel_address.csv', null, 'lineComment=#')
drop table if exists intents

                CREATE TABLE intents (
                id INT PRIMARY KEY,
                node_state VARCHAR(255),
                "@class" VARCHAR(255), 
                current_node NVARCHAR(255) NULL)
                 AS SELECT * FROM CSVREAD('classpath:/test/intents.csv', null, 'lineComment=#')
drop table if exists dish

                CREATE TABLE dish (
                id INT PRIMARY KEY,
                dish VARCHAR(255))
                 AS SELECT * FROM CSVREAD('classpath:/test/dish.csv', null, 'lineComment=#')
{"query": "1", "frames": [{"type": "SimpleIntent", "slots": [], "packageName": "io.opencui.test"}]}
Executing response  consumed 2 millisecond.
reply = s?
{"type":"SlotAskAction","payload":"s?"}
{"activeFrames":[{"frame":"io.opencui.test.SimpleIntent","slot":"s"}],"status":"OPEN"}
{"query": "2", "frames": [{"type": "SimpleIntent", "slots": [], "packageName": "io.opencui.test"}]}
Executing response  consumed 2 millisecond.
reply = We are in the middle of io.opencui.test.SimpleIntent already, let's continue with the current process.
reply = s?
{"type":"TextOutputAction","payload":"We are in the middle of io.opencui.test.SimpleIntent already, let's continue with the current process."}
{"type":"SlotAskAction","payload":"s?"}
{"activeFrames":[{"frame":"io.opencui.test.SimpleIntent","slot":"s"}],"status":"OPEN"}
{"query": "3", "frames": [{"type": "SimpleIntent", "slots": [{"value" : "\"aaa\"", "attribute" : "s"}], "packageName": "io.opencui.test"}]}
Executing response  consumed 1 millisecond.
reply = s=aaa
{"type":"TextOutputAction","payload":"s=aaa"}
null
drop table if exists mobile

                    CREATE TABLE mobile (
                    id INT PRIMARY KEY,
                    cellphone VARCHAR(255),
                    amount double DEFAULT NULL)
                     AS SELECT * FROM CSVREAD('classpath:/test/mobile.csv', null, 'lineComment=#')
drop table if exists cellphone

                    CREATE TABLE cellphone (
                    id INT PRIMARY KEY,
                    cellphoneMapping VARCHAR(255),
                    nameMapping VARCHAR(255))
                     AS SELECT * FROM CSVREAD('file:/home/sean/newworld/runtime/core/build/resources/test/test/cellphone.csv', null, 'lineComment=#')
drop table if exists flight

                    CREATE TABLE flight (
                    id INT PRIMARY KEY,
                    origin VARCHAR(255),
                    destination VARCHAR(255),
                    flight VARCHAR(255))
                     AS SELECT * FROM CSVREAD('classpath:/test/flight.csv', null, 'lineComment=#')
drop table if exists booked_flight
CREATE TABLE booked_flight (
 id INT PRIMARY KEY AUTO_INCREMENT,
 flight VARCHAR(255),
 user VARCHAR(255))
drop table if exists hotel

                    CREATE TABLE hotel (
                    id INT PRIMARY KEY,
                    city VARCHAR(255),
                    hotel VARCHAR(255))
                     AS SELECT * FROM CSVREAD('classpath:/test/hotel.csv', null, 'lineComment=#')
drop table if exists booked_hotel
CREATE TABLE booked_hotel (
 id INT PRIMARY KEY,
 hotel VARCHAR(255),
 user VARCHAR(255))
drop table if exists hotel_address
CREATE TABLE hotel_address (
 id INT PRIMARY KEY,
 hotel VARCHAR(255),
 address VARCHAR(255)) AS SELECT * FROM CSVREAD('classpath:/test/hotel_address.csv', null, 'lineComment=#')
drop table if exists intents

                CREATE TABLE intents (
                id INT PRIMARY KEY,
                node_state VARCHAR(255),
                "@class" VARCHAR(255), 
                current_node NVARCHAR(255) NULL)
                 AS SELECT * FROM CSVREAD('classpath:/test/intents.csv', null, 'lineComment=#')
drop table if exists dish

                CREATE TABLE dish (
                id INT PRIMARY KEY,
                dish VARCHAR(255))
                 AS SELECT * FROM CSVREAD('classpath:/test/dish.csv', null, 'lineComment=#')
{"query": "1", "frames": [{"type": "Main", "slots": []}]}
io.opencui.test.IIntentSuggestionService:default:{password=, conn=io.opencui.provider.SqlConnection, user=, url=jdbc:h2:./h2db/intents;DATABASE_TO_UPPER=FALSE}
io.opencui.test.IIntentSuggestionService:default:{password=, conn=io.opencui.provider.SqlConnection, user=, url=jdbc:h2:./h2db/intents;DATABASE_TO_UPPER=FALSE}
building service...
Executing response  consumed 74 millisecond.
reply = Good day!
reply = What can I do for you? (Main)
reply = We have following 2 choices: (internal alias), (internal alias).
{"type":"TextOutputAction","payload":"Good day!"}
{"type":"FillAction","payload":"FILL SLOT value is null for target : io.opencui.core.PagedSelectable, slot : index"}
{"type":"SlotAskAction","payload":"What can I do for you? (Main)\nWe have following 2 choices: (internal alias), (internal alias)."}
{"activeFrames":[{"frame":"io.opencui.core.HasMore","slot":"status"},{"frame":"io.opencui.test.Main","slot":"skills"},{"frame":"io.opencui.core.PagedSelectable","slot":"index"}],"status":"OPEN"}
{"query": "2", "frames": [{"type": "BookTrain", "slots": [{"value": "\"Beijing\"", "attribute": "departure"}, {"value": "\"Shenzhen\"", "attribute": "arrival"}], "packageName": "io.opencui.test"}]}
Executing response  consumed 58 millisecond.
reply = placeHolder?
{"type":"SeqAction","payload":[{"type":"SeqAction","payload":[{"type":"DirectlyFillAction","payload":"FILL SLOT for target : io.opencui.core.PagedSelectable, slot : conditionMap"},{"type":"DirectlyFillAction","payload":"FILL SLOT for target : io.opencui.core.PagedSelectable, slot : page"},{"type":"ReinitAction","payload":"REINIT SLOT : target=io.opencui.core.PagedSelectable&slot=index"},{"type":"CleanupAction","payload":"CLEANUP SLOT : target=io.opencui.core.PagedSelectable&slot=index"}]}]}
{"type":"SeqAction","payload":[{"type":"FillAction","payload":"FILL SLOT for target : io.opencui.test.Main, slot : skills"}]}
{"type":"SlotAskAction","payload":"placeHolder?"}
{"activeFrames":[{"frame":"io.opencui.test.BookTrain","slot":"placeHolder"}],"status":"OPEN"}
{"query": "3", "frames": [{"type": "WeatherConsult", "slots": [{"value": "\"_context\"", "attribute": "city"}], "packageName": "io.opencui.test"}]}
Executing response  consumed 6 millisecond.
reply = target?
reply = by weather_city_alias, which do you mean: (Beijing_norm), (Shenzhen_norm).
{"type":"FillAction","payload":"FILL SLOT value is null for target : io.opencui.core.PagedSelectable, slot : index"}
{"type":"SlotAskAction","payload":"target?\nby weather_city_alias, which do you mean: (Beijing_norm), (Shenzhen_norm)."}
{"activeFrames":[{"frame":"io.opencui.core.ValueClarification$io.opencui.test.City","slot":"target"},{"frame":"io.opencui.core.PagedSelectable","slot":"index"}],"status":"OPEN"}
{"query": "4", "frames": [{"type": "PagedSelectable", "slots": [{"value" : "\"1\"", "attribute" : "index"}]}]}
Executing response  consumed 3 millisecond.
reply = Hi, city = Beijing weather = cloudy
reply = placeHolder?
{"type":"SeqAction","payload":[{"type":"FillAction","payload":"FILL SLOT for target : io.opencui.core.ValueClarification, slot : target"}]}
{"type":"FillAction","payload":"FILL SLOT for target : io.opencui.test.WeatherConsult, slot : city"}
{"type":"WeatherConsult_0","payload":"Hi, city = Beijing weather = cloudy"}
{"type":"SlotAskAction","payload":"placeHolder?"}
{"activeFrames":[{"frame":"io.opencui.test.BookTrain","slot":"placeHolder"}],"status":"OPEN"}
{"query": "5", "frames": [{"type": "BookTrain", "slots": [{"value": "\"placeholder\"", "attribute": "placeHolder"}]}]}
Executing response  consumed 32 millisecond.
reply = Hi, departure = Beijing arrival = Shenzhen
reply = What else can I do for you? (Main)
reply = We have following 2 choices: (internal alias), (internal alias).
{"type":"BookTrain_0","payload":"Hi, departure = Beijing arrival = Shenzhen"}
{"type":"FillAction","payload":"FILL SLOT value is null for target : io.opencui.core.PagedSelectable, slot : index"}
{"type":"SlotAskAction","payload":"What else can I do for you? (Main)\nWe have following 2 choices: (internal alias), (internal alias)."}
{"activeFrames":[{"frame":"io.opencui.core.HasMore","slot":"status"},{"frame":"io.opencui.test.Main","slot":"skills"},{"frame":"io.opencui.core.PagedSelectable","slot":"index"}],"status":"OPEN"}
{"query": "6", "frames": [{"type": "WeatherConsult", "slots": [{"value": "\"_context\"", "attribute": "city"}], "packageName": "io.opencui.test"}]}
Executing response  consumed 40 millisecond.
reply = target?
reply = by weather_city_alias, which do you mean: (Beijing_norm), (Shenzhen_norm).
{"type":"SeqAction","payload":[{"type":"SeqAction","payload":[{"type":"DirectlyFillAction","payload":"FILL SLOT for target : io.opencui.core.PagedSelectable, slot : conditionMap"},{"type":"DirectlyFillAction","payload":"FILL SLOT for target : io.opencui.core.PagedSelectable, slot : page"},{"type":"ReinitAction","payload":"REINIT SLOT : target=io.opencui.core.PagedSelectable&slot=index"},{"type":"CleanupAction","payload":"CLEANUP SLOT : target=io.opencui.core.PagedSelectable&slot=index"}]}]}
{"type":"SeqAction","payload":[{"type":"FillAction","payload":"FILL SLOT for target : io.opencui.test.Main, slot : skills"}]}
{"type":"FillAction","payload":"FILL SLOT value is null for target : io.opencui.core.PagedSelectable, slot : index"}
{"type":"SlotAskAction","payload":"target?\nby weather_city_alias, which do you mean: (Beijing_norm), (Shenzhen_norm)."}
{"activeFrames":[{"frame":"io.opencui.core.ValueClarification$io.opencui.test.City","slot":"target"},{"frame":"io.opencui.core.PagedSelectable","slot":"index"}],"status":"OPEN"}
{"query": "7", "frames": [{"type": "ValueClarification", "slots": [{"value" : "\"Shenzhen\"", "attribute" : "target"}], "packageName": "io.opencui.test"}]}
Executing response  consumed 32 millisecond.
reply = Hi, city = Shenzhen weather = sunny
reply = What else can I do for you? (Main)
reply = We have following 2 choices: (internal alias), (internal alias).
{"type":"SeqAction","payload":[{"type":"SeqAction","payload":[{"type":"DirectlyFillAction","payload":"FILL SLOT for target : io.opencui.core.PagedSelectable, slot : conditionMap"},{"type":"DirectlyFillAction","payload":"FILL SLOT for target : io.opencui.core.PagedSelectable, slot : page"},{"type":"ReinitAction","payload":"REINIT SLOT : target=io.opencui.core.PagedSelectable&slot=index"},{"type":"CleanupAction","payload":"CLEANUP SLOT : target=io.opencui.core.PagedSelectable&slot=index"}]}]}
{"type":"FillAction","payload":"FILL SLOT for target : io.opencui.core.PagedSelectable, slot : index"}
{"type":"SeqAction","payload":[{"type":"FillAction","payload":"FILL SLOT for target : io.opencui.core.ValueClarification, slot : target"}]}
{"type":"FillAction","payload":"FILL SLOT for target : io.opencui.test.WeatherConsult, slot : city"}
{"type":"WeatherConsult_0","payload":"Hi, city = Shenzhen weather = sunny"}
{"type":"FillAction","payload":"FILL SLOT value is null for target : io.opencui.core.PagedSelectable, slot : index"}
{"type":"SlotAskAction","payload":"What else can I do for you? (Main)\nWe have following 2 choices: (internal alias), (internal alias)."}
{"activeFrames":[{"frame":"io.opencui.core.HasMore","slot":"status"},{"frame":"io.opencui.test.Main","slot":"skills"},{"frame":"io.opencui.core.PagedSelectable","slot":"index"}],"status":"OPEN"}
drop table if exists mobile

                    CREATE TABLE mobile (
                    id INT PRIMARY KEY,
                    cellphone VARCHAR(255),
                    amount double DEFAULT NULL)
                     AS SELECT * FROM CSVREAD('classpath:/test/mobile.csv', null, 'lineComment=#')
drop table if exists cellphone

                    CREATE TABLE cellphone (
                    id INT PRIMARY KEY,
                    cellphoneMapping VARCHAR(255),
                    nameMapping VARCHAR(255))
                     AS SELECT * FROM CSVREAD('file:/home/sean/newworld/runtime/core/build/resources/test/test/cellphone.csv', null, 'lineComment=#')
drop table if exists flight

                    CREATE TABLE flight (
                    id INT PRIMARY KEY,
                    origin VARCHAR(255),
                    destination VARCHAR(255),
                    flight VARCHAR(255))
                     AS SELECT * FROM CSVREAD('classpath:/test/flight.csv', null, 'lineComment=#')
drop table if exists booked_flight
CREATE TABLE booked_flight (
 id INT PRIMARY KEY AUTO_INCREMENT,
 flight VARCHAR(255),
 user VARCHAR(255))
drop table if exists hotel

                    CREATE TABLE hotel (
                    id INT PRIMARY KEY,
                    city VARCHAR(255),
                    hotel VARCHAR(255))
                     AS SELECT * FROM CSVREAD('classpath:/test/hotel.csv', null, 'lineComment=#')
drop table if exists booked_hotel
CREATE TABLE booked_hotel (
 id INT PRIMARY KEY,
 hotel VARCHAR(255),
 user VARCHAR(255))
drop table if exists hotel_address
CREATE TABLE hotel_address (
 id INT PRIMARY KEY,
 hotel VARCHAR(255),
 address VARCHAR(255)) AS SELECT * FROM CSVREAD('classpath:/test/hotel_address.csv', null, 'lineComment=#')
drop table if exists intents

                CREATE TABLE intents (
                id INT PRIMARY KEY,
                node_state VARCHAR(255),
                "@class" VARCHAR(255), 
                current_node NVARCHAR(255) NULL)
                 AS SELECT * FROM CSVREAD('classpath:/test/intents.csv', null, 'lineComment=#')
drop table if exists dish

                CREATE TABLE dish (
                id INT PRIMARY KEY,
                dish VARCHAR(255))
                 AS SELECT * FROM CSVREAD('classpath:/test/dish.csv', null, 'lineComment=#')
{"query": "1", "frames": [{"type": "EarlyTerminationIntent", "slots": [], "packageName": "io.opencui.test"}]}
Executing response  consumed 3 millisecond.
reply = a?
{"type":"SlotAskAction","payload":"a?"}
{"activeFrames":[{"frame":"io.opencui.test.EarlyTerminationFrame","slot":"a"}],"status":"OPEN"}
{"query": "2", "frames": [{"type": "EarlyTerminationFrame", "slots": [{"value" : "\"aaa\"", "attribute" : "a"}], "packageName": "io.opencui.test"}]}
Executing response  consumed 1 millisecond.
reply = we don't have choices that meet your requirements, intent terminated
{"type":"SeqAction","payload":[{"type":"MarkFillerDone","payload":"end filler for: EarlyTerminationIntent"},{"type":"TextOutputAction","payload":"we don't have choices that meet your requirements, intent terminated"}]}
null
drop table if exists mobile

                    CREATE TABLE mobile (
                    id INT PRIMARY KEY,
                    cellphone VARCHAR(255),
                    amount double DEFAULT NULL)
                     AS SELECT * FROM CSVREAD('classpath:/test/mobile.csv', null, 'lineComment=#')
drop table if exists cellphone

                    CREATE TABLE cellphone (
                    id INT PRIMARY KEY,
                    cellphoneMapping VARCHAR(255),
                    nameMapping VARCHAR(255))
                     AS SELECT * FROM CSVREAD('file:/home/sean/newworld/runtime/core/build/resources/test/test/cellphone.csv', null, 'lineComment=#')
drop table if exists flight

                    CREATE TABLE flight (
                    id INT PRIMARY KEY,
                    origin VARCHAR(255),
                    destination VARCHAR(255),
                    flight VARCHAR(255))
                     AS SELECT * FROM CSVREAD('classpath:/test/flight.csv', null, 'lineComment=#')
drop table if exists booked_flight
CREATE TABLE booked_flight (
 id INT PRIMARY KEY AUTO_INCREMENT,
 flight VARCHAR(255),
 user VARCHAR(255))
drop table if exists hotel

                    CREATE TABLE hotel (
                    id INT PRIMARY KEY,
                    city VARCHAR(255),
                    hotel VARCHAR(255))
                     AS SELECT * FROM CSVREAD('classpath:/test/hotel.csv', null, 'lineComment=#')
drop table if exists booked_hotel
CREATE TABLE booked_hotel (
 id INT PRIMARY KEY,
 hotel VARCHAR(255),
 user VARCHAR(255))
drop table if exists hotel_address
CREATE TABLE hotel_address (
 id INT PRIMARY KEY,
 hotel VARCHAR(255),
 address VARCHAR(255)) AS SELECT * FROM CSVREAD('classpath:/test/hotel_address.csv', null, 'lineComment=#')
drop table if exists intents

                CREATE TABLE intents (
                id INT PRIMARY KEY,
                node_state VARCHAR(255),
                "@class" VARCHAR(255), 
                current_node NVARCHAR(255) NULL)
                 AS SELECT * FROM CSVREAD('classpath:/test/intents.csv', null, 'lineComment=#')
drop table if exists dish

                CREATE TABLE dish (
                id INT PRIMARY KEY,
                dish VARCHAR(255))
                 AS SELECT * FROM CSVREAD('classpath:/test/dish.csv', null, 'lineComment=#')
{"query": "1", "frames": [{"type": "IDonotGetIt", "packageName": "io.opencui.core", "slots": []}]}
Executing response  consumed 2 millisecond.
reply = I did not get that.
{"type":"TextOutputAction","payload":"I did not get that."}
null
drop table if exists mobile

                    CREATE TABLE mobile (
                    id INT PRIMARY KEY,
                    cellphone VARCHAR(255),
                    amount double DEFAULT NULL)
                     AS SELECT * FROM CSVREAD('classpath:/test/mobile.csv', null, 'lineComment=#')
drop table if exists cellphone

                    CREATE TABLE cellphone (
                    id INT PRIMARY KEY,
                    cellphoneMapping VARCHAR(255),
                    nameMapping VARCHAR(255))
                     AS SELECT * FROM CSVREAD('file:/home/sean/newworld/runtime/core/build/resources/test/test/cellphone.csv', null, 'lineComment=#')
drop table if exists flight

                    CREATE TABLE flight (
                    id INT PRIMARY KEY,
                    origin VARCHAR(255),
                    destination VARCHAR(255),
                    flight VARCHAR(255))
                     AS SELECT * FROM CSVREAD('classpath:/test/flight.csv', null, 'lineComment=#')
drop table if exists booked_flight
CREATE TABLE booked_flight (
 id INT PRIMARY KEY AUTO_INCREMENT,
 flight VARCHAR(255),
 user VARCHAR(255))
drop table if exists hotel

                    CREATE TABLE hotel (
                    id INT PRIMARY KEY,
                    city VARCHAR(255),
                    hotel VARCHAR(255))
                     AS SELECT * FROM CSVREAD('classpath:/test/hotel.csv', null, 'lineComment=#')
drop table if exists booked_hotel
CREATE TABLE booked_hotel (
 id INT PRIMARY KEY,
 hotel VARCHAR(255),
 user VARCHAR(255))
drop table if exists hotel_address
CREATE TABLE hotel_address (
 id INT PRIMARY KEY,
 hotel VARCHAR(255),
 address VARCHAR(255)) AS SELECT * FROM CSVREAD('classpath:/test/hotel_address.csv', null, 'lineComment=#')
drop table if exists intents

                CREATE TABLE intents (
                id INT PRIMARY KEY,
                node_state VARCHAR(255),
                "@class" VARCHAR(255), 
                current_node NVARCHAR(255) NULL)
                 AS SELECT * FROM CSVREAD('classpath:/test/intents.csv', null, 'lineComment=#')
drop table if exists dish

                CREATE TABLE dish (
                id INT PRIMARY KEY,
                dish VARCHAR(255))
                 AS SELECT * FROM CSVREAD('classpath:/test/dish.csv', null, 'lineComment=#')
{"query": "1", "frames": [{"type": "ValueRecInteractionIntent", "slots": [{"value" : "2", "attribute" : "a"}]}]}
Executing response  consumed 1 millisecond.
reply = We have following 3 choices: (1; true), (2; true), (3; true).
{"type":"FillAction","payload":"FILL SLOT value is null for target : io.opencui.core.PagedSelectable, slot : index"}
{"type":"SlotAskAction","payload":"We have following 3 choices: (1; true), (2; true), (3; true)."}
{"activeFrames":[{"frame":"io.opencui.test.ValueRecInteractionFrame"},{"frame":"io.opencui.core.PagedSelectable","slot":"index"}],"status":"OPEN"}
{"query": "2", "frames": [{"type": "PagedSelectable", "slots": [{"value" : "\"3\"", "attribute" : "index"}]}]}
Executing response  consumed 2 millisecond.
reply = Hi, a=2; b=3; c=true
{"type":"SeqAction","payload":[{"type":"FillAction","payload":"FILL SLOT for target : io.opencui.test.ValueRecInteractionFrame, slot : "}]}
{"type":"ValueRecInteractionIntent_0","payload":"Hi, a=2; b=3; c=true"}
null
{"query": "3", "frames": [{"type": "ValueRecInteractionIntent", "slots": [{"value" : "0", "attribute" : "a"}]}]}
Executing response  consumed 1 millisecond.
reply = b?
{"type":"SlotAskAction","payload":"b?"}
{"activeFrames":[{"frame":"io.opencui.test.ValueRecInteractionFrame","slot":"b"}],"status":"OPEN"}
{"query": "4", "frames": [{"type": "ValueRecInteractionIntent", "slots": [{"value" : "1", "attribute" : "a"}]}]}
Executing response  consumed 1 millisecond.
reply = We have following 1 choices: (1; true).
{"type":"FillAction","payload":"FILL SLOT value is null for target : io.opencui.core.PagedSelectable, slot : index"}
{"type":"SlotAskAction","payload":"We have following 1 choices: (1; true)."}
{"activeFrames":[{"frame":"io.opencui.test.ValueRecInteractionFrame"},{"frame":"io.opencui.core.PagedSelectable","slot":"index"}],"status":"OPEN"}
{"query": "5", "frames": [{"type": "ValueRecInteractionFrame", "slots": [{"value" : "1", "attribute" : "b"}], "packageName": "io.opencui.test"}]}
Executing response  consumed 2 millisecond.
reply = Hi, a=1; b=1; c=true
{"type":"SeqAction","payload":[{"type":"SeqAction","payload":[{"type":"DirectlyFillAction","payload":"FILL SLOT for target : io.opencui.core.PagedSelectable, slot : conditionMap"},{"type":"DirectlyFillAction","payload":"FILL SLOT for target : io.opencui.core.PagedSelectable, slot : page"},{"type":"ReinitAction","payload":"REINIT SLOT : target=io.opencui.core.PagedSelectable&slot=index"},{"type":"CleanupAction","payload":"CLEANUP SLOT : target=io.opencui.core.PagedSelectable&slot=index"}]}]}
{"type":"FillAction","payload":"FILL SLOT for target : io.opencui.core.PagedSelectable, slot : index"}
{"type":"SeqAction","payload":[{"type":"FillAction","payload":"FILL SLOT for target : io.opencui.test.ValueRecInteractionFrame, slot : "}]}
{"type":"ValueRecInteractionIntent_0","payload":"Hi, a=1; b=1; c=true"}
null
drop table if exists mobile

                    CREATE TABLE mobile (
                    id INT PRIMARY KEY,
                    cellphone VARCHAR(255),
                    amount double DEFAULT NULL)
                     AS SELECT * FROM CSVREAD('classpath:/test/mobile.csv', null, 'lineComment=#')
drop table if exists cellphone

                    CREATE TABLE cellphone (
                    id INT PRIMARY KEY,
                    cellphoneMapping VARCHAR(255),
                    nameMapping VARCHAR(255))
                     AS SELECT * FROM CSVREAD('file:/home/sean/newworld/runtime/core/build/resources/test/test/cellphone.csv', null, 'lineComment=#')
drop table if exists flight

                    CREATE TABLE flight (
                    id INT PRIMARY KEY,
                    origin VARCHAR(255),
                    destination VARCHAR(255),
                    flight VARCHAR(255))
                     AS SELECT * FROM CSVREAD('classpath:/test/flight.csv', null, 'lineComment=#')
drop table if exists booked_flight
CREATE TABLE booked_flight (
 id INT PRIMARY KEY AUTO_INCREMENT,
 flight VARCHAR(255),
 user VARCHAR(255))
drop table if exists hotel

                    CREATE TABLE hotel (
                    id INT PRIMARY KEY,
                    city VARCHAR(255),
                    hotel VARCHAR(255))
                     AS SELECT * FROM CSVREAD('classpath:/test/hotel.csv', null, 'lineComment=#')
drop table if exists booked_hotel
CREATE TABLE booked_hotel (
 id INT PRIMARY KEY,
 hotel VARCHAR(255),
 user VARCHAR(255))
drop table if exists hotel_address
CREATE TABLE hotel_address (
 id INT PRIMARY KEY,
 hotel VARCHAR(255),
 address VARCHAR(255)) AS SELECT * FROM CSVREAD('classpath:/test/hotel_address.csv', null, 'lineComment=#')
drop table if exists intents

                CREATE TABLE intents (
                id INT PRIMARY KEY,
                node_state VARCHAR(255),
                "@class" VARCHAR(255), 
                current_node NVARCHAR(255) NULL)
                 AS SELECT * FROM CSVREAD('classpath:/test/intents.csv', null, 'lineComment=#')
drop table if exists dish

                CREATE TABLE dish (
                id INT PRIMARY KEY,
                dish VARCHAR(255))
                 AS SELECT * FROM CSVREAD('classpath:/test/dish.csv', null, 'lineComment=#')
{"query": "1", "frames": [{"type": "IntentNeedConfirm", "slots": []}]}
Executing response  consumed 2 millisecond.
reply = intVar?
{"type":"SlotAskAction","payload":"intVar?"}
{"activeFrames":[{"frame":"io.opencui.test.IntentNeedConfirm","slot":"intVar"}],"status":"OPEN"}
{"query": "2", "frames": [{"type": "IntentNeedConfirm", "slots": [{"value": "4", "attribute": "intVar"}, {"value": "true", "attribute": "boolVar"}, {"value": "\"str\"", "attribute": "stringVal"}]}]}
Executing response  consumed 2 millisecond.
reply = r u sure of bool value true
{"type":"SlotAskAction","payload":"r u sure of bool value true"}
{"activeFrames":[{"frame":"io.opencui.core.Confirmation","slot":"status"},{"frame":"io.opencui.test.IntentNeedConfirm","slot":"boolVar"}],"status":"OPEN"}
{"query": "3", "frames": [{"type": "Yes", "slots": []}]}
Executing response  consumed 3 millisecond.
reply = r u sure of the frame values 4 true str
{"type":"SlotAskAction","payload":"r u sure of the frame values 4 true str"}
{"activeFrames":[{"frame":"io.opencui.core.Confirmation","slot":"status"},{"frame":"io.opencui.test.IntentNeedConfirm"}],"status":"OPEN"}
{"query": "4", "frames": [{"type": "No", "slots": []}]}
Executing response  consumed 1 millisecond.
reply = intVar?
{"type":"SeqAction","payload":[{"type":"CleanupAction","payload":"CLEANUP SLOT : target=io.opencui.test.IntentNeedConfirm&slot="},{"type":"RefocusAction","payload":""}]}
{"type":"SlotAskAction","payload":"intVar?"}
{"activeFrames":[{"frame":"io.opencui.test.IntentNeedConfirm","slot":"intVar"}],"status":"OPEN"}
{"query": "5", "frames": [{"type": "IntentNeedConfirm", "slots": [{"value": "4", "attribute": "intVar"}, {"value": "true", "attribute": "boolVar"}, {"value": "\"str\"", "attribute": "stringVal"}]}]}
Executing response  consumed 0 millisecond.
reply = r u sure of bool value true
{"type":"SlotAskAction","payload":"r u sure of bool value true"}
{"activeFrames":[{"frame":"io.opencui.core.Confirmation","slot":"status"},{"frame":"io.opencui.test.IntentNeedConfirm","slot":"boolVar"}],"status":"OPEN"}
{"query": "6", "frames": [{"type": "Yes", "slots": []}]}
Executing response  consumed 1 millisecond.
reply = r u sure of the frame values 4 true str
{"type":"SlotAskAction","payload":"r u sure of the frame values 4 true str"}
{"activeFrames":[{"frame":"io.opencui.core.Confirmation","slot":"status"},{"frame":"io.opencui.test.IntentNeedConfirm"}],"status":"OPEN"}
{"query": "7", "frames": [{"type": "Yes", "slots": []}]}
Executing response  consumed 1 millisecond.
reply = intVal is 4
{"type":"IntentNeedConfirm_0","payload":"intVal is 4"}
null
drop table if exists mobile

                    CREATE TABLE mobile (
                    id INT PRIMARY KEY,
                    cellphone VARCHAR(255),
                    amount double DEFAULT NULL)
                     AS SELECT * FROM CSVREAD('classpath:/test/mobile.csv', null, 'lineComment=#')
drop table if exists cellphone

                    CREATE TABLE cellphone (
                    id INT PRIMARY KEY,
                    cellphoneMapping VARCHAR(255),
                    nameMapping VARCHAR(255))
                     AS SELECT * FROM CSVREAD('file:/home/sean/newworld/runtime/core/build/resources/test/test/cellphone.csv', null, 'lineComment=#')
drop table if exists flight

                    CREATE TABLE flight (
                    id INT PRIMARY KEY,
                    origin VARCHAR(255),
                    destination VARCHAR(255),
                    flight VARCHAR(255))
                     AS SELECT * FROM CSVREAD('classpath:/test/flight.csv', null, 'lineComment=#')
drop table if exists booked_flight
CREATE TABLE booked_flight (
 id INT PRIMARY KEY AUTO_INCREMENT,
 flight VARCHAR(255),
 user VARCHAR(255))
drop table if exists hotel

                    CREATE TABLE hotel (
                    id INT PRIMARY KEY,
                    city VARCHAR(255),
                    hotel VARCHAR(255))
                     AS SELECT * FROM CSVREAD('classpath:/test/hotel.csv', null, 'lineComment=#')
drop table if exists booked_hotel
CREATE TABLE booked_hotel (
 id INT PRIMARY KEY,
 hotel VARCHAR(255),
 user VARCHAR(255))
drop table if exists hotel_address
CREATE TABLE hotel_address (
 id INT PRIMARY KEY,
 hotel VARCHAR(255),
 address VARCHAR(255)) AS SELECT * FROM CSVREAD('classpath:/test/hotel_address.csv', null, 'lineComment=#')
drop table if exists intents

                CREATE TABLE intents (
                id INT PRIMARY KEY,
                node_state VARCHAR(255),
                "@class" VARCHAR(255), 
                current_node NVARCHAR(255) NULL)
                 AS SELECT * FROM CSVREAD('classpath:/test/intents.csv', null, 'lineComment=#')
drop table if exists dish

                CREATE TABLE dish (
                id INT PRIMARY KEY,
                dish VARCHAR(255))
                 AS SELECT * FROM CSVREAD('classpath:/test/dish.csv', null, 'lineComment=#')
{"query": "1", "frames": [{"type": "FirstLevelQuestion", "slots": [{"value": "true", "attribute": "need_hotel"}]}]}
Executing response  consumed 11 millisecond.
reply = When to checkin?
{"type":"IntentAction","payload":"INTENT ACTION : io.opencui.test.BookHotel"}
{"type":"SlotAskAction","payload":"When to checkin?"}
{"activeFrames":[{"frame":"io.opencui.test.BookHotel","slot":"checkin_date"}],"status":"OPEN"}
{"query": "2", "frames": [{"type": "BookHotel", "slots": [{"value": "\"20200301\"", "attribute": "checkin_date"}, {"value" : "\"20200305\"", "attribute" : "checkout_date"}, {"value" : "\"holder\"", "attribute" : "placeHolder"}]}, {"type": "Hotel", "slots": [{"value" : "\"Seattle\"", "attribute" : "city"}, {"value": "\"Seattle A Hotel\"", "attribute": "hotel"}]}]}
io.opencui.test.IVacationService:default:{password=, conn=io.opencui.provider.SqlConnection, user=, url=jdbc:h2:./h2db/vacation;DATABASE_TO_UPPER=FALSE}
io.opencui.test.IVacationService:default:{password=, conn=io.opencui.provider.SqlConnection, user=, url=jdbc:h2:./h2db/vacation;DATABASE_TO_UPPER=FALSE}
Executing response  consumed 4 millisecond.
reply = Are u sure of the hotel booking? hotel Seattle A Hotel
{"type":"SlotAskAction","payload":"Are u sure of the hotel booking? hotel Seattle A Hotel"}
{"activeFrames":[{"frame":"io.opencui.core.Confirmation","slot":"status"},{"frame":"io.opencui.test.BookHotel"}],"status":"OPEN"}
{"query": "3", "frames": [{"type": "Yes", "slots": []}]}
Executing response  consumed 1 millisecond.
reply = Hotel Seattle A Hotel has been successfully booked for you, checkin date is 20200301
{"type":"BookHotelAction_0","payload":"Hotel Seattle A Hotel has been successfully booked for you, checkin date is 20200301"}
null
drop table if exists mobile

                    CREATE TABLE mobile (
                    id INT PRIMARY KEY,
                    cellphone VARCHAR(255),
                    amount double DEFAULT NULL)
                     AS SELECT * FROM CSVREAD('classpath:/test/mobile.csv', null, 'lineComment=#')
drop table if exists cellphone

                    CREATE TABLE cellphone (
                    id INT PRIMARY KEY,
                    cellphoneMapping VARCHAR(255),
                    nameMapping VARCHAR(255))
                     AS SELECT * FROM CSVREAD('file:/home/sean/newworld/runtime/core/build/resources/test/test/cellphone.csv', null, 'lineComment=#')
drop table if exists flight

                    CREATE TABLE flight (
                    id INT PRIMARY KEY,
                    origin VARCHAR(255),
                    destination VARCHAR(255),
                    flight VARCHAR(255))
                     AS SELECT * FROM CSVREAD('classpath:/test/flight.csv', null, 'lineComment=#')
drop table if exists booked_flight
CREATE TABLE booked_flight (
 id INT PRIMARY KEY AUTO_INCREMENT,
 flight VARCHAR(255),
 user VARCHAR(255))
drop table if exists hotel

                    CREATE TABLE hotel (
                    id INT PRIMARY KEY,
                    city VARCHAR(255),
                    hotel VARCHAR(255))
                     AS SELECT * FROM CSVREAD('classpath:/test/hotel.csv', null, 'lineComment=#')
drop table if exists booked_hotel
CREATE TABLE booked_hotel (
 id INT PRIMARY KEY,
 hotel VARCHAR(255),
 user VARCHAR(255))
drop table if exists hotel_address
CREATE TABLE hotel_address (
 id INT PRIMARY KEY,
 hotel VARCHAR(255),
 address VARCHAR(255)) AS SELECT * FROM CSVREAD('classpath:/test/hotel_address.csv', null, 'lineComment=#')
drop table if exists intents

                CREATE TABLE intents (
                id INT PRIMARY KEY,
                node_state VARCHAR(255),
                "@class" VARCHAR(255), 
                current_node NVARCHAR(255) NULL)
                 AS SELECT * FROM CSVREAD('classpath:/test/intents.csv', null, 'lineComment=#')
drop table if exists dish

                CREATE TABLE dish (
                id INT PRIMARY KEY,
                dish VARCHAR(255))
                 AS SELECT * FROM CSVREAD('classpath:/test/dish.csv', null, 'lineComment=#')
{"query": "1", "frames": [{"type": "BoolGateTestIntent", "slots": []}]}
Executing response  consumed 3 millisecond.
reply = do you need to specify a city?
{"type":"SlotAskAction","payload":"do you need to specify a city?"}
{"activeFrames":[{"frame":"io.opencui.core.BoolGate","slot":"status"},{"frame":"io.opencui.test.BoolGateTestIntent","slot":"city"}],"status":"OPEN"}
{"query": "2", "frames": [{"type": "Yes", "slots": [], "packageName": "io.opencui.core.booleanGate"}]}
Executing response  consumed 2 millisecond.
reply = city?
{"type":"SlotAskAction","payload":"city?"}
{"activeFrames":[{"frame":"io.opencui.test.BoolGateTestIntent","slot":"city"}],"status":"OPEN"}
{"query": "3", "frames": [{"type": "BoolGateTestIntent", "slots": [{"value" : "\"Beijing\"", "attribute" : "city"}]}]}
Executing response  consumed 0 millisecond.
reply = placeHolder?
{"type":"SlotAskAction","payload":"placeHolder?"}
{"activeFrames":[{"frame":"io.opencui.test.BoolGateTestIntent","slot":"placeHolder"}],"status":"OPEN"}
{"query": "4", "frames": [{"type": "BoolGateTestIntent", "slots": [{"value" : "\"Shenzhen\"", "attribute" : "city"}], "packageName": "io.opencui.test"}]}
Executing response  consumed 1 millisecond.
reply = placeHolder?
{"type":"SlotAskAction","payload":"placeHolder?"}
{"activeFrames":[{"frame":"io.opencui.test.BoolGateTestIntent","slot":"placeHolder"}],"status":"OPEN"}
{"query": "5", "frames": [{"type": "BoolGateTestIntent", "slots": [{"value" : "\"placeHolder\"", "attribute" : "placeHolder"}], "packageName": "io.opencui.test"}]}
Executing response  consumed 1 millisecond.
reply = Hi, city = Shenzhen placeHolder = placeHolder
{"type":"BoolGateTestIntent_0","payload":"Hi, city = Shenzhen placeHolder = placeHolder"}
null
{"query": "6", "frames": [{"type": "BoolGateTestIntent", "slots": []}]}
Executing response  consumed 1 millisecond.
reply = do you need to specify a city?
{"type":"SlotAskAction","payload":"do you need to specify a city?"}
{"activeFrames":[{"frame":"io.opencui.core.BoolGate","slot":"status"},{"frame":"io.opencui.test.BoolGateTestIntent","slot":"city"}],"status":"OPEN"}
{"query": "7", "frames": [{"type": "Yes", "slots": [], "packageName": "io.opencui.core.booleanGate"}]}
Executing response  consumed 1 millisecond.
reply = city?
{"type":"SlotAskAction","payload":"city?"}
{"activeFrames":[{"frame":"io.opencui.test.BoolGateTestIntent","slot":"city"}],"status":"OPEN"}
{"query": "8", "frames": [{"type": "BoolGateTestIntent", "slots": [{"value" : "\"placeHolder\"", "attribute" : "placeHolder"}]}]}
Executing response  consumed 0 millisecond.
reply = city?
{"type":"SlotAskAction","payload":"city?"}
{"activeFrames":[{"frame":"io.opencui.test.BoolGateTestIntent","slot":"city"}],"status":"OPEN"}
{"query": "9", "frames": [{"type": "BoolGateTestIntent", "slots": [{"value" : "\"Chengdu\"", "attribute" : "city"}], "packageName": "io.opencui.test"}]}
Executing response  consumed 0 millisecond.
reply = Hi, city = Chengdu placeHolder = placeHolder
{"type":"BoolGateTestIntent_0","payload":"Hi, city = Chengdu placeHolder = placeHolder"}
null
drop table if exists mobile

                    CREATE TABLE mobile (
                    id INT PRIMARY KEY,
                    cellphone VARCHAR(255),
                    amount double DEFAULT NULL)
                     AS SELECT * FROM CSVREAD('classpath:/test/mobile.csv', null, 'lineComment=#')
drop table if exists cellphone

                    CREATE TABLE cellphone (
                    id INT PRIMARY KEY,
                    cellphoneMapping VARCHAR(255),
                    nameMapping VARCHAR(255))
                     AS SELECT * FROM CSVREAD('file:/home/sean/newworld/runtime/core/build/resources/test/test/cellphone.csv', null, 'lineComment=#')
drop table if exists flight

                    CREATE TABLE flight (
                    id INT PRIMARY KEY,
                    origin VARCHAR(255),
                    destination VARCHAR(255),
                    flight VARCHAR(255))
                     AS SELECT * FROM CSVREAD('classpath:/test/flight.csv', null, 'lineComment=#')
drop table if exists booked_flight
CREATE TABLE booked_flight (
 id INT PRIMARY KEY AUTO_INCREMENT,
 flight VARCHAR(255),
 user VARCHAR(255))
drop table if exists hotel

                    CREATE TABLE hotel (
                    id INT PRIMARY KEY,
                    city VARCHAR(255),
                    hotel VARCHAR(255))
                     AS SELECT * FROM CSVREAD('classpath:/test/hotel.csv', null, 'lineComment=#')
drop table if exists booked_hotel
CREATE TABLE booked_hotel (
 id INT PRIMARY KEY,
 hotel VARCHAR(255),
 user VARCHAR(255))
drop table if exists hotel_address
CREATE TABLE hotel_address (
 id INT PRIMARY KEY,
 hotel VARCHAR(255),
 address VARCHAR(255)) AS SELECT * FROM CSVREAD('classpath:/test/hotel_address.csv', null, 'lineComment=#')
drop table if exists intents

                CREATE TABLE intents (
                id INT PRIMARY KEY,
                node_state VARCHAR(255),
                "@class" VARCHAR(255), 
                current_node NVARCHAR(255) NULL)
                 AS SELECT * FROM CSVREAD('classpath:/test/intents.csv', null, 'lineComment=#')
drop table if exists dish

                CREATE TABLE dish (
                id INT PRIMARY KEY,
                dish VARCHAR(255))
                 AS SELECT * FROM CSVREAD('classpath:/test/dish.csv', null, 'lineComment=#')
{"query": "1", "frames": [{"type": "ValueRecheckTestIntent", "slots": [{"value" : "1", "attribute" : "a"}, {"value" : "\"b\"", "attribute" : "b"}], "packageName": "io.opencui.test"}]}
Executing response  consumed 4 millisecond.
reply = c?
{"type":"SlotAskAction","payload":"c?"}
{"activeFrames":[{"frame":"io.opencui.test.ValueRecheckTestIntent","slot":"c"}],"status":"OPEN"}
{"query": "2", "frames": [{"type": "ValueRecheckTestIntent", "slots": [{"value" : "true", "attribute" : "c"}], "packageName": "io.opencui.test"}]}
Executing response  consumed 2 millisecond.
reply = a and c fails
reply = a?
{"type":"SeqAction","payload":[{"type":"TextOutputAction","payload":"a and c fails"},{"type":"CleanupAction","payload":"CLEANUP SLOT : target=io.opencui.test.ValueRecheckTestIntent&slot=a"},{"type":"CleanupAction","payload":"CLEANUP SLOT : target=io.opencui.test.ValueRecheckTestIntent&slot=c"},{"type":"RecheckAction","payload":"RECHECK SLOT : target=io.opencui.test.ValueRecheckTestIntent&slot=b"},{"type":"RefocusAction","payload":""}]}
{"type":"SlotAskAction","payload":"a?"}
{"activeFrames":[{"frame":"io.opencui.test.ValueRecheckTestIntent","slot":"a"}],"status":"OPEN"}
{"query": "3", "frames": [{"type": "ValueRecheckTestIntent", "slots": [{"value" : "2", "attribute" : "a"}], "packageName": "io.opencui.test"}]}
Executing response  consumed 1 millisecond.
reply = b fails
reply = b?
{"type":"SeqAction","payload":[{"type":"TextOutputAction","payload":"b fails"},{"type":"CleanupAction","payload":"CLEANUP SLOT : target=io.opencui.test.ValueRecheckTestIntent&slot=b"}]}
{"type":"SlotAskAction","payload":"b?"}
{"activeFrames":[{"frame":"io.opencui.test.ValueRecheckTestIntent","slot":"b"}],"status":"OPEN"}
{"query": "4", "frames": [{"type": "ValueRecheckTestIntent", "slots": [{"value" : "\"a\"", "attribute" : "b"}], "packageName": "io.opencui.test"}]}
Executing response  consumed 1 millisecond.
reply = c?
{"type":"SlotAskAction","payload":"c?"}
{"activeFrames":[{"frame":"io.opencui.test.ValueRecheckTestIntent","slot":"c"}],"status":"OPEN"}
{"query": "5", "frames": [{"type": "ValueRecheckTestIntent", "slots": [{"value" : "true", "attribute" : "c"}], "packageName": "io.opencui.test"}]}
Executing response  consumed 0 millisecond.
reply = d?
{"type":"SlotAskAction","payload":"d?"}
{"activeFrames":[{"frame":"io.opencui.test.ValueRecheckTestIntent","slot":"d"}],"status":"OPEN"}
{"query": "6", "frames": [{"type": "ValueRecheckTestIntent", "slots": [{"value" : "\"d\"", "attribute" : "d"}], "packageName": "io.opencui.test"}]}
Executing response  consumed 1 millisecond.
reply = Hi, value check test response a = 2 b = a c = true
{"type":"ValueRecheckTestIntent_0","payload":"Hi, value check test response a = 2 b = a c = true"}
null
drop table if exists mobile

                    CREATE TABLE mobile (
                    id INT PRIMARY KEY,
                    cellphone VARCHAR(255),
                    amount double DEFAULT NULL)
                     AS SELECT * FROM CSVREAD('classpath:/test/mobile.csv', null, 'lineComment=#')
drop table if exists cellphone

                    CREATE TABLE cellphone (
                    id INT PRIMARY KEY,
                    cellphoneMapping VARCHAR(255),
                    nameMapping VARCHAR(255))
                     AS SELECT * FROM CSVREAD('file:/home/sean/newworld/runtime/core/build/resources/test/test/cellphone.csv', null, 'lineComment=#')
drop table if exists flight

                    CREATE TABLE flight (
                    id INT PRIMARY KEY,
                    origin VARCHAR(255),
                    destination VARCHAR(255),
                    flight VARCHAR(255))
                     AS SELECT * FROM CSVREAD('classpath:/test/flight.csv', null, 'lineComment=#')
drop table if exists booked_flight
CREATE TABLE booked_flight (
 id INT PRIMARY KEY AUTO_INCREMENT,
 flight VARCHAR(255),
 user VARCHAR(255))
drop table if exists hotel

                    CREATE TABLE hotel (
                    id INT PRIMARY KEY,
                    city VARCHAR(255),
                    hotel VARCHAR(255))
                     AS SELECT * FROM CSVREAD('classpath:/test/hotel.csv', null, 'lineComment=#')
drop table if exists booked_hotel
CREATE TABLE booked_hotel (
 id INT PRIMARY KEY,
 hotel VARCHAR(255),
 user VARCHAR(255))
drop table if exists hotel_address
CREATE TABLE hotel_address (
 id INT PRIMARY KEY,
 hotel VARCHAR(255),
 address VARCHAR(255)) AS SELECT * FROM CSVREAD('classpath:/test/hotel_address.csv', null, 'lineComment=#')
drop table if exists intents

                CREATE TABLE intents (
                id INT PRIMARY KEY,
                node_state VARCHAR(255),
                "@class" VARCHAR(255), 
                current_node NVARCHAR(255) NULL)
                 AS SELECT * FROM CSVREAD('classpath:/test/intents.csv', null, 'lineComment=#')
drop table if exists dish

                CREATE TABLE dish (
                id INT PRIMARY KEY,
                dish VARCHAR(255))
                 AS SELECT * FROM CSVREAD('classpath:/test/dish.csv', null, 'lineComment=#')
{"query": "1", "frames": [{"type": "ExternalEventContainerIntent", "slots": [], "packageName": "io.opencui.test"}]}
Executing response  consumed 4 millisecond.
reply = we are waiting for callback...
{"type":"SlotAskAction","payload":"we are waiting for callback..."}
null
{"query": "2", "frames": [{"type": "ExternalEventIntent", "slots": [{"value" : "\"aaa\"", "attribute" : "s"}], "packageName": "io.opencui.test"}]}
Executing response  consumed 2 millisecond.
reply = s=aaa
reply = implicitly confirm this intent.s=aaa
reply = we are waiting for callback for async result...
{"type":"TextOutputAction","payload":"s=aaa"}
{"type":"TextOutputAction","payload":"implicitly confirm this intent.s=aaa"}
{"type":"SlotAskAction","payload":"we are waiting for callback for async result..."}
null
{"query": "3", "frames": [{"type": "ExternalEventIntent", "slots": [{"value" : "\"bbb\"", "attribute" : "s"}], "packageName": "io.opencui.test"}]}
Executing response  consumed 1 millisecond.
reply = s=bbb
reply = intent=aaa; result=bbb
{"type":"TextOutputAction","payload":"s=bbb"}
{"type":"TextOutputAction","payload":"intent=aaa; result=bbb"}
null
drop table if exists mobile

                    CREATE TABLE mobile (
                    id INT PRIMARY KEY,
                    cellphone VARCHAR(255),
                    amount double DEFAULT NULL)
                     AS SELECT * FROM CSVREAD('classpath:/test/mobile.csv', null, 'lineComment=#')
drop table if exists cellphone

                    CREATE TABLE cellphone (
                    id INT PRIMARY KEY,
                    cellphoneMapping VARCHAR(255),
                    nameMapping VARCHAR(255))
                     AS SELECT * FROM CSVREAD('file:/home/sean/newworld/runtime/core/build/resources/test/test/cellphone.csv', null, 'lineComment=#')
drop table if exists flight

                    CREATE TABLE flight (
                    id INT PRIMARY KEY,
                    origin VARCHAR(255),
                    destination VARCHAR(255),
                    flight VARCHAR(255))
                     AS SELECT * FROM CSVREAD('classpath:/test/flight.csv', null, 'lineComment=#')
drop table if exists booked_flight
CREATE TABLE booked_flight (
 id INT PRIMARY KEY AUTO_INCREMENT,
 flight VARCHAR(255),
 user VARCHAR(255))
drop table if exists hotel

                    CREATE TABLE hotel (
                    id INT PRIMARY KEY,
                    city VARCHAR(255),
                    hotel VARCHAR(255))
                     AS SELECT * FROM CSVREAD('classpath:/test/hotel.csv', null, 'lineComment=#')
drop table if exists booked_hotel
CREATE TABLE booked_hotel (
 id INT PRIMARY KEY,
 hotel VARCHAR(255),
 user VARCHAR(255))
drop table if exists hotel_address
CREATE TABLE hotel_address (
 id INT PRIMARY KEY,
 hotel VARCHAR(255),
 address VARCHAR(255)) AS SELECT * FROM CSVREAD('classpath:/test/hotel_address.csv', null, 'lineComment=#')
drop table if exists intents

                CREATE TABLE intents (
                id INT PRIMARY KEY,
                node_state VARCHAR(255),
                "@class" VARCHAR(255), 
                current_node NVARCHAR(255) NULL)
                 AS SELECT * FROM CSVREAD('classpath:/test/intents.csv', null, 'lineComment=#')
drop table if exists dish

                CREATE TABLE dish (
                id INT PRIMARY KEY,
                dish VARCHAR(255))
                 AS SELECT * FROM CSVREAD('classpath:/test/dish.csv', null, 'lineComment=#')
{"query": "1", "frames": [{"type": "DirectlyFillMultiValueSlotTest", "slots": [], "packageName": "io.opencui.test"}]}
Executing response  consumed 2 millisecond.
reply = payMethod?
{"type":"SlotAskAction","payload":"payMethod?"}
{"activeFrames":[{"frame":"io.opencui.core.HasMore","slot":"status"},{"frame":"io.opencui.test.DirectlyFillMultiValueSlotTest","slot":"payMethodList"}],"status":"OPEN"}
{"query": "2", "frames": [{"type": "DirectlyFillMultiValueSlotTest", "slots": [{"value" : "\"visa\"", "attribute" : "payMethodList"}], "packageName": "io.opencui.test"}]}
Executing response  consumed 4 millisecond.
reply = anything else?
{"type":"SlotAskAction","payload":"anything else?"}
{"activeFrames":[{"frame":"io.opencui.core.HasMore","slot":"status"},{"frame":"io.opencui.test.DirectlyFillMultiValueSlotTest","slot":"payMethodList"}],"status":"OPEN"}
{"query": "3", "frames": [{"type": "DirectlyFillMultiValueSlotTest", "slots": [{"value" : "\"mastercard\"", "attribute" : "payMethodList"}], "packageName": "io.opencui.test"}]}
Executing response  consumed 1 millisecond.
reply = anything else?
{"type":"SlotAskAction","payload":"anything else?"}
{"activeFrames":[{"frame":"io.opencui.core.HasMore","slot":"status"},{"frame":"io.opencui.test.DirectlyFillMultiValueSlotTest","slot":"payMethodList"}],"status":"OPEN"}
{"query": "4", "frames": [{"type": "No", "slots": [], "packageName": "io.opencui.core.hasMore"}]}
Executing response  consumed 2 millisecond.
reply = s?
{"type":"SlotAskAction","payload":"s?"}
{"activeFrames":[{"frame":"io.opencui.test.DirectlyFillMultiValueSlotTest","slot":"s"}],"status":"OPEN"}
{"query": "5", "frames": [{"type": "DirectlyFillMultiValueSlotTest", "slots": [{"value" : "\"aaa\"", "attribute" : "s"}], "packageName": "io.opencui.test"}]}
Executing response  consumed 1 millisecond.
reply = Hi, value recommendation test response s = aaa payMethodListCopy : visa, mastercard
{"type":"SeqAction","payload":[{"type":"DirectlyFillAction","payload":"FILL SLOT for target : io.opencui.test.DirectlyFillMultiValueSlotTest, slot : payMethodListCopy"}]}
{"type":"DirectlyFillMultiValueSlotTest_0","payload":"Hi, value recommendation test response s = aaa payMethodListCopy : visa, mastercard"}
null
drop table if exists mobile

                    CREATE TABLE mobile (
                    id INT PRIMARY KEY,
                    cellphone VARCHAR(255),
                    amount double DEFAULT NULL)
                     AS SELECT * FROM CSVREAD('classpath:/test/mobile.csv', null, 'lineComment=#')
drop table if exists cellphone

                    CREATE TABLE cellphone (
                    id INT PRIMARY KEY,
                    cellphoneMapping VARCHAR(255),
                    nameMapping VARCHAR(255))
                     AS SELECT * FROM CSVREAD('file:/home/sean/newworld/runtime/core/build/resources/test/test/cellphone.csv', null, 'lineComment=#')
drop table if exists flight

                    CREATE TABLE flight (
                    id INT PRIMARY KEY,
                    origin VARCHAR(255),
                    destination VARCHAR(255),
                    flight VARCHAR(255))
                     AS SELECT * FROM CSVREAD('classpath:/test/flight.csv', null, 'lineComment=#')
drop table if exists booked_flight
CREATE TABLE booked_flight (
 id INT PRIMARY KEY AUTO_INCREMENT,
 flight VARCHAR(255),
 user VARCHAR(255))
drop table if exists hotel

                    CREATE TABLE hotel (
                    id INT PRIMARY KEY,
                    city VARCHAR(255),
                    hotel VARCHAR(255))
                     AS SELECT * FROM CSVREAD('classpath:/test/hotel.csv', null, 'lineComment=#')
drop table if exists booked_hotel
CREATE TABLE booked_hotel (
 id INT PRIMARY KEY,
 hotel VARCHAR(255),
 user VARCHAR(255))
drop table if exists hotel_address
CREATE TABLE hotel_address (
 id INT PRIMARY KEY,
 hotel VARCHAR(255),
 address VARCHAR(255)) AS SELECT * FROM CSVREAD('classpath:/test/hotel_address.csv', null, 'lineComment=#')
drop table if exists intents

                CREATE TABLE intents (
                id INT PRIMARY KEY,
                node_state VARCHAR(255),
                "@class" VARCHAR(255), 
                current_node NVARCHAR(255) NULL)
                 AS SELECT * FROM CSVREAD('classpath:/test/intents.csv', null, 'lineComment=#')
drop table if exists dish

                CREATE TABLE dish (
                id INT PRIMARY KEY,
                dish VARCHAR(255))
                 AS SELECT * FROM CSVREAD('classpath:/test/dish.csv', null, 'lineComment=#')
{"query": "1", "frames": [{"type": "ZepTestIntent", "slots": []}]}
Executing response  consumed 4 millisecond.
reply = citySoft?
{"type":"SlotAskAction","payload":"citySoft?"}
{"activeFrames":[{"frame":"io.opencui.test.ZepTestIntent","slot":"citySoft"}],"status":"OPEN"}
{"query": "2", "frames": [{"type": "ZepTestIntent", "slots": [{"value" : "\"Shanghai\"", "attribute" : "citySoft"}], "packageName": "io.opencui.test"}]}
Executing response  consumed 2 millisecond.
reply = zero entry for cityHard
reply = io.opencui.test.ZepTestIntent is Aborted successfully!
{"type":"SeqAction","payload":[{"type":"TextOutputAction","payload":"zero entry for cityHard"},{"type":"AbortIntentAction","payload":"io.opencui.test.ZepTestIntent is Aborted successfully!"}]}
null
{"query": "3", "frames": [{"type": "ZepTestIntent", "slots": [{"value" : "\"Beijing\"", "attribute" : "citySoft"}], "packageName": "io.opencui.test"}]}
Executing response  consumed 1 millisecond.
reply = cityHard?
reply = We have following 2 choices: (Shanghai), (Shenzhen).
{"type":"FillAction","payload":"FILL SLOT value is null for target : io.opencui.core.PagedSelectable, slot : index"}
{"type":"SlotAskAction","payload":"cityHard?\nWe have following 2 choices: (Shanghai), (Shenzhen)."}
{"activeFrames":[{"frame":"io.opencui.test.ZepTestIntent","slot":"cityHard"},{"frame":"io.opencui.core.PagedSelectable","slot":"index"}],"status":"OPEN"}
{"query": "5", "frames": [{"type": "PagedSelectable", "slots": [{"value" : "\"1\"", "attribute" : "index"}]}]}
Executing response  consumed 2 millisecond.
reply = citiesSoft?
{"type":"SeqAction","payload":[{"type":"FillAction","payload":"FILL SLOT for target : io.opencui.test.ZepTestIntent, slot : cityHard"}]}
{"type":"SlotAskAction","payload":"citiesSoft?"}
{"activeFrames":[{"frame":"io.opencui.core.HasMore","slot":"status"},{"frame":"io.opencui.test.ZepTestIntent","slot":"citiesSoft"}],"status":"OPEN"}
{"query": "6", "frames": [{"type": "ZepTestIntent", "slots": [{"value" : "\"Wuhan\"", "attribute" : "citiesSoft"}], "packageName": "io.opencui.test"}]}
Executing response  consumed 2 millisecond.
reply = any citiesSoft else?
{"type":"SlotAskAction","payload":"any citiesSoft else?"}
{"activeFrames":[{"frame":"io.opencui.core.HasMore","slot":"status"},{"frame":"io.opencui.test.ZepTestIntent","slot":"citiesSoft"}],"status":"OPEN"}
{"query": "8", "frames": [{"type": "No", "slots": [], "packageName": "io.opencui.core.hasMore"}]}
Executing response  consumed 2 millisecond.
reply = zero entry for citiesHard
reply = io.opencui.test.ZepTestIntent is Aborted successfully!
{"type":"SeqAction","payload":[{"type":"TextOutputAction","payload":"zero entry for citiesHard"},{"type":"AbortIntentAction","payload":"io.opencui.test.ZepTestIntent is Aborted successfully!"}]}
null
{"query": "9", "frames": [{"type": "ZepTestIntent", "slots": [{"value" : "\"Beijing\"", "attribute" : "citySoft"}], "packageName": "io.opencui.test"}]}
Executing response  consumed 1 millisecond.
reply = cityHard?
reply = We have following 2 choices: (Shanghai), (Shenzhen).
{"type":"FillAction","payload":"FILL SLOT value is null for target : io.opencui.core.PagedSelectable, slot : index"}
{"type":"SlotAskAction","payload":"cityHard?\nWe have following 2 choices: (Shanghai), (Shenzhen)."}
{"activeFrames":[{"frame":"io.opencui.test.ZepTestIntent","slot":"cityHard"},{"frame":"io.opencui.core.PagedSelectable","slot":"index"}],"status":"OPEN"}
{"query": "11", "frames": [{"type": "PagedSelectable", "slots": [{"value" : "\"2\"", "attribute" : "index"}]}]}
Executing response  consumed 1 millisecond.
reply = citiesSoft?
{"type":"SeqAction","payload":[{"type":"FillAction","payload":"FILL SLOT for target : io.opencui.test.ZepTestIntent, slot : cityHard"}]}
{"type":"SlotAskAction","payload":"citiesSoft?"}
{"activeFrames":[{"frame":"io.opencui.core.HasMore","slot":"status"},{"frame":"io.opencui.test.ZepTestIntent","slot":"citiesSoft"}],"status":"OPEN"}
{"query": "12", "frames": [{"type": "ZepTestIntent", "slots": [{"value" : "\"Wuhan\"", "attribute" : "citiesSoft"}], "packageName": "io.opencui.test"}]}
Executing response  consumed 1 millisecond.
reply = any citiesSoft else?
{"type":"SlotAskAction","payload":"any citiesSoft else?"}
{"activeFrames":[{"frame":"io.opencui.core.HasMore","slot":"status"},{"frame":"io.opencui.test.ZepTestIntent","slot":"citiesSoft"}],"status":"OPEN"}
{"query": "14", "frames": [{"type": "No", "slots": [], "packageName": "io.opencui.core.hasMore"}]}
Executing response  consumed 2 millisecond.
reply = citiesHard?
reply = We have following 2 choices: (Shenzhen), (Chengdu).
{"type":"FillAction","payload":"FILL SLOT value is null for target : io.opencui.core.PagedSelectable, slot : index"}
{"type":"SlotAskAction","payload":"citiesHard?\nWe have following 2 choices: (Shenzhen), (Chengdu)."}
{"activeFrames":[{"frame":"io.opencui.core.HasMore","slot":"status"},{"frame":"io.opencui.test.ZepTestIntent","slot":"citiesHard"},{"frame":"io.opencui.core.PagedSelectable","slot":"index"}],"status":"OPEN"}
{"query": "15", "frames": [{"type": "PagedSelectable", "slots": [{"value" : "\"2\"", "attribute" : "index"}]}]}
Executing response  consumed 8 millisecond.
reply = zero entry for citiesHard
reply = Hi, 
citySoft = Beijing 
cityHard = Shenzhen 
citiesSoft = Wuhan 
citiesHard = Chengdu
{"type":"SeqAction","payload":[{"type":"FillAction","payload":"FILL SLOT for target : io.opencui.test.ZepTestIntent, slot : citiesHard"}]}
{"type":"SeqAction","payload":[{"type":"TextOutputAction","payload":"zero entry for citiesHard"},{"type":"MarkFillerDone","payload":"end filler for: citiesHard"}]}
{"type":"ZepTestIntent_0","payload":"Hi, \ncitySoft = Beijing \ncityHard = Shenzhen \ncitiesSoft = Wuhan \ncitiesHard = Chengdu"}
null
drop table if exists mobile

                    CREATE TABLE mobile (
                    id INT PRIMARY KEY,
                    cellphone VARCHAR(255),
                    amount double DEFAULT NULL)
                     AS SELECT * FROM CSVREAD('classpath:/test/mobile.csv', null, 'lineComment=#')
drop table if exists cellphone

                    CREATE TABLE cellphone (
                    id INT PRIMARY KEY,
                    cellphoneMapping VARCHAR(255),
                    nameMapping VARCHAR(255))
                     AS SELECT * FROM CSVREAD('file:/home/sean/newworld/runtime/core/build/resources/test/test/cellphone.csv', null, 'lineComment=#')
drop table if exists flight

                    CREATE TABLE flight (
                    id INT PRIMARY KEY,
                    origin VARCHAR(255),
                    destination VARCHAR(255),
                    flight VARCHAR(255))
                     AS SELECT * FROM CSVREAD('classpath:/test/flight.csv', null, 'lineComment=#')
drop table if exists booked_flight
CREATE TABLE booked_flight (
 id INT PRIMARY KEY AUTO_INCREMENT,
 flight VARCHAR(255),
 user VARCHAR(255))
drop table if exists hotel

                    CREATE TABLE hotel (
                    id INT PRIMARY KEY,
                    city VARCHAR(255),
                    hotel VARCHAR(255))
                     AS SELECT * FROM CSVREAD('classpath:/test/hotel.csv', null, 'lineComment=#')
drop table if exists booked_hotel
CREATE TABLE booked_hotel (
 id INT PRIMARY KEY,
 hotel VARCHAR(255),
 user VARCHAR(255))
drop table if exists hotel_address
CREATE TABLE hotel_address (
 id INT PRIMARY KEY,
 hotel VARCHAR(255),
 address VARCHAR(255)) AS SELECT * FROM CSVREAD('classpath:/test/hotel_address.csv', null, 'lineComment=#')
drop table if exists intents

                CREATE TABLE intents (
                id INT PRIMARY KEY,
                node_state VARCHAR(255),
                "@class" VARCHAR(255), 
                current_node NVARCHAR(255) NULL)
                 AS SELECT * FROM CSVREAD('classpath:/test/intents.csv', null, 'lineComment=#')
drop table if exists dish

                CREATE TABLE dish (
                id INT PRIMARY KEY,
                dish VARCHAR(255))
                 AS SELECT * FROM CSVREAD('classpath:/test/dish.csv', null, 'lineComment=#')
{"query": "1", "frames": [{"type": "ValueCheckSwitchTest", "slots": [{"value": "true", "attribute": "b"}]}]}
Executing response  consumed 3 millisecond.
reply = a?
{"type":"SlotAskAction","payload":"a?"}
{"activeFrames":[{"frame":"io.opencui.test.ValueCheckSwitchTest","slot":"a"}],"status":"OPEN"}
{"query": "2", "frames": [{"type": "ValueCheckSwitchTest", "slots": [{"value": "1", "attribute": "a"}]}]}
Executing response  consumed 0 millisecond.
reply = no such a = null
reply = a?
{"type":"SeqAction","payload":[{"type":"TextOutputAction","payload":"no such a = 1"},{"type":"CleanupAction","payload":"CLEANUP SLOT : target=io.opencui.test.ValueCheckSwitchTest&slot=a"},{"type":"RefocusAction","payload":""}]}
{"type":"SlotAskAction","payload":"a?"}
{"activeFrames":[{"frame":"io.opencui.test.ValueCheckSwitchTest","slot":"a"}],"status":"OPEN"}
{"query": "3", "frames": [{"type": "ValueCheckSwitchTest", "slots": [{"value": "3", "attribute": "a"}]}]}
Executing response  consumed 0 millisecond.
reply = c?
{"type":"SlotAskAction","payload":"c?"}
{"activeFrames":[{"frame":"io.opencui.test.ValueCheckSwitchTest","slot":"c"}],"status":"OPEN"}
{"query": "4", "frames": [{"type": "ValueCheckSwitchTest", "slots": [{"value": "2", "attribute": "a"}]}]}
Executing response  consumed 1 millisecond.
reply = no such combination of a = null b = null
reply = a?
{"type":"SeqAction","payload":[{"type":"TextOutputAction","payload":"no such combination of a = 2 b = true"},{"type":"CleanupAction","payload":"CLEANUP SLOT : target=io.opencui.test.ValueCheckSwitchTest&slot=a, target=io.opencui.test.ValueCheckSwitchTest&slot=b"},{"type":"RefocusAction","payload":""}]}
{"type":"SlotAskAction","payload":"a?"}
{"activeFrames":[{"frame":"io.opencui.test.ValueCheckSwitchTest","slot":"a"}],"status":"OPEN"}
{"query": "5", "frames": [{"type": "ValueCheckSwitchTest", "slots": [{"value": "3", "attribute": "a"}]}]}
Executing response  consumed 0 millisecond.
reply = b?
{"type":"SlotAskAction","payload":"b?"}
{"activeFrames":[{"frame":"io.opencui.test.ValueCheckSwitchTest","slot":"b"}],"status":"OPEN"}
{"query": "6", "frames": [{"type": "ValueCheckSwitchTest", "slots": [{"value": "false", "attribute": "b"}]}]}
Executing response  consumed 0 millisecond.
reply = no such combination of a = null b = null
reply = a?
{"type":"SeqAction","payload":[{"type":"TextOutputAction","payload":"no such combination of a = 3 b = false"},{"type":"CleanupAction","payload":"CLEANUP SLOT : target=io.opencui.test.ValueCheckSwitchTest&slot=a, target=io.opencui.test.ValueCheckSwitchTest&slot=b"},{"type":"RefocusAction","payload":""}]}
{"type":"SlotAskAction","payload":"a?"}
{"activeFrames":[{"frame":"io.opencui.test.ValueCheckSwitchTest","slot":"a"}],"status":"OPEN"}
{"query": "7", "frames": [{"type": "ValueCheckSwitchTest", "slots": [{"value": "4", "attribute": "a"}]}]}
Executing response  consumed 1 millisecond.
reply = b?
{"type":"SlotAskAction","payload":"b?"}
{"activeFrames":[{"frame":"io.opencui.test.ValueCheckSwitchTest","slot":"b"}],"status":"OPEN"}
{"query": "8", "frames": [{"type": "ValueCheckSwitchTest", "slots": [{"value": "true", "attribute": "b"}]}]}
Executing response  consumed 0 millisecond.
reply = c?
{"type":"SlotAskAction","payload":"c?"}
{"activeFrames":[{"frame":"io.opencui.test.ValueCheckSwitchTest","slot":"c"}],"status":"OPEN"}
{"query": "9", "frames": [{"type": "ValueCheckSwitchTest", "slots": [{"value": "\"ccc\"", "attribute": "c"}]}]}
Executing response  consumed 1 millisecond.
reply = Hi, a = 4 b = true c = ccc
{"type":"ValueCheckSwitchTest_0","payload":"Hi, a = 4 b = true c = ccc"}
null
drop table if exists mobile

                    CREATE TABLE mobile (
                    id INT PRIMARY KEY,
                    cellphone VARCHAR(255),
                    amount double DEFAULT NULL)
                     AS SELECT * FROM CSVREAD('classpath:/test/mobile.csv', null, 'lineComment=#')
drop table if exists cellphone

                    CREATE TABLE cellphone (
                    id INT PRIMARY KEY,
                    cellphoneMapping VARCHAR(255),
                    nameMapping VARCHAR(255))
                     AS SELECT * FROM CSVREAD('file:/home/sean/newworld/runtime/core/build/resources/test/test/cellphone.csv', null, 'lineComment=#')
drop table if exists flight

                    CREATE TABLE flight (
                    id INT PRIMARY KEY,
                    origin VARCHAR(255),
                    destination VARCHAR(255),
                    flight VARCHAR(255))
                     AS SELECT * FROM CSVREAD('classpath:/test/flight.csv', null, 'lineComment=#')
drop table if exists booked_flight
CREATE TABLE booked_flight (
 id INT PRIMARY KEY AUTO_INCREMENT,
 flight VARCHAR(255),
 user VARCHAR(255))
drop table if exists hotel

                    CREATE TABLE hotel (
                    id INT PRIMARY KEY,
                    city VARCHAR(255),
                    hotel VARCHAR(255))
                     AS SELECT * FROM CSVREAD('classpath:/test/hotel.csv', null, 'lineComment=#')
drop table if exists booked_hotel
CREATE TABLE booked_hotel (
 id INT PRIMARY KEY,
 hotel VARCHAR(255),
 user VARCHAR(255))
drop table if exists hotel_address
CREATE TABLE hotel_address (
 id INT PRIMARY KEY,
 hotel VARCHAR(255),
 address VARCHAR(255)) AS SELECT * FROM CSVREAD('classpath:/test/hotel_address.csv', null, 'lineComment=#')
drop table if exists intents

                CREATE TABLE intents (
                id INT PRIMARY KEY,
                node_state VARCHAR(255),
                "@class" VARCHAR(255), 
                current_node NVARCHAR(255) NULL)
                 AS SELECT * FROM CSVREAD('classpath:/test/intents.csv', null, 'lineComment=#')
drop table if exists dish

                CREATE TABLE dish (
                id INT PRIMARY KEY,
                dish VARCHAR(255))
                 AS SELECT * FROM CSVREAD('classpath:/test/dish.csv', null, 'lineComment=#')
{"query": "1", "frames": [{"type": "BookVacation", "slots": []}]}
Executing response  consumed 4 millisecond.
reply = From where?
{"type":"SlotAskAction","payload":"From where?"}
{"activeFrames":[{"frame":"io.opencui.test.BookFlight","slot":"origin"}],"status":"OPEN"}
{"query": "2", "frames": [{"type": "BookFlight", "slots": [{"value": "\"Baltimore\"", "attribute": "origin"}, {"value": "\"Seattle\"", "attribute": "destination"}, {"value": "\"20200301\"", "attribute": "depart_date"}, {"value": "\"20200303\"", "attribute": "return_date"}]}]}
Executing response  consumed 9 millisecond.
reply = flight CA1001 is booked for you
reply = Flight CA1001 has been successfully booked for you, depart date is 20200301
reply = When to checkout?
{"type":"FillAction","payload":"FILL SLOT for target : io.opencui.core.PagedSelectable, slot : index"}
{"type":"SeqAction","payload":[{"type":"FillAction","payload":"FILL SLOT for target : io.opencui.test.BookFlight, slot : flight"}]}
{"type":"TextOutputAction","payload":"flight CA1001 is booked for you"}
{"type":"BookFlightAction_0","payload":"Flight CA1001 has been successfully booked for you, depart date is 20200301"}
{"type":"FillAction","payload":"FILL SLOT for target : io.opencui.test.BookHotel, slot : checkin_date"}
{"type":"SlotAskAction","payload":"When to checkout?"}
{"activeFrames":[{"frame":"io.opencui.test.BookHotel","slot":"checkout_date"}],"status":"OPEN"}
{"query": "6", "frames": [{"type": "BookHotel", "slots": [{"value" : "\"20200305\"", "attribute" : "checkout_date"}]}, {"type": "Hotel", "slots": [{"value" : "\"Seattle\"", "attribute" : "city"}]}]}
Executing response  consumed 8 millisecond.
reply = Which hotel?
reply = We have following 2 choices: (Seattle A Hotel), (Seattle B Hotel).
{"type":"DirectlyFillAction","payload":"FILL SLOT for target : io.opencui.test.HotelSuggestionIntent, slot : result"}
{"type":"FillAction","payload":"FILL SLOT value is null for target : io.opencui.core.PagedSelectable, slot : index"}
{"type":"SlotAskAction","payload":"Which hotel?\nWe have following 2 choices: (Seattle A Hotel), (Seattle B Hotel)."}
{"activeFrames":[{"frame":"io.opencui.test.Hotel","slot":"hotel"},{"frame":"io.opencui.core.PagedSelectable","slot":"index"}],"status":"OPEN"}
{"query": "7", "frames": [{"type": "NextPage", "slots": [],"packageName": "io.opencui.core"}]}
Executing response  consumed 2 millisecond.
reply = Which hotel?
reply = We have following 1 choices: (Seattle C Hotel).
{"type":"SeqAction","payload":[{"type":"DirectlyFillAction","payload":"FILL SLOT for target : io.opencui.core.PagedSelectable, slot : page"}]}
{"type":"SlotAskAction","payload":"Which hotel?\nWe have following 1 choices: (Seattle C Hotel)."}
{"activeFrames":[{"frame":"io.opencui.test.Hotel","slot":"hotel"},{"frame":"io.opencui.core.PagedSelectable","slot":"index"}],"status":"OPEN"}
{"query": "8", "frames": [{"type": "PagedSelectable", "slots": [{"value" : "\"1\"", "attribute" : "index"}]}]}
Executing response  consumed 3 millisecond.
reply = ask placeholder
{"type":"SeqAction","payload":[{"type":"FillAction","payload":"FILL SLOT for target : io.opencui.test.Hotel, slot : hotel"}]}
{"type":"SlotAskAction","payload":"ask placeholder"}
{"activeFrames":[{"frame":"io.opencui.test.BookHotel","slot":"placeHolder"}],"status":"OPEN"}
{"query": "9", "frames": [{"type": "HotelAddress", "slots": []}]}
Executing response  consumed 2 millisecond.
reply = Which city?
{"type":"SlotAskAction","payload":"Which city?"}
{"activeFrames":[{"frame":"io.opencui.test.Hotel","slot":"city"}],"status":"OPEN"}
{"query": "10", "frames": [{"type": "Hotel", "slots": [{"value" : "\"Seattle\"", "attribute" : "city"}, {"value" : "\"Seattle C Hotel\"", "attribute" : "hotel"}]}]}
Executing response  consumed 1 millisecond.
reply = unimportant?
{"type":"SlotAskAction","payload":"unimportant?"}
{"activeFrames":[{"frame":"io.opencui.test.HotelAddress","slot":"unimportant"}],"status":"OPEN"}
{"query": "11", "frames": [{"type": "CreateUnimportant", "slots": [], "packageName": "io.opencui.test"}]}
Executing response  consumed 7 millisecond.
reply = Address of Seattle C Hotel is Seattle C Street
reply = ask placeholder
{"type":"SeqAction","payload":[{"type":"FillAction","payload":"FILL SLOT for target : io.opencui.test.HotelAddress, slot : unimportant"}]}
{"type":"HotelAddressAction_0","payload":"Address of Seattle C Hotel is Seattle C Street"}
{"type":"SlotAskAction","payload":"ask placeholder"}
{"activeFrames":[{"frame":"io.opencui.test.BookHotel","slot":"placeHolder"}],"status":"OPEN"}
{"query": "12", "frames": [{"type": "BookHotel", "slots": [{"value" : "\"holder\"", "attribute" : "placeHolder"}]}]}
Executing response  consumed 2 millisecond.
reply = Are u sure of the hotel booking? hotel Seattle C Hotel
{"type":"SlotAskAction","payload":"Are u sure of the hotel booking? hotel Seattle C Hotel"}
{"activeFrames":[{"frame":"io.opencui.core.Confirmation","slot":"status"},{"frame":"io.opencui.test.BookHotel"}],"status":"OPEN"}
{"query": "13", "frames": [{"type": "Yes", "slots": []}]}
Executing response  consumed 2 millisecond.
reply = Hotel Seattle C Hotel has been successfully booked for you, checkin date is 20200301
{"type":"BookHotelAction_0","payload":"Hotel Seattle C Hotel has been successfully booked for you, checkin date is 20200301"}
null
drop table if exists mobile

                    CREATE TABLE mobile (
                    id INT PRIMARY KEY,
                    cellphone VARCHAR(255),
                    amount double DEFAULT NULL)
                     AS SELECT * FROM CSVREAD('classpath:/test/mobile.csv', null, 'lineComment=#')
drop table if exists cellphone

                    CREATE TABLE cellphone (
                    id INT PRIMARY KEY,
                    cellphoneMapping VARCHAR(255),
                    nameMapping VARCHAR(255))
                     AS SELECT * FROM CSVREAD('file:/home/sean/newworld/runtime/core/build/resources/test/test/cellphone.csv', null, 'lineComment=#')
drop table if exists flight

                    CREATE TABLE flight (
                    id INT PRIMARY KEY,
                    origin VARCHAR(255),
                    destination VARCHAR(255),
                    flight VARCHAR(255))
                     AS SELECT * FROM CSVREAD('classpath:/test/flight.csv', null, 'lineComment=#')
drop table if exists booked_flight
CREATE TABLE booked_flight (
 id INT PRIMARY KEY AUTO_INCREMENT,
 flight VARCHAR(255),
 user VARCHAR(255))
drop table if exists hotel

                    CREATE TABLE hotel (
                    id INT PRIMARY KEY,
                    city VARCHAR(255),
                    hotel VARCHAR(255))
                     AS SELECT * FROM CSVREAD('classpath:/test/hotel.csv', null, 'lineComment=#')
drop table if exists booked_hotel
CREATE TABLE booked_hotel (
 id INT PRIMARY KEY,
 hotel VARCHAR(255),
 user VARCHAR(255))
drop table if exists hotel_address
CREATE TABLE hotel_address (
 id INT PRIMARY KEY,
 hotel VARCHAR(255),
 address VARCHAR(255)) AS SELECT * FROM CSVREAD('classpath:/test/hotel_address.csv', null, 'lineComment=#')
drop table if exists intents

                CREATE TABLE intents (
                id INT PRIMARY KEY,
                node_state VARCHAR(255),
                "@class" VARCHAR(255), 
                current_node NVARCHAR(255) NULL)
                 AS SELECT * FROM CSVREAD('classpath:/test/intents.csv', null, 'lineComment=#')
drop table if exists dish

                CREATE TABLE dish (
                id INT PRIMARY KEY,
                dish VARCHAR(255))
                 AS SELECT * FROM CSVREAD('classpath:/test/dish.csv', null, 'lineComment=#')
{"query": "1", "frames": [{"type": "SlotDoubleConfirmTestIntent", "slots": [], "packageName": "io.opencui.test"}]}
Executing response  consumed 4 millisecond.
reply = 
{"type":"FillAction","payload":"FILL SLOT for target : io.opencui.core.PagedSelectable, slot : index"}
{"type":"TextOutputAction","payload":"we only have a; we chose it for u"}
{"type":"SeqAction","payload":[{"type":"FillAction","payload":"FILL SLOT for target : io.opencui.test.SlotDoubleConfirmTestIntent, slot : slot"}]}
{"type":"SlotAskAction","payload":"r u sure of slot value a"}
{"activeFrames":[{"frame":"io.opencui.core.Confirmation","slot":"status"},{"frame":"io.opencui.test.SlotDoubleConfirmTestIntent","slot":"slot"}],"status":"OPEN"}
{"query": "2", "frames": [{"type": "Yes", "slots": []}]}
Executing response  consumed 1 millisecond.
reply = f=a
{"type":"TextOutputAction","payload":"f=a"}
null
drop table if exists mobile

                    CREATE TABLE mobile (
                    id INT PRIMARY KEY,
                    cellphone VARCHAR(255),
                    amount double DEFAULT NULL)
                     AS SELECT * FROM CSVREAD('classpath:/test/mobile.csv', null, 'lineComment=#')
drop table if exists cellphone

                    CREATE TABLE cellphone (
                    id INT PRIMARY KEY,
                    cellphoneMapping VARCHAR(255),
                    nameMapping VARCHAR(255))
                     AS SELECT * FROM CSVREAD('file:/home/sean/newworld/runtime/core/build/resources/test/test/cellphone.csv', null, 'lineComment=#')
drop table if exists flight

                    CREATE TABLE flight (
                    id INT PRIMARY KEY,
                    origin VARCHAR(255),
                    destination VARCHAR(255),
                    flight VARCHAR(255))
                     AS SELECT * FROM CSVREAD('classpath:/test/flight.csv', null, 'lineComment=#')
drop table if exists booked_flight
CREATE TABLE booked_flight (
 id INT PRIMARY KEY AUTO_INCREMENT,
 flight VARCHAR(255),
 user VARCHAR(255))
drop table if exists hotel

                    CREATE TABLE hotel (
                    id INT PRIMARY KEY,
                    city VARCHAR(255),
                    hotel VARCHAR(255))
                     AS SELECT * FROM CSVREAD('classpath:/test/hotel.csv', null, 'lineComment=#')
drop table if exists booked_hotel
CREATE TABLE booked_hotel (
 id INT PRIMARY KEY,
 hotel VARCHAR(255),
 user VARCHAR(255))
drop table if exists hotel_address
CREATE TABLE hotel_address (
 id INT PRIMARY KEY,
 hotel VARCHAR(255),
 address VARCHAR(255)) AS SELECT * FROM CSVREAD('classpath:/test/hotel_address.csv', null, 'lineComment=#')
drop table if exists intents

                CREATE TABLE intents (
                id INT PRIMARY KEY,
                node_state VARCHAR(255),
                "@class" VARCHAR(255), 
                current_node NVARCHAR(255) NULL)
                 AS SELECT * FROM CSVREAD('classpath:/test/intents.csv', null, 'lineComment=#')
drop table if exists dish

                CREATE TABLE dish (
                id INT PRIMARY KEY,
                dish VARCHAR(255))
                 AS SELECT * FROM CSVREAD('classpath:/test/dish.csv', null, 'lineComment=#')
{"query": "1", "frames": [{"type": "EntityRecSelection", "slots": []}]}
Executing response  consumed 3 millisecond.
reply = payMethod?

reply = We have following 3 choices for PayMethod : visa_norm, mastercard_norm, paypal_norm.
{"type":"FillAction","payload":"FILL SLOT value is null for target : io.opencui.core.PagedSelectable, slot : index"}
{"type":"SlotAskAction","payload":"payMethod?\n\nWe have following 3 choices for PayMethod : visa_norm, mastercard_norm, paypal_norm."}
{"activeFrames":[{"frame":"io.opencui.test.EntityRecSelection","slot":"payMethod"},{"frame":"io.opencui.core.PagedSelectable","slot":"index"}],"status":"OPEN"}
{"query": "2", "frames": [{"type": "EntityRecSelection", "slots": [{"value" : "\"visa\"", "attribute" : "payMethod"}], "packageName": "io.opencui.test"}]}
Executing response  consumed 3 millisecond.
reply = Hi, pay method = visa
{"type":"SeqAction","payload":[{"type":"SeqAction","payload":[{"type":"DirectlyFillAction","payload":"FILL SLOT for target : io.opencui.core.PagedSelectable, slot : conditionMap"},{"type":"DirectlyFillAction","payload":"FILL SLOT for target : io.opencui.core.PagedSelectable, slot : page"},{"type":"ReinitAction","payload":"REINIT SLOT : target=io.opencui.core.PagedSelectable&slot=index"},{"type":"CleanupAction","payload":"CLEANUP SLOT : target=io.opencui.core.PagedSelectable&slot=index"}]}]}
{"type":"FillAction","payload":"FILL SLOT for target : io.opencui.core.PagedSelectable, slot : index"}
{"type":"SeqAction","payload":[{"type":"FillAction","payload":"FILL SLOT for target : io.opencui.test.EntityRecSelection, slot : payMethod"}]}
{"type":"EntityRecSelection_0","payload":"Hi, pay method = visa"}
null
drop table if exists mobile

                    CREATE TABLE mobile (
                    id INT PRIMARY KEY,
                    cellphone VARCHAR(255),
                    amount double DEFAULT NULL)
                     AS SELECT * FROM CSVREAD('classpath:/test/mobile.csv', null, 'lineComment=#')
drop table if exists cellphone

                    CREATE TABLE cellphone (
                    id INT PRIMARY KEY,
                    cellphoneMapping VARCHAR(255),
                    nameMapping VARCHAR(255))
                     AS SELECT * FROM CSVREAD('file:/home/sean/newworld/runtime/core/build/resources/test/test/cellphone.csv', null, 'lineComment=#')
drop table if exists flight

                    CREATE TABLE flight (
                    id INT PRIMARY KEY,
                    origin VARCHAR(255),
                    destination VARCHAR(255),
                    flight VARCHAR(255))
                     AS SELECT * FROM CSVREAD('classpath:/test/flight.csv', null, 'lineComment=#')
drop table if exists booked_flight
CREATE TABLE booked_flight (
 id INT PRIMARY KEY AUTO_INCREMENT,
 flight VARCHAR(255),
 user VARCHAR(255))
drop table if exists hotel

                    CREATE TABLE hotel (
                    id INT PRIMARY KEY,
                    city VARCHAR(255),
                    hotel VARCHAR(255))
                     AS SELECT * FROM CSVREAD('classpath:/test/hotel.csv', null, 'lineComment=#')
drop table if exists booked_hotel
CREATE TABLE booked_hotel (
 id INT PRIMARY KEY,
 hotel VARCHAR(255),
 user VARCHAR(255))
drop table if exists hotel_address
CREATE TABLE hotel_address (
 id INT PRIMARY KEY,
 hotel VARCHAR(255),
 address VARCHAR(255)) AS SELECT * FROM CSVREAD('classpath:/test/hotel_address.csv', null, 'lineComment=#')
drop table if exists intents

                CREATE TABLE intents (
                id INT PRIMARY KEY,
                node_state VARCHAR(255),
                "@class" VARCHAR(255), 
                current_node NVARCHAR(255) NULL)
                 AS SELECT * FROM CSVREAD('classpath:/test/intents.csv', null, 'lineComment=#')
drop table if exists dish

                CREATE TABLE dish (
                id INT PRIMARY KEY,
                dish VARCHAR(255))
                 AS SELECT * FROM CSVREAD('classpath:/test/dish.csv', null, 'lineComment=#')
{"query": "1", "frames": [{"type": "TestSepNoIntent", "slots": [], "packageName": "io.opencui.test"}]}
Executing response  consumed 4 millisecond.
reply = s?
reply = only a left for s, would u like it?
{"type":"FillAction","payload":"FILL SLOT for target : io.opencui.core.PagedSelectable, slot : index"}
{"type":"SlotAskAction","payload":"s?\nonly a left for s, would u like it?"}
{"activeFrames":[{"frame":"io.opencui.core.Confirmation","slot":"status"},{"frame":"io.opencui.test.TestSepNoIntent","slot":"s"},{"frame":"io.opencui.core.PagedSelectable","slot":"index"}],"status":"OPEN"}
{"query": "2", "frames": [{"type": "No", "slots": [], "packagename": "io.opencui.core.confirmation"}]}
Executing response  consumed 1 millisecond.
reply = io.opencui.test.TestSepNoIntent is Aborted successfully!
{"type":"SeqAction","payload":[{"type":"AbortIntentAction","payload":"io.opencui.test.TestSepNoIntent is Aborted successfully!"}]}
null
{"query": "3", "frames": [{"type": "TestSepNoIntent", "slots": [], "packageName": "io.opencui.test"}]}
Executing response  consumed 1 millisecond.
reply = s?
reply = only a left for s, would u like it?
{"type":"FillAction","payload":"FILL SLOT for target : io.opencui.core.PagedSelectable, slot : index"}
{"type":"SlotAskAction","payload":"s?\nonly a left for s, would u like it?"}
{"activeFrames":[{"frame":"io.opencui.core.Confirmation","slot":"status"},{"frame":"io.opencui.test.TestSepNoIntent","slot":"s"},{"frame":"io.opencui.core.PagedSelectable","slot":"index"}],"status":"OPEN"}
{"query": "4", "frames": [{"type": "Yes", "slots": [], "packageName": "io.opencui.core.confirmation"}]}
Executing response  consumed 3 millisecond.
reply = ss?
reply = only a left for ss, would u like it?
{"type":"SeqAction","payload":[{"type":"FillAction","payload":"FILL SLOT for target : io.opencui.test.TestSepNoIntent, slot : s"}]}
{"type":"FillAction","payload":"FILL SLOT for target : io.opencui.core.PagedSelectable, slot : index"}
{"type":"SlotAskAction","payload":"ss?\nonly a left for ss, would u like it?"}
{"activeFrames":[{"frame":"io.opencui.core.Confirmation","slot":"status"},{"frame":"io.opencui.test.TestSepNoIntent","slot":"ss"},{"frame":"io.opencui.core.HasMore","slot":"status"},{"frame":"io.opencui.core.PagedSelectable","slot":"index"}],"status":"OPEN"}
{"query": "5", "frames": [{"type": "Yes", "slots": [], "packageName": "io.opencui.core.confirmation"}]}
Executing response  consumed 3 millisecond.
reply = else ss?
reply = only a left for ss, would u like it?
{"type":"SeqAction","payload":[{"type":"FillAction","payload":"FILL SLOT for target : io.opencui.test.TestSepNoIntent, slot : ss"}]}
{"type":"FillAction","payload":"FILL SLOT for target : io.opencui.core.PagedSelectable, slot : index"}
{"type":"SlotAskAction","payload":"else ss?\nonly a left for ss, would u like it?"}
{"activeFrames":[{"frame":"io.opencui.core.Confirmation","slot":"status"},{"frame":"io.opencui.test.TestSepNoIntent","slot":"ss"},{"frame":"io.opencui.core.HasMore","slot":"status"},{"frame":"io.opencui.core.PagedSelectable","slot":"index"}],"status":"OPEN"}
{"query": "6", "frames": [{"type": "No", "slots": [], "packageName": "io.opencui.core.confirmation"}]}
Executing response  consumed 2 millisecond.
reply = s=a; ss=a
{"type":"SeqAction","payload":[{"type":"MarkFillerDone","payload":"end filler for: ss"}]}
{"type":"TextOutputAction","payload":"s=a; ss=a"}
null
drop table if exists mobile

                    CREATE TABLE mobile (
                    id INT PRIMARY KEY,
                    cellphone VARCHAR(255),
                    amount double DEFAULT NULL)
                     AS SELECT * FROM CSVREAD('classpath:/test/mobile.csv', null, 'lineComment=#')
drop table if exists cellphone

                    CREATE TABLE cellphone (
                    id INT PRIMARY KEY,
                    cellphoneMapping VARCHAR(255),
                    nameMapping VARCHAR(255))
                     AS SELECT * FROM CSVREAD('file:/home/sean/newworld/runtime/core/build/resources/test/test/cellphone.csv', null, 'lineComment=#')
drop table if exists flight

                    CREATE TABLE flight (
                    id INT PRIMARY KEY,
                    origin VARCHAR(255),
                    destination VARCHAR(255),
                    flight VARCHAR(255))
                     AS SELECT * FROM CSVREAD('classpath:/test/flight.csv', null, 'lineComment=#')
drop table if exists booked_flight
CREATE TABLE booked_flight (
 id INT PRIMARY KEY AUTO_INCREMENT,
 flight VARCHAR(255),
 user VARCHAR(255))
drop table if exists hotel

                    CREATE TABLE hotel (
                    id INT PRIMARY KEY,
                    city VARCHAR(255),
                    hotel VARCHAR(255))
                     AS SELECT * FROM CSVREAD('classpath:/test/hotel.csv', null, 'lineComment=#')
drop table if exists booked_hotel
CREATE TABLE booked_hotel (
 id INT PRIMARY KEY,
 hotel VARCHAR(255),
 user VARCHAR(255))
drop table if exists hotel_address
CREATE TABLE hotel_address (
 id INT PRIMARY KEY,
 hotel VARCHAR(255),
 address VARCHAR(255)) AS SELECT * FROM CSVREAD('classpath:/test/hotel_address.csv', null, 'lineComment=#')
drop table if exists intents

                CREATE TABLE intents (
                id INT PRIMARY KEY,
                node_state VARCHAR(255),
                "@class" VARCHAR(255), 
                current_node NVARCHAR(255) NULL)
                 AS SELECT * FROM CSVREAD('classpath:/test/intents.csv', null, 'lineComment=#')
drop table if exists dish

                CREATE TABLE dish (
                id INT PRIMARY KEY,
                dish VARCHAR(255))
                 AS SELECT * FROM CSVREAD('classpath:/test/dish.csv', null, 'lineComment=#')
{"query": "1", "frames": [{"type": "SlotUpdateTestIntent", "slots": [{"value" : "\"Beijing\"", "attribute" : "cityFrom"}], "packageName": "io.opencui.test"}]}
Executing response  consumed 4 millisecond.
reply = cityFrom is Beijing, cityTo?
{"type":"SlotAskAction","payload":"cityFrom is Beijing, cityTo?"}
{"activeFrames":[{"frame":"io.opencui.test.SlotUpdateTestIntent","slot":"cityTo"}],"status":"OPEN"}
{"query": "2", "frames": [{"type": "SlotUpdate", "slots": [{"value" : "\"Beijing\"", "attribute" : "oldValue"}, {"value" : "\"Shanghai\"", "attribute" : "newValue"}, {"value" : "\"io.opencui.test.SlotUpdateTestIntent.cityFrom\"", "attribute" : "originalSlot"}], "packageName": "io.opencui.test"}]}
Executing response  consumed 10 millisecond.
reply = we have updated departure form Beijing_norm to Shanghai_norm for you
reply = cityFrom is Shanghai, cityTo?
{"type":"DirectlyFillAction","payload":"FILL SLOT for target : io.opencui.test.SlotUpdate, slot : originalValue"}
{"type":"SeqAction","payload":[{"type":"FillAction","payload":"FILL SLOT for target : io.opencui.test.SlotUpdateTestIntent, slot : cityFrom"},{"type":"CleanupAction","payload":"CLEANUP SLOT : target=io.opencui.test.SlotUpdateTestIntent&slot=cityFrom"},{"type":"RefocusAction","payload":""}]}
{"type":"TextOutputAction","payload":"we have updated departure form Beijing_norm to Shanghai_norm for you"}
{"type":"SlotAskAction","payload":"cityFrom is Shanghai, cityTo?"}
{"activeFrames":[{"frame":"io.opencui.test.SlotUpdateTestIntent","slot":"cityTo"}],"status":"OPEN"}
{"query": "3", "frames": [{"type": "SlotUpdate", "slots": [{"value" : "\"Chengdu\"", "attribute" : "oldValue"}, {"value" : "\"Shenzhen\"", "attribute" : "newValue"}, {"value" : "\"io.opencui.test.SlotUpdateTestIntent.cityFrom\"", "attribute" : "originalSlot"}], "packageName": "io.opencui.test"}]}
Executing response  consumed 2 millisecond.
reply = You just said Chengdu_norm, do you mean you want to change departure from Shanghai_norm?
{"type":"DirectlyFillAction","payload":"FILL SLOT for target : io.opencui.test.SlotUpdate, slot : originalValue"}
{"type":"SlotAskAction","payload":"You just said Chengdu_norm, do you mean you want to change departure from Shanghai_norm?"}
{"activeFrames":[{"frame":"io.opencui.core.Confirmation","slot":"status"},{"frame":"io.opencui.test.SlotUpdate","slot":"confirm"}],"status":"OPEN"}
{"query": "4", "frames": [{"type": "No", "slots": [], "packagename": "io.opencui.core.confirmation"}]}
Executing response  consumed 0 millisecond.
reply = cityFrom is Shanghai, cityTo?
{"type":"SlotAskAction","payload":"cityFrom is Shanghai, cityTo?"}
{"activeFrames":[{"frame":"io.opencui.test.SlotUpdateTestIntent","slot":"cityTo"}],"status":"OPEN"}
{"query": "5", "frames": [{"type": "SlotUpdate", "slots": [{"value" : "\"Chengdu\"", "attribute" : "oldValue"}, {"value" : "\"Shenzhen\"", "attribute" : "newValue"}, {"value" : "\"io.opencui.test.SlotUpdateTestIntent.cityFrom\"", "attribute" : "originalSlot"}], "packageName": "io.opencui.test"}]}
Executing response  consumed 0 millisecond.
reply = You just said Chengdu_norm, do you mean you want to change departure from Shanghai_norm?
{"type":"DirectlyFillAction","payload":"FILL SLOT for target : io.opencui.test.SlotUpdate, slot : originalValue"}
{"type":"SlotAskAction","payload":"You just said Chengdu_norm, do you mean you want to change departure from Shanghai_norm?"}
{"activeFrames":[{"frame":"io.opencui.core.Confirmation","slot":"status"},{"frame":"io.opencui.test.SlotUpdate","slot":"confirm"}],"status":"OPEN"}
{"query": "6", "frames": [{"type": "Yes", "slots": [], "packagename": "io.opencui.core.confirmation"}]}
Executing response  consumed 1 millisecond.
reply = we have updated departure form Shanghai_norm to Shenzhen_norm for you
reply = cityFrom is Shenzhen, cityTo?
{"type":"SeqAction","payload":[{"type":"FillAction","payload":"FILL SLOT for target : io.opencui.test.SlotUpdateTestIntent, slot : cityFrom"},{"type":"CleanupAction","payload":"CLEANUP SLOT : target=io.opencui.test.SlotUpdateTestIntent&slot=cityFrom"},{"type":"RefocusAction","payload":""}]}
{"type":"TextOutputAction","payload":"we have updated departure form Shanghai_norm to Shenzhen_norm for you"}
{"type":"SlotAskAction","payload":"cityFrom is Shenzhen, cityTo?"}
{"activeFrames":[{"frame":"io.opencui.test.SlotUpdateTestIntent","slot":"cityTo"}],"status":"OPEN"}
{"query": "7", "frames": [{"type": "SlotUpdate", "slots": [{"value" : "\"Shenzhen\"", "attribute" : "oldValue"}, {"value" : "\"io.opencui.test.SlotUpdateTestIntent.cityFrom\"", "attribute" : "originalSlot"}], "packageName": "io.opencui.test"}]}
Executing response  consumed 3 millisecond.
reply = What do you want for departure?
reply = We have following 2 choices: (Beijing_norm), (Shanghai_norm).
{"type":"DirectlyFillAction","payload":"FILL SLOT for target : io.opencui.test.SlotUpdate, slot : originalValue"}
{"type":"SeqAction","payload":[{"type":"CleanupAction","payload":"CLEANUP SLOT : target=io.opencui.test.SlotUpdateTestIntent&slot=cityFrom"},{"type":"UpdatePromptAction","payload":"UPDATED PROMPTS for filler cityFrom"},{"type":"RefocusAction","payload":""}]}
{"type":"FillAction","payload":"FILL SLOT value is null for target : io.opencui.core.PagedSelectable, slot : index"}
{"type":"SlotAskAction","payload":"What do you want for departure?\nWe have following 2 choices: (Beijing_norm), (Shanghai_norm)."}
{"activeFrames":[{"frame":"io.opencui.test.SlotUpdateTestIntent","slot":"cityFrom"},{"frame":"io.opencui.core.PagedSelectable","slot":"index"}],"status":"OPEN"}
{"query": "8", "frames": [{"type": "PagedSelectable", "slots": [{"value" : "\"1\"", "attribute" : "index"}]}]}
Executing response  consumed 1 millisecond.
reply = cityFrom is Beijing, cityTo?
{"type":"SeqAction","payload":[{"type":"FillAction","payload":"FILL SLOT for target : io.opencui.test.SlotUpdateTestIntent, slot : cityFrom"}]}
{"type":"SlotAskAction","payload":"cityFrom is Beijing, cityTo?"}
{"activeFrames":[{"frame":"io.opencui.test.SlotUpdateTestIntent","slot":"cityTo"}],"status":"OPEN"}
{"query": "9", "frames": [{"type": "SlotUpdate", "slots": [{"value" : "\"Shanghai\"", "attribute" : "newValue"}, {"value" : "\"io.opencui.test.SlotUpdateTestIntent.cityFrom\"", "attribute" : "originalSlot"}], "packageName": "io.opencui.test"}]}
Executing response  consumed 2 millisecond.
reply = we have updated departure form Beijing_norm to Shanghai_norm for you
reply = cityFrom is Shanghai, cityTo?
{"type":"DirectlyFillAction","payload":"FILL SLOT for target : io.opencui.test.SlotUpdate, slot : originalValue"}
{"type":"SeqAction","payload":[{"type":"FillAction","payload":"FILL SLOT for target : io.opencui.test.SlotUpdateTestIntent, slot : cityFrom"},{"type":"CleanupAction","payload":"CLEANUP SLOT : target=io.opencui.test.SlotUpdateTestIntent&slot=cityFrom"},{"type":"RefocusAction","payload":""}]}
{"type":"TextOutputAction","payload":"we have updated departure form Beijing_norm to Shanghai_norm for you"}
{"type":"SlotAskAction","payload":"cityFrom is Shanghai, cityTo?"}
{"activeFrames":[{"frame":"io.opencui.test.SlotUpdateTestIntent","slot":"cityTo"}],"status":"OPEN"}
{"query": "10", "frames": [{"type": "SlotUpdate", "slots": [{"value" : "\"io.opencui.test.SlotUpdateTestIntent.cityFrom\"", "attribute" : "originalSlot"}], "packageName": "io.opencui.test"}]}
Executing response  consumed 1 millisecond.
reply = What do you want for departure?
reply = We have following 2 choices: (Beijing_norm), (Shanghai_norm).
{"type":"DirectlyFillAction","payload":"FILL SLOT for target : io.opencui.test.SlotUpdate, slot : originalValue"}
{"type":"SeqAction","payload":[{"type":"CleanupAction","payload":"CLEANUP SLOT : target=io.opencui.test.SlotUpdateTestIntent&slot=cityFrom"},{"type":"UpdatePromptAction","payload":"UPDATED PROMPTS for filler cityFrom"},{"type":"RefocusAction","payload":""}]}
{"type":"FillAction","payload":"FILL SLOT value is null for target : io.opencui.core.PagedSelectable, slot : index"}
{"type":"SlotAskAction","payload":"What do you want for departure?\nWe have following 2 choices: (Beijing_norm), (Shanghai_norm)."}
{"activeFrames":[{"frame":"io.opencui.test.SlotUpdateTestIntent","slot":"cityFrom"},{"frame":"io.opencui.core.PagedSelectable","slot":"index"}],"status":"OPEN"}
{"query": "11", "frames": [{"type": "PagedSelectable", "slots": [{"value" : "\"1\"", "attribute" : "index"}]}]}
Executing response  consumed 0 millisecond.
reply = cityFrom is Beijing, cityTo?
{"type":"SeqAction","payload":[{"type":"FillAction","payload":"FILL SLOT for target : io.opencui.test.SlotUpdateTestIntent, slot : cityFrom"}]}
{"type":"SlotAskAction","payload":"cityFrom is Beijing, cityTo?"}
{"activeFrames":[{"frame":"io.opencui.test.SlotUpdateTestIntent","slot":"cityTo"}],"status":"OPEN"}
{"query": "12", "frames": [{"type": "SlotUpdate", "slots": [{"value" : "\"Shanghai\"", "attribute" : "newValue", "type": "io.opencui.test.City"}, {"value" : "\"Beijing\"", "attribute" : "oldValue", "type": "io.opencui.test.City"}], "packageName": "io.opencui.test"}]}
Executing response  consumed 2 millisecond.
reply = we have updated departure form Beijing_norm to Shanghai_norm for you
reply = cityFrom is Shanghai, cityTo?
{"type":"DirectlyFillAction","payload":"FILL SLOT for target : io.opencui.test.SlotUpdate, slot : originalValue"}
{"type":"SeqAction","payload":[{"type":"FillAction","payload":"FILL SLOT for target : io.opencui.test.SlotUpdateTestIntent, slot : cityFrom"},{"type":"CleanupAction","payload":"CLEANUP SLOT : target=io.opencui.test.SlotUpdateTestIntent&slot=cityFrom"},{"type":"RefocusAction","payload":""}]}
{"type":"TextOutputAction","payload":"we have updated departure form Beijing_norm to Shanghai_norm for you"}
{"type":"SlotAskAction","payload":"cityFrom is Shanghai, cityTo?"}
{"activeFrames":[{"frame":"io.opencui.test.SlotUpdateTestIntent","slot":"cityTo"}],"status":"OPEN"}
{"query": "13", "frames": [{"type": "SlotUpdateTestIntent", "slots": [{"value" : "\"Beijing\"", "attribute" : "cityTo"}], "packageName": "io.opencui.test"}]}
Executing response  consumed 1 millisecond.
reply = citiesFrom?
{"type":"SlotAskAction","payload":"citiesFrom?"}
{"activeFrames":[{"frame":"io.opencui.core.HasMore","slot":"status"},{"frame":"io.opencui.test.SlotUpdateTestIntent","slot":"citiesFrom"}],"status":"OPEN"}
{"query": "14", "frames": [{"type": "SlotUpdate", "slots": [{"value" : "\"Chengdu\"", "attribute" : "newValue", "type": "io.opencui.test.City"}], "packageName": "io.opencui.test"}]}
Executing response  consumed 1 millisecond.
reply = target?
reply = by , which do you mean: (departure), (arrival).
{"type":"FillAction","payload":"FILL SLOT value is null for target : io.opencui.core.PagedSelectable, slot : index"}
{"type":"SlotAskAction","payload":"target?\nby , which do you mean: (departure), (arrival)."}
{"activeFrames":[{"frame":"io.opencui.core.ValueClarification$io.opencui.core.SlotType","slot":"target"},{"frame":"io.opencui.core.PagedSelectable","slot":"index"}],"status":"OPEN"}
{"query": "15", "frames": [{"type": "PagedSelectable", "slots": [{"value" : "\"2\"", "attribute" : "index"}]}]}
Executing response  consumed 2 millisecond.
reply = we have updated arrival form Beijing_norm to Chengdu_norm for you
reply = citiesFrom?
{"type":"SeqAction","payload":[{"type":"FillAction","payload":"FILL SLOT for target : io.opencui.core.ValueClarification, slot : target"}]}
{"type":"FillAction","payload":"FILL SLOT for target : io.opencui.test.SlotUpdate, slot : originalSlot"}
{"type":"DirectlyFillAction","payload":"FILL SLOT for target : io.opencui.test.SlotUpdate, slot : originalValue"}
{"type":"SeqAction","payload":[{"type":"FillAction","payload":"FILL SLOT for target : io.opencui.test.SlotUpdateTestIntent, slot : cityTo"},{"type":"CleanupAction","payload":"CLEANUP SLOT : target=io.opencui.test.SlotUpdateTestIntent&slot=cityTo"},{"type":"RefocusAction","payload":""}]}
{"type":"TextOutputAction","payload":"we have updated arrival form Beijing_norm to Chengdu_norm for you"}
{"type":"SlotAskAction","payload":"citiesFrom?"}
{"activeFrames":[{"frame":"io.opencui.core.HasMore","slot":"status"},{"frame":"io.opencui.test.SlotUpdateTestIntent","slot":"citiesFrom"}],"status":"OPEN"}
{"query": "16", "frames": [{"type": "SlotUpdateTestIntent", "slots": [{"value" : "\"Beijing\"", "attribute" : "citiesFrom"}], "packageName": "io.opencui.test"}, {"type": "SlotUpdateTestIntent", "slots": [{"value" : "\"Beijing\"", "attribute" : "citiesFrom"}], "packageName": "io.opencui.test"}]}
Executing response  consumed 2 millisecond.
reply = citiesTo?
{"type":"SlotAskAction","payload":"citiesTo?"}
{"activeFrames":[{"frame":"io.opencui.core.HasMore","slot":"status"},{"frame":"io.opencui.test.SlotUpdateTestIntent","slot":"citiesTo"}],"status":"OPEN"}
{"query": "17", "frames": [{"type": "SlotUpdateTestIntent", "slots": [{"value" : "\"Chengdu\"", "attribute" : "citiesTo"}], "packageName": "io.opencui.test"}, {"type": "SlotUpdateTestIntent", "slots": [{"value" : "\"Shenzhen\"", "attribute" : "citiesTo"}], "packageName": "io.opencui.test"}]}
Executing response  consumed 2 millisecond.
reply = any citiesTo else?
{"type":"SlotAskAction","payload":"any citiesTo else?"}
{"activeFrames":[{"frame":"io.opencui.core.HasMore","slot":"status"},{"frame":"io.opencui.test.SlotUpdateTestIntent","slot":"citiesTo"}],"status":"OPEN"}
{"query": "18", "frames": [{"type": "SlotUpdate", "slots": [{"value" : "\"Beijing\"", "attribute" : "oldValue"}, {"value" : "\"Shanghai\"", "attribute" : "newValue"}, {"value" : "\"io.opencui.test.SlotUpdateTestIntent.citiesFrom\"", "attribute" : "originalSlot"}, {"value" : "\"1\"", "attribute" : "index"}], "packageName": "io.opencui.test"}]}
Executing response  consumed 4 millisecond.
reply = we have updated the 1st origins form Beijing_norm to Shanghai_norm for you
reply = any citiesTo else?
{"type":"DirectlyFillAction","payload":"FILL SLOT for target : io.opencui.test.SlotUpdate, slot : originalValue"}
{"type":"SeqAction","payload":[{"type":"FillAction","payload":"FILL SLOT for target : io.opencui.test.SlotUpdateTestIntent, slot : citiesFrom._item"},{"type":"CleanupAction","payload":"CLEANUP SLOT : target=io.opencui.test.SlotUpdateTestIntent&slot=citiesFrom._item"},{"type":"RefocusAction","payload":""}]}
{"type":"TextOutputAction","payload":"we have updated the 1st origins form Beijing_norm to Shanghai_norm for you"}
{"type":"SlotAskAction","payload":"any citiesTo else?"}
{"activeFrames":[{"frame":"io.opencui.core.HasMore","slot":"status"},{"frame":"io.opencui.test.SlotUpdateTestIntent","slot":"citiesTo"}],"status":"OPEN"}
{"query": "19", "frames": [{"type": "SlotUpdate", "slots": [{"value" : "\"Beijing\"", "attribute" : "oldValue"}, {"value" : "\"Beijing\"", "attribute" : "newValue"}, {"value" : "\"io.opencui.test.SlotUpdateTestIntent.citiesFrom\"", "attribute" : "originalSlot"}, {"value" : "\"1\"", "attribute" : "index"}], "packageName": "io.opencui.test"}]}
Executing response  consumed 1 millisecond.
reply = You just said Beijing_norm, do you mean you want to change 1st origins from Shanghai_norm?
{"type":"DirectlyFillAction","payload":"FILL SLOT for target : io.opencui.test.SlotUpdate, slot : originalValue"}
{"type":"SlotAskAction","payload":"You just said Beijing_norm, do you mean you want to change 1st origins from Shanghai_norm?"}
{"activeFrames":[{"frame":"io.opencui.core.Confirmation","slot":"status"},{"frame":"io.opencui.test.SlotUpdate","slot":"confirm"}],"status":"OPEN"}
{"query": "20", "frames": [{"type": "Yes", "slots": [], "packagename": "io.opencui.core.confirmation"}]}
Executing response  consumed 1 millisecond.
reply = we have updated the 1st origins form Shanghai_norm to Beijing_norm for you
reply = any citiesTo else?
{"type":"SeqAction","payload":[{"type":"FillAction","payload":"FILL SLOT for target : io.opencui.test.SlotUpdateTestIntent, slot : citiesFrom._item"},{"type":"CleanupAction","payload":"CLEANUP SLOT : target=io.opencui.test.SlotUpdateTestIntent&slot=citiesFrom._item"},{"type":"RefocusAction","payload":""}]}
{"type":"TextOutputAction","payload":"we have updated the 1st origins form Shanghai_norm to Beijing_norm for you"}
{"type":"SlotAskAction","payload":"any citiesTo else?"}
{"activeFrames":[{"frame":"io.opencui.core.HasMore","slot":"status"},{"frame":"io.opencui.test.SlotUpdateTestIntent","slot":"citiesTo"}],"status":"OPEN"}
{"query": "21", "frames": [{"type": "SlotUpdate", "slots": [{"value" : "\"Beijing\"", "attribute" : "oldValue"}, {"value" : "\"Shanghai\"", "attribute" : "newValue"}, {"value" : "\"io.opencui.test.SlotUpdateTestIntent.citiesFrom\"", "attribute" : "originalSlot"}, {"value" : "\"3\"", "attribute" : "index"}], "packageName": "io.opencui.test"}]}
Executing response  consumed 5 millisecond.
reply = There's no 3rd value in origins
reply = There are multiple values in origins. Which one do you want to change?
reply = 1. 1st value: Beijing_norm
2. 2nd value: Beijing_norm
{"type":"SeqAction","payload":[{"type":"TextOutputAction","payload":"There's no 3rd value in origins"},{"type":"CleanupAction","payload":"CLEANUP SLOT : target=io.opencui.test.SlotUpdate&slot=index"},{"type":"RefocusAction","payload":""}]}
{"type":"FillAction","payload":"FILL SLOT value is null for target : io.opencui.core.PagedSelectable, slot : index"}
{"type":"SlotAskAction","payload":"There are multiple values in origins. Which one do you want to change?\n1. 1st value: Beijing_norm\n2. 2nd value: Beijing_norm"}
{"activeFrames":[{"frame":"io.opencui.test.SlotUpdate","slot":"index"},{"frame":"io.opencui.core.PagedSelectable","slot":"index"}],"status":"OPEN"}
{"query": "22", "frames": [{"type": "PagedSelectable", "slots": [{"value" : "\"1\"", "attribute" : "index"}]}]}
Executing response  consumed 2 millisecond.
reply = we have updated the 1st origins form Beijing_norm to Shanghai_norm for you
reply = any citiesTo else?
{"type":"SeqAction","payload":[{"type":"FillAction","payload":"FILL SLOT for target : io.opencui.test.SlotUpdate, slot : index"}]}
{"type":"DirectlyFillAction","payload":"FILL SLOT for target : io.opencui.test.SlotUpdate, slot : originalValue"}
{"type":"SeqAction","payload":[{"type":"FillAction","payload":"FILL SLOT for target : io.opencui.test.SlotUpdateTestIntent, slot : citiesFrom._item"},{"type":"CleanupAction","payload":"CLEANUP SLOT : target=io.opencui.test.SlotUpdateTestIntent&slot=citiesFrom._item"},{"type":"RefocusAction","payload":""}]}
{"type":"TextOutputAction","payload":"we have updated the 1st origins form Beijing_norm to Shanghai_norm for you"}
{"type":"SlotAskAction","payload":"any citiesTo else?"}
{"activeFrames":[{"frame":"io.opencui.core.HasMore","slot":"status"},{"frame":"io.opencui.test.SlotUpdateTestIntent","slot":"citiesTo"}],"status":"OPEN"}
{"query": "23", "frames": [{"type": "SlotUpdate", "slots": [{"value" : "\"Chengdu\"", "attribute" : "oldValue"}, {"value" : "\"Beijing\"", "attribute" : "newValue"}, {"value" : "\"io.opencui.test.SlotUpdateTestIntent.citiesFrom\"", "attribute" : "originalSlot"}, {"value" : "\"3\"", "attribute" : "index"}], "packageName": "io.opencui.test"}]}
Executing response  consumed 2 millisecond.
reply = There's no 3rd value in origins
reply = We have no clue what you are talking about.
reply = any citiesTo else?
{"type":"SeqAction","payload":[{"type":"TextOutputAction","payload":"There's no 3rd value in origins"},{"type":"CleanupAction","payload":"CLEANUP SLOT : target=io.opencui.test.SlotUpdate&slot=index"},{"type":"RefocusAction","payload":""}]}
{"type":"SeqAction","payload":[{"type":"MarkFillerDone","payload":"end filler for: index"}]}
{"type":"DirectlyFillAction","payload":"FILL SLOT value is null for target : io.opencui.test.SlotUpdate, slot : originalValue"}
{"type":"TextOutputAction","payload":"We have no clue what you are talking about."}
{"type":"SlotAskAction","payload":"any citiesTo else?"}
{"activeFrames":[{"frame":"io.opencui.core.HasMore","slot":"status"},{"frame":"io.opencui.test.SlotUpdateTestIntent","slot":"citiesTo"}],"status":"OPEN"}
{"query": "24", "frames": [{"type": "SlotUpdate", "slots": [{"value" : "\"Shanghai\"", "attribute" : "oldValue"}, {"value" : "\"io.opencui.test.SlotUpdateTestIntent.citiesFrom\"", "attribute" : "originalSlot"}, {"value" : "\"1\"", "attribute" : "index"}], "packageName": "io.opencui.test"}]}
Executing response  consumed 1 millisecond.
reply = What do you want for 1st origins?
{"type":"DirectlyFillAction","payload":"FILL SLOT for target : io.opencui.test.SlotUpdate, slot : originalValue"}
{"type":"SeqAction","payload":[{"type":"CleanupAction","payload":"CLEANUP SLOT : target=io.opencui.test.SlotUpdateTestIntent&slot=citiesFrom._item"},{"type":"UpdatePromptAction","payload":"UPDATED PROMPTS for filler citiesFrom._item"},{"type":"RefocusAction","payload":""}]}
{"type":"SlotAskAction","payload":"What do you want for 1st origins?"}
{"activeFrames":[{"frame":"io.opencui.test.SlotUpdateTestIntent","slot":"citiesFrom"}],"status":"OPEN"}
{"query": "25", "frames": [{"type": "SlotUpdateTestIntent", "slots": [{"value" : "\"Zhengzhou\"", "attribute" : "citiesFrom"}], "packageName": "io.opencui.test"}]}
Executing response  consumed 1 millisecond.
reply = any citiesTo else?
{"type":"SlotAskAction","payload":"any citiesTo else?"}
{"activeFrames":[{"frame":"io.opencui.core.HasMore","slot":"status"},{"frame":"io.opencui.test.SlotUpdateTestIntent","slot":"citiesTo"}],"status":"OPEN"}
{"query": "26", "frames": [{"type": "SlotUpdate", "slots": [{"value" : "\"Zhengzhou\"", "attribute" : "oldValue", "type": "io.opencui.test.City"}, {"value" : "\"Shenzhen\"", "attribute" : "newValue", "type": "io.opencui.test.City"}, {"value" : "\"1\"", "attribute" : "index"}], "packageName": "io.opencui.test"}]}
Executing response  consumed 3 millisecond.
reply = we have updated the 1st origins form Zhengzhou_norm to Shenzhen_norm for you
reply = any citiesTo else?
{"type":"DirectlyFillAction","payload":"FILL SLOT for target : io.opencui.test.SlotUpdate, slot : originalValue"}
{"type":"SeqAction","payload":[{"type":"FillAction","payload":"FILL SLOT for target : io.opencui.test.SlotUpdateTestIntent, slot : citiesFrom._item"},{"type":"CleanupAction","payload":"CLEANUP SLOT : target=io.opencui.test.SlotUpdateTestIntent&slot=citiesFrom._item"},{"type":"RefocusAction","payload":""}]}
{"type":"TextOutputAction","payload":"we have updated the 1st origins form Zhengzhou_norm to Shenzhen_norm for you"}
{"type":"SlotAskAction","payload":"any citiesTo else?"}
{"activeFrames":[{"frame":"io.opencui.core.HasMore","slot":"status"},{"frame":"io.opencui.test.SlotUpdateTestIntent","slot":"citiesTo"}],"status":"OPEN"}
{"query": "27", "frames": [{"type": "SlotUpdate", "slots": [{"value" : "\"Chengdu\"", "attribute" : "oldValue", "type": "io.opencui.test.City"}, {"value" : "\"Shenzhen\"", "attribute" : "newValue", "type": "io.opencui.test.City"}], "packageName": "io.opencui.test"}]}
Executing response  consumed 0 millisecond.
reply = target?
reply = by , which do you mean: (arrival), (destinations).
{"type":"FillAction","payload":"FILL SLOT value is null for target : io.opencui.core.PagedSelectable, slot : index"}
{"type":"SlotAskAction","payload":"target?\nby , which do you mean: (arrival), (destinations)."}
{"activeFrames":[{"frame":"io.opencui.core.ValueClarification$io.opencui.core.SlotType","slot":"target"},{"frame":"io.opencui.core.PagedSelectable","slot":"index"}],"status":"OPEN"}
{"query": "28", "frames": [{"type": "PagedSelectable", "slots": [{"value" : "\"2\"", "attribute" : "index"}]}]}
Executing response  consumed 3 millisecond.
reply = we have updated the 1st destinations form Chengdu_norm to Shenzhen_norm for you
reply = any citiesTo else?
{"type":"SeqAction","payload":[{"type":"FillAction","payload":"FILL SLOT for target : io.opencui.core.ValueClarification, slot : target"}]}
{"type":"FillAction","payload":"FILL SLOT for target : io.opencui.test.SlotUpdate, slot : originalSlot"}
{"type":"FillAction","payload":"FILL SLOT for target : io.opencui.core.PagedSelectable, slot : index"}
{"type":"SeqAction","payload":[{"type":"FillAction","payload":"FILL SLOT for target : io.opencui.test.SlotUpdate, slot : index"}]}
{"type":"DirectlyFillAction","payload":"FILL SLOT for target : io.opencui.test.SlotUpdate, slot : originalValue"}
{"type":"SeqAction","payload":[{"type":"FillAction","payload":"FILL SLOT for target : io.opencui.test.SlotUpdateTestIntent, slot : citiesTo._item"},{"type":"CleanupAction","payload":"CLEANUP SLOT : target=io.opencui.test.SlotUpdateTestIntent&slot=citiesTo._item"},{"type":"RefocusAction","payload":""}]}
{"type":"TextOutputAction","payload":"we have updated the 1st destinations form Chengdu_norm to Shenzhen_norm for you"}
{"type":"SlotAskAction","payload":"any citiesTo else?"}
{"activeFrames":[{"frame":"io.opencui.core.HasMore","slot":"status"},{"frame":"io.opencui.test.SlotUpdateTestIntent","slot":"citiesTo"}],"status":"OPEN"}
{"query": "29", "frames": [{"type": "No", "slots": [], "packageName": "io.opencui.core.hasMore"}]}
Executing response  consumed 2 millisecond.
reply = Hi, 
cityFrom = Shanghai 
cityTo = Chengdu 
citiesFrom = Shenzhen, Beijing 
citiesTo = Shenzhen, Shenzhen
{"type":"SlotUpdateTestIntent_0","payload":"Hi, \ncityFrom = Shanghai \ncityTo = Chengdu \ncitiesFrom = Shenzhen, Beijing \ncitiesTo = Shenzhen, Shenzhen"}
null
drop table if exists mobile

                    CREATE TABLE mobile (
                    id INT PRIMARY KEY,
                    cellphone VARCHAR(255),
                    amount double DEFAULT NULL)
                     AS SELECT * FROM CSVREAD('classpath:/test/mobile.csv', null, 'lineComment=#')
drop table if exists cellphone

                    CREATE TABLE cellphone (
                    id INT PRIMARY KEY,
                    cellphoneMapping VARCHAR(255),
                    nameMapping VARCHAR(255))
                     AS SELECT * FROM CSVREAD('file:/home/sean/newworld/runtime/core/build/resources/test/test/cellphone.csv', null, 'lineComment=#')
drop table if exists flight

                    CREATE TABLE flight (
                    id INT PRIMARY KEY,
                    origin VARCHAR(255),
                    destination VARCHAR(255),
                    flight VARCHAR(255))
                     AS SELECT * FROM CSVREAD('classpath:/test/flight.csv', null, 'lineComment=#')
drop table if exists booked_flight
CREATE TABLE booked_flight (
 id INT PRIMARY KEY AUTO_INCREMENT,
 flight VARCHAR(255),
 user VARCHAR(255))
drop table if exists hotel

                    CREATE TABLE hotel (
                    id INT PRIMARY KEY,
                    city VARCHAR(255),
                    hotel VARCHAR(255))
                     AS SELECT * FROM CSVREAD('classpath:/test/hotel.csv', null, 'lineComment=#')
drop table if exists booked_hotel
CREATE TABLE booked_hotel (
 id INT PRIMARY KEY,
 hotel VARCHAR(255),
 user VARCHAR(255))
drop table if exists hotel_address
CREATE TABLE hotel_address (
 id INT PRIMARY KEY,
 hotel VARCHAR(255),
 address VARCHAR(255)) AS SELECT * FROM CSVREAD('classpath:/test/hotel_address.csv', null, 'lineComment=#')
drop table if exists intents

                CREATE TABLE intents (
                id INT PRIMARY KEY,
                node_state VARCHAR(255),
                "@class" VARCHAR(255), 
                current_node NVARCHAR(255) NULL)
                 AS SELECT * FROM CSVREAD('classpath:/test/intents.csv', null, 'lineComment=#')
drop table if exists dish

                CREATE TABLE dish (
                id INT PRIMARY KEY,
                dish VARCHAR(255))
                 AS SELECT * FROM CSVREAD('classpath:/test/dish.csv', null, 'lineComment=#')
{"query": "1", "frames": [{"type": "MoreBasics", "slots": [{"value": "4", "attribute": "int_condition"}, {"value": "true", "attribute": "bool_condition"}, {"value" : "\"visa\"", "origValue": "orig_value_visa",  "type" : "PayMethod", "attribute" : "payMethod"}]}]}
Executing response  consumed 3 millisecond.
reply = condition met and ask conditional slot
{"type":"SlotAskAction","payload":"condition met and ask conditional slot"}
{"activeFrames":[{"frame":"io.opencui.test.MoreBasics","slot":"conditional_slot"}],"status":"OPEN"}
{"query": "2", "frames": [{"type": "MoreBasics", "slots": [{"value": "\"right\"", "attribute": "conditional_slot"}]}]}
Executing response  consumed 1 millisecond.
reply = original value is orig_value_visa, associate slot value is associate value
{"type":"FillAction","payload":"FILL SLOT for target : io.opencui.test.MoreBasics, slot : associateSlot"}
{"type":"MoreBasics_0","payload":"original value is orig_value_visa, associate slot value is associate value"}
null
drop table if exists mobile

                    CREATE TABLE mobile (
                    id INT PRIMARY KEY,
                    cellphone VARCHAR(255),
                    amount double DEFAULT NULL)
                     AS SELECT * FROM CSVREAD('classpath:/test/mobile.csv', null, 'lineComment=#')
drop table if exists cellphone

                    CREATE TABLE cellphone (
                    id INT PRIMARY KEY,
                    cellphoneMapping VARCHAR(255),
                    nameMapping VARCHAR(255))
                     AS SELECT * FROM CSVREAD('file:/home/sean/newworld/runtime/core/build/resources/test/test/cellphone.csv', null, 'lineComment=#')
drop table if exists flight

                    CREATE TABLE flight (
                    id INT PRIMARY KEY,
                    origin VARCHAR(255),
                    destination VARCHAR(255),
                    flight VARCHAR(255))
                     AS SELECT * FROM CSVREAD('classpath:/test/flight.csv', null, 'lineComment=#')
drop table if exists booked_flight
CREATE TABLE booked_flight (
 id INT PRIMARY KEY AUTO_INCREMENT,
 flight VARCHAR(255),
 user VARCHAR(255))
drop table if exists hotel

                    CREATE TABLE hotel (
                    id INT PRIMARY KEY,
                    city VARCHAR(255),
                    hotel VARCHAR(255))
                     AS SELECT * FROM CSVREAD('classpath:/test/hotel.csv', null, 'lineComment=#')
drop table if exists booked_hotel
CREATE TABLE booked_hotel (
 id INT PRIMARY KEY,
 hotel VARCHAR(255),
 user VARCHAR(255))
drop table if exists hotel_address
CREATE TABLE hotel_address (
 id INT PRIMARY KEY,
 hotel VARCHAR(255),
 address VARCHAR(255)) AS SELECT * FROM CSVREAD('classpath:/test/hotel_address.csv', null, 'lineComment=#')
drop table if exists intents

                CREATE TABLE intents (
                id INT PRIMARY KEY,
                node_state VARCHAR(255),
                "@class" VARCHAR(255), 
                current_node NVARCHAR(255) NULL)
                 AS SELECT * FROM CSVREAD('classpath:/test/intents.csv', null, 'lineComment=#')
drop table if exists dish

                CREATE TABLE dish (
                id INT PRIMARY KEY,
                dish VARCHAR(255))
                 AS SELECT * FROM CSVREAD('classpath:/test/dish.csv', null, 'lineComment=#')
{"query": "1", "frames": [{"type": "ContextBasedRecIntent", "slots": [], "packageName": "io.opencui.test"}, {"type": "ContextBasedRecFrame", "attribute": "f", "slots": [{"value" : "\"a\"", "attribute" : "a"}], "packageName": "io.opencui.test"}]}
Executing response  consumed 9 millisecond.
reply = We have following 2 choices: (c;c), (d;d).
{"type":"DirectlyFillAction","payload":"FILL SLOT for target : io.opencui.test.RecommendationIntentForContextBasedRec, slot : result"}
{"type":"FillAction","payload":"FILL SLOT value is null for target : io.opencui.core.PagedSelectable, slot : index"}
{"type":"SlotAskAction","payload":"We have following 2 choices: (c;c), (d;d)."}
{"activeFrames":[{"frame":"io.opencui.test.ContextBasedRecFrame"},{"frame":"io.opencui.core.PagedSelectable","slot":"index"}],"status":"OPEN"}
{"query": "2", "frames": [{"type": "PagedSelectable", "slots": [{"value" : "\"2\"", "attribute" : "index"}]}]}
Executing response  consumed 2 millisecond.
reply = f=d
{"type":"SeqAction","payload":[{"type":"FillAction","payload":"FILL SLOT for target : io.opencui.test.ContextBasedRecFrame, slot : "}]}
{"type":"TextOutputAction","payload":"f=d"}
null
drop table if exists mobile

                    CREATE TABLE mobile (
                    id INT PRIMARY KEY,
                    cellphone VARCHAR(255),
                    amount double DEFAULT NULL)
                     AS SELECT * FROM CSVREAD('classpath:/test/mobile.csv', null, 'lineComment=#')
drop table if exists cellphone

                    CREATE TABLE cellphone (
                    id INT PRIMARY KEY,
                    cellphoneMapping VARCHAR(255),
                    nameMapping VARCHAR(255))
                     AS SELECT * FROM CSVREAD('file:/home/sean/newworld/runtime/core/build/resources/test/test/cellphone.csv', null, 'lineComment=#')
drop table if exists flight

                    CREATE TABLE flight (
                    id INT PRIMARY KEY,
                    origin VARCHAR(255),
                    destination VARCHAR(255),
                    flight VARCHAR(255))
                     AS SELECT * FROM CSVREAD('classpath:/test/flight.csv', null, 'lineComment=#')
drop table if exists booked_flight
CREATE TABLE booked_flight (
 id INT PRIMARY KEY AUTO_INCREMENT,
 flight VARCHAR(255),
 user VARCHAR(255))
drop table if exists hotel

                    CREATE TABLE hotel (
                    id INT PRIMARY KEY,
                    city VARCHAR(255),
                    hotel VARCHAR(255))
                     AS SELECT * FROM CSVREAD('classpath:/test/hotel.csv', null, 'lineComment=#')
drop table if exists booked_hotel
CREATE TABLE booked_hotel (
 id INT PRIMARY KEY,
 hotel VARCHAR(255),
 user VARCHAR(255))
drop table if exists hotel_address
CREATE TABLE hotel_address (
 id INT PRIMARY KEY,
 hotel VARCHAR(255),
 address VARCHAR(255)) AS SELECT * FROM CSVREAD('classpath:/test/hotel_address.csv', null, 'lineComment=#')
drop table if exists intents

                CREATE TABLE intents (
                id INT PRIMARY KEY,
                node_state VARCHAR(255),
                "@class" VARCHAR(255), 
                current_node NVARCHAR(255) NULL)
                 AS SELECT * FROM CSVREAD('classpath:/test/intents.csv', null, 'lineComment=#')
drop table if exists dish

                CREATE TABLE dish (
                id INT PRIMARY KEY,
                dish VARCHAR(255))
                 AS SELECT * FROM CSVREAD('classpath:/test/dish.csv', null, 'lineComment=#')
{"query": "1", "frames": [{"type": "Main", "slots": []}]}
Executing response  consumed 19 millisecond.
reply = Good day!
reply = What can I do for you? (Main)
reply = We have following 2 choices: (internal alias), (internal alias).
{"type":"TextOutputAction","payload":"Good day!"}
{"type":"FillAction","payload":"FILL SLOT value is null for target : io.opencui.core.PagedSelectable, slot : index"}
{"type":"SlotAskAction","payload":"What can I do for you? (Main)\nWe have following 2 choices: (internal alias), (internal alias)."}
{"activeFrames":[{"frame":"io.opencui.core.HasMore","slot":"status"},{"frame":"io.opencui.test.Main","slot":"skills"},{"frame":"io.opencui.core.PagedSelectable","slot":"index"}],"status":"OPEN"}
{"query": "2", "frames": [{"type": "BookVacation", "slots": [], "packageName": "io.opencui.test"}]}
Executing response  consumed 27 millisecond.
reply = From where?
{"type":"SeqAction","payload":[{"type":"SeqAction","payload":[{"type":"DirectlyFillAction","payload":"FILL SLOT for target : io.opencui.core.PagedSelectable, slot : conditionMap"},{"type":"DirectlyFillAction","payload":"FILL SLOT for target : io.opencui.core.PagedSelectable, slot : page"},{"type":"ReinitAction","payload":"REINIT SLOT : target=io.opencui.core.PagedSelectable&slot=index"},{"type":"CleanupAction","payload":"CLEANUP SLOT : target=io.opencui.core.PagedSelectable&slot=index"}]}]}
{"type":"SeqAction","payload":[{"type":"FillAction","payload":"FILL SLOT for target : io.opencui.test.Main, slot : skills"}]}
{"type":"SlotAskAction","payload":"From where?"}
{"activeFrames":[{"frame":"io.opencui.test.BookFlight","slot":"origin"}],"status":"OPEN"}
{"query": "3", "frames": [{"type": "AbortIntent", "slots": [], "packageName": "io.opencui.core"}]}
Executing response  consumed 18 millisecond.
reply = io.opencui.test.BookVacation is Aborted successfully!
reply = What else can I do for you? (Main)
reply = We have following 2 choices: (internal alias), (internal alias).
{"type":"AbortIntentAction","payload":"io.opencui.test.BookVacation is Aborted successfully!"}
{"type":"FillAction","payload":"FILL SLOT value is null for target : io.opencui.core.PagedSelectable, slot : index"}
{"type":"SlotAskAction","payload":"What else can I do for you? (Main)\nWe have following 2 choices: (internal alias), (internal alias)."}
{"activeFrames":[{"frame":"io.opencui.core.HasMore","slot":"status"},{"frame":"io.opencui.test.Main","slot":"skills"},{"frame":"io.opencui.core.PagedSelectable","slot":"index"}],"status":"OPEN"}
{"query": "4", "frames": [{"type": "BookVacation", "slots": [], "packageName": "io.opencui.test"}]}
Executing response  consumed 25 millisecond.
reply = From where?
{"type":"SeqAction","payload":[{"type":"SeqAction","payload":[{"type":"DirectlyFillAction","payload":"FILL SLOT for target : io.opencui.core.PagedSelectable, slot : conditionMap"},{"type":"DirectlyFillAction","payload":"FILL SLOT for target : io.opencui.core.PagedSelectable, slot : page"},{"type":"ReinitAction","payload":"REINIT SLOT : target=io.opencui.core.PagedSelectable&slot=index"},{"type":"CleanupAction","payload":"CLEANUP SLOT : target=io.opencui.core.PagedSelectable&slot=index"}]}]}
{"type":"SeqAction","payload":[{"type":"FillAction","payload":"FILL SLOT for target : io.opencui.test.Main, slot : skills"}]}
{"type":"SlotAskAction","payload":"From where?"}
{"activeFrames":[{"frame":"io.opencui.test.BookFlight","slot":"origin"}],"status":"OPEN"}
{"query": "5", "frames": [{"type": "AbortIntent", "slots": [{"value": "\"io.opencui.test.Main\"", "attribute": "intentType"}], "packageName": "io.opencui.core"}]}
Executing response  consumed 2 millisecond.
reply = io.opencui.test.Main is Aborted successfully!
{"type":"AbortIntentAction","payload":"io.opencui.test.Main is Aborted successfully!"}
null
drop table if exists mobile

                    CREATE TABLE mobile (
                    id INT PRIMARY KEY,
                    cellphone VARCHAR(255),
                    amount double DEFAULT NULL)
                     AS SELECT * FROM CSVREAD('classpath:/test/mobile.csv', null, 'lineComment=#')
drop table if exists cellphone

                    CREATE TABLE cellphone (
                    id INT PRIMARY KEY,
                    cellphoneMapping VARCHAR(255),
                    nameMapping VARCHAR(255))
                     AS SELECT * FROM CSVREAD('file:/home/sean/newworld/runtime/core/build/resources/test/test/cellphone.csv', null, 'lineComment=#')
drop table if exists flight

                    CREATE TABLE flight (
                    id INT PRIMARY KEY,
                    origin VARCHAR(255),
                    destination VARCHAR(255),
                    flight VARCHAR(255))
                     AS SELECT * FROM CSVREAD('classpath:/test/flight.csv', null, 'lineComment=#')
drop table if exists booked_flight
CREATE TABLE booked_flight (
 id INT PRIMARY KEY AUTO_INCREMENT,
 flight VARCHAR(255),
 user VARCHAR(255))
drop table if exists hotel

                    CREATE TABLE hotel (
                    id INT PRIMARY KEY,
                    city VARCHAR(255),
                    hotel VARCHAR(255))
                     AS SELECT * FROM CSVREAD('classpath:/test/hotel.csv', null, 'lineComment=#')
drop table if exists booked_hotel
CREATE TABLE booked_hotel (
 id INT PRIMARY KEY,
 hotel VARCHAR(255),
 user VARCHAR(255))
drop table if exists hotel_address
CREATE TABLE hotel_address (
 id INT PRIMARY KEY,
 hotel VARCHAR(255),
 address VARCHAR(255)) AS SELECT * FROM CSVREAD('classpath:/test/hotel_address.csv', null, 'lineComment=#')
drop table if exists intents

                CREATE TABLE intents (
                id INT PRIMARY KEY,
                node_state VARCHAR(255),
                "@class" VARCHAR(255), 
                current_node NVARCHAR(255) NULL)
                 AS SELECT * FROM CSVREAD('classpath:/test/intents.csv', null, 'lineComment=#')
drop table if exists dish

                CREATE TABLE dish (
                id INT PRIMARY KEY,
                dish VARCHAR(255))
                 AS SELECT * FROM CSVREAD('classpath:/test/dish.csv', null, 'lineComment=#')
{"query": "1", "frames": [{"type": "AssociationTestIntent", "slots": []}]}
Executing response  consumed 3 millisecond.
reply = intent bbb?
{"type":"FillAction","payload":"FILL SLOT for target : io.opencui.test.AssociationTestIntent, slot : aaa"}
{"type":"SlotAskAction","payload":"intent bbb?"}
{"activeFrames":[{"frame":"io.opencui.test.AssociationTestIntent","slot":"bbb"}],"status":"OPEN"}
{"query": "2", "frames": [{"type": "AssociationTestIntent", "slots": [{"value" : "\"eee\"", "attribute" : "bbb"}]}]}
Executing response  consumed 10 millisecond.
reply = Hi, aaa=aaa; bbb=eee; Aaaa=aaa; Abbb=bbb; Baaa=ccc; Bbbb=ddd
{"type":"FillAction","payload":"FILL SLOT for target : io.opencui.test.AssociationTestFrame, slot : "}
{"type":"FillAction","payload":"FILL SLOT for target : io.opencui.test.AssociationTestFrame, slot : "}
{"type":"AssociationTestIntent_0","payload":"Hi, aaa=aaa; bbb=eee; Aaaa=aaa; Abbb=bbb; Baaa=ccc; Bbbb=ddd"}
null
drop table if exists mobile

                    CREATE TABLE mobile (
                    id INT PRIMARY KEY,
                    cellphone VARCHAR(255),
                    amount double DEFAULT NULL)
                     AS SELECT * FROM CSVREAD('classpath:/test/mobile.csv', null, 'lineComment=#')
drop table if exists cellphone

                    CREATE TABLE cellphone (
                    id INT PRIMARY KEY,
                    cellphoneMapping VARCHAR(255),
                    nameMapping VARCHAR(255))
                     AS SELECT * FROM CSVREAD('file:/home/sean/newworld/runtime/core/build/resources/test/test/cellphone.csv', null, 'lineComment=#')
drop table if exists flight

                    CREATE TABLE flight (
                    id INT PRIMARY KEY,
                    origin VARCHAR(255),
                    destination VARCHAR(255),
                    flight VARCHAR(255))
                     AS SELECT * FROM CSVREAD('classpath:/test/flight.csv', null, 'lineComment=#')
drop table if exists booked_flight
CREATE TABLE booked_flight (
 id INT PRIMARY KEY AUTO_INCREMENT,
 flight VARCHAR(255),
 user VARCHAR(255))
drop table if exists hotel

                    CREATE TABLE hotel (
                    id INT PRIMARY KEY,
                    city VARCHAR(255),
                    hotel VARCHAR(255))
                     AS SELECT * FROM CSVREAD('classpath:/test/hotel.csv', null, 'lineComment=#')
drop table if exists booked_hotel
CREATE TABLE booked_hotel (
 id INT PRIMARY KEY,
 hotel VARCHAR(255),
 user VARCHAR(255))
drop table if exists hotel_address
CREATE TABLE hotel_address (
 id INT PRIMARY KEY,
 hotel VARCHAR(255),
 address VARCHAR(255)) AS SELECT * FROM CSVREAD('classpath:/test/hotel_address.csv', null, 'lineComment=#')
drop table if exists intents

                CREATE TABLE intents (
                id INT PRIMARY KEY,
                node_state VARCHAR(255),
                "@class" VARCHAR(255), 
                current_node NVARCHAR(255) NULL)
                 AS SELECT * FROM CSVREAD('classpath:/test/intents.csv', null, 'lineComment=#')
drop table if exists dish

                CREATE TABLE dish (
                id INT PRIMARY KEY,
                dish VARCHAR(255))
                 AS SELECT * FROM CSVREAD('classpath:/test/dish.csv', null, 'lineComment=#')
{"query": "1", "frames": [{"type": "MultiValueValueCheck", "slots": []}]}
Executing response  consumed 2 millisecond.
reply = payMethod?
{"type":"SlotAskAction","payload":"payMethod?"}
{"activeFrames":[{"frame":"io.opencui.core.HasMore","slot":"status"},{"frame":"io.opencui.test.MultiValueValueCheck","slot":"payMethodList"}],"status":"OPEN"}
{"query": "2", "frames": [{"type": "MultiValueValueCheck", "slots": [{"value" : "\"mastercard\"", "attribute" : "payMethodList"}], "packageName": "io.opencui.test"}]}
Executing response  consumed 1 millisecond.
reply = any payMethod else?
{"type":"SlotAskAction","payload":"any payMethod else?"}
{"activeFrames":[{"frame":"io.opencui.core.HasMore","slot":"status"},{"frame":"io.opencui.test.MultiValueValueCheck","slot":"payMethodList"}],"status":"OPEN"}
{"query": "3", "frames": [{"type": "No", "slots": [], "packageName": "io.opencui.core.hasMore"}]}
Executing response  consumed 1 millisecond.
reply = payMethodList check failed, size = 0
reply = payMethod?
{"type":"SeqAction","payload":[{"type":"TextOutputAction","payload":"payMethodList check failed, size = 1"},{"type":"CleanupAction","payload":"CLEANUP SLOT : target=io.opencui.test.MultiValueValueCheck&slot=payMethodList"},{"type":"RefocusAction","payload":""}]}
{"type":"SlotAskAction","payload":"payMethod?"}
{"activeFrames":[{"frame":"io.opencui.core.HasMore","slot":"status"},{"frame":"io.opencui.test.MultiValueValueCheck","slot":"payMethodList"}],"status":"OPEN"}
{"query": "4", "frames": [{"type": "MultiValueValueCheck", "slots": [{"value" : "\"visa\"", "attribute" : "payMethodList"}], "packageName": "io.opencui.test"}]}
Executing response  consumed 0 millisecond.
reply = any payMethod else?
{"type":"SlotAskAction","payload":"any payMethod else?"}
{"activeFrames":[{"frame":"io.opencui.core.HasMore","slot":"status"},{"frame":"io.opencui.test.MultiValueValueCheck","slot":"payMethodList"}],"status":"OPEN"}
{"query": "5", "frames": [{"type": "No", "slots": [], "packageName": "io.opencui.core.hasMore"}]}
Executing response  consumed 1 millisecond.
reply = Hi, pay method = 1
{"type":"MultiValueValueCheck_0","payload":"Hi, pay method = 1"}
null
drop table if exists mobile

                    CREATE TABLE mobile (
                    id INT PRIMARY KEY,
                    cellphone VARCHAR(255),
                    amount double DEFAULT NULL)
                     AS SELECT * FROM CSVREAD('classpath:/test/mobile.csv', null, 'lineComment=#')
drop table if exists cellphone

                    CREATE TABLE cellphone (
                    id INT PRIMARY KEY,
                    cellphoneMapping VARCHAR(255),
                    nameMapping VARCHAR(255))
                     AS SELECT * FROM CSVREAD('file:/home/sean/newworld/runtime/core/build/resources/test/test/cellphone.csv', null, 'lineComment=#')
drop table if exists flight

                    CREATE TABLE flight (
                    id INT PRIMARY KEY,
                    origin VARCHAR(255),
                    destination VARCHAR(255),
                    flight VARCHAR(255))
                     AS SELECT * FROM CSVREAD('classpath:/test/flight.csv', null, 'lineComment=#')
drop table if exists booked_flight
CREATE TABLE booked_flight (
 id INT PRIMARY KEY AUTO_INCREMENT,
 flight VARCHAR(255),
 user VARCHAR(255))
drop table if exists hotel

                    CREATE TABLE hotel (
                    id INT PRIMARY KEY,
                    city VARCHAR(255),
                    hotel VARCHAR(255))
                     AS SELECT * FROM CSVREAD('classpath:/test/hotel.csv', null, 'lineComment=#')
drop table if exists booked_hotel
CREATE TABLE booked_hotel (
 id INT PRIMARY KEY,
 hotel VARCHAR(255),
 user VARCHAR(255))
drop table if exists hotel_address
CREATE TABLE hotel_address (
 id INT PRIMARY KEY,
 hotel VARCHAR(255),
 address VARCHAR(255)) AS SELECT * FROM CSVREAD('classpath:/test/hotel_address.csv', null, 'lineComment=#')
drop table if exists intents

                CREATE TABLE intents (
                id INT PRIMARY KEY,
                node_state VARCHAR(255),
                "@class" VARCHAR(255), 
                current_node NVARCHAR(255) NULL)
                 AS SELECT * FROM CSVREAD('classpath:/test/intents.csv', null, 'lineComment=#')
drop table if exists dish

                CREATE TABLE dish (
                id INT PRIMARY KEY,
                dish VARCHAR(255))
                 AS SELECT * FROM CSVREAD('classpath:/test/dish.csv', null, 'lineComment=#')
{"query": "1", "frames": [{"type": "", "slots": []}]}
Executing response  consumed 3 millisecond.
reply = Which package?
reply = We have following 2 choices for intents : (io.opencui.test, BookHotel), (io.opencui.core, IDonotKnowWhatToDo).
{"type":"FillAction","payload":"FILL SLOT value is null for target : io.opencui.core.PagedSelectable, slot : index"}
{"type":"SlotAskAction","payload":"Which package?\nWe have following 2 choices for intents : (io.opencui.test, BookHotel), (io.opencui.core, IDonotKnowWhatToDo)."}
{"activeFrames":[{"frame":"io.opencui.core.IntentSuggestion","slot":"intentPackage"},{"frame":"io.opencui.core.PagedSelectable","slot":"index"}],"status":"OPEN"}
{"query": "2", "frames": [{"type": "PagedSelectable", "slots": [{"value" : "\"2\"", "attribute" : "index"}]}]}
Executing response  consumed 6 millisecond.
reply = I do not know what to do now.
{"type":"SeqAction","payload":[{"type":"FillAction","payload":"FILL SLOT for target : io.opencui.core.IntentSuggestion, slot : "}]}
{"type":"IntentAction","payload":"INTENT ACTION : io.opencui.core.IDonotKnowWhatToDo"}
{"type":"TextOutputAction","payload":"I do not know what to do now."}
null
{"query": "3", "frames": [{"type": "IntentSuggestion", "slots": [], "packageName": "io.opencui.core"}]}
Executing response  consumed 1 millisecond.
reply = Which package?
reply = We have following 2 choices for intents : (io.opencui.test, BookHotel), (io.opencui.core, IDonotKnowWhatToDo).
{"type":"FillAction","payload":"FILL SLOT value is null for target : io.opencui.core.PagedSelectable, slot : index"}
{"type":"SlotAskAction","payload":"Which package?\nWe have following 2 choices for intents : (io.opencui.test, BookHotel), (io.opencui.core, IDonotKnowWhatToDo)."}
{"activeFrames":[{"frame":"io.opencui.core.IntentSuggestion","slot":"intentPackage"},{"frame":"io.opencui.core.PagedSelectable","slot":"index"}],"status":"OPEN"}
{"query": "4", "frames": [{"type": "IDonotKnowWhatToDo", "slots": [], "packageName": "io.opencui.core"}]}
Executing response  consumed 0 millisecond.
reply = I do not know what to do now.
{"type":"TextOutputAction","payload":"I do not know what to do now."}
null
drop table if exists mobile

                    CREATE TABLE mobile (
                    id INT PRIMARY KEY,
                    cellphone VARCHAR(255),
                    amount double DEFAULT NULL)
                     AS SELECT * FROM CSVREAD('classpath:/test/mobile.csv', null, 'lineComment=#')
drop table if exists cellphone

                    CREATE TABLE cellphone (
                    id INT PRIMARY KEY,
                    cellphoneMapping VARCHAR(255),
                    nameMapping VARCHAR(255))
                     AS SELECT * FROM CSVREAD('file:/home/sean/newworld/runtime/core/build/resources/test/test/cellphone.csv', null, 'lineComment=#')
drop table if exists flight

                    CREATE TABLE flight (
                    id INT PRIMARY KEY,
                    origin VARCHAR(255),
                    destination VARCHAR(255),
                    flight VARCHAR(255))
                     AS SELECT * FROM CSVREAD('classpath:/test/flight.csv', null, 'lineComment=#')
drop table if exists booked_flight
CREATE TABLE booked_flight (
 id INT PRIMARY KEY AUTO_INCREMENT,
 flight VARCHAR(255),
 user VARCHAR(255))
drop table if exists hotel

                    CREATE TABLE hotel (
                    id INT PRIMARY KEY,
                    city VARCHAR(255),
                    hotel VARCHAR(255))
                     AS SELECT * FROM CSVREAD('classpath:/test/hotel.csv', null, 'lineComment=#')
drop table if exists booked_hotel
CREATE TABLE booked_hotel (
 id INT PRIMARY KEY,
 hotel VARCHAR(255),
 user VARCHAR(255))
drop table if exists hotel_address
CREATE TABLE hotel_address (
 id INT PRIMARY KEY,
 hotel VARCHAR(255),
 address VARCHAR(255)) AS SELECT * FROM CSVREAD('classpath:/test/hotel_address.csv', null, 'lineComment=#')
drop table if exists intents

                CREATE TABLE intents (
                id INT PRIMARY KEY,
                node_state VARCHAR(255),
                "@class" VARCHAR(255), 
                current_node NVARCHAR(255) NULL)
                 AS SELECT * FROM CSVREAD('classpath:/test/intents.csv', null, 'lineComment=#')
drop table if exists dish

                CREATE TABLE dish (
                id INT PRIMARY KEY,
                dish VARCHAR(255))
                 AS SELECT * FROM CSVREAD('classpath:/test/dish.csv', null, 'lineComment=#')
{"query": "1", "frames": [{"type": "FreeActionConfirmationTestIntent", "slots": [{"value" : "\"aaa\"", "attribute" : "s"}], "packageName": "io.opencui.test"}]}
Executing response  consumed 4 millisecond.
reply = r u sure of string value aaa
{"type":"SlotAskAction","payload":"r u sure of string value aaa"}
{"activeFrames":[{"frame":"io.opencui.core.Confirmation","slot":"status"},{"frame":"io.opencui.core.FreeActionConfirmation","slot":"status"}],"status":"OPEN"}
{"query": "2", "frames": [{"type": "No", "slots": [], "packagename": "io.opencui.core.confirmation"}]}
Executing response  consumed 1 millisecond.
reply = What do you want to do next? You can change your choice before, leave the task and more.
{"type":"SlotAskAction","payload":"What do you want to do next? You can change your choice before, leave the task and more."}
{"activeFrames":[{"frame":"io.opencui.core.FreeActionConfirmation","slot":"action"}],"status":"OPEN"}
{"query": "3", "frames": [{"type": "SlotUpdate", "slots": [{"value" : "\"aaa\"", "attribute" : "oldValue"}, {"value" : "\"bbb\"", "attribute" : "newValue"}, {"value" : "\"io.opencui.test.FreeActionConfirmationTestIntent.s\"", "attribute" : "originalSlot"}], "packageName": "io.opencui.test"}]}
Executing response  consumed 4 millisecond.
reply = r u sure of string value bbb
{"type":"DirectlyFillAction","payload":"FILL SLOT for target : io.opencui.test.SlotUpdate, slot : originalValue"}
{"type":"SeqAction","payload":[{"type":"FillAction","payload":"FILL SLOT for target : io.opencui.test.FreeActionConfirmationTestIntent, slot : s"},{"type":"CleanupAction","payload":"CLEANUP SLOT : target=io.opencui.test.FreeActionConfirmationTestIntent&slot=s"},{"type":"RefocusAction","payload":""}]}
{"type":"SlotAskAction","payload":"r u sure of string value bbb"}
{"activeFrames":[{"frame":"io.opencui.core.Confirmation","slot":"status"},{"frame":"io.opencui.core.FreeActionConfirmation","slot":"status"}],"status":"OPEN"}
{"query": "4", "frames": [{"type": "Yes", "slots": [], "packagename": "io.opencui.core.confirmation"}]}
Executing response  consumed 2 millisecond.
reply = we have updated io.opencui.test.FreeActionConfirmationTestIntent.s form aaa to bbb for you
reply = s=bbb
{"type":"TextOutputAction","payload":"we have updated io.opencui.test.FreeActionConfirmationTestIntent.s form aaa to bbb for you"}
{"type":"TextOutputAction","payload":"s=bbb"}
null
drop table if exists mobile

                    CREATE TABLE mobile (
                    id INT PRIMARY KEY,
                    cellphone VARCHAR(255),
                    amount double DEFAULT NULL)
                     AS SELECT * FROM CSVREAD('classpath:/test/mobile.csv', null, 'lineComment=#')
drop table if exists cellphone

                    CREATE TABLE cellphone (
                    id INT PRIMARY KEY,
                    cellphoneMapping VARCHAR(255),
                    nameMapping VARCHAR(255))
                     AS SELECT * FROM CSVREAD('file:/home/sean/newworld/runtime/core/build/resources/test/test/cellphone.csv', null, 'lineComment=#')
drop table if exists flight

                    CREATE TABLE flight (
                    id INT PRIMARY KEY,
                    origin VARCHAR(255),
                    destination VARCHAR(255),
                    flight VARCHAR(255))
                     AS SELECT * FROM CSVREAD('classpath:/test/flight.csv', null, 'lineComment=#')
drop table if exists booked_flight
CREATE TABLE booked_flight (
 id INT PRIMARY KEY AUTO_INCREMENT,
 flight VARCHAR(255),
 user VARCHAR(255))
drop table if exists hotel

                    CREATE TABLE hotel (
                    id INT PRIMARY KEY,
                    city VARCHAR(255),
                    hotel VARCHAR(255))
                     AS SELECT * FROM CSVREAD('classpath:/test/hotel.csv', null, 'lineComment=#')
drop table if exists booked_hotel
CREATE TABLE booked_hotel (
 id INT PRIMARY KEY,
 hotel VARCHAR(255),
 user VARCHAR(255))
drop table if exists hotel_address
CREATE TABLE hotel_address (
 id INT PRIMARY KEY,
 hotel VARCHAR(255),
 address VARCHAR(255)) AS SELECT * FROM CSVREAD('classpath:/test/hotel_address.csv', null, 'lineComment=#')
drop table if exists intents

                CREATE TABLE intents (
                id INT PRIMARY KEY,
                node_state VARCHAR(255),
                "@class" VARCHAR(255), 
                current_node NVARCHAR(255) NULL)
                 AS SELECT * FROM CSVREAD('classpath:/test/intents.csv', null, 'lineComment=#')
drop table if exists dish

                CREATE TABLE dish (
                id INT PRIMARY KEY,
                dish VARCHAR(255))
                 AS SELECT * FROM CSVREAD('classpath:/test/dish.csv', null, 'lineComment=#')
{"query": "1", "frames": [{"type": "MultiValueFrameRecIntent", "slots": []}]}
Executing response  consumed 48 millisecond.
reply = hotel?

reply = We have following 2 choices: (Seattle A Hotel), (Shanghai B Hotel).
{"type":"FillAction","payload":"FILL SLOT value is null for target : io.opencui.core.PagedSelectable, slot : index"}
{"type":"SlotAskAction","payload":"hotel?\n\nWe have following 2 choices: (Seattle A Hotel), (Shanghai B Hotel)."}
{"activeFrames":[{"frame":"io.opencui.core.HasMore","slot":"status"},{"frame":"io.opencui.test.Hotel"},{"frame":"io.opencui.core.PagedSelectable","slot":"index"}],"status":"OPEN"}
{"query": "2", "frames": [{"type": "PagedSelectable", "slots": [{"value" : "\"1\"", "attribute" : "index"}]}]}
Executing response  consumed 119 millisecond.
reply = any hotel else?

reply = We have following 2 choices: (Seattle A Hotel), (Shanghai B Hotel).
{"type":"SeqAction","payload":[{"type":"FillAction","payload":"FILL SLOT for target : io.opencui.test.MultiValueFrameRecIntent, slot : hotels"}]}
{"type":"FillAction","payload":"FILL SLOT value is null for target : io.opencui.core.PagedSelectable, slot : index"}
{"type":"SlotAskAction","payload":"any hotel else?\n\nWe have following 2 choices: (Seattle A Hotel), (Shanghai B Hotel)."}
{"activeFrames":[{"frame":"io.opencui.core.HasMore","slot":"status"},{"frame":"io.opencui.test.Hotel"},{"frame":"io.opencui.core.PagedSelectable","slot":"index"}],"status":"OPEN"}
{"query": "3", "frames": [{"type": "Hotel", "slots": [{"value" : "\"Shanghai\"", "attribute" : "city"}], "packageName": "io.opencui.test"}]}
Executing response  consumed 154 millisecond.
reply = any hotel else?

reply = We have following 2 choices: (Seattle A Hotel), (Shanghai B Hotel).
{"type":"SeqAction","payload":[{"type":"SeqAction","payload":[{"type":"DirectlyFillAction","payload":"FILL SLOT for target : io.opencui.core.PagedSelectable, slot : conditionMap"},{"type":"DirectlyFillAction","payload":"FILL SLOT for target : io.opencui.core.PagedSelectable, slot : page"},{"type":"ReinitAction","payload":"REINIT SLOT : target=io.opencui.core.PagedSelectable&slot=index"},{"type":"CleanupAction","payload":"CLEANUP SLOT : target=io.opencui.core.PagedSelectable&slot=index"}]}]}
{"type":"FillAction","payload":"FILL SLOT for target : io.opencui.core.PagedSelectable, slot : index"}
{"type":"SeqAction","payload":[{"type":"FillAction","payload":"FILL SLOT for target : io.opencui.test.MultiValueFrameRecIntent, slot : hotels"}]}
{"type":"FillAction","payload":"FILL SLOT value is null for target : io.opencui.core.PagedSelectable, slot : index"}
{"type":"SlotAskAction","payload":"any hotel else?\n\nWe have following 2 choices: (Seattle A Hotel), (Shanghai B Hotel)."}
{"activeFrames":[{"frame":"io.opencui.core.HasMore","slot":"status"},{"frame":"io.opencui.test.Hotel"},{"frame":"io.opencui.core.PagedSelectable","slot":"index"}],"status":"OPEN"}
{"query": "4", "frames": [{"type": "No", "slots": [], "packageName": "io.opencui.core.hasMore"}]}
Executing response  consumed 8 millisecond.
reply = Hi, size = 2
{"type":"MultiValueFrameRecIntent_0","payload":"Hi, size = 2"}
null
drop table if exists mobile

                    CREATE TABLE mobile (
                    id INT PRIMARY KEY,
                    cellphone VARCHAR(255),
                    amount double DEFAULT NULL)
                     AS SELECT * FROM CSVREAD('classpath:/test/mobile.csv', null, 'lineComment=#')
drop table if exists cellphone

                    CREATE TABLE cellphone (
                    id INT PRIMARY KEY,
                    cellphoneMapping VARCHAR(255),
                    nameMapping VARCHAR(255))
                     AS SELECT * FROM CSVREAD('file:/home/sean/newworld/runtime/core/build/resources/test/test/cellphone.csv', null, 'lineComment=#')
drop table if exists flight

                    CREATE TABLE flight (
                    id INT PRIMARY KEY,
                    origin VARCHAR(255),
                    destination VARCHAR(255),
                    flight VARCHAR(255))
                     AS SELECT * FROM CSVREAD('classpath:/test/flight.csv', null, 'lineComment=#')
drop table if exists booked_flight
CREATE TABLE booked_flight (
 id INT PRIMARY KEY AUTO_INCREMENT,
 flight VARCHAR(255),
 user VARCHAR(255))
drop table if exists hotel

                    CREATE TABLE hotel (
                    id INT PRIMARY KEY,
                    city VARCHAR(255),
                    hotel VARCHAR(255))
                     AS SELECT * FROM CSVREAD('classpath:/test/hotel.csv', null, 'lineComment=#')
drop table if exists booked_hotel
CREATE TABLE booked_hotel (
 id INT PRIMARY KEY,
 hotel VARCHAR(255),
 user VARCHAR(255))
drop table if exists hotel_address
CREATE TABLE hotel_address (
 id INT PRIMARY KEY,
 hotel VARCHAR(255),
 address VARCHAR(255)) AS SELECT * FROM CSVREAD('classpath:/test/hotel_address.csv', null, 'lineComment=#')
drop table if exists intents

                CREATE TABLE intents (
                id INT PRIMARY KEY,
                node_state VARCHAR(255),
                "@class" VARCHAR(255), 
                current_node NVARCHAR(255) NULL)
                 AS SELECT * FROM CSVREAD('classpath:/test/intents.csv', null, 'lineComment=#')
drop table if exists dish

                CREATE TABLE dish (
                id INT PRIMARY KEY,
                dish VARCHAR(255))
                 AS SELECT * FROM CSVREAD('classpath:/test/dish.csv', null, 'lineComment=#')
{"query": "1", "frames": [{"type": "ValueRecInteractionIntent", "slots": [{"value" : "2", "attribute" : "a"}]}]}
Executing response  consumed 1 millisecond.
reply = We have following 3 choices: (1; true), (2; true), (3; true).
{"type":"FillAction","payload":"FILL SLOT value is null for target : io.opencui.core.PagedSelectable, slot : index"}
{"type":"SlotAskAction","payload":"We have following 3 choices: (1; true), (2; true), (3; true)."}
{"activeFrames":[{"frame":"io.opencui.test.ValueRecInteractionFrame"},{"frame":"io.opencui.core.PagedSelectable","slot":"index"}],"status":"OPEN"}
{"query": "2", "frames": [{"type": "ValueRecInteractionFrame", "slots": [{"value" : "2", "attribute" : "b"}], "packageName": "io.opencui.test"}]}
Executing response  consumed 3 millisecond.
reply = Hi, a=2; b=2; c=true
{"type":"SeqAction","payload":[{"type":"SeqAction","payload":[{"type":"DirectlyFillAction","payload":"FILL SLOT for target : io.opencui.core.PagedSelectable, slot : conditionMap"},{"type":"DirectlyFillAction","payload":"FILL SLOT for target : io.opencui.core.PagedSelectable, slot : page"},{"type":"ReinitAction","payload":"REINIT SLOT : target=io.opencui.core.PagedSelectable&slot=index"},{"type":"CleanupAction","payload":"CLEANUP SLOT : target=io.opencui.core.PagedSelectable&slot=index"}]}]}
{"type":"FillAction","payload":"FILL SLOT for target : io.opencui.core.PagedSelectable, slot : index"}
{"type":"SeqAction","payload":[{"type":"FillAction","payload":"FILL SLOT for target : io.opencui.test.ValueRecInteractionFrame, slot : "}]}
{"type":"ValueRecInteractionIntent_0","payload":"Hi, a=2; b=2; c=true"}
null
drop table if exists mobile

                    CREATE TABLE mobile (
                    id INT PRIMARY KEY,
                    cellphone VARCHAR(255),
                    amount double DEFAULT NULL)
                     AS SELECT * FROM CSVREAD('classpath:/test/mobile.csv', null, 'lineComment=#')
drop table if exists cellphone

                    CREATE TABLE cellphone (
                    id INT PRIMARY KEY,
                    cellphoneMapping VARCHAR(255),
                    nameMapping VARCHAR(255))
                     AS SELECT * FROM CSVREAD('file:/home/sean/newworld/runtime/core/build/resources/test/test/cellphone.csv', null, 'lineComment=#')
drop table if exists flight

                    CREATE TABLE flight (
                    id INT PRIMARY KEY,
                    origin VARCHAR(255),
                    destination VARCHAR(255),
                    flight VARCHAR(255))
                     AS SELECT * FROM CSVREAD('classpath:/test/flight.csv', null, 'lineComment=#')
drop table if exists booked_flight
CREATE TABLE booked_flight (
 id INT PRIMARY KEY AUTO_INCREMENT,
 flight VARCHAR(255),
 user VARCHAR(255))
drop table if exists hotel

                    CREATE TABLE hotel (
                    id INT PRIMARY KEY,
                    city VARCHAR(255),
                    hotel VARCHAR(255))
                     AS SELECT * FROM CSVREAD('classpath:/test/hotel.csv', null, 'lineComment=#')
drop table if exists booked_hotel
CREATE TABLE booked_hotel (
 id INT PRIMARY KEY,
 hotel VARCHAR(255),
 user VARCHAR(255))
drop table if exists hotel_address
CREATE TABLE hotel_address (
 id INT PRIMARY KEY,
 hotel VARCHAR(255),
 address VARCHAR(255)) AS SELECT * FROM CSVREAD('classpath:/test/hotel_address.csv', null, 'lineComment=#')
drop table if exists intents

                CREATE TABLE intents (
                id INT PRIMARY KEY,
                node_state VARCHAR(255),
                "@class" VARCHAR(255), 
                current_node NVARCHAR(255) NULL)
                 AS SELECT * FROM CSVREAD('classpath:/test/intents.csv', null, 'lineComment=#')
drop table if exists dish

                CREATE TABLE dish (
                id INT PRIMARY KEY,
                dish VARCHAR(255))
                 AS SELECT * FROM CSVREAD('classpath:/test/dish.csv', null, 'lineComment=#')
{"query": "1", "frames": [{"type": "SepTestIntentExplicit", "slots": [{"value" : "true", "attribute" : "a"}]}, {"type": "SepTestIntentExplicit", "slots": [{"value" : "\"ccc\"", "attribute" : "c"}]}]}
Executing response  consumed 4 millisecond.
reply = b ?
reply = sep confirmation b=2, contextC=ccc
{"type":"FillAction","payload":"FILL SLOT for target : io.opencui.core.PagedSelectable, slot : index"}
{"type":"SlotAskAction","payload":"b ?\nsep confirmation b=2, contextC=ccc"}
{"activeFrames":[{"frame":"io.opencui.core.Confirmation","slot":"status"},{"frame":"io.opencui.test.SepTestIntentExplicit","slot":"b"},{"frame":"io.opencui.core.PagedSelectable","slot":"index"}],"status":"OPEN"}
{"query": "2", "frames": [{"type": "Yes", "slots": []}]}
Executing response  consumed 1 millisecond.
reply = original confirmation b=2
{"type":"SeqAction","payload":[{"type":"FillAction","payload":"FILL SLOT for target : io.opencui.test.SepTestIntentExplicit, slot : b"}]}
{"type":"SlotAskAction","payload":"original confirmation b=2"}
{"activeFrames":[{"frame":"io.opencui.core.Confirmation","slot":"status"},{"frame":"io.opencui.test.SepTestIntentExplicit","slot":"b"}],"status":"OPEN"}
{"query": "3", "frames": [{"type": "Yes", "slots": []}]}
Executing response  consumed 0 millisecond.
reply = Hi, a=true, b=2, c=ccc
{"type":"SepTestIntent_0","payload":"Hi, a=true, b=2, c=ccc"}
null
drop table if exists mobile

                    CREATE TABLE mobile (
                    id INT PRIMARY KEY,
                    cellphone VARCHAR(255),
                    amount double DEFAULT NULL)
                     AS SELECT * FROM CSVREAD('classpath:/test/mobile.csv', null, 'lineComment=#')
drop table if exists cellphone

                    CREATE TABLE cellphone (
                    id INT PRIMARY KEY,
                    cellphoneMapping VARCHAR(255),
                    nameMapping VARCHAR(255))
                     AS SELECT * FROM CSVREAD('file:/home/sean/newworld/runtime/core/build/resources/test/test/cellphone.csv', null, 'lineComment=#')
drop table if exists flight

                    CREATE TABLE flight (
                    id INT PRIMARY KEY,
                    origin VARCHAR(255),
                    destination VARCHAR(255),
                    flight VARCHAR(255))
                     AS SELECT * FROM CSVREAD('classpath:/test/flight.csv', null, 'lineComment=#')
drop table if exists booked_flight
CREATE TABLE booked_flight (
 id INT PRIMARY KEY AUTO_INCREMENT,
 flight VARCHAR(255),
 user VARCHAR(255))
drop table if exists hotel

                    CREATE TABLE hotel (
                    id INT PRIMARY KEY,
                    city VARCHAR(255),
                    hotel VARCHAR(255))
                     AS SELECT * FROM CSVREAD('classpath:/test/hotel.csv', null, 'lineComment=#')
drop table if exists booked_hotel
CREATE TABLE booked_hotel (
 id INT PRIMARY KEY,
 hotel VARCHAR(255),
 user VARCHAR(255))
drop table if exists hotel_address
CREATE TABLE hotel_address (
 id INT PRIMARY KEY,
 hotel VARCHAR(255),
 address VARCHAR(255)) AS SELECT * FROM CSVREAD('classpath:/test/hotel_address.csv', null, 'lineComment=#')
drop table if exists intents

                CREATE TABLE intents (
                id INT PRIMARY KEY,
                node_state VARCHAR(255),
                "@class" VARCHAR(255), 
                current_node NVARCHAR(255) NULL)
                 AS SELECT * FROM CSVREAD('classpath:/test/intents.csv', null, 'lineComment=#')
drop table if exists dish

                CREATE TABLE dish (
                id INT PRIMARY KEY,
                dish VARCHAR(255))
                 AS SELECT * FROM CSVREAD('classpath:/test/dish.csv', null, 'lineComment=#')
{"query": "1", "frames": [{"type": "ValueRecommendationTest", "slots": [], "packageName": "io.opencui.test"}]}
Executing response  consumed 7 millisecond.
reply = s?
reply = We have following 2 choices: (1), (2).
{"type":"FillAction","payload":"FILL SLOT value is null for target : io.opencui.core.PagedSelectable, slot : index"}
{"type":"SlotAskAction","payload":"s?\nWe have following 2 choices: (1), (2)."}
{"activeFrames":[{"frame":"io.opencui.test.ReturnValueTestIntent","slot":"b"},{"frame":"io.opencui.core.PagedSelectable","slot":"index"}],"status":"OPEN"}
{"query": "2", "frames": []}
Executing response  consumed 0 millisecond.
reply = I did not get that.
{"type":"TextOutputAction","payload":"I did not get that."}
{"activeFrames":[{"frame":"io.opencui.test.ReturnValueTestIntent","slot":"b"},{"frame":"io.opencui.core.PagedSelectable","slot":"index"}],"status":"OPEN"}
{"query": "3", "frames": [{"type": "ReturnValueTestIntent", "slots": [{"value" : "2", "attribute" : "b"}], "packageName": "io.opencui.test"}]}
Executing response  consumed 3 millisecond.
reply = s?
reply = We have following 2 choices: (ccc), (ddd).
{"type":"SeqAction","payload":[{"type":"SeqAction","payload":[{"type":"DirectlyFillAction","payload":"FILL SLOT for target : io.opencui.core.PagedSelectable, slot : conditionMap"},{"type":"DirectlyFillAction","payload":"FILL SLOT for target : io.opencui.core.PagedSelectable, slot : page"},{"type":"ReinitAction","payload":"REINIT SLOT : target=io.opencui.core.PagedSelectable&slot=index"},{"type":"CleanupAction","payload":"CLEANUP SLOT : target=io.opencui.core.PagedSelectable&slot=index"}]}]}
{"type":"FillAction","payload":"FILL SLOT for target : io.opencui.core.PagedSelectable, slot : index"}
{"type":"SeqAction","payload":[{"type":"FillAction","payload":"FILL SLOT for target : io.opencui.test.ReturnValueTestIntent, slot : b"}]}
{"type":"DirectlyFillAction","payload":"FILL SLOT for target : io.opencui.test.ReturnValueTestIntent, slot : result"}
{"type":"FillAction","payload":"FILL SLOT value is null for target : io.opencui.core.PagedSelectable, slot : index"}
{"type":"SlotAskAction","payload":"s?\nWe have following 2 choices: (ccc), (ddd)."}
{"activeFrames":[{"frame":"io.opencui.test.ValueRecommendationTest","slot":"s"},{"frame":"io.opencui.core.PagedSelectable","slot":"index"}],"status":"OPEN"}
{"query": "4", "frames": [{"type": "ValueRecommendationTest", "slots": [{"value" : "\"ccc\"", "attribute" : "s"}], "packageName": "io.opencui.test"}]}
Executing response  consumed 2 millisecond.
reply = Hi, value recommendation test response s = ccc
{"type":"SeqAction","payload":[{"type":"SeqAction","payload":[{"type":"DirectlyFillAction","payload":"FILL SLOT for target : io.opencui.core.PagedSelectable, slot : conditionMap"},{"type":"DirectlyFillAction","payload":"FILL SLOT for target : io.opencui.core.PagedSelectable, slot : page"},{"type":"ReinitAction","payload":"REINIT SLOT : target=io.opencui.core.PagedSelectable&slot=index"},{"type":"CleanupAction","payload":"CLEANUP SLOT : target=io.opencui.core.PagedSelectable&slot=index"}]}]}
{"type":"FillAction","payload":"FILL SLOT for target : io.opencui.core.PagedSelectable, slot : index"}
{"type":"SeqAction","payload":[{"type":"FillAction","payload":"FILL SLOT for target : io.opencui.test.ValueRecommendationTest, slot : s"}]}
{"type":"ValueRecommendationTest_0","payload":"Hi, value recommendation test response s = ccc"}
null
drop table if exists mobile

                    CREATE TABLE mobile (
                    id INT PRIMARY KEY,
                    cellphone VARCHAR(255),
                    amount double DEFAULT NULL)
                     AS SELECT * FROM CSVREAD('classpath:/test/mobile.csv', null, 'lineComment=#')
drop table if exists cellphone

                    CREATE TABLE cellphone (
                    id INT PRIMARY KEY,
                    cellphoneMapping VARCHAR(255),
                    nameMapping VARCHAR(255))
                     AS SELECT * FROM CSVREAD('file:/home/sean/newworld/runtime/core/build/resources/test/test/cellphone.csv', null, 'lineComment=#')
drop table if exists flight

                    CREATE TABLE flight (
                    id INT PRIMARY KEY,
                    origin VARCHAR(255),
                    destination VARCHAR(255),
                    flight VARCHAR(255))
                     AS SELECT * FROM CSVREAD('classpath:/test/flight.csv', null, 'lineComment=#')
drop table if exists booked_flight
CREATE TABLE booked_flight (
 id INT PRIMARY KEY AUTO_INCREMENT,
 flight VARCHAR(255),
 user VARCHAR(255))
drop table if exists hotel

                    CREATE TABLE hotel (
                    id INT PRIMARY KEY,
                    city VARCHAR(255),
                    hotel VARCHAR(255))
                     AS SELECT * FROM CSVREAD('classpath:/test/hotel.csv', null, 'lineComment=#')
drop table if exists booked_hotel
CREATE TABLE booked_hotel (
 id INT PRIMARY KEY,
 hotel VARCHAR(255),
 user VARCHAR(255))
drop table if exists hotel_address
CREATE TABLE hotel_address (
 id INT PRIMARY KEY,
 hotel VARCHAR(255),
 address VARCHAR(255)) AS SELECT * FROM CSVREAD('classpath:/test/hotel_address.csv', null, 'lineComment=#')
drop table if exists intents

                CREATE TABLE intents (
                id INT PRIMARY KEY,
                node_state VARCHAR(255),
                "@class" VARCHAR(255), 
                current_node NVARCHAR(255) NULL)
                 AS SELECT * FROM CSVREAD('classpath:/test/intents.csv', null, 'lineComment=#')
drop table if exists dish

                CREATE TABLE dish (
                id INT PRIMARY KEY,
                dish VARCHAR(255))
                 AS SELECT * FROM CSVREAD('classpath:/test/dish.csv', null, 'lineComment=#')
{"query": "1", "frames": [{"type": "InternalNodeIntent", "slots": [{"value": "\"root\"", "attribute": "current"}]}]}
Executing response  consumed 17 millisecond.
reply = What can I do for you? (InternalNodeIntent)
reply = We have following 2 choices: (internal alias), (internal alias).
{"type":"FillAction","payload":"FILL SLOT value is null for target : io.opencui.core.PagedSelectable, slot : index"}
{"type":"SlotAskAction","payload":"What can I do for you? (InternalNodeIntent)\nWe have following 2 choices: (internal alias), (internal alias)."}
{"activeFrames":[{"frame":"io.opencui.test.InternalNodeIntent","slot":"skill"},{"frame":"io.opencui.core.PagedSelectable","slot":"index"}],"status":"OPEN"}
{"query": "2", "frames": [{"type": "PagedSelectable", "slots": [{"value" : "\"1\"", "attribute" : "index"}]}]}
Executing response  consumed 47 millisecond.
reply = What can I do for you? (InternalNodeIntent)
reply = We have following 2 choices: (hello), (bye~).
{"type":"SeqAction","payload":[{"type":"FillAction","payload":"FILL SLOT for target : io.opencui.test.InternalNodeIntent, slot : skill"}]}
{"type":"FillAction","payload":"FILL SLOT value is null for target : io.opencui.core.PagedSelectable, slot : index"}
{"type":"SlotAskAction","payload":"What can I do for you? (InternalNodeIntent)\nWe have following 2 choices: (hello), (bye~)."}
{"activeFrames":[{"frame":"io.opencui.test.InternalNodeIntent","slot":"skill"},{"frame":"io.opencui.core.PagedSelectable","slot":"index"}],"status":"OPEN"}
{"query": "3", "frames": [{"type": "PagedSelectable", "slots": [{"value" : "\"1\"", "attribute" : "index"}]}]}
Executing response  consumed 22 millisecond.
reply = Good day!
{"type":"SeqAction","payload":[{"type":"FillAction","payload":"FILL SLOT for target : io.opencui.test.InternalNodeIntent, slot : skill"}]}
{"type":"TextOutputAction","payload":"Good day!"}
null
drop table if exists mobile

                    CREATE TABLE mobile (
                    id INT PRIMARY KEY,
                    cellphone VARCHAR(255),
                    amount double DEFAULT NULL)
                     AS SELECT * FROM CSVREAD('classpath:/test/mobile.csv', null, 'lineComment=#')
drop table if exists cellphone

                    CREATE TABLE cellphone (
                    id INT PRIMARY KEY,
                    cellphoneMapping VARCHAR(255),
                    nameMapping VARCHAR(255))
                     AS SELECT * FROM CSVREAD('file:/home/sean/newworld/runtime/core/build/resources/test/test/cellphone.csv', null, 'lineComment=#')
drop table if exists flight

                    CREATE TABLE flight (
                    id INT PRIMARY KEY,
                    origin VARCHAR(255),
                    destination VARCHAR(255),
                    flight VARCHAR(255))
                     AS SELECT * FROM CSVREAD('classpath:/test/flight.csv', null, 'lineComment=#')
drop table if exists booked_flight
CREATE TABLE booked_flight (
 id INT PRIMARY KEY AUTO_INCREMENT,
 flight VARCHAR(255),
 user VARCHAR(255))
drop table if exists hotel

                    CREATE TABLE hotel (
                    id INT PRIMARY KEY,
                    city VARCHAR(255),
                    hotel VARCHAR(255))
                     AS SELECT * FROM CSVREAD('classpath:/test/hotel.csv', null, 'lineComment=#')
drop table if exists booked_hotel
CREATE TABLE booked_hotel (
 id INT PRIMARY KEY,
 hotel VARCHAR(255),
 user VARCHAR(255))
drop table if exists hotel_address
CREATE TABLE hotel_address (
 id INT PRIMARY KEY,
 hotel VARCHAR(255),
 address VARCHAR(255)) AS SELECT * FROM CSVREAD('classpath:/test/hotel_address.csv', null, 'lineComment=#')
drop table if exists intents

                CREATE TABLE intents (
                id INT PRIMARY KEY,
                node_state VARCHAR(255),
                "@class" VARCHAR(255), 
                current_node NVARCHAR(255) NULL)
                 AS SELECT * FROM CSVREAD('classpath:/test/intents.csv', null, 'lineComment=#')
drop table if exists dish

                CREATE TABLE dish (
                id INT PRIMARY KEY,
                dish VARCHAR(255))
                 AS SELECT * FROM CSVREAD('classpath:/test/dish.csv', null, 'lineComment=#')
{"query": "1", "frames": [{"type": "MultiValueEntityRecIntent", "slots": []}]}
Executing response  consumed 3 millisecond.
reply = payMethod?

reply = We have following 3 choices for PayMethod : visa_norm, mastercard_norm, paypal_norm.
{"type":"FillAction","payload":"FILL SLOT value is null for target : io.opencui.core.PagedSelectable, slot : index"}
{"type":"SlotAskAction","payload":"payMethod?\n\nWe have following 3 choices for PayMethod : visa_norm, mastercard_norm, paypal_norm."}
{"activeFrames":[{"frame":"io.opencui.core.HasMore","slot":"status"},{"frame":"io.opencui.test.MultiValueEntityRecIntent","slot":"payMethodList"},{"frame":"io.opencui.core.PagedSelectable","slot":"index"}],"status":"OPEN"}
{"query": "2", "frames": [{"type": "Yes", "slots": [], "packageName": "io.opencui.core.hasMore"}]}
Executing response  consumed 1 millisecond.
reply = payMethod?

reply = We have following 3 choices for PayMethod : visa_norm, mastercard_norm, paypal_norm.
{"type":"FillAction","payload":"FILL SLOT value is null for target : io.opencui.core.PagedSelectable, slot : index"}
{"type":"SlotAskAction","payload":"payMethod?\n\nWe have following 3 choices for PayMethod : visa_norm, mastercard_norm, paypal_norm."}
{"activeFrames":[{"frame":"io.opencui.test.MultiValueEntityRecIntent","slot":"payMethodList"},{"frame":"io.opencui.core.PagedSelectable","slot":"index"}],"status":"OPEN"}
{"query": "3", "frames": [{"type": "PagedSelectable", "slots": [{"value" : "\"1\"", "attribute" : "index"}]}]}
Executing response  consumed 1 millisecond.
reply = anything else?

reply = We have following 3 choices for PayMethod : visa_norm, mastercard_norm, paypal_norm.
{"type":"SeqAction","payload":[{"type":"FillAction","payload":"FILL SLOT for target : io.opencui.test.MultiValueEntityRecIntent, slot : payMethodList"}]}
{"type":"FillAction","payload":"FILL SLOT value is null for target : io.opencui.core.PagedSelectable, slot : index"}
{"type":"SlotAskAction","payload":"anything else?\n\nWe have following 3 choices for PayMethod : visa_norm, mastercard_norm, paypal_norm."}
{"activeFrames":[{"frame":"io.opencui.core.HasMore","slot":"status"},{"frame":"io.opencui.test.MultiValueEntityRecIntent","slot":"payMethodList"},{"frame":"io.opencui.core.PagedSelectable","slot":"index"}],"status":"OPEN"}
{"query": "4", "frames": [{"type": "PagedSelectable", "slots": [{"value" : "\"2\"", "attribute" : "index"}]}]}
Executing response  consumed 1 millisecond.
reply = anything else?

reply = We have following 3 choices for PayMethod : visa_norm, mastercard_norm, paypal_norm.
{"type":"SeqAction","payload":[{"type":"FillAction","payload":"FILL SLOT for target : io.opencui.test.MultiValueEntityRecIntent, slot : payMethodList"}]}
{"type":"FillAction","payload":"FILL SLOT value is null for target : io.opencui.core.PagedSelectable, slot : index"}
{"type":"SlotAskAction","payload":"anything else?\n\nWe have following 3 choices for PayMethod : visa_norm, mastercard_norm, paypal_norm."}
{"activeFrames":[{"frame":"io.opencui.core.HasMore","slot":"status"},{"frame":"io.opencui.test.MultiValueEntityRecIntent","slot":"payMethodList"},{"frame":"io.opencui.core.PagedSelectable","slot":"index"}],"status":"OPEN"}
{"query": "5", "frames": [{"type": "No", "slots": [], "packageName": "io.opencui.core.hasMore"}]}
Executing response  consumed 1 millisecond.
reply = Hi, size = 2
{"type":"MultiValueEntityRecIntent_0","payload":"Hi, size = 2"}
null
drop table if exists mobile

                    CREATE TABLE mobile (
                    id INT PRIMARY KEY,
                    cellphone VARCHAR(255),
                    amount double DEFAULT NULL)
                     AS SELECT * FROM CSVREAD('classpath:/test/mobile.csv', null, 'lineComment=#')
drop table if exists cellphone

                    CREATE TABLE cellphone (
                    id INT PRIMARY KEY,
                    cellphoneMapping VARCHAR(255),
                    nameMapping VARCHAR(255))
                     AS SELECT * FROM CSVREAD('file:/home/sean/newworld/runtime/core/build/resources/test/test/cellphone.csv', null, 'lineComment=#')
drop table if exists flight

                    CREATE TABLE flight (
                    id INT PRIMARY KEY,
                    origin VARCHAR(255),
                    destination VARCHAR(255),
                    flight VARCHAR(255))
                     AS SELECT * FROM CSVREAD('classpath:/test/flight.csv', null, 'lineComment=#')
drop table if exists booked_flight
CREATE TABLE booked_flight (
 id INT PRIMARY KEY AUTO_INCREMENT,
 flight VARCHAR(255),
 user VARCHAR(255))
drop table if exists hotel

                    CREATE TABLE hotel (
                    id INT PRIMARY KEY,
                    city VARCHAR(255),
                    hotel VARCHAR(255))
                     AS SELECT * FROM CSVREAD('classpath:/test/hotel.csv', null, 'lineComment=#')
drop table if exists booked_hotel
CREATE TABLE booked_hotel (
 id INT PRIMARY KEY,
 hotel VARCHAR(255),
 user VARCHAR(255))
drop table if exists hotel_address
CREATE TABLE hotel_address (
 id INT PRIMARY KEY,
 hotel VARCHAR(255),
 address VARCHAR(255)) AS SELECT * FROM CSVREAD('classpath:/test/hotel_address.csv', null, 'lineComment=#')
drop table if exists intents

                CREATE TABLE intents (
                id INT PRIMARY KEY,
                node_state VARCHAR(255),
                "@class" VARCHAR(255), 
                current_node NVARCHAR(255) NULL)
                 AS SELECT * FROM CSVREAD('classpath:/test/intents.csv', null, 'lineComment=#')
drop table if exists dish

                CREATE TABLE dish (
                id INT PRIMARY KEY,
                dish VARCHAR(255))
                 AS SELECT * FROM CSVREAD('classpath:/test/dish.csv', null, 'lineComment=#')
{"query": "1", "frames": [{"type": "AbstractEntityIntent", "slots": [], "packageName": "io.opencui.test"}]}
io.opencui.test.IDishService:default:{password=, conn=io.opencui.provider.SqlConnection, user=, url=jdbc:h2:./h2db/dish;DATABASE_TO_UPPER=FALSE}
io.opencui.test.IDishService:default:{password=, conn=io.opencui.provider.SqlConnection, user=, url=jdbc:h2:./h2db/dish;DATABASE_TO_UPPER=FALSE}
building service...
Executing response  consumed 17 millisecond.
reply = What would u like?
reply = We have following 3 choices: (virtual), (noodle), (salad).
{"type":"FillAction","payload":"FILL SLOT value is null for target : io.opencui.core.PagedSelectable, slot : index"}
{"type":"SlotAskAction","payload":"What would u like?\nWe have following 3 choices: (virtual), (noodle), (salad)."}
{"activeFrames":[{"frame":"io.opencui.test.AbstractEntityIntent","slot":"dish"},{"frame":"io.opencui.core.PagedSelectable","slot":"index"}],"status":"OPEN"}
{"query": "2", "frames": [{"type": "PagedSelectable", "slots": [{"value" : "\"2\"", "attribute" : "index"}]}]}
Executing response  consumed 25 millisecond.
reply = abstract entity type is io.opencui.test.MainDish; value is noodle
{"type":"SeqAction","payload":[{"type":"FillAction","payload":"FILL SLOT for target : io.opencui.test.AbstractEntityIntent, slot : dish"}]}
{"type":"TextOutputAction","payload":"abstract entity type is io.opencui.test.MainDish; value is noodle"}
null
drop table if exists mobile

                    CREATE TABLE mobile (
                    id INT PRIMARY KEY,
                    cellphone VARCHAR(255),
                    amount double DEFAULT NULL)
                     AS SELECT * FROM CSVREAD('classpath:/test/mobile.csv', null, 'lineComment=#')
drop table if exists cellphone

                    CREATE TABLE cellphone (
                    id INT PRIMARY KEY,
                    cellphoneMapping VARCHAR(255),
                    nameMapping VARCHAR(255))
                     AS SELECT * FROM CSVREAD('file:/home/sean/newworld/runtime/core/build/resources/test/test/cellphone.csv', null, 'lineComment=#')
drop table if exists flight

                    CREATE TABLE flight (
                    id INT PRIMARY KEY,
                    origin VARCHAR(255),
                    destination VARCHAR(255),
                    flight VARCHAR(255))
                     AS SELECT * FROM CSVREAD('classpath:/test/flight.csv', null, 'lineComment=#')
drop table if exists booked_flight
CREATE TABLE booked_flight (
 id INT PRIMARY KEY AUTO_INCREMENT,
 flight VARCHAR(255),
 user VARCHAR(255))
drop table if exists hotel

                    CREATE TABLE hotel (
                    id INT PRIMARY KEY,
                    city VARCHAR(255),
                    hotel VARCHAR(255))
                     AS SELECT * FROM CSVREAD('classpath:/test/hotel.csv', null, 'lineComment=#')
drop table if exists booked_hotel
CREATE TABLE booked_hotel (
 id INT PRIMARY KEY,
 hotel VARCHAR(255),
 user VARCHAR(255))
drop table if exists hotel_address
CREATE TABLE hotel_address (
 id INT PRIMARY KEY,
 hotel VARCHAR(255),
 address VARCHAR(255)) AS SELECT * FROM CSVREAD('classpath:/test/hotel_address.csv', null, 'lineComment=#')
drop table if exists intents

                CREATE TABLE intents (
                id INT PRIMARY KEY,
                node_state VARCHAR(255),
                "@class" VARCHAR(255), 
                current_node NVARCHAR(255) NULL)
                 AS SELECT * FROM CSVREAD('classpath:/test/intents.csv', null, 'lineComment=#')
drop table if exists dish

                CREATE TABLE dish (
                id INT PRIMARY KEY,
                dish VARCHAR(255))
                 AS SELECT * FROM CSVREAD('classpath:/test/dish.csv', null, 'lineComment=#')
{"query": "1", "frames": [{"type": "IntentNeedConfirm", "slots": []}]}
Executing response  consumed 0 millisecond.
reply = intVar?
{"type":"SlotAskAction","payload":"intVar?"}
{"activeFrames":[{"frame":"io.opencui.test.IntentNeedConfirm","slot":"intVar"}],"status":"OPEN"}
{"query": "2", "frames": [{"type": "IntentNeedConfirm", "slots": [{"value": "4", "attribute": "intVar"}, {"value": "\"str\"", "attribute": "stringVal"}]}]}
Executing response  consumed 1 millisecond.
reply = boolVar?
{"type":"SlotAskAction","payload":"boolVar?"}
{"activeFrames":[{"frame":"io.opencui.test.IntentNeedConfirm","slot":"boolVar"}],"status":"OPEN"}
{"query": "3", "frames": [{"type": "IntentNeedConfirm", "slots": [{"value": "false", "attribute": "boolVar"}]}]}
Executing response  consumed 1 millisecond.
reply = r u sure of bool value false
{"type":"SlotAskAction","payload":"r u sure of bool value false"}
{"activeFrames":[{"frame":"io.opencui.core.Confirmation","slot":"status"},{"frame":"io.opencui.test.IntentNeedConfirm","slot":"boolVar"}],"status":"OPEN"}
{"query": "4", "frames": [{"type": "No", "slots": []}]}
Executing response  consumed 1 millisecond.
reply = boolVar?
{"type":"SeqAction","payload":[{"type":"CleanupAction","payload":"CLEANUP SLOT : target=io.opencui.test.IntentNeedConfirm&slot=boolVar"},{"type":"RefocusAction","payload":""}]}
{"type":"SlotAskAction","payload":"boolVar?"}
{"activeFrames":[{"frame":"io.opencui.test.IntentNeedConfirm","slot":"boolVar"}],"status":"OPEN"}
{"query": "5", "frames": [{"type": "IntentNeedConfirm", "slots": [{"value": "true", "attribute": "boolVar"}]}]}
Executing response  consumed 0 millisecond.
reply = r u sure of bool value true
{"type":"SlotAskAction","payload":"r u sure of bool value true"}
{"activeFrames":[{"frame":"io.opencui.core.Confirmation","slot":"status"},{"frame":"io.opencui.test.IntentNeedConfirm","slot":"boolVar"}],"status":"OPEN"}
{"query": "6", "frames": [{"type": "Yes", "slots": []}]}
Executing response  consumed 1 millisecond.
reply = r u sure of the frame values 4 true str
{"type":"SlotAskAction","payload":"r u sure of the frame values 4 true str"}
{"activeFrames":[{"frame":"io.opencui.core.Confirmation","slot":"status"},{"frame":"io.opencui.test.IntentNeedConfirm"}],"status":"OPEN"}
{"query": "7", "frames": [{"type": "IntentNeedConfirm", "slots": [{"value": "5", "attribute": "intVar"}], "packageName": "io.opencui.test"}]}
Executing response  consumed 0 millisecond.
reply = r u sure of the frame values 5 true str
{"type":"SlotAskAction","payload":"r u sure of the frame values 5 true str"}
{"activeFrames":[{"frame":"io.opencui.core.Confirmation","slot":"status"},{"frame":"io.opencui.test.IntentNeedConfirm"}],"status":"OPEN"}
{"query": "8", "frames": [{"type": "Yes", "slots": []}]}
Executing response  consumed 0 millisecond.
reply = intVal is 5
{"type":"IntentNeedConfirm_0","payload":"intVal is 5"}
null
drop table if exists mobile

                    CREATE TABLE mobile (
                    id INT PRIMARY KEY,
                    cellphone VARCHAR(255),
                    amount double DEFAULT NULL)
                     AS SELECT * FROM CSVREAD('classpath:/test/mobile.csv', null, 'lineComment=#')
drop table if exists cellphone

                    CREATE TABLE cellphone (
                    id INT PRIMARY KEY,
                    cellphoneMapping VARCHAR(255),
                    nameMapping VARCHAR(255))
                     AS SELECT * FROM CSVREAD('file:/home/sean/newworld/runtime/core/build/resources/test/test/cellphone.csv', null, 'lineComment=#')
drop table if exists flight

                    CREATE TABLE flight (
                    id INT PRIMARY KEY,
                    origin VARCHAR(255),
                    destination VARCHAR(255),
                    flight VARCHAR(255))
                     AS SELECT * FROM CSVREAD('classpath:/test/flight.csv', null, 'lineComment=#')
drop table if exists booked_flight
CREATE TABLE booked_flight (
 id INT PRIMARY KEY AUTO_INCREMENT,
 flight VARCHAR(255),
 user VARCHAR(255))
drop table if exists hotel

                    CREATE TABLE hotel (
                    id INT PRIMARY KEY,
                    city VARCHAR(255),
                    hotel VARCHAR(255))
                     AS SELECT * FROM CSVREAD('classpath:/test/hotel.csv', null, 'lineComment=#')
drop table if exists booked_hotel
CREATE TABLE booked_hotel (
 id INT PRIMARY KEY,
 hotel VARCHAR(255),
 user VARCHAR(255))
drop table if exists hotel_address
CREATE TABLE hotel_address (
 id INT PRIMARY KEY,
 hotel VARCHAR(255),
 address VARCHAR(255)) AS SELECT * FROM CSVREAD('classpath:/test/hotel_address.csv', null, 'lineComment=#')
drop table if exists intents

                CREATE TABLE intents (
                id INT PRIMARY KEY,
                node_state VARCHAR(255),
                "@class" VARCHAR(255), 
                current_node NVARCHAR(255) NULL)
                 AS SELECT * FROM CSVREAD('classpath:/test/intents.csv', null, 'lineComment=#')
drop table if exists dish

                CREATE TABLE dish (
                id INT PRIMARY KEY,
                dish VARCHAR(255))
                 AS SELECT * FROM CSVREAD('classpath:/test/dish.csv', null, 'lineComment=#')
{"query": "1", "frames": [{"type": "ShowOnceRecommendation", "slots": []}]}
Executing response  consumed 2 millisecond.
reply = payMethod?
reply = We have following 3 choices for PayMethod : visa_norm, mastercard_norm, paypal_norm.
{"type":"FillAction","payload":"FILL SLOT value is null for target : io.opencui.core.PagedSelectable, slot : index"}
{"type":"SlotAskAction","payload":"payMethod?\nWe have following 3 choices for PayMethod : visa_norm, mastercard_norm, paypal_norm."}
{"activeFrames":[{"frame":"io.opencui.core.HasMore","slot":"status"},{"frame":"io.opencui.test.ShowOnceRecommendation","slot":"payMethodList"},{"frame":"io.opencui.core.PagedSelectable","slot":"index"}],"status":"OPEN"}
{"query": "2", "frames": [{"type": "PagedSelectable", "slots": [{"value" : "\"1\"", "attribute" : "index"}]}]}
Executing response  consumed 1 millisecond.
reply = any payMethod else?
reply = We have following 3 choices for PayMethod : visa_norm, mastercard_norm, paypal_norm.
{"type":"SeqAction","payload":[{"type":"FillAction","payload":"FILL SLOT for target : io.opencui.test.ShowOnceRecommendation, slot : payMethodList"}]}
{"type":"FillAction","payload":"FILL SLOT value is null for target : io.opencui.core.PagedSelectable, slot : index"}
{"type":"SlotAskAction","payload":"any payMethod else?\nWe have following 3 choices for PayMethod : visa_norm, mastercard_norm, paypal_norm."}
{"activeFrames":[{"frame":"io.opencui.core.HasMore","slot":"status"},{"frame":"io.opencui.test.ShowOnceRecommendation","slot":"payMethodList"},{"frame":"io.opencui.core.PagedSelectable","slot":"index"}],"status":"OPEN"}
{"query": "3", "frames": [{"type": "ShowOnceRecommendation", "slots": [{"value" : "\"mastercard\"", "attribute" : "payMethodList"}], "packageName": "io.opencui.test"}]}
Executing response  consumed 2 millisecond.
reply = any payMethod else?
reply = We have following 3 choices for PayMethod : visa_norm, mastercard_norm, paypal_norm.
{"type":"SeqAction","payload":[{"type":"SeqAction","payload":[{"type":"DirectlyFillAction","payload":"FILL SLOT for target : io.opencui.core.PagedSelectable, slot : conditionMap"},{"type":"DirectlyFillAction","payload":"FILL SLOT for target : io.opencui.core.PagedSelectable, slot : page"},{"type":"ReinitAction","payload":"REINIT SLOT : target=io.opencui.core.PagedSelectable&slot=index"},{"type":"CleanupAction","payload":"CLEANUP SLOT : target=io.opencui.core.PagedSelectable&slot=index"}]}]}
{"type":"FillAction","payload":"FILL SLOT for target : io.opencui.core.PagedSelectable, slot : index"}
{"type":"SeqAction","payload":[{"type":"FillAction","payload":"FILL SLOT for target : io.opencui.test.ShowOnceRecommendation, slot : payMethodList"}]}
{"type":"FillAction","payload":"FILL SLOT value is null for target : io.opencui.core.PagedSelectable, slot : index"}
{"type":"SlotAskAction","payload":"any payMethod else?\nWe have following 3 choices for PayMethod : visa_norm, mastercard_norm, paypal_norm."}
{"activeFrames":[{"frame":"io.opencui.core.HasMore","slot":"status"},{"frame":"io.opencui.test.ShowOnceRecommendation","slot":"payMethodList"},{"frame":"io.opencui.core.PagedSelectable","slot":"index"}],"status":"OPEN"}
{"query": "4", "frames": [{"type": "No", "slots": [], "packageName": "io.opencui.core.hasMore"}]}
Executing response  consumed 1 millisecond.
reply = Hi, pay method = 2
{"type":"ShowOnceRecommendation_0","payload":"Hi, pay method = 2"}
null
drop table if exists mobile

                    CREATE TABLE mobile (
                    id INT PRIMARY KEY,
                    cellphone VARCHAR(255),
                    amount double DEFAULT NULL)
                     AS SELECT * FROM CSVREAD('classpath:/test/mobile.csv', null, 'lineComment=#')
drop table if exists cellphone

                    CREATE TABLE cellphone (
                    id INT PRIMARY KEY,
                    cellphoneMapping VARCHAR(255),
                    nameMapping VARCHAR(255))
                     AS SELECT * FROM CSVREAD('file:/home/sean/newworld/runtime/core/build/resources/test/test/cellphone.csv', null, 'lineComment=#')
drop table if exists flight

                    CREATE TABLE flight (
                    id INT PRIMARY KEY,
                    origin VARCHAR(255),
                    destination VARCHAR(255),
                    flight VARCHAR(255))
                     AS SELECT * FROM CSVREAD('classpath:/test/flight.csv', null, 'lineComment=#')
drop table if exists booked_flight
CREATE TABLE booked_flight (
 id INT PRIMARY KEY AUTO_INCREMENT,
 flight VARCHAR(255),
 user VARCHAR(255))
drop table if exists hotel

                    CREATE TABLE hotel (
                    id INT PRIMARY KEY,
                    city VARCHAR(255),
                    hotel VARCHAR(255))
                     AS SELECT * FROM CSVREAD('classpath:/test/hotel.csv', null, 'lineComment=#')
drop table if exists booked_hotel
CREATE TABLE booked_hotel (
 id INT PRIMARY KEY,
 hotel VARCHAR(255),
 user VARCHAR(255))
drop table if exists hotel_address
CREATE TABLE hotel_address (
 id INT PRIMARY KEY,
 hotel VARCHAR(255),
 address VARCHAR(255)) AS SELECT * FROM CSVREAD('classpath:/test/hotel_address.csv', null, 'lineComment=#')
drop table if exists intents

                CREATE TABLE intents (
                id INT PRIMARY KEY,
                node_state VARCHAR(255),
                "@class" VARCHAR(255), 
                current_node NVARCHAR(255) NULL)
                 AS SELECT * FROM CSVREAD('classpath:/test/intents.csv', null, 'lineComment=#')
drop table if exists dish

                CREATE TABLE dish (
                id INT PRIMARY KEY,
                dish VARCHAR(255))
                 AS SELECT * FROM CSVREAD('classpath:/test/dish.csv', null, 'lineComment=#')
{"query": "1", "frames": [{"type": "CompositeWithIIntent", "slots": []}]}
Executing response  consumed 2 millisecond.
reply = What do you want to do?
{"type":"SlotAskAction","payload":"What do you want to do?"}
{"activeFrames":[{"frame":"io.opencui.test.CompositeWithIIntent","slot":"skill"}],"status":"OPEN"}
{"query": "2", "frames": [{"type": "HotelAddress", "slots": [{"value" : "\"unimportant_value\"", "type" : "String", "attribute" : "unimportant"}], "packageName": "io.opencui.test"}, {"type": "Hotel", "slots": [{"value" : "\"Seattle\"", "type" : "String", "attribute" : "city"}, {"value" : "\"Seattle A Hotel\"", "type" : "String", "attribute" : "hotel"}], "packageName": "io.opencui.test"}]}
Executing response  consumed 3 millisecond.
reply = Address of Seattle A Hotel is Seattle Main Street
{"type":"HotelAddressAction_0","payload":"Address of Seattle A Hotel is Seattle Main Street"}
null
drop table if exists mobile

                    CREATE TABLE mobile (
                    id INT PRIMARY KEY,
                    cellphone VARCHAR(255),
                    amount double DEFAULT NULL)
                     AS SELECT * FROM CSVREAD('classpath:/test/mobile.csv', null, 'lineComment=#')
drop table if exists cellphone

                    CREATE TABLE cellphone (
                    id INT PRIMARY KEY,
                    cellphoneMapping VARCHAR(255),
                    nameMapping VARCHAR(255))
                     AS SELECT * FROM CSVREAD('file:/home/sean/newworld/runtime/core/build/resources/test/test/cellphone.csv', null, 'lineComment=#')
drop table if exists flight

                    CREATE TABLE flight (
                    id INT PRIMARY KEY,
                    origin VARCHAR(255),
                    destination VARCHAR(255),
                    flight VARCHAR(255))
                     AS SELECT * FROM CSVREAD('classpath:/test/flight.csv', null, 'lineComment=#')
drop table if exists booked_flight
CREATE TABLE booked_flight (
 id INT PRIMARY KEY AUTO_INCREMENT,
 flight VARCHAR(255),
 user VARCHAR(255))
drop table if exists hotel

                    CREATE TABLE hotel (
                    id INT PRIMARY KEY,
                    city VARCHAR(255),
                    hotel VARCHAR(255))
                     AS SELECT * FROM CSVREAD('classpath:/test/hotel.csv', null, 'lineComment=#')
drop table if exists booked_hotel
CREATE TABLE booked_hotel (
 id INT PRIMARY KEY,
 hotel VARCHAR(255),
 user VARCHAR(255))
drop table if exists hotel_address
CREATE TABLE hotel_address (
 id INT PRIMARY KEY,
 hotel VARCHAR(255),
 address VARCHAR(255)) AS SELECT * FROM CSVREAD('classpath:/test/hotel_address.csv', null, 'lineComment=#')
drop table if exists intents

                CREATE TABLE intents (
                id INT PRIMARY KEY,
                node_state VARCHAR(255),
                "@class" VARCHAR(255), 
                current_node NVARCHAR(255) NULL)
                 AS SELECT * FROM CSVREAD('classpath:/test/intents.csv', null, 'lineComment=#')
drop table if exists dish

                CREATE TABLE dish (
                id INT PRIMARY KEY,
                dish VARCHAR(255))
                 AS SELECT * FROM CSVREAD('classpath:/test/dish.csv', null, 'lineComment=#')
{"query": "1", "frames": [{"type": "CustomizedRecommendationIntent", "slots": []}]}
Executing response  consumed 2 millisecond.
reply = Which city?
reply = We have following 2 choices: (Wuhan; Wuhan D Hotel), (Shanghai; Shanghai B Hotel).
{"type":"FillAction","payload":"FILL SLOT value is null for target : io.opencui.core.PagedSelectable, slot : index"}
{"type":"SlotAskAction","payload":"Which city?\nWe have following 2 choices: (Wuhan; Wuhan D Hotel), (Shanghai; Shanghai B Hotel)."}
{"activeFrames":[{"frame":"io.opencui.test.Hotel","slot":"city"},{"frame":"io.opencui.core.PagedSelectable","slot":"index"}],"status":"OPEN"}
{"query": "2", "frames": [{"type": "PagedSelectable", "slots": [{"value" : "\"1\"", "attribute" : "index"}]}]}
Executing response  consumed 1 millisecond.
reply = Hi, city=Wuhan; hotel=Wuhan D Hotel
{"type":"SeqAction","payload":[{"type":"FillAction","payload":"FILL SLOT for target : io.opencui.test.Hotel, slot : "}]}
{"type":"CustomizedRecommendation_0","payload":"Hi, city=Wuhan; hotel=Wuhan D Hotel"}
null
drop table if exists mobile

                    CREATE TABLE mobile (
                    id INT PRIMARY KEY,
                    cellphone VARCHAR(255),
                    amount double DEFAULT NULL)
                     AS SELECT * FROM CSVREAD('classpath:/test/mobile.csv', null, 'lineComment=#')
drop table if exists cellphone

                    CREATE TABLE cellphone (
                    id INT PRIMARY KEY,
                    cellphoneMapping VARCHAR(255),
                    nameMapping VARCHAR(255))
                     AS SELECT * FROM CSVREAD('file:/home/sean/newworld/runtime/core/build/resources/test/test/cellphone.csv', null, 'lineComment=#')
drop table if exists flight

                    CREATE TABLE flight (
                    id INT PRIMARY KEY,
                    origin VARCHAR(255),
                    destination VARCHAR(255),
                    flight VARCHAR(255))
                     AS SELECT * FROM CSVREAD('classpath:/test/flight.csv', null, 'lineComment=#')
drop table if exists booked_flight
CREATE TABLE booked_flight (
 id INT PRIMARY KEY AUTO_INCREMENT,
 flight VARCHAR(255),
 user VARCHAR(255))
drop table if exists hotel

                    CREATE TABLE hotel (
                    id INT PRIMARY KEY,
                    city VARCHAR(255),
                    hotel VARCHAR(255))
                     AS SELECT * FROM CSVREAD('classpath:/test/hotel.csv', null, 'lineComment=#')
drop table if exists booked_hotel
CREATE TABLE booked_hotel (
 id INT PRIMARY KEY,
 hotel VARCHAR(255),
 user VARCHAR(255))
drop table if exists hotel_address
CREATE TABLE hotel_address (
 id INT PRIMARY KEY,
 hotel VARCHAR(255),
 address VARCHAR(255)) AS SELECT * FROM CSVREAD('classpath:/test/hotel_address.csv', null, 'lineComment=#')
drop table if exists intents

                CREATE TABLE intents (
                id INT PRIMARY KEY,
                node_state VARCHAR(255),
                "@class" VARCHAR(255), 
                current_node NVARCHAR(255) NULL)
                 AS SELECT * FROM CSVREAD('classpath:/test/intents.csv', null, 'lineComment=#')
drop table if exists dish

                CREATE TABLE dish (
                id INT PRIMARY KEY,
                dish VARCHAR(255))
                 AS SELECT * FROM CSVREAD('classpath:/test/dish.csv', null, 'lineComment=#')
{"query": "1", "frames": [{"type": "MultiValueMinMaxWithRec", "slots": []}]}
Executing response  consumed 6 millisecond.
reply = chose pay method visa_norm for you
reply = chose pay method visa_norm for you
reply = anything else?
reply = We have following 1 choices for PayMethod : visa_norm.
{"type":"FillAction","payload":"FILL SLOT for target : io.opencui.core.PagedSelectable, slot : index"}
{"type":"TextOutputAction","payload":"chose pay method visa_norm for you"}
{"type":"SeqAction","payload":[{"type":"FillAction","payload":"FILL SLOT for target : io.opencui.test.MultiValueMinMaxWithRec, slot : payMethodList"}]}
{"type":"FillAction","payload":"FILL SLOT for target : io.opencui.core.PagedSelectable, slot : index"}
{"type":"TextOutputAction","payload":"chose pay method visa_norm for you"}
{"type":"SeqAction","payload":[{"type":"FillAction","payload":"FILL SLOT for target : io.opencui.test.MultiValueMinMaxWithRec, slot : payMethodList"}]}
{"type":"FillAction","payload":"FILL SLOT value is null for target : io.opencui.core.PagedSelectable, slot : index"}
{"type":"SlotAskAction","payload":"anything else?\nWe have following 1 choices for PayMethod : visa_norm."}
{"activeFrames":[{"frame":"io.opencui.core.HasMore","slot":"status"},{"frame":"io.opencui.test.MultiValueMinMaxWithRec","slot":"payMethodList"},{"frame":"io.opencui.core.PagedSelectable","slot":"index"}],"status":"OPEN"}
{"query": "2", "frames": [{"type": "No", "slots": [], "packageName": "io.opencui.core.hasMore"}]}
Executing response  consumed 1 millisecond.
reply = Hi, size = 2
{"type":"MultiValueMinMaxWithRec_0","payload":"Hi, size = 2"}
null
drop table if exists mobile

                    CREATE TABLE mobile (
                    id INT PRIMARY KEY,
                    cellphone VARCHAR(255),
                    amount double DEFAULT NULL)
                     AS SELECT * FROM CSVREAD('classpath:/test/mobile.csv', null, 'lineComment=#')
drop table if exists cellphone

                    CREATE TABLE cellphone (
                    id INT PRIMARY KEY,
                    cellphoneMapping VARCHAR(255),
                    nameMapping VARCHAR(255))
                     AS SELECT * FROM CSVREAD('file:/home/sean/newworld/runtime/core/build/resources/test/test/cellphone.csv', null, 'lineComment=#')
drop table if exists flight

                    CREATE TABLE flight (
                    id INT PRIMARY KEY,
                    origin VARCHAR(255),
                    destination VARCHAR(255),
                    flight VARCHAR(255))
                     AS SELECT * FROM CSVREAD('classpath:/test/flight.csv', null, 'lineComment=#')
drop table if exists booked_flight
CREATE TABLE booked_flight (
 id INT PRIMARY KEY AUTO_INCREMENT,
 flight VARCHAR(255),
 user VARCHAR(255))
drop table if exists hotel

                    CREATE TABLE hotel (
                    id INT PRIMARY KEY,
                    city VARCHAR(255),
                    hotel VARCHAR(255))
                     AS SELECT * FROM CSVREAD('classpath:/test/hotel.csv', null, 'lineComment=#')
drop table if exists booked_hotel
CREATE TABLE booked_hotel (
 id INT PRIMARY KEY,
 hotel VARCHAR(255),
 user VARCHAR(255))
drop table if exists hotel_address
CREATE TABLE hotel_address (
 id INT PRIMARY KEY,
 hotel VARCHAR(255),
 address VARCHAR(255)) AS SELECT * FROM CSVREAD('classpath:/test/hotel_address.csv', null, 'lineComment=#')
drop table if exists intents

                CREATE TABLE intents (
                id INT PRIMARY KEY,
                node_state VARCHAR(255),
                "@class" VARCHAR(255), 
                current_node NVARCHAR(255) NULL)
                 AS SELECT * FROM CSVREAD('classpath:/test/intents.csv', null, 'lineComment=#')
drop table if exists dish

                CREATE TABLE dish (
                id INT PRIMARY KEY,
                dish VARCHAR(255))
                 AS SELECT * FROM CSVREAD('classpath:/test/dish.csv', null, 'lineComment=#')
{"query": "1", "frames": [{"type": "RecoverTestIntent", "slots": [{"value" : "\"aaa\"", "attribute" : "aaa"}]}]}
{"type":"Exception","payload":""}
{"activeFrames":[{"frame":"io.opencui.test.RecoverTestIntent","slot":"bbb"}],"status":"OPEN"}
{"query": "2", "frames": [{"type": "CleanSession", "packageName": "io.opencui.core", "slots": []}]}
Executing response  consumed 1 millisecond.
{"type":"CloseSession","payload":"CLEAN SESSION"}
null
{"query": "3", "frames": [{"type": "RecoverTestIntent", "slots": [{"value" : "\"a\"", "attribute" : "aaa"}]}]}
Executing response  consumed 1 millisecond.
reply = Hi, aaa=a; bbb=null
{"type":"RecoverTestIntent_0","payload":"Hi, aaa=a; bbb=null"}
null
drop table if exists mobile

                    CREATE TABLE mobile (
                    id INT PRIMARY KEY,
                    cellphone VARCHAR(255),
                    amount double DEFAULT NULL)
                     AS SELECT * FROM CSVREAD('classpath:/test/mobile.csv', null, 'lineComment=#')
drop table if exists cellphone

                    CREATE TABLE cellphone (
                    id INT PRIMARY KEY,
                    cellphoneMapping VARCHAR(255),
                    nameMapping VARCHAR(255))
                     AS SELECT * FROM CSVREAD('file:/home/sean/newworld/runtime/core/build/resources/test/test/cellphone.csv', null, 'lineComment=#')
drop table if exists flight

                    CREATE TABLE flight (
                    id INT PRIMARY KEY,
                    origin VARCHAR(255),
                    destination VARCHAR(255),
                    flight VARCHAR(255))
                     AS SELECT * FROM CSVREAD('classpath:/test/flight.csv', null, 'lineComment=#')
drop table if exists booked_flight
CREATE TABLE booked_flight (
 id INT PRIMARY KEY AUTO_INCREMENT,
 flight VARCHAR(255),
 user VARCHAR(255))
drop table if exists hotel

                    CREATE TABLE hotel (
                    id INT PRIMARY KEY,
                    city VARCHAR(255),
                    hotel VARCHAR(255))
                     AS SELECT * FROM CSVREAD('classpath:/test/hotel.csv', null, 'lineComment=#')
drop table if exists booked_hotel
CREATE TABLE booked_hotel (
 id INT PRIMARY KEY,
 hotel VARCHAR(255),
 user VARCHAR(255))
drop table if exists hotel_address
CREATE TABLE hotel_address (
 id INT PRIMARY KEY,
 hotel VARCHAR(255),
 address VARCHAR(255)) AS SELECT * FROM CSVREAD('classpath:/test/hotel_address.csv', null, 'lineComment=#')
drop table if exists intents

                CREATE TABLE intents (
                id INT PRIMARY KEY,
                node_state VARCHAR(255),
                "@class" VARCHAR(255), 
                current_node NVARCHAR(255) NULL)
                 AS SELECT * FROM CSVREAD('classpath:/test/intents.csv', null, 'lineComment=#')
drop table if exists dish

                CREATE TABLE dish (
                id INT PRIMARY KEY,
                dish VARCHAR(255))
                 AS SELECT * FROM CSVREAD('classpath:/test/dish.csv', null, 'lineComment=#')
{"query": "1", "frames": [{"type": "MultiValueMinMax", "slots": []}]}
Executing response  consumed 2 millisecond.
reply = payMethod?
{"type":"SlotAskAction","payload":"payMethod?"}
{"activeFrames":[{"frame":"io.opencui.core.HasMore","slot":"status"},{"frame":"io.opencui.test.MultiValueMinMax","slot":"payMethodList"}],"status":"OPEN"}
{"query": "2", "frames": [{"type": "No", "slots": []}]}
Executing response  consumed 0 millisecond.
reply = size = 0 less than 1
reply = payMethod?
{"type":"SeqAction","payload":[{"type":"TextOutputAction","payload":"size = 0 less than 1"},{"type":"CleanupAction","payload":"CLEANUP SLOT : target=io.opencui.core.HasMore&slot=status"},{"type":"RefocusAction","payload":""}]}
{"type":"SlotAskAction","payload":"payMethod?"}
{"activeFrames":[{"frame":"io.opencui.core.HasMore","slot":"status"},{"frame":"io.opencui.test.MultiValueMinMax","slot":"payMethodList"}],"status":"OPEN"}
{"query": "3", "frames": [{"type": "MultiValueMinMax", "slots": [{"value" : "\"mastercard\"", "attribute" : "payMethodList"}], "packageName": "io.opencui.test"}]}
Executing response  consumed 1 millisecond.
reply = anything else?
{"type":"SlotAskAction","payload":"anything else?"}
{"activeFrames":[{"frame":"io.opencui.core.HasMore","slot":"status"},{"frame":"io.opencui.test.MultiValueMinMax","slot":"payMethodList"}],"status":"OPEN"}
{"query": "4", "frames": [{"type": "MultiValueMinMax", "slots": [{"value" : "\"visa\"", "attribute" : "payMethodList"}], "packageName": "io.opencui.test"}, {"type": "MultiValueMinMax", "slots": [{"value" : "\"paypal\"", "attribute" : "payMethodList"}], "packageName": "io.opencui.test"}]}
Executing response  consumed 2 millisecond.
reply = size = 2 greater than 2
reply = Hi, size = 2
{"type":"SeqAction","payload":[{"type":"TextOutputAction","payload":"size = 3 greater than 2"},{"type":"MaxDiscardAction","payload":"DISCARD mv entries that exceed max number, from 3 entries to 2 entries"}]}
{"type":"MultiValueMinMax_0","payload":"Hi, size = 2"}
null
drop table if exists mobile

                    CREATE TABLE mobile (
                    id INT PRIMARY KEY,
                    cellphone VARCHAR(255),
                    amount double DEFAULT NULL)
                     AS SELECT * FROM CSVREAD('classpath:/test/mobile.csv', null, 'lineComment=#')
drop table if exists cellphone

                    CREATE TABLE cellphone (
                    id INT PRIMARY KEY,
                    cellphoneMapping VARCHAR(255),
                    nameMapping VARCHAR(255))
                     AS SELECT * FROM CSVREAD('file:/home/sean/newworld/runtime/core/build/resources/test/test/cellphone.csv', null, 'lineComment=#')
drop table if exists flight

                    CREATE TABLE flight (
                    id INT PRIMARY KEY,
                    origin VARCHAR(255),
                    destination VARCHAR(255),
                    flight VARCHAR(255))
                     AS SELECT * FROM CSVREAD('classpath:/test/flight.csv', null, 'lineComment=#')
drop table if exists booked_flight
CREATE TABLE booked_flight (
 id INT PRIMARY KEY AUTO_INCREMENT,
 flight VARCHAR(255),
 user VARCHAR(255))
drop table if exists hotel

                    CREATE TABLE hotel (
                    id INT PRIMARY KEY,
                    city VARCHAR(255),
                    hotel VARCHAR(255))
                     AS SELECT * FROM CSVREAD('classpath:/test/hotel.csv', null, 'lineComment=#')
drop table if exists booked_hotel
CREATE TABLE booked_hotel (
 id INT PRIMARY KEY,
 hotel VARCHAR(255),
 user VARCHAR(255))
drop table if exists hotel_address
CREATE TABLE hotel_address (
 id INT PRIMARY KEY,
 hotel VARCHAR(255),
 address VARCHAR(255)) AS SELECT * FROM CSVREAD('classpath:/test/hotel_address.csv', null, 'lineComment=#')
drop table if exists intents

                CREATE TABLE intents (
                id INT PRIMARY KEY,
                node_state VARCHAR(255),
                "@class" VARCHAR(255), 
                current_node NVARCHAR(255) NULL)
                 AS SELECT * FROM CSVREAD('classpath:/test/intents.csv', null, 'lineComment=#')
drop table if exists dish

                CREATE TABLE dish (
                id INT PRIMARY KEY,
                dish VARCHAR(255))
                 AS SELECT * FROM CSVREAD('classpath:/test/dish.csv', null, 'lineComment=#')
{"query": "1", "frames": [{"type": "CollectCities", "slots": [], "packageName": "io.opencui.test"}]}
Executing response  consumed 2 millisecond.
reply = city?
{"type":"SlotAskAction","payload":"city?"}
{"activeFrames":[{"frame":"io.opencui.core.HasMore","slot":"status"},{"frame":"io.opencui.test.CollectCities","slot":"cities"}],"status":"OPEN"}
{"query": "2", "frames": [{"type": "CollectCities", "slots": [{"value": "\"Beijing\"", "attribute": "cities"}], "packageName": "io.opencui.test"}]}
Executing response  consumed 1 millisecond.
reply = any city else?
{"type":"SlotAskAction","payload":"any city else?"}
{"activeFrames":[{"frame":"io.opencui.core.HasMore","slot":"status"},{"frame":"io.opencui.test.CollectCities","slot":"cities"}],"status":"OPEN"}
{"query": "3", "frames": [{"type": "CollectCities", "slots": [{"value": "\"Shenzhen\"", "attribute": "cities"}], "packageName": "io.opencui.test"}]}
Executing response  consumed 0 millisecond.
reply = any city else?
{"type":"SlotAskAction","payload":"any city else?"}
{"activeFrames":[{"frame":"io.opencui.core.HasMore","slot":"status"},{"frame":"io.opencui.test.CollectCities","slot":"cities"}],"status":"OPEN"}
{"query": "4", "frames": [{"type": "CollectCities", "slots": [{"value": "\"Chengdu\"", "attribute": "cities"}], "packageName": "io.opencui.test"}]}
Executing response  consumed 0 millisecond.
reply = any city else?
{"type":"SlotAskAction","payload":"any city else?"}
{"activeFrames":[{"frame":"io.opencui.core.HasMore","slot":"status"},{"frame":"io.opencui.test.CollectCities","slot":"cities"}],"status":"OPEN"}
{"query": "5", "frames": [{"type": "No", "slots": [], "packageName": "io.opencui.core.hasMore"}]}
Executing response  consumed 1 millisecond.
reply = Hi, cities size = 3
{"type":"CollectCities_0","payload":"Hi, cities size = 3"}
null
{"query": "6", "frames": [{"type": "BookTrain", "slots": [{"value" : "\"_context\"", "attribute" : "departure"}, {"value" : "\"_context\"", "attribute" : "arrival"}], "packageName": "io.opencui.test"}]}
Executing response  consumed 2 millisecond.
reply = target?
reply = by departure_alias, which do you mean: (Beijing_norm), (Shenzhen_norm), (Chengdu_norm).
{"type":"FillAction","payload":"FILL SLOT value is null for target : io.opencui.core.PagedSelectable, slot : index"}
{"type":"SlotAskAction","payload":"target?\nby departure_alias, which do you mean: (Beijing_norm), (Shenzhen_norm), (Chengdu_norm)."}
{"activeFrames":[{"frame":"io.opencui.core.ValueClarification$io.opencui.test.City","slot":"target"},{"frame":"io.opencui.core.PagedSelectable","slot":"index"}],"status":"OPEN"}
{"query": "7", "frames": [{"type": "PagedSelectable", "slots": [{"value" : "\"1\"", "attribute" : "index"}]}]}
Executing response  consumed 1 millisecond.
reply = target?
reply = by arrival_alias, which do you mean: (Beijing_norm), (Shenzhen_norm), (Chengdu_norm).
{"type":"SeqAction","payload":[{"type":"FillAction","payload":"FILL SLOT for target : io.opencui.core.ValueClarification, slot : target"}]}
{"type":"FillAction","payload":"FILL SLOT for target : io.opencui.test.BookTrain, slot : departure"}
{"type":"FillAction","payload":"FILL SLOT value is null for target : io.opencui.core.PagedSelectable, slot : index"}
{"type":"SlotAskAction","payload":"target?\nby arrival_alias, which do you mean: (Beijing_norm), (Shenzhen_norm), (Chengdu_norm)."}
{"activeFrames":[{"frame":"io.opencui.core.ValueClarification$io.opencui.test.City","slot":"target"},{"frame":"io.opencui.core.PagedSelectable","slot":"index"}],"status":"OPEN"}
{"query": "8", "frames": [{"type": "PagedSelectable", "slots": [{"value" : "\"3\"", "attribute" : "index"}]}]}
Executing response  consumed 0 millisecond.
reply = placeHolder?
{"type":"SeqAction","payload":[{"type":"FillAction","payload":"FILL SLOT for target : io.opencui.core.ValueClarification, slot : target"}]}
{"type":"FillAction","payload":"FILL SLOT for target : io.opencui.test.BookTrain, slot : arrival"}
{"type":"SlotAskAction","payload":"placeHolder?"}
{"activeFrames":[{"frame":"io.opencui.test.BookTrain","slot":"placeHolder"}],"status":"OPEN"}
{"query": "9", "frames": [{"type": "BookTrain", "slots": [{"value" : "\"placeHolder\"", "attribute" : "placeHolder"}], "packageName": "io.opencui.test"}]}
Executing response  consumed 0 millisecond.
reply = Hi, departure = Beijing arrival = Chengdu
{"type":"BookTrain_0","payload":"Hi, departure = Beijing arrival = Chengdu"}
null
drop table if exists mobile

                    CREATE TABLE mobile (
                    id INT PRIMARY KEY,
                    cellphone VARCHAR(255),
                    amount double DEFAULT NULL)
                     AS SELECT * FROM CSVREAD('classpath:/test/mobile.csv', null, 'lineComment=#')
drop table if exists cellphone

                    CREATE TABLE cellphone (
                    id INT PRIMARY KEY,
                    cellphoneMapping VARCHAR(255),
                    nameMapping VARCHAR(255))
                     AS SELECT * FROM CSVREAD('file:/home/sean/newworld/runtime/core/build/resources/test/test/cellphone.csv', null, 'lineComment=#')
drop table if exists flight

                    CREATE TABLE flight (
                    id INT PRIMARY KEY,
                    origin VARCHAR(255),
                    destination VARCHAR(255),
                    flight VARCHAR(255))
                     AS SELECT * FROM CSVREAD('classpath:/test/flight.csv', null, 'lineComment=#')
drop table if exists booked_flight
CREATE TABLE booked_flight (
 id INT PRIMARY KEY AUTO_INCREMENT,
 flight VARCHAR(255),
 user VARCHAR(255))
drop table if exists hotel

                    CREATE TABLE hotel (
                    id INT PRIMARY KEY,
                    city VARCHAR(255),
                    hotel VARCHAR(255))
                     AS SELECT * FROM CSVREAD('classpath:/test/hotel.csv', null, 'lineComment=#')
drop table if exists booked_hotel
CREATE TABLE booked_hotel (
 id INT PRIMARY KEY,
 hotel VARCHAR(255),
 user VARCHAR(255))
drop table if exists hotel_address
CREATE TABLE hotel_address (
 id INT PRIMARY KEY,
 hotel VARCHAR(255),
 address VARCHAR(255)) AS SELECT * FROM CSVREAD('classpath:/test/hotel_address.csv', null, 'lineComment=#')
drop table if exists intents

                CREATE TABLE intents (
                id INT PRIMARY KEY,
                node_state VARCHAR(255),
                "@class" VARCHAR(255), 
                current_node NVARCHAR(255) NULL)
                 AS SELECT * FROM CSVREAD('classpath:/test/intents.csv', null, 'lineComment=#')
drop table if exists dish

                CREATE TABLE dish (
                id INT PRIMARY KEY,
                dish VARCHAR(255))
                 AS SELECT * FROM CSVREAD('classpath:/test/dish.csv', null, 'lineComment=#')
{"query": "3", "frames": [{"type": "Hi", "slots": []}]}
Executing response  consumed 3 millisecond.
reply = What is your name?
{"type":"SlotAskAction","payload":"What is your name?"}
{"activeFrames":[{"frame":"io.opencui.test.Person","slot":"name"}],"status":"OPEN"}
{"query": "5", "frames": [{"type": "Person", "slots": [{"value" : "\"Joe\"", "type" : "String", "attribute" : "name"}]}]}
Executing response  consumed 1 millisecond.
reply = How old are you?
{"type":"SlotAskAction","payload":"How old are you?"}
{"activeFrames":[{"frame":"io.opencui.test.Person","slot":"age"}],"status":"OPEN"}
{"query": "6", "frames": [{"type": "person", "slots": [{"value" : "24", "type" : "Int", "attribute" : "age"}], "packageName": "io.opencui.test"}]}
Executing response  consumed 1 millisecond.
reply = How old are you?
{"type":"SlotAskAction","payload":"How old are you?"}
{"activeFrames":[{"frame":"io.opencui.test.Person","slot":"age"}],"status":"OPEN"}
{"query": "7", "frames": [{"type": "Person", "slots": [{"value" : "24", "type" : "Int", "attribute" : "age"}]}, {"type": "Person", "slots": [{"value": "66", "type": "Int", "attribute": "weight"}]}]}
Executing response  consumed 1 millisecond.
reply = How tall are you?
{"type":"SlotAskAction","payload":"How tall are you?"}
{"activeFrames":[{"frame":"io.opencui.test.Person","slot":"height"}],"status":"OPEN"}
{"query": "8", "frames": [{"type": "Person", "slots": [{"value": "175", "type": "Int", "attribute": "height"}]}]}
Executing response  consumed 2 millisecond.
reply = What symptom do you have?
{"type":"SlotAskAction","payload":"What symptom do you have?"}
{"activeFrames":[{"frame":"io.opencui.test.Hi","slot":"symptom"}],"status":"OPEN"}
{"query": "9", "frames": [{"type": "Person", "slots": [{"value" : "25", "type" : "Int", "attribute" : "age"}]}]}
Executing response  consumed 2 millisecond.
reply = What symptom do you have?
{"type":"SlotAskAction","payload":"What symptom do you have?"}
{"activeFrames":[{"frame":"io.opencui.test.Hi","slot":"symptom"}],"status":"OPEN"}
{"query": "10", "frames": [{"type": "fever", "packageName": "io.opencui.test"}]}
Executing response  consumed 1 millisecond.
reply = What symptom do you have?
{"type":"SlotAskAction","payload":"What symptom do you have?"}
{"activeFrames":[{"frame":"io.opencui.test.Hi","slot":"symptom"}],"status":"OPEN"}
{"query": "11", "frames": [{"type": "Fever"}]}
Executing response  consumed 2 millisecond.
reply = How long did it last?
{"type":"SlotAskAction","payload":"How long did it last?"}
{"activeFrames":[{"frame":"io.opencui.test.Fever","slot":"duration"}],"status":"OPEN"}
{"query": "13", "frames": [{"type": "Fever", "slots": [{"value" : "4", "type" : "Int", "attribute" : "duration"}]}]}
Executing response  consumed 1 millisecond.
reply = what is the cause for it?
{"type":"SlotAskAction","payload":"what is the cause for it?"}
{"activeFrames":[{"frame":"io.opencui.test.Fever","slot":"cause"}],"status":"OPEN"}
{"query": "14", "frames": [{"type": "Fever", "slots": [{"value" : "\"I eat something bad.\"", "type" : "String", "attribute" : "cause"}]}]}
Executing response  consumed 0 millisecond.
reply = What is your temperature?
{"type":"SlotAskAction","payload":"What is your temperature?"}
{"activeFrames":[{"frame":"io.opencui.test.Fever","slot":"degree"}],"status":"OPEN"}
{"query": "15", "frames": [{"type": "Fever", "slots": [{"value" : "39", "type" : "Int", "attribute" : "degree"}]}]}
Executing response  consumed 4 millisecond.
reply = Hi, Joe, 175cm, 66kg I know you are 25 year old. But how are you?
{"type":"HiAction_0","payload":"Hi, Joe, 175cm, 66kg I know you are 25 year old. But how are you?"}
null
{"query": "16", "frames": [{"type": "PreDiagnosis", "slots": [], "packageName": "io.opencui.test"}]}
Executing response  consumed 3 millisecond.
reply = What pay method do you perfer?
{"type":"SlotAskAction","payload":"What pay method do you perfer?"}
{"activeFrames":[{"frame":"io.opencui.test.PreDiagnosis","slot":"method"}],"status":"OPEN"}
{"query": "17", "frames": [{"type": "PreDiagnosis", "slots": [{"value" : "\"wrong_method\"", "origValue": "orig_value_visa",  "type" : "PayMethod", "attribute" : "method"}], "packageName": "io.opencui.test"}]}
Executing response  consumed 3 millisecond.
reply = What kind of headache do you have?
{"type":"SlotAskAction","payload":"What kind of headache do you have?"}
{"activeFrames":[{"frame":"io.opencui.core.HasMore","slot":"status"},{"frame":"io.opencui.test.Headache"}],"status":"OPEN"}
{"query": "18", "frames": [{"type": "Yes", "slots": [], "packageName": "io.opencui.core.hasMore"}, {"type": "Headache", "slots": [{"value" : "4", "type" : "Int", "attribute" : "duration"}], "packageName": "io.opencui.test"}]}
Executing response  consumed 2 millisecond.
reply = What is the cause for it?
{"type":"SlotAskAction","payload":"What is the cause for it?"}
{"activeFrames":[{"frame":"io.opencui.test.Headache","slot":"cause"}],"status":"OPEN"}
{"query": "19", "frames": [{"type": "PreDiagnosis", "slots": [{"value" : "\"visa\"", "origValue": "orig_value_visa",  "type" : "PayMethod", "attribute" : "method"}]}]}
Executing response  consumed 1 millisecond.
reply = What is the cause for it?
{"type":"SlotAskAction","payload":"What is the cause for it?"}
{"activeFrames":[{"frame":"io.opencui.test.Headache","slot":"cause"}],"status":"OPEN"}
{"query": "20", "frames": [{"type": "Headache", "slots": [{"value" : "\"I bashed my head against a wall.\"", "type" : "String", "attribute" : "cause"}], "packageName": "io.opencui.test"}]}
Executing response  consumed 1 millisecond.
reply = which part of head?
{"type":"SlotAskAction","payload":"which part of head?"}
{"activeFrames":[{"frame":"io.opencui.test.Headache","slot":"part"}],"status":"OPEN"}
{"query": "21", "frames": [{"type": "Headache", "slots": [{"value" : "\"forehead\"", "type" : "String", "attribute" : "part"}], "packageName": "io.opencui.test"}]}
Executing response  consumed 4 millisecond.
reply = What kind of headache do you still have?
{"type":"SlotAskAction","payload":"What kind of headache do you still have?"}
{"activeFrames":[{"frame":"io.opencui.core.HasMore","slot":"status"},{"frame":"io.opencui.test.Headache"}],"status":"OPEN"}
{"query": "22", "frames": [{"type": "No", "slots": [], "packageName": "io.opencui.core.hasMore"}]}
Executing response  consumed 5 millisecond.
reply = What symptom do you have?
{"type":"SlotAskAction","payload":"What symptom do you have?"}
{"activeFrames":[{"frame":"io.opencui.core.HasMore","slot":"status"},{"frame":"io.opencui.test.PreDiagnosis","slot":"symptoms"}],"status":"OPEN"}
{"query": "23", "frames": [{"type": "Yes", "slots": [], "packageName": "io.opencui.core.hasMore"}, {"type": "Fever", "slots": [{"value" : "4", "type" : "Int", "attribute" : "duration"}], "packageName": "io.opencui.test"}]}
Executing response  consumed 4 millisecond.
reply = what is the cause for it?
{"type":"SlotAskAction","payload":"what is the cause for it?"}
{"activeFrames":[{"frame":"io.opencui.test.Fever","slot":"cause"}],"status":"OPEN"}
{"query": "24", "frames": [{"type": "Fever", "slots": [{"value" : "\"I eat something bad.\"", "type" : "String", "attribute" : "cause"}]}]}
Executing response  consumed 1 millisecond.
reply = What is your temperature?
{"type":"SlotAskAction","payload":"What is your temperature?"}
{"activeFrames":[{"frame":"io.opencui.test.Fever","slot":"degree"}],"status":"OPEN"}
{"query": "25", "frames": [{"type": "Fever", "slots": [{"value" : "40", "type" : "Int", "attribute" : "degree"}]}]}
Executing response  consumed 5 millisecond.
reply = What symptom do you still have?
{"type":"SlotAskAction","payload":"What symptom do you still have?"}
{"activeFrames":[{"frame":"io.opencui.core.HasMore","slot":"status"},{"frame":"io.opencui.test.PreDiagnosis","slot":"symptoms"}],"status":"OPEN"}
{"query": "26", "frames": [{"type": "No", "slots": [], "packageName": "io.opencui.core.hasMore"}]}
Executing response  consumed 4 millisecond.
reply = What id do you have?
{"type":"SlotAskAction","payload":"What id do you have?"}
{"activeFrames":[{"frame":"io.opencui.core.HasMore","slot":"status"},{"frame":"io.opencui.test.PreDiagnosis","slot":"indexes"}],"status":"OPEN"}
{"query": "27", "frames": [{"type": "Yes", "slots": [], "packageName": "io.opencui.core.hasMore"}, {"type": "PreDiagnosis", "slots": [{"value" : "4", "type" : "Int", "attribute" : "indexes"}], "packageName": "io.opencui.test"}]}
Executing response  consumed 4 millisecond.
reply = What id do you still have?
{"type":"SlotAskAction","payload":"What id do you still have?"}
{"activeFrames":[{"frame":"io.opencui.core.HasMore","slot":"status"},{"frame":"io.opencui.test.PreDiagnosis","slot":"indexes"}],"status":"OPEN"}
{"query": "28", "frames": [{"type": "Yes", "slots": [], "packageName": "io.opencui.core.hasMore"}]}
Executing response  consumed 1 millisecond.
reply = what is the id?
{"type":"SlotAskAction","payload":"what is the id?"}
{"activeFrames":[{"frame":"io.opencui.test.PreDiagnosis","slot":"indexes"}],"status":"OPEN"}
{"query": "29", "frames": [{"type": "PreDiagnosis", "slots": [{"value" : "\"visa\"", "origValue": "orig_value_visa",  "type" : "PayMethod", "attribute" : "method"}]}]}
Executing response  consumed 1 millisecond.
reply = what is the id?
{"type":"SlotAskAction","payload":"what is the id?"}
{"activeFrames":[{"frame":"io.opencui.test.PreDiagnosis","slot":"indexes"}],"status":"OPEN"}
{"query": "30", "frames": [{"type": "PreDiagnosis", "slots": [{"value" : "5", "type" : "Int", "attribute" : "indexes"}]}]}
Executing response  consumed 2 millisecond.
reply = What id do you still have?
{"type":"SlotAskAction","payload":"What id do you still have?"}
{"activeFrames":[{"frame":"io.opencui.core.HasMore","slot":"status"},{"frame":"io.opencui.test.PreDiagnosis","slot":"indexes"}],"status":"OPEN"}
{"query": "31", "frames": [{"type": "No", "slots": [], "packageName": "io.opencui.core.hasMore"}]}
Executing response  consumed 2 millisecond.
reply = Hi, Joe, I know you have 2 ids. Am I right?
{"type":"PreDiagnosisAction","payload":"Hi, Joe, I know you have 2 ids. Am I right?"}
null
{"query": "32", "frames": [{"type": "Hello", "slots": [{"attribute": "payable", "value": "\"_context\""}]}]}
Executing response  consumed 5 millisecond.
reply = What is your name (MobileWithAdvances)?
{"type":"SlotAskAction","payload":"What is your name (MobileWithAdvances)?"}
{"activeFrames":[{"frame":"io.opencui.test.MobileWithAdvances","slot":"name"}],"status":"OPEN"}
{"query": "33", "frames": [{"type": "MobileWithAdvances", "slots": [{"value" : "\"David\"", "type" : "String", "attribute" : "name"}]}]}
io.opencui.test.IMobileService:default:{password=, conn=io.opencui.provider.SqlConnection, user=, url=jdbc:h2:./h2db/mobile;DATABASE_TO_UPPER=FALSE}
io.opencui.test.IMobileService:default:{password=, conn=io.opencui.provider.SqlConnection, user=, url=jdbc:h2:./h2db/mobile;DATABASE_TO_UPPER=FALSE}
Executing response  consumed 32 millisecond.
reply = What is your cell number?
{"type":"FillAction","payload":"FILL SLOT for target : io.opencui.core.PagedSelectable, slot : index"}
{"type":"SeqAction","payload":[{"type":"FillAction","payload":"FILL SLOT for target : io.opencui.test.MobileWithAdvances, slot : "}]}
{"type":"SlotAskAction","payload":"What is your cell number?"}
{"activeFrames":[{"frame":"io.opencui.test.Mobile","slot":"cellphone"}],"status":"OPEN"}
{"query": "35", "frames": [{"type": "Mobile", "slots": [{"value" : "\"fever\"", "type" : "String", "attribute" : "cellphone"}]}]}
Executing response  consumed 1 millisecond.
reply = your cellphone number is not correct, let's try it again.
reply = What is your cell number?
{"type":"SeqAction","payload":[{"type":"TextOutputAction","payload":"your cellphone number is not correct, let's try it again."},{"type":"CleanupAction","payload":"CLEANUP SLOT : target=io.opencui.test.Mobile&slot=cellphone"},{"type":"RefocusAction","payload":""}]}
{"type":"SlotAskAction","payload":"What is your cell number?"}
{"activeFrames":[{"frame":"io.opencui.test.Mobile","slot":"cellphone"}],"status":"OPEN"}
{"query": "36", "frames": [{"type": "Mobile", "slots": [{"value" : "\"13800138007\"", "type" : "String", "attribute" : "cellphone"}]}]}
Executing response  consumed 19 millisecond.
reply = What much do you want?
reply = We have following 2 choices: (7, 955.51), (8, 866.5).
{"type":"FillAction","payload":"FILL SLOT value is null for target : io.opencui.core.PagedSelectable, slot : index"}
{"type":"SlotAskAction","payload":"What much do you want?\nWe have following 2 choices: (7, 955.51), (8, 866.5)."}
{"activeFrames":[{"frame":"io.opencui.test.Mobile","slot":"amount"},{"frame":"io.opencui.core.PagedSelectable","slot":"index"}],"status":"OPEN"}
{"query": "37", "frames": [{"type": "PagedSelectable", "slots": [{"value" : "\"1\"", "attribute" : "index"}]}]}
Executing response  consumed 33 millisecond.
reply = So you want to use visa to pay. Am I right?
{"type":"SeqAction","payload":[{"type":"FillAction","payload":"FILL SLOT for target : io.opencui.test.Mobile, slot : "}]}
{"type":"HelloAction","payload":"So you want to use visa to pay. Am I right?"}
null
drop table if exists mobile

                    CREATE TABLE mobile (
                    id INT PRIMARY KEY,
                    cellphone VARCHAR(255),
                    amount double DEFAULT NULL)
                     AS SELECT * FROM CSVREAD('classpath:/test/mobile.csv', null, 'lineComment=#')
drop table if exists cellphone

                    CREATE TABLE cellphone (
                    id INT PRIMARY KEY,
                    cellphoneMapping VARCHAR(255),
                    nameMapping VARCHAR(255))
                     AS SELECT * FROM CSVREAD('file:/home/sean/newworld/runtime/core/build/resources/test/test/cellphone.csv', null, 'lineComment=#')
drop table if exists flight

                    CREATE TABLE flight (
                    id INT PRIMARY KEY,
                    origin VARCHAR(255),
                    destination VARCHAR(255),
                    flight VARCHAR(255))
                     AS SELECT * FROM CSVREAD('classpath:/test/flight.csv', null, 'lineComment=#')
drop table if exists booked_flight
CREATE TABLE booked_flight (
 id INT PRIMARY KEY AUTO_INCREMENT,
 flight VARCHAR(255),
 user VARCHAR(255))
drop table if exists hotel

                    CREATE TABLE hotel (
                    id INT PRIMARY KEY,
                    city VARCHAR(255),
                    hotel VARCHAR(255))
                     AS SELECT * FROM CSVREAD('classpath:/test/hotel.csv', null, 'lineComment=#')
drop table if exists booked_hotel
CREATE TABLE booked_hotel (
 id INT PRIMARY KEY,
 hotel VARCHAR(255),
 user VARCHAR(255))
drop table if exists hotel_address
CREATE TABLE hotel_address (
 id INT PRIMARY KEY,
 hotel VARCHAR(255),
 address VARCHAR(255)) AS SELECT * FROM CSVREAD('classpath:/test/hotel_address.csv', null, 'lineComment=#')
drop table if exists intents

                CREATE TABLE intents (
                id INT PRIMARY KEY,
                node_state VARCHAR(255),
                "@class" VARCHAR(255), 
                current_node NVARCHAR(255) NULL)
                 AS SELECT * FROM CSVREAD('classpath:/test/intents.csv', null, 'lineComment=#')
drop table if exists dish

                CREATE TABLE dish (
                id INT PRIMARY KEY,
                dish VARCHAR(255))
                 AS SELECT * FROM CSVREAD('classpath:/test/dish.csv', null, 'lineComment=#')
{"query": "1", "frames": [{"type": "VCTestIntent", "slots": [{"value" : "1", "attribute" : "a"}, {"value" : "\"c\"", "attribute" : "b"}], "packageName": "io.opencui.test"}]}
Executing response  consumed 4 millisecond.
reply = b fails
reply = b?
{"type":"SeqAction","payload":[{"type":"TextOutputAction","payload":"b fails"},{"type":"CleanupAction","payload":"CLEANUP SLOT : target=io.opencui.test.VCTestIntent&slot=b"},{"type":"RefocusAction","payload":""}]}
{"type":"SlotAskAction","payload":"b?"}
{"activeFrames":[{"frame":"io.opencui.test.VCTestIntent","slot":"b"}],"status":"OPEN"}
{"query": "2", "frames": [{"type": "VCTestIntent", "slots": [{"value" : "\"b\"", "attribute" : "b"}], "packageName": "io.opencui.test"}]}
Executing response  consumed 1 millisecond.
reply = c?
{"type":"SlotAskAction","payload":"c?"}
{"activeFrames":[{"frame":"io.opencui.test.VCTestIntent","slot":"c"}],"status":"OPEN"}
{"query": "3", "frames": [{"type": "VCTestIntent", "slots": [{"value" : "true", "attribute" : "c"}], "packageName": "io.opencui.test"}]}
Executing response  consumed 1 millisecond.
reply = d?
{"type":"SlotAskAction","payload":"d?"}
{"activeFrames":[{"frame":"io.opencui.test.VCTestIntent","slot":"d"}],"status":"OPEN"}
{"query": "4", "frames": [{"type": "VCTestIntent", "slots": [{"value" : "\"a\"", "attribute" : "b"}], "packageName": "io.opencui.test"}]}
Executing response  consumed 0 millisecond.
reply = a, b and c fail
reply = a?
{"type":"SeqAction","payload":[{"type":"TextOutputAction","payload":"a, b and c fail"},{"type":"CleanupAction","payload":"CLEANUP SLOT : target=io.opencui.test.VCTestIntent&slot=a, target=io.opencui.test.VCTestIntent&slot=b, target=io.opencui.test.VCTestIntent&slot=c"},{"type":"RefocusAction","payload":""}]}
{"type":"SlotAskAction","payload":"a?"}
{"activeFrames":[{"frame":"io.opencui.test.VCTestIntent","slot":"a"}],"status":"OPEN"}
{"query": "5", "frames": [{"type": "VCTestIntent", "slots": [{"value" : "1", "attribute" : "a"}, {"value" : "\"b\"", "attribute" : "b"}, {"value" : "true", "attribute" : "c"}, {"value" : "\"d\"", "attribute" : "d"}], "packageName": "io.opencui.test"}]}
Executing response  consumed 1 millisecond.
reply = Hi, value check test response a = 1 b = b c = true
{"type":"VCTestIntent_0","payload":"Hi, value check test response a = 1 b = b c = true"}
null
drop table if exists mobile

                    CREATE TABLE mobile (
                    id INT PRIMARY KEY,
                    cellphone VARCHAR(255),
                    amount double DEFAULT NULL)
                     AS SELECT * FROM CSVREAD('classpath:/test/mobile.csv', null, 'lineComment=#')
drop table if exists cellphone

                    CREATE TABLE cellphone (
                    id INT PRIMARY KEY,
                    cellphoneMapping VARCHAR(255),
                    nameMapping VARCHAR(255))
                     AS SELECT * FROM CSVREAD('file:/home/sean/newworld/runtime/core/build/resources/test/test/cellphone.csv', null, 'lineComment=#')
drop table if exists flight

                    CREATE TABLE flight (
                    id INT PRIMARY KEY,
                    origin VARCHAR(255),
                    destination VARCHAR(255),
                    flight VARCHAR(255))
                     AS SELECT * FROM CSVREAD('classpath:/test/flight.csv', null, 'lineComment=#')
drop table if exists booked_flight
CREATE TABLE booked_flight (
 id INT PRIMARY KEY AUTO_INCREMENT,
 flight VARCHAR(255),
 user VARCHAR(255))
drop table if exists hotel

                    CREATE TABLE hotel (
                    id INT PRIMARY KEY,
                    city VARCHAR(255),
                    hotel VARCHAR(255))
                     AS SELECT * FROM CSVREAD('classpath:/test/hotel.csv', null, 'lineComment=#')
drop table if exists booked_hotel
CREATE TABLE booked_hotel (
 id INT PRIMARY KEY,
 hotel VARCHAR(255),
 user VARCHAR(255))
drop table if exists hotel_address
CREATE TABLE hotel_address (
 id INT PRIMARY KEY,
 hotel VARCHAR(255),
 address VARCHAR(255)) AS SELECT * FROM CSVREAD('classpath:/test/hotel_address.csv', null, 'lineComment=#')
drop table if exists intents

                CREATE TABLE intents (
                id INT PRIMARY KEY,
                node_state VARCHAR(255),
                "@class" VARCHAR(255), 
                current_node NVARCHAR(255) NULL)
                 AS SELECT * FROM CSVREAD('classpath:/test/intents.csv', null, 'lineComment=#')
drop table if exists dish

                CREATE TABLE dish (
                id INT PRIMARY KEY,
                dish VARCHAR(255))
                 AS SELECT * FROM CSVREAD('classpath:/test/dish.csv', null, 'lineComment=#')
{"query": "1", "frames": [{"type": "SepTestIntentImplicit", "slots": [{"value" : "true", "attribute" : "a"}]}, {"type": "SepTestIntentImplicit", "slots": [{"value" : "\"ccc\"", "attribute" : "c"}]}]}
Executing response  consumed 4 millisecond.
reply = b ?
reply = sep confirmation b=2, contextC=ccc
{"type":"FillAction","payload":"FILL SLOT for target : io.opencui.core.PagedSelectable, slot : index"}
{"type":"SlotAskAction","payload":"b ?\nsep confirmation b=2, contextC=ccc"}
{"activeFrames":[{"frame":"io.opencui.core.Confirmation","slot":"status"},{"frame":"io.opencui.test.SepTestIntentImplicit","slot":"b"},{"frame":"io.opencui.core.PagedSelectable","slot":"index"}],"status":"OPEN"}
{"query": "2", "frames": [{"type": "Yes", "slots": []}]}
Executing response  consumed 1 millisecond.
reply = original confirmation b=2
{"type":"SeqAction","payload":[{"type":"FillAction","payload":"FILL SLOT for target : io.opencui.test.SepTestIntentImplicit, slot : b"}]}
{"type":"SlotAskAction","payload":"original confirmation b=2"}
{"activeFrames":[{"frame":"io.opencui.core.Confirmation","slot":"status"},{"frame":"io.opencui.test.SepTestIntentImplicit","slot":"b"}],"status":"OPEN"}
{"query": "3", "frames": [{"type": "Yes", "slots": []}]}
Executing response  consumed 1 millisecond.
reply = Hi, a=true, b=2, c=ccc
{"type":"SepTestIntentImplicit_0","payload":"Hi, a=true, b=2, c=ccc"}
null
drop table if exists mobile

                    CREATE TABLE mobile (
                    id INT PRIMARY KEY,
                    cellphone VARCHAR(255),
                    amount double DEFAULT NULL)
                     AS SELECT * FROM CSVREAD('classpath:/test/mobile.csv', null, 'lineComment=#')
drop table if exists cellphone

                    CREATE TABLE cellphone (
                    id INT PRIMARY KEY,
                    cellphoneMapping VARCHAR(255),
                    nameMapping VARCHAR(255))
                     AS SELECT * FROM CSVREAD('file:/home/sean/newworld/runtime/core/build/resources/test/test/cellphone.csv', null, 'lineComment=#')
drop table if exists flight

                    CREATE TABLE flight (
                    id INT PRIMARY KEY,
                    origin VARCHAR(255),
                    destination VARCHAR(255),
                    flight VARCHAR(255))
                     AS SELECT * FROM CSVREAD('classpath:/test/flight.csv', null, 'lineComment=#')
drop table if exists booked_flight
CREATE TABLE booked_flight (
 id INT PRIMARY KEY AUTO_INCREMENT,
 flight VARCHAR(255),
 user VARCHAR(255))
drop table if exists hotel

                    CREATE TABLE hotel (
                    id INT PRIMARY KEY,
                    city VARCHAR(255),
                    hotel VARCHAR(255))
                     AS SELECT * FROM CSVREAD('classpath:/test/hotel.csv', null, 'lineComment=#')
drop table if exists booked_hotel
CREATE TABLE booked_hotel (
 id INT PRIMARY KEY,
 hotel VARCHAR(255),
 user VARCHAR(255))
drop table if exists hotel_address
CREATE TABLE hotel_address (
 id INT PRIMARY KEY,
 hotel VARCHAR(255),
 address VARCHAR(255)) AS SELECT * FROM CSVREAD('classpath:/test/hotel_address.csv', null, 'lineComment=#')
drop table if exists intents

                CREATE TABLE intents (
                id INT PRIMARY KEY,
                node_state VARCHAR(255),
                "@class" VARCHAR(255), 
                current_node NVARCHAR(255) NULL)
                 AS SELECT * FROM CSVREAD('classpath:/test/intents.csv', null, 'lineComment=#')
drop table if exists dish

                CREATE TABLE dish (
                id INT PRIMARY KEY,
                dish VARCHAR(255))
                 AS SELECT * FROM CSVREAD('classpath:/test/dish.csv', null, 'lineComment=#')
{"query": "1", "frames": [{"type": "ContractBasedIntentA", "slots": [{"value" : "\"aaa\"", "attribute" : "a"}]}]}
Executing response  consumed 2 millisecond.
reply = contractId?
{"type":"SlotAskAction","payload":"contractId?"}
{"activeFrames":[{"frame":"io.opencui.test.ContractBasedIntentA","slot":"contractId"}],"status":"OPEN"}
{"query": "2", "frames": [{"type": "CleanSession", "packageName": "io.opencui.core", "slots": []}]}
Executing response  consumed 0 millisecond.
{"type":"CloseSession","payload":"CLEAN SESSION"}
null
{"query": "3", "frames": [{"type": "ContractBasedIntentA", "slots": [{"value" : "\"AAA\"", "attribute" : "a"}]}]}
Executing response  consumed 0 millisecond.
reply = contractId?
{"type":"SlotAskAction","payload":"contractId?"}
{"activeFrames":[{"frame":"io.opencui.test.ContractBasedIntentA","slot":"contractId"}],"status":"OPEN"}
{"query": "4", "frames": [{"type": "IDonotGetIt", "packageName": "io.opencui.core", "slots": []}]}
Executing response  consumed 0 millisecond.
reply = I did not get that.
reply = contractId?
{"type":"TextOutputAction","payload":"I did not get that."}
{"type":"SlotAskAction","payload":"contractId?"}
{"activeFrames":[{"frame":"io.opencui.test.ContractBasedIntentA","slot":"contractId"}],"status":"OPEN"}
{"query": "5", "frames": [{"type": "ContractBasedIntentA", "slots": [{"value" : "\"CONTRACT_123\"", "attribute" : "contractId"}]}]}
Executing response  consumed 1 millisecond.
reply = Hi, a=AAA; contractId=CONTRACT_123
{"type":"ContractBasedIntentA_0","payload":"Hi, a=AAA; contractId=CONTRACT_123"}
null
drop table if exists mobile

                    CREATE TABLE mobile (
                    id INT PRIMARY KEY,
                    cellphone VARCHAR(255),
                    amount double DEFAULT NULL)
                     AS SELECT * FROM CSVREAD('classpath:/test/mobile.csv', null, 'lineComment=#')
drop table if exists cellphone

                    CREATE TABLE cellphone (
                    id INT PRIMARY KEY,
                    cellphoneMapping VARCHAR(255),
                    nameMapping VARCHAR(255))
                     AS SELECT * FROM CSVREAD('file:/home/sean/newworld/runtime/core/build/resources/test/test/cellphone.csv', null, 'lineComment=#')
drop table if exists flight

                    CREATE TABLE flight (
                    id INT PRIMARY KEY,
                    origin VARCHAR(255),
                    destination VARCHAR(255),
                    flight VARCHAR(255))
                     AS SELECT * FROM CSVREAD('classpath:/test/flight.csv', null, 'lineComment=#')
drop table if exists booked_flight
CREATE TABLE booked_flight (
 id INT PRIMARY KEY AUTO_INCREMENT,
 flight VARCHAR(255),
 user VARCHAR(255))
drop table if exists hotel

                    CREATE TABLE hotel (
                    id INT PRIMARY KEY,
                    city VARCHAR(255),
                    hotel VARCHAR(255))
                     AS SELECT * FROM CSVREAD('classpath:/test/hotel.csv', null, 'lineComment=#')
drop table if exists booked_hotel
CREATE TABLE booked_hotel (
 id INT PRIMARY KEY,
 hotel VARCHAR(255),
 user VARCHAR(255))
drop table if exists hotel_address
CREATE TABLE hotel_address (
 id INT PRIMARY KEY,
 hotel VARCHAR(255),
 address VARCHAR(255)) AS SELECT * FROM CSVREAD('classpath:/test/hotel_address.csv', null, 'lineComment=#')
drop table if exists intents

                CREATE TABLE intents (
                id INT PRIMARY KEY,
                node_state VARCHAR(255),
                "@class" VARCHAR(255), 
                current_node NVARCHAR(255) NULL)
                 AS SELECT * FROM CSVREAD('classpath:/test/intents.csv', null, 'lineComment=#')
drop table if exists dish

                CREATE TABLE dish (
                id INT PRIMARY KEY,
                dish VARCHAR(255))
                 AS SELECT * FROM CSVREAD('classpath:/test/dish.csv', null, 'lineComment=#')
io.opencui.test.IComponent_0915:default:{name=world, label=T1012}
io.opencui.test.IComponent_0915:default:{name=world, label=T1012}
ActionResult(actionLog=ActionLog(type=HelloWorld_else_branch, payload=[{"type":"TextOutputAction","payload":"component_0915.testFuncton：hello world, :)"}], isTestable=true), success=true)
drop table if exists mobile

                    CREATE TABLE mobile (
                    id INT PRIMARY KEY,
                    cellphone VARCHAR(255),
                    amount double DEFAULT NULL)
                     AS SELECT * FROM CSVREAD('classpath:/test/mobile.csv', null, 'lineComment=#')
drop table if exists cellphone

                    CREATE TABLE cellphone (
                    id INT PRIMARY KEY,
                    cellphoneMapping VARCHAR(255),
                    nameMapping VARCHAR(255))
                     AS SELECT * FROM CSVREAD('file:/home/sean/newworld/runtime/core/build/resources/test/test/cellphone.csv', null, 'lineComment=#')
drop table if exists flight

                    CREATE TABLE flight (
                    id INT PRIMARY KEY,
                    origin VARCHAR(255),
                    destination VARCHAR(255),
                    flight VARCHAR(255))
                     AS SELECT * FROM CSVREAD('classpath:/test/flight.csv', null, 'lineComment=#')
drop table if exists booked_flight
CREATE TABLE booked_flight (
 id INT PRIMARY KEY AUTO_INCREMENT,
 flight VARCHAR(255),
 user VARCHAR(255))
drop table if exists hotel

                    CREATE TABLE hotel (
                    id INT PRIMARY KEY,
                    city VARCHAR(255),
                    hotel VARCHAR(255))
                     AS SELECT * FROM CSVREAD('classpath:/test/hotel.csv', null, 'lineComment=#')
drop table if exists booked_hotel
CREATE TABLE booked_hotel (
 id INT PRIMARY KEY,
 hotel VARCHAR(255),
 user VARCHAR(255))
drop table if exists hotel_address
CREATE TABLE hotel_address (
 id INT PRIMARY KEY,
 hotel VARCHAR(255),
 address VARCHAR(255)) AS SELECT * FROM CSVREAD('classpath:/test/hotel_address.csv', null, 'lineComment=#')
drop table if exists intents

                CREATE TABLE intents (
                id INT PRIMARY KEY,
                node_state VARCHAR(255),
                "@class" VARCHAR(255), 
                current_node NVARCHAR(255) NULL)
                 AS SELECT * FROM CSVREAD('classpath:/test/intents.csv', null, 'lineComment=#')
drop table if exists dish

                CREATE TABLE dish (
                id INT PRIMARY KEY,
                dish VARCHAR(255))
                 AS SELECT * FROM CSVREAD('classpath:/test/dish.csv', null, 'lineComment=#')
{"query": "1", "frames": [{"type": "SoftEarlyTerminationIntent", "slots": [], "packageName": "io.opencui.test"}]}
Executing response  consumed 1 millisecond.
reply = a?
{"type":"SlotAskAction","payload":"a?"}
{"activeFrames":[{"frame":"io.opencui.test.EarlyTerminationFrame","slot":"a"}],"status":"OPEN"}
{"query": "2", "frames": [{"type": "EarlyTerminationFrame", "slots": [{"value" : "\"aaa\"", "attribute" : "a"}], "packageName": "io.opencui.test"}]}
Executing response  consumed 1 millisecond.
reply = we don't have choices that meet your requirements, intent terminated
reply = r u sure of this intent and f.a value aaa
{"type":"SeqAction","payload":[{"type":"MarkFillerFilled","payload":"end filler for: SoftEarlyTerminationIntent"},{"type":"TextOutputAction","payload":"we don't have choices that meet your requirements, intent terminated"}]}
{"type":"SlotAskAction","payload":"r u sure of this intent and f.a value aaa"}
{"activeFrames":[{"frame":"io.opencui.core.Confirmation","slot":"status"},{"frame":"io.opencui.test.SoftEarlyTerminationIntent"}],"status":"OPEN"}
{"query": "3", "frames": [{"type": "Yes", "slots": [], "packageName": "io.opencui.core.confirmation"}]}
Executing response  consumed 0 millisecond.
reply = soft early terminated response, should appear
{"type":"SoftEarlyTerminationIntent_1","payload":"soft early terminated response, should appear"}
null
drop table if exists mobile

                    CREATE TABLE mobile (
                    id INT PRIMARY KEY,
                    cellphone VARCHAR(255),
                    amount double DEFAULT NULL)
                     AS SELECT * FROM CSVREAD('classpath:/test/mobile.csv', null, 'lineComment=#')
drop table if exists cellphone

                    CREATE TABLE cellphone (
                    id INT PRIMARY KEY,
                    cellphoneMapping VARCHAR(255),
                    nameMapping VARCHAR(255))
                     AS SELECT * FROM CSVREAD('file:/home/sean/newworld/runtime/core/build/resources/test/test/cellphone.csv', null, 'lineComment=#')
drop table if exists flight

                    CREATE TABLE flight (
                    id INT PRIMARY KEY,
                    origin VARCHAR(255),
                    destination VARCHAR(255),
                    flight VARCHAR(255))
                     AS SELECT * FROM CSVREAD('classpath:/test/flight.csv', null, 'lineComment=#')
drop table if exists booked_flight
CREATE TABLE booked_flight (
 id INT PRIMARY KEY AUTO_INCREMENT,
 flight VARCHAR(255),
 user VARCHAR(255))
drop table if exists hotel

                    CREATE TABLE hotel (
                    id INT PRIMARY KEY,
                    city VARCHAR(255),
                    hotel VARCHAR(255))
                     AS SELECT * FROM CSVREAD('classpath:/test/hotel.csv', null, 'lineComment=#')
drop table if exists booked_hotel
CREATE TABLE booked_hotel (
 id INT PRIMARY KEY,
 hotel VARCHAR(255),
 user VARCHAR(255))
drop table if exists hotel_address
CREATE TABLE hotel_address (
 id INT PRIMARY KEY,
 hotel VARCHAR(255),
 address VARCHAR(255)) AS SELECT * FROM CSVREAD('classpath:/test/hotel_address.csv', null, 'lineComment=#')
drop table if exists intents

                CREATE TABLE intents (
                id INT PRIMARY KEY,
                node_state VARCHAR(255),
                "@class" VARCHAR(255), 
                current_node NVARCHAR(255) NULL)
                 AS SELECT * FROM CSVREAD('classpath:/test/intents.csv', null, 'lineComment=#')
drop table if exists dish

                CREATE TABLE dish (
                id INT PRIMARY KEY,
                dish VARCHAR(255))
                 AS SELECT * FROM CSVREAD('classpath:/test/dish.csv', null, 'lineComment=#')
{"query": "1", "frames": [{"type": "ValueRecOutlierValueIntent", "slots": [], "packageName": "io.opencui.test"}]}
Executing response  consumed 3 millisecond.
reply = s?
reply = We have following 3 choices: (a), (b), (c).
{"type":"FillAction","payload":"FILL SLOT value is null for target : io.opencui.core.PagedSelectable, slot : index"}
{"type":"SlotAskAction","payload":"s?\nWe have following 3 choices: (a), (b), (c)."}
{"activeFrames":[{"frame":"io.opencui.test.ValueRecOutlierValueIntent","slot":"s"},{"frame":"io.opencui.core.PagedSelectable","slot":"index"}],"status":"OPEN"}
{"query": "2", "frames": [{"type": "PagedSelectable", "slots": [{"value" : "\"6\"", "attribute" : "index"}]}]}
Executing response  consumed 1 millisecond.
reply = outlier index : 6
reply = s?
reply = We have following 3 choices: (a), (b), (c).
{"type":"SeqAction","payload":[{"type":"SeqAction","payload":[{"type":"TextOutputAction","payload":"outlier index : 6"},{"type":"ReinitAction","payload":"REINIT SLOT : target=io.opencui.core.PagedSelectable&slot=index"},{"type":"CleanupAction","payload":"CLEANUP SLOT : target=io.opencui.core.PagedSelectable&slot=index"}]}]}
{"type":"FillAction","payload":"FILL SLOT value is null for target : io.opencui.core.PagedSelectable, slot : index"}
{"type":"SlotAskAction","payload":"s?\nWe have following 3 choices: (a), (b), (c)."}
{"activeFrames":[{"frame":"io.opencui.test.ValueRecOutlierValueIntent","slot":"s"},{"frame":"io.opencui.core.PagedSelectable","slot":"index"}],"status":"OPEN"}
{"query": "3", "frames": [{"type": "ValueRecOutlierValueIntent", "slots": [{"value" : "\"d\"", "attribute" : "s"}], "packageName": "io.opencui.test"}]}
Executing response  consumed 1 millisecond.
reply = outlier value: d
reply = s?
reply = We have following 3 choices: (a), (b), (c).
{"type":"SeqAction","payload":[{"type":"SeqAction","payload":[{"type":"DirectlyFillAction","payload":"FILL SLOT for target : io.opencui.core.PagedSelectable, slot : conditionMap"},{"type":"DirectlyFillAction","payload":"FILL SLOT for target : io.opencui.core.PagedSelectable, slot : page"},{"type":"ReinitAction","payload":"REINIT SLOT : target=io.opencui.core.PagedSelectable&slot=index"},{"type":"CleanupAction","payload":"CLEANUP SLOT : target=io.opencui.core.PagedSelectable&slot=index"}]}]}
{"type":"FillAction","payload":"FILL SLOT for target : io.opencui.core.PagedSelectable, slot : index"}
{"type":"SeqAction","payload":[{"type":"SeqAction","payload":[{"type":"TextOutputAction","payload":"outlier value: d"},{"type":"ReinitAction","payload":"REINIT SLOT : target=io.opencui.core.PagedSelectable&slot=index"},{"type":"CleanupAction","payload":"CLEANUP SLOT : target=io.opencui.core.PagedSelectable&slot=page, target=io.opencui.core.PagedSelectable&slot=conditionMap, target=io.opencui.core.PagedSelectable&slot=index"}]}]}
{"type":"FillAction","payload":"FILL SLOT value is null for target : io.opencui.core.PagedSelectable, slot : index"}
{"type":"SlotAskAction","payload":"s?\nWe have following 3 choices: (a), (b), (c)."}
{"activeFrames":[{"frame":"io.opencui.test.ValueRecOutlierValueIntent","slot":"s"},{"frame":"io.opencui.core.PagedSelectable","slot":"index"}],"status":"OPEN"}
{"query": "4", "frames": [{"type": "ValueRecOutlierValueIntent", "slots": [{"value" : "\"c\"", "attribute" : "s"}], "packageName": "io.opencui.test"}]}
Executing response  consumed 1 millisecond.
reply = s=c
{"type":"SeqAction","payload":[{"type":"SeqAction","payload":[{"type":"DirectlyFillAction","payload":"FILL SLOT for target : io.opencui.core.PagedSelectable, slot : conditionMap"},{"type":"DirectlyFillAction","payload":"FILL SLOT for target : io.opencui.core.PagedSelectable, slot : page"},{"type":"ReinitAction","payload":"REINIT SLOT : target=io.opencui.core.PagedSelectable&slot=index"},{"type":"CleanupAction","payload":"CLEANUP SLOT : target=io.opencui.core.PagedSelectable&slot=index"}]}]}
{"type":"FillAction","payload":"FILL SLOT for target : io.opencui.core.PagedSelectable, slot : index"}
{"type":"SeqAction","payload":[{"type":"FillAction","payload":"FILL SLOT for target : io.opencui.test.ValueRecOutlierValueIntent, slot : s"}]}
{"type":"TextOutputAction","payload":"s=c"}
null
drop table if exists mobile

                    CREATE TABLE mobile (
                    id INT PRIMARY KEY,
                    cellphone VARCHAR(255),
                    amount double DEFAULT NULL)
                     AS SELECT * FROM CSVREAD('classpath:/test/mobile.csv', null, 'lineComment=#')
drop table if exists cellphone

                    CREATE TABLE cellphone (
                    id INT PRIMARY KEY,
                    cellphoneMapping VARCHAR(255),
                    nameMapping VARCHAR(255))
                     AS SELECT * FROM CSVREAD('file:/home/sean/newworld/runtime/core/build/resources/test/test/cellphone.csv', null, 'lineComment=#')
drop table if exists flight

                    CREATE TABLE flight (
                    id INT PRIMARY KEY,
                    origin VARCHAR(255),
                    destination VARCHAR(255),
                    flight VARCHAR(255))
                     AS SELECT * FROM CSVREAD('classpath:/test/flight.csv', null, 'lineComment=#')
drop table if exists booked_flight
CREATE TABLE booked_flight (
 id INT PRIMARY KEY AUTO_INCREMENT,
 flight VARCHAR(255),
 user VARCHAR(255))
drop table if exists hotel

                    CREATE TABLE hotel (
                    id INT PRIMARY KEY,
                    city VARCHAR(255),
                    hotel VARCHAR(255))
                     AS SELECT * FROM CSVREAD('classpath:/test/hotel.csv', null, 'lineComment=#')
drop table if exists booked_hotel
CREATE TABLE booked_hotel (
 id INT PRIMARY KEY,
 hotel VARCHAR(255),
 user VARCHAR(255))
drop table if exists hotel_address
CREATE TABLE hotel_address (
 id INT PRIMARY KEY,
 hotel VARCHAR(255),
 address VARCHAR(255)) AS SELECT * FROM CSVREAD('classpath:/test/hotel_address.csv', null, 'lineComment=#')
drop table if exists intents

                CREATE TABLE intents (
                id INT PRIMARY KEY,
                node_state VARCHAR(255),
                "@class" VARCHAR(255), 
                current_node NVARCHAR(255) NULL)
                 AS SELECT * FROM CSVREAD('classpath:/test/intents.csv', null, 'lineComment=#')
drop table if exists dish

                CREATE TABLE dish (
                id INT PRIMARY KEY,
                dish VARCHAR(255))
                 AS SELECT * FROM CSVREAD('classpath:/test/dish.csv', null, 'lineComment=#')
{"query": "1", "frames": [{"type": "Main", "slots": []}]}
Executing response  consumed 15 millisecond.
reply = Good day!
reply = What can I do for you? (Main)
reply = We have following 2 choices: (internal alias), (internal alias).
{"type":"TextOutputAction","payload":"Good day!"}
{"type":"FillAction","payload":"FILL SLOT value is null for target : io.opencui.core.PagedSelectable, slot : index"}
{"type":"SlotAskAction","payload":"What can I do for you? (Main)\nWe have following 2 choices: (internal alias), (internal alias)."}
{"activeFrames":[{"frame":"io.opencui.core.HasMore","slot":"status"},{"frame":"io.opencui.test.Main","slot":"skills"},{"frame":"io.opencui.core.PagedSelectable","slot":"index"}],"status":"OPEN"}
{"query": "2", "frames": [{"type": "InternalNodeIntent", "slots": [{"value" : "\"hr\"", "attribute" : "current"}], "packageName": "io.opencui.test"}]}
Executing response  consumed 53 millisecond.
reply = What can I do for you? (InternalNodeIntent)
reply = We have following 2 choices: (bye~), (hello).
{"type":"SeqAction","payload":[{"type":"SeqAction","payload":[{"type":"DirectlyFillAction","payload":"FILL SLOT for target : io.opencui.core.PagedSelectable, slot : conditionMap"},{"type":"DirectlyFillAction","payload":"FILL SLOT for target : io.opencui.core.PagedSelectable, slot : page"},{"type":"ReinitAction","payload":"REINIT SLOT : target=io.opencui.core.PagedSelectable&slot=index"},{"type":"CleanupAction","payload":"CLEANUP SLOT : target=io.opencui.core.PagedSelectable&slot=index"}]}]}
{"type":"FillAction","payload":"FILL SLOT for target : io.opencui.core.PagedSelectable, slot : index"}
{"type":"SeqAction","payload":[{"type":"FillAction","payload":"FILL SLOT for target : io.opencui.test.Main, slot : skills"}]}
{"type":"FillAction","payload":"FILL SLOT value is null for target : io.opencui.core.PagedSelectable, slot : index"}
{"type":"SlotAskAction","payload":"What can I do for you? (InternalNodeIntent)\nWe have following 2 choices: (bye~), (hello)."}
{"activeFrames":[{"frame":"io.opencui.test.InternalNodeIntent","slot":"skill"},{"frame":"io.opencui.core.PagedSelectable","slot":"index"}],"status":"OPEN"}
{"query": "3", "frames": [{"type": "Goodbye", "slots": [], "packageName": "io.opencui.test"}]}
Executing response  consumed 50 millisecond.
reply = Have a nice day! 
reply = What else can I do for you? (Main)
reply = We have following 2 choices: (internal alias), (internal alias).
{"type":"SeqAction","payload":[{"type":"SeqAction","payload":[{"type":"DirectlyFillAction","payload":"FILL SLOT for target : io.opencui.core.PagedSelectable, slot : conditionMap"},{"type":"DirectlyFillAction","payload":"FILL SLOT for target : io.opencui.core.PagedSelectable, slot : page"},{"type":"ReinitAction","payload":"REINIT SLOT : target=io.opencui.core.PagedSelectable&slot=index"},{"type":"CleanupAction","payload":"CLEANUP SLOT : target=io.opencui.core.PagedSelectable&slot=index"}]}]}
{"type":"FillAction","payload":"FILL SLOT for target : io.opencui.core.PagedSelectable, slot : index"}
{"type":"SeqAction","payload":[{"type":"FillAction","payload":"FILL SLOT for target : io.opencui.test.InternalNodeIntent, slot : skill"}]}
{"type":"TextOutputAction","payload":"Have a nice day! "}
{"type":"FillAction","payload":"FILL SLOT value is null for target : io.opencui.core.PagedSelectable, slot : index"}
{"type":"SlotAskAction","payload":"What else can I do for you? (Main)\nWe have following 2 choices: (internal alias), (internal alias)."}
{"activeFrames":[{"frame":"io.opencui.core.HasMore","slot":"status"},{"frame":"io.opencui.test.Main","slot":"skills"},{"frame":"io.opencui.core.PagedSelectable","slot":"index"}],"status":"OPEN"}
{"query": "4", "frames": [{"type": "Greeting", "slots": [], "packageName": "io.opencui.test"}]}
Executing response  consumed 35 millisecond.
reply = Good day!
reply = What else can I do for you? (Main)
reply = We have following 2 choices: (internal alias), (internal alias).
{"type":"SeqAction","payload":[{"type":"SeqAction","payload":[{"type":"DirectlyFillAction","payload":"FILL SLOT for target : io.opencui.core.PagedSelectable, slot : conditionMap"},{"type":"DirectlyFillAction","payload":"FILL SLOT for target : io.opencui.core.PagedSelectable, slot : page"},{"type":"ReinitAction","payload":"REINIT SLOT : target=io.opencui.core.PagedSelectable&slot=index"},{"type":"CleanupAction","payload":"CLEANUP SLOT : target=io.opencui.core.PagedSelectable&slot=index"}]}]}
{"type":"SeqAction","payload":[{"type":"FillAction","payload":"FILL SLOT for target : io.opencui.test.Main, slot : skills"}]}
{"type":"TextOutputAction","payload":"Good day!"}
{"type":"FillAction","payload":"FILL SLOT value is null for target : io.opencui.core.PagedSelectable, slot : index"}
{"type":"SlotAskAction","payload":"What else can I do for you? (Main)\nWe have following 2 choices: (internal alias), (internal alias)."}
{"activeFrames":[{"frame":"io.opencui.core.HasMore","slot":"status"},{"frame":"io.opencui.test.Main","slot":"skills"},{"frame":"io.opencui.core.PagedSelectable","slot":"index"}],"status":"OPEN"}
drop table if exists mobile

                    CREATE TABLE mobile (
                    id INT PRIMARY KEY,
                    cellphone VARCHAR(255),
                    amount double DEFAULT NULL)
                     AS SELECT * FROM CSVREAD('classpath:/test/mobile.csv', null, 'lineComment=#')
drop table if exists cellphone

                    CREATE TABLE cellphone (
                    id INT PRIMARY KEY,
                    cellphoneMapping VARCHAR(255),
                    nameMapping VARCHAR(255))
                     AS SELECT * FROM CSVREAD('file:/home/sean/newworld/runtime/core/build/resources/test/test/cellphone.csv', null, 'lineComment=#')
drop table if exists flight

                    CREATE TABLE flight (
                    id INT PRIMARY KEY,
                    origin VARCHAR(255),
                    destination VARCHAR(255),
                    flight VARCHAR(255))
                     AS SELECT * FROM CSVREAD('classpath:/test/flight.csv', null, 'lineComment=#')
drop table if exists booked_flight
CREATE TABLE booked_flight (
 id INT PRIMARY KEY AUTO_INCREMENT,
 flight VARCHAR(255),
 user VARCHAR(255))
drop table if exists hotel

                    CREATE TABLE hotel (
                    id INT PRIMARY KEY,
                    city VARCHAR(255),
                    hotel VARCHAR(255))
                     AS SELECT * FROM CSVREAD('classpath:/test/hotel.csv', null, 'lineComment=#')
drop table if exists booked_hotel
CREATE TABLE booked_hotel (
 id INT PRIMARY KEY,
 hotel VARCHAR(255),
 user VARCHAR(255))
drop table if exists hotel_address
CREATE TABLE hotel_address (
 id INT PRIMARY KEY,
 hotel VARCHAR(255),
 address VARCHAR(255)) AS SELECT * FROM CSVREAD('classpath:/test/hotel_address.csv', null, 'lineComment=#')
drop table if exists intents

                CREATE TABLE intents (
                id INT PRIMARY KEY,
                node_state VARCHAR(255),
                "@class" VARCHAR(255), 
                current_node NVARCHAR(255) NULL)
                 AS SELECT * FROM CSVREAD('classpath:/test/intents.csv', null, 'lineComment=#')
drop table if exists dish

                CREATE TABLE dish (
                id INT PRIMARY KEY,
                dish VARCHAR(255))
                 AS SELECT * FROM CSVREAD('classpath:/test/dish.csv', null, 'lineComment=#')
{"query": "1", "frames": [{"type": "MVEntryConfirmationTestIntent", "slots": [], "packageName": "io.opencui.test"}]}
Executing response  consumed 2 millisecond.
reply = s?
{"type":"SlotAskAction","payload":"s?"}
{"activeFrames":[{"frame":"io.opencui.test.MVEntryConfirmationTestIntent","slot":"s"}],"status":"OPEN"}
{"query": "2", "frames": [{"type": "MVEntryConfirmationTestIntent", "slots": [{"value" : "\"aaa\"", "attribute" : "s"}], "packageName": "io.opencui.test"}]}
Executing response  consumed 1 millisecond.
reply = payMethod?
{"type":"SlotAskAction","payload":"payMethod?"}
{"activeFrames":[{"frame":"io.opencui.core.HasMore","slot":"status"},{"frame":"io.opencui.test.MVEntryConfirmationTestIntent","slot":"payMethodList"}],"status":"OPEN"}
{"query": "3", "frames": [{"type": "MVEntryConfirmationTestIntent", "slots": [{"value" : "\"visa\"", "attribute" : "payMethodList"}], "packageName": "io.opencui.test"}]}
Executing response  consumed 1 millisecond.
reply = you chose visa
reply = anything else?
{"type":"TextOutputAction","payload":"you chose visa"}
{"type":"SlotAskAction","payload":"anything else?"}
{"activeFrames":[{"frame":"io.opencui.core.HasMore","slot":"status"},{"frame":"io.opencui.test.MVEntryConfirmationTestIntent","slot":"payMethodList"}],"status":"OPEN"}
{"query": "4", "frames": [{"type": "MVEntryConfirmationTestIntent", "slots": [{"value" : "\"mastercard\"", "attribute" : "payMethodList"}], "packageName": "io.opencui.test"}]}
Executing response  consumed 1 millisecond.
reply = you chose mastercard
reply = anything else?
{"type":"TextOutputAction","payload":"you chose mastercard"}
{"type":"SlotAskAction","payload":"anything else?"}
{"activeFrames":[{"frame":"io.opencui.core.HasMore","slot":"status"},{"frame":"io.opencui.test.MVEntryConfirmationTestIntent","slot":"payMethodList"}],"status":"OPEN"}
{"query": "5", "frames": [{"type": "No", "slots": [], "packageName": "io.opencui.core.hasMore"}]}
Executing response  consumed 1 millisecond.
reply = Hi, value recommendation test response s = aaa payMethodList = visa, mastercard
{"type":"MVEntryConfirmationTestIntent_0","payload":"Hi, value recommendation test response s = aaa payMethodList = visa, mastercard"}
null
{"query": "6", "frames": [{"type": "MVEntryConfirmationTestIntent", "slots": [], "packageName": "io.opencui.test"}]}
Executing response  consumed 0 millisecond.
reply = s?
{"type":"SlotAskAction","payload":"s?"}
{"activeFrames":[{"frame":"io.opencui.test.MVEntryConfirmationTestIntent","slot":"s"}],"status":"OPEN"}
{"query": "7", "frames": [{"type": "MVEntryConfirmationTestIntent", "slots": [{"value" : "\"aa\"", "attribute" : "s"}], "packageName": "io.opencui.test"}]}
Executing response  consumed 0 millisecond.
reply = payMethod?
{"type":"SlotAskAction","payload":"payMethod?"}
{"activeFrames":[{"frame":"io.opencui.core.HasMore","slot":"status"},{"frame":"io.opencui.test.MVEntryConfirmationTestIntent","slot":"payMethodList"}],"status":"OPEN"}
{"query": "8", "frames": [{"type": "MVEntryConfirmationTestIntent", "slots": [{"value" : "\"visa\"", "attribute" : "payMethodList"}], "packageName": "io.opencui.test"}]}
Executing response  consumed 1 millisecond.
reply = anything else?
{"type":"SlotAskAction","payload":"anything else?"}
{"activeFrames":[{"frame":"io.opencui.core.HasMore","slot":"status"},{"frame":"io.opencui.test.MVEntryConfirmationTestIntent","slot":"payMethodList"}],"status":"OPEN"}
{"query": "9", "frames": [{"type": "No", "slots": [], "packageName": "io.opencui.core.hasMore"}]}
Executing response  consumed 0 millisecond.
reply = Hi, value recommendation test response s = aa payMethodList = visa
{"type":"MVEntryConfirmationTestIntent_0","payload":"Hi, value recommendation test response s = aa payMethodList = visa"}
null
drop table if exists mobile

                    CREATE TABLE mobile (
                    id INT PRIMARY KEY,
                    cellphone VARCHAR(255),
                    amount double DEFAULT NULL)
                     AS SELECT * FROM CSVREAD('classpath:/test/mobile.csv', null, 'lineComment=#')
drop table if exists cellphone

                    CREATE TABLE cellphone (
                    id INT PRIMARY KEY,
                    cellphoneMapping VARCHAR(255),
                    nameMapping VARCHAR(255))
                     AS SELECT * FROM CSVREAD('file:/home/sean/newworld/runtime/core/build/resources/test/test/cellphone.csv', null, 'lineComment=#')
drop table if exists flight

                    CREATE TABLE flight (
                    id INT PRIMARY KEY,
                    origin VARCHAR(255),
                    destination VARCHAR(255),
                    flight VARCHAR(255))
                     AS SELECT * FROM CSVREAD('classpath:/test/flight.csv', null, 'lineComment=#')
drop table if exists booked_flight
CREATE TABLE booked_flight (
 id INT PRIMARY KEY AUTO_INCREMENT,
 flight VARCHAR(255),
 user VARCHAR(255))
drop table if exists hotel

                    CREATE TABLE hotel (
                    id INT PRIMARY KEY,
                    city VARCHAR(255),
                    hotel VARCHAR(255))
                     AS SELECT * FROM CSVREAD('classpath:/test/hotel.csv', null, 'lineComment=#')
drop table if exists booked_hotel
CREATE TABLE booked_hotel (
 id INT PRIMARY KEY,
 hotel VARCHAR(255),
 user VARCHAR(255))
drop table if exists hotel_address
CREATE TABLE hotel_address (
 id INT PRIMARY KEY,
 hotel VARCHAR(255),
 address VARCHAR(255)) AS SELECT * FROM CSVREAD('classpath:/test/hotel_address.csv', null, 'lineComment=#')
drop table if exists intents

                CREATE TABLE intents (
                id INT PRIMARY KEY,
                node_state VARCHAR(255),
                "@class" VARCHAR(255), 
                current_node NVARCHAR(255) NULL)
                 AS SELECT * FROM CSVREAD('classpath:/test/intents.csv', null, 'lineComment=#')
drop table if exists dish

                CREATE TABLE dish (
                id INT PRIMARY KEY,
                dish VARCHAR(255))
                 AS SELECT * FROM CSVREAD('classpath:/test/dish.csv', null, 'lineComment=#')
{"query": "1", "frames": [{"type": "NeverAskIntent", "slots": []}]}
Executing response  consumed 2 millisecond.
reply = city?
{"type":"SlotAskAction","payload":"city?"}
{"activeFrames":[{"frame":"io.opencui.test.NeverAskIntent","slot":"city"}],"status":"OPEN"}
{"query": "2", "frames": [{"type": "NeverAskIntent", "slots": [{"value" : "\"Beijing\"", "attribute" : "city"}]}]}
Executing response  consumed 1 millisecond.
reply = Hi, city = Beijing placeHolder = associated place holder
{"type":"FillAction","payload":"FILL SLOT for target : io.opencui.test.NeverAskIntent, slot : placeHolder"}
{"type":"NeverAskIntent_0","payload":"Hi, city = Beijing placeHolder = associated place holder"}
null
]]></system-out>
  <system-err><![CDATA[[Test worker] INFO io.opencui.core.Dispatcher - class io.opencui.du.DucklingRecognizer is configured twice, was http://172.11.51.61:8000/parse now http://172.11.51.61:8000/parse
[Test worker] INFO io.opencui.core.Dispatcher - class io.opencui.du.TfRestBertNLUModel is configured twice, was (172.11.51.61, 8501, null) now (172.11.51.61, 8501, null)
[Test worker] INFO io.opencui.core.Dispatcher - class io.opencui.sessionmanager.ChatbotLoader is configured twice, was InMemoryBotStore(cache=PerpetualCache(cache=agent:io.opencui:test:en:master|version:test)) now InMemoryBotStore(cache=PerpetualCache(cache=agent:io.opencui:test:en:master|version:test))
[Test worker] INFO io.opencui.sessionmanager.SessionManager - create session with bot version: master
[Test worker] INFO io.opencui.core.DialogManager - session state before turn 1 : {"schedulers_count":1,"main":{"state":"INIT","fillers":[]}}
[Test worker] INFO io.opencui.core.DialogManager - session state after turn 1 : {"schedulers_count":1,"main":{"state":"POST_ASK","fillers":[{"filler_type":"AnnotatedWrapperFiller","attribute":"ValueRecInteractionIntent"},{"filler_type":"FrameFiller","attribute":"ValueRecInteractionIntent"},{"filler_type":"AnnotatedWrapperFiller","attribute":"targetFrame"},{"filler_type":"FrameFiller","attribute":"targetFrame"},{"filler_type":"AnnotatedWrapperFiller","attribute":"b"},{"filler_type":"EntityFiller","attribute":"b"}]}}
[Test worker] INFO io.opencui.core.DialogManager - session state before turn 2 : {"schedulers_count":1,"main":{"state":"POST_ASK","fillers":[{"filler_type":"AnnotatedWrapperFiller","attribute":"ValueRecInteractionIntent"},{"filler_type":"FrameFiller","attribute":"ValueRecInteractionIntent"},{"filler_type":"AnnotatedWrapperFiller","attribute":"targetFrame"},{"filler_type":"FrameFiller","attribute":"targetFrame"},{"filler_type":"AnnotatedWrapperFiller","attribute":"b"},{"filler_type":"EntityFiller","attribute":"b"}]}}
[Test worker] INFO io.opencui.core.DialogManager - session state after turn 2 : {"schedulers_count":1,"main":{"state":"POST_ASK","fillers":[{"filler_type":"AnnotatedWrapperFiller","attribute":"ValueRecInteractionIntent"},{"filler_type":"FrameFiller","attribute":"ValueRecInteractionIntent"},{"filler_type":"AnnotatedWrapperFiller","attribute":"targetFrame"},{"filler_type":"AnnotatedWrapperFiller","attribute":"targetFrame._rec"},{"filler_type":"FrameFiller","attribute":"targetFrame._rec"},{"filler_type":"AnnotatedWrapperFiller","attribute":"index"},{"filler_type":"EntityFiller","attribute":"index"}]}}
[Test worker] INFO io.opencui.core.DialogManager - session state before turn 3 : {"schedulers_count":1,"main":{"state":"POST_ASK","fillers":[{"filler_type":"AnnotatedWrapperFiller","attribute":"ValueRecInteractionIntent"},{"filler_type":"FrameFiller","attribute":"ValueRecInteractionIntent"},{"filler_type":"AnnotatedWrapperFiller","attribute":"targetFrame"},{"filler_type":"AnnotatedWrapperFiller","attribute":"targetFrame._rec"},{"filler_type":"FrameFiller","attribute":"targetFrame._rec"},{"filler_type":"AnnotatedWrapperFiller","attribute":"index"},{"filler_type":"EntityFiller","attribute":"index"}]}}
[Test worker] INFO io.opencui.core.DialogManager - session state after turn 3 : {"schedulers_count":1,"main":{"state":"POST_ASK","fillers":[{"filler_type":"AnnotatedWrapperFiller","attribute":"ValueRecInteractionIntent"},{"filler_type":"FrameFiller","attribute":"ValueRecInteractionIntent"},{"filler_type":"AnnotatedWrapperFiller","attribute":"targetFrame"},{"filler_type":"AnnotatedWrapperFiller","attribute":"targetFrame._rec"},{"filler_type":"FrameFiller","attribute":"targetFrame._rec"},{"filler_type":"AnnotatedWrapperFiller","attribute":"index"},{"filler_type":"EntityFiller","attribute":"index"}]}}
[Test worker] INFO io.opencui.core.DialogManager - session state before turn 4 : {"schedulers_count":1,"main":{"state":"POST_ASK","fillers":[{"filler_type":"AnnotatedWrapperFiller","attribute":"ValueRecInteractionIntent"},{"filler_type":"FrameFiller","attribute":"ValueRecInteractionIntent"},{"filler_type":"AnnotatedWrapperFiller","attribute":"targetFrame"},{"filler_type":"AnnotatedWrapperFiller","attribute":"targetFrame._rec"},{"filler_type":"FrameFiller","attribute":"targetFrame._rec"},{"filler_type":"AnnotatedWrapperFiller","attribute":"index"},{"filler_type":"EntityFiller","attribute":"index"}]}}
[Test worker] INFO io.opencui.core.DialogManager - session state after turn 4 : {"schedulers_count":1,"main":{"state":"POST_ASK","fillers":[{"filler_type":"AnnotatedWrapperFiller","attribute":"ValueRecInteractionIntent"},{"filler_type":"FrameFiller","attribute":"ValueRecInteractionIntent"},{"filler_type":"AnnotatedWrapperFiller","attribute":"targetFrame"},{"filler_type":"AnnotatedWrapperFiller","attribute":"targetFrame._rec"},{"filler_type":"FrameFiller","attribute":"targetFrame._rec"},{"filler_type":"AnnotatedWrapperFiller","attribute":"index"},{"filler_type":"EntityFiller","attribute":"index"}]}}
[Test worker] INFO io.opencui.core.DialogManager - session state before turn 5 : {"schedulers_count":1,"main":{"state":"POST_ASK","fillers":[{"filler_type":"AnnotatedWrapperFiller","attribute":"ValueRecInteractionIntent"},{"filler_type":"FrameFiller","attribute":"ValueRecInteractionIntent"},{"filler_type":"AnnotatedWrapperFiller","attribute":"targetFrame"},{"filler_type":"AnnotatedWrapperFiller","attribute":"targetFrame._rec"},{"filler_type":"FrameFiller","attribute":"targetFrame._rec"},{"filler_type":"AnnotatedWrapperFiller","attribute":"index"},{"filler_type":"EntityFiller","attribute":"index"}]}}
[Test worker] INFO io.opencui.core.DialogManager - session state after turn 5 : {"schedulers_count":1,"main":{"state":"INIT","fillers":[]}}
[Test worker] INFO io.opencui.core.Dispatcher - class io.opencui.du.DucklingRecognizer is configured twice, was http://172.11.51.61:8000/parse now http://172.11.51.61:8000/parse
[Test worker] INFO io.opencui.core.Dispatcher - class io.opencui.du.TfRestBertNLUModel is configured twice, was (172.11.51.61, 8501, null) now (172.11.51.61, 8501, null)
[Test worker] INFO io.opencui.core.Dispatcher - class io.opencui.sessionmanager.ChatbotLoader is configured twice, was InMemoryBotStore(cache=PerpetualCache(cache=agent:io.opencui:test:en:master|version:test)) now InMemoryBotStore(cache=PerpetualCache(cache=agent:io.opencui:test:en:master|version:test))
[Test worker] INFO io.opencui.sessionmanager.SessionManager - create session with bot version: master
[Test worker] INFO io.opencui.core.DialogManager - session state before turn 1 : {"schedulers_count":1,"main":{"state":"INIT","fillers":[]}}
[Test worker] INFO io.opencui.core.DialogManager - session state after turn 1 : {"schedulers_count":1,"main":{"state":"POST_ASK","fillers":[{"filler_type":"AnnotatedWrapperFiller","attribute":"SimpleIntent"},{"filler_type":"FrameFiller","attribute":"SimpleIntent"},{"filler_type":"AnnotatedWrapperFiller","attribute":"s"},{"filler_type":"EntityFiller","attribute":"s"}]}}
[Test worker] INFO io.opencui.core.DialogManager - session state before turn 2 : {"schedulers_count":1,"main":{"state":"POST_ASK","fillers":[{"filler_type":"AnnotatedWrapperFiller","attribute":"SimpleIntent"},{"filler_type":"FrameFiller","attribute":"SimpleIntent"},{"filler_type":"AnnotatedWrapperFiller","attribute":"s"},{"filler_type":"EntityFiller","attribute":"s"}]}}
[Test worker] INFO io.opencui.core.DialogManager - session state after turn 2 : {"schedulers_count":1,"main":{"state":"POST_ASK","fillers":[{"filler_type":"AnnotatedWrapperFiller","attribute":"SimpleIntent"},{"filler_type":"FrameFiller","attribute":"SimpleIntent"},{"filler_type":"AnnotatedWrapperFiller","attribute":"s"},{"filler_type":"EntityFiller","attribute":"s"}]}}
[Test worker] INFO io.opencui.core.DialogManager - session state before turn 3 : {"schedulers_count":1,"main":{"state":"POST_ASK","fillers":[{"filler_type":"AnnotatedWrapperFiller","attribute":"SimpleIntent"},{"filler_type":"FrameFiller","attribute":"SimpleIntent"},{"filler_type":"AnnotatedWrapperFiller","attribute":"s"},{"filler_type":"EntityFiller","attribute":"s"}]}}
[Test worker] INFO io.opencui.core.DialogManager - session state after turn 3 : {"schedulers_count":1,"main":{"state":"INIT","fillers":[]}}
[Test worker] INFO io.opencui.core.Dispatcher - class io.opencui.du.DucklingRecognizer is configured twice, was http://172.11.51.61:8000/parse now http://172.11.51.61:8000/parse
[Test worker] INFO io.opencui.core.Dispatcher - class io.opencui.du.TfRestBertNLUModel is configured twice, was (172.11.51.61, 8501, null) now (172.11.51.61, 8501, null)
[Test worker] INFO io.opencui.core.Dispatcher - class io.opencui.sessionmanager.ChatbotLoader is configured twice, was InMemoryBotStore(cache=PerpetualCache(cache=agent:io.opencui:test:en:master|version:test)) now InMemoryBotStore(cache=PerpetualCache(cache=agent:io.opencui:test:en:master|version:test))
[Test worker] INFO io.opencui.sessionmanager.SessionManager - create session with bot version: master
[Test worker] INFO io.opencui.core.DialogManager - session state before turn 1 : {"schedulers_count":1,"main":{"state":"INIT","fillers":[]}}
[Test worker] INFO io.opencui.core.DialogManager - session state after turn 1 : {"schedulers_count":1,"main":{"state":"POST_ASK","fillers":[{"filler_type":"AnnotatedWrapperFiller","attribute":"Main"},{"filler_type":"FrameFiller","attribute":"Main"},{"filler_type":"AnnotatedWrapperFiller","attribute":"skills"},{"filler_type":"MultiValueFiller","attribute":"skills"},{"filler_type":"AnnotatedWrapperFiller","attribute":"skills._hast"},{"filler_type":"FrameFiller","attribute":"skills._hast"},{"filler_type":"AnnotatedWrapperFiller","attribute":"status"},{"filler_type":"InterfaceFiller","attribute":"status"},{"filler_type":"AnnotatedWrapperFiller","attribute":"status._realtype"},{"filler_type":"AnnotatedWrapperFiller","attribute":"status._realtype._rec"},{"filler_type":"FrameFiller","attribute":"status._realtype._rec"},{"filler_type":"AnnotatedWrapperFiller","attribute":"index"},{"filler_type":"EntityFiller","attribute":"index"}]}}
[Test worker] INFO io.opencui.core.DialogManager - session state before turn 2 : {"schedulers_count":1,"main":{"state":"POST_ASK","fillers":[{"filler_type":"AnnotatedWrapperFiller","attribute":"Main"},{"filler_type":"FrameFiller","attribute":"Main"},{"filler_type":"AnnotatedWrapperFiller","attribute":"skills"},{"filler_type":"MultiValueFiller","attribute":"skills"},{"filler_type":"AnnotatedWrapperFiller","attribute":"skills._hast"},{"filler_type":"FrameFiller","attribute":"skills._hast"},{"filler_type":"AnnotatedWrapperFiller","attribute":"status"},{"filler_type":"InterfaceFiller","attribute":"status"},{"filler_type":"AnnotatedWrapperFiller","attribute":"status._realtype"},{"filler_type":"AnnotatedWrapperFiller","attribute":"status._realtype._rec"},{"filler_type":"FrameFiller","attribute":"status._realtype._rec"},{"filler_type":"AnnotatedWrapperFiller","attribute":"index"},{"filler_type":"EntityFiller","attribute":"index"}]}}
[Test worker] INFO io.opencui.core.DialogManager - session state after turn 2 : {"schedulers_count":1,"main":{"state":"POST_ASK","fillers":[{"filler_type":"AnnotatedWrapperFiller","attribute":"Main"},{"filler_type":"FrameFiller","attribute":"Main"},{"filler_type":"AnnotatedWrapperFiller","attribute":"skills"},{"filler_type":"MultiValueFiller","attribute":"skills"},{"filler_type":"AnnotatedWrapperFiller","attribute":"skills._item"},{"filler_type":"InterfaceFiller","attribute":"skills._item"},{"filler_type":"AnnotatedWrapperFiller","attribute":"skills._item._realfiller"},{"filler_type":"FrameFiller","attribute":"skills._item._realfiller"},{"filler_type":"AnnotatedWrapperFiller","attribute":"placeHolder"},{"filler_type":"EntityFiller","attribute":"placeHolder"}]}}
[Test worker] INFO io.opencui.core.DialogManager - session state before turn 3 : {"schedulers_count":1,"main":{"state":"POST_ASK","fillers":[{"filler_type":"AnnotatedWrapperFiller","attribute":"Main"},{"filler_type":"FrameFiller","attribute":"Main"},{"filler_type":"AnnotatedWrapperFiller","attribute":"skills"},{"filler_type":"MultiValueFiller","attribute":"skills"},{"filler_type":"AnnotatedWrapperFiller","attribute":"skills._item"},{"filler_type":"InterfaceFiller","attribute":"skills._item"},{"filler_type":"AnnotatedWrapperFiller","attribute":"skills._item._realfiller"},{"filler_type":"FrameFiller","attribute":"skills._item._realfiller"},{"filler_type":"AnnotatedWrapperFiller","attribute":"placeHolder"},{"filler_type":"EntityFiller","attribute":"placeHolder"}]}}
[Test worker] INFO io.opencui.core.DialogManager - session state after turn 3 : {"schedulers_count":3,"main":{"state":"POST_ASK","fillers":[{"filler_type":"AnnotatedWrapperFiller","attribute":"Main"},{"filler_type":"FrameFiller","attribute":"Main"},{"filler_type":"AnnotatedWrapperFiller","attribute":"skills"},{"filler_type":"MultiValueFiller","attribute":"skills"},{"filler_type":"AnnotatedWrapperFiller","attribute":"skills._item"},{"filler_type":"InterfaceFiller","attribute":"skills._item"},{"filler_type":"AnnotatedWrapperFiller","attribute":"skills._item._realfiller"},{"filler_type":"FrameFiller","attribute":"skills._item._realfiller"},{"filler_type":"AnnotatedWrapperFiller","attribute":"placeHolder"},{"filler_type":"EntityFiller","attribute":"placeHolder"}]}}
[Test worker] INFO io.opencui.core.DialogManager - session state before turn 4 : {"schedulers_count":3,"main":{"state":"POST_ASK","fillers":[{"filler_type":"AnnotatedWrapperFiller","attribute":"Main"},{"filler_type":"FrameFiller","attribute":"Main"},{"filler_type":"AnnotatedWrapperFiller","attribute":"skills"},{"filler_type":"MultiValueFiller","attribute":"skills"},{"filler_type":"AnnotatedWrapperFiller","attribute":"skills._item"},{"filler_type":"InterfaceFiller","attribute":"skills._item"},{"filler_type":"AnnotatedWrapperFiller","attribute":"skills._item._realfiller"},{"filler_type":"FrameFiller","attribute":"skills._item._realfiller"},{"filler_type":"AnnotatedWrapperFiller","attribute":"placeHolder"},{"filler_type":"EntityFiller","attribute":"placeHolder"}]}}
[Test worker] INFO io.opencui.core.DialogManager - session state after turn 4 : {"schedulers_count":1,"main":{"state":"POST_ASK","fillers":[{"filler_type":"AnnotatedWrapperFiller","attribute":"Main"},{"filler_type":"FrameFiller","attribute":"Main"},{"filler_type":"AnnotatedWrapperFiller","attribute":"skills"},{"filler_type":"MultiValueFiller","attribute":"skills"},{"filler_type":"AnnotatedWrapperFiller","attribute":"skills._item"},{"filler_type":"InterfaceFiller","attribute":"skills._item"},{"filler_type":"AnnotatedWrapperFiller","attribute":"skills._item._realfiller"},{"filler_type":"FrameFiller","attribute":"skills._item._realfiller"},{"filler_type":"AnnotatedWrapperFiller","attribute":"placeHolder"},{"filler_type":"EntityFiller","attribute":"placeHolder"}]}}
[Test worker] INFO io.opencui.core.DialogManager - session state before turn 5 : {"schedulers_count":1,"main":{"state":"POST_ASK","fillers":[{"filler_type":"AnnotatedWrapperFiller","attribute":"Main"},{"filler_type":"FrameFiller","attribute":"Main"},{"filler_type":"AnnotatedWrapperFiller","attribute":"skills"},{"filler_type":"MultiValueFiller","attribute":"skills"},{"filler_type":"AnnotatedWrapperFiller","attribute":"skills._item"},{"filler_type":"InterfaceFiller","attribute":"skills._item"},{"filler_type":"AnnotatedWrapperFiller","attribute":"skills._item._realfiller"},{"filler_type":"FrameFiller","attribute":"skills._item._realfiller"},{"filler_type":"AnnotatedWrapperFiller","attribute":"placeHolder"},{"filler_type":"EntityFiller","attribute":"placeHolder"}]}}
[Test worker] INFO io.opencui.core.DialogManager - session state after turn 5 : {"schedulers_count":1,"main":{"state":"POST_ASK","fillers":[{"filler_type":"AnnotatedWrapperFiller","attribute":"Main"},{"filler_type":"FrameFiller","attribute":"Main"},{"filler_type":"AnnotatedWrapperFiller","attribute":"skills"},{"filler_type":"MultiValueFiller","attribute":"skills"},{"filler_type":"AnnotatedWrapperFiller","attribute":"skills._hast"},{"filler_type":"FrameFiller","attribute":"skills._hast"},{"filler_type":"AnnotatedWrapperFiller","attribute":"status"},{"filler_type":"InterfaceFiller","attribute":"status"},{"filler_type":"AnnotatedWrapperFiller","attribute":"status._realtype"},{"filler_type":"AnnotatedWrapperFiller","attribute":"status._realtype._rec"},{"filler_type":"FrameFiller","attribute":"status._realtype._rec"},{"filler_type":"AnnotatedWrapperFiller","attribute":"index"},{"filler_type":"EntityFiller","attribute":"index"}]}}
[Test worker] INFO io.opencui.core.DialogManager - session state before turn 6 : {"schedulers_count":1,"main":{"state":"POST_ASK","fillers":[{"filler_type":"AnnotatedWrapperFiller","attribute":"Main"},{"filler_type":"FrameFiller","attribute":"Main"},{"filler_type":"AnnotatedWrapperFiller","attribute":"skills"},{"filler_type":"MultiValueFiller","attribute":"skills"},{"filler_type":"AnnotatedWrapperFiller","attribute":"skills._hast"},{"filler_type":"FrameFiller","attribute":"skills._hast"},{"filler_type":"AnnotatedWrapperFiller","attribute":"status"},{"filler_type":"InterfaceFiller","attribute":"status"},{"filler_type":"AnnotatedWrapperFiller","attribute":"status._realtype"},{"filler_type":"AnnotatedWrapperFiller","attribute":"status._realtype._rec"},{"filler_type":"FrameFiller","attribute":"status._realtype._rec"},{"filler_type":"AnnotatedWrapperFiller","attribute":"index"},{"filler_type":"EntityFiller","attribute":"index"}]}}
[Test worker] INFO io.opencui.core.DialogManager - session state after turn 6 : {"schedulers_count":2,"main":{"state":"POST_ASK","fillers":[{"filler_type":"AnnotatedWrapperFiller","attribute":"Main"},{"filler_type":"FrameFiller","attribute":"Main"},{"filler_type":"AnnotatedWrapperFiller","attribute":"skills"},{"filler_type":"MultiValueFiller","attribute":"skills"},{"filler_type":"AnnotatedWrapperFiller","attribute":"skills._item"},{"filler_type":"InterfaceFiller","attribute":"skills._item"},{"filler_type":"AnnotatedWrapperFiller","attribute":"skills._item._realfiller"},{"filler_type":"FrameFiller","attribute":"skills._item._realfiller"},{"filler_type":"AnnotatedWrapperFiller","attribute":"city"},{"filler_type":"EntityFiller","attribute":"city"}]}}
[Test worker] INFO io.opencui.core.DialogManager - session state before turn 7 : {"schedulers_count":2,"main":{"state":"POST_ASK","fillers":[{"filler_type":"AnnotatedWrapperFiller","attribute":"Main"},{"filler_type":"FrameFiller","attribute":"Main"},{"filler_type":"AnnotatedWrapperFiller","attribute":"skills"},{"filler_type":"MultiValueFiller","attribute":"skills"},{"filler_type":"AnnotatedWrapperFiller","attribute":"skills._item"},{"filler_type":"InterfaceFiller","attribute":"skills._item"},{"filler_type":"AnnotatedWrapperFiller","attribute":"skills._item._realfiller"},{"filler_type":"FrameFiller","attribute":"skills._item._realfiller"},{"filler_type":"AnnotatedWrapperFiller","attribute":"city"},{"filler_type":"EntityFiller","attribute":"city"}]}}
[Test worker] INFO io.opencui.core.DialogManager - session state after turn 7 : {"schedulers_count":1,"main":{"state":"POST_ASK","fillers":[{"filler_type":"AnnotatedWrapperFiller","attribute":"Main"},{"filler_type":"FrameFiller","attribute":"Main"},{"filler_type":"AnnotatedWrapperFiller","attribute":"skills"},{"filler_type":"MultiValueFiller","attribute":"skills"},{"filler_type":"AnnotatedWrapperFiller","attribute":"skills._hast"},{"filler_type":"FrameFiller","attribute":"skills._hast"},{"filler_type":"AnnotatedWrapperFiller","attribute":"status"},{"filler_type":"InterfaceFiller","attribute":"status"},{"filler_type":"AnnotatedWrapperFiller","attribute":"status._realtype"},{"filler_type":"AnnotatedWrapperFiller","attribute":"status._realtype._rec"},{"filler_type":"FrameFiller","attribute":"status._realtype._rec"},{"filler_type":"AnnotatedWrapperFiller","attribute":"index"},{"filler_type":"EntityFiller","attribute":"index"}]}}
[Test worker] INFO io.opencui.core.Dispatcher - class io.opencui.du.DucklingRecognizer is configured twice, was http://172.11.51.61:8000/parse now http://172.11.51.61:8000/parse
[Test worker] INFO io.opencui.core.Dispatcher - class io.opencui.du.TfRestBertNLUModel is configured twice, was (172.11.51.61, 8501, null) now (172.11.51.61, 8501, null)
[Test worker] INFO io.opencui.core.Dispatcher - class io.opencui.sessionmanager.ChatbotLoader is configured twice, was InMemoryBotStore(cache=PerpetualCache(cache=agent:io.opencui:test:en:master|version:test)) now InMemoryBotStore(cache=PerpetualCache(cache=agent:io.opencui:test:en:master|version:test))
[Test worker] INFO io.opencui.sessionmanager.SessionManager - create session with bot version: master
[Test worker] INFO io.opencui.core.DialogManager - session state before turn 1 : {"schedulers_count":1,"main":{"state":"INIT","fillers":[]}}
[Test worker] INFO io.opencui.core.DialogManager - session state after turn 1 : {"schedulers_count":1,"main":{"state":"POST_ASK","fillers":[{"filler_type":"AnnotatedWrapperFiller","attribute":"EarlyTerminationIntent"},{"filler_type":"FrameFiller","attribute":"EarlyTerminationIntent"},{"filler_type":"AnnotatedWrapperFiller","attribute":"f"},{"filler_type":"FrameFiller","attribute":"f"},{"filler_type":"AnnotatedWrapperFiller","attribute":"a"},{"filler_type":"EntityFiller","attribute":"a"}]}}
[Test worker] INFO io.opencui.core.DialogManager - session state before turn 2 : {"schedulers_count":1,"main":{"state":"POST_ASK","fillers":[{"filler_type":"AnnotatedWrapperFiller","attribute":"EarlyTerminationIntent"},{"filler_type":"FrameFiller","attribute":"EarlyTerminationIntent"},{"filler_type":"AnnotatedWrapperFiller","attribute":"f"},{"filler_type":"FrameFiller","attribute":"f"},{"filler_type":"AnnotatedWrapperFiller","attribute":"a"},{"filler_type":"EntityFiller","attribute":"a"}]}}
[Test worker] INFO io.opencui.core.DialogManager - session state after turn 2 : {"schedulers_count":1,"main":{"state":"INIT","fillers":[]}}
[Test worker] INFO io.opencui.core.Dispatcher - class io.opencui.du.DucklingRecognizer is configured twice, was http://172.11.51.61:8000/parse now http://172.11.51.61:8000/parse
[Test worker] INFO io.opencui.core.Dispatcher - class io.opencui.du.TfRestBertNLUModel is configured twice, was (172.11.51.61, 8501, null) now (172.11.51.61, 8501, null)
[Test worker] INFO io.opencui.core.Dispatcher - class io.opencui.sessionmanager.ChatbotLoader is configured twice, was InMemoryBotStore(cache=PerpetualCache(cache=agent:io.opencui:test:en:master|version:test)) now InMemoryBotStore(cache=PerpetualCache(cache=agent:io.opencui:test:en:master|version:test))
[Test worker] INFO io.opencui.sessionmanager.SessionManager - create session with bot version: master
[Test worker] INFO io.opencui.core.DialogManager - session state before turn 1 : {"schedulers_count":1,"main":{"state":"INIT","fillers":[]}}
[Test worker] INFO io.opencui.core.DialogManager - session state after turn 1 : {"schedulers_count":1,"main":{"state":"INIT","fillers":[]}}
[Test worker] INFO io.opencui.core.Dispatcher - class io.opencui.du.DucklingRecognizer is configured twice, was http://172.11.51.61:8000/parse now http://172.11.51.61:8000/parse
[Test worker] INFO io.opencui.core.Dispatcher - class io.opencui.du.TfRestBertNLUModel is configured twice, was (172.11.51.61, 8501, null) now (172.11.51.61, 8501, null)
[Test worker] INFO io.opencui.core.Dispatcher - class io.opencui.sessionmanager.ChatbotLoader is configured twice, was InMemoryBotStore(cache=PerpetualCache(cache=agent:io.opencui:test:en:master|version:test)) now InMemoryBotStore(cache=PerpetualCache(cache=agent:io.opencui:test:en:master|version:test))
[Test worker] INFO io.opencui.sessionmanager.SessionManager - create session with bot version: master
[Test worker] INFO io.opencui.core.DialogManager - session state before turn 1 : {"schedulers_count":1,"main":{"state":"INIT","fillers":[]}}
[Test worker] INFO io.opencui.core.DialogManager - session state after turn 1 : {"schedulers_count":1,"main":{"state":"POST_ASK","fillers":[{"filler_type":"AnnotatedWrapperFiller","attribute":"ValueRecInteractionIntent"},{"filler_type":"FrameFiller","attribute":"ValueRecInteractionIntent"},{"filler_type":"AnnotatedWrapperFiller","attribute":"targetFrame"},{"filler_type":"AnnotatedWrapperFiller","attribute":"targetFrame._rec"},{"filler_type":"FrameFiller","attribute":"targetFrame._rec"},{"filler_type":"AnnotatedWrapperFiller","attribute":"index"},{"filler_type":"EntityFiller","attribute":"index"}]}}
[Test worker] INFO io.opencui.core.DialogManager - session state before turn 2 : {"schedulers_count":1,"main":{"state":"POST_ASK","fillers":[{"filler_type":"AnnotatedWrapperFiller","attribute":"ValueRecInteractionIntent"},{"filler_type":"FrameFiller","attribute":"ValueRecInteractionIntent"},{"filler_type":"AnnotatedWrapperFiller","attribute":"targetFrame"},{"filler_type":"AnnotatedWrapperFiller","attribute":"targetFrame._rec"},{"filler_type":"FrameFiller","attribute":"targetFrame._rec"},{"filler_type":"AnnotatedWrapperFiller","attribute":"index"},{"filler_type":"EntityFiller","attribute":"index"}]}}
[Test worker] INFO io.opencui.core.DialogManager - session state after turn 2 : {"schedulers_count":1,"main":{"state":"INIT","fillers":[]}}
[Test worker] INFO io.opencui.core.DialogManager - session state before turn 3 : {"schedulers_count":1,"main":{"state":"INIT","fillers":[]}}
[Test worker] INFO io.opencui.core.DialogManager - session state after turn 3 : {"schedulers_count":1,"main":{"state":"POST_ASK","fillers":[{"filler_type":"AnnotatedWrapperFiller","attribute":"ValueRecInteractionIntent"},{"filler_type":"FrameFiller","attribute":"ValueRecInteractionIntent"},{"filler_type":"AnnotatedWrapperFiller","attribute":"targetFrame"},{"filler_type":"FrameFiller","attribute":"targetFrame"},{"filler_type":"AnnotatedWrapperFiller","attribute":"b"},{"filler_type":"EntityFiller","attribute":"b"}]}}
[Test worker] INFO io.opencui.core.DialogManager - session state before turn 4 : {"schedulers_count":1,"main":{"state":"POST_ASK","fillers":[{"filler_type":"AnnotatedWrapperFiller","attribute":"ValueRecInteractionIntent"},{"filler_type":"FrameFiller","attribute":"ValueRecInteractionIntent"},{"filler_type":"AnnotatedWrapperFiller","attribute":"targetFrame"},{"filler_type":"FrameFiller","attribute":"targetFrame"},{"filler_type":"AnnotatedWrapperFiller","attribute":"b"},{"filler_type":"EntityFiller","attribute":"b"}]}}
[Test worker] INFO io.opencui.core.DialogManager - session state after turn 4 : {"schedulers_count":1,"main":{"state":"POST_ASK","fillers":[{"filler_type":"AnnotatedWrapperFiller","attribute":"ValueRecInteractionIntent"},{"filler_type":"FrameFiller","attribute":"ValueRecInteractionIntent"},{"filler_type":"AnnotatedWrapperFiller","attribute":"targetFrame"},{"filler_type":"AnnotatedWrapperFiller","attribute":"targetFrame._rec"},{"filler_type":"FrameFiller","attribute":"targetFrame._rec"},{"filler_type":"AnnotatedWrapperFiller","attribute":"index"},{"filler_type":"EntityFiller","attribute":"index"}]}}
[Test worker] INFO io.opencui.core.DialogManager - session state before turn 5 : {"schedulers_count":1,"main":{"state":"POST_ASK","fillers":[{"filler_type":"AnnotatedWrapperFiller","attribute":"ValueRecInteractionIntent"},{"filler_type":"FrameFiller","attribute":"ValueRecInteractionIntent"},{"filler_type":"AnnotatedWrapperFiller","attribute":"targetFrame"},{"filler_type":"AnnotatedWrapperFiller","attribute":"targetFrame._rec"},{"filler_type":"FrameFiller","attribute":"targetFrame._rec"},{"filler_type":"AnnotatedWrapperFiller","attribute":"index"},{"filler_type":"EntityFiller","attribute":"index"}]}}
[Test worker] INFO io.opencui.core.DialogManager - session state after turn 5 : {"schedulers_count":1,"main":{"state":"INIT","fillers":[]}}
[Test worker] INFO io.opencui.core.Dispatcher - class io.opencui.du.DucklingRecognizer is configured twice, was http://172.11.51.61:8000/parse now http://172.11.51.61:8000/parse
[Test worker] INFO io.opencui.core.Dispatcher - class io.opencui.du.TfRestBertNLUModel is configured twice, was (172.11.51.61, 8501, null) now (172.11.51.61, 8501, null)
[Test worker] INFO io.opencui.core.Dispatcher - class io.opencui.sessionmanager.ChatbotLoader is configured twice, was InMemoryBotStore(cache=PerpetualCache(cache=agent:io.opencui:test:en:master|version:test)) now InMemoryBotStore(cache=PerpetualCache(cache=agent:io.opencui:test:en:master|version:test))
[Test worker] INFO io.opencui.sessionmanager.SessionManager - create session with bot version: master
[Test worker] INFO io.opencui.core.DialogManager - session state before turn 1 : {"schedulers_count":1,"main":{"state":"INIT","fillers":[]}}
[Test worker] INFO io.opencui.core.DialogManager - session state after turn 1 : {"schedulers_count":1,"main":{"state":"POST_ASK","fillers":[{"filler_type":"AnnotatedWrapperFiller","attribute":"IntentNeedConfirm"},{"filler_type":"FrameFiller","attribute":"IntentNeedConfirm"},{"filler_type":"AnnotatedWrapperFiller","attribute":"intVar"},{"filler_type":"EntityFiller","attribute":"intVar"}]}}
[Test worker] INFO io.opencui.core.DialogManager - session state before turn 2 : {"schedulers_count":1,"main":{"state":"POST_ASK","fillers":[{"filler_type":"AnnotatedWrapperFiller","attribute":"IntentNeedConfirm"},{"filler_type":"FrameFiller","attribute":"IntentNeedConfirm"},{"filler_type":"AnnotatedWrapperFiller","attribute":"intVar"},{"filler_type":"EntityFiller","attribute":"intVar"}]}}
[Test worker] INFO io.opencui.core.DialogManager - session state after turn 2 : {"schedulers_count":1,"main":{"state":"POST_ASK","fillers":[{"filler_type":"AnnotatedWrapperFiller","attribute":"IntentNeedConfirm"},{"filler_type":"FrameFiller","attribute":"IntentNeedConfirm"},{"filler_type":"AnnotatedWrapperFiller","attribute":"boolVar"},{"filler_type":"AnnotatedWrapperFiller","attribute":"boolVar._confirm"},{"filler_type":"FrameFiller","attribute":"boolVar._confirm"},{"filler_type":"AnnotatedWrapperFiller","attribute":"status"},{"filler_type":"InterfaceFiller","attribute":"status"},{"filler_type":"AnnotatedWrapperFiller","attribute":"status._realtype"},{"filler_type":"RealtypeFiller","attribute":"status._realtype"}]}}
[Test worker] INFO io.opencui.core.DialogManager - session state before turn 3 : {"schedulers_count":1,"main":{"state":"POST_ASK","fillers":[{"filler_type":"AnnotatedWrapperFiller","attribute":"IntentNeedConfirm"},{"filler_type":"FrameFiller","attribute":"IntentNeedConfirm"},{"filler_type":"AnnotatedWrapperFiller","attribute":"boolVar"},{"filler_type":"AnnotatedWrapperFiller","attribute":"boolVar._confirm"},{"filler_type":"FrameFiller","attribute":"boolVar._confirm"},{"filler_type":"AnnotatedWrapperFiller","attribute":"status"},{"filler_type":"InterfaceFiller","attribute":"status"},{"filler_type":"AnnotatedWrapperFiller","attribute":"status._realtype"},{"filler_type":"RealtypeFiller","attribute":"status._realtype"}]}}
[Test worker] INFO io.opencui.core.DialogManager - session state after turn 3 : {"schedulers_count":1,"main":{"state":"POST_ASK","fillers":[{"filler_type":"AnnotatedWrapperFiller","attribute":"IntentNeedConfirm"},{"filler_type":"AnnotatedWrapperFiller","attribute":"IntentNeedConfirm._confirm"},{"filler_type":"FrameFiller","attribute":"IntentNeedConfirm._confirm"},{"filler_type":"AnnotatedWrapperFiller","attribute":"status"},{"filler_type":"InterfaceFiller","attribute":"status"},{"filler_type":"AnnotatedWrapperFiller","attribute":"status._realtype"},{"filler_type":"RealtypeFiller","attribute":"status._realtype"}]}}
[Test worker] INFO io.opencui.core.DialogManager - session state before turn 4 : {"schedulers_count":1,"main":{"state":"POST_ASK","fillers":[{"filler_type":"AnnotatedWrapperFiller","attribute":"IntentNeedConfirm"},{"filler_type":"AnnotatedWrapperFiller","attribute":"IntentNeedConfirm._confirm"},{"filler_type":"FrameFiller","attribute":"IntentNeedConfirm._confirm"},{"filler_type":"AnnotatedWrapperFiller","attribute":"status"},{"filler_type":"InterfaceFiller","attribute":"status"},{"filler_type":"AnnotatedWrapperFiller","attribute":"status._realtype"},{"filler_type":"RealtypeFiller","attribute":"status._realtype"}]}}
[Test worker] INFO io.opencui.core.DialogManager - session state after turn 4 : {"schedulers_count":1,"main":{"state":"POST_ASK","fillers":[{"filler_type":"AnnotatedWrapperFiller","attribute":"IntentNeedConfirm"},{"filler_type":"FrameFiller","attribute":"IntentNeedConfirm"},{"filler_type":"AnnotatedWrapperFiller","attribute":"intVar"},{"filler_type":"EntityFiller","attribute":"intVar"}]}}
[Test worker] INFO io.opencui.core.DialogManager - session state before turn 5 : {"schedulers_count":1,"main":{"state":"POST_ASK","fillers":[{"filler_type":"AnnotatedWrapperFiller","attribute":"IntentNeedConfirm"},{"filler_type":"FrameFiller","attribute":"IntentNeedConfirm"},{"filler_type":"AnnotatedWrapperFiller","attribute":"intVar"},{"filler_type":"EntityFiller","attribute":"intVar"}]}}
[Test worker] INFO io.opencui.core.DialogManager - session state after turn 5 : {"schedulers_count":1,"main":{"state":"POST_ASK","fillers":[{"filler_type":"AnnotatedWrapperFiller","attribute":"IntentNeedConfirm"},{"filler_type":"FrameFiller","attribute":"IntentNeedConfirm"},{"filler_type":"AnnotatedWrapperFiller","attribute":"boolVar"},{"filler_type":"AnnotatedWrapperFiller","attribute":"boolVar._confirm"},{"filler_type":"FrameFiller","attribute":"boolVar._confirm"},{"filler_type":"AnnotatedWrapperFiller","attribute":"status"},{"filler_type":"InterfaceFiller","attribute":"status"},{"filler_type":"AnnotatedWrapperFiller","attribute":"status._realtype"},{"filler_type":"RealtypeFiller","attribute":"status._realtype"}]}}
[Test worker] INFO io.opencui.core.DialogManager - session state before turn 6 : {"schedulers_count":1,"main":{"state":"POST_ASK","fillers":[{"filler_type":"AnnotatedWrapperFiller","attribute":"IntentNeedConfirm"},{"filler_type":"FrameFiller","attribute":"IntentNeedConfirm"},{"filler_type":"AnnotatedWrapperFiller","attribute":"boolVar"},{"filler_type":"AnnotatedWrapperFiller","attribute":"boolVar._confirm"},{"filler_type":"FrameFiller","attribute":"boolVar._confirm"},{"filler_type":"AnnotatedWrapperFiller","attribute":"status"},{"filler_type":"InterfaceFiller","attribute":"status"},{"filler_type":"AnnotatedWrapperFiller","attribute":"status._realtype"},{"filler_type":"RealtypeFiller","attribute":"status._realtype"}]}}
[Test worker] INFO io.opencui.core.DialogManager - session state after turn 6 : {"schedulers_count":1,"main":{"state":"POST_ASK","fillers":[{"filler_type":"AnnotatedWrapperFiller","attribute":"IntentNeedConfirm"},{"filler_type":"AnnotatedWrapperFiller","attribute":"IntentNeedConfirm._confirm"},{"filler_type":"FrameFiller","attribute":"IntentNeedConfirm._confirm"},{"filler_type":"AnnotatedWrapperFiller","attribute":"status"},{"filler_type":"InterfaceFiller","attribute":"status"},{"filler_type":"AnnotatedWrapperFiller","attribute":"status._realtype"},{"filler_type":"RealtypeFiller","attribute":"status._realtype"}]}}
[Test worker] INFO io.opencui.core.DialogManager - session state before turn 7 : {"schedulers_count":1,"main":{"state":"POST_ASK","fillers":[{"filler_type":"AnnotatedWrapperFiller","attribute":"IntentNeedConfirm"},{"filler_type":"AnnotatedWrapperFiller","attribute":"IntentNeedConfirm._confirm"},{"filler_type":"FrameFiller","attribute":"IntentNeedConfirm._confirm"},{"filler_type":"AnnotatedWrapperFiller","attribute":"status"},{"filler_type":"InterfaceFiller","attribute":"status"},{"filler_type":"AnnotatedWrapperFiller","attribute":"status._realtype"},{"filler_type":"RealtypeFiller","attribute":"status._realtype"}]}}
[Test worker] INFO io.opencui.core.DialogManager - session state after turn 7 : {"schedulers_count":1,"main":{"state":"INIT","fillers":[]}}
[Test worker] INFO io.opencui.core.Dispatcher - class io.opencui.du.DucklingRecognizer is configured twice, was http://172.11.51.61:8000/parse now http://172.11.51.61:8000/parse
[Test worker] INFO io.opencui.core.Dispatcher - class io.opencui.du.TfRestBertNLUModel is configured twice, was (172.11.51.61, 8501, null) now (172.11.51.61, 8501, null)
[Test worker] INFO io.opencui.core.Dispatcher - class io.opencui.sessionmanager.ChatbotLoader is configured twice, was InMemoryBotStore(cache=PerpetualCache(cache=agent:io.opencui:test:en:master|version:test)) now InMemoryBotStore(cache=PerpetualCache(cache=agent:io.opencui:test:en:master|version:test))
[Test worker] INFO io.opencui.sessionmanager.SessionManager - create session with bot version: master
[Test worker] INFO io.opencui.core.DialogManager - session state before turn 1 : {"schedulers_count":1,"main":{"state":"INIT","fillers":[]}}
[Test worker] INFO io.opencui.core.DialogManager - session state after turn 1 : {"schedulers_count":1,"main":{"state":"POST_ASK","fillers":[{"filler_type":"AnnotatedWrapperFiller","attribute":"FirstLevelQuestion"},{"filler_type":"AnnotatedWrapperFiller","attribute":"BookHotel"},{"filler_type":"FrameFiller","attribute":"BookHotel"},{"filler_type":"AnnotatedWrapperFiller","attribute":"checkin_date"},{"filler_type":"EntityFiller","attribute":"checkin_date"}]}}
[Test worker] INFO io.opencui.core.DialogManager - session state before turn 2 : {"schedulers_count":1,"main":{"state":"POST_ASK","fillers":[{"filler_type":"AnnotatedWrapperFiller","attribute":"FirstLevelQuestion"},{"filler_type":"AnnotatedWrapperFiller","attribute":"BookHotel"},{"filler_type":"FrameFiller","attribute":"BookHotel"},{"filler_type":"AnnotatedWrapperFiller","attribute":"checkin_date"},{"filler_type":"EntityFiller","attribute":"checkin_date"}]}}
[Test worker] INFO io.opencui.core.DialogManager - session state after turn 2 : {"schedulers_count":1,"main":{"state":"POST_ASK","fillers":[{"filler_type":"AnnotatedWrapperFiller","attribute":"FirstLevelQuestion"},{"filler_type":"AnnotatedWrapperFiller","attribute":"BookHotel"},{"filler_type":"AnnotatedWrapperFiller","attribute":"BookHotel._confirm"},{"filler_type":"FrameFiller","attribute":"BookHotel._confirm"},{"filler_type":"AnnotatedWrapperFiller","attribute":"status"},{"filler_type":"InterfaceFiller","attribute":"status"},{"filler_type":"AnnotatedWrapperFiller","attribute":"status._realtype"},{"filler_type":"RealtypeFiller","attribute":"status._realtype"}]}}
[Test worker] INFO io.opencui.core.DialogManager - session state before turn 3 : {"schedulers_count":1,"main":{"state":"POST_ASK","fillers":[{"filler_type":"AnnotatedWrapperFiller","attribute":"FirstLevelQuestion"},{"filler_type":"AnnotatedWrapperFiller","attribute":"BookHotel"},{"filler_type":"AnnotatedWrapperFiller","attribute":"BookHotel._confirm"},{"filler_type":"FrameFiller","attribute":"BookHotel._confirm"},{"filler_type":"AnnotatedWrapperFiller","attribute":"status"},{"filler_type":"InterfaceFiller","attribute":"status"},{"filler_type":"AnnotatedWrapperFiller","attribute":"status._realtype"},{"filler_type":"RealtypeFiller","attribute":"status._realtype"}]}}
[Test worker] INFO io.opencui.core.DialogManager - session state after turn 3 : {"schedulers_count":1,"main":{"state":"INIT","fillers":[]}}
[Test worker] INFO io.opencui.core.Dispatcher - class io.opencui.du.DucklingRecognizer is configured twice, was http://172.11.51.61:8000/parse now http://172.11.51.61:8000/parse
[Test worker] INFO io.opencui.core.Dispatcher - class io.opencui.du.TfRestBertNLUModel is configured twice, was (172.11.51.61, 8501, null) now (172.11.51.61, 8501, null)
[Test worker] INFO io.opencui.core.Dispatcher - class io.opencui.sessionmanager.ChatbotLoader is configured twice, was InMemoryBotStore(cache=PerpetualCache(cache=agent:io.opencui:test:en:master|version:test)) now InMemoryBotStore(cache=PerpetualCache(cache=agent:io.opencui:test:en:master|version:test))
[Test worker] INFO io.opencui.sessionmanager.SessionManager - create session with bot version: master
[Test worker] INFO io.opencui.core.DialogManager - session state before turn 1 : {"schedulers_count":1,"main":{"state":"INIT","fillers":[]}}
[Test worker] INFO io.opencui.core.DialogManager - session state after turn 1 : {"schedulers_count":1,"main":{"state":"POST_ASK","fillers":[{"filler_type":"AnnotatedWrapperFiller","attribute":"BoolGateTestIntent"},{"filler_type":"FrameFiller","attribute":"BoolGateTestIntent"},{"filler_type":"AnnotatedWrapperFiller","attribute":"city"},{"filler_type":"AnnotatedWrapperFiller","attribute":"city._gate"},{"filler_type":"FrameFiller","attribute":"city._gate"},{"filler_type":"AnnotatedWrapperFiller","attribute":"status"},{"filler_type":"InterfaceFiller","attribute":"status"},{"filler_type":"AnnotatedWrapperFiller","attribute":"status._realtype"},{"filler_type":"RealtypeFiller","attribute":"status._realtype"}]}}
[Test worker] INFO io.opencui.core.DialogManager - session state before turn 2 : {"schedulers_count":1,"main":{"state":"POST_ASK","fillers":[{"filler_type":"AnnotatedWrapperFiller","attribute":"BoolGateTestIntent"},{"filler_type":"FrameFiller","attribute":"BoolGateTestIntent"},{"filler_type":"AnnotatedWrapperFiller","attribute":"city"},{"filler_type":"AnnotatedWrapperFiller","attribute":"city._gate"},{"filler_type":"FrameFiller","attribute":"city._gate"},{"filler_type":"AnnotatedWrapperFiller","attribute":"status"},{"filler_type":"InterfaceFiller","attribute":"status"},{"filler_type":"AnnotatedWrapperFiller","attribute":"status._realtype"},{"filler_type":"RealtypeFiller","attribute":"status._realtype"}]}}
[Test worker] INFO io.opencui.core.DialogManager - session state after turn 2 : {"schedulers_count":1,"main":{"state":"POST_ASK","fillers":[{"filler_type":"AnnotatedWrapperFiller","attribute":"BoolGateTestIntent"},{"filler_type":"FrameFiller","attribute":"BoolGateTestIntent"},{"filler_type":"AnnotatedWrapperFiller","attribute":"city"},{"filler_type":"EntityFiller","attribute":"city"}]}}
[Test worker] INFO io.opencui.core.DialogManager - session state before turn 3 : {"schedulers_count":1,"main":{"state":"POST_ASK","fillers":[{"filler_type":"AnnotatedWrapperFiller","attribute":"BoolGateTestIntent"},{"filler_type":"FrameFiller","attribute":"BoolGateTestIntent"},{"filler_type":"AnnotatedWrapperFiller","attribute":"city"},{"filler_type":"EntityFiller","attribute":"city"}]}}
[Test worker] INFO io.opencui.core.DialogManager - session state after turn 3 : {"schedulers_count":1,"main":{"state":"POST_ASK","fillers":[{"filler_type":"AnnotatedWrapperFiller","attribute":"BoolGateTestIntent"},{"filler_type":"FrameFiller","attribute":"BoolGateTestIntent"},{"filler_type":"AnnotatedWrapperFiller","attribute":"placeHolder"},{"filler_type":"EntityFiller","attribute":"placeHolder"}]}}
[Test worker] INFO io.opencui.core.DialogManager - session state before turn 4 : {"schedulers_count":1,"main":{"state":"POST_ASK","fillers":[{"filler_type":"AnnotatedWrapperFiller","attribute":"BoolGateTestIntent"},{"filler_type":"FrameFiller","attribute":"BoolGateTestIntent"},{"filler_type":"AnnotatedWrapperFiller","attribute":"placeHolder"},{"filler_type":"EntityFiller","attribute":"placeHolder"}]}}
[Test worker] INFO io.opencui.core.DialogManager - session state after turn 4 : {"schedulers_count":1,"main":{"state":"POST_ASK","fillers":[{"filler_type":"AnnotatedWrapperFiller","attribute":"BoolGateTestIntent"},{"filler_type":"FrameFiller","attribute":"BoolGateTestIntent"},{"filler_type":"AnnotatedWrapperFiller","attribute":"placeHolder"},{"filler_type":"EntityFiller","attribute":"placeHolder"}]}}
[Test worker] INFO io.opencui.core.DialogManager - session state before turn 5 : {"schedulers_count":1,"main":{"state":"POST_ASK","fillers":[{"filler_type":"AnnotatedWrapperFiller","attribute":"BoolGateTestIntent"},{"filler_type":"FrameFiller","attribute":"BoolGateTestIntent"},{"filler_type":"AnnotatedWrapperFiller","attribute":"placeHolder"},{"filler_type":"EntityFiller","attribute":"placeHolder"}]}}
[Test worker] INFO io.opencui.core.DialogManager - session state after turn 5 : {"schedulers_count":1,"main":{"state":"INIT","fillers":[]}}
[Test worker] INFO io.opencui.core.DialogManager - session state before turn 6 : {"schedulers_count":1,"main":{"state":"INIT","fillers":[]}}
[Test worker] INFO io.opencui.core.DialogManager - session state after turn 6 : {"schedulers_count":1,"main":{"state":"POST_ASK","fillers":[{"filler_type":"AnnotatedWrapperFiller","attribute":"BoolGateTestIntent"},{"filler_type":"FrameFiller","attribute":"BoolGateTestIntent"},{"filler_type":"AnnotatedWrapperFiller","attribute":"city"},{"filler_type":"AnnotatedWrapperFiller","attribute":"city._gate"},{"filler_type":"FrameFiller","attribute":"city._gate"},{"filler_type":"AnnotatedWrapperFiller","attribute":"status"},{"filler_type":"InterfaceFiller","attribute":"status"},{"filler_type":"AnnotatedWrapperFiller","attribute":"status._realtype"},{"filler_type":"RealtypeFiller","attribute":"status._realtype"}]}}
[Test worker] INFO io.opencui.core.DialogManager - session state before turn 7 : {"schedulers_count":1,"main":{"state":"POST_ASK","fillers":[{"filler_type":"AnnotatedWrapperFiller","attribute":"BoolGateTestIntent"},{"filler_type":"FrameFiller","attribute":"BoolGateTestIntent"},{"filler_type":"AnnotatedWrapperFiller","attribute":"city"},{"filler_type":"AnnotatedWrapperFiller","attribute":"city._gate"},{"filler_type":"FrameFiller","attribute":"city._gate"},{"filler_type":"AnnotatedWrapperFiller","attribute":"status"},{"filler_type":"InterfaceFiller","attribute":"status"},{"filler_type":"AnnotatedWrapperFiller","attribute":"status._realtype"},{"filler_type":"RealtypeFiller","attribute":"status._realtype"}]}}
[Test worker] INFO io.opencui.core.DialogManager - session state after turn 7 : {"schedulers_count":1,"main":{"state":"POST_ASK","fillers":[{"filler_type":"AnnotatedWrapperFiller","attribute":"BoolGateTestIntent"},{"filler_type":"FrameFiller","attribute":"BoolGateTestIntent"},{"filler_type":"AnnotatedWrapperFiller","attribute":"city"},{"filler_type":"EntityFiller","attribute":"city"}]}}
[Test worker] INFO io.opencui.core.DialogManager - session state before turn 8 : {"schedulers_count":1,"main":{"state":"POST_ASK","fillers":[{"filler_type":"AnnotatedWrapperFiller","attribute":"BoolGateTestIntent"},{"filler_type":"FrameFiller","attribute":"BoolGateTestIntent"},{"filler_type":"AnnotatedWrapperFiller","attribute":"city"},{"filler_type":"EntityFiller","attribute":"city"}]}}
[Test worker] INFO io.opencui.core.DialogManager - session state after turn 8 : {"schedulers_count":1,"main":{"state":"POST_ASK","fillers":[{"filler_type":"AnnotatedWrapperFiller","attribute":"BoolGateTestIntent"},{"filler_type":"FrameFiller","attribute":"BoolGateTestIntent"},{"filler_type":"AnnotatedWrapperFiller","attribute":"city"},{"filler_type":"EntityFiller","attribute":"city"}]}}
[Test worker] INFO io.opencui.core.DialogManager - session state before turn 9 : {"schedulers_count":1,"main":{"state":"POST_ASK","fillers":[{"filler_type":"AnnotatedWrapperFiller","attribute":"BoolGateTestIntent"},{"filler_type":"FrameFiller","attribute":"BoolGateTestIntent"},{"filler_type":"AnnotatedWrapperFiller","attribute":"city"},{"filler_type":"EntityFiller","attribute":"city"}]}}
[Test worker] INFO io.opencui.core.DialogManager - session state after turn 9 : {"schedulers_count":1,"main":{"state":"INIT","fillers":[]}}
[Test worker] INFO io.opencui.core.Dispatcher - class io.opencui.du.DucklingRecognizer is configured twice, was http://172.11.51.61:8000/parse now http://172.11.51.61:8000/parse
[Test worker] INFO io.opencui.core.Dispatcher - class io.opencui.du.TfRestBertNLUModel is configured twice, was (172.11.51.61, 8501, null) now (172.11.51.61, 8501, null)
[Test worker] INFO io.opencui.core.Dispatcher - class io.opencui.sessionmanager.ChatbotLoader is configured twice, was InMemoryBotStore(cache=PerpetualCache(cache=agent:io.opencui:test:en:master|version:test)) now InMemoryBotStore(cache=PerpetualCache(cache=agent:io.opencui:test:en:master|version:test))
[Test worker] INFO io.opencui.sessionmanager.SessionManager - create session with bot version: master
[Test worker] INFO io.opencui.core.DialogManager - session state before turn 1 : {"schedulers_count":1,"main":{"state":"INIT","fillers":[]}}
[Test worker] INFO io.opencui.core.DialogManager - session state after turn 1 : {"schedulers_count":1,"main":{"state":"POST_ASK","fillers":[{"filler_type":"AnnotatedWrapperFiller","attribute":"ValueRecheckTestIntent"},{"filler_type":"FrameFiller","attribute":"ValueRecheckTestIntent"},{"filler_type":"AnnotatedWrapperFiller","attribute":"c"},{"filler_type":"EntityFiller","attribute":"c"}]}}
[Test worker] INFO io.opencui.core.DialogManager - session state before turn 2 : {"schedulers_count":1,"main":{"state":"POST_ASK","fillers":[{"filler_type":"AnnotatedWrapperFiller","attribute":"ValueRecheckTestIntent"},{"filler_type":"FrameFiller","attribute":"ValueRecheckTestIntent"},{"filler_type":"AnnotatedWrapperFiller","attribute":"c"},{"filler_type":"EntityFiller","attribute":"c"}]}}
[Test worker] INFO io.opencui.core.DialogManager - session state after turn 2 : {"schedulers_count":1,"main":{"state":"POST_ASK","fillers":[{"filler_type":"AnnotatedWrapperFiller","attribute":"ValueRecheckTestIntent"},{"filler_type":"FrameFiller","attribute":"ValueRecheckTestIntent"},{"filler_type":"AnnotatedWrapperFiller","attribute":"a"},{"filler_type":"EntityFiller","attribute":"a"}]}}
[Test worker] INFO io.opencui.core.DialogManager - session state before turn 3 : {"schedulers_count":1,"main":{"state":"POST_ASK","fillers":[{"filler_type":"AnnotatedWrapperFiller","attribute":"ValueRecheckTestIntent"},{"filler_type":"FrameFiller","attribute":"ValueRecheckTestIntent"},{"filler_type":"AnnotatedWrapperFiller","attribute":"a"},{"filler_type":"EntityFiller","attribute":"a"}]}}
[Test worker] INFO io.opencui.core.DialogManager - session state after turn 3 : {"schedulers_count":1,"main":{"state":"POST_ASK","fillers":[{"filler_type":"AnnotatedWrapperFiller","attribute":"ValueRecheckTestIntent"},{"filler_type":"FrameFiller","attribute":"ValueRecheckTestIntent"},{"filler_type":"AnnotatedWrapperFiller","attribute":"b"},{"filler_type":"EntityFiller","attribute":"b"}]}}
[Test worker] INFO io.opencui.core.DialogManager - session state before turn 4 : {"schedulers_count":1,"main":{"state":"POST_ASK","fillers":[{"filler_type":"AnnotatedWrapperFiller","attribute":"ValueRecheckTestIntent"},{"filler_type":"FrameFiller","attribute":"ValueRecheckTestIntent"},{"filler_type":"AnnotatedWrapperFiller","attribute":"b"},{"filler_type":"EntityFiller","attribute":"b"}]}}
[Test worker] INFO io.opencui.core.DialogManager - session state after turn 4 : {"schedulers_count":1,"main":{"state":"POST_ASK","fillers":[{"filler_type":"AnnotatedWrapperFiller","attribute":"ValueRecheckTestIntent"},{"filler_type":"FrameFiller","attribute":"ValueRecheckTestIntent"},{"filler_type":"AnnotatedWrapperFiller","attribute":"c"},{"filler_type":"EntityFiller","attribute":"c"}]}}
[Test worker] INFO io.opencui.core.DialogManager - session state before turn 5 : {"schedulers_count":1,"main":{"state":"POST_ASK","fillers":[{"filler_type":"AnnotatedWrapperFiller","attribute":"ValueRecheckTestIntent"},{"filler_type":"FrameFiller","attribute":"ValueRecheckTestIntent"},{"filler_type":"AnnotatedWrapperFiller","attribute":"c"},{"filler_type":"EntityFiller","attribute":"c"}]}}
[Test worker] INFO io.opencui.core.DialogManager - session state after turn 5 : {"schedulers_count":1,"main":{"state":"POST_ASK","fillers":[{"filler_type":"AnnotatedWrapperFiller","attribute":"ValueRecheckTestIntent"},{"filler_type":"FrameFiller","attribute":"ValueRecheckTestIntent"},{"filler_type":"AnnotatedWrapperFiller","attribute":"d"},{"filler_type":"EntityFiller","attribute":"d"}]}}
[Test worker] INFO io.opencui.core.DialogManager - session state before turn 6 : {"schedulers_count":1,"main":{"state":"POST_ASK","fillers":[{"filler_type":"AnnotatedWrapperFiller","attribute":"ValueRecheckTestIntent"},{"filler_type":"FrameFiller","attribute":"ValueRecheckTestIntent"},{"filler_type":"AnnotatedWrapperFiller","attribute":"d"},{"filler_type":"EntityFiller","attribute":"d"}]}}
[Test worker] INFO io.opencui.core.DialogManager - session state after turn 6 : {"schedulers_count":1,"main":{"state":"INIT","fillers":[]}}
[Test worker] INFO io.opencui.core.Dispatcher - class io.opencui.du.DucklingRecognizer is configured twice, was http://172.11.51.61:8000/parse now http://172.11.51.61:8000/parse
[Test worker] INFO io.opencui.core.Dispatcher - class io.opencui.du.TfRestBertNLUModel is configured twice, was (172.11.51.61, 8501, null) now (172.11.51.61, 8501, null)
[Test worker] INFO io.opencui.core.Dispatcher - class io.opencui.sessionmanager.ChatbotLoader is configured twice, was InMemoryBotStore(cache=PerpetualCache(cache=agent:io.opencui:test:en:master|version:test)) now InMemoryBotStore(cache=PerpetualCache(cache=agent:io.opencui:test:en:master|version:test))
[Test worker] INFO io.opencui.sessionmanager.SessionManager - create session with bot version: master
[Test worker] INFO io.opencui.core.DialogManager - session state before turn 1 : {"schedulers_count":1,"main":{"state":"INIT","fillers":[]}}
[Test worker] INFO io.opencui.core.DialogManager - session state after turn 1 : {"schedulers_count":1,"main":{"state":"POST_ASK","fillers":[{"filler_type":"AnnotatedWrapperFiller","attribute":"ExternalEventContainerIntent"},{"filler_type":"FrameFiller","attribute":"ExternalEventContainerIntent"},{"filler_type":"AnnotatedWrapperFiller","attribute":"intent"},{"filler_type":"FrameFiller","attribute":"intent"}]}}
[Test worker] INFO io.opencui.core.DialogManager - session state before turn 2 : {"schedulers_count":1,"main":{"state":"POST_ASK","fillers":[{"filler_type":"AnnotatedWrapperFiller","attribute":"ExternalEventContainerIntent"},{"filler_type":"FrameFiller","attribute":"ExternalEventContainerIntent"},{"filler_type":"AnnotatedWrapperFiller","attribute":"intent"},{"filler_type":"FrameFiller","attribute":"intent"}]}}
[Test worker] INFO io.opencui.core.DialogManager - session state after turn 2 : {"schedulers_count":1,"main":{"state":"POST_ASK","fillers":[{"filler_type":"AnnotatedWrapperFiller","attribute":"ExternalEventContainerIntent"},{"filler_type":"AnnotatedWrapperFiller","attribute":"result"},{"filler_type":"FrameFiller","attribute":"result"}]}}
[Test worker] INFO io.opencui.core.DialogManager - session state before turn 3 : {"schedulers_count":1,"main":{"state":"POST_ASK","fillers":[{"filler_type":"AnnotatedWrapperFiller","attribute":"ExternalEventContainerIntent"},{"filler_type":"AnnotatedWrapperFiller","attribute":"result"},{"filler_type":"FrameFiller","attribute":"result"}]}}
[Test worker] INFO io.opencui.core.DialogManager - session state after turn 3 : {"schedulers_count":1,"main":{"state":"INIT","fillers":[]}}
[Test worker] INFO io.opencui.core.Dispatcher - class io.opencui.du.DucklingRecognizer is configured twice, was http://172.11.51.61:8000/parse now http://172.11.51.61:8000/parse
[Test worker] INFO io.opencui.core.Dispatcher - class io.opencui.du.TfRestBertNLUModel is configured twice, was (172.11.51.61, 8501, null) now (172.11.51.61, 8501, null)
[Test worker] INFO io.opencui.core.Dispatcher - class io.opencui.sessionmanager.ChatbotLoader is configured twice, was InMemoryBotStore(cache=PerpetualCache(cache=agent:io.opencui:test:en:master|version:test)) now InMemoryBotStore(cache=PerpetualCache(cache=agent:io.opencui:test:en:master|version:test))
[Test worker] INFO io.opencui.sessionmanager.SessionManager - create session with bot version: master
[Test worker] INFO io.opencui.core.DialogManager - session state before turn 1 : {"schedulers_count":1,"main":{"state":"INIT","fillers":[]}}
[Test worker] INFO io.opencui.core.DialogManager - session state after turn 1 : {"schedulers_count":1,"main":{"state":"POST_ASK","fillers":[{"filler_type":"AnnotatedWrapperFiller","attribute":"DirectlyFillMultiValueSlotTest"},{"filler_type":"FrameFiller","attribute":"DirectlyFillMultiValueSlotTest"},{"filler_type":"AnnotatedWrapperFiller","attribute":"payMethodList"},{"filler_type":"MultiValueFiller","attribute":"payMethodList"},{"filler_type":"AnnotatedWrapperFiller","attribute":"payMethodList._hast"},{"filler_type":"FrameFiller","attribute":"payMethodList._hast"},{"filler_type":"AnnotatedWrapperFiller","attribute":"status"},{"filler_type":"InterfaceFiller","attribute":"status"},{"filler_type":"AnnotatedWrapperFiller","attribute":"status._realtype"},{"filler_type":"RealtypeFiller","attribute":"status._realtype"}]}}
[Test worker] INFO io.opencui.core.DialogManager - session state before turn 2 : {"schedulers_count":1,"main":{"state":"POST_ASK","fillers":[{"filler_type":"AnnotatedWrapperFiller","attribute":"DirectlyFillMultiValueSlotTest"},{"filler_type":"FrameFiller","attribute":"DirectlyFillMultiValueSlotTest"},{"filler_type":"AnnotatedWrapperFiller","attribute":"payMethodList"},{"filler_type":"MultiValueFiller","attribute":"payMethodList"},{"filler_type":"AnnotatedWrapperFiller","attribute":"payMethodList._hast"},{"filler_type":"FrameFiller","attribute":"payMethodList._hast"},{"filler_type":"AnnotatedWrapperFiller","attribute":"status"},{"filler_type":"InterfaceFiller","attribute":"status"},{"filler_type":"AnnotatedWrapperFiller","attribute":"status._realtype"},{"filler_type":"RealtypeFiller","attribute":"status._realtype"}]}}
[Test worker] INFO io.opencui.core.DialogManager - session state after turn 2 : {"schedulers_count":1,"main":{"state":"POST_ASK","fillers":[{"filler_type":"AnnotatedWrapperFiller","attribute":"DirectlyFillMultiValueSlotTest"},{"filler_type":"FrameFiller","attribute":"DirectlyFillMultiValueSlotTest"},{"filler_type":"AnnotatedWrapperFiller","attribute":"payMethodList"},{"filler_type":"MultiValueFiller","attribute":"payMethodList"},{"filler_type":"AnnotatedWrapperFiller","attribute":"payMethodList._hast"},{"filler_type":"FrameFiller","attribute":"payMethodList._hast"},{"filler_type":"AnnotatedWrapperFiller","attribute":"status"},{"filler_type":"InterfaceFiller","attribute":"status"},{"filler_type":"AnnotatedWrapperFiller","attribute":"status._realtype"},{"filler_type":"RealtypeFiller","attribute":"status._realtype"}]}}
[Test worker] INFO io.opencui.core.DialogManager - session state before turn 3 : {"schedulers_count":1,"main":{"state":"POST_ASK","fillers":[{"filler_type":"AnnotatedWrapperFiller","attribute":"DirectlyFillMultiValueSlotTest"},{"filler_type":"FrameFiller","attribute":"DirectlyFillMultiValueSlotTest"},{"filler_type":"AnnotatedWrapperFiller","attribute":"payMethodList"},{"filler_type":"MultiValueFiller","attribute":"payMethodList"},{"filler_type":"AnnotatedWrapperFiller","attribute":"payMethodList._hast"},{"filler_type":"FrameFiller","attribute":"payMethodList._hast"},{"filler_type":"AnnotatedWrapperFiller","attribute":"status"},{"filler_type":"InterfaceFiller","attribute":"status"},{"filler_type":"AnnotatedWrapperFiller","attribute":"status._realtype"},{"filler_type":"RealtypeFiller","attribute":"status._realtype"}]}}
[Test worker] INFO io.opencui.core.DialogManager - session state after turn 3 : {"schedulers_count":1,"main":{"state":"POST_ASK","fillers":[{"filler_type":"AnnotatedWrapperFiller","attribute":"DirectlyFillMultiValueSlotTest"},{"filler_type":"FrameFiller","attribute":"DirectlyFillMultiValueSlotTest"},{"filler_type":"AnnotatedWrapperFiller","attribute":"payMethodList"},{"filler_type":"MultiValueFiller","attribute":"payMethodList"},{"filler_type":"AnnotatedWrapperFiller","attribute":"payMethodList._hast"},{"filler_type":"FrameFiller","attribute":"payMethodList._hast"},{"filler_type":"AnnotatedWrapperFiller","attribute":"status"},{"filler_type":"InterfaceFiller","attribute":"status"},{"filler_type":"AnnotatedWrapperFiller","attribute":"status._realtype"},{"filler_type":"RealtypeFiller","attribute":"status._realtype"}]}}
[Test worker] INFO io.opencui.core.DialogManager - session state before turn 4 : {"schedulers_count":1,"main":{"state":"POST_ASK","fillers":[{"filler_type":"AnnotatedWrapperFiller","attribute":"DirectlyFillMultiValueSlotTest"},{"filler_type":"FrameFiller","attribute":"DirectlyFillMultiValueSlotTest"},{"filler_type":"AnnotatedWrapperFiller","attribute":"payMethodList"},{"filler_type":"MultiValueFiller","attribute":"payMethodList"},{"filler_type":"AnnotatedWrapperFiller","attribute":"payMethodList._hast"},{"filler_type":"FrameFiller","attribute":"payMethodList._hast"},{"filler_type":"AnnotatedWrapperFiller","attribute":"status"},{"filler_type":"InterfaceFiller","attribute":"status"},{"filler_type":"AnnotatedWrapperFiller","attribute":"status._realtype"},{"filler_type":"RealtypeFiller","attribute":"status._realtype"}]}}
[Test worker] INFO io.opencui.core.DialogManager - session state after turn 4 : {"schedulers_count":1,"main":{"state":"POST_ASK","fillers":[{"filler_type":"AnnotatedWrapperFiller","attribute":"DirectlyFillMultiValueSlotTest"},{"filler_type":"FrameFiller","attribute":"DirectlyFillMultiValueSlotTest"},{"filler_type":"AnnotatedWrapperFiller","attribute":"s"},{"filler_type":"EntityFiller","attribute":"s"}]}}
[Test worker] INFO io.opencui.core.DialogManager - session state before turn 5 : {"schedulers_count":1,"main":{"state":"POST_ASK","fillers":[{"filler_type":"AnnotatedWrapperFiller","attribute":"DirectlyFillMultiValueSlotTest"},{"filler_type":"FrameFiller","attribute":"DirectlyFillMultiValueSlotTest"},{"filler_type":"AnnotatedWrapperFiller","attribute":"s"},{"filler_type":"EntityFiller","attribute":"s"}]}}
[Test worker] INFO io.opencui.core.DialogManager - session state after turn 5 : {"schedulers_count":1,"main":{"state":"INIT","fillers":[]}}
[Test worker] INFO io.opencui.core.Dispatcher - class io.opencui.du.DucklingRecognizer is configured twice, was http://172.11.51.61:8000/parse now http://172.11.51.61:8000/parse
[Test worker] INFO io.opencui.core.Dispatcher - class io.opencui.du.TfRestBertNLUModel is configured twice, was (172.11.51.61, 8501, null) now (172.11.51.61, 8501, null)
[Test worker] INFO io.opencui.core.Dispatcher - class io.opencui.sessionmanager.ChatbotLoader is configured twice, was InMemoryBotStore(cache=PerpetualCache(cache=agent:io.opencui:test:en:master|version:test)) now InMemoryBotStore(cache=PerpetualCache(cache=agent:io.opencui:test:en:master|version:test))
[Test worker] INFO io.opencui.sessionmanager.SessionManager - create session with bot version: master
[Test worker] INFO io.opencui.core.DialogManager - session state before turn 1 : {"schedulers_count":1,"main":{"state":"INIT","fillers":[]}}
[Test worker] INFO io.opencui.core.DialogManager - session state after turn 1 : {"schedulers_count":1,"main":{"state":"POST_ASK","fillers":[{"filler_type":"AnnotatedWrapperFiller","attribute":"ZepTestIntent"},{"filler_type":"FrameFiller","attribute":"ZepTestIntent"},{"filler_type":"AnnotatedWrapperFiller","attribute":"citySoft"},{"filler_type":"EntityFiller","attribute":"citySoft"}]}}
[Test worker] INFO io.opencui.core.DialogManager - session state before turn 2 : {"schedulers_count":1,"main":{"state":"POST_ASK","fillers":[{"filler_type":"AnnotatedWrapperFiller","attribute":"ZepTestIntent"},{"filler_type":"FrameFiller","attribute":"ZepTestIntent"},{"filler_type":"AnnotatedWrapperFiller","attribute":"citySoft"},{"filler_type":"EntityFiller","attribute":"citySoft"}]}}
[Test worker] INFO io.opencui.core.DialogManager - session state after turn 2 : {"schedulers_count":1,"main":{"state":"INIT","fillers":[]}}
[Test worker] INFO io.opencui.core.DialogManager - session state before turn 3 : {"schedulers_count":1,"main":{"state":"INIT","fillers":[]}}
[Test worker] INFO io.opencui.core.DialogManager - session state after turn 3 : {"schedulers_count":1,"main":{"state":"POST_ASK","fillers":[{"filler_type":"AnnotatedWrapperFiller","attribute":"ZepTestIntent"},{"filler_type":"FrameFiller","attribute":"ZepTestIntent"},{"filler_type":"AnnotatedWrapperFiller","attribute":"cityHard"},{"filler_type":"AnnotatedWrapperFiller","attribute":"cityHard._rec"},{"filler_type":"FrameFiller","attribute":"cityHard._rec"},{"filler_type":"AnnotatedWrapperFiller","attribute":"index"},{"filler_type":"EntityFiller","attribute":"index"}]}}
[Test worker] INFO io.opencui.core.DialogManager - session state before turn 4 : {"schedulers_count":1,"main":{"state":"POST_ASK","fillers":[{"filler_type":"AnnotatedWrapperFiller","attribute":"ZepTestIntent"},{"filler_type":"FrameFiller","attribute":"ZepTestIntent"},{"filler_type":"AnnotatedWrapperFiller","attribute":"cityHard"},{"filler_type":"AnnotatedWrapperFiller","attribute":"cityHard._rec"},{"filler_type":"FrameFiller","attribute":"cityHard._rec"},{"filler_type":"AnnotatedWrapperFiller","attribute":"index"},{"filler_type":"EntityFiller","attribute":"index"}]}}
[Test worker] INFO io.opencui.core.DialogManager - session state after turn 4 : {"schedulers_count":1,"main":{"state":"POST_ASK","fillers":[{"filler_type":"AnnotatedWrapperFiller","attribute":"ZepTestIntent"},{"filler_type":"FrameFiller","attribute":"ZepTestIntent"},{"filler_type":"AnnotatedWrapperFiller","attribute":"citiesSoft"},{"filler_type":"MultiValueFiller","attribute":"citiesSoft"},{"filler_type":"AnnotatedWrapperFiller","attribute":"citiesSoft._hast"},{"filler_type":"FrameFiller","attribute":"citiesSoft._hast"},{"filler_type":"AnnotatedWrapperFiller","attribute":"status"},{"filler_type":"InterfaceFiller","attribute":"status"},{"filler_type":"AnnotatedWrapperFiller","attribute":"status._realtype"},{"filler_type":"RealtypeFiller","attribute":"status._realtype"}]}}
[Test worker] INFO io.opencui.core.DialogManager - session state before turn 5 : {"schedulers_count":1,"main":{"state":"POST_ASK","fillers":[{"filler_type":"AnnotatedWrapperFiller","attribute":"ZepTestIntent"},{"filler_type":"FrameFiller","attribute":"ZepTestIntent"},{"filler_type":"AnnotatedWrapperFiller","attribute":"citiesSoft"},{"filler_type":"MultiValueFiller","attribute":"citiesSoft"},{"filler_type":"AnnotatedWrapperFiller","attribute":"citiesSoft._hast"},{"filler_type":"FrameFiller","attribute":"citiesSoft._hast"},{"filler_type":"AnnotatedWrapperFiller","attribute":"status"},{"filler_type":"InterfaceFiller","attribute":"status"},{"filler_type":"AnnotatedWrapperFiller","attribute":"status._realtype"},{"filler_type":"RealtypeFiller","attribute":"status._realtype"}]}}
[Test worker] INFO io.opencui.core.DialogManager - session state after turn 5 : {"schedulers_count":1,"main":{"state":"POST_ASK","fillers":[{"filler_type":"AnnotatedWrapperFiller","attribute":"ZepTestIntent"},{"filler_type":"FrameFiller","attribute":"ZepTestIntent"},{"filler_type":"AnnotatedWrapperFiller","attribute":"citiesSoft"},{"filler_type":"MultiValueFiller","attribute":"citiesSoft"},{"filler_type":"AnnotatedWrapperFiller","attribute":"citiesSoft._hast"},{"filler_type":"FrameFiller","attribute":"citiesSoft._hast"},{"filler_type":"AnnotatedWrapperFiller","attribute":"status"},{"filler_type":"InterfaceFiller","attribute":"status"},{"filler_type":"AnnotatedWrapperFiller","attribute":"status._realtype"},{"filler_type":"RealtypeFiller","attribute":"status._realtype"}]}}
[Test worker] INFO io.opencui.core.DialogManager - session state before turn 6 : {"schedulers_count":1,"main":{"state":"POST_ASK","fillers":[{"filler_type":"AnnotatedWrapperFiller","attribute":"ZepTestIntent"},{"filler_type":"FrameFiller","attribute":"ZepTestIntent"},{"filler_type":"AnnotatedWrapperFiller","attribute":"citiesSoft"},{"filler_type":"MultiValueFiller","attribute":"citiesSoft"},{"filler_type":"AnnotatedWrapperFiller","attribute":"citiesSoft._hast"},{"filler_type":"FrameFiller","attribute":"citiesSoft._hast"},{"filler_type":"AnnotatedWrapperFiller","attribute":"status"},{"filler_type":"InterfaceFiller","attribute":"status"},{"filler_type":"AnnotatedWrapperFiller","attribute":"status._realtype"},{"filler_type":"RealtypeFiller","attribute":"status._realtype"}]}}
[Test worker] INFO io.opencui.core.DialogManager - session state after turn 6 : {"schedulers_count":1,"main":{"state":"INIT","fillers":[]}}
[Test worker] INFO io.opencui.core.DialogManager - session state before turn 7 : {"schedulers_count":1,"main":{"state":"INIT","fillers":[]}}
[Test worker] INFO io.opencui.core.DialogManager - session state after turn 7 : {"schedulers_count":1,"main":{"state":"POST_ASK","fillers":[{"filler_type":"AnnotatedWrapperFiller","attribute":"ZepTestIntent"},{"filler_type":"FrameFiller","attribute":"ZepTestIntent"},{"filler_type":"AnnotatedWrapperFiller","attribute":"cityHard"},{"filler_type":"AnnotatedWrapperFiller","attribute":"cityHard._rec"},{"filler_type":"FrameFiller","attribute":"cityHard._rec"},{"filler_type":"AnnotatedWrapperFiller","attribute":"index"},{"filler_type":"EntityFiller","attribute":"index"}]}}
[Test worker] INFO io.opencui.core.DialogManager - session state before turn 8 : {"schedulers_count":1,"main":{"state":"POST_ASK","fillers":[{"filler_type":"AnnotatedWrapperFiller","attribute":"ZepTestIntent"},{"filler_type":"FrameFiller","attribute":"ZepTestIntent"},{"filler_type":"AnnotatedWrapperFiller","attribute":"cityHard"},{"filler_type":"AnnotatedWrapperFiller","attribute":"cityHard._rec"},{"filler_type":"FrameFiller","attribute":"cityHard._rec"},{"filler_type":"AnnotatedWrapperFiller","attribute":"index"},{"filler_type":"EntityFiller","attribute":"index"}]}}
[Test worker] INFO io.opencui.core.DialogManager - session state after turn 8 : {"schedulers_count":1,"main":{"state":"POST_ASK","fillers":[{"filler_type":"AnnotatedWrapperFiller","attribute":"ZepTestIntent"},{"filler_type":"FrameFiller","attribute":"ZepTestIntent"},{"filler_type":"AnnotatedWrapperFiller","attribute":"citiesSoft"},{"filler_type":"MultiValueFiller","attribute":"citiesSoft"},{"filler_type":"AnnotatedWrapperFiller","attribute":"citiesSoft._hast"},{"filler_type":"FrameFiller","attribute":"citiesSoft._hast"},{"filler_type":"AnnotatedWrapperFiller","attribute":"status"},{"filler_type":"InterfaceFiller","attribute":"status"},{"filler_type":"AnnotatedWrapperFiller","attribute":"status._realtype"},{"filler_type":"RealtypeFiller","attribute":"status._realtype"}]}}
[Test worker] INFO io.opencui.core.DialogManager - session state before turn 9 : {"schedulers_count":1,"main":{"state":"POST_ASK","fillers":[{"filler_type":"AnnotatedWrapperFiller","attribute":"ZepTestIntent"},{"filler_type":"FrameFiller","attribute":"ZepTestIntent"},{"filler_type":"AnnotatedWrapperFiller","attribute":"citiesSoft"},{"filler_type":"MultiValueFiller","attribute":"citiesSoft"},{"filler_type":"AnnotatedWrapperFiller","attribute":"citiesSoft._hast"},{"filler_type":"FrameFiller","attribute":"citiesSoft._hast"},{"filler_type":"AnnotatedWrapperFiller","attribute":"status"},{"filler_type":"InterfaceFiller","attribute":"status"},{"filler_type":"AnnotatedWrapperFiller","attribute":"status._realtype"},{"filler_type":"RealtypeFiller","attribute":"status._realtype"}]}}
[Test worker] INFO io.opencui.core.DialogManager - session state after turn 9 : {"schedulers_count":1,"main":{"state":"POST_ASK","fillers":[{"filler_type":"AnnotatedWrapperFiller","attribute":"ZepTestIntent"},{"filler_type":"FrameFiller","attribute":"ZepTestIntent"},{"filler_type":"AnnotatedWrapperFiller","attribute":"citiesSoft"},{"filler_type":"MultiValueFiller","attribute":"citiesSoft"},{"filler_type":"AnnotatedWrapperFiller","attribute":"citiesSoft._hast"},{"filler_type":"FrameFiller","attribute":"citiesSoft._hast"},{"filler_type":"AnnotatedWrapperFiller","attribute":"status"},{"filler_type":"InterfaceFiller","attribute":"status"},{"filler_type":"AnnotatedWrapperFiller","attribute":"status._realtype"},{"filler_type":"RealtypeFiller","attribute":"status._realtype"}]}}
[Test worker] INFO io.opencui.core.DialogManager - session state before turn 10 : {"schedulers_count":1,"main":{"state":"POST_ASK","fillers":[{"filler_type":"AnnotatedWrapperFiller","attribute":"ZepTestIntent"},{"filler_type":"FrameFiller","attribute":"ZepTestIntent"},{"filler_type":"AnnotatedWrapperFiller","attribute":"citiesSoft"},{"filler_type":"MultiValueFiller","attribute":"citiesSoft"},{"filler_type":"AnnotatedWrapperFiller","attribute":"citiesSoft._hast"},{"filler_type":"FrameFiller","attribute":"citiesSoft._hast"},{"filler_type":"AnnotatedWrapperFiller","attribute":"status"},{"filler_type":"InterfaceFiller","attribute":"status"},{"filler_type":"AnnotatedWrapperFiller","attribute":"status._realtype"},{"filler_type":"RealtypeFiller","attribute":"status._realtype"}]}}
[Test worker] INFO io.opencui.core.DialogManager - session state after turn 10 : {"schedulers_count":1,"main":{"state":"POST_ASK","fillers":[{"filler_type":"AnnotatedWrapperFiller","attribute":"ZepTestIntent"},{"filler_type":"FrameFiller","attribute":"ZepTestIntent"},{"filler_type":"AnnotatedWrapperFiller","attribute":"citiesHard"},{"filler_type":"MultiValueFiller","attribute":"citiesHard"},{"filler_type":"AnnotatedWrapperFiller","attribute":"citiesHard._hast"},{"filler_type":"FrameFiller","attribute":"citiesHard._hast"},{"filler_type":"AnnotatedWrapperFiller","attribute":"status"},{"filler_type":"InterfaceFiller","attribute":"status"},{"filler_type":"AnnotatedWrapperFiller","attribute":"status._realtype"},{"filler_type":"AnnotatedWrapperFiller","attribute":"status._realtype._rec"},{"filler_type":"FrameFiller","attribute":"status._realtype._rec"},{"filler_type":"AnnotatedWrapperFiller","attribute":"index"},{"filler_type":"EntityFiller","attribute":"index"}]}}
[Test worker] INFO io.opencui.core.DialogManager - session state before turn 11 : {"schedulers_count":1,"main":{"state":"POST_ASK","fillers":[{"filler_type":"AnnotatedWrapperFiller","attribute":"ZepTestIntent"},{"filler_type":"FrameFiller","attribute":"ZepTestIntent"},{"filler_type":"AnnotatedWrapperFiller","attribute":"citiesHard"},{"filler_type":"MultiValueFiller","attribute":"citiesHard"},{"filler_type":"AnnotatedWrapperFiller","attribute":"citiesHard._hast"},{"filler_type":"FrameFiller","attribute":"citiesHard._hast"},{"filler_type":"AnnotatedWrapperFiller","attribute":"status"},{"filler_type":"InterfaceFiller","attribute":"status"},{"filler_type":"AnnotatedWrapperFiller","attribute":"status._realtype"},{"filler_type":"AnnotatedWrapperFiller","attribute":"status._realtype._rec"},{"filler_type":"FrameFiller","attribute":"status._realtype._rec"},{"filler_type":"AnnotatedWrapperFiller","attribute":"index"},{"filler_type":"EntityFiller","attribute":"index"}]}}
[Test worker] INFO io.opencui.core.DialogManager - session state after turn 11 : {"schedulers_count":1,"main":{"state":"INIT","fillers":[]}}
[Test worker] INFO io.opencui.core.Dispatcher - class io.opencui.du.DucklingRecognizer is configured twice, was http://172.11.51.61:8000/parse now http://172.11.51.61:8000/parse
[Test worker] INFO io.opencui.core.Dispatcher - class io.opencui.du.TfRestBertNLUModel is configured twice, was (172.11.51.61, 8501, null) now (172.11.51.61, 8501, null)
[Test worker] INFO io.opencui.core.Dispatcher - class io.opencui.sessionmanager.ChatbotLoader is configured twice, was InMemoryBotStore(cache=PerpetualCache(cache=agent:io.opencui:test:en:master|version:test)) now InMemoryBotStore(cache=PerpetualCache(cache=agent:io.opencui:test:en:master|version:test))
[Test worker] INFO io.opencui.sessionmanager.SessionManager - create session with bot version: master
[Test worker] INFO io.opencui.core.DialogManager - session state before turn 1 : {"schedulers_count":1,"main":{"state":"INIT","fillers":[]}}
[Test worker] INFO io.opencui.core.DialogManager - session state after turn 1 : {"schedulers_count":1,"main":{"state":"POST_ASK","fillers":[{"filler_type":"AnnotatedWrapperFiller","attribute":"ValueCheckSwitchTest"},{"filler_type":"FrameFiller","attribute":"ValueCheckSwitchTest"},{"filler_type":"AnnotatedWrapperFiller","attribute":"a"},{"filler_type":"EntityFiller","attribute":"a"}]}}
[Test worker] INFO io.opencui.core.DialogManager - session state before turn 2 : {"schedulers_count":1,"main":{"state":"POST_ASK","fillers":[{"filler_type":"AnnotatedWrapperFiller","attribute":"ValueCheckSwitchTest"},{"filler_type":"FrameFiller","attribute":"ValueCheckSwitchTest"},{"filler_type":"AnnotatedWrapperFiller","attribute":"a"},{"filler_type":"EntityFiller","attribute":"a"}]}}
[Test worker] INFO io.opencui.core.DialogManager - session state after turn 2 : {"schedulers_count":1,"main":{"state":"POST_ASK","fillers":[{"filler_type":"AnnotatedWrapperFiller","attribute":"ValueCheckSwitchTest"},{"filler_type":"FrameFiller","attribute":"ValueCheckSwitchTest"},{"filler_type":"AnnotatedWrapperFiller","attribute":"a"},{"filler_type":"EntityFiller","attribute":"a"}]}}
[Test worker] INFO io.opencui.core.DialogManager - session state before turn 3 : {"schedulers_count":1,"main":{"state":"POST_ASK","fillers":[{"filler_type":"AnnotatedWrapperFiller","attribute":"ValueCheckSwitchTest"},{"filler_type":"FrameFiller","attribute":"ValueCheckSwitchTest"},{"filler_type":"AnnotatedWrapperFiller","attribute":"a"},{"filler_type":"EntityFiller","attribute":"a"}]}}
[Test worker] INFO io.opencui.core.DialogManager - session state after turn 3 : {"schedulers_count":1,"main":{"state":"POST_ASK","fillers":[{"filler_type":"AnnotatedWrapperFiller","attribute":"ValueCheckSwitchTest"},{"filler_type":"FrameFiller","attribute":"ValueCheckSwitchTest"},{"filler_type":"AnnotatedWrapperFiller","attribute":"c"},{"filler_type":"EntityFiller","attribute":"c"}]}}
[Test worker] INFO io.opencui.core.DialogManager - session state before turn 4 : {"schedulers_count":1,"main":{"state":"POST_ASK","fillers":[{"filler_type":"AnnotatedWrapperFiller","attribute":"ValueCheckSwitchTest"},{"filler_type":"FrameFiller","attribute":"ValueCheckSwitchTest"},{"filler_type":"AnnotatedWrapperFiller","attribute":"c"},{"filler_type":"EntityFiller","attribute":"c"}]}}
[Test worker] INFO io.opencui.core.DialogManager - session state after turn 4 : {"schedulers_count":1,"main":{"state":"POST_ASK","fillers":[{"filler_type":"AnnotatedWrapperFiller","attribute":"ValueCheckSwitchTest"},{"filler_type":"FrameFiller","attribute":"ValueCheckSwitchTest"},{"filler_type":"AnnotatedWrapperFiller","attribute":"a"},{"filler_type":"EntityFiller","attribute":"a"}]}}
[Test worker] INFO io.opencui.core.DialogManager - session state before turn 5 : {"schedulers_count":1,"main":{"state":"POST_ASK","fillers":[{"filler_type":"AnnotatedWrapperFiller","attribute":"ValueCheckSwitchTest"},{"filler_type":"FrameFiller","attribute":"ValueCheckSwitchTest"},{"filler_type":"AnnotatedWrapperFiller","attribute":"a"},{"filler_type":"EntityFiller","attribute":"a"}]}}
[Test worker] INFO io.opencui.core.DialogManager - session state after turn 5 : {"schedulers_count":1,"main":{"state":"POST_ASK","fillers":[{"filler_type":"AnnotatedWrapperFiller","attribute":"ValueCheckSwitchTest"},{"filler_type":"FrameFiller","attribute":"ValueCheckSwitchTest"},{"filler_type":"AnnotatedWrapperFiller","attribute":"b"},{"filler_type":"EntityFiller","attribute":"b"}]}}
[Test worker] INFO io.opencui.core.DialogManager - session state before turn 6 : {"schedulers_count":1,"main":{"state":"POST_ASK","fillers":[{"filler_type":"AnnotatedWrapperFiller","attribute":"ValueCheckSwitchTest"},{"filler_type":"FrameFiller","attribute":"ValueCheckSwitchTest"},{"filler_type":"AnnotatedWrapperFiller","attribute":"b"},{"filler_type":"EntityFiller","attribute":"b"}]}}
[Test worker] INFO io.opencui.core.DialogManager - session state after turn 6 : {"schedulers_count":1,"main":{"state":"POST_ASK","fillers":[{"filler_type":"AnnotatedWrapperFiller","attribute":"ValueCheckSwitchTest"},{"filler_type":"FrameFiller","attribute":"ValueCheckSwitchTest"},{"filler_type":"AnnotatedWrapperFiller","attribute":"a"},{"filler_type":"EntityFiller","attribute":"a"}]}}
[Test worker] INFO io.opencui.core.DialogManager - session state before turn 7 : {"schedulers_count":1,"main":{"state":"POST_ASK","fillers":[{"filler_type":"AnnotatedWrapperFiller","attribute":"ValueCheckSwitchTest"},{"filler_type":"FrameFiller","attribute":"ValueCheckSwitchTest"},{"filler_type":"AnnotatedWrapperFiller","attribute":"a"},{"filler_type":"EntityFiller","attribute":"a"}]}}
[Test worker] INFO io.opencui.core.DialogManager - session state after turn 7 : {"schedulers_count":1,"main":{"state":"POST_ASK","fillers":[{"filler_type":"AnnotatedWrapperFiller","attribute":"ValueCheckSwitchTest"},{"filler_type":"FrameFiller","attribute":"ValueCheckSwitchTest"},{"filler_type":"AnnotatedWrapperFiller","attribute":"b"},{"filler_type":"EntityFiller","attribute":"b"}]}}
[Test worker] INFO io.opencui.core.DialogManager - session state before turn 8 : {"schedulers_count":1,"main":{"state":"POST_ASK","fillers":[{"filler_type":"AnnotatedWrapperFiller","attribute":"ValueCheckSwitchTest"},{"filler_type":"FrameFiller","attribute":"ValueCheckSwitchTest"},{"filler_type":"AnnotatedWrapperFiller","attribute":"b"},{"filler_type":"EntityFiller","attribute":"b"}]}}
[Test worker] INFO io.opencui.core.DialogManager - session state after turn 8 : {"schedulers_count":1,"main":{"state":"POST_ASK","fillers":[{"filler_type":"AnnotatedWrapperFiller","attribute":"ValueCheckSwitchTest"},{"filler_type":"FrameFiller","attribute":"ValueCheckSwitchTest"},{"filler_type":"AnnotatedWrapperFiller","attribute":"c"},{"filler_type":"EntityFiller","attribute":"c"}]}}
[Test worker] INFO io.opencui.core.DialogManager - session state before turn 9 : {"schedulers_count":1,"main":{"state":"POST_ASK","fillers":[{"filler_type":"AnnotatedWrapperFiller","attribute":"ValueCheckSwitchTest"},{"filler_type":"FrameFiller","attribute":"ValueCheckSwitchTest"},{"filler_type":"AnnotatedWrapperFiller","attribute":"c"},{"filler_type":"EntityFiller","attribute":"c"}]}}
[Test worker] INFO io.opencui.core.DialogManager - session state after turn 9 : {"schedulers_count":1,"main":{"state":"INIT","fillers":[]}}
[Test worker] INFO io.opencui.core.Dispatcher - class io.opencui.du.DucklingRecognizer is configured twice, was http://172.11.51.61:8000/parse now http://172.11.51.61:8000/parse
[Test worker] INFO io.opencui.core.Dispatcher - class io.opencui.du.TfRestBertNLUModel is configured twice, was (172.11.51.61, 8501, null) now (172.11.51.61, 8501, null)
[Test worker] INFO io.opencui.core.Dispatcher - class io.opencui.sessionmanager.ChatbotLoader is configured twice, was InMemoryBotStore(cache=PerpetualCache(cache=agent:io.opencui:test:en:master|version:test)) now InMemoryBotStore(cache=PerpetualCache(cache=agent:io.opencui:test:en:master|version:test))
[Test worker] INFO io.opencui.sessionmanager.SessionManager - create session with bot version: master
[Test worker] INFO io.opencui.core.DialogManager - session state before turn 1 : {"schedulers_count":1,"main":{"state":"INIT","fillers":[]}}
[Test worker] INFO io.opencui.core.DialogManager - session state after turn 1 : {"schedulers_count":1,"main":{"state":"POST_ASK","fillers":[{"filler_type":"AnnotatedWrapperFiller","attribute":"BookVacation"},{"filler_type":"FrameFiller","attribute":"BookVacation"},{"filler_type":"AnnotatedWrapperFiller","attribute":"book_flight"},{"filler_type":"FrameFiller","attribute":"book_flight"},{"filler_type":"AnnotatedWrapperFiller","attribute":"origin"},{"filler_type":"EntityFiller","attribute":"origin"}]}}
[Test worker] INFO io.opencui.core.DialogManager - session state before turn 2 : {"schedulers_count":1,"main":{"state":"POST_ASK","fillers":[{"filler_type":"AnnotatedWrapperFiller","attribute":"BookVacation"},{"filler_type":"FrameFiller","attribute":"BookVacation"},{"filler_type":"AnnotatedWrapperFiller","attribute":"book_flight"},{"filler_type":"FrameFiller","attribute":"book_flight"},{"filler_type":"AnnotatedWrapperFiller","attribute":"origin"},{"filler_type":"EntityFiller","attribute":"origin"}]}}
[Test worker] INFO io.opencui.core.DialogManager - session state after turn 2 : {"schedulers_count":1,"main":{"state":"POST_ASK","fillers":[{"filler_type":"AnnotatedWrapperFiller","attribute":"BookVacation"},{"filler_type":"FrameFiller","attribute":"BookVacation"},{"filler_type":"AnnotatedWrapperFiller","attribute":"book_hotel"},{"filler_type":"FrameFiller","attribute":"book_hotel"},{"filler_type":"AnnotatedWrapperFiller","attribute":"checkout_date"},{"filler_type":"EntityFiller","attribute":"checkout_date"}]}}
[Test worker] INFO io.opencui.core.DialogManager - session state before turn 3 : {"schedulers_count":1,"main":{"state":"POST_ASK","fillers":[{"filler_type":"AnnotatedWrapperFiller","attribute":"BookVacation"},{"filler_type":"FrameFiller","attribute":"BookVacation"},{"filler_type":"AnnotatedWrapperFiller","attribute":"book_hotel"},{"filler_type":"FrameFiller","attribute":"book_hotel"},{"filler_type":"AnnotatedWrapperFiller","attribute":"checkout_date"},{"filler_type":"EntityFiller","attribute":"checkout_date"}]}}
[Test worker] INFO io.opencui.core.DialogManager - session state after turn 3 : {"schedulers_count":1,"main":{"state":"POST_ASK","fillers":[{"filler_type":"AnnotatedWrapperFiller","attribute":"BookVacation"},{"filler_type":"FrameFiller","attribute":"BookVacation"},{"filler_type":"AnnotatedWrapperFiller","attribute":"book_hotel"},{"filler_type":"FrameFiller","attribute":"book_hotel"},{"filler_type":"AnnotatedWrapperFiller","attribute":"hotel"},{"filler_type":"FrameFiller","attribute":"hotel"},{"filler_type":"AnnotatedWrapperFiller","attribute":"hotel"},{"filler_type":"AnnotatedWrapperFiller","attribute":"hotel._rec"},{"filler_type":"FrameFiller","attribute":"hotel._rec"},{"filler_type":"AnnotatedWrapperFiller","attribute":"index"},{"filler_type":"EntityFiller","attribute":"index"}]}}
[Test worker] INFO io.opencui.core.DialogManager - session state before turn 4 : {"schedulers_count":1,"main":{"state":"POST_ASK","fillers":[{"filler_type":"AnnotatedWrapperFiller","attribute":"BookVacation"},{"filler_type":"FrameFiller","attribute":"BookVacation"},{"filler_type":"AnnotatedWrapperFiller","attribute":"book_hotel"},{"filler_type":"FrameFiller","attribute":"book_hotel"},{"filler_type":"AnnotatedWrapperFiller","attribute":"hotel"},{"filler_type":"FrameFiller","attribute":"hotel"},{"filler_type":"AnnotatedWrapperFiller","attribute":"hotel"},{"filler_type":"AnnotatedWrapperFiller","attribute":"hotel._rec"},{"filler_type":"FrameFiller","attribute":"hotel._rec"},{"filler_type":"AnnotatedWrapperFiller","attribute":"index"},{"filler_type":"EntityFiller","attribute":"index"}]}}
[Test worker] INFO io.opencui.core.DialogManager - session state after turn 4 : {"schedulers_count":1,"main":{"state":"POST_ASK","fillers":[{"filler_type":"AnnotatedWrapperFiller","attribute":"BookVacation"},{"filler_type":"FrameFiller","attribute":"BookVacation"},{"filler_type":"AnnotatedWrapperFiller","attribute":"book_hotel"},{"filler_type":"FrameFiller","attribute":"book_hotel"},{"filler_type":"AnnotatedWrapperFiller","attribute":"hotel"},{"filler_type":"FrameFiller","attribute":"hotel"},{"filler_type":"AnnotatedWrapperFiller","attribute":"hotel"},{"filler_type":"AnnotatedWrapperFiller","attribute":"hotel._rec"},{"filler_type":"FrameFiller","attribute":"hotel._rec"},{"filler_type":"AnnotatedWrapperFiller","attribute":"index"},{"filler_type":"EntityFiller","attribute":"index"}]}}
[Test worker] INFO io.opencui.core.DialogManager - session state before turn 5 : {"schedulers_count":1,"main":{"state":"POST_ASK","fillers":[{"filler_type":"AnnotatedWrapperFiller","attribute":"BookVacation"},{"filler_type":"FrameFiller","attribute":"BookVacation"},{"filler_type":"AnnotatedWrapperFiller","attribute":"book_hotel"},{"filler_type":"FrameFiller","attribute":"book_hotel"},{"filler_type":"AnnotatedWrapperFiller","attribute":"hotel"},{"filler_type":"FrameFiller","attribute":"hotel"},{"filler_type":"AnnotatedWrapperFiller","attribute":"hotel"},{"filler_type":"AnnotatedWrapperFiller","attribute":"hotel._rec"},{"filler_type":"FrameFiller","attribute":"hotel._rec"},{"filler_type":"AnnotatedWrapperFiller","attribute":"index"},{"filler_type":"EntityFiller","attribute":"index"}]}}
[Test worker] INFO io.opencui.core.DialogManager - session state after turn 5 : {"schedulers_count":1,"main":{"state":"POST_ASK","fillers":[{"filler_type":"AnnotatedWrapperFiller","attribute":"BookVacation"},{"filler_type":"FrameFiller","attribute":"BookVacation"},{"filler_type":"AnnotatedWrapperFiller","attribute":"book_hotel"},{"filler_type":"FrameFiller","attribute":"book_hotel"},{"filler_type":"AnnotatedWrapperFiller","attribute":"placeHolder"},{"filler_type":"EntityFiller","attribute":"placeHolder"}]}}
[Test worker] INFO io.opencui.core.DialogManager - session state before turn 6 : {"schedulers_count":1,"main":{"state":"POST_ASK","fillers":[{"filler_type":"AnnotatedWrapperFiller","attribute":"BookVacation"},{"filler_type":"FrameFiller","attribute":"BookVacation"},{"filler_type":"AnnotatedWrapperFiller","attribute":"book_hotel"},{"filler_type":"FrameFiller","attribute":"book_hotel"},{"filler_type":"AnnotatedWrapperFiller","attribute":"placeHolder"},{"filler_type":"EntityFiller","attribute":"placeHolder"}]}}
[Test worker] INFO io.opencui.core.DialogManager - session state after turn 6 : {"schedulers_count":2,"main":{"state":"POST_ASK","fillers":[{"filler_type":"AnnotatedWrapperFiller","attribute":"BookVacation"},{"filler_type":"FrameFiller","attribute":"BookVacation"},{"filler_type":"AnnotatedWrapperFiller","attribute":"book_hotel"},{"filler_type":"FrameFiller","attribute":"book_hotel"},{"filler_type":"AnnotatedWrapperFiller","attribute":"placeHolder"},{"filler_type":"EntityFiller","attribute":"placeHolder"}]}}
[Test worker] INFO io.opencui.core.DialogManager - session state before turn 7 : {"schedulers_count":2,"main":{"state":"POST_ASK","fillers":[{"filler_type":"AnnotatedWrapperFiller","attribute":"BookVacation"},{"filler_type":"FrameFiller","attribute":"BookVacation"},{"filler_type":"AnnotatedWrapperFiller","attribute":"book_hotel"},{"filler_type":"FrameFiller","attribute":"book_hotel"},{"filler_type":"AnnotatedWrapperFiller","attribute":"placeHolder"},{"filler_type":"EntityFiller","attribute":"placeHolder"}]}}
[Test worker] INFO io.opencui.core.DialogManager - session state after turn 7 : {"schedulers_count":2,"main":{"state":"POST_ASK","fillers":[{"filler_type":"AnnotatedWrapperFiller","attribute":"BookVacation"},{"filler_type":"FrameFiller","attribute":"BookVacation"},{"filler_type":"AnnotatedWrapperFiller","attribute":"book_hotel"},{"filler_type":"FrameFiller","attribute":"book_hotel"},{"filler_type":"AnnotatedWrapperFiller","attribute":"placeHolder"},{"filler_type":"EntityFiller","attribute":"placeHolder"}]}}
[Test worker] INFO io.opencui.core.DialogManager - session state before turn 8 : {"schedulers_count":2,"main":{"state":"POST_ASK","fillers":[{"filler_type":"AnnotatedWrapperFiller","attribute":"BookVacation"},{"filler_type":"FrameFiller","attribute":"BookVacation"},{"filler_type":"AnnotatedWrapperFiller","attribute":"book_hotel"},{"filler_type":"FrameFiller","attribute":"book_hotel"},{"filler_type":"AnnotatedWrapperFiller","attribute":"placeHolder"},{"filler_type":"EntityFiller","attribute":"placeHolder"}]}}
[Test worker] INFO io.opencui.core.DialogManager - session state after turn 8 : {"schedulers_count":1,"main":{"state":"POST_ASK","fillers":[{"filler_type":"AnnotatedWrapperFiller","attribute":"BookVacation"},{"filler_type":"FrameFiller","attribute":"BookVacation"},{"filler_type":"AnnotatedWrapperFiller","attribute":"book_hotel"},{"filler_type":"FrameFiller","attribute":"book_hotel"},{"filler_type":"AnnotatedWrapperFiller","attribute":"placeHolder"},{"filler_type":"EntityFiller","attribute":"placeHolder"}]}}
[Test worker] INFO io.opencui.core.DialogManager - session state before turn 9 : {"schedulers_count":1,"main":{"state":"POST_ASK","fillers":[{"filler_type":"AnnotatedWrapperFiller","attribute":"BookVacation"},{"filler_type":"FrameFiller","attribute":"BookVacation"},{"filler_type":"AnnotatedWrapperFiller","attribute":"book_hotel"},{"filler_type":"FrameFiller","attribute":"book_hotel"},{"filler_type":"AnnotatedWrapperFiller","attribute":"placeHolder"},{"filler_type":"EntityFiller","attribute":"placeHolder"}]}}
[Test worker] INFO io.opencui.core.DialogManager - session state after turn 9 : {"schedulers_count":1,"main":{"state":"POST_ASK","fillers":[{"filler_type":"AnnotatedWrapperFiller","attribute":"BookVacation"},{"filler_type":"FrameFiller","attribute":"BookVacation"},{"filler_type":"AnnotatedWrapperFiller","attribute":"book_hotel"},{"filler_type":"AnnotatedWrapperFiller","attribute":"book_hotel._confirm"},{"filler_type":"FrameFiller","attribute":"book_hotel._confirm"},{"filler_type":"AnnotatedWrapperFiller","attribute":"status"},{"filler_type":"InterfaceFiller","attribute":"status"},{"filler_type":"AnnotatedWrapperFiller","attribute":"status._realtype"},{"filler_type":"RealtypeFiller","attribute":"status._realtype"}]}}
[Test worker] INFO io.opencui.core.DialogManager - session state before turn 10 : {"schedulers_count":1,"main":{"state":"POST_ASK","fillers":[{"filler_type":"AnnotatedWrapperFiller","attribute":"BookVacation"},{"filler_type":"FrameFiller","attribute":"BookVacation"},{"filler_type":"AnnotatedWrapperFiller","attribute":"book_hotel"},{"filler_type":"AnnotatedWrapperFiller","attribute":"book_hotel._confirm"},{"filler_type":"FrameFiller","attribute":"book_hotel._confirm"},{"filler_type":"AnnotatedWrapperFiller","attribute":"status"},{"filler_type":"InterfaceFiller","attribute":"status"},{"filler_type":"AnnotatedWrapperFiller","attribute":"status._realtype"},{"filler_type":"RealtypeFiller","attribute":"status._realtype"}]}}
[Test worker] INFO io.opencui.core.DialogManager - session state after turn 10 : {"schedulers_count":1,"main":{"state":"INIT","fillers":[]}}
[Test worker] INFO io.opencui.core.Dispatcher - class io.opencui.du.DucklingRecognizer is configured twice, was http://172.11.51.61:8000/parse now http://172.11.51.61:8000/parse
[Test worker] INFO io.opencui.core.Dispatcher - class io.opencui.du.TfRestBertNLUModel is configured twice, was (172.11.51.61, 8501, null) now (172.11.51.61, 8501, null)
[Test worker] INFO io.opencui.core.Dispatcher - class io.opencui.sessionmanager.ChatbotLoader is configured twice, was InMemoryBotStore(cache=PerpetualCache(cache=agent:io.opencui:test:en:master|version:test)) now InMemoryBotStore(cache=PerpetualCache(cache=agent:io.opencui:test:en:master|version:test))
[Test worker] INFO io.opencui.sessionmanager.SessionManager - create session with bot version: master
[Test worker] INFO io.opencui.core.DialogManager - session state before turn 1 : {"schedulers_count":1,"main":{"state":"INIT","fillers":[]}}
[Test worker] INFO io.opencui.core.DialogManager - session state after turn 1 : {"schedulers_count":1,"main":{"state":"POST_ASK","fillers":[{"filler_type":"AnnotatedWrapperFiller","attribute":"SlotDoubleConfirmTestIntent"},{"filler_type":"FrameFiller","attribute":"SlotDoubleConfirmTestIntent"},{"filler_type":"AnnotatedWrapperFiller","attribute":"slot"},{"filler_type":"AnnotatedWrapperFiller","attribute":"slot._confirm"},{"filler_type":"FrameFiller","attribute":"slot._confirm"},{"filler_type":"AnnotatedWrapperFiller","attribute":"status"},{"filler_type":"InterfaceFiller","attribute":"status"},{"filler_type":"AnnotatedWrapperFiller","attribute":"status._realtype"},{"filler_type":"RealtypeFiller","attribute":"status._realtype"}]}}
[Test worker] INFO io.opencui.core.DialogManager - session state before turn 2 : {"schedulers_count":1,"main":{"state":"POST_ASK","fillers":[{"filler_type":"AnnotatedWrapperFiller","attribute":"SlotDoubleConfirmTestIntent"},{"filler_type":"FrameFiller","attribute":"SlotDoubleConfirmTestIntent"},{"filler_type":"AnnotatedWrapperFiller","attribute":"slot"},{"filler_type":"AnnotatedWrapperFiller","attribute":"slot._confirm"},{"filler_type":"FrameFiller","attribute":"slot._confirm"},{"filler_type":"AnnotatedWrapperFiller","attribute":"status"},{"filler_type":"InterfaceFiller","attribute":"status"},{"filler_type":"AnnotatedWrapperFiller","attribute":"status._realtype"},{"filler_type":"RealtypeFiller","attribute":"status._realtype"}]}}
[Test worker] INFO io.opencui.core.DialogManager - session state after turn 2 : {"schedulers_count":1,"main":{"state":"INIT","fillers":[]}}
[Test worker] INFO io.opencui.core.Dispatcher - class io.opencui.du.DucklingRecognizer is configured twice, was http://172.11.51.61:8000/parse now http://172.11.51.61:8000/parse
[Test worker] INFO io.opencui.core.Dispatcher - class io.opencui.du.TfRestBertNLUModel is configured twice, was (172.11.51.61, 8501, null) now (172.11.51.61, 8501, null)
[Test worker] INFO io.opencui.core.Dispatcher - class io.opencui.sessionmanager.ChatbotLoader is configured twice, was InMemoryBotStore(cache=PerpetualCache(cache=agent:io.opencui:test:en:master|version:test)) now InMemoryBotStore(cache=PerpetualCache(cache=agent:io.opencui:test:en:master|version:test))
[Test worker] INFO io.opencui.sessionmanager.SessionManager - create session with bot version: master
[Test worker] INFO io.opencui.core.DialogManager - session state before turn 1 : {"schedulers_count":1,"main":{"state":"INIT","fillers":[]}}
[Test worker] INFO io.opencui.core.DialogManager - session state after turn 1 : {"schedulers_count":1,"main":{"state":"POST_ASK","fillers":[{"filler_type":"AnnotatedWrapperFiller","attribute":"EntityRecSelection"},{"filler_type":"FrameFiller","attribute":"EntityRecSelection"},{"filler_type":"AnnotatedWrapperFiller","attribute":"payMethod"},{"filler_type":"AnnotatedWrapperFiller","attribute":"payMethod._rec"},{"filler_type":"FrameFiller","attribute":"payMethod._rec"},{"filler_type":"AnnotatedWrapperFiller","attribute":"index"},{"filler_type":"EntityFiller","attribute":"index"}]}}
[Test worker] INFO io.opencui.core.DialogManager - session state before turn 2 : {"schedulers_count":1,"main":{"state":"POST_ASK","fillers":[{"filler_type":"AnnotatedWrapperFiller","attribute":"EntityRecSelection"},{"filler_type":"FrameFiller","attribute":"EntityRecSelection"},{"filler_type":"AnnotatedWrapperFiller","attribute":"payMethod"},{"filler_type":"AnnotatedWrapperFiller","attribute":"payMethod._rec"},{"filler_type":"FrameFiller","attribute":"payMethod._rec"},{"filler_type":"AnnotatedWrapperFiller","attribute":"index"},{"filler_type":"EntityFiller","attribute":"index"}]}}
[Test worker] INFO io.opencui.core.DialogManager - session state after turn 2 : {"schedulers_count":1,"main":{"state":"INIT","fillers":[]}}
[Test worker] INFO io.opencui.core.Dispatcher - class io.opencui.du.DucklingRecognizer is configured twice, was http://172.11.51.61:8000/parse now http://172.11.51.61:8000/parse
[Test worker] INFO io.opencui.core.Dispatcher - class io.opencui.du.TfRestBertNLUModel is configured twice, was (172.11.51.61, 8501, null) now (172.11.51.61, 8501, null)
[Test worker] INFO io.opencui.core.Dispatcher - class io.opencui.sessionmanager.ChatbotLoader is configured twice, was InMemoryBotStore(cache=PerpetualCache(cache=agent:io.opencui:test:en:master|version:test)) now InMemoryBotStore(cache=PerpetualCache(cache=agent:io.opencui:test:en:master|version:test))
[Test worker] INFO io.opencui.sessionmanager.SessionManager - create session with bot version: master
[Test worker] INFO io.opencui.core.DialogManager - session state before turn 1 : {"schedulers_count":1,"main":{"state":"INIT","fillers":[]}}
[Test worker] INFO io.opencui.core.DialogManager - session state after turn 1 : {"schedulers_count":1,"main":{"state":"POST_ASK","fillers":[{"filler_type":"AnnotatedWrapperFiller","attribute":"TestSepNoIntent"},{"filler_type":"FrameFiller","attribute":"TestSepNoIntent"},{"filler_type":"AnnotatedWrapperFiller","attribute":"s"},{"filler_type":"AnnotatedWrapperFiller","attribute":"s._rec"},{"filler_type":"FrameFiller","attribute":"s._rec"},{"filler_type":"AnnotatedWrapperFiller","attribute":"index"},{"filler_type":"AnnotatedWrapperFiller","attribute":"index._confirm"},{"filler_type":"FrameFiller","attribute":"index._confirm"},{"filler_type":"AnnotatedWrapperFiller","attribute":"status"},{"filler_type":"InterfaceFiller","attribute":"status"},{"filler_type":"AnnotatedWrapperFiller","attribute":"status._realtype"},{"filler_type":"RealtypeFiller","attribute":"status._realtype"}]}}
[Test worker] INFO io.opencui.core.DialogManager - session state before turn 2 : {"schedulers_count":1,"main":{"state":"POST_ASK","fillers":[{"filler_type":"AnnotatedWrapperFiller","attribute":"TestSepNoIntent"},{"filler_type":"FrameFiller","attribute":"TestSepNoIntent"},{"filler_type":"AnnotatedWrapperFiller","attribute":"s"},{"filler_type":"AnnotatedWrapperFiller","attribute":"s._rec"},{"filler_type":"FrameFiller","attribute":"s._rec"},{"filler_type":"AnnotatedWrapperFiller","attribute":"index"},{"filler_type":"AnnotatedWrapperFiller","attribute":"index._confirm"},{"filler_type":"FrameFiller","attribute":"index._confirm"},{"filler_type":"AnnotatedWrapperFiller","attribute":"status"},{"filler_type":"InterfaceFiller","attribute":"status"},{"filler_type":"AnnotatedWrapperFiller","attribute":"status._realtype"},{"filler_type":"RealtypeFiller","attribute":"status._realtype"}]}}
[Test worker] INFO io.opencui.core.DialogManager - session state after turn 2 : {"schedulers_count":1,"main":{"state":"INIT","fillers":[]}}
[Test worker] INFO io.opencui.core.DialogManager - session state before turn 3 : {"schedulers_count":1,"main":{"state":"INIT","fillers":[]}}
[Test worker] INFO io.opencui.core.DialogManager - session state after turn 3 : {"schedulers_count":1,"main":{"state":"POST_ASK","fillers":[{"filler_type":"AnnotatedWrapperFiller","attribute":"TestSepNoIntent"},{"filler_type":"FrameFiller","attribute":"TestSepNoIntent"},{"filler_type":"AnnotatedWrapperFiller","attribute":"s"},{"filler_type":"AnnotatedWrapperFiller","attribute":"s._rec"},{"filler_type":"FrameFiller","attribute":"s._rec"},{"filler_type":"AnnotatedWrapperFiller","attribute":"index"},{"filler_type":"AnnotatedWrapperFiller","attribute":"index._confirm"},{"filler_type":"FrameFiller","attribute":"index._confirm"},{"filler_type":"AnnotatedWrapperFiller","attribute":"status"},{"filler_type":"InterfaceFiller","attribute":"status"},{"filler_type":"AnnotatedWrapperFiller","attribute":"status._realtype"},{"filler_type":"RealtypeFiller","attribute":"status._realtype"}]}}
[Test worker] INFO io.opencui.core.DialogManager - session state before turn 4 : {"schedulers_count":1,"main":{"state":"POST_ASK","fillers":[{"filler_type":"AnnotatedWrapperFiller","attribute":"TestSepNoIntent"},{"filler_type":"FrameFiller","attribute":"TestSepNoIntent"},{"filler_type":"AnnotatedWrapperFiller","attribute":"s"},{"filler_type":"AnnotatedWrapperFiller","attribute":"s._rec"},{"filler_type":"FrameFiller","attribute":"s._rec"},{"filler_type":"AnnotatedWrapperFiller","attribute":"index"},{"filler_type":"AnnotatedWrapperFiller","attribute":"index._confirm"},{"filler_type":"FrameFiller","attribute":"index._confirm"},{"filler_type":"AnnotatedWrapperFiller","attribute":"status"},{"filler_type":"InterfaceFiller","attribute":"status"},{"filler_type":"AnnotatedWrapperFiller","attribute":"status._realtype"},{"filler_type":"RealtypeFiller","attribute":"status._realtype"}]}}
[Test worker] INFO io.opencui.core.DialogManager - session state after turn 4 : {"schedulers_count":1,"main":{"state":"POST_ASK","fillers":[{"filler_type":"AnnotatedWrapperFiller","attribute":"TestSepNoIntent"},{"filler_type":"FrameFiller","attribute":"TestSepNoIntent"},{"filler_type":"AnnotatedWrapperFiller","attribute":"ss"},{"filler_type":"MultiValueFiller","attribute":"ss"},{"filler_type":"AnnotatedWrapperFiller","attribute":"ss._hast"},{"filler_type":"FrameFiller","attribute":"ss._hast"},{"filler_type":"AnnotatedWrapperFiller","attribute":"status"},{"filler_type":"InterfaceFiller","attribute":"status"},{"filler_type":"AnnotatedWrapperFiller","attribute":"status._realtype"},{"filler_type":"AnnotatedWrapperFiller","attribute":"status._realtype._rec"},{"filler_type":"FrameFiller","attribute":"status._realtype._rec"},{"filler_type":"AnnotatedWrapperFiller","attribute":"index"},{"filler_type":"AnnotatedWrapperFiller","attribute":"index._confirm"},{"filler_type":"FrameFiller","attribute":"index._confirm"},{"filler_type":"AnnotatedWrapperFiller","attribute":"status"},{"filler_type":"InterfaceFiller","attribute":"status"},{"filler_type":"AnnotatedWrapperFiller","attribute":"status._realtype"},{"filler_type":"RealtypeFiller","attribute":"status._realtype"}]}}
[Test worker] INFO io.opencui.core.DialogManager - session state before turn 5 : {"schedulers_count":1,"main":{"state":"POST_ASK","fillers":[{"filler_type":"AnnotatedWrapperFiller","attribute":"TestSepNoIntent"},{"filler_type":"FrameFiller","attribute":"TestSepNoIntent"},{"filler_type":"AnnotatedWrapperFiller","attribute":"ss"},{"filler_type":"MultiValueFiller","attribute":"ss"},{"filler_type":"AnnotatedWrapperFiller","attribute":"ss._hast"},{"filler_type":"FrameFiller","attribute":"ss._hast"},{"filler_type":"AnnotatedWrapperFiller","attribute":"status"},{"filler_type":"InterfaceFiller","attribute":"status"},{"filler_type":"AnnotatedWrapperFiller","attribute":"status._realtype"},{"filler_type":"AnnotatedWrapperFiller","attribute":"status._realtype._rec"},{"filler_type":"FrameFiller","attribute":"status._realtype._rec"},{"filler_type":"AnnotatedWrapperFiller","attribute":"index"},{"filler_type":"AnnotatedWrapperFiller","attribute":"index._confirm"},{"filler_type":"FrameFiller","attribute":"index._confirm"},{"filler_type":"AnnotatedWrapperFiller","attribute":"status"},{"filler_type":"InterfaceFiller","attribute":"status"},{"filler_type":"AnnotatedWrapperFiller","attribute":"status._realtype"},{"filler_type":"RealtypeFiller","attribute":"status._realtype"}]}}
[Test worker] INFO io.opencui.core.DialogManager - session state after turn 5 : {"schedulers_count":1,"main":{"state":"POST_ASK","fillers":[{"filler_type":"AnnotatedWrapperFiller","attribute":"TestSepNoIntent"},{"filler_type":"FrameFiller","attribute":"TestSepNoIntent"},{"filler_type":"AnnotatedWrapperFiller","attribute":"ss"},{"filler_type":"MultiValueFiller","attribute":"ss"},{"filler_type":"AnnotatedWrapperFiller","attribute":"ss._hast"},{"filler_type":"FrameFiller","attribute":"ss._hast"},{"filler_type":"AnnotatedWrapperFiller","attribute":"status"},{"filler_type":"InterfaceFiller","attribute":"status"},{"filler_type":"AnnotatedWrapperFiller","attribute":"status._realtype"},{"filler_type":"AnnotatedWrapperFiller","attribute":"status._realtype._rec"},{"filler_type":"FrameFiller","attribute":"status._realtype._rec"},{"filler_type":"AnnotatedWrapperFiller","attribute":"index"},{"filler_type":"AnnotatedWrapperFiller","attribute":"index._confirm"},{"filler_type":"FrameFiller","attribute":"index._confirm"},{"filler_type":"AnnotatedWrapperFiller","attribute":"status"},{"filler_type":"InterfaceFiller","attribute":"status"},{"filler_type":"AnnotatedWrapperFiller","attribute":"status._realtype"},{"filler_type":"RealtypeFiller","attribute":"status._realtype"}]}}
[Test worker] INFO io.opencui.core.DialogManager - session state before turn 6 : {"schedulers_count":1,"main":{"state":"POST_ASK","fillers":[{"filler_type":"AnnotatedWrapperFiller","attribute":"TestSepNoIntent"},{"filler_type":"FrameFiller","attribute":"TestSepNoIntent"},{"filler_type":"AnnotatedWrapperFiller","attribute":"ss"},{"filler_type":"MultiValueFiller","attribute":"ss"},{"filler_type":"AnnotatedWrapperFiller","attribute":"ss._hast"},{"filler_type":"FrameFiller","attribute":"ss._hast"},{"filler_type":"AnnotatedWrapperFiller","attribute":"status"},{"filler_type":"InterfaceFiller","attribute":"status"},{"filler_type":"AnnotatedWrapperFiller","attribute":"status._realtype"},{"filler_type":"AnnotatedWrapperFiller","attribute":"status._realtype._rec"},{"filler_type":"FrameFiller","attribute":"status._realtype._rec"},{"filler_type":"AnnotatedWrapperFiller","attribute":"index"},{"filler_type":"AnnotatedWrapperFiller","attribute":"index._confirm"},{"filler_type":"FrameFiller","attribute":"index._confirm"},{"filler_type":"AnnotatedWrapperFiller","attribute":"status"},{"filler_type":"InterfaceFiller","attribute":"status"},{"filler_type":"AnnotatedWrapperFiller","attribute":"status._realtype"},{"filler_type":"RealtypeFiller","attribute":"status._realtype"}]}}
[Test worker] INFO io.opencui.core.DialogManager - session state after turn 6 : {"schedulers_count":1,"main":{"state":"INIT","fillers":[]}}
[Test worker] INFO io.opencui.core.Dispatcher - class io.opencui.du.DucklingRecognizer is configured twice, was http://172.11.51.61:8000/parse now http://172.11.51.61:8000/parse
[Test worker] INFO io.opencui.core.Dispatcher - class io.opencui.du.TfRestBertNLUModel is configured twice, was (172.11.51.61, 8501, null) now (172.11.51.61, 8501, null)
[Test worker] INFO io.opencui.core.Dispatcher - class io.opencui.sessionmanager.ChatbotLoader is configured twice, was InMemoryBotStore(cache=PerpetualCache(cache=agent:io.opencui:test:en:master|version:test)) now InMemoryBotStore(cache=PerpetualCache(cache=agent:io.opencui:test:en:master|version:test))
[Test worker] INFO io.opencui.sessionmanager.SessionManager - create session with bot version: master
[Test worker] INFO io.opencui.core.DialogManager - session state before turn 1 : {"schedulers_count":1,"main":{"state":"INIT","fillers":[]}}
[Test worker] INFO io.opencui.core.DialogManager - session state after turn 1 : {"schedulers_count":1,"main":{"state":"POST_ASK","fillers":[{"filler_type":"AnnotatedWrapperFiller","attribute":"SlotUpdateTestIntent"},{"filler_type":"FrameFiller","attribute":"SlotUpdateTestIntent"},{"filler_type":"AnnotatedWrapperFiller","attribute":"cityTo"},{"filler_type":"EntityFiller","attribute":"cityTo"}]}}
[Test worker] INFO io.opencui.core.DialogManager - session state before turn 2 : {"schedulers_count":1,"main":{"state":"POST_ASK","fillers":[{"filler_type":"AnnotatedWrapperFiller","attribute":"SlotUpdateTestIntent"},{"filler_type":"FrameFiller","attribute":"SlotUpdateTestIntent"},{"filler_type":"AnnotatedWrapperFiller","attribute":"cityTo"},{"filler_type":"EntityFiller","attribute":"cityTo"}]}}
[Test worker] INFO io.opencui.core.DialogManager - session state after turn 2 : {"schedulers_count":1,"main":{"state":"POST_ASK","fillers":[{"filler_type":"AnnotatedWrapperFiller","attribute":"SlotUpdateTestIntent"},{"filler_type":"FrameFiller","attribute":"SlotUpdateTestIntent"},{"filler_type":"AnnotatedWrapperFiller","attribute":"cityTo"},{"filler_type":"EntityFiller","attribute":"cityTo"}]}}
[Test worker] INFO io.opencui.core.DialogManager - session state before turn 3 : {"schedulers_count":1,"main":{"state":"POST_ASK","fillers":[{"filler_type":"AnnotatedWrapperFiller","attribute":"SlotUpdateTestIntent"},{"filler_type":"FrameFiller","attribute":"SlotUpdateTestIntent"},{"filler_type":"AnnotatedWrapperFiller","attribute":"cityTo"},{"filler_type":"EntityFiller","attribute":"cityTo"}]}}
[Test worker] INFO io.opencui.core.DialogManager - session state after turn 3 : {"schedulers_count":2,"main":{"state":"POST_ASK","fillers":[{"filler_type":"AnnotatedWrapperFiller","attribute":"SlotUpdateTestIntent"},{"filler_type":"FrameFiller","attribute":"SlotUpdateTestIntent"},{"filler_type":"AnnotatedWrapperFiller","attribute":"cityTo"},{"filler_type":"EntityFiller","attribute":"cityTo"}]}}
[Test worker] INFO io.opencui.core.DialogManager - session state before turn 4 : {"schedulers_count":2,"main":{"state":"POST_ASK","fillers":[{"filler_type":"AnnotatedWrapperFiller","attribute":"SlotUpdateTestIntent"},{"filler_type":"FrameFiller","attribute":"SlotUpdateTestIntent"},{"filler_type":"AnnotatedWrapperFiller","attribute":"cityTo"},{"filler_type":"EntityFiller","attribute":"cityTo"}]}}
[Test worker] INFO io.opencui.core.DialogManager - session state after turn 4 : {"schedulers_count":1,"main":{"state":"POST_ASK","fillers":[{"filler_type":"AnnotatedWrapperFiller","attribute":"SlotUpdateTestIntent"},{"filler_type":"FrameFiller","attribute":"SlotUpdateTestIntent"},{"filler_type":"AnnotatedWrapperFiller","attribute":"cityTo"},{"filler_type":"EntityFiller","attribute":"cityTo"}]}}
[Test worker] INFO io.opencui.core.DialogManager - session state before turn 5 : {"schedulers_count":1,"main":{"state":"POST_ASK","fillers":[{"filler_type":"AnnotatedWrapperFiller","attribute":"SlotUpdateTestIntent"},{"filler_type":"FrameFiller","attribute":"SlotUpdateTestIntent"},{"filler_type":"AnnotatedWrapperFiller","attribute":"cityTo"},{"filler_type":"EntityFiller","attribute":"cityTo"}]}}
[Test worker] INFO io.opencui.core.DialogManager - session state after turn 5 : {"schedulers_count":2,"main":{"state":"POST_ASK","fillers":[{"filler_type":"AnnotatedWrapperFiller","attribute":"SlotUpdateTestIntent"},{"filler_type":"FrameFiller","attribute":"SlotUpdateTestIntent"},{"filler_type":"AnnotatedWrapperFiller","attribute":"cityTo"},{"filler_type":"EntityFiller","attribute":"cityTo"}]}}
[Test worker] INFO io.opencui.core.DialogManager - session state before turn 6 : {"schedulers_count":2,"main":{"state":"POST_ASK","fillers":[{"filler_type":"AnnotatedWrapperFiller","attribute":"SlotUpdateTestIntent"},{"filler_type":"FrameFiller","attribute":"SlotUpdateTestIntent"},{"filler_type":"AnnotatedWrapperFiller","attribute":"cityTo"},{"filler_type":"EntityFiller","attribute":"cityTo"}]}}
[Test worker] INFO io.opencui.core.DialogManager - session state after turn 6 : {"schedulers_count":1,"main":{"state":"POST_ASK","fillers":[{"filler_type":"AnnotatedWrapperFiller","attribute":"SlotUpdateTestIntent"},{"filler_type":"FrameFiller","attribute":"SlotUpdateTestIntent"},{"filler_type":"AnnotatedWrapperFiller","attribute":"cityTo"},{"filler_type":"EntityFiller","attribute":"cityTo"}]}}
[Test worker] INFO io.opencui.core.DialogManager - session state before turn 7 : {"schedulers_count":1,"main":{"state":"POST_ASK","fillers":[{"filler_type":"AnnotatedWrapperFiller","attribute":"SlotUpdateTestIntent"},{"filler_type":"FrameFiller","attribute":"SlotUpdateTestIntent"},{"filler_type":"AnnotatedWrapperFiller","attribute":"cityTo"},{"filler_type":"EntityFiller","attribute":"cityTo"}]}}
[Test worker] INFO io.opencui.core.DialogManager - session state after turn 7 : {"schedulers_count":1,"main":{"state":"POST_ASK","fillers":[{"filler_type":"AnnotatedWrapperFiller","attribute":"SlotUpdateTestIntent"},{"filler_type":"FrameFiller","attribute":"SlotUpdateTestIntent"},{"filler_type":"AnnotatedWrapperFiller","attribute":"cityFrom"},{"filler_type":"AnnotatedWrapperFiller","attribute":"cityFrom._rec"},{"filler_type":"FrameFiller","attribute":"cityFrom._rec"},{"filler_type":"AnnotatedWrapperFiller","attribute":"index"},{"filler_type":"EntityFiller","attribute":"index"}]}}
[Test worker] INFO io.opencui.core.DialogManager - session state before turn 8 : {"schedulers_count":1,"main":{"state":"POST_ASK","fillers":[{"filler_type":"AnnotatedWrapperFiller","attribute":"SlotUpdateTestIntent"},{"filler_type":"FrameFiller","attribute":"SlotUpdateTestIntent"},{"filler_type":"AnnotatedWrapperFiller","attribute":"cityFrom"},{"filler_type":"AnnotatedWrapperFiller","attribute":"cityFrom._rec"},{"filler_type":"FrameFiller","attribute":"cityFrom._rec"},{"filler_type":"AnnotatedWrapperFiller","attribute":"index"},{"filler_type":"EntityFiller","attribute":"index"}]}}
[Test worker] INFO io.opencui.core.DialogManager - session state after turn 8 : {"schedulers_count":1,"main":{"state":"POST_ASK","fillers":[{"filler_type":"AnnotatedWrapperFiller","attribute":"SlotUpdateTestIntent"},{"filler_type":"FrameFiller","attribute":"SlotUpdateTestIntent"},{"filler_type":"AnnotatedWrapperFiller","attribute":"cityTo"},{"filler_type":"EntityFiller","attribute":"cityTo"}]}}
[Test worker] INFO io.opencui.core.DialogManager - session state before turn 9 : {"schedulers_count":1,"main":{"state":"POST_ASK","fillers":[{"filler_type":"AnnotatedWrapperFiller","attribute":"SlotUpdateTestIntent"},{"filler_type":"FrameFiller","attribute":"SlotUpdateTestIntent"},{"filler_type":"AnnotatedWrapperFiller","attribute":"cityTo"},{"filler_type":"EntityFiller","attribute":"cityTo"}]}}
[Test worker] INFO io.opencui.core.DialogManager - session state after turn 9 : {"schedulers_count":1,"main":{"state":"POST_ASK","fillers":[{"filler_type":"AnnotatedWrapperFiller","attribute":"SlotUpdateTestIntent"},{"filler_type":"FrameFiller","attribute":"SlotUpdateTestIntent"},{"filler_type":"AnnotatedWrapperFiller","attribute":"cityTo"},{"filler_type":"EntityFiller","attribute":"cityTo"}]}}
[Test worker] INFO io.opencui.core.DialogManager - session state before turn 10 : {"schedulers_count":1,"main":{"state":"POST_ASK","fillers":[{"filler_type":"AnnotatedWrapperFiller","attribute":"SlotUpdateTestIntent"},{"filler_type":"FrameFiller","attribute":"SlotUpdateTestIntent"},{"filler_type":"AnnotatedWrapperFiller","attribute":"cityTo"},{"filler_type":"EntityFiller","attribute":"cityTo"}]}}
[Test worker] INFO io.opencui.core.DialogManager - session state after turn 10 : {"schedulers_count":1,"main":{"state":"POST_ASK","fillers":[{"filler_type":"AnnotatedWrapperFiller","attribute":"SlotUpdateTestIntent"},{"filler_type":"FrameFiller","attribute":"SlotUpdateTestIntent"},{"filler_type":"AnnotatedWrapperFiller","attribute":"cityFrom"},{"filler_type":"AnnotatedWrapperFiller","attribute":"cityFrom._rec"},{"filler_type":"FrameFiller","attribute":"cityFrom._rec"},{"filler_type":"AnnotatedWrapperFiller","attribute":"index"},{"filler_type":"EntityFiller","attribute":"index"}]}}
[Test worker] INFO io.opencui.core.DialogManager - session state before turn 11 : {"schedulers_count":1,"main":{"state":"POST_ASK","fillers":[{"filler_type":"AnnotatedWrapperFiller","attribute":"SlotUpdateTestIntent"},{"filler_type":"FrameFiller","attribute":"SlotUpdateTestIntent"},{"filler_type":"AnnotatedWrapperFiller","attribute":"cityFrom"},{"filler_type":"AnnotatedWrapperFiller","attribute":"cityFrom._rec"},{"filler_type":"FrameFiller","attribute":"cityFrom._rec"},{"filler_type":"AnnotatedWrapperFiller","attribute":"index"},{"filler_type":"EntityFiller","attribute":"index"}]}}
[Test worker] INFO io.opencui.core.DialogManager - session state after turn 11 : {"schedulers_count":1,"main":{"state":"POST_ASK","fillers":[{"filler_type":"AnnotatedWrapperFiller","attribute":"SlotUpdateTestIntent"},{"filler_type":"FrameFiller","attribute":"SlotUpdateTestIntent"},{"filler_type":"AnnotatedWrapperFiller","attribute":"cityTo"},{"filler_type":"EntityFiller","attribute":"cityTo"}]}}
[Test worker] INFO io.opencui.core.DialogManager - session state before turn 12 : {"schedulers_count":1,"main":{"state":"POST_ASK","fillers":[{"filler_type":"AnnotatedWrapperFiller","attribute":"SlotUpdateTestIntent"},{"filler_type":"FrameFiller","attribute":"SlotUpdateTestIntent"},{"filler_type":"AnnotatedWrapperFiller","attribute":"cityTo"},{"filler_type":"EntityFiller","attribute":"cityTo"}]}}
[Test worker] INFO io.opencui.core.DialogManager - session state after turn 12 : {"schedulers_count":1,"main":{"state":"POST_ASK","fillers":[{"filler_type":"AnnotatedWrapperFiller","attribute":"SlotUpdateTestIntent"},{"filler_type":"FrameFiller","attribute":"SlotUpdateTestIntent"},{"filler_type":"AnnotatedWrapperFiller","attribute":"cityTo"},{"filler_type":"EntityFiller","attribute":"cityTo"}]}}
[Test worker] INFO io.opencui.core.DialogManager - session state before turn 13 : {"schedulers_count":1,"main":{"state":"POST_ASK","fillers":[{"filler_type":"AnnotatedWrapperFiller","attribute":"SlotUpdateTestIntent"},{"filler_type":"FrameFiller","attribute":"SlotUpdateTestIntent"},{"filler_type":"AnnotatedWrapperFiller","attribute":"cityTo"},{"filler_type":"EntityFiller","attribute":"cityTo"}]}}
[Test worker] INFO io.opencui.core.DialogManager - session state after turn 13 : {"schedulers_count":1,"main":{"state":"POST_ASK","fillers":[{"filler_type":"AnnotatedWrapperFiller","attribute":"SlotUpdateTestIntent"},{"filler_type":"FrameFiller","attribute":"SlotUpdateTestIntent"},{"filler_type":"AnnotatedWrapperFiller","attribute":"citiesFrom"},{"filler_type":"MultiValueFiller","attribute":"citiesFrom"},{"filler_type":"AnnotatedWrapperFiller","attribute":"citiesFrom._hast"},{"filler_type":"FrameFiller","attribute":"citiesFrom._hast"},{"filler_type":"AnnotatedWrapperFiller","attribute":"status"},{"filler_type":"InterfaceFiller","attribute":"status"},{"filler_type":"AnnotatedWrapperFiller","attribute":"status._realtype"},{"filler_type":"RealtypeFiller","attribute":"status._realtype"}]}}
[Test worker] INFO io.opencui.core.DialogManager - session state before turn 14 : {"schedulers_count":1,"main":{"state":"POST_ASK","fillers":[{"filler_type":"AnnotatedWrapperFiller","attribute":"SlotUpdateTestIntent"},{"filler_type":"FrameFiller","attribute":"SlotUpdateTestIntent"},{"filler_type":"AnnotatedWrapperFiller","attribute":"citiesFrom"},{"filler_type":"MultiValueFiller","attribute":"citiesFrom"},{"filler_type":"AnnotatedWrapperFiller","attribute":"citiesFrom._hast"},{"filler_type":"FrameFiller","attribute":"citiesFrom._hast"},{"filler_type":"AnnotatedWrapperFiller","attribute":"status"},{"filler_type":"InterfaceFiller","attribute":"status"},{"filler_type":"AnnotatedWrapperFiller","attribute":"status._realtype"},{"filler_type":"RealtypeFiller","attribute":"status._realtype"}]}}
[Test worker] INFO io.opencui.core.DialogManager - session state after turn 14 : {"schedulers_count":3,"main":{"state":"POST_ASK","fillers":[{"filler_type":"AnnotatedWrapperFiller","attribute":"SlotUpdateTestIntent"},{"filler_type":"FrameFiller","attribute":"SlotUpdateTestIntent"},{"filler_type":"AnnotatedWrapperFiller","attribute":"citiesFrom"},{"filler_type":"MultiValueFiller","attribute":"citiesFrom"},{"filler_type":"AnnotatedWrapperFiller","attribute":"citiesFrom._hast"},{"filler_type":"FrameFiller","attribute":"citiesFrom._hast"},{"filler_type":"AnnotatedWrapperFiller","attribute":"status"},{"filler_type":"InterfaceFiller","attribute":"status"},{"filler_type":"AnnotatedWrapperFiller","attribute":"status._realtype"},{"filler_type":"RealtypeFiller","attribute":"status._realtype"}]}}
[Test worker] INFO io.opencui.core.DialogManager - session state before turn 15 : {"schedulers_count":3,"main":{"state":"POST_ASK","fillers":[{"filler_type":"AnnotatedWrapperFiller","attribute":"SlotUpdateTestIntent"},{"filler_type":"FrameFiller","attribute":"SlotUpdateTestIntent"},{"filler_type":"AnnotatedWrapperFiller","attribute":"citiesFrom"},{"filler_type":"MultiValueFiller","attribute":"citiesFrom"},{"filler_type":"AnnotatedWrapperFiller","attribute":"citiesFrom._hast"},{"filler_type":"FrameFiller","attribute":"citiesFrom._hast"},{"filler_type":"AnnotatedWrapperFiller","attribute":"status"},{"filler_type":"InterfaceFiller","attribute":"status"},{"filler_type":"AnnotatedWrapperFiller","attribute":"status._realtype"},{"filler_type":"RealtypeFiller","attribute":"status._realtype"}]}}
[Test worker] INFO io.opencui.core.DialogManager - session state after turn 15 : {"schedulers_count":1,"main":{"state":"POST_ASK","fillers":[{"filler_type":"AnnotatedWrapperFiller","attribute":"SlotUpdateTestIntent"},{"filler_type":"FrameFiller","attribute":"SlotUpdateTestIntent"},{"filler_type":"AnnotatedWrapperFiller","attribute":"citiesFrom"},{"filler_type":"MultiValueFiller","attribute":"citiesFrom"},{"filler_type":"AnnotatedWrapperFiller","attribute":"citiesFrom._hast"},{"filler_type":"FrameFiller","attribute":"citiesFrom._hast"},{"filler_type":"AnnotatedWrapperFiller","attribute":"status"},{"filler_type":"InterfaceFiller","attribute":"status"},{"filler_type":"AnnotatedWrapperFiller","attribute":"status._realtype"},{"filler_type":"RealtypeFiller","attribute":"status._realtype"}]}}
[Test worker] INFO io.opencui.core.DialogManager - session state before turn 16 : {"schedulers_count":1,"main":{"state":"POST_ASK","fillers":[{"filler_type":"AnnotatedWrapperFiller","attribute":"SlotUpdateTestIntent"},{"filler_type":"FrameFiller","attribute":"SlotUpdateTestIntent"},{"filler_type":"AnnotatedWrapperFiller","attribute":"citiesFrom"},{"filler_type":"MultiValueFiller","attribute":"citiesFrom"},{"filler_type":"AnnotatedWrapperFiller","attribute":"citiesFrom._hast"},{"filler_type":"FrameFiller","attribute":"citiesFrom._hast"},{"filler_type":"AnnotatedWrapperFiller","attribute":"status"},{"filler_type":"InterfaceFiller","attribute":"status"},{"filler_type":"AnnotatedWrapperFiller","attribute":"status._realtype"},{"filler_type":"RealtypeFiller","attribute":"status._realtype"}]}}
[Test worker] INFO io.opencui.core.DialogManager - session state after turn 16 : {"schedulers_count":1,"main":{"state":"POST_ASK","fillers":[{"filler_type":"AnnotatedWrapperFiller","attribute":"SlotUpdateTestIntent"},{"filler_type":"FrameFiller","attribute":"SlotUpdateTestIntent"},{"filler_type":"AnnotatedWrapperFiller","attribute":"citiesTo"},{"filler_type":"MultiValueFiller","attribute":"citiesTo"},{"filler_type":"AnnotatedWrapperFiller","attribute":"citiesTo._hast"},{"filler_type":"FrameFiller","attribute":"citiesTo._hast"},{"filler_type":"AnnotatedWrapperFiller","attribute":"status"},{"filler_type":"InterfaceFiller","attribute":"status"},{"filler_type":"AnnotatedWrapperFiller","attribute":"status._realtype"},{"filler_type":"RealtypeFiller","attribute":"status._realtype"}]}}
[Test worker] INFO io.opencui.core.DialogManager - session state before turn 17 : {"schedulers_count":1,"main":{"state":"POST_ASK","fillers":[{"filler_type":"AnnotatedWrapperFiller","attribute":"SlotUpdateTestIntent"},{"filler_type":"FrameFiller","attribute":"SlotUpdateTestIntent"},{"filler_type":"AnnotatedWrapperFiller","attribute":"citiesTo"},{"filler_type":"MultiValueFiller","attribute":"citiesTo"},{"filler_type":"AnnotatedWrapperFiller","attribute":"citiesTo._hast"},{"filler_type":"FrameFiller","attribute":"citiesTo._hast"},{"filler_type":"AnnotatedWrapperFiller","attribute":"status"},{"filler_type":"InterfaceFiller","attribute":"status"},{"filler_type":"AnnotatedWrapperFiller","attribute":"status._realtype"},{"filler_type":"RealtypeFiller","attribute":"status._realtype"}]}}
[Test worker] INFO io.opencui.core.DialogManager - session state after turn 17 : {"schedulers_count":1,"main":{"state":"POST_ASK","fillers":[{"filler_type":"AnnotatedWrapperFiller","attribute":"SlotUpdateTestIntent"},{"filler_type":"FrameFiller","attribute":"SlotUpdateTestIntent"},{"filler_type":"AnnotatedWrapperFiller","attribute":"citiesTo"},{"filler_type":"MultiValueFiller","attribute":"citiesTo"},{"filler_type":"AnnotatedWrapperFiller","attribute":"citiesTo._hast"},{"filler_type":"FrameFiller","attribute":"citiesTo._hast"},{"filler_type":"AnnotatedWrapperFiller","attribute":"status"},{"filler_type":"InterfaceFiller","attribute":"status"},{"filler_type":"AnnotatedWrapperFiller","attribute":"status._realtype"},{"filler_type":"RealtypeFiller","attribute":"status._realtype"}]}}
[Test worker] INFO io.opencui.core.DialogManager - session state before turn 18 : {"schedulers_count":1,"main":{"state":"POST_ASK","fillers":[{"filler_type":"AnnotatedWrapperFiller","attribute":"SlotUpdateTestIntent"},{"filler_type":"FrameFiller","attribute":"SlotUpdateTestIntent"},{"filler_type":"AnnotatedWrapperFiller","attribute":"citiesTo"},{"filler_type":"MultiValueFiller","attribute":"citiesTo"},{"filler_type":"AnnotatedWrapperFiller","attribute":"citiesTo._hast"},{"filler_type":"FrameFiller","attribute":"citiesTo._hast"},{"filler_type":"AnnotatedWrapperFiller","attribute":"status"},{"filler_type":"InterfaceFiller","attribute":"status"},{"filler_type":"AnnotatedWrapperFiller","attribute":"status._realtype"},{"filler_type":"RealtypeFiller","attribute":"status._realtype"}]}}
[Test worker] INFO io.opencui.core.DialogManager - session state after turn 18 : {"schedulers_count":1,"main":{"state":"POST_ASK","fillers":[{"filler_type":"AnnotatedWrapperFiller","attribute":"SlotUpdateTestIntent"},{"filler_type":"FrameFiller","attribute":"SlotUpdateTestIntent"},{"filler_type":"AnnotatedWrapperFiller","attribute":"citiesTo"},{"filler_type":"MultiValueFiller","attribute":"citiesTo"},{"filler_type":"AnnotatedWrapperFiller","attribute":"citiesTo._hast"},{"filler_type":"FrameFiller","attribute":"citiesTo._hast"},{"filler_type":"AnnotatedWrapperFiller","attribute":"status"},{"filler_type":"InterfaceFiller","attribute":"status"},{"filler_type":"AnnotatedWrapperFiller","attribute":"status._realtype"},{"filler_type":"RealtypeFiller","attribute":"status._realtype"}]}}
[Test worker] INFO io.opencui.core.DialogManager - session state before turn 19 : {"schedulers_count":1,"main":{"state":"POST_ASK","fillers":[{"filler_type":"AnnotatedWrapperFiller","attribute":"SlotUpdateTestIntent"},{"filler_type":"FrameFiller","attribute":"SlotUpdateTestIntent"},{"filler_type":"AnnotatedWrapperFiller","attribute":"citiesTo"},{"filler_type":"MultiValueFiller","attribute":"citiesTo"},{"filler_type":"AnnotatedWrapperFiller","attribute":"citiesTo._hast"},{"filler_type":"FrameFiller","attribute":"citiesTo._hast"},{"filler_type":"AnnotatedWrapperFiller","attribute":"status"},{"filler_type":"InterfaceFiller","attribute":"status"},{"filler_type":"AnnotatedWrapperFiller","attribute":"status._realtype"},{"filler_type":"RealtypeFiller","attribute":"status._realtype"}]}}
[Test worker] INFO io.opencui.core.DialogManager - session state after turn 19 : {"schedulers_count":2,"main":{"state":"POST_ASK","fillers":[{"filler_type":"AnnotatedWrapperFiller","attribute":"SlotUpdateTestIntent"},{"filler_type":"FrameFiller","attribute":"SlotUpdateTestIntent"},{"filler_type":"AnnotatedWrapperFiller","attribute":"citiesTo"},{"filler_type":"MultiValueFiller","attribute":"citiesTo"},{"filler_type":"AnnotatedWrapperFiller","attribute":"citiesTo._hast"},{"filler_type":"FrameFiller","attribute":"citiesTo._hast"},{"filler_type":"AnnotatedWrapperFiller","attribute":"status"},{"filler_type":"InterfaceFiller","attribute":"status"},{"filler_type":"AnnotatedWrapperFiller","attribute":"status._realtype"},{"filler_type":"RealtypeFiller","attribute":"status._realtype"}]}}
[Test worker] INFO io.opencui.core.DialogManager - session state before turn 20 : {"schedulers_count":2,"main":{"state":"POST_ASK","fillers":[{"filler_type":"AnnotatedWrapperFiller","attribute":"SlotUpdateTestIntent"},{"filler_type":"FrameFiller","attribute":"SlotUpdateTestIntent"},{"filler_type":"AnnotatedWrapperFiller","attribute":"citiesTo"},{"filler_type":"MultiValueFiller","attribute":"citiesTo"},{"filler_type":"AnnotatedWrapperFiller","attribute":"citiesTo._hast"},{"filler_type":"FrameFiller","attribute":"citiesTo._hast"},{"filler_type":"AnnotatedWrapperFiller","attribute":"status"},{"filler_type":"InterfaceFiller","attribute":"status"},{"filler_type":"AnnotatedWrapperFiller","attribute":"status._realtype"},{"filler_type":"RealtypeFiller","attribute":"status._realtype"}]}}
[Test worker] INFO io.opencui.core.DialogManager - session state after turn 20 : {"schedulers_count":1,"main":{"state":"POST_ASK","fillers":[{"filler_type":"AnnotatedWrapperFiller","attribute":"SlotUpdateTestIntent"},{"filler_type":"FrameFiller","attribute":"SlotUpdateTestIntent"},{"filler_type":"AnnotatedWrapperFiller","attribute":"citiesTo"},{"filler_type":"MultiValueFiller","attribute":"citiesTo"},{"filler_type":"AnnotatedWrapperFiller","attribute":"citiesTo._hast"},{"filler_type":"FrameFiller","attribute":"citiesTo._hast"},{"filler_type":"AnnotatedWrapperFiller","attribute":"status"},{"filler_type":"InterfaceFiller","attribute":"status"},{"filler_type":"AnnotatedWrapperFiller","attribute":"status._realtype"},{"filler_type":"RealtypeFiller","attribute":"status._realtype"}]}}
[Test worker] INFO io.opencui.core.DialogManager - session state before turn 21 : {"schedulers_count":1,"main":{"state":"POST_ASK","fillers":[{"filler_type":"AnnotatedWrapperFiller","attribute":"SlotUpdateTestIntent"},{"filler_type":"FrameFiller","attribute":"SlotUpdateTestIntent"},{"filler_type":"AnnotatedWrapperFiller","attribute":"citiesTo"},{"filler_type":"MultiValueFiller","attribute":"citiesTo"},{"filler_type":"AnnotatedWrapperFiller","attribute":"citiesTo._hast"},{"filler_type":"FrameFiller","attribute":"citiesTo._hast"},{"filler_type":"AnnotatedWrapperFiller","attribute":"status"},{"filler_type":"InterfaceFiller","attribute":"status"},{"filler_type":"AnnotatedWrapperFiller","attribute":"status._realtype"},{"filler_type":"RealtypeFiller","attribute":"status._realtype"}]}}
[Test worker] INFO io.opencui.core.DialogManager - session state after turn 21 : {"schedulers_count":2,"main":{"state":"POST_ASK","fillers":[{"filler_type":"AnnotatedWrapperFiller","attribute":"SlotUpdateTestIntent"},{"filler_type":"FrameFiller","attribute":"SlotUpdateTestIntent"},{"filler_type":"AnnotatedWrapperFiller","attribute":"citiesTo"},{"filler_type":"MultiValueFiller","attribute":"citiesTo"},{"filler_type":"AnnotatedWrapperFiller","attribute":"citiesTo._hast"},{"filler_type":"FrameFiller","attribute":"citiesTo._hast"},{"filler_type":"AnnotatedWrapperFiller","attribute":"status"},{"filler_type":"InterfaceFiller","attribute":"status"},{"filler_type":"AnnotatedWrapperFiller","attribute":"status._realtype"},{"filler_type":"RealtypeFiller","attribute":"status._realtype"}]}}
[Test worker] INFO io.opencui.core.DialogManager - session state before turn 22 : {"schedulers_count":2,"main":{"state":"POST_ASK","fillers":[{"filler_type":"AnnotatedWrapperFiller","attribute":"SlotUpdateTestIntent"},{"filler_type":"FrameFiller","attribute":"SlotUpdateTestIntent"},{"filler_type":"AnnotatedWrapperFiller","attribute":"citiesTo"},{"filler_type":"MultiValueFiller","attribute":"citiesTo"},{"filler_type":"AnnotatedWrapperFiller","attribute":"citiesTo._hast"},{"filler_type":"FrameFiller","attribute":"citiesTo._hast"},{"filler_type":"AnnotatedWrapperFiller","attribute":"status"},{"filler_type":"InterfaceFiller","attribute":"status"},{"filler_type":"AnnotatedWrapperFiller","attribute":"status._realtype"},{"filler_type":"RealtypeFiller","attribute":"status._realtype"}]}}
[Test worker] INFO io.opencui.core.DialogManager - session state after turn 22 : {"schedulers_count":1,"main":{"state":"POST_ASK","fillers":[{"filler_type":"AnnotatedWrapperFiller","attribute":"SlotUpdateTestIntent"},{"filler_type":"FrameFiller","attribute":"SlotUpdateTestIntent"},{"filler_type":"AnnotatedWrapperFiller","attribute":"citiesTo"},{"filler_type":"MultiValueFiller","attribute":"citiesTo"},{"filler_type":"AnnotatedWrapperFiller","attribute":"citiesTo._hast"},{"filler_type":"FrameFiller","attribute":"citiesTo._hast"},{"filler_type":"AnnotatedWrapperFiller","attribute":"status"},{"filler_type":"InterfaceFiller","attribute":"status"},{"filler_type":"AnnotatedWrapperFiller","attribute":"status._realtype"},{"filler_type":"RealtypeFiller","attribute":"status._realtype"}]}}
[Test worker] INFO io.opencui.core.DialogManager - session state before turn 23 : {"schedulers_count":1,"main":{"state":"POST_ASK","fillers":[{"filler_type":"AnnotatedWrapperFiller","attribute":"SlotUpdateTestIntent"},{"filler_type":"FrameFiller","attribute":"SlotUpdateTestIntent"},{"filler_type":"AnnotatedWrapperFiller","attribute":"citiesTo"},{"filler_type":"MultiValueFiller","attribute":"citiesTo"},{"filler_type":"AnnotatedWrapperFiller","attribute":"citiesTo._hast"},{"filler_type":"FrameFiller","attribute":"citiesTo._hast"},{"filler_type":"AnnotatedWrapperFiller","attribute":"status"},{"filler_type":"InterfaceFiller","attribute":"status"},{"filler_type":"AnnotatedWrapperFiller","attribute":"status._realtype"},{"filler_type":"RealtypeFiller","attribute":"status._realtype"}]}}
[Test worker] INFO io.opencui.core.DialogManager - session state after turn 23 : {"schedulers_count":1,"main":{"state":"POST_ASK","fillers":[{"filler_type":"AnnotatedWrapperFiller","attribute":"SlotUpdateTestIntent"},{"filler_type":"FrameFiller","attribute":"SlotUpdateTestIntent"},{"filler_type":"AnnotatedWrapperFiller","attribute":"citiesTo"},{"filler_type":"MultiValueFiller","attribute":"citiesTo"},{"filler_type":"AnnotatedWrapperFiller","attribute":"citiesTo._hast"},{"filler_type":"FrameFiller","attribute":"citiesTo._hast"},{"filler_type":"AnnotatedWrapperFiller","attribute":"status"},{"filler_type":"InterfaceFiller","attribute":"status"},{"filler_type":"AnnotatedWrapperFiller","attribute":"status._realtype"},{"filler_type":"RealtypeFiller","attribute":"status._realtype"}]}}
[Test worker] INFO io.opencui.core.DialogManager - session state before turn 24 : {"schedulers_count":1,"main":{"state":"POST_ASK","fillers":[{"filler_type":"AnnotatedWrapperFiller","attribute":"SlotUpdateTestIntent"},{"filler_type":"FrameFiller","attribute":"SlotUpdateTestIntent"},{"filler_type":"AnnotatedWrapperFiller","attribute":"citiesTo"},{"filler_type":"MultiValueFiller","attribute":"citiesTo"},{"filler_type":"AnnotatedWrapperFiller","attribute":"citiesTo._hast"},{"filler_type":"FrameFiller","attribute":"citiesTo._hast"},{"filler_type":"AnnotatedWrapperFiller","attribute":"status"},{"filler_type":"InterfaceFiller","attribute":"status"},{"filler_type":"AnnotatedWrapperFiller","attribute":"status._realtype"},{"filler_type":"RealtypeFiller","attribute":"status._realtype"}]}}
[Test worker] INFO io.opencui.core.DialogManager - session state after turn 24 : {"schedulers_count":1,"main":{"state":"POST_ASK","fillers":[{"filler_type":"AnnotatedWrapperFiller","attribute":"SlotUpdateTestIntent"},{"filler_type":"FrameFiller","attribute":"SlotUpdateTestIntent"},{"filler_type":"AnnotatedWrapperFiller","attribute":"citiesFrom"},{"filler_type":"MultiValueFiller","attribute":"citiesFrom"},{"filler_type":"AnnotatedWrapperFiller","attribute":"citiesFrom._item"},{"filler_type":"EntityFiller","attribute":"citiesFrom"}]}}
[Test worker] INFO io.opencui.core.DialogManager - session state before turn 25 : {"schedulers_count":1,"main":{"state":"POST_ASK","fillers":[{"filler_type":"AnnotatedWrapperFiller","attribute":"SlotUpdateTestIntent"},{"filler_type":"FrameFiller","attribute":"SlotUpdateTestIntent"},{"filler_type":"AnnotatedWrapperFiller","attribute":"citiesFrom"},{"filler_type":"MultiValueFiller","attribute":"citiesFrom"},{"filler_type":"AnnotatedWrapperFiller","attribute":"citiesFrom._item"},{"filler_type":"EntityFiller","attribute":"citiesFrom"}]}}
[Test worker] INFO io.opencui.core.DialogManager - session state after turn 25 : {"schedulers_count":1,"main":{"state":"POST_ASK","fillers":[{"filler_type":"AnnotatedWrapperFiller","attribute":"SlotUpdateTestIntent"},{"filler_type":"FrameFiller","attribute":"SlotUpdateTestIntent"},{"filler_type":"AnnotatedWrapperFiller","attribute":"citiesTo"},{"filler_type":"MultiValueFiller","attribute":"citiesTo"},{"filler_type":"AnnotatedWrapperFiller","attribute":"citiesTo._hast"},{"filler_type":"FrameFiller","attribute":"citiesTo._hast"},{"filler_type":"AnnotatedWrapperFiller","attribute":"status"},{"filler_type":"InterfaceFiller","attribute":"status"},{"filler_type":"AnnotatedWrapperFiller","attribute":"status._realtype"},{"filler_type":"RealtypeFiller","attribute":"status._realtype"}]}}
[Test worker] INFO io.opencui.core.DialogManager - session state before turn 26 : {"schedulers_count":1,"main":{"state":"POST_ASK","fillers":[{"filler_type":"AnnotatedWrapperFiller","attribute":"SlotUpdateTestIntent"},{"filler_type":"FrameFiller","attribute":"SlotUpdateTestIntent"},{"filler_type":"AnnotatedWrapperFiller","attribute":"citiesTo"},{"filler_type":"MultiValueFiller","attribute":"citiesTo"},{"filler_type":"AnnotatedWrapperFiller","attribute":"citiesTo._hast"},{"filler_type":"FrameFiller","attribute":"citiesTo._hast"},{"filler_type":"AnnotatedWrapperFiller","attribute":"status"},{"filler_type":"InterfaceFiller","attribute":"status"},{"filler_type":"AnnotatedWrapperFiller","attribute":"status._realtype"},{"filler_type":"RealtypeFiller","attribute":"status._realtype"}]}}
[Test worker] INFO io.opencui.core.DialogManager - session state after turn 26 : {"schedulers_count":1,"main":{"state":"POST_ASK","fillers":[{"filler_type":"AnnotatedWrapperFiller","attribute":"SlotUpdateTestIntent"},{"filler_type":"FrameFiller","attribute":"SlotUpdateTestIntent"},{"filler_type":"AnnotatedWrapperFiller","attribute":"citiesTo"},{"filler_type":"MultiValueFiller","attribute":"citiesTo"},{"filler_type":"AnnotatedWrapperFiller","attribute":"citiesTo._hast"},{"filler_type":"FrameFiller","attribute":"citiesTo._hast"},{"filler_type":"AnnotatedWrapperFiller","attribute":"status"},{"filler_type":"InterfaceFiller","attribute":"status"},{"filler_type":"AnnotatedWrapperFiller","attribute":"status._realtype"},{"filler_type":"RealtypeFiller","attribute":"status._realtype"}]}}
[Test worker] INFO io.opencui.core.DialogManager - session state before turn 27 : {"schedulers_count":1,"main":{"state":"POST_ASK","fillers":[{"filler_type":"AnnotatedWrapperFiller","attribute":"SlotUpdateTestIntent"},{"filler_type":"FrameFiller","attribute":"SlotUpdateTestIntent"},{"filler_type":"AnnotatedWrapperFiller","attribute":"citiesTo"},{"filler_type":"MultiValueFiller","attribute":"citiesTo"},{"filler_type":"AnnotatedWrapperFiller","attribute":"citiesTo._hast"},{"filler_type":"FrameFiller","attribute":"citiesTo._hast"},{"filler_type":"AnnotatedWrapperFiller","attribute":"status"},{"filler_type":"InterfaceFiller","attribute":"status"},{"filler_type":"AnnotatedWrapperFiller","attribute":"status._realtype"},{"filler_type":"RealtypeFiller","attribute":"status._realtype"}]}}
[Test worker] INFO io.opencui.core.DialogManager - session state after turn 27 : {"schedulers_count":3,"main":{"state":"POST_ASK","fillers":[{"filler_type":"AnnotatedWrapperFiller","attribute":"SlotUpdateTestIntent"},{"filler_type":"FrameFiller","attribute":"SlotUpdateTestIntent"},{"filler_type":"AnnotatedWrapperFiller","attribute":"citiesTo"},{"filler_type":"MultiValueFiller","attribute":"citiesTo"},{"filler_type":"AnnotatedWrapperFiller","attribute":"citiesTo._hast"},{"filler_type":"FrameFiller","attribute":"citiesTo._hast"},{"filler_type":"AnnotatedWrapperFiller","attribute":"status"},{"filler_type":"InterfaceFiller","attribute":"status"},{"filler_type":"AnnotatedWrapperFiller","attribute":"status._realtype"},{"filler_type":"RealtypeFiller","attribute":"status._realtype"}]}}
[Test worker] INFO io.opencui.core.DialogManager - session state before turn 28 : {"schedulers_count":3,"main":{"state":"POST_ASK","fillers":[{"filler_type":"AnnotatedWrapperFiller","attribute":"SlotUpdateTestIntent"},{"filler_type":"FrameFiller","attribute":"SlotUpdateTestIntent"},{"filler_type":"AnnotatedWrapperFiller","attribute":"citiesTo"},{"filler_type":"MultiValueFiller","attribute":"citiesTo"},{"filler_type":"AnnotatedWrapperFiller","attribute":"citiesTo._hast"},{"filler_type":"FrameFiller","attribute":"citiesTo._hast"},{"filler_type":"AnnotatedWrapperFiller","attribute":"status"},{"filler_type":"InterfaceFiller","attribute":"status"},{"filler_type":"AnnotatedWrapperFiller","attribute":"status._realtype"},{"filler_type":"RealtypeFiller","attribute":"status._realtype"}]}}
[Test worker] INFO io.opencui.core.DialogManager - session state after turn 28 : {"schedulers_count":1,"main":{"state":"POST_ASK","fillers":[{"filler_type":"AnnotatedWrapperFiller","attribute":"SlotUpdateTestIntent"},{"filler_type":"FrameFiller","attribute":"SlotUpdateTestIntent"},{"filler_type":"AnnotatedWrapperFiller","attribute":"citiesTo"},{"filler_type":"MultiValueFiller","attribute":"citiesTo"},{"filler_type":"AnnotatedWrapperFiller","attribute":"citiesTo._hast"},{"filler_type":"FrameFiller","attribute":"citiesTo._hast"},{"filler_type":"AnnotatedWrapperFiller","attribute":"status"},{"filler_type":"InterfaceFiller","attribute":"status"},{"filler_type":"AnnotatedWrapperFiller","attribute":"status._realtype"},{"filler_type":"RealtypeFiller","attribute":"status._realtype"}]}}
[Test worker] INFO io.opencui.core.DialogManager - session state before turn 29 : {"schedulers_count":1,"main":{"state":"POST_ASK","fillers":[{"filler_type":"AnnotatedWrapperFiller","attribute":"SlotUpdateTestIntent"},{"filler_type":"FrameFiller","attribute":"SlotUpdateTestIntent"},{"filler_type":"AnnotatedWrapperFiller","attribute":"citiesTo"},{"filler_type":"MultiValueFiller","attribute":"citiesTo"},{"filler_type":"AnnotatedWrapperFiller","attribute":"citiesTo._hast"},{"filler_type":"FrameFiller","attribute":"citiesTo._hast"},{"filler_type":"AnnotatedWrapperFiller","attribute":"status"},{"filler_type":"InterfaceFiller","attribute":"status"},{"filler_type":"AnnotatedWrapperFiller","attribute":"status._realtype"},{"filler_type":"RealtypeFiller","attribute":"status._realtype"}]}}
[Test worker] INFO io.opencui.core.DialogManager - session state after turn 29 : {"schedulers_count":1,"main":{"state":"INIT","fillers":[]}}
[Test worker] INFO io.opencui.core.Dispatcher - class io.opencui.du.DucklingRecognizer is configured twice, was http://172.11.51.61:8000/parse now http://172.11.51.61:8000/parse
[Test worker] INFO io.opencui.core.Dispatcher - class io.opencui.du.TfRestBertNLUModel is configured twice, was (172.11.51.61, 8501, null) now (172.11.51.61, 8501, null)
[Test worker] INFO io.opencui.core.Dispatcher - class io.opencui.sessionmanager.ChatbotLoader is configured twice, was InMemoryBotStore(cache=PerpetualCache(cache=agent:io.opencui:test:en:master|version:test)) now InMemoryBotStore(cache=PerpetualCache(cache=agent:io.opencui:test:en:master|version:test))
[Test worker] INFO io.opencui.sessionmanager.SessionManager - create session with bot version: master
[Test worker] INFO io.opencui.core.DialogManager - session state before turn 1 : {"schedulers_count":1,"main":{"state":"INIT","fillers":[]}}
[Test worker] INFO io.opencui.core.DialogManager - session state after turn 1 : {"schedulers_count":1,"main":{"state":"POST_ASK","fillers":[{"filler_type":"AnnotatedWrapperFiller","attribute":"MoreBasics"},{"filler_type":"FrameFiller","attribute":"MoreBasics"},{"filler_type":"AnnotatedWrapperFiller","attribute":"conditional_slot"},{"filler_type":"EntityFiller","attribute":"conditional_slot"}]}}
[Test worker] INFO io.opencui.core.DialogManager - session state before turn 2 : {"schedulers_count":1,"main":{"state":"POST_ASK","fillers":[{"filler_type":"AnnotatedWrapperFiller","attribute":"MoreBasics"},{"filler_type":"FrameFiller","attribute":"MoreBasics"},{"filler_type":"AnnotatedWrapperFiller","attribute":"conditional_slot"},{"filler_type":"EntityFiller","attribute":"conditional_slot"}]}}
[Test worker] INFO io.opencui.core.DialogManager - session state after turn 2 : {"schedulers_count":1,"main":{"state":"INIT","fillers":[]}}
[Test worker] INFO io.opencui.core.Dispatcher - class io.opencui.du.DucklingRecognizer is configured twice, was http://172.11.51.61:8000/parse now http://172.11.51.61:8000/parse
[Test worker] INFO io.opencui.core.Dispatcher - class io.opencui.du.TfRestBertNLUModel is configured twice, was (172.11.51.61, 8501, null) now (172.11.51.61, 8501, null)
[Test worker] INFO io.opencui.core.Dispatcher - class io.opencui.sessionmanager.ChatbotLoader is configured twice, was InMemoryBotStore(cache=PerpetualCache(cache=agent:io.opencui:test:en:master|version:test)) now InMemoryBotStore(cache=PerpetualCache(cache=agent:io.opencui:test:en:master|version:test))
[Test worker] INFO io.opencui.sessionmanager.SessionManager - create session with bot version: master
[Test worker] INFO io.opencui.core.DialogManager - session state before turn 1 : {"schedulers_count":1,"main":{"state":"INIT","fillers":[]}}
[Test worker] INFO io.opencui.core.DialogManager - session state after turn 1 : {"schedulers_count":1,"main":{"state":"POST_ASK","fillers":[{"filler_type":"AnnotatedWrapperFiller","attribute":"ContextBasedRecIntent"},{"filler_type":"FrameFiller","attribute":"ContextBasedRecIntent"},{"filler_type":"AnnotatedWrapperFiller","attribute":"f"},{"filler_type":"AnnotatedWrapperFiller","attribute":"f._rec"},{"filler_type":"FrameFiller","attribute":"f._rec"},{"filler_type":"AnnotatedWrapperFiller","attribute":"index"},{"filler_type":"EntityFiller","attribute":"index"}]}}
[Test worker] INFO io.opencui.core.DialogManager - session state before turn 2 : {"schedulers_count":1,"main":{"state":"POST_ASK","fillers":[{"filler_type":"AnnotatedWrapperFiller","attribute":"ContextBasedRecIntent"},{"filler_type":"FrameFiller","attribute":"ContextBasedRecIntent"},{"filler_type":"AnnotatedWrapperFiller","attribute":"f"},{"filler_type":"AnnotatedWrapperFiller","attribute":"f._rec"},{"filler_type":"FrameFiller","attribute":"f._rec"},{"filler_type":"AnnotatedWrapperFiller","attribute":"index"},{"filler_type":"EntityFiller","attribute":"index"}]}}
[Test worker] INFO io.opencui.core.DialogManager - session state after turn 2 : {"schedulers_count":1,"main":{"state":"INIT","fillers":[]}}
[Test worker] INFO io.opencui.core.Dispatcher - class io.opencui.du.DucklingRecognizer is configured twice, was http://172.11.51.61:8000/parse now http://172.11.51.61:8000/parse
[Test worker] INFO io.opencui.core.Dispatcher - class io.opencui.du.TfRestBertNLUModel is configured twice, was (172.11.51.61, 8501, null) now (172.11.51.61, 8501, null)
[Test worker] INFO io.opencui.core.Dispatcher - class io.opencui.sessionmanager.ChatbotLoader is configured twice, was InMemoryBotStore(cache=PerpetualCache(cache=agent:io.opencui:test:en:master|version:test)) now InMemoryBotStore(cache=PerpetualCache(cache=agent:io.opencui:test:en:master|version:test))
[Test worker] INFO io.opencui.sessionmanager.SessionManager - create session with bot version: master
[Test worker] INFO io.opencui.core.DialogManager - session state before turn 1 : {"schedulers_count":1,"main":{"state":"INIT","fillers":[]}}
[Test worker] INFO io.opencui.core.DialogManager - session state after turn 1 : {"schedulers_count":1,"main":{"state":"POST_ASK","fillers":[{"filler_type":"AnnotatedWrapperFiller","attribute":"Main"},{"filler_type":"FrameFiller","attribute":"Main"},{"filler_type":"AnnotatedWrapperFiller","attribute":"skills"},{"filler_type":"MultiValueFiller","attribute":"skills"},{"filler_type":"AnnotatedWrapperFiller","attribute":"skills._hast"},{"filler_type":"FrameFiller","attribute":"skills._hast"},{"filler_type":"AnnotatedWrapperFiller","attribute":"status"},{"filler_type":"InterfaceFiller","attribute":"status"},{"filler_type":"AnnotatedWrapperFiller","attribute":"status._realtype"},{"filler_type":"AnnotatedWrapperFiller","attribute":"status._realtype._rec"},{"filler_type":"FrameFiller","attribute":"status._realtype._rec"},{"filler_type":"AnnotatedWrapperFiller","attribute":"index"},{"filler_type":"EntityFiller","attribute":"index"}]}}
[Test worker] INFO io.opencui.core.DialogManager - session state before turn 2 : {"schedulers_count":1,"main":{"state":"POST_ASK","fillers":[{"filler_type":"AnnotatedWrapperFiller","attribute":"Main"},{"filler_type":"FrameFiller","attribute":"Main"},{"filler_type":"AnnotatedWrapperFiller","attribute":"skills"},{"filler_type":"MultiValueFiller","attribute":"skills"},{"filler_type":"AnnotatedWrapperFiller","attribute":"skills._hast"},{"filler_type":"FrameFiller","attribute":"skills._hast"},{"filler_type":"AnnotatedWrapperFiller","attribute":"status"},{"filler_type":"InterfaceFiller","attribute":"status"},{"filler_type":"AnnotatedWrapperFiller","attribute":"status._realtype"},{"filler_type":"AnnotatedWrapperFiller","attribute":"status._realtype._rec"},{"filler_type":"FrameFiller","attribute":"status._realtype._rec"},{"filler_type":"AnnotatedWrapperFiller","attribute":"index"},{"filler_type":"EntityFiller","attribute":"index"}]}}
[Test worker] INFO io.opencui.core.DialogManager - session state after turn 2 : {"schedulers_count":1,"main":{"state":"POST_ASK","fillers":[{"filler_type":"AnnotatedWrapperFiller","attribute":"Main"},{"filler_type":"FrameFiller","attribute":"Main"},{"filler_type":"AnnotatedWrapperFiller","attribute":"skills"},{"filler_type":"MultiValueFiller","attribute":"skills"},{"filler_type":"AnnotatedWrapperFiller","attribute":"skills._item"},{"filler_type":"InterfaceFiller","attribute":"skills._item"},{"filler_type":"AnnotatedWrapperFiller","attribute":"skills._item._realfiller"},{"filler_type":"FrameFiller","attribute":"skills._item._realfiller"},{"filler_type":"AnnotatedWrapperFiller","attribute":"book_flight"},{"filler_type":"FrameFiller","attribute":"book_flight"},{"filler_type":"AnnotatedWrapperFiller","attribute":"origin"},{"filler_type":"EntityFiller","attribute":"origin"}]}}
[Test worker] INFO io.opencui.core.DialogManager - session state before turn 3 : {"schedulers_count":1,"main":{"state":"POST_ASK","fillers":[{"filler_type":"AnnotatedWrapperFiller","attribute":"Main"},{"filler_type":"FrameFiller","attribute":"Main"},{"filler_type":"AnnotatedWrapperFiller","attribute":"skills"},{"filler_type":"MultiValueFiller","attribute":"skills"},{"filler_type":"AnnotatedWrapperFiller","attribute":"skills._item"},{"filler_type":"InterfaceFiller","attribute":"skills._item"},{"filler_type":"AnnotatedWrapperFiller","attribute":"skills._item._realfiller"},{"filler_type":"FrameFiller","attribute":"skills._item._realfiller"},{"filler_type":"AnnotatedWrapperFiller","attribute":"book_flight"},{"filler_type":"FrameFiller","attribute":"book_flight"},{"filler_type":"AnnotatedWrapperFiller","attribute":"origin"},{"filler_type":"EntityFiller","attribute":"origin"}]}}
[Test worker] INFO io.opencui.core.DialogManager - session state after turn 3 : {"schedulers_count":1,"main":{"state":"POST_ASK","fillers":[{"filler_type":"AnnotatedWrapperFiller","attribute":"Main"},{"filler_type":"FrameFiller","attribute":"Main"},{"filler_type":"AnnotatedWrapperFiller","attribute":"skills"},{"filler_type":"MultiValueFiller","attribute":"skills"},{"filler_type":"AnnotatedWrapperFiller","attribute":"skills._hast"},{"filler_type":"FrameFiller","attribute":"skills._hast"},{"filler_type":"AnnotatedWrapperFiller","attribute":"status"},{"filler_type":"InterfaceFiller","attribute":"status"},{"filler_type":"AnnotatedWrapperFiller","attribute":"status._realtype"},{"filler_type":"AnnotatedWrapperFiller","attribute":"status._realtype._rec"},{"filler_type":"FrameFiller","attribute":"status._realtype._rec"},{"filler_type":"AnnotatedWrapperFiller","attribute":"index"},{"filler_type":"EntityFiller","attribute":"index"}]}}
[Test worker] INFO io.opencui.core.DialogManager - session state before turn 4 : {"schedulers_count":1,"main":{"state":"POST_ASK","fillers":[{"filler_type":"AnnotatedWrapperFiller","attribute":"Main"},{"filler_type":"FrameFiller","attribute":"Main"},{"filler_type":"AnnotatedWrapperFiller","attribute":"skills"},{"filler_type":"MultiValueFiller","attribute":"skills"},{"filler_type":"AnnotatedWrapperFiller","attribute":"skills._hast"},{"filler_type":"FrameFiller","attribute":"skills._hast"},{"filler_type":"AnnotatedWrapperFiller","attribute":"status"},{"filler_type":"InterfaceFiller","attribute":"status"},{"filler_type":"AnnotatedWrapperFiller","attribute":"status._realtype"},{"filler_type":"AnnotatedWrapperFiller","attribute":"status._realtype._rec"},{"filler_type":"FrameFiller","attribute":"status._realtype._rec"},{"filler_type":"AnnotatedWrapperFiller","attribute":"index"},{"filler_type":"EntityFiller","attribute":"index"}]}}
[Test worker] INFO io.opencui.core.DialogManager - session state after turn 4 : {"schedulers_count":1,"main":{"state":"POST_ASK","fillers":[{"filler_type":"AnnotatedWrapperFiller","attribute":"Main"},{"filler_type":"FrameFiller","attribute":"Main"},{"filler_type":"AnnotatedWrapperFiller","attribute":"skills"},{"filler_type":"MultiValueFiller","attribute":"skills"},{"filler_type":"AnnotatedWrapperFiller","attribute":"skills._item"},{"filler_type":"InterfaceFiller","attribute":"skills._item"},{"filler_type":"AnnotatedWrapperFiller","attribute":"skills._item._realfiller"},{"filler_type":"FrameFiller","attribute":"skills._item._realfiller"},{"filler_type":"AnnotatedWrapperFiller","attribute":"book_flight"},{"filler_type":"FrameFiller","attribute":"book_flight"},{"filler_type":"AnnotatedWrapperFiller","attribute":"origin"},{"filler_type":"EntityFiller","attribute":"origin"}]}}
[Test worker] INFO io.opencui.core.DialogManager - session state before turn 5 : {"schedulers_count":1,"main":{"state":"POST_ASK","fillers":[{"filler_type":"AnnotatedWrapperFiller","attribute":"Main"},{"filler_type":"FrameFiller","attribute":"Main"},{"filler_type":"AnnotatedWrapperFiller","attribute":"skills"},{"filler_type":"MultiValueFiller","attribute":"skills"},{"filler_type":"AnnotatedWrapperFiller","attribute":"skills._item"},{"filler_type":"InterfaceFiller","attribute":"skills._item"},{"filler_type":"AnnotatedWrapperFiller","attribute":"skills._item._realfiller"},{"filler_type":"FrameFiller","attribute":"skills._item._realfiller"},{"filler_type":"AnnotatedWrapperFiller","attribute":"book_flight"},{"filler_type":"FrameFiller","attribute":"book_flight"},{"filler_type":"AnnotatedWrapperFiller","attribute":"origin"},{"filler_type":"EntityFiller","attribute":"origin"}]}}
[Test worker] INFO io.opencui.core.DialogManager - session state after turn 5 : {"schedulers_count":1,"main":{"state":"INIT","fillers":[]}}
[Test worker] INFO io.opencui.core.Dispatcher - class io.opencui.du.DucklingRecognizer is configured twice, was http://172.11.51.61:8000/parse now http://172.11.51.61:8000/parse
[Test worker] INFO io.opencui.core.Dispatcher - class io.opencui.du.TfRestBertNLUModel is configured twice, was (172.11.51.61, 8501, null) now (172.11.51.61, 8501, null)
[Test worker] INFO io.opencui.core.Dispatcher - class io.opencui.sessionmanager.ChatbotLoader is configured twice, was InMemoryBotStore(cache=PerpetualCache(cache=agent:io.opencui:test:en:master|version:test)) now InMemoryBotStore(cache=PerpetualCache(cache=agent:io.opencui:test:en:master|version:test))
[Test worker] INFO io.opencui.sessionmanager.SessionManager - create session with bot version: master
[Test worker] INFO io.opencui.core.DialogManager - session state before turn 1 : {"schedulers_count":1,"main":{"state":"INIT","fillers":[]}}
[Test worker] INFO io.opencui.core.DialogManager - session state after turn 1 : {"schedulers_count":1,"main":{"state":"POST_ASK","fillers":[{"filler_type":"AnnotatedWrapperFiller","attribute":"AssociationTestIntent"},{"filler_type":"FrameFiller","attribute":"AssociationTestIntent"},{"filler_type":"AnnotatedWrapperFiller","attribute":"bbb"},{"filler_type":"EntityFiller","attribute":"bbb"}]}}
[Test worker] INFO io.opencui.core.DialogManager - session state before turn 2 : {"schedulers_count":1,"main":{"state":"POST_ASK","fillers":[{"filler_type":"AnnotatedWrapperFiller","attribute":"AssociationTestIntent"},{"filler_type":"FrameFiller","attribute":"AssociationTestIntent"},{"filler_type":"AnnotatedWrapperFiller","attribute":"bbb"},{"filler_type":"EntityFiller","attribute":"bbb"}]}}
[Test worker] INFO io.opencui.core.DialogManager - session state after turn 2 : {"schedulers_count":1,"main":{"state":"INIT","fillers":[]}}
[Test worker] INFO io.opencui.core.Dispatcher - class io.opencui.du.DucklingRecognizer is configured twice, was http://172.11.51.61:8000/parse now http://172.11.51.61:8000/parse
[Test worker] INFO io.opencui.core.Dispatcher - class io.opencui.du.TfRestBertNLUModel is configured twice, was (172.11.51.61, 8501, null) now (172.11.51.61, 8501, null)
[Test worker] INFO io.opencui.core.Dispatcher - class io.opencui.sessionmanager.ChatbotLoader is configured twice, was InMemoryBotStore(cache=PerpetualCache(cache=agent:io.opencui:test:en:master|version:test)) now InMemoryBotStore(cache=PerpetualCache(cache=agent:io.opencui:test:en:master|version:test))
[Test worker] INFO io.opencui.sessionmanager.SessionManager - create session with bot version: master
[Test worker] INFO io.opencui.core.DialogManager - session state before turn 1 : {"schedulers_count":1,"main":{"state":"INIT","fillers":[]}}
[Test worker] INFO io.opencui.core.DialogManager - session state after turn 1 : {"schedulers_count":1,"main":{"state":"POST_ASK","fillers":[{"filler_type":"AnnotatedWrapperFiller","attribute":"MultiValueValueCheck"},{"filler_type":"FrameFiller","attribute":"MultiValueValueCheck"},{"filler_type":"AnnotatedWrapperFiller","attribute":"payMethodList"},{"filler_type":"MultiValueFiller","attribute":"payMethodList"},{"filler_type":"AnnotatedWrapperFiller","attribute":"payMethodList._hast"},{"filler_type":"FrameFiller","attribute":"payMethodList._hast"},{"filler_type":"AnnotatedWrapperFiller","attribute":"status"},{"filler_type":"InterfaceFiller","attribute":"status"},{"filler_type":"AnnotatedWrapperFiller","attribute":"status._realtype"},{"filler_type":"RealtypeFiller","attribute":"status._realtype"}]}}
[Test worker] INFO io.opencui.core.DialogManager - session state before turn 2 : {"schedulers_count":1,"main":{"state":"POST_ASK","fillers":[{"filler_type":"AnnotatedWrapperFiller","attribute":"MultiValueValueCheck"},{"filler_type":"FrameFiller","attribute":"MultiValueValueCheck"},{"filler_type":"AnnotatedWrapperFiller","attribute":"payMethodList"},{"filler_type":"MultiValueFiller","attribute":"payMethodList"},{"filler_type":"AnnotatedWrapperFiller","attribute":"payMethodList._hast"},{"filler_type":"FrameFiller","attribute":"payMethodList._hast"},{"filler_type":"AnnotatedWrapperFiller","attribute":"status"},{"filler_type":"InterfaceFiller","attribute":"status"},{"filler_type":"AnnotatedWrapperFiller","attribute":"status._realtype"},{"filler_type":"RealtypeFiller","attribute":"status._realtype"}]}}
[Test worker] INFO io.opencui.core.DialogManager - session state after turn 2 : {"schedulers_count":1,"main":{"state":"POST_ASK","fillers":[{"filler_type":"AnnotatedWrapperFiller","attribute":"MultiValueValueCheck"},{"filler_type":"FrameFiller","attribute":"MultiValueValueCheck"},{"filler_type":"AnnotatedWrapperFiller","attribute":"payMethodList"},{"filler_type":"MultiValueFiller","attribute":"payMethodList"},{"filler_type":"AnnotatedWrapperFiller","attribute":"payMethodList._hast"},{"filler_type":"FrameFiller","attribute":"payMethodList._hast"},{"filler_type":"AnnotatedWrapperFiller","attribute":"status"},{"filler_type":"InterfaceFiller","attribute":"status"},{"filler_type":"AnnotatedWrapperFiller","attribute":"status._realtype"},{"filler_type":"RealtypeFiller","attribute":"status._realtype"}]}}
[Test worker] INFO io.opencui.core.DialogManager - session state before turn 3 : {"schedulers_count":1,"main":{"state":"POST_ASK","fillers":[{"filler_type":"AnnotatedWrapperFiller","attribute":"MultiValueValueCheck"},{"filler_type":"FrameFiller","attribute":"MultiValueValueCheck"},{"filler_type":"AnnotatedWrapperFiller","attribute":"payMethodList"},{"filler_type":"MultiValueFiller","attribute":"payMethodList"},{"filler_type":"AnnotatedWrapperFiller","attribute":"payMethodList._hast"},{"filler_type":"FrameFiller","attribute":"payMethodList._hast"},{"filler_type":"AnnotatedWrapperFiller","attribute":"status"},{"filler_type":"InterfaceFiller","attribute":"status"},{"filler_type":"AnnotatedWrapperFiller","attribute":"status._realtype"},{"filler_type":"RealtypeFiller","attribute":"status._realtype"}]}}
[Test worker] INFO io.opencui.core.DialogManager - session state after turn 3 : {"schedulers_count":1,"main":{"state":"POST_ASK","fillers":[{"filler_type":"AnnotatedWrapperFiller","attribute":"MultiValueValueCheck"},{"filler_type":"FrameFiller","attribute":"MultiValueValueCheck"},{"filler_type":"AnnotatedWrapperFiller","attribute":"payMethodList"},{"filler_type":"MultiValueFiller","attribute":"payMethodList"},{"filler_type":"AnnotatedWrapperFiller","attribute":"payMethodList._hast"},{"filler_type":"FrameFiller","attribute":"payMethodList._hast"},{"filler_type":"AnnotatedWrapperFiller","attribute":"status"},{"filler_type":"InterfaceFiller","attribute":"status"},{"filler_type":"AnnotatedWrapperFiller","attribute":"status._realtype"},{"filler_type":"RealtypeFiller","attribute":"status._realtype"}]}}
[Test worker] INFO io.opencui.core.DialogManager - session state before turn 4 : {"schedulers_count":1,"main":{"state":"POST_ASK","fillers":[{"filler_type":"AnnotatedWrapperFiller","attribute":"MultiValueValueCheck"},{"filler_type":"FrameFiller","attribute":"MultiValueValueCheck"},{"filler_type":"AnnotatedWrapperFiller","attribute":"payMethodList"},{"filler_type":"MultiValueFiller","attribute":"payMethodList"},{"filler_type":"AnnotatedWrapperFiller","attribute":"payMethodList._hast"},{"filler_type":"FrameFiller","attribute":"payMethodList._hast"},{"filler_type":"AnnotatedWrapperFiller","attribute":"status"},{"filler_type":"InterfaceFiller","attribute":"status"},{"filler_type":"AnnotatedWrapperFiller","attribute":"status._realtype"},{"filler_type":"RealtypeFiller","attribute":"status._realtype"}]}}
[Test worker] INFO io.opencui.core.DialogManager - session state after turn 4 : {"schedulers_count":1,"main":{"state":"POST_ASK","fillers":[{"filler_type":"AnnotatedWrapperFiller","attribute":"MultiValueValueCheck"},{"filler_type":"FrameFiller","attribute":"MultiValueValueCheck"},{"filler_type":"AnnotatedWrapperFiller","attribute":"payMethodList"},{"filler_type":"MultiValueFiller","attribute":"payMethodList"},{"filler_type":"AnnotatedWrapperFiller","attribute":"payMethodList._hast"},{"filler_type":"FrameFiller","attribute":"payMethodList._hast"},{"filler_type":"AnnotatedWrapperFiller","attribute":"status"},{"filler_type":"InterfaceFiller","attribute":"status"},{"filler_type":"AnnotatedWrapperFiller","attribute":"status._realtype"},{"filler_type":"RealtypeFiller","attribute":"status._realtype"}]}}
[Test worker] INFO io.opencui.core.DialogManager - session state before turn 5 : {"schedulers_count":1,"main":{"state":"POST_ASK","fillers":[{"filler_type":"AnnotatedWrapperFiller","attribute":"MultiValueValueCheck"},{"filler_type":"FrameFiller","attribute":"MultiValueValueCheck"},{"filler_type":"AnnotatedWrapperFiller","attribute":"payMethodList"},{"filler_type":"MultiValueFiller","attribute":"payMethodList"},{"filler_type":"AnnotatedWrapperFiller","attribute":"payMethodList._hast"},{"filler_type":"FrameFiller","attribute":"payMethodList._hast"},{"filler_type":"AnnotatedWrapperFiller","attribute":"status"},{"filler_type":"InterfaceFiller","attribute":"status"},{"filler_type":"AnnotatedWrapperFiller","attribute":"status._realtype"},{"filler_type":"RealtypeFiller","attribute":"status._realtype"}]}}
[Test worker] INFO io.opencui.core.DialogManager - session state after turn 5 : {"schedulers_count":1,"main":{"state":"INIT","fillers":[]}}
[Test worker] INFO io.opencui.core.Dispatcher - class io.opencui.du.DucklingRecognizer is configured twice, was http://172.11.51.61:8000/parse now http://172.11.51.61:8000/parse
[Test worker] INFO io.opencui.core.Dispatcher - class io.opencui.du.TfRestBertNLUModel is configured twice, was (172.11.51.61, 8501, null) now (172.11.51.61, 8501, null)
[Test worker] INFO io.opencui.core.Dispatcher - class io.opencui.sessionmanager.ChatbotLoader is configured twice, was InMemoryBotStore(cache=PerpetualCache(cache=agent:io.opencui:test:en:master|version:test)) now InMemoryBotStore(cache=PerpetualCache(cache=agent:io.opencui:test:en:master|version:test))
[Test worker] INFO io.opencui.sessionmanager.SessionManager - create session with bot version: master
[Test worker] INFO io.opencui.core.DialogManager - session state before turn 1 : {"schedulers_count":1,"main":{"state":"INIT","fillers":[]}}
[Test worker] INFO io.opencui.core.DialogManager - session state after turn 1 : {"schedulers_count":1,"main":{"state":"POST_ASK","fillers":[{"filler_type":"AnnotatedWrapperFiller","attribute":"IntentSuggestion"},{"filler_type":"FrameFiller","attribute":"IntentSuggestion"},{"filler_type":"AnnotatedWrapperFiller","attribute":"intentPackage"},{"filler_type":"AnnotatedWrapperFiller","attribute":"intentPackage._rec"},{"filler_type":"FrameFiller","attribute":"intentPackage._rec"},{"filler_type":"AnnotatedWrapperFiller","attribute":"index"},{"filler_type":"EntityFiller","attribute":"index"}]}}
[Test worker] INFO io.opencui.core.DialogManager - session state before turn 2 : {"schedulers_count":1,"main":{"state":"POST_ASK","fillers":[{"filler_type":"AnnotatedWrapperFiller","attribute":"IntentSuggestion"},{"filler_type":"FrameFiller","attribute":"IntentSuggestion"},{"filler_type":"AnnotatedWrapperFiller","attribute":"intentPackage"},{"filler_type":"AnnotatedWrapperFiller","attribute":"intentPackage._rec"},{"filler_type":"FrameFiller","attribute":"intentPackage._rec"},{"filler_type":"AnnotatedWrapperFiller","attribute":"index"},{"filler_type":"EntityFiller","attribute":"index"}]}}
[Test worker] INFO io.opencui.core.DialogManager - session state after turn 2 : {"schedulers_count":1,"main":{"state":"INIT","fillers":[]}}
[Test worker] INFO io.opencui.core.DialogManager - session state before turn 3 : {"schedulers_count":1,"main":{"state":"INIT","fillers":[]}}
[Test worker] INFO io.opencui.core.DialogManager - session state after turn 3 : {"schedulers_count":1,"main":{"state":"POST_ASK","fillers":[{"filler_type":"AnnotatedWrapperFiller","attribute":"IntentSuggestion"},{"filler_type":"FrameFiller","attribute":"IntentSuggestion"},{"filler_type":"AnnotatedWrapperFiller","attribute":"intentPackage"},{"filler_type":"AnnotatedWrapperFiller","attribute":"intentPackage._rec"},{"filler_type":"FrameFiller","attribute":"intentPackage._rec"},{"filler_type":"AnnotatedWrapperFiller","attribute":"index"},{"filler_type":"EntityFiller","attribute":"index"}]}}
[Test worker] INFO io.opencui.core.DialogManager - session state before turn 4 : {"schedulers_count":1,"main":{"state":"POST_ASK","fillers":[{"filler_type":"AnnotatedWrapperFiller","attribute":"IntentSuggestion"},{"filler_type":"FrameFiller","attribute":"IntentSuggestion"},{"filler_type":"AnnotatedWrapperFiller","attribute":"intentPackage"},{"filler_type":"AnnotatedWrapperFiller","attribute":"intentPackage._rec"},{"filler_type":"FrameFiller","attribute":"intentPackage._rec"},{"filler_type":"AnnotatedWrapperFiller","attribute":"index"},{"filler_type":"EntityFiller","attribute":"index"}]}}
[Test worker] INFO io.opencui.core.DialogManager - session state after turn 4 : {"schedulers_count":1,"main":{"state":"INIT","fillers":[]}}
[Test worker] INFO io.opencui.core.Dispatcher - class io.opencui.du.DucklingRecognizer is configured twice, was http://172.11.51.61:8000/parse now http://172.11.51.61:8000/parse
[Test worker] INFO io.opencui.core.Dispatcher - class io.opencui.du.TfRestBertNLUModel is configured twice, was (172.11.51.61, 8501, null) now (172.11.51.61, 8501, null)
[Test worker] INFO io.opencui.core.Dispatcher - class io.opencui.sessionmanager.ChatbotLoader is configured twice, was InMemoryBotStore(cache=PerpetualCache(cache=agent:io.opencui:test:en:master|version:test)) now InMemoryBotStore(cache=PerpetualCache(cache=agent:io.opencui:test:en:master|version:test))
[Test worker] INFO io.opencui.sessionmanager.SessionManager - create session with bot version: master
[Test worker] INFO io.opencui.core.DialogManager - session state before turn 1 : {"schedulers_count":1,"main":{"state":"INIT","fillers":[]}}
[Test worker] INFO io.opencui.core.DialogManager - session state after turn 1 : {"schedulers_count":1,"main":{"state":"POST_ASK","fillers":[{"filler_type":"AnnotatedWrapperFiller","attribute":"FreeActionConfirmationTestIntent"},{"filler_type":"FrameFiller","attribute":"FreeActionConfirmationTestIntent"},{"filler_type":"AnnotatedWrapperFiller","attribute":"s"},{"filler_type":"AnnotatedWrapperFiller","attribute":"s._confirm"},{"filler_type":"FrameFiller","attribute":"s._confirm"},{"filler_type":"AnnotatedWrapperFiller","attribute":"status"},{"filler_type":"InterfaceFiller","attribute":"status"},{"filler_type":"AnnotatedWrapperFiller","attribute":"status._realtype"},{"filler_type":"RealtypeFiller","attribute":"status._realtype"}]}}
[Test worker] INFO io.opencui.core.DialogManager - session state before turn 2 : {"schedulers_count":1,"main":{"state":"POST_ASK","fillers":[{"filler_type":"AnnotatedWrapperFiller","attribute":"FreeActionConfirmationTestIntent"},{"filler_type":"FrameFiller","attribute":"FreeActionConfirmationTestIntent"},{"filler_type":"AnnotatedWrapperFiller","attribute":"s"},{"filler_type":"AnnotatedWrapperFiller","attribute":"s._confirm"},{"filler_type":"FrameFiller","attribute":"s._confirm"},{"filler_type":"AnnotatedWrapperFiller","attribute":"status"},{"filler_type":"InterfaceFiller","attribute":"status"},{"filler_type":"AnnotatedWrapperFiller","attribute":"status._realtype"},{"filler_type":"RealtypeFiller","attribute":"status._realtype"}]}}
[Test worker] INFO io.opencui.core.DialogManager - session state after turn 2 : {"schedulers_count":1,"main":{"state":"POST_ASK","fillers":[{"filler_type":"AnnotatedWrapperFiller","attribute":"FreeActionConfirmationTestIntent"},{"filler_type":"FrameFiller","attribute":"FreeActionConfirmationTestIntent"},{"filler_type":"AnnotatedWrapperFiller","attribute":"s"},{"filler_type":"AnnotatedWrapperFiller","attribute":"s._confirm"},{"filler_type":"FrameFiller","attribute":"s._confirm"},{"filler_type":"AnnotatedWrapperFiller","attribute":"action"},{"filler_type":"InterfaceFiller","attribute":"action"},{"filler_type":"AnnotatedWrapperFiller","attribute":"action._realtype"},{"filler_type":"RealtypeFiller","attribute":"action._realtype"}]}}
[Test worker] INFO io.opencui.core.DialogManager - session state before turn 3 : {"schedulers_count":1,"main":{"state":"POST_ASK","fillers":[{"filler_type":"AnnotatedWrapperFiller","attribute":"FreeActionConfirmationTestIntent"},{"filler_type":"FrameFiller","attribute":"FreeActionConfirmationTestIntent"},{"filler_type":"AnnotatedWrapperFiller","attribute":"s"},{"filler_type":"AnnotatedWrapperFiller","attribute":"s._confirm"},{"filler_type":"FrameFiller","attribute":"s._confirm"},{"filler_type":"AnnotatedWrapperFiller","attribute":"action"},{"filler_type":"InterfaceFiller","attribute":"action"},{"filler_type":"AnnotatedWrapperFiller","attribute":"action._realtype"},{"filler_type":"RealtypeFiller","attribute":"action._realtype"}]}}
[Test worker] INFO io.opencui.core.DialogManager - session state after turn 3 : {"schedulers_count":1,"main":{"state":"POST_ASK","fillers":[{"filler_type":"AnnotatedWrapperFiller","attribute":"FreeActionConfirmationTestIntent"},{"filler_type":"FrameFiller","attribute":"FreeActionConfirmationTestIntent"},{"filler_type":"AnnotatedWrapperFiller","attribute":"s"},{"filler_type":"AnnotatedWrapperFiller","attribute":"s._confirm"},{"filler_type":"FrameFiller","attribute":"s._confirm"},{"filler_type":"AnnotatedWrapperFiller","attribute":"status"},{"filler_type":"InterfaceFiller","attribute":"status"},{"filler_type":"AnnotatedWrapperFiller","attribute":"status._realtype"},{"filler_type":"RealtypeFiller","attribute":"status._realtype"}]}}
[Test worker] INFO io.opencui.core.DialogManager - session state before turn 4 : {"schedulers_count":1,"main":{"state":"POST_ASK","fillers":[{"filler_type":"AnnotatedWrapperFiller","attribute":"FreeActionConfirmationTestIntent"},{"filler_type":"FrameFiller","attribute":"FreeActionConfirmationTestIntent"},{"filler_type":"AnnotatedWrapperFiller","attribute":"s"},{"filler_type":"AnnotatedWrapperFiller","attribute":"s._confirm"},{"filler_type":"FrameFiller","attribute":"s._confirm"},{"filler_type":"AnnotatedWrapperFiller","attribute":"status"},{"filler_type":"InterfaceFiller","attribute":"status"},{"filler_type":"AnnotatedWrapperFiller","attribute":"status._realtype"},{"filler_type":"RealtypeFiller","attribute":"status._realtype"}]}}
[Test worker] INFO io.opencui.core.DialogManager - session state after turn 4 : {"schedulers_count":1,"main":{"state":"INIT","fillers":[]}}
[Test worker] INFO io.opencui.core.Dispatcher - class io.opencui.du.DucklingRecognizer is configured twice, was http://172.11.51.61:8000/parse now http://172.11.51.61:8000/parse
[Test worker] INFO io.opencui.core.Dispatcher - class io.opencui.du.TfRestBertNLUModel is configured twice, was (172.11.51.61, 8501, null) now (172.11.51.61, 8501, null)
[Test worker] INFO io.opencui.core.Dispatcher - class io.opencui.sessionmanager.ChatbotLoader is configured twice, was InMemoryBotStore(cache=PerpetualCache(cache=agent:io.opencui:test:en:master|version:test)) now InMemoryBotStore(cache=PerpetualCache(cache=agent:io.opencui:test:en:master|version:test))
[Test worker] INFO io.opencui.sessionmanager.SessionManager - create session with bot version: master
[Test worker] INFO io.opencui.core.DialogManager - session state before turn 1 : {"schedulers_count":1,"main":{"state":"INIT","fillers":[]}}
[Test worker] INFO io.opencui.core.DialogManager - session state after turn 1 : {"schedulers_count":1,"main":{"state":"POST_ASK","fillers":[{"filler_type":"AnnotatedWrapperFiller","attribute":"MultiValueFrameRecIntent"},{"filler_type":"FrameFiller","attribute":"MultiValueFrameRecIntent"},{"filler_type":"AnnotatedWrapperFiller","attribute":"hotels"},{"filler_type":"MultiValueFiller","attribute":"hotels"},{"filler_type":"AnnotatedWrapperFiller","attribute":"hotels._hast"},{"filler_type":"FrameFiller","attribute":"hotels._hast"},{"filler_type":"AnnotatedWrapperFiller","attribute":"status"},{"filler_type":"InterfaceFiller","attribute":"status"},{"filler_type":"AnnotatedWrapperFiller","attribute":"status._realtype"},{"filler_type":"AnnotatedWrapperFiller","attribute":"status._realtype._rec"},{"filler_type":"FrameFiller","attribute":"status._realtype._rec"},{"filler_type":"AnnotatedWrapperFiller","attribute":"index"},{"filler_type":"EntityFiller","attribute":"index"}]}}
[Test worker] INFO io.opencui.core.DialogManager - session state before turn 2 : {"schedulers_count":1,"main":{"state":"POST_ASK","fillers":[{"filler_type":"AnnotatedWrapperFiller","attribute":"MultiValueFrameRecIntent"},{"filler_type":"FrameFiller","attribute":"MultiValueFrameRecIntent"},{"filler_type":"AnnotatedWrapperFiller","attribute":"hotels"},{"filler_type":"MultiValueFiller","attribute":"hotels"},{"filler_type":"AnnotatedWrapperFiller","attribute":"hotels._hast"},{"filler_type":"FrameFiller","attribute":"hotels._hast"},{"filler_type":"AnnotatedWrapperFiller","attribute":"status"},{"filler_type":"InterfaceFiller","attribute":"status"},{"filler_type":"AnnotatedWrapperFiller","attribute":"status._realtype"},{"filler_type":"AnnotatedWrapperFiller","attribute":"status._realtype._rec"},{"filler_type":"FrameFiller","attribute":"status._realtype._rec"},{"filler_type":"AnnotatedWrapperFiller","attribute":"index"},{"filler_type":"EntityFiller","attribute":"index"}]}}
[Test worker] INFO io.opencui.core.DialogManager - session state after turn 2 : {"schedulers_count":1,"main":{"state":"POST_ASK","fillers":[{"filler_type":"AnnotatedWrapperFiller","attribute":"MultiValueFrameRecIntent"},{"filler_type":"FrameFiller","attribute":"MultiValueFrameRecIntent"},{"filler_type":"AnnotatedWrapperFiller","attribute":"hotels"},{"filler_type":"MultiValueFiller","attribute":"hotels"},{"filler_type":"AnnotatedWrapperFiller","attribute":"hotels._hast"},{"filler_type":"FrameFiller","attribute":"hotels._hast"},{"filler_type":"AnnotatedWrapperFiller","attribute":"status"},{"filler_type":"InterfaceFiller","attribute":"status"},{"filler_type":"AnnotatedWrapperFiller","attribute":"status._realtype"},{"filler_type":"AnnotatedWrapperFiller","attribute":"status._realtype._rec"},{"filler_type":"FrameFiller","attribute":"status._realtype._rec"},{"filler_type":"AnnotatedWrapperFiller","attribute":"index"},{"filler_type":"EntityFiller","attribute":"index"}]}}
[Test worker] INFO io.opencui.core.DialogManager - session state before turn 3 : {"schedulers_count":1,"main":{"state":"POST_ASK","fillers":[{"filler_type":"AnnotatedWrapperFiller","attribute":"MultiValueFrameRecIntent"},{"filler_type":"FrameFiller","attribute":"MultiValueFrameRecIntent"},{"filler_type":"AnnotatedWrapperFiller","attribute":"hotels"},{"filler_type":"MultiValueFiller","attribute":"hotels"},{"filler_type":"AnnotatedWrapperFiller","attribute":"hotels._hast"},{"filler_type":"FrameFiller","attribute":"hotels._hast"},{"filler_type":"AnnotatedWrapperFiller","attribute":"status"},{"filler_type":"InterfaceFiller","attribute":"status"},{"filler_type":"AnnotatedWrapperFiller","attribute":"status._realtype"},{"filler_type":"AnnotatedWrapperFiller","attribute":"status._realtype._rec"},{"filler_type":"FrameFiller","attribute":"status._realtype._rec"},{"filler_type":"AnnotatedWrapperFiller","attribute":"index"},{"filler_type":"EntityFiller","attribute":"index"}]}}
[Test worker] INFO io.opencui.core.DialogManager - session state after turn 3 : {"schedulers_count":1,"main":{"state":"POST_ASK","fillers":[{"filler_type":"AnnotatedWrapperFiller","attribute":"MultiValueFrameRecIntent"},{"filler_type":"FrameFiller","attribute":"MultiValueFrameRecIntent"},{"filler_type":"AnnotatedWrapperFiller","attribute":"hotels"},{"filler_type":"MultiValueFiller","attribute":"hotels"},{"filler_type":"AnnotatedWrapperFiller","attribute":"hotels._hast"},{"filler_type":"FrameFiller","attribute":"hotels._hast"},{"filler_type":"AnnotatedWrapperFiller","attribute":"status"},{"filler_type":"InterfaceFiller","attribute":"status"},{"filler_type":"AnnotatedWrapperFiller","attribute":"status._realtype"},{"filler_type":"AnnotatedWrapperFiller","attribute":"status._realtype._rec"},{"filler_type":"FrameFiller","attribute":"status._realtype._rec"},{"filler_type":"AnnotatedWrapperFiller","attribute":"index"},{"filler_type":"EntityFiller","attribute":"index"}]}}
[Test worker] INFO io.opencui.core.DialogManager - session state before turn 4 : {"schedulers_count":1,"main":{"state":"POST_ASK","fillers":[{"filler_type":"AnnotatedWrapperFiller","attribute":"MultiValueFrameRecIntent"},{"filler_type":"FrameFiller","attribute":"MultiValueFrameRecIntent"},{"filler_type":"AnnotatedWrapperFiller","attribute":"hotels"},{"filler_type":"MultiValueFiller","attribute":"hotels"},{"filler_type":"AnnotatedWrapperFiller","attribute":"hotels._hast"},{"filler_type":"FrameFiller","attribute":"hotels._hast"},{"filler_type":"AnnotatedWrapperFiller","attribute":"status"},{"filler_type":"InterfaceFiller","attribute":"status"},{"filler_type":"AnnotatedWrapperFiller","attribute":"status._realtype"},{"filler_type":"AnnotatedWrapperFiller","attribute":"status._realtype._rec"},{"filler_type":"FrameFiller","attribute":"status._realtype._rec"},{"filler_type":"AnnotatedWrapperFiller","attribute":"index"},{"filler_type":"EntityFiller","attribute":"index"}]}}
[Test worker] INFO io.opencui.core.DialogManager - session state after turn 4 : {"schedulers_count":1,"main":{"state":"INIT","fillers":[]}}
[Test worker] INFO io.opencui.core.Dispatcher - class io.opencui.du.DucklingRecognizer is configured twice, was http://172.11.51.61:8000/parse now http://172.11.51.61:8000/parse
[Test worker] INFO io.opencui.core.Dispatcher - class io.opencui.du.TfRestBertNLUModel is configured twice, was (172.11.51.61, 8501, null) now (172.11.51.61, 8501, null)
[Test worker] INFO io.opencui.core.Dispatcher - class io.opencui.sessionmanager.ChatbotLoader is configured twice, was InMemoryBotStore(cache=PerpetualCache(cache=agent:io.opencui:test:en:master|version:test)) now InMemoryBotStore(cache=PerpetualCache(cache=agent:io.opencui:test:en:master|version:test))
[Test worker] INFO io.opencui.sessionmanager.SessionManager - create session with bot version: master
[Test worker] INFO io.opencui.core.DialogManager - session state before turn 1 : {"schedulers_count":1,"main":{"state":"INIT","fillers":[]}}
[Test worker] INFO io.opencui.core.DialogManager - session state after turn 1 : {"schedulers_count":1,"main":{"state":"POST_ASK","fillers":[{"filler_type":"AnnotatedWrapperFiller","attribute":"ValueRecInteractionIntent"},{"filler_type":"FrameFiller","attribute":"ValueRecInteractionIntent"},{"filler_type":"AnnotatedWrapperFiller","attribute":"targetFrame"},{"filler_type":"AnnotatedWrapperFiller","attribute":"targetFrame._rec"},{"filler_type":"FrameFiller","attribute":"targetFrame._rec"},{"filler_type":"AnnotatedWrapperFiller","attribute":"index"},{"filler_type":"EntityFiller","attribute":"index"}]}}
[Test worker] INFO io.opencui.core.DialogManager - session state before turn 2 : {"schedulers_count":1,"main":{"state":"POST_ASK","fillers":[{"filler_type":"AnnotatedWrapperFiller","attribute":"ValueRecInteractionIntent"},{"filler_type":"FrameFiller","attribute":"ValueRecInteractionIntent"},{"filler_type":"AnnotatedWrapperFiller","attribute":"targetFrame"},{"filler_type":"AnnotatedWrapperFiller","attribute":"targetFrame._rec"},{"filler_type":"FrameFiller","attribute":"targetFrame._rec"},{"filler_type":"AnnotatedWrapperFiller","attribute":"index"},{"filler_type":"EntityFiller","attribute":"index"}]}}
[Test worker] INFO io.opencui.core.DialogManager - session state after turn 2 : {"schedulers_count":1,"main":{"state":"INIT","fillers":[]}}
[Test worker] INFO io.opencui.core.Dispatcher - class io.opencui.du.DucklingRecognizer is configured twice, was http://172.11.51.61:8000/parse now http://172.11.51.61:8000/parse
[Test worker] INFO io.opencui.core.Dispatcher - class io.opencui.du.TfRestBertNLUModel is configured twice, was (172.11.51.61, 8501, null) now (172.11.51.61, 8501, null)
[Test worker] INFO io.opencui.core.Dispatcher - class io.opencui.sessionmanager.ChatbotLoader is configured twice, was InMemoryBotStore(cache=PerpetualCache(cache=agent:io.opencui:test:en:master|version:test)) now InMemoryBotStore(cache=PerpetualCache(cache=agent:io.opencui:test:en:master|version:test))
[Test worker] INFO io.opencui.sessionmanager.SessionManager - create session with bot version: master
[Test worker] INFO io.opencui.core.DialogManager - session state before turn 1 : {"schedulers_count":1,"main":{"state":"INIT","fillers":[]}}
[Test worker] INFO io.opencui.core.DialogManager - session state after turn 1 : {"schedulers_count":1,"main":{"state":"POST_ASK","fillers":[{"filler_type":"AnnotatedWrapperFiller","attribute":"SepTestIntentExplicit"},{"filler_type":"FrameFiller","attribute":"SepTestIntentExplicit"},{"filler_type":"AnnotatedWrapperFiller","attribute":"b"},{"filler_type":"AnnotatedWrapperFiller","attribute":"b._rec"},{"filler_type":"FrameFiller","attribute":"b._rec"},{"filler_type":"AnnotatedWrapperFiller","attribute":"index"},{"filler_type":"AnnotatedWrapperFiller","attribute":"index._confirm"},{"filler_type":"FrameFiller","attribute":"index._confirm"},{"filler_type":"AnnotatedWrapperFiller","attribute":"status"},{"filler_type":"InterfaceFiller","attribute":"status"},{"filler_type":"AnnotatedWrapperFiller","attribute":"status._realtype"},{"filler_type":"RealtypeFiller","attribute":"status._realtype"}]}}
[Test worker] INFO io.opencui.core.DialogManager - session state before turn 2 : {"schedulers_count":1,"main":{"state":"POST_ASK","fillers":[{"filler_type":"AnnotatedWrapperFiller","attribute":"SepTestIntentExplicit"},{"filler_type":"FrameFiller","attribute":"SepTestIntentExplicit"},{"filler_type":"AnnotatedWrapperFiller","attribute":"b"},{"filler_type":"AnnotatedWrapperFiller","attribute":"b._rec"},{"filler_type":"FrameFiller","attribute":"b._rec"},{"filler_type":"AnnotatedWrapperFiller","attribute":"index"},{"filler_type":"AnnotatedWrapperFiller","attribute":"index._confirm"},{"filler_type":"FrameFiller","attribute":"index._confirm"},{"filler_type":"AnnotatedWrapperFiller","attribute":"status"},{"filler_type":"InterfaceFiller","attribute":"status"},{"filler_type":"AnnotatedWrapperFiller","attribute":"status._realtype"},{"filler_type":"RealtypeFiller","attribute":"status._realtype"}]}}
[Test worker] INFO io.opencui.core.DialogManager - session state after turn 2 : {"schedulers_count":1,"main":{"state":"POST_ASK","fillers":[{"filler_type":"AnnotatedWrapperFiller","attribute":"SepTestIntentExplicit"},{"filler_type":"FrameFiller","attribute":"SepTestIntentExplicit"},{"filler_type":"AnnotatedWrapperFiller","attribute":"b"},{"filler_type":"AnnotatedWrapperFiller","attribute":"b._confirm"},{"filler_type":"FrameFiller","attribute":"b._confirm"},{"filler_type":"AnnotatedWrapperFiller","attribute":"status"},{"filler_type":"InterfaceFiller","attribute":"status"},{"filler_type":"AnnotatedWrapperFiller","attribute":"status._realtype"},{"filler_type":"RealtypeFiller","attribute":"status._realtype"}]}}
[Test worker] INFO io.opencui.core.DialogManager - session state before turn 3 : {"schedulers_count":1,"main":{"state":"POST_ASK","fillers":[{"filler_type":"AnnotatedWrapperFiller","attribute":"SepTestIntentExplicit"},{"filler_type":"FrameFiller","attribute":"SepTestIntentExplicit"},{"filler_type":"AnnotatedWrapperFiller","attribute":"b"},{"filler_type":"AnnotatedWrapperFiller","attribute":"b._confirm"},{"filler_type":"FrameFiller","attribute":"b._confirm"},{"filler_type":"AnnotatedWrapperFiller","attribute":"status"},{"filler_type":"InterfaceFiller","attribute":"status"},{"filler_type":"AnnotatedWrapperFiller","attribute":"status._realtype"},{"filler_type":"RealtypeFiller","attribute":"status._realtype"}]}}
[Test worker] INFO io.opencui.core.DialogManager - session state after turn 3 : {"schedulers_count":1,"main":{"state":"INIT","fillers":[]}}
[Test worker] INFO io.opencui.core.Dispatcher - class io.opencui.du.DucklingRecognizer is configured twice, was http://172.11.51.61:8000/parse now http://172.11.51.61:8000/parse
[Test worker] INFO io.opencui.core.Dispatcher - class io.opencui.du.TfRestBertNLUModel is configured twice, was (172.11.51.61, 8501, null) now (172.11.51.61, 8501, null)
[Test worker] INFO io.opencui.core.Dispatcher - class io.opencui.sessionmanager.ChatbotLoader is configured twice, was InMemoryBotStore(cache=PerpetualCache(cache=agent:io.opencui:test:en:master|version:test)) now InMemoryBotStore(cache=PerpetualCache(cache=agent:io.opencui:test:en:master|version:test))
[Test worker] INFO io.opencui.sessionmanager.SessionManager - create session with bot version: master
[Test worker] INFO io.opencui.core.DialogManager - session state before turn 1 : {"schedulers_count":1,"main":{"state":"INIT","fillers":[]}}
[Test worker] INFO io.opencui.core.DialogManager - session state after turn 1 : {"schedulers_count":1,"main":{"state":"POST_ASK","fillers":[{"filler_type":"AnnotatedWrapperFiller","attribute":"ValueRecommendationTest"},{"filler_type":"FrameFiller","attribute":"ValueRecommendationTest"},{"filler_type":"AnnotatedWrapperFiller","attribute":"s"},{"filler_type":"AnnotatedWrapperFiller","attribute":"s._rec"},{"filler_type":"FrameFiller","attribute":"s._rec"},{"filler_type":"AnnotatedWrapperFiller","attribute":"suggestionIntent"},{"filler_type":"FrameFiller","attribute":"suggestionIntent"},{"filler_type":"AnnotatedWrapperFiller","attribute":"b"},{"filler_type":"AnnotatedWrapperFiller","attribute":"b._rec"},{"filler_type":"FrameFiller","attribute":"b._rec"},{"filler_type":"AnnotatedWrapperFiller","attribute":"index"},{"filler_type":"EntityFiller","attribute":"index"}]}}
[Test worker] INFO io.opencui.core.DialogManager - session state before turn 3 : {"schedulers_count":1,"main":{"state":"POST_ASK","fillers":[{"filler_type":"AnnotatedWrapperFiller","attribute":"ValueRecommendationTest"},{"filler_type":"FrameFiller","attribute":"ValueRecommendationTest"},{"filler_type":"AnnotatedWrapperFiller","attribute":"s"},{"filler_type":"AnnotatedWrapperFiller","attribute":"s._rec"},{"filler_type":"FrameFiller","attribute":"s._rec"},{"filler_type":"AnnotatedWrapperFiller","attribute":"suggestionIntent"},{"filler_type":"FrameFiller","attribute":"suggestionIntent"},{"filler_type":"AnnotatedWrapperFiller","attribute":"b"},{"filler_type":"AnnotatedWrapperFiller","attribute":"b._rec"},{"filler_type":"FrameFiller","attribute":"b._rec"},{"filler_type":"AnnotatedWrapperFiller","attribute":"index"},{"filler_type":"EntityFiller","attribute":"index"}]}}
[Test worker] INFO io.opencui.core.DialogManager - session state after turn 3 : {"schedulers_count":1,"main":{"state":"POST_ASK","fillers":[{"filler_type":"AnnotatedWrapperFiller","attribute":"ValueRecommendationTest"},{"filler_type":"FrameFiller","attribute":"ValueRecommendationTest"},{"filler_type":"AnnotatedWrapperFiller","attribute":"s"},{"filler_type":"AnnotatedWrapperFiller","attribute":"s._rec"},{"filler_type":"FrameFiller","attribute":"s._rec"},{"filler_type":"AnnotatedWrapperFiller","attribute":"index"},{"filler_type":"EntityFiller","attribute":"index"}]}}
[Test worker] INFO io.opencui.core.DialogManager - session state before turn 4 : {"schedulers_count":1,"main":{"state":"POST_ASK","fillers":[{"filler_type":"AnnotatedWrapperFiller","attribute":"ValueRecommendationTest"},{"filler_type":"FrameFiller","attribute":"ValueRecommendationTest"},{"filler_type":"AnnotatedWrapperFiller","attribute":"s"},{"filler_type":"AnnotatedWrapperFiller","attribute":"s._rec"},{"filler_type":"FrameFiller","attribute":"s._rec"},{"filler_type":"AnnotatedWrapperFiller","attribute":"index"},{"filler_type":"EntityFiller","attribute":"index"}]}}
[Test worker] INFO io.opencui.core.DialogManager - session state after turn 4 : {"schedulers_count":1,"main":{"state":"INIT","fillers":[]}}
[Test worker] INFO io.opencui.core.Dispatcher - class io.opencui.du.DucklingRecognizer is configured twice, was http://172.11.51.61:8000/parse now http://172.11.51.61:8000/parse
[Test worker] INFO io.opencui.core.Dispatcher - class io.opencui.du.TfRestBertNLUModel is configured twice, was (172.11.51.61, 8501, null) now (172.11.51.61, 8501, null)
[Test worker] INFO io.opencui.core.Dispatcher - class io.opencui.sessionmanager.ChatbotLoader is configured twice, was InMemoryBotStore(cache=PerpetualCache(cache=agent:io.opencui:test:en:master|version:test)) now InMemoryBotStore(cache=PerpetualCache(cache=agent:io.opencui:test:en:master|version:test))
[Test worker] INFO io.opencui.sessionmanager.SessionManager - create session with bot version: master
[Test worker] INFO io.opencui.core.DialogManager - session state before turn 1 : {"schedulers_count":1,"main":{"state":"INIT","fillers":[]}}
[Test worker] INFO io.opencui.core.DialogManager - session state after turn 1 : {"schedulers_count":1,"main":{"state":"POST_ASK","fillers":[{"filler_type":"AnnotatedWrapperFiller","attribute":"InternalNodeIntent"},{"filler_type":"FrameFiller","attribute":"InternalNodeIntent"},{"filler_type":"AnnotatedWrapperFiller","attribute":"skill"},{"filler_type":"AnnotatedWrapperFiller","attribute":"skill._rec"},{"filler_type":"FrameFiller","attribute":"skill._rec"},{"filler_type":"AnnotatedWrapperFiller","attribute":"index"},{"filler_type":"EntityFiller","attribute":"index"}]}}
[Test worker] INFO io.opencui.core.DialogManager - session state before turn 2 : {"schedulers_count":1,"main":{"state":"POST_ASK","fillers":[{"filler_type":"AnnotatedWrapperFiller","attribute":"InternalNodeIntent"},{"filler_type":"FrameFiller","attribute":"InternalNodeIntent"},{"filler_type":"AnnotatedWrapperFiller","attribute":"skill"},{"filler_type":"AnnotatedWrapperFiller","attribute":"skill._rec"},{"filler_type":"FrameFiller","attribute":"skill._rec"},{"filler_type":"AnnotatedWrapperFiller","attribute":"index"},{"filler_type":"EntityFiller","attribute":"index"}]}}
[Test worker] INFO io.opencui.core.DialogManager - session state after turn 2 : {"schedulers_count":1,"main":{"state":"POST_ASK","fillers":[{"filler_type":"AnnotatedWrapperFiller","attribute":"InternalNodeIntent"},{"filler_type":"FrameFiller","attribute":"InternalNodeIntent"},{"filler_type":"AnnotatedWrapperFiller","attribute":"skill"},{"filler_type":"InterfaceFiller","attribute":"skill"},{"filler_type":"AnnotatedWrapperFiller","attribute":"skill._realfiller"},{"filler_type":"FrameFiller","attribute":"skill._realfiller"},{"filler_type":"AnnotatedWrapperFiller","attribute":"skill"},{"filler_type":"AnnotatedWrapperFiller","attribute":"skill._rec"},{"filler_type":"FrameFiller","attribute":"skill._rec"},{"filler_type":"AnnotatedWrapperFiller","attribute":"index"},{"filler_type":"EntityFiller","attribute":"index"}]}}
[Test worker] INFO io.opencui.core.DialogManager - session state before turn 3 : {"schedulers_count":1,"main":{"state":"POST_ASK","fillers":[{"filler_type":"AnnotatedWrapperFiller","attribute":"InternalNodeIntent"},{"filler_type":"FrameFiller","attribute":"InternalNodeIntent"},{"filler_type":"AnnotatedWrapperFiller","attribute":"skill"},{"filler_type":"InterfaceFiller","attribute":"skill"},{"filler_type":"AnnotatedWrapperFiller","attribute":"skill._realfiller"},{"filler_type":"FrameFiller","attribute":"skill._realfiller"},{"filler_type":"AnnotatedWrapperFiller","attribute":"skill"},{"filler_type":"AnnotatedWrapperFiller","attribute":"skill._rec"},{"filler_type":"FrameFiller","attribute":"skill._rec"},{"filler_type":"AnnotatedWrapperFiller","attribute":"index"},{"filler_type":"EntityFiller","attribute":"index"}]}}
[Test worker] INFO io.opencui.core.DialogManager - session state after turn 3 : {"schedulers_count":1,"main":{"state":"INIT","fillers":[]}}
[Test worker] INFO io.opencui.core.Dispatcher - class io.opencui.du.DucklingRecognizer is configured twice, was http://172.11.51.61:8000/parse now http://172.11.51.61:8000/parse
[Test worker] INFO io.opencui.core.Dispatcher - class io.opencui.du.TfRestBertNLUModel is configured twice, was (172.11.51.61, 8501, null) now (172.11.51.61, 8501, null)
[Test worker] INFO io.opencui.core.Dispatcher - class io.opencui.sessionmanager.ChatbotLoader is configured twice, was InMemoryBotStore(cache=PerpetualCache(cache=agent:io.opencui:test:en:master|version:test)) now InMemoryBotStore(cache=PerpetualCache(cache=agent:io.opencui:test:en:master|version:test))
[Test worker] INFO io.opencui.sessionmanager.SessionManager - create session with bot version: master
[Test worker] INFO io.opencui.core.DialogManager - session state before turn 1 : {"schedulers_count":1,"main":{"state":"INIT","fillers":[]}}
[Test worker] INFO io.opencui.core.DialogManager - session state after turn 1 : {"schedulers_count":1,"main":{"state":"POST_ASK","fillers":[{"filler_type":"AnnotatedWrapperFiller","attribute":"MultiValueEntityRecIntent"},{"filler_type":"FrameFiller","attribute":"MultiValueEntityRecIntent"},{"filler_type":"AnnotatedWrapperFiller","attribute":"payMethodList"},{"filler_type":"MultiValueFiller","attribute":"payMethodList"},{"filler_type":"AnnotatedWrapperFiller","attribute":"payMethodList._hast"},{"filler_type":"FrameFiller","attribute":"payMethodList._hast"},{"filler_type":"AnnotatedWrapperFiller","attribute":"status"},{"filler_type":"InterfaceFiller","attribute":"status"},{"filler_type":"AnnotatedWrapperFiller","attribute":"status._realtype"},{"filler_type":"AnnotatedWrapperFiller","attribute":"status._realtype._rec"},{"filler_type":"FrameFiller","attribute":"status._realtype._rec"},{"filler_type":"AnnotatedWrapperFiller","attribute":"index"},{"filler_type":"EntityFiller","attribute":"index"}]}}
[Test worker] INFO io.opencui.core.DialogManager - session state before turn 2 : {"schedulers_count":1,"main":{"state":"POST_ASK","fillers":[{"filler_type":"AnnotatedWrapperFiller","attribute":"MultiValueEntityRecIntent"},{"filler_type":"FrameFiller","attribute":"MultiValueEntityRecIntent"},{"filler_type":"AnnotatedWrapperFiller","attribute":"payMethodList"},{"filler_type":"MultiValueFiller","attribute":"payMethodList"},{"filler_type":"AnnotatedWrapperFiller","attribute":"payMethodList._hast"},{"filler_type":"FrameFiller","attribute":"payMethodList._hast"},{"filler_type":"AnnotatedWrapperFiller","attribute":"status"},{"filler_type":"InterfaceFiller","attribute":"status"},{"filler_type":"AnnotatedWrapperFiller","attribute":"status._realtype"},{"filler_type":"AnnotatedWrapperFiller","attribute":"status._realtype._rec"},{"filler_type":"FrameFiller","attribute":"status._realtype._rec"},{"filler_type":"AnnotatedWrapperFiller","attribute":"index"},{"filler_type":"EntityFiller","attribute":"index"}]}}
[Test worker] INFO io.opencui.core.DialogManager - session state after turn 2 : {"schedulers_count":1,"main":{"state":"POST_ASK","fillers":[{"filler_type":"AnnotatedWrapperFiller","attribute":"MultiValueEntityRecIntent"},{"filler_type":"FrameFiller","attribute":"MultiValueEntityRecIntent"},{"filler_type":"AnnotatedWrapperFiller","attribute":"payMethodList"},{"filler_type":"MultiValueFiller","attribute":"payMethodList"},{"filler_type":"AnnotatedWrapperFiller","attribute":"payMethodList._item"},{"filler_type":"AnnotatedWrapperFiller","attribute":"payMethodList._item._rec"},{"filler_type":"FrameFiller","attribute":"payMethodList._item._rec"},{"filler_type":"AnnotatedWrapperFiller","attribute":"index"},{"filler_type":"EntityFiller","attribute":"index"}]}}
[Test worker] INFO io.opencui.core.DialogManager - session state before turn 3 : {"schedulers_count":1,"main":{"state":"POST_ASK","fillers":[{"filler_type":"AnnotatedWrapperFiller","attribute":"MultiValueEntityRecIntent"},{"filler_type":"FrameFiller","attribute":"MultiValueEntityRecIntent"},{"filler_type":"AnnotatedWrapperFiller","attribute":"payMethodList"},{"filler_type":"MultiValueFiller","attribute":"payMethodList"},{"filler_type":"AnnotatedWrapperFiller","attribute":"payMethodList._item"},{"filler_type":"AnnotatedWrapperFiller","attribute":"payMethodList._item._rec"},{"filler_type":"FrameFiller","attribute":"payMethodList._item._rec"},{"filler_type":"AnnotatedWrapperFiller","attribute":"index"},{"filler_type":"EntityFiller","attribute":"index"}]}}
[Test worker] INFO io.opencui.core.DialogManager - session state after turn 3 : {"schedulers_count":1,"main":{"state":"POST_ASK","fillers":[{"filler_type":"AnnotatedWrapperFiller","attribute":"MultiValueEntityRecIntent"},{"filler_type":"FrameFiller","attribute":"MultiValueEntityRecIntent"},{"filler_type":"AnnotatedWrapperFiller","attribute":"payMethodList"},{"filler_type":"MultiValueFiller","attribute":"payMethodList"},{"filler_type":"AnnotatedWrapperFiller","attribute":"payMethodList._hast"},{"filler_type":"FrameFiller","attribute":"payMethodList._hast"},{"filler_type":"AnnotatedWrapperFiller","attribute":"status"},{"filler_type":"InterfaceFiller","attribute":"status"},{"filler_type":"AnnotatedWrapperFiller","attribute":"status._realtype"},{"filler_type":"AnnotatedWrapperFiller","attribute":"status._realtype._rec"},{"filler_type":"FrameFiller","attribute":"status._realtype._rec"},{"filler_type":"AnnotatedWrapperFiller","attribute":"index"},{"filler_type":"EntityFiller","attribute":"index"}]}}
[Test worker] INFO io.opencui.core.DialogManager - session state before turn 4 : {"schedulers_count":1,"main":{"state":"POST_ASK","fillers":[{"filler_type":"AnnotatedWrapperFiller","attribute":"MultiValueEntityRecIntent"},{"filler_type":"FrameFiller","attribute":"MultiValueEntityRecIntent"},{"filler_type":"AnnotatedWrapperFiller","attribute":"payMethodList"},{"filler_type":"MultiValueFiller","attribute":"payMethodList"},{"filler_type":"AnnotatedWrapperFiller","attribute":"payMethodList._hast"},{"filler_type":"FrameFiller","attribute":"payMethodList._hast"},{"filler_type":"AnnotatedWrapperFiller","attribute":"status"},{"filler_type":"InterfaceFiller","attribute":"status"},{"filler_type":"AnnotatedWrapperFiller","attribute":"status._realtype"},{"filler_type":"AnnotatedWrapperFiller","attribute":"status._realtype._rec"},{"filler_type":"FrameFiller","attribute":"status._realtype._rec"},{"filler_type":"AnnotatedWrapperFiller","attribute":"index"},{"filler_type":"EntityFiller","attribute":"index"}]}}
[Test worker] INFO io.opencui.core.DialogManager - session state after turn 4 : {"schedulers_count":1,"main":{"state":"POST_ASK","fillers":[{"filler_type":"AnnotatedWrapperFiller","attribute":"MultiValueEntityRecIntent"},{"filler_type":"FrameFiller","attribute":"MultiValueEntityRecIntent"},{"filler_type":"AnnotatedWrapperFiller","attribute":"payMethodList"},{"filler_type":"MultiValueFiller","attribute":"payMethodList"},{"filler_type":"AnnotatedWrapperFiller","attribute":"payMethodList._hast"},{"filler_type":"FrameFiller","attribute":"payMethodList._hast"},{"filler_type":"AnnotatedWrapperFiller","attribute":"status"},{"filler_type":"InterfaceFiller","attribute":"status"},{"filler_type":"AnnotatedWrapperFiller","attribute":"status._realtype"},{"filler_type":"AnnotatedWrapperFiller","attribute":"status._realtype._rec"},{"filler_type":"FrameFiller","attribute":"status._realtype._rec"},{"filler_type":"AnnotatedWrapperFiller","attribute":"index"},{"filler_type":"EntityFiller","attribute":"index"}]}}
[Test worker] INFO io.opencui.core.DialogManager - session state before turn 5 : {"schedulers_count":1,"main":{"state":"POST_ASK","fillers":[{"filler_type":"AnnotatedWrapperFiller","attribute":"MultiValueEntityRecIntent"},{"filler_type":"FrameFiller","attribute":"MultiValueEntityRecIntent"},{"filler_type":"AnnotatedWrapperFiller","attribute":"payMethodList"},{"filler_type":"MultiValueFiller","attribute":"payMethodList"},{"filler_type":"AnnotatedWrapperFiller","attribute":"payMethodList._hast"},{"filler_type":"FrameFiller","attribute":"payMethodList._hast"},{"filler_type":"AnnotatedWrapperFiller","attribute":"status"},{"filler_type":"InterfaceFiller","attribute":"status"},{"filler_type":"AnnotatedWrapperFiller","attribute":"status._realtype"},{"filler_type":"AnnotatedWrapperFiller","attribute":"status._realtype._rec"},{"filler_type":"FrameFiller","attribute":"status._realtype._rec"},{"filler_type":"AnnotatedWrapperFiller","attribute":"index"},{"filler_type":"EntityFiller","attribute":"index"}]}}
[Test worker] INFO io.opencui.core.DialogManager - session state after turn 5 : {"schedulers_count":1,"main":{"state":"INIT","fillers":[]}}
[Test worker] INFO io.opencui.core.Dispatcher - class io.opencui.du.DucklingRecognizer is configured twice, was http://172.11.51.61:8000/parse now http://172.11.51.61:8000/parse
[Test worker] INFO io.opencui.core.Dispatcher - class io.opencui.du.TfRestBertNLUModel is configured twice, was (172.11.51.61, 8501, null) now (172.11.51.61, 8501, null)
[Test worker] INFO io.opencui.core.Dispatcher - class io.opencui.sessionmanager.ChatbotLoader is configured twice, was InMemoryBotStore(cache=PerpetualCache(cache=agent:io.opencui:test:en:master|version:test)) now InMemoryBotStore(cache=PerpetualCache(cache=agent:io.opencui:test:en:master|version:test))
[Test worker] INFO io.opencui.sessionmanager.SessionManager - create session with bot version: master
[Test worker] INFO io.opencui.core.DialogManager - session state before turn 1 : {"schedulers_count":1,"main":{"state":"INIT","fillers":[]}}
[Test worker] INFO io.opencui.core.DialogManager - session state after turn 1 : {"schedulers_count":1,"main":{"state":"POST_ASK","fillers":[{"filler_type":"AnnotatedWrapperFiller","attribute":"AbstractEntityIntent"},{"filler_type":"FrameFiller","attribute":"AbstractEntityIntent"},{"filler_type":"AnnotatedWrapperFiller","attribute":"dish"},{"filler_type":"AnnotatedWrapperFiller","attribute":"dish._rec"},{"filler_type":"FrameFiller","attribute":"dish._rec"},{"filler_type":"AnnotatedWrapperFiller","attribute":"index"},{"filler_type":"EntityFiller","attribute":"index"}]}}
[Test worker] INFO io.opencui.core.DialogManager - session state before turn 2 : {"schedulers_count":1,"main":{"state":"POST_ASK","fillers":[{"filler_type":"AnnotatedWrapperFiller","attribute":"AbstractEntityIntent"},{"filler_type":"FrameFiller","attribute":"AbstractEntityIntent"},{"filler_type":"AnnotatedWrapperFiller","attribute":"dish"},{"filler_type":"AnnotatedWrapperFiller","attribute":"dish._rec"},{"filler_type":"FrameFiller","attribute":"dish._rec"},{"filler_type":"AnnotatedWrapperFiller","attribute":"index"},{"filler_type":"EntityFiller","attribute":"index"}]}}
[Test worker] INFO io.opencui.core.DialogManager - session state after turn 2 : {"schedulers_count":1,"main":{"state":"INIT","fillers":[]}}
[Test worker] INFO io.opencui.core.Dispatcher - class io.opencui.du.DucklingRecognizer is configured twice, was http://172.11.51.61:8000/parse now http://172.11.51.61:8000/parse
[Test worker] INFO io.opencui.core.Dispatcher - class io.opencui.du.TfRestBertNLUModel is configured twice, was (172.11.51.61, 8501, null) now (172.11.51.61, 8501, null)
[Test worker] INFO io.opencui.core.Dispatcher - class io.opencui.sessionmanager.ChatbotLoader is configured twice, was InMemoryBotStore(cache=PerpetualCache(cache=agent:io.opencui:test:en:master|version:test)) now InMemoryBotStore(cache=PerpetualCache(cache=agent:io.opencui:test:en:master|version:test))
[Test worker] INFO io.opencui.sessionmanager.SessionManager - create session with bot version: master
[Test worker] INFO io.opencui.core.DialogManager - session state before turn 1 : {"schedulers_count":1,"main":{"state":"INIT","fillers":[]}}
[Test worker] INFO io.opencui.core.DialogManager - session state after turn 1 : {"schedulers_count":1,"main":{"state":"POST_ASK","fillers":[{"filler_type":"AnnotatedWrapperFiller","attribute":"IntentNeedConfirm"},{"filler_type":"FrameFiller","attribute":"IntentNeedConfirm"},{"filler_type":"AnnotatedWrapperFiller","attribute":"intVar"},{"filler_type":"EntityFiller","attribute":"intVar"}]}}
[Test worker] INFO io.opencui.core.DialogManager - session state before turn 2 : {"schedulers_count":1,"main":{"state":"POST_ASK","fillers":[{"filler_type":"AnnotatedWrapperFiller","attribute":"IntentNeedConfirm"},{"filler_type":"FrameFiller","attribute":"IntentNeedConfirm"},{"filler_type":"AnnotatedWrapperFiller","attribute":"intVar"},{"filler_type":"EntityFiller","attribute":"intVar"}]}}
[Test worker] INFO io.opencui.core.DialogManager - session state after turn 2 : {"schedulers_count":1,"main":{"state":"POST_ASK","fillers":[{"filler_type":"AnnotatedWrapperFiller","attribute":"IntentNeedConfirm"},{"filler_type":"FrameFiller","attribute":"IntentNeedConfirm"},{"filler_type":"AnnotatedWrapperFiller","attribute":"boolVar"},{"filler_type":"EntityFiller","attribute":"boolVar"}]}}
[Test worker] INFO io.opencui.core.DialogManager - session state before turn 3 : {"schedulers_count":1,"main":{"state":"POST_ASK","fillers":[{"filler_type":"AnnotatedWrapperFiller","attribute":"IntentNeedConfirm"},{"filler_type":"FrameFiller","attribute":"IntentNeedConfirm"},{"filler_type":"AnnotatedWrapperFiller","attribute":"boolVar"},{"filler_type":"EntityFiller","attribute":"boolVar"}]}}
[Test worker] INFO io.opencui.core.DialogManager - session state after turn 3 : {"schedulers_count":1,"main":{"state":"POST_ASK","fillers":[{"filler_type":"AnnotatedWrapperFiller","attribute":"IntentNeedConfirm"},{"filler_type":"FrameFiller","attribute":"IntentNeedConfirm"},{"filler_type":"AnnotatedWrapperFiller","attribute":"boolVar"},{"filler_type":"AnnotatedWrapperFiller","attribute":"boolVar._confirm"},{"filler_type":"FrameFiller","attribute":"boolVar._confirm"},{"filler_type":"AnnotatedWrapperFiller","attribute":"status"},{"filler_type":"InterfaceFiller","attribute":"status"},{"filler_type":"AnnotatedWrapperFiller","attribute":"status._realtype"},{"filler_type":"RealtypeFiller","attribute":"status._realtype"}]}}
[Test worker] INFO io.opencui.core.DialogManager - session state before turn 4 : {"schedulers_count":1,"main":{"state":"POST_ASK","fillers":[{"filler_type":"AnnotatedWrapperFiller","attribute":"IntentNeedConfirm"},{"filler_type":"FrameFiller","attribute":"IntentNeedConfirm"},{"filler_type":"AnnotatedWrapperFiller","attribute":"boolVar"},{"filler_type":"AnnotatedWrapperFiller","attribute":"boolVar._confirm"},{"filler_type":"FrameFiller","attribute":"boolVar._confirm"},{"filler_type":"AnnotatedWrapperFiller","attribute":"status"},{"filler_type":"InterfaceFiller","attribute":"status"},{"filler_type":"AnnotatedWrapperFiller","attribute":"status._realtype"},{"filler_type":"RealtypeFiller","attribute":"status._realtype"}]}}
[Test worker] INFO io.opencui.core.DialogManager - session state after turn 4 : {"schedulers_count":1,"main":{"state":"POST_ASK","fillers":[{"filler_type":"AnnotatedWrapperFiller","attribute":"IntentNeedConfirm"},{"filler_type":"FrameFiller","attribute":"IntentNeedConfirm"},{"filler_type":"AnnotatedWrapperFiller","attribute":"boolVar"},{"filler_type":"EntityFiller","attribute":"boolVar"}]}}
[Test worker] INFO io.opencui.core.DialogManager - session state before turn 5 : {"schedulers_count":1,"main":{"state":"POST_ASK","fillers":[{"filler_type":"AnnotatedWrapperFiller","attribute":"IntentNeedConfirm"},{"filler_type":"FrameFiller","attribute":"IntentNeedConfirm"},{"filler_type":"AnnotatedWrapperFiller","attribute":"boolVar"},{"filler_type":"EntityFiller","attribute":"boolVar"}]}}
[Test worker] INFO io.opencui.core.DialogManager - session state after turn 5 : {"schedulers_count":1,"main":{"state":"POST_ASK","fillers":[{"filler_type":"AnnotatedWrapperFiller","attribute":"IntentNeedConfirm"},{"filler_type":"FrameFiller","attribute":"IntentNeedConfirm"},{"filler_type":"AnnotatedWrapperFiller","attribute":"boolVar"},{"filler_type":"AnnotatedWrapperFiller","attribute":"boolVar._confirm"},{"filler_type":"FrameFiller","attribute":"boolVar._confirm"},{"filler_type":"AnnotatedWrapperFiller","attribute":"status"},{"filler_type":"InterfaceFiller","attribute":"status"},{"filler_type":"AnnotatedWrapperFiller","attribute":"status._realtype"},{"filler_type":"RealtypeFiller","attribute":"status._realtype"}]}}
[Test worker] INFO io.opencui.core.DialogManager - session state before turn 6 : {"schedulers_count":1,"main":{"state":"POST_ASK","fillers":[{"filler_type":"AnnotatedWrapperFiller","attribute":"IntentNeedConfirm"},{"filler_type":"FrameFiller","attribute":"IntentNeedConfirm"},{"filler_type":"AnnotatedWrapperFiller","attribute":"boolVar"},{"filler_type":"AnnotatedWrapperFiller","attribute":"boolVar._confirm"},{"filler_type":"FrameFiller","attribute":"boolVar._confirm"},{"filler_type":"AnnotatedWrapperFiller","attribute":"status"},{"filler_type":"InterfaceFiller","attribute":"status"},{"filler_type":"AnnotatedWrapperFiller","attribute":"status._realtype"},{"filler_type":"RealtypeFiller","attribute":"status._realtype"}]}}
[Test worker] INFO io.opencui.core.DialogManager - session state after turn 6 : {"schedulers_count":1,"main":{"state":"POST_ASK","fillers":[{"filler_type":"AnnotatedWrapperFiller","attribute":"IntentNeedConfirm"},{"filler_type":"AnnotatedWrapperFiller","attribute":"IntentNeedConfirm._confirm"},{"filler_type":"FrameFiller","attribute":"IntentNeedConfirm._confirm"},{"filler_type":"AnnotatedWrapperFiller","attribute":"status"},{"filler_type":"InterfaceFiller","attribute":"status"},{"filler_type":"AnnotatedWrapperFiller","attribute":"status._realtype"},{"filler_type":"RealtypeFiller","attribute":"status._realtype"}]}}
[Test worker] INFO io.opencui.core.DialogManager - session state before turn 7 : {"schedulers_count":1,"main":{"state":"POST_ASK","fillers":[{"filler_type":"AnnotatedWrapperFiller","attribute":"IntentNeedConfirm"},{"filler_type":"AnnotatedWrapperFiller","attribute":"IntentNeedConfirm._confirm"},{"filler_type":"FrameFiller","attribute":"IntentNeedConfirm._confirm"},{"filler_type":"AnnotatedWrapperFiller","attribute":"status"},{"filler_type":"InterfaceFiller","attribute":"status"},{"filler_type":"AnnotatedWrapperFiller","attribute":"status._realtype"},{"filler_type":"RealtypeFiller","attribute":"status._realtype"}]}}
[Test worker] INFO io.opencui.core.DialogManager - session state after turn 7 : {"schedulers_count":1,"main":{"state":"POST_ASK","fillers":[{"filler_type":"AnnotatedWrapperFiller","attribute":"IntentNeedConfirm"},{"filler_type":"AnnotatedWrapperFiller","attribute":"IntentNeedConfirm._confirm"},{"filler_type":"FrameFiller","attribute":"IntentNeedConfirm._confirm"},{"filler_type":"AnnotatedWrapperFiller","attribute":"status"},{"filler_type":"InterfaceFiller","attribute":"status"},{"filler_type":"AnnotatedWrapperFiller","attribute":"status._realtype"},{"filler_type":"RealtypeFiller","attribute":"status._realtype"}]}}
[Test worker] INFO io.opencui.core.DialogManager - session state before turn 8 : {"schedulers_count":1,"main":{"state":"POST_ASK","fillers":[{"filler_type":"AnnotatedWrapperFiller","attribute":"IntentNeedConfirm"},{"filler_type":"AnnotatedWrapperFiller","attribute":"IntentNeedConfirm._confirm"},{"filler_type":"FrameFiller","attribute":"IntentNeedConfirm._confirm"},{"filler_type":"AnnotatedWrapperFiller","attribute":"status"},{"filler_type":"InterfaceFiller","attribute":"status"},{"filler_type":"AnnotatedWrapperFiller","attribute":"status._realtype"},{"filler_type":"RealtypeFiller","attribute":"status._realtype"}]}}
[Test worker] INFO io.opencui.core.DialogManager - session state after turn 8 : {"schedulers_count":1,"main":{"state":"INIT","fillers":[]}}
[Test worker] INFO io.opencui.core.Dispatcher - class io.opencui.du.DucklingRecognizer is configured twice, was http://172.11.51.61:8000/parse now http://172.11.51.61:8000/parse
[Test worker] INFO io.opencui.core.Dispatcher - class io.opencui.du.TfRestBertNLUModel is configured twice, was (172.11.51.61, 8501, null) now (172.11.51.61, 8501, null)
[Test worker] INFO io.opencui.core.Dispatcher - class io.opencui.sessionmanager.ChatbotLoader is configured twice, was InMemoryBotStore(cache=PerpetualCache(cache=agent:io.opencui:test:en:master|version:test)) now InMemoryBotStore(cache=PerpetualCache(cache=agent:io.opencui:test:en:master|version:test))
[Test worker] INFO io.opencui.sessionmanager.SessionManager - create session with bot version: master
[Test worker] INFO io.opencui.core.DialogManager - session state before turn 1 : {"schedulers_count":1,"main":{"state":"INIT","fillers":[]}}
[Test worker] INFO io.opencui.core.DialogManager - session state after turn 1 : {"schedulers_count":1,"main":{"state":"POST_ASK","fillers":[{"filler_type":"AnnotatedWrapperFiller","attribute":"ShowOnceRecommendation"},{"filler_type":"FrameFiller","attribute":"ShowOnceRecommendation"},{"filler_type":"AnnotatedWrapperFiller","attribute":"payMethodList"},{"filler_type":"MultiValueFiller","attribute":"payMethodList"},{"filler_type":"AnnotatedWrapperFiller","attribute":"payMethodList._hast"},{"filler_type":"FrameFiller","attribute":"payMethodList._hast"},{"filler_type":"AnnotatedWrapperFiller","attribute":"status"},{"filler_type":"InterfaceFiller","attribute":"status"},{"filler_type":"AnnotatedWrapperFiller","attribute":"status._realtype"},{"filler_type":"AnnotatedWrapperFiller","attribute":"status._realtype._rec"},{"filler_type":"FrameFiller","attribute":"status._realtype._rec"},{"filler_type":"AnnotatedWrapperFiller","attribute":"index"},{"filler_type":"EntityFiller","attribute":"index"}]}}
[Test worker] INFO io.opencui.core.DialogManager - session state before turn 2 : {"schedulers_count":1,"main":{"state":"POST_ASK","fillers":[{"filler_type":"AnnotatedWrapperFiller","attribute":"ShowOnceRecommendation"},{"filler_type":"FrameFiller","attribute":"ShowOnceRecommendation"},{"filler_type":"AnnotatedWrapperFiller","attribute":"payMethodList"},{"filler_type":"MultiValueFiller","attribute":"payMethodList"},{"filler_type":"AnnotatedWrapperFiller","attribute":"payMethodList._hast"},{"filler_type":"FrameFiller","attribute":"payMethodList._hast"},{"filler_type":"AnnotatedWrapperFiller","attribute":"status"},{"filler_type":"InterfaceFiller","attribute":"status"},{"filler_type":"AnnotatedWrapperFiller","attribute":"status._realtype"},{"filler_type":"AnnotatedWrapperFiller","attribute":"status._realtype._rec"},{"filler_type":"FrameFiller","attribute":"status._realtype._rec"},{"filler_type":"AnnotatedWrapperFiller","attribute":"index"},{"filler_type":"EntityFiller","attribute":"index"}]}}
[Test worker] INFO io.opencui.core.DialogManager - session state after turn 2 : {"schedulers_count":1,"main":{"state":"POST_ASK","fillers":[{"filler_type":"AnnotatedWrapperFiller","attribute":"ShowOnceRecommendation"},{"filler_type":"FrameFiller","attribute":"ShowOnceRecommendation"},{"filler_type":"AnnotatedWrapperFiller","attribute":"payMethodList"},{"filler_type":"MultiValueFiller","attribute":"payMethodList"},{"filler_type":"AnnotatedWrapperFiller","attribute":"payMethodList._hast"},{"filler_type":"FrameFiller","attribute":"payMethodList._hast"},{"filler_type":"AnnotatedWrapperFiller","attribute":"status"},{"filler_type":"InterfaceFiller","attribute":"status"},{"filler_type":"AnnotatedWrapperFiller","attribute":"status._realtype"},{"filler_type":"AnnotatedWrapperFiller","attribute":"status._realtype._rec"},{"filler_type":"FrameFiller","attribute":"status._realtype._rec"},{"filler_type":"AnnotatedWrapperFiller","attribute":"index"},{"filler_type":"EntityFiller","attribute":"index"}]}}
[Test worker] INFO io.opencui.core.DialogManager - session state before turn 3 : {"schedulers_count":1,"main":{"state":"POST_ASK","fillers":[{"filler_type":"AnnotatedWrapperFiller","attribute":"ShowOnceRecommendation"},{"filler_type":"FrameFiller","attribute":"ShowOnceRecommendation"},{"filler_type":"AnnotatedWrapperFiller","attribute":"payMethodList"},{"filler_type":"MultiValueFiller","attribute":"payMethodList"},{"filler_type":"AnnotatedWrapperFiller","attribute":"payMethodList._hast"},{"filler_type":"FrameFiller","attribute":"payMethodList._hast"},{"filler_type":"AnnotatedWrapperFiller","attribute":"status"},{"filler_type":"InterfaceFiller","attribute":"status"},{"filler_type":"AnnotatedWrapperFiller","attribute":"status._realtype"},{"filler_type":"AnnotatedWrapperFiller","attribute":"status._realtype._rec"},{"filler_type":"FrameFiller","attribute":"status._realtype._rec"},{"filler_type":"AnnotatedWrapperFiller","attribute":"index"},{"filler_type":"EntityFiller","attribute":"index"}]}}
[Test worker] INFO io.opencui.core.DialogManager - session state after turn 3 : {"schedulers_count":1,"main":{"state":"POST_ASK","fillers":[{"filler_type":"AnnotatedWrapperFiller","attribute":"ShowOnceRecommendation"},{"filler_type":"FrameFiller","attribute":"ShowOnceRecommendation"},{"filler_type":"AnnotatedWrapperFiller","attribute":"payMethodList"},{"filler_type":"MultiValueFiller","attribute":"payMethodList"},{"filler_type":"AnnotatedWrapperFiller","attribute":"payMethodList._hast"},{"filler_type":"FrameFiller","attribute":"payMethodList._hast"},{"filler_type":"AnnotatedWrapperFiller","attribute":"status"},{"filler_type":"InterfaceFiller","attribute":"status"},{"filler_type":"AnnotatedWrapperFiller","attribute":"status._realtype"},{"filler_type":"AnnotatedWrapperFiller","attribute":"status._realtype._rec"},{"filler_type":"FrameFiller","attribute":"status._realtype._rec"},{"filler_type":"AnnotatedWrapperFiller","attribute":"index"},{"filler_type":"EntityFiller","attribute":"index"}]}}
[Test worker] INFO io.opencui.core.DialogManager - session state before turn 4 : {"schedulers_count":1,"main":{"state":"POST_ASK","fillers":[{"filler_type":"AnnotatedWrapperFiller","attribute":"ShowOnceRecommendation"},{"filler_type":"FrameFiller","attribute":"ShowOnceRecommendation"},{"filler_type":"AnnotatedWrapperFiller","attribute":"payMethodList"},{"filler_type":"MultiValueFiller","attribute":"payMethodList"},{"filler_type":"AnnotatedWrapperFiller","attribute":"payMethodList._hast"},{"filler_type":"FrameFiller","attribute":"payMethodList._hast"},{"filler_type":"AnnotatedWrapperFiller","attribute":"status"},{"filler_type":"InterfaceFiller","attribute":"status"},{"filler_type":"AnnotatedWrapperFiller","attribute":"status._realtype"},{"filler_type":"AnnotatedWrapperFiller","attribute":"status._realtype._rec"},{"filler_type":"FrameFiller","attribute":"status._realtype._rec"},{"filler_type":"AnnotatedWrapperFiller","attribute":"index"},{"filler_type":"EntityFiller","attribute":"index"}]}}
[Test worker] INFO io.opencui.core.DialogManager - session state after turn 4 : {"schedulers_count":1,"main":{"state":"INIT","fillers":[]}}
[Test worker] INFO io.opencui.core.Dispatcher - class io.opencui.du.DucklingRecognizer is configured twice, was http://172.11.51.61:8000/parse now http://172.11.51.61:8000/parse
[Test worker] INFO io.opencui.core.Dispatcher - class io.opencui.du.TfRestBertNLUModel is configured twice, was (172.11.51.61, 8501, null) now (172.11.51.61, 8501, null)
[Test worker] INFO io.opencui.core.Dispatcher - class io.opencui.sessionmanager.ChatbotLoader is configured twice, was InMemoryBotStore(cache=PerpetualCache(cache=agent:io.opencui:test:en:master|version:test)) now InMemoryBotStore(cache=PerpetualCache(cache=agent:io.opencui:test:en:master|version:test))
[Test worker] INFO io.opencui.sessionmanager.SessionManager - create session with bot version: master
[Test worker] INFO io.opencui.core.DialogManager - session state before turn 1 : {"schedulers_count":1,"main":{"state":"INIT","fillers":[]}}
[Test worker] INFO io.opencui.core.DialogManager - session state after turn 1 : {"schedulers_count":1,"main":{"state":"POST_ASK","fillers":[{"filler_type":"AnnotatedWrapperFiller","attribute":"CompositeWithIIntent"},{"filler_type":"FrameFiller","attribute":"CompositeWithIIntent"},{"filler_type":"AnnotatedWrapperFiller","attribute":"skill"},{"filler_type":"InterfaceFiller","attribute":"skill"},{"filler_type":"AnnotatedWrapperFiller","attribute":"skill._realtype"},{"filler_type":"RealtypeFiller","attribute":"skill._realtype"}]}}
[Test worker] INFO io.opencui.core.DialogManager - session state before turn 2 : {"schedulers_count":1,"main":{"state":"POST_ASK","fillers":[{"filler_type":"AnnotatedWrapperFiller","attribute":"CompositeWithIIntent"},{"filler_type":"FrameFiller","attribute":"CompositeWithIIntent"},{"filler_type":"AnnotatedWrapperFiller","attribute":"skill"},{"filler_type":"InterfaceFiller","attribute":"skill"},{"filler_type":"AnnotatedWrapperFiller","attribute":"skill._realtype"},{"filler_type":"RealtypeFiller","attribute":"skill._realtype"}]}}
[Test worker] INFO io.opencui.core.DialogManager - session state after turn 2 : {"schedulers_count":1,"main":{"state":"INIT","fillers":[]}}
[Test worker] INFO io.opencui.core.Dispatcher - class io.opencui.du.DucklingRecognizer is configured twice, was http://172.11.51.61:8000/parse now http://172.11.51.61:8000/parse
[Test worker] INFO io.opencui.core.Dispatcher - class io.opencui.du.TfRestBertNLUModel is configured twice, was (172.11.51.61, 8501, null) now (172.11.51.61, 8501, null)
[Test worker] INFO io.opencui.core.Dispatcher - class io.opencui.sessionmanager.ChatbotLoader is configured twice, was InMemoryBotStore(cache=PerpetualCache(cache=agent:io.opencui:test:en:master|version:test)) now InMemoryBotStore(cache=PerpetualCache(cache=agent:io.opencui:test:en:master|version:test))
[Test worker] INFO io.opencui.sessionmanager.SessionManager - create session with bot version: master
[Test worker] INFO io.opencui.core.DialogManager - session state before turn 1 : {"schedulers_count":1,"main":{"state":"INIT","fillers":[]}}
[Test worker] INFO io.opencui.core.DialogManager - session state after turn 1 : {"schedulers_count":1,"main":{"state":"POST_ASK","fillers":[{"filler_type":"AnnotatedWrapperFiller","attribute":"CustomizedRecommendationIntent"},{"filler_type":"FrameFiller","attribute":"CustomizedRecommendationIntent"},{"filler_type":"AnnotatedWrapperFiller","attribute":"hotel"},{"filler_type":"FrameFiller","attribute":"hotel"},{"filler_type":"AnnotatedWrapperFiller","attribute":"city"},{"filler_type":"AnnotatedWrapperFiller","attribute":"city._rec"},{"filler_type":"FrameFiller","attribute":"city._rec"},{"filler_type":"AnnotatedWrapperFiller","attribute":"index"},{"filler_type":"EntityFiller","attribute":"index"}]}}
[Test worker] INFO io.opencui.core.DialogManager - session state before turn 2 : {"schedulers_count":1,"main":{"state":"POST_ASK","fillers":[{"filler_type":"AnnotatedWrapperFiller","attribute":"CustomizedRecommendationIntent"},{"filler_type":"FrameFiller","attribute":"CustomizedRecommendationIntent"},{"filler_type":"AnnotatedWrapperFiller","attribute":"hotel"},{"filler_type":"FrameFiller","attribute":"hotel"},{"filler_type":"AnnotatedWrapperFiller","attribute":"city"},{"filler_type":"AnnotatedWrapperFiller","attribute":"city._rec"},{"filler_type":"FrameFiller","attribute":"city._rec"},{"filler_type":"AnnotatedWrapperFiller","attribute":"index"},{"filler_type":"EntityFiller","attribute":"index"}]}}
[Test worker] INFO io.opencui.core.DialogManager - session state after turn 2 : {"schedulers_count":1,"main":{"state":"INIT","fillers":[]}}
[Test worker] INFO io.opencui.core.Dispatcher - class io.opencui.du.DucklingRecognizer is configured twice, was http://172.11.51.61:8000/parse now http://172.11.51.61:8000/parse
[Test worker] INFO io.opencui.core.Dispatcher - class io.opencui.du.TfRestBertNLUModel is configured twice, was (172.11.51.61, 8501, null) now (172.11.51.61, 8501, null)
[Test worker] INFO io.opencui.core.Dispatcher - class io.opencui.sessionmanager.ChatbotLoader is configured twice, was InMemoryBotStore(cache=PerpetualCache(cache=agent:io.opencui:test:en:master|version:test)) now InMemoryBotStore(cache=PerpetualCache(cache=agent:io.opencui:test:en:master|version:test))
[Test worker] INFO io.opencui.sessionmanager.SessionManager - create session with bot version: master
[Test worker] INFO io.opencui.core.DialogManager - session state before turn 1 : {"schedulers_count":1,"main":{"state":"INIT","fillers":[]}}
[Test worker] INFO io.opencui.core.DialogManager - session state after turn 1 : {"schedulers_count":1,"main":{"state":"POST_ASK","fillers":[{"filler_type":"AnnotatedWrapperFiller","attribute":"MultiValueMinMaxWithRec"},{"filler_type":"FrameFiller","attribute":"MultiValueMinMaxWithRec"},{"filler_type":"AnnotatedWrapperFiller","attribute":"payMethodList"},{"filler_type":"MultiValueFiller","attribute":"payMethodList"},{"filler_type":"AnnotatedWrapperFiller","attribute":"payMethodList._hast"},{"filler_type":"FrameFiller","attribute":"payMethodList._hast"},{"filler_type":"AnnotatedWrapperFiller","attribute":"status"},{"filler_type":"InterfaceFiller","attribute":"status"},{"filler_type":"AnnotatedWrapperFiller","attribute":"status._realtype"},{"filler_type":"AnnotatedWrapperFiller","attribute":"status._realtype._rec"},{"filler_type":"FrameFiller","attribute":"status._realtype._rec"},{"filler_type":"AnnotatedWrapperFiller","attribute":"index"},{"filler_type":"EntityFiller","attribute":"index"}]}}
[Test worker] INFO io.opencui.core.DialogManager - session state before turn 2 : {"schedulers_count":1,"main":{"state":"POST_ASK","fillers":[{"filler_type":"AnnotatedWrapperFiller","attribute":"MultiValueMinMaxWithRec"},{"filler_type":"FrameFiller","attribute":"MultiValueMinMaxWithRec"},{"filler_type":"AnnotatedWrapperFiller","attribute":"payMethodList"},{"filler_type":"MultiValueFiller","attribute":"payMethodList"},{"filler_type":"AnnotatedWrapperFiller","attribute":"payMethodList._hast"},{"filler_type":"FrameFiller","attribute":"payMethodList._hast"},{"filler_type":"AnnotatedWrapperFiller","attribute":"status"},{"filler_type":"InterfaceFiller","attribute":"status"},{"filler_type":"AnnotatedWrapperFiller","attribute":"status._realtype"},{"filler_type":"AnnotatedWrapperFiller","attribute":"status._realtype._rec"},{"filler_type":"FrameFiller","attribute":"status._realtype._rec"},{"filler_type":"AnnotatedWrapperFiller","attribute":"index"},{"filler_type":"EntityFiller","attribute":"index"}]}}
[Test worker] INFO io.opencui.core.DialogManager - session state after turn 2 : {"schedulers_count":1,"main":{"state":"INIT","fillers":[]}}
[Test worker] INFO io.opencui.core.Dispatcher - class io.opencui.du.DucklingRecognizer is configured twice, was http://172.11.51.61:8000/parse now http://172.11.51.61:8000/parse
[Test worker] INFO io.opencui.core.Dispatcher - class io.opencui.du.TfRestBertNLUModel is configured twice, was (172.11.51.61, 8501, null) now (172.11.51.61, 8501, null)
[Test worker] INFO io.opencui.core.Dispatcher - class io.opencui.sessionmanager.ChatbotLoader is configured twice, was InMemoryBotStore(cache=PerpetualCache(cache=agent:io.opencui:test:en:master|version:test)) now InMemoryBotStore(cache=PerpetualCache(cache=agent:io.opencui:test:en:master|version:test))
[Test worker] INFO io.opencui.sessionmanager.SessionManager - create session with bot version: master
[Test worker] INFO io.opencui.core.DialogManager - session state before turn 1 : {"schedulers_count":1,"main":{"state":"INIT","fillers":[]}}
java.lang.Exception: exception
	at io.opencui.test.RecoverTestIntent$annotations$2.invoke(model.kt:1092)
	at io.opencui.test.RecoverTestIntent$annotations$2.invoke(model.kt:1092)
	at io.opencui.core.LazyEvalPrompt.invoke(annotation.kt:55)
	at io.opencui.core.LazyEvalPrompt.invoke(annotation.kt:52)
	at io.opencui.core.TextOutputAction.run(action.kt:553)
	at io.opencui.core.SlotAskAction.run(action.kt:355)
	at io.opencui.core.DialogManager.response(execution.kt:108)
	at io.opencui.core.RuntimeTest.process(RuntimeTest.kt:1687)
	at io.opencui.core.RuntimeTest.testRecover(RuntimeTest.kt:478)
	at java.base/jdk.internal.reflect.NativeMethodAccessorImpl.invoke0(Native Method)
	at java.base/jdk.internal.reflect.NativeMethodAccessorImpl.invoke(NativeMethodAccessorImpl.java:62)
	at java.base/jdk.internal.reflect.DelegatingMethodAccessorImpl.invoke(DelegatingMethodAccessorImpl.java:43)
	at java.base/java.lang.reflect.Method.invoke(Method.java:566)
	at org.junit.runners.model.FrameworkMethod$1.runReflectiveCall(FrameworkMethod.java:50)
	at org.junit.internal.runners.model.ReflectiveCallable.run(ReflectiveCallable.java:12)
	at org.junit.runners.model.FrameworkMethod.invokeExplosively(FrameworkMethod.java:47)
	at org.junit.internal.runners.statements.InvokeMethod.evaluate(InvokeMethod.java:17)
	at org.junit.runners.ParentRunner.runLeaf(ParentRunner.java:325)
	at org.junit.runners.BlockJUnit4ClassRunner.runChild(BlockJUnit4ClassRunner.java:78)
	at org.junit.runners.BlockJUnit4ClassRunner.runChild(BlockJUnit4ClassRunner.java:57)
	at org.junit.runners.ParentRunner$3.run(ParentRunner.java:290)
	at org.junit.runners.ParentRunner$1.schedule(ParentRunner.java:71)
	at org.junit.runners.ParentRunner.runChildren(ParentRunner.java:288)
	at org.junit.runners.ParentRunner.access$000(ParentRunner.java:58)
	at org.junit.runners.ParentRunner$2.evaluate(ParentRunner.java:268)
	at org.junit.runners.ParentRunner.run(ParentRunner.java:363)
	at org.gradle.api.internal.tasks.testing.junit.JUnitTestClassExecutor.runTestClass(JUnitTestClassExecutor.java:110)
	at org.gradle.api.internal.tasks.testing.junit.JUnitTestClassExecutor.execute(JUnitTestClassExecutor.java:58)
	at org.gradle.api.internal.tasks.testing.junit.JUnitTestClassExecutor.execute(JUnitTestClassExecutor.java:38)
	at org.gradle.api.internal.tasks.testing.junit.AbstractJUnitTestClassProcessor.processTestClass(AbstractJUnitTestClassProcessor.java:62)
	at org.gradle.api.internal.tasks.testing.SuiteTestClassProcessor.processTestClass(SuiteTestClassProcessor.java:51)
	at java.base/jdk.internal.reflect.NativeMethodAccessorImpl.invoke0(Native Method)
	at java.base/jdk.internal.reflect.NativeMethodAccessorImpl.invoke(NativeMethodAccessorImpl.java:62)
	at java.base/jdk.internal.reflect.DelegatingMethodAccessorImpl.invoke(DelegatingMethodAccessorImpl.java:43)
	at java.base/java.lang.reflect.Method.invoke(Method.java:566)
	at org.gradle.internal.dispatch.ReflectionDispatch.dispatch(ReflectionDispatch.java:36)
	at org.gradle.internal.dispatch.ReflectionDispatch.dispatch(ReflectionDispatch.java:24)
	at org.gradle.internal.dispatch.ContextClassLoaderDispatch.dispatch(ContextClassLoaderDispatch.java:33)
	at org.gradle.internal.dispatch.ProxyDispatchAdapter$DispatchingInvocationHandler.invoke(ProxyDispatchAdapter.java:94)
	at com.sun.proxy.$Proxy2.processTestClass(Unknown Source)
	at org.gradle.api.internal.tasks.testing.worker.TestWorker$2.run(TestWorker.java:176)
	at org.gradle.api.internal.tasks.testing.worker.TestWorker.executeAndMaintainThreadName(TestWorker.java:129)
	at org.gradle.api.internal.tasks.testing.worker.TestWorker.execute(TestWorker.java:100)
	at org.gradle.api.internal.tasks.testing.worker.TestWorker.execute(TestWorker.java:60)
	at org.gradle.process.internal.worker.child.ActionExecutionWorker.execute(ActionExecutionWorker.java:56)
	at org.gradle.process.internal.worker.child.SystemApplicationClassLoaderWorker.call(SystemApplicationClassLoaderWorker.java:133)
	at org.gradle.process.internal.worker.child.SystemApplicationClassLoaderWorker.call(SystemApplicationClassLoaderWorker.java:71)
	at worker.org.gradle.process.internal.worker.GradleWorkerMain.run(GradleWorkerMain.java:69)
	at worker.org.gradle.process.internal.worker.GradleWorkerMain.main(GradleWorkerMain.java:74)
[Test worker] INFO io.opencui.core.DialogManager - session state before turn 2 : {"schedulers_count":1,"main":{"state":"RECOVER","fillers":[{"filler_type":"AnnotatedWrapperFiller","attribute":"RecoverTestIntent"},{"filler_type":"FrameFiller","attribute":"RecoverTestIntent"},{"filler_type":"AnnotatedWrapperFiller","attribute":"bbb"},{"filler_type":"EntityFiller","attribute":"bbb"}]}}
[Test worker] INFO io.opencui.core.DialogManager - session state after turn 0 : {"schedulers_count":1,"main":{"state":"INIT","fillers":[]}}
[Test worker] INFO io.opencui.sessionmanager.SessionManager - create session with bot version: master
[Test worker] INFO io.opencui.core.DialogManager - session state before turn 1 : {"schedulers_count":1,"main":{"state":"INIT","fillers":[]}}
[Test worker] INFO io.opencui.core.DialogManager - session state after turn 1 : {"schedulers_count":1,"main":{"state":"INIT","fillers":[]}}
[Test worker] INFO io.opencui.core.Dispatcher - class io.opencui.du.DucklingRecognizer is configured twice, was http://172.11.51.61:8000/parse now http://172.11.51.61:8000/parse
[Test worker] INFO io.opencui.core.Dispatcher - class io.opencui.du.TfRestBertNLUModel is configured twice, was (172.11.51.61, 8501, null) now (172.11.51.61, 8501, null)
[Test worker] INFO io.opencui.core.Dispatcher - class io.opencui.sessionmanager.ChatbotLoader is configured twice, was InMemoryBotStore(cache=PerpetualCache(cache=agent:io.opencui:test:en:master|version:test)) now InMemoryBotStore(cache=PerpetualCache(cache=agent:io.opencui:test:en:master|version:test))
[Test worker] INFO io.opencui.sessionmanager.SessionManager - create session with bot version: master
[Test worker] INFO io.opencui.core.DialogManager - session state before turn 1 : {"schedulers_count":1,"main":{"state":"INIT","fillers":[]}}
[Test worker] INFO io.opencui.core.DialogManager - session state after turn 1 : {"schedulers_count":1,"main":{"state":"POST_ASK","fillers":[{"filler_type":"AnnotatedWrapperFiller","attribute":"MultiValueMinMax"},{"filler_type":"FrameFiller","attribute":"MultiValueMinMax"},{"filler_type":"AnnotatedWrapperFiller","attribute":"payMethodList"},{"filler_type":"MultiValueFiller","attribute":"payMethodList"},{"filler_type":"AnnotatedWrapperFiller","attribute":"payMethodList._hast"},{"filler_type":"FrameFiller","attribute":"payMethodList._hast"},{"filler_type":"AnnotatedWrapperFiller","attribute":"status"},{"filler_type":"InterfaceFiller","attribute":"status"},{"filler_type":"AnnotatedWrapperFiller","attribute":"status._realtype"},{"filler_type":"RealtypeFiller","attribute":"status._realtype"}]}}
[Test worker] INFO io.opencui.core.DialogManager - session state before turn 2 : {"schedulers_count":1,"main":{"state":"POST_ASK","fillers":[{"filler_type":"AnnotatedWrapperFiller","attribute":"MultiValueMinMax"},{"filler_type":"FrameFiller","attribute":"MultiValueMinMax"},{"filler_type":"AnnotatedWrapperFiller","attribute":"payMethodList"},{"filler_type":"MultiValueFiller","attribute":"payMethodList"},{"filler_type":"AnnotatedWrapperFiller","attribute":"payMethodList._hast"},{"filler_type":"FrameFiller","attribute":"payMethodList._hast"},{"filler_type":"AnnotatedWrapperFiller","attribute":"status"},{"filler_type":"InterfaceFiller","attribute":"status"},{"filler_type":"AnnotatedWrapperFiller","attribute":"status._realtype"},{"filler_type":"RealtypeFiller","attribute":"status._realtype"}]}}
[Test worker] INFO io.opencui.core.DialogManager - session state after turn 2 : {"schedulers_count":1,"main":{"state":"POST_ASK","fillers":[{"filler_type":"AnnotatedWrapperFiller","attribute":"MultiValueMinMax"},{"filler_type":"FrameFiller","attribute":"MultiValueMinMax"},{"filler_type":"AnnotatedWrapperFiller","attribute":"payMethodList"},{"filler_type":"MultiValueFiller","attribute":"payMethodList"},{"filler_type":"AnnotatedWrapperFiller","attribute":"payMethodList._hast"},{"filler_type":"FrameFiller","attribute":"payMethodList._hast"},{"filler_type":"AnnotatedWrapperFiller","attribute":"status"},{"filler_type":"InterfaceFiller","attribute":"status"},{"filler_type":"AnnotatedWrapperFiller","attribute":"status._realtype"},{"filler_type":"RealtypeFiller","attribute":"status._realtype"}]}}
[Test worker] INFO io.opencui.core.DialogManager - session state before turn 3 : {"schedulers_count":1,"main":{"state":"POST_ASK","fillers":[{"filler_type":"AnnotatedWrapperFiller","attribute":"MultiValueMinMax"},{"filler_type":"FrameFiller","attribute":"MultiValueMinMax"},{"filler_type":"AnnotatedWrapperFiller","attribute":"payMethodList"},{"filler_type":"MultiValueFiller","attribute":"payMethodList"},{"filler_type":"AnnotatedWrapperFiller","attribute":"payMethodList._hast"},{"filler_type":"FrameFiller","attribute":"payMethodList._hast"},{"filler_type":"AnnotatedWrapperFiller","attribute":"status"},{"filler_type":"InterfaceFiller","attribute":"status"},{"filler_type":"AnnotatedWrapperFiller","attribute":"status._realtype"},{"filler_type":"RealtypeFiller","attribute":"status._realtype"}]}}
[Test worker] INFO io.opencui.core.DialogManager - session state after turn 3 : {"schedulers_count":1,"main":{"state":"POST_ASK","fillers":[{"filler_type":"AnnotatedWrapperFiller","attribute":"MultiValueMinMax"},{"filler_type":"FrameFiller","attribute":"MultiValueMinMax"},{"filler_type":"AnnotatedWrapperFiller","attribute":"payMethodList"},{"filler_type":"MultiValueFiller","attribute":"payMethodList"},{"filler_type":"AnnotatedWrapperFiller","attribute":"payMethodList._hast"},{"filler_type":"FrameFiller","attribute":"payMethodList._hast"},{"filler_type":"AnnotatedWrapperFiller","attribute":"status"},{"filler_type":"InterfaceFiller","attribute":"status"},{"filler_type":"AnnotatedWrapperFiller","attribute":"status._realtype"},{"filler_type":"RealtypeFiller","attribute":"status._realtype"}]}}
[Test worker] INFO io.opencui.core.DialogManager - session state before turn 4 : {"schedulers_count":1,"main":{"state":"POST_ASK","fillers":[{"filler_type":"AnnotatedWrapperFiller","attribute":"MultiValueMinMax"},{"filler_type":"FrameFiller","attribute":"MultiValueMinMax"},{"filler_type":"AnnotatedWrapperFiller","attribute":"payMethodList"},{"filler_type":"MultiValueFiller","attribute":"payMethodList"},{"filler_type":"AnnotatedWrapperFiller","attribute":"payMethodList._hast"},{"filler_type":"FrameFiller","attribute":"payMethodList._hast"},{"filler_type":"AnnotatedWrapperFiller","attribute":"status"},{"filler_type":"InterfaceFiller","attribute":"status"},{"filler_type":"AnnotatedWrapperFiller","attribute":"status._realtype"},{"filler_type":"RealtypeFiller","attribute":"status._realtype"}]}}
[Test worker] INFO io.opencui.core.DialogManager - session state after turn 4 : {"schedulers_count":1,"main":{"state":"INIT","fillers":[]}}
[Test worker] INFO io.opencui.core.Dispatcher - class io.opencui.du.DucklingRecognizer is configured twice, was http://172.11.51.61:8000/parse now http://172.11.51.61:8000/parse
[Test worker] INFO io.opencui.core.Dispatcher - class io.opencui.du.TfRestBertNLUModel is configured twice, was (172.11.51.61, 8501, null) now (172.11.51.61, 8501, null)
[Test worker] INFO io.opencui.core.Dispatcher - class io.opencui.sessionmanager.ChatbotLoader is configured twice, was InMemoryBotStore(cache=PerpetualCache(cache=agent:io.opencui:test:en:master|version:test)) now InMemoryBotStore(cache=PerpetualCache(cache=agent:io.opencui:test:en:master|version:test))
[Test worker] INFO io.opencui.sessionmanager.SessionManager - create session with bot version: master
[Test worker] INFO io.opencui.core.DialogManager - session state before turn 1 : {"schedulers_count":1,"main":{"state":"INIT","fillers":[]}}
[Test worker] INFO io.opencui.core.DialogManager - session state after turn 1 : {"schedulers_count":1,"main":{"state":"POST_ASK","fillers":[{"filler_type":"AnnotatedWrapperFiller","attribute":"CollectCities"},{"filler_type":"FrameFiller","attribute":"CollectCities"},{"filler_type":"AnnotatedWrapperFiller","attribute":"cities"},{"filler_type":"MultiValueFiller","attribute":"cities"},{"filler_type":"AnnotatedWrapperFiller","attribute":"cities._hast"},{"filler_type":"FrameFiller","attribute":"cities._hast"},{"filler_type":"AnnotatedWrapperFiller","attribute":"status"},{"filler_type":"InterfaceFiller","attribute":"status"},{"filler_type":"AnnotatedWrapperFiller","attribute":"status._realtype"},{"filler_type":"RealtypeFiller","attribute":"status._realtype"}]}}
[Test worker] INFO io.opencui.core.DialogManager - session state before turn 2 : {"schedulers_count":1,"main":{"state":"POST_ASK","fillers":[{"filler_type":"AnnotatedWrapperFiller","attribute":"CollectCities"},{"filler_type":"FrameFiller","attribute":"CollectCities"},{"filler_type":"AnnotatedWrapperFiller","attribute":"cities"},{"filler_type":"MultiValueFiller","attribute":"cities"},{"filler_type":"AnnotatedWrapperFiller","attribute":"cities._hast"},{"filler_type":"FrameFiller","attribute":"cities._hast"},{"filler_type":"AnnotatedWrapperFiller","attribute":"status"},{"filler_type":"InterfaceFiller","attribute":"status"},{"filler_type":"AnnotatedWrapperFiller","attribute":"status._realtype"},{"filler_type":"RealtypeFiller","attribute":"status._realtype"}]}}
[Test worker] INFO io.opencui.core.DialogManager - session state after turn 2 : {"schedulers_count":1,"main":{"state":"POST_ASK","fillers":[{"filler_type":"AnnotatedWrapperFiller","attribute":"CollectCities"},{"filler_type":"FrameFiller","attribute":"CollectCities"},{"filler_type":"AnnotatedWrapperFiller","attribute":"cities"},{"filler_type":"MultiValueFiller","attribute":"cities"},{"filler_type":"AnnotatedWrapperFiller","attribute":"cities._hast"},{"filler_type":"FrameFiller","attribute":"cities._hast"},{"filler_type":"AnnotatedWrapperFiller","attribute":"status"},{"filler_type":"InterfaceFiller","attribute":"status"},{"filler_type":"AnnotatedWrapperFiller","attribute":"status._realtype"},{"filler_type":"RealtypeFiller","attribute":"status._realtype"}]}}
[Test worker] INFO io.opencui.core.DialogManager - session state before turn 3 : {"schedulers_count":1,"main":{"state":"POST_ASK","fillers":[{"filler_type":"AnnotatedWrapperFiller","attribute":"CollectCities"},{"filler_type":"FrameFiller","attribute":"CollectCities"},{"filler_type":"AnnotatedWrapperFiller","attribute":"cities"},{"filler_type":"MultiValueFiller","attribute":"cities"},{"filler_type":"AnnotatedWrapperFiller","attribute":"cities._hast"},{"filler_type":"FrameFiller","attribute":"cities._hast"},{"filler_type":"AnnotatedWrapperFiller","attribute":"status"},{"filler_type":"InterfaceFiller","attribute":"status"},{"filler_type":"AnnotatedWrapperFiller","attribute":"status._realtype"},{"filler_type":"RealtypeFiller","attribute":"status._realtype"}]}}
[Test worker] INFO io.opencui.core.DialogManager - session state after turn 3 : {"schedulers_count":1,"main":{"state":"POST_ASK","fillers":[{"filler_type":"AnnotatedWrapperFiller","attribute":"CollectCities"},{"filler_type":"FrameFiller","attribute":"CollectCities"},{"filler_type":"AnnotatedWrapperFiller","attribute":"cities"},{"filler_type":"MultiValueFiller","attribute":"cities"},{"filler_type":"AnnotatedWrapperFiller","attribute":"cities._hast"},{"filler_type":"FrameFiller","attribute":"cities._hast"},{"filler_type":"AnnotatedWrapperFiller","attribute":"status"},{"filler_type":"InterfaceFiller","attribute":"status"},{"filler_type":"AnnotatedWrapperFiller","attribute":"status._realtype"},{"filler_type":"RealtypeFiller","attribute":"status._realtype"}]}}
[Test worker] INFO io.opencui.core.DialogManager - session state before turn 4 : {"schedulers_count":1,"main":{"state":"POST_ASK","fillers":[{"filler_type":"AnnotatedWrapperFiller","attribute":"CollectCities"},{"filler_type":"FrameFiller","attribute":"CollectCities"},{"filler_type":"AnnotatedWrapperFiller","attribute":"cities"},{"filler_type":"MultiValueFiller","attribute":"cities"},{"filler_type":"AnnotatedWrapperFiller","attribute":"cities._hast"},{"filler_type":"FrameFiller","attribute":"cities._hast"},{"filler_type":"AnnotatedWrapperFiller","attribute":"status"},{"filler_type":"InterfaceFiller","attribute":"status"},{"filler_type":"AnnotatedWrapperFiller","attribute":"status._realtype"},{"filler_type":"RealtypeFiller","attribute":"status._realtype"}]}}
[Test worker] INFO io.opencui.core.DialogManager - session state after turn 4 : {"schedulers_count":1,"main":{"state":"POST_ASK","fillers":[{"filler_type":"AnnotatedWrapperFiller","attribute":"CollectCities"},{"filler_type":"FrameFiller","attribute":"CollectCities"},{"filler_type":"AnnotatedWrapperFiller","attribute":"cities"},{"filler_type":"MultiValueFiller","attribute":"cities"},{"filler_type":"AnnotatedWrapperFiller","attribute":"cities._hast"},{"filler_type":"FrameFiller","attribute":"cities._hast"},{"filler_type":"AnnotatedWrapperFiller","attribute":"status"},{"filler_type":"InterfaceFiller","attribute":"status"},{"filler_type":"AnnotatedWrapperFiller","attribute":"status._realtype"},{"filler_type":"RealtypeFiller","attribute":"status._realtype"}]}}
[Test worker] INFO io.opencui.core.DialogManager - session state before turn 5 : {"schedulers_count":1,"main":{"state":"POST_ASK","fillers":[{"filler_type":"AnnotatedWrapperFiller","attribute":"CollectCities"},{"filler_type":"FrameFiller","attribute":"CollectCities"},{"filler_type":"AnnotatedWrapperFiller","attribute":"cities"},{"filler_type":"MultiValueFiller","attribute":"cities"},{"filler_type":"AnnotatedWrapperFiller","attribute":"cities._hast"},{"filler_type":"FrameFiller","attribute":"cities._hast"},{"filler_type":"AnnotatedWrapperFiller","attribute":"status"},{"filler_type":"InterfaceFiller","attribute":"status"},{"filler_type":"AnnotatedWrapperFiller","attribute":"status._realtype"},{"filler_type":"RealtypeFiller","attribute":"status._realtype"}]}}
[Test worker] INFO io.opencui.core.DialogManager - session state after turn 5 : {"schedulers_count":1,"main":{"state":"INIT","fillers":[]}}
[Test worker] INFO io.opencui.core.DialogManager - session state before turn 6 : {"schedulers_count":1,"main":{"state":"INIT","fillers":[]}}
[Test worker] INFO io.opencui.core.DialogManager - session state after turn 6 : {"schedulers_count":2,"main":{"state":"POST_ASK","fillers":[{"filler_type":"AnnotatedWrapperFiller","attribute":"BookTrain"},{"filler_type":"FrameFiller","attribute":"BookTrain"},{"filler_type":"AnnotatedWrapperFiller","attribute":"departure"},{"filler_type":"EntityFiller","attribute":"departure"}]}}
[Test worker] INFO io.opencui.core.DialogManager - session state before turn 7 : {"schedulers_count":2,"main":{"state":"POST_ASK","fillers":[{"filler_type":"AnnotatedWrapperFiller","attribute":"BookTrain"},{"filler_type":"FrameFiller","attribute":"BookTrain"},{"filler_type":"AnnotatedWrapperFiller","attribute":"departure"},{"filler_type":"EntityFiller","attribute":"departure"}]}}
[Test worker] INFO io.opencui.core.DialogManager - session state after turn 7 : {"schedulers_count":2,"main":{"state":"POST_ASK","fillers":[{"filler_type":"AnnotatedWrapperFiller","attribute":"BookTrain"},{"filler_type":"FrameFiller","attribute":"BookTrain"},{"filler_type":"AnnotatedWrapperFiller","attribute":"arrival"},{"filler_type":"EntityFiller","attribute":"arrival"}]}}
[Test worker] INFO io.opencui.core.DialogManager - session state before turn 8 : {"schedulers_count":2,"main":{"state":"POST_ASK","fillers":[{"filler_type":"AnnotatedWrapperFiller","attribute":"BookTrain"},{"filler_type":"FrameFiller","attribute":"BookTrain"},{"filler_type":"AnnotatedWrapperFiller","attribute":"arrival"},{"filler_type":"EntityFiller","attribute":"arrival"}]}}
[Test worker] INFO io.opencui.core.DialogManager - session state after turn 8 : {"schedulers_count":1,"main":{"state":"POST_ASK","fillers":[{"filler_type":"AnnotatedWrapperFiller","attribute":"BookTrain"},{"filler_type":"FrameFiller","attribute":"BookTrain"},{"filler_type":"AnnotatedWrapperFiller","attribute":"placeHolder"},{"filler_type":"EntityFiller","attribute":"placeHolder"}]}}
[Test worker] INFO io.opencui.core.DialogManager - session state before turn 9 : {"schedulers_count":1,"main":{"state":"POST_ASK","fillers":[{"filler_type":"AnnotatedWrapperFiller","attribute":"BookTrain"},{"filler_type":"FrameFiller","attribute":"BookTrain"},{"filler_type":"AnnotatedWrapperFiller","attribute":"placeHolder"},{"filler_type":"EntityFiller","attribute":"placeHolder"}]}}
[Test worker] INFO io.opencui.core.DialogManager - session state after turn 9 : {"schedulers_count":1,"main":{"state":"INIT","fillers":[]}}
[Test worker] INFO io.opencui.core.Dispatcher - class io.opencui.du.DucklingRecognizer is configured twice, was http://172.11.51.61:8000/parse now http://172.11.51.61:8000/parse
[Test worker] INFO io.opencui.core.Dispatcher - class io.opencui.du.TfRestBertNLUModel is configured twice, was (172.11.51.61, 8501, null) now (172.11.51.61, 8501, null)
[Test worker] INFO io.opencui.core.Dispatcher - class io.opencui.sessionmanager.ChatbotLoader is configured twice, was InMemoryBotStore(cache=PerpetualCache(cache=agent:io.opencui:test:en:master|version:test)) now InMemoryBotStore(cache=PerpetualCache(cache=agent:io.opencui:test:en:master|version:test))
[Test worker] INFO io.opencui.sessionmanager.SessionManager - create session with bot version: master
[Test worker] INFO io.opencui.core.DialogManager - session state before turn 1 : {"schedulers_count":1,"main":{"state":"INIT","fillers":[]}}
[Test worker] INFO io.opencui.core.DialogManager - session state after turn 1 : {"schedulers_count":1,"main":{"state":"POST_ASK","fillers":[{"filler_type":"AnnotatedWrapperFiller","attribute":"Hi"},{"filler_type":"FrameFiller","attribute":"Hi"},{"filler_type":"AnnotatedWrapperFiller","attribute":"Person"},{"filler_type":"FrameFiller","attribute":"Person"},{"filler_type":"AnnotatedWrapperFiller","attribute":"name"},{"filler_type":"EntityFiller","attribute":"name"}]}}
[Test worker] INFO io.opencui.core.DialogManager - session state before turn 2 : {"schedulers_count":1,"main":{"state":"POST_ASK","fillers":[{"filler_type":"AnnotatedWrapperFiller","attribute":"Hi"},{"filler_type":"FrameFiller","attribute":"Hi"},{"filler_type":"AnnotatedWrapperFiller","attribute":"Person"},{"filler_type":"FrameFiller","attribute":"Person"},{"filler_type":"AnnotatedWrapperFiller","attribute":"name"},{"filler_type":"EntityFiller","attribute":"name"}]}}
[Test worker] INFO io.opencui.core.DialogManager - session state after turn 2 : {"schedulers_count":1,"main":{"state":"POST_ASK","fillers":[{"filler_type":"AnnotatedWrapperFiller","attribute":"Hi"},{"filler_type":"FrameFiller","attribute":"Hi"},{"filler_type":"AnnotatedWrapperFiller","attribute":"Person"},{"filler_type":"FrameFiller","attribute":"Person"},{"filler_type":"AnnotatedWrapperFiller","attribute":"age"},{"filler_type":"EntityFiller","attribute":"age"}]}}
[Test worker] INFO io.opencui.core.DialogManager - session state before turn 3 : {"schedulers_count":1,"main":{"state":"POST_ASK","fillers":[{"filler_type":"AnnotatedWrapperFiller","attribute":"Hi"},{"filler_type":"FrameFiller","attribute":"Hi"},{"filler_type":"AnnotatedWrapperFiller","attribute":"Person"},{"filler_type":"FrameFiller","attribute":"Person"},{"filler_type":"AnnotatedWrapperFiller","attribute":"age"},{"filler_type":"EntityFiller","attribute":"age"}]}}
java.lang.ClassNotFoundException: io.opencui.test.person
	at java.base/java.net.URLClassLoader.findClass(URLClassLoader.java:476)
	at java.base/java.lang.ClassLoader.loadClass(ClassLoader.java:589)
	at java.base/java.lang.ClassLoader.loadClass(ClassLoader.java:522)
	at java.base/java.lang.Class.forName0(Native Method)
	at java.base/java.lang.Class.forName(Class.java:398)
	at io.opencui.core.UserSession.construct(UserSession.kt:627)
	at io.opencui.core.BaseKt$createFrameGenerator$1.invoke(base.kt:38)
	at io.opencui.core.BaseKt$createFrameGenerator$1.invoke(base.kt:33)
	at io.opencui.core.InterfaceFiller$askFiller$2$entityFiller$2.invoke(filler.kt:933)
	at io.opencui.core.InterfaceFiller$askFiller$2$entityFiller$2.invoke(filler.kt:933)
	at io.opencui.core.RealtypeFiller.isCompatible(filler.kt:401)
	at io.opencui.core.AnnotatedWrapperFiller.isCompatible(filler.kt:793)
	at io.opencui.core.InterfaceFiller.isCompatible(filler.kt:923)
	at io.opencui.core.AnnotatedWrapperFiller.isCompatible(filler.kt:793)
	at io.opencui.core.UserSession$searchForRefocusChild$matcher$1.invoke(UserSession.kt:713)
	at io.opencui.core.UserSession$searchForRefocusChild$matcher$1.invoke(UserSession.kt:705)
	at io.opencui.core.UserSession.searchForRefocusChild(UserSession.kt:1039)
	at io.opencui.core.UserSession.tryToRefocus(UserSession.kt:673)
	at io.opencui.core.UserSession.kernelStep(UserSession.kt:277)
	at io.opencui.core.UserSession.userStep(UserSession.kt:204)
	at io.opencui.core.DialogManager.response(execution.kt:99)
	at io.opencui.core.RuntimeTest.process(RuntimeTest.kt:1687)
	at io.opencui.core.RuntimeTest.testBasics(RuntimeTest.kt:250)
	at java.base/jdk.internal.reflect.NativeMethodAccessorImpl.invoke0(Native Method)
	at java.base/jdk.internal.reflect.NativeMethodAccessorImpl.invoke(NativeMethodAccessorImpl.java:62)
	at java.base/jdk.internal.reflect.DelegatingMethodAccessorImpl.invoke(DelegatingMethodAccessorImpl.java:43)
	at java.base/java.lang.reflect.Method.invoke(Method.java:566)
	at org.junit.runners.model.FrameworkMethod$1.runReflectiveCall(FrameworkMethod.java:50)
	at org.junit.internal.runners.model.ReflectiveCallable.run(ReflectiveCallable.java:12)
	at org.junit.runners.model.FrameworkMethod.invokeExplosively(FrameworkMethod.java:47)
	at org.junit.internal.runners.statements.InvokeMethod.evaluate(InvokeMethod.java:17)
	at org.junit.runners.ParentRunner.runLeaf(ParentRunner.java:325)
	at org.junit.runners.BlockJUnit4ClassRunner.runChild(BlockJUnit4ClassRunner.java:78)
	at org.junit.runners.BlockJUnit4ClassRunner.runChild(BlockJUnit4ClassRunner.java:57)
	at org.junit.runners.ParentRunner$3.run(ParentRunner.java:290)
	at org.junit.runners.ParentRunner$1.schedule(ParentRunner.java:71)
	at org.junit.runners.ParentRunner.runChildren(ParentRunner.java:288)
	at org.junit.runners.ParentRunner.access$000(ParentRunner.java:58)
	at org.junit.runners.ParentRunner$2.evaluate(ParentRunner.java:268)
	at org.junit.runners.ParentRunner.run(ParentRunner.java:363)
	at org.gradle.api.internal.tasks.testing.junit.JUnitTestClassExecutor.runTestClass(JUnitTestClassExecutor.java:110)
	at org.gradle.api.internal.tasks.testing.junit.JUnitTestClassExecutor.execute(JUnitTestClassExecutor.java:58)
	at org.gradle.api.internal.tasks.testing.junit.JUnitTestClassExecutor.execute(JUnitTestClassExecutor.java:38)
	at org.gradle.api.internal.tasks.testing.junit.AbstractJUnitTestClassProcessor.processTestClass(AbstractJUnitTestClassProcessor.java:62)
	at org.gradle.api.internal.tasks.testing.SuiteTestClassProcessor.processTestClass(SuiteTestClassProcessor.java:51)
	at java.base/jdk.internal.reflect.NativeMethodAccessorImpl.invoke0(Native Method)
	at java.base/jdk.internal.reflect.NativeMethodAccessorImpl.invoke(NativeMethodAccessorImpl.java:62)
	at java.base/jdk.internal.reflect.DelegatingMethodAccessorImpl.invoke(DelegatingMethodAccessorImpl.java:43)
	at java.base/java.lang.reflect.Method.invoke(Method.java:566)
	at org.gradle.internal.dispatch.ReflectionDispatch.dispatch(ReflectionDispatch.java:36)
	at org.gradle.internal.dispatch.ReflectionDispatch.dispatch(ReflectionDispatch.java:24)
	at org.gradle.internal.dispatch.ContextClassLoaderDispatch.dispatch(ContextClassLoaderDispatch.java:33)
	at org.gradle.internal.dispatch.ProxyDispatchAdapter$DispatchingInvocationHandler.invoke(ProxyDispatchAdapter.java:94)
	at com.sun.proxy.$Proxy2.processTestClass(Unknown Source)
	at org.gradle.api.internal.tasks.testing.worker.TestWorker$2.run(TestWorker.java:176)
	at org.gradle.api.internal.tasks.testing.worker.TestWorker.executeAndMaintainThreadName(TestWorker.java:129)
	at org.gradle.api.internal.tasks.testing.worker.TestWorker.execute(TestWorker.java:100)
	at org.gradle.api.internal.tasks.testing.worker.TestWorker.execute(TestWorker.java:60)
	at org.gradle.process.internal.worker.child.ActionExecutionWorker.execute(ActionExecutionWorker.java:56)
	at org.gradle.process.internal.worker.child.SystemApplicationClassLoaderWorker.call(SystemApplicationClassLoaderWorker.java:133)
	at org.gradle.process.internal.worker.child.SystemApplicationClassLoaderWorker.call(SystemApplicationClassLoaderWorker.java:71)
	at worker.org.gradle.process.internal.worker.GradleWorkerMain.run(GradleWorkerMain.java:69)
	at worker.org.gradle.process.internal.worker.GradleWorkerMain.main(GradleWorkerMain.java:74)
java.lang.ClassNotFoundException: io.opencui.test.person
	at java.base/java.net.URLClassLoader.findClass(URLClassLoader.java:476)
	at java.base/java.lang.ClassLoader.loadClass(ClassLoader.java:589)
	at java.base/java.lang.ClassLoader.loadClass(ClassLoader.java:522)
	at java.base/java.lang.Class.forName0(Native Method)
	at java.base/java.lang.Class.forName(Class.java:398)
	at io.opencui.core.UserSession.construct(UserSession.kt:627)
	at io.opencui.core.CompiledKt$intentBuilder$1.invoke(compiled.kt:110)
	at io.opencui.core.EventFrameBuilder.invoke(compiled.kt:95)
	at io.opencui.core.UserSession.kernelStep(UserSession.kt:312)
	at io.opencui.core.UserSession.userStep(UserSession.kt:204)
	at io.opencui.core.DialogManager.response(execution.kt:99)
	at io.opencui.core.RuntimeTest.process(RuntimeTest.kt:1687)
	at io.opencui.core.RuntimeTest.testBasics(RuntimeTest.kt:250)
	at java.base/jdk.internal.reflect.NativeMethodAccessorImpl.invoke0(Native Method)
	at java.base/jdk.internal.reflect.NativeMethodAccessorImpl.invoke(NativeMethodAccessorImpl.java:62)
	at java.base/jdk.internal.reflect.DelegatingMethodAccessorImpl.invoke(DelegatingMethodAccessorImpl.java:43)
	at java.base/java.lang.reflect.Method.invoke(Method.java:566)
	at org.junit.runners.model.FrameworkMethod$1.runReflectiveCall(FrameworkMethod.java:50)
	at org.junit.internal.runners.model.ReflectiveCallable.run(ReflectiveCallable.java:12)
	at org.junit.runners.model.FrameworkMethod.invokeExplosively(FrameworkMethod.java:47)
	at org.junit.internal.runners.statements.InvokeMethod.evaluate(InvokeMethod.java:17)
	at org.junit.runners.ParentRunner.runLeaf(ParentRunner.java:325)
	at org.junit.runners.BlockJUnit4ClassRunner.runChild(BlockJUnit4ClassRunner.java:78)
	at org.junit.runners.BlockJUnit4ClassRunner.runChild(BlockJUnit4ClassRunner.java:57)
	at org.junit.runners.ParentRunner$3.run(ParentRunner.java:290)
	at org.junit.runners.ParentRunner$1.schedule(ParentRunner.java:71)
	at org.junit.runners.ParentRunner.runChildren(ParentRunner.java:288)
	at org.junit.runners.ParentRunner.access$000(ParentRunner.java:58)
	at org.junit.runners.ParentRunner$2.evaluate(ParentRunner.java:268)
	at org.junit.runners.ParentRunner.run(ParentRunner.java:363)
	at org.gradle.api.internal.tasks.testing.junit.JUnitTestClassExecutor.runTestClass(JUnitTestClassExecutor.java:110)
	at org.gradle.api.internal.tasks.testing.junit.JUnitTestClassExecutor.execute(JUnitTestClassExecutor.java:58)
	at org.gradle.api.internal.tasks.testing.junit.JUnitTestClassExecutor.execute(JUnitTestClassExecutor.java:38)
	at org.gradle.api.internal.tasks.testing.junit.AbstractJUnitTestClassProcessor.processTestClass(AbstractJUnitTestClassProcessor.java:62)
	at org.gradle.api.internal.tasks.testing.SuiteTestClassProcessor.processTestClass(SuiteTestClassProcessor.java:51)
	at java.base/jdk.internal.reflect.NativeMethodAccessorImpl.invoke0(Native Method)
	at java.base/jdk.internal.reflect.NativeMethodAccessorImpl.invoke(NativeMethodAccessorImpl.java:62)
	at java.base/jdk.internal.reflect.DelegatingMethodAccessorImpl.invoke(DelegatingMethodAccessorImpl.java:43)
	at java.base/java.lang.reflect.Method.invoke(Method.java:566)
	at org.gradle.internal.dispatch.ReflectionDispatch.dispatch(ReflectionDispatch.java:36)
	at org.gradle.internal.dispatch.ReflectionDispatch.dispatch(ReflectionDispatch.java:24)
	at org.gradle.internal.dispatch.ContextClassLoaderDispatch.dispatch(ContextClassLoaderDispatch.java:33)
	at org.gradle.internal.dispatch.ProxyDispatchAdapter$DispatchingInvocationHandler.invoke(ProxyDispatchAdapter.java:94)
	at com.sun.proxy.$Proxy2.processTestClass(Unknown Source)
	at org.gradle.api.internal.tasks.testing.worker.TestWorker$2.run(TestWorker.java:176)
	at org.gradle.api.internal.tasks.testing.worker.TestWorker.executeAndMaintainThreadName(TestWorker.java:129)
	at org.gradle.api.internal.tasks.testing.worker.TestWorker.execute(TestWorker.java:100)
	at org.gradle.api.internal.tasks.testing.worker.TestWorker.execute(TestWorker.java:60)
	at org.gradle.process.internal.worker.child.ActionExecutionWorker.execute(ActionExecutionWorker.java:56)
	at org.gradle.process.internal.worker.child.SystemApplicationClassLoaderWorker.call(SystemApplicationClassLoaderWorker.java:133)
	at org.gradle.process.internal.worker.child.SystemApplicationClassLoaderWorker.call(SystemApplicationClassLoaderWorker.java:71)
	at worker.org.gradle.process.internal.worker.GradleWorkerMain.run(GradleWorkerMain.java:69)
	at worker.org.gradle.process.internal.worker.GradleWorkerMain.main(GradleWorkerMain.java:74)
[Test worker] INFO io.opencui.core.DialogManager - session state after turn 3 : {"schedulers_count":1,"main":{"state":"POST_ASK","fillers":[{"filler_type":"AnnotatedWrapperFiller","attribute":"Hi"},{"filler_type":"FrameFiller","attribute":"Hi"},{"filler_type":"AnnotatedWrapperFiller","attribute":"Person"},{"filler_type":"FrameFiller","attribute":"Person"},{"filler_type":"AnnotatedWrapperFiller","attribute":"age"},{"filler_type":"EntityFiller","attribute":"age"}]}}
[Test worker] INFO io.opencui.core.DialogManager - session state before turn 4 : {"schedulers_count":1,"main":{"state":"POST_ASK","fillers":[{"filler_type":"AnnotatedWrapperFiller","attribute":"Hi"},{"filler_type":"FrameFiller","attribute":"Hi"},{"filler_type":"AnnotatedWrapperFiller","attribute":"Person"},{"filler_type":"FrameFiller","attribute":"Person"},{"filler_type":"AnnotatedWrapperFiller","attribute":"age"},{"filler_type":"EntityFiller","attribute":"age"}]}}
[Test worker] INFO io.opencui.core.DialogManager - session state after turn 4 : {"schedulers_count":1,"main":{"state":"POST_ASK","fillers":[{"filler_type":"AnnotatedWrapperFiller","attribute":"Hi"},{"filler_type":"FrameFiller","attribute":"Hi"},{"filler_type":"AnnotatedWrapperFiller","attribute":"Person"},{"filler_type":"FrameFiller","attribute":"Person"},{"filler_type":"AnnotatedWrapperFiller","attribute":"height"},{"filler_type":"EntityFiller","attribute":"height"}]}}
[Test worker] INFO io.opencui.core.DialogManager - session state before turn 5 : {"schedulers_count":1,"main":{"state":"POST_ASK","fillers":[{"filler_type":"AnnotatedWrapperFiller","attribute":"Hi"},{"filler_type":"FrameFiller","attribute":"Hi"},{"filler_type":"AnnotatedWrapperFiller","attribute":"Person"},{"filler_type":"FrameFiller","attribute":"Person"},{"filler_type":"AnnotatedWrapperFiller","attribute":"height"},{"filler_type":"EntityFiller","attribute":"height"}]}}
java.lang.ClassNotFoundException: io.opencui.test.person
	at java.base/java.net.URLClassLoader.findClass(URLClassLoader.java:476)
	at java.base/java.lang.ClassLoader.loadClass(ClassLoader.java:589)
	at java.base/java.lang.ClassLoader.loadClass(ClassLoader.java:522)
	at java.base/java.lang.Class.forName0(Native Method)
	at java.base/java.lang.Class.forName(Class.java:398)
	at io.opencui.core.UserSession.construct(UserSession.kt:627)
	at io.opencui.core.BaseKt$createFrameGenerator$1.invoke(base.kt:38)
	at io.opencui.core.BaseKt$createFrameGenerator$1.invoke(base.kt:33)
	at io.opencui.core.InterfaceFiller$askFiller$2$entityFiller$2.invoke(filler.kt:933)
	at io.opencui.core.InterfaceFiller$askFiller$2$entityFiller$2.invoke(filler.kt:933)
	at io.opencui.core.RealtypeFiller.isCompatible(filler.kt:401)
	at io.opencui.core.AnnotatedWrapperFiller.isCompatible(filler.kt:793)
	at io.opencui.core.InterfaceFiller.isCompatible(filler.kt:923)
	at io.opencui.core.AnnotatedWrapperFiller.grow(filler.kt:668)
	at io.opencui.core.Scheduler.grow(UserSession.kt:61)
	at io.opencui.core.RescheduleAction.run(action.kt:481)
	at io.opencui.core.DialogManager.response(execution.kt:108)
	at io.opencui.core.RuntimeTest.process(RuntimeTest.kt:1687)
	at io.opencui.core.RuntimeTest.testBasics(RuntimeTest.kt:250)
	at java.base/jdk.internal.reflect.NativeMethodAccessorImpl.invoke0(Native Method)
	at java.base/jdk.internal.reflect.NativeMethodAccessorImpl.invoke(NativeMethodAccessorImpl.java:62)
	at java.base/jdk.internal.reflect.DelegatingMethodAccessorImpl.invoke(DelegatingMethodAccessorImpl.java:43)
	at java.base/java.lang.reflect.Method.invoke(Method.java:566)
	at org.junit.runners.model.FrameworkMethod$1.runReflectiveCall(FrameworkMethod.java:50)
	at org.junit.internal.runners.model.ReflectiveCallable.run(ReflectiveCallable.java:12)
	at org.junit.runners.model.FrameworkMethod.invokeExplosively(FrameworkMethod.java:47)
	at org.junit.internal.runners.statements.InvokeMethod.evaluate(InvokeMethod.java:17)
	at org.junit.runners.ParentRunner.runLeaf(ParentRunner.java:325)
	at org.junit.runners.BlockJUnit4ClassRunner.runChild(BlockJUnit4ClassRunner.java:78)
	at org.junit.runners.BlockJUnit4ClassRunner.runChild(BlockJUnit4ClassRunner.java:57)
	at org.junit.runners.ParentRunner$3.run(ParentRunner.java:290)
	at org.junit.runners.ParentRunner$1.schedule(ParentRunner.java:71)
	at org.junit.runners.ParentRunner.runChildren(ParentRunner.java:288)
	at org.junit.runners.ParentRunner.access$000(ParentRunner.java:58)
	at org.junit.runners.ParentRunner$2.evaluate(ParentRunner.java:268)
	at org.junit.runners.ParentRunner.run(ParentRunner.java:363)
	at org.gradle.api.internal.tasks.testing.junit.JUnitTestClassExecutor.runTestClass(JUnitTestClassExecutor.java:110)
	at org.gradle.api.internal.tasks.testing.junit.JUnitTestClassExecutor.execute(JUnitTestClassExecutor.java:58)
	at org.gradle.api.internal.tasks.testing.junit.JUnitTestClassExecutor.execute(JUnitTestClassExecutor.java:38)
	at org.gradle.api.internal.tasks.testing.junit.AbstractJUnitTestClassProcessor.processTestClass(AbstractJUnitTestClassProcessor.java:62)
	at org.gradle.api.internal.tasks.testing.SuiteTestClassProcessor.processTestClass(SuiteTestClassProcessor.java:51)
	at java.base/jdk.internal.reflect.NativeMethodAccessorImpl.invoke0(Native Method)
	at java.base/jdk.internal.reflect.NativeMethodAccessorImpl.invoke(NativeMethodAccessorImpl.java:62)
	at java.base/jdk.internal.reflect.DelegatingMethodAccessorImpl.invoke(DelegatingMethodAccessorImpl.java:43)
	at java.base/java.lang.reflect.Method.invoke(Method.java:566)
	at org.gradle.internal.dispatch.ReflectionDispatch.dispatch(ReflectionDispatch.java:36)
	at org.gradle.internal.dispatch.ReflectionDispatch.dispatch(ReflectionDispatch.java:24)
	at org.gradle.internal.dispatch.ContextClassLoaderDispatch.dispatch(ContextClassLoaderDispatch.java:33)
	at org.gradle.internal.dispatch.ProxyDispatchAdapter$DispatchingInvocationHandler.invoke(ProxyDispatchAdapter.java:94)
	at com.sun.proxy.$Proxy2.processTestClass(Unknown Source)
	at org.gradle.api.internal.tasks.testing.worker.TestWorker$2.run(TestWorker.java:176)
	at org.gradle.api.internal.tasks.testing.worker.TestWorker.executeAndMaintainThreadName(TestWorker.java:129)
	at org.gradle.api.internal.tasks.testing.worker.TestWorker.execute(TestWorker.java:100)
	at org.gradle.api.internal.tasks.testing.worker.TestWorker.execute(TestWorker.java:60)
	at org.gradle.process.internal.worker.child.ActionExecutionWorker.execute(ActionExecutionWorker.java:56)
	at org.gradle.process.internal.worker.child.SystemApplicationClassLoaderWorker.call(SystemApplicationClassLoaderWorker.java:133)
	at org.gradle.process.internal.worker.child.SystemApplicationClassLoaderWorker.call(SystemApplicationClassLoaderWorker.java:71)
	at worker.org.gradle.process.internal.worker.GradleWorkerMain.run(GradleWorkerMain.java:69)
	at worker.org.gradle.process.internal.worker.GradleWorkerMain.main(GradleWorkerMain.java:74)
java.lang.ClassNotFoundException: io.opencui.test.person
	at java.base/java.net.URLClassLoader.findClass(URLClassLoader.java:476)
	at java.base/java.lang.ClassLoader.loadClass(ClassLoader.java:589)
	at java.base/java.lang.ClassLoader.loadClass(ClassLoader.java:522)
	at java.base/java.lang.Class.forName0(Native Method)
	at java.base/java.lang.Class.forName(Class.java:398)
	at io.opencui.core.UserSession.construct(UserSession.kt:627)
	at io.opencui.core.BaseKt$createFrameGenerator$1.invoke(base.kt:38)
	at io.opencui.core.BaseKt$createFrameGenerator$1.invoke(base.kt:33)
	at io.opencui.core.InterfaceFiller$askFiller$2$entityFiller$2.invoke(filler.kt:933)
	at io.opencui.core.InterfaceFiller$askFiller$2$entityFiller$2.invoke(filler.kt:933)
	at io.opencui.core.RealtypeFiller.isCompatible(filler.kt:401)
	at io.opencui.core.AnnotatedWrapperFiller.grow(filler.kt:668)
	at io.opencui.core.Scheduler.grow(UserSession.kt:61)
	at io.opencui.core.RescheduleAction.run(action.kt:481)
	at io.opencui.core.DialogManager.response(execution.kt:108)
	at io.opencui.core.RuntimeTest.process(RuntimeTest.kt:1687)
	at io.opencui.core.RuntimeTest.testBasics(RuntimeTest.kt:250)
	at java.base/jdk.internal.reflect.NativeMethodAccessorImpl.invoke0(Native Method)
	at java.base/jdk.internal.reflect.NativeMethodAccessorImpl.invoke(NativeMethodAccessorImpl.java:62)
	at java.base/jdk.internal.reflect.DelegatingMethodAccessorImpl.invoke(DelegatingMethodAccessorImpl.java:43)
	at java.base/java.lang.reflect.Method.invoke(Method.java:566)
	at org.junit.runners.model.FrameworkMethod$1.runReflectiveCall(FrameworkMethod.java:50)
	at org.junit.internal.runners.model.ReflectiveCallable.run(ReflectiveCallable.java:12)
	at org.junit.runners.model.FrameworkMethod.invokeExplosively(FrameworkMethod.java:47)
	at org.junit.internal.runners.statements.InvokeMethod.evaluate(InvokeMethod.java:17)
	at org.junit.runners.ParentRunner.runLeaf(ParentRunner.java:325)
	at org.junit.runners.BlockJUnit4ClassRunner.runChild(BlockJUnit4ClassRunner.java:78)
	at org.junit.runners.BlockJUnit4ClassRunner.runChild(BlockJUnit4ClassRunner.java:57)
	at org.junit.runners.ParentRunner$3.run(ParentRunner.java:290)
	at org.junit.runners.ParentRunner$1.schedule(ParentRunner.java:71)
	at org.junit.runners.ParentRunner.runChildren(ParentRunner.java:288)
	at org.junit.runners.ParentRunner.access$000(ParentRunner.java:58)
	at org.junit.runners.ParentRunner$2.evaluate(ParentRunner.java:268)
	at org.junit.runners.ParentRunner.run(ParentRunner.java:363)
	at org.gradle.api.internal.tasks.testing.junit.JUnitTestClassExecutor.runTestClass(JUnitTestClassExecutor.java:110)
	at org.gradle.api.internal.tasks.testing.junit.JUnitTestClassExecutor.execute(JUnitTestClassExecutor.java:58)
	at org.gradle.api.internal.tasks.testing.junit.JUnitTestClassExecutor.execute(JUnitTestClassExecutor.java:38)
	at org.gradle.api.internal.tasks.testing.junit.AbstractJUnitTestClassProcessor.processTestClass(AbstractJUnitTestClassProcessor.java:62)
	at org.gradle.api.internal.tasks.testing.SuiteTestClassProcessor.processTestClass(SuiteTestClassProcessor.java:51)
	at java.base/jdk.internal.reflect.NativeMethodAccessorImpl.invoke0(Native Method)
	at java.base/jdk.internal.reflect.NativeMethodAccessorImpl.invoke(NativeMethodAccessorImpl.java:62)
	at java.base/jdk.internal.reflect.DelegatingMethodAccessorImpl.invoke(DelegatingMethodAccessorImpl.java:43)
	at java.base/java.lang.reflect.Method.invoke(Method.java:566)
	at org.gradle.internal.dispatch.ReflectionDispatch.dispatch(ReflectionDispatch.java:36)
	at org.gradle.internal.dispatch.ReflectionDispatch.dispatch(ReflectionDispatch.java:24)
	at org.gradle.internal.dispatch.ContextClassLoaderDispatch.dispatch(ContextClassLoaderDispatch.java:33)
	at org.gradle.internal.dispatch.ProxyDispatchAdapter$DispatchingInvocationHandler.invoke(ProxyDispatchAdapter.java:94)
	at com.sun.proxy.$Proxy2.processTestClass(Unknown Source)
	at org.gradle.api.internal.tasks.testing.worker.TestWorker$2.run(TestWorker.java:176)
	at org.gradle.api.internal.tasks.testing.worker.TestWorker.executeAndMaintainThreadName(TestWorker.java:129)
	at org.gradle.api.internal.tasks.testing.worker.TestWorker.execute(TestWorker.java:100)
	at org.gradle.api.internal.tasks.testing.worker.TestWorker.execute(TestWorker.java:60)
	at org.gradle.process.internal.worker.child.ActionExecutionWorker.execute(ActionExecutionWorker.java:56)
	at org.gradle.process.internal.worker.child.SystemApplicationClassLoaderWorker.call(SystemApplicationClassLoaderWorker.java:133)
	at org.gradle.process.internal.worker.child.SystemApplicationClassLoaderWorker.call(SystemApplicationClassLoaderWorker.java:71)
	at worker.org.gradle.process.internal.worker.GradleWorkerMain.run(GradleWorkerMain.java:69)
	at worker.org.gradle.process.internal.worker.GradleWorkerMain.main(GradleWorkerMain.java:74)
java.lang.ClassNotFoundException: io.opencui.test.person
	at java.base/java.net.URLClassLoader.findClass(URLClassLoader.java:476)
	at java.base/java.lang.ClassLoader.loadClass(ClassLoader.java:589)
	at java.base/java.lang.ClassLoader.loadClass(ClassLoader.java:522)
	at java.base/java.lang.Class.forName0(Native Method)
	at java.base/java.lang.Class.forName(Class.java:398)
	at io.opencui.core.UserSession.construct(UserSession.kt:627)
	at io.opencui.core.BaseKt$createFrameGenerator$1.invoke(base.kt:38)
	at io.opencui.core.BaseKt$createFrameGenerator$1.invoke(base.kt:33)
	at io.opencui.core.InterfaceFiller$askFiller$2$entityFiller$2.invoke(filler.kt:933)
	at io.opencui.core.InterfaceFiller$askFiller$2$entityFiller$2.invoke(filler.kt:933)
	at io.opencui.core.RealtypeFiller.isCompatible(filler.kt:401)
	at io.opencui.core.AEntityFiller.move(filler.kt:263)
	at io.opencui.core.Scheduler.grow(UserSession.kt:59)
	at io.opencui.core.RescheduleAction.run(action.kt:481)
	at io.opencui.core.DialogManager.response(execution.kt:108)
	at io.opencui.core.RuntimeTest.process(RuntimeTest.kt:1687)
	at io.opencui.core.RuntimeTest.testBasics(RuntimeTest.kt:250)
	at java.base/jdk.internal.reflect.NativeMethodAccessorImpl.invoke0(Native Method)
	at java.base/jdk.internal.reflect.NativeMethodAccessorImpl.invoke(NativeMethodAccessorImpl.java:62)
	at java.base/jdk.internal.reflect.DelegatingMethodAccessorImpl.invoke(DelegatingMethodAccessorImpl.java:43)
	at java.base/java.lang.reflect.Method.invoke(Method.java:566)
	at org.junit.runners.model.FrameworkMethod$1.runReflectiveCall(FrameworkMethod.java:50)
	at org.junit.internal.runners.model.ReflectiveCallable.run(ReflectiveCallable.java:12)
	at org.junit.runners.model.FrameworkMethod.invokeExplosively(FrameworkMethod.java:47)
	at org.junit.internal.runners.statements.InvokeMethod.evaluate(InvokeMethod.java:17)
	at org.junit.runners.ParentRunner.runLeaf(ParentRunner.java:325)
	at org.junit.runners.BlockJUnit4ClassRunner.runChild(BlockJUnit4ClassRunner.java:78)
	at org.junit.runners.BlockJUnit4ClassRunner.runChild(BlockJUnit4ClassRunner.java:57)
	at org.junit.runners.ParentRunner$3.run(ParentRunner.java:290)
	at org.junit.runners.ParentRunner$1.schedule(ParentRunner.java:71)
	at org.junit.runners.ParentRunner.runChildren(ParentRunner.java:288)
	at org.junit.runners.ParentRunner.access$000(ParentRunner.java:58)
	at org.junit.runners.ParentRunner$2.evaluate(ParentRunner.java:268)
	at org.junit.runners.ParentRunner.run(ParentRunner.java:363)
	at org.gradle.api.internal.tasks.testing.junit.JUnitTestClassExecutor.runTestClass(JUnitTestClassExecutor.java:110)
	at org.gradle.api.internal.tasks.testing.junit.JUnitTestClassExecutor.execute(JUnitTestClassExecutor.java:58)
	at org.gradle.api.internal.tasks.testing.junit.JUnitTestClassExecutor.execute(JUnitTestClassExecutor.java:38)
	at org.gradle.api.internal.tasks.testing.junit.AbstractJUnitTestClassProcessor.processTestClass(AbstractJUnitTestClassProcessor.java:62)
	at org.gradle.api.internal.tasks.testing.SuiteTestClassProcessor.processTestClass(SuiteTestClassProcessor.java:51)
	at java.base/jdk.internal.reflect.NativeMethodAccessorImpl.invoke0(Native Method)
	at java.base/jdk.internal.reflect.NativeMethodAccessorImpl.invoke(NativeMethodAccessorImpl.java:62)
	at java.base/jdk.internal.reflect.DelegatingMethodAccessorImpl.invoke(DelegatingMethodAccessorImpl.java:43)
	at java.base/java.lang.reflect.Method.invoke(Method.java:566)
	at org.gradle.internal.dispatch.ReflectionDispatch.dispatch(ReflectionDispatch.java:36)
	at org.gradle.internal.dispatch.ReflectionDispatch.dispatch(ReflectionDispatch.java:24)
	at org.gradle.internal.dispatch.ContextClassLoaderDispatch.dispatch(ContextClassLoaderDispatch.java:33)
	at org.gradle.internal.dispatch.ProxyDispatchAdapter$DispatchingInvocationHandler.invoke(ProxyDispatchAdapter.java:94)
	at com.sun.proxy.$Proxy2.processTestClass(Unknown Source)
	at org.gradle.api.internal.tasks.testing.worker.TestWorker$2.run(TestWorker.java:176)
	at org.gradle.api.internal.tasks.testing.worker.TestWorker.executeAndMaintainThreadName(TestWorker.java:129)
	at org.gradle.api.internal.tasks.testing.worker.TestWorker.execute(TestWorker.java:100)
	at org.gradle.api.internal.tasks.testing.worker.TestWorker.execute(TestWorker.java:60)
	at org.gradle.process.internal.worker.child.ActionExecutionWorker.execute(ActionExecutionWorker.java:56)
	at org.gradle.process.internal.worker.child.SystemApplicationClassLoaderWorker.call(SystemApplicationClassLoaderWorker.java:133)
	at org.gradle.process.internal.worker.child.SystemApplicationClassLoaderWorker.call(SystemApplicationClassLoaderWorker.java:71)
	at worker.org.gradle.process.internal.worker.GradleWorkerMain.run(GradleWorkerMain.java:69)
	at worker.org.gradle.process.internal.worker.GradleWorkerMain.main(GradleWorkerMain.java:74)
java.lang.ClassNotFoundException: io.opencui.test.person
	at java.base/java.net.URLClassLoader.findClass(URLClassLoader.java:476)
	at java.base/java.lang.ClassLoader.loadClass(ClassLoader.java:589)
	at java.base/java.lang.ClassLoader.loadClass(ClassLoader.java:522)
	at java.base/java.lang.Class.forName0(Native Method)
	at java.base/java.lang.Class.forName(Class.java:398)
	at io.opencui.core.UserSession.construct(UserSession.kt:627)
	at io.opencui.core.BaseKt$createFrameGenerator$1.invoke(base.kt:38)
	at io.opencui.core.BaseKt$createFrameGenerator$1.invoke(base.kt:33)
	at io.opencui.core.InterfaceFiller$askFiller$2$entityFiller$2.invoke(filler.kt:933)
	at io.opencui.core.InterfaceFiller$askFiller$2$entityFiller$2.invoke(filler.kt:933)
	at io.opencui.core.RealtypeFiller.isCompatible(filler.kt:401)
	at io.opencui.core.UserSession.kernelStep(UserSession.kt:249)
	at io.opencui.core.UserSession.userStep(UserSession.kt:204)
	at io.opencui.core.DialogManager.response(execution.kt:99)
	at io.opencui.core.RuntimeTest.process(RuntimeTest.kt:1687)
	at io.opencui.core.RuntimeTest.testBasics(RuntimeTest.kt:250)
	at java.base/jdk.internal.reflect.NativeMethodAccessorImpl.invoke0(Native Method)
	at java.base/jdk.internal.reflect.NativeMethodAccessorImpl.invoke(NativeMethodAccessorImpl.java:62)
	at java.base/jdk.internal.reflect.DelegatingMethodAccessorImpl.invoke(DelegatingMethodAccessorImpl.java:43)
	at java.base/java.lang.reflect.Method.invoke(Method.java:566)
	at org.junit.runners.model.FrameworkMethod$1.runReflectiveCall(FrameworkMethod.java:50)
	at org.junit.internal.runners.model.ReflectiveCallable.run(ReflectiveCallable.java:12)
	at org.junit.runners.model.FrameworkMethod.invokeExplosively(FrameworkMethod.java:47)
	at org.junit.internal.runners.statements.InvokeMethod.evaluate(InvokeMethod.java:17)
	at org.junit.runners.ParentRunner.runLeaf(ParentRunner.java:325)
	at org.junit.runners.BlockJUnit4ClassRunner.runChild(BlockJUnit4ClassRunner.java:78)
	at org.junit.runners.BlockJUnit4ClassRunner.runChild(BlockJUnit4ClassRunner.java:57)
	at org.junit.runners.ParentRunner$3.run(ParentRunner.java:290)
	at org.junit.runners.ParentRunner$1.schedule(ParentRunner.java:71)
	at org.junit.runners.ParentRunner.runChildren(ParentRunner.java:288)
	at org.junit.runners.ParentRunner.access$000(ParentRunner.java:58)
	at org.junit.runners.ParentRunner$2.evaluate(ParentRunner.java:268)
	at org.junit.runners.ParentRunner.run(ParentRunner.java:363)
	at org.gradle.api.internal.tasks.testing.junit.JUnitTestClassExecutor.runTestClass(JUnitTestClassExecutor.java:110)
	at org.gradle.api.internal.tasks.testing.junit.JUnitTestClassExecutor.execute(JUnitTestClassExecutor.java:58)
	at org.gradle.api.internal.tasks.testing.junit.JUnitTestClassExecutor.execute(JUnitTestClassExecutor.java:38)
	at org.gradle.api.internal.tasks.testing.junit.AbstractJUnitTestClassProcessor.processTestClass(AbstractJUnitTestClassProcessor.java:62)
	at org.gradle.api.internal.tasks.testing.SuiteTestClassProcessor.processTestClass(SuiteTestClassProcessor.java:51)
	at java.base/jdk.internal.reflect.NativeMethodAccessorImpl.invoke0(Native Method)
	at java.base/jdk.internal.reflect.NativeMethodAccessorImpl.invoke(NativeMethodAccessorImpl.java:62)
	at java.base/jdk.internal.reflect.DelegatingMethodAccessorImpl.invoke(DelegatingMethodAccessorImpl.java:43)
	at java.base/java.lang.reflect.Method.invoke(Method.java:566)
	at org.gradle.internal.dispatch.ReflectionDispatch.dispatch(ReflectionDispatch.java:36)
	at org.gradle.internal.dispatch.ReflectionDispatch.dispatch(ReflectionDispatch.java:24)
	at org.gradle.internal.dispatch.ContextClassLoaderDispatch.dispatch(ContextClassLoaderDispatch.java:33)
	at org.gradle.internal.dispatch.ProxyDispatchAdapter$DispatchingInvocationHandler.invoke(ProxyDispatchAdapter.java:94)
	at com.sun.proxy.$Proxy2.processTestClass(Unknown Source)
	at org.gradle.api.internal.tasks.testing.worker.TestWorker$2.run(TestWorker.java:176)
	at org.gradle.api.internal.tasks.testing.worker.TestWorker.executeAndMaintainThreadName(TestWorker.java:129)
	at org.gradle.api.internal.tasks.testing.worker.TestWorker.execute(TestWorker.java:100)
	at org.gradle.api.internal.tasks.testing.worker.TestWorker.execute(TestWorker.java:60)
	at org.gradle.process.internal.worker.child.ActionExecutionWorker.execute(ActionExecutionWorker.java:56)
	at org.gradle.process.internal.worker.child.SystemApplicationClassLoaderWorker.call(SystemApplicationClassLoaderWorker.java:133)
	at org.gradle.process.internal.worker.child.SystemApplicationClassLoaderWorker.call(SystemApplicationClassLoaderWorker.java:71)
	at worker.org.gradle.process.internal.worker.GradleWorkerMain.run(GradleWorkerMain.java:69)
	at worker.org.gradle.process.internal.worker.GradleWorkerMain.main(GradleWorkerMain.java:74)
[Test worker] INFO io.opencui.core.DialogManager - session state after turn 5 : {"schedulers_count":1,"main":{"state":"POST_ASK","fillers":[{"filler_type":"AnnotatedWrapperFiller","attribute":"Hi"},{"filler_type":"FrameFiller","attribute":"Hi"},{"filler_type":"AnnotatedWrapperFiller","attribute":"symptom"},{"filler_type":"InterfaceFiller","attribute":"symptom"},{"filler_type":"AnnotatedWrapperFiller","attribute":"symptom._realtype"},{"filler_type":"RealtypeFiller","attribute":"symptom._realtype"}]}}
[Test worker] INFO io.opencui.core.DialogManager - session state before turn 6 : {"schedulers_count":1,"main":{"state":"POST_ASK","fillers":[{"filler_type":"AnnotatedWrapperFiller","attribute":"Hi"},{"filler_type":"FrameFiller","attribute":"Hi"},{"filler_type":"AnnotatedWrapperFiller","attribute":"symptom"},{"filler_type":"InterfaceFiller","attribute":"symptom"},{"filler_type":"AnnotatedWrapperFiller","attribute":"symptom._realtype"},{"filler_type":"RealtypeFiller","attribute":"symptom._realtype"}]}}
java.lang.ClassNotFoundException: io.opencui.test.person
	at java.base/java.net.URLClassLoader.findClass(URLClassLoader.java:476)
	at java.base/java.lang.ClassLoader.loadClass(ClassLoader.java:589)
	at java.base/java.lang.ClassLoader.loadClass(ClassLoader.java:522)
	at java.base/java.lang.Class.forName0(Native Method)
	at java.base/java.lang.Class.forName(Class.java:398)
	at io.opencui.core.UserSession.construct(UserSession.kt:627)
	at io.opencui.core.BaseKt$createFrameGenerator$1.invoke(base.kt:38)
	at io.opencui.core.BaseKt$createFrameGenerator$1.invoke(base.kt:33)
	at io.opencui.core.InterfaceFiller$askFiller$2$entityFiller$2.invoke(filler.kt:933)
	at io.opencui.core.InterfaceFiller$askFiller$2$entityFiller$2.invoke(filler.kt:933)
	at io.opencui.core.RealtypeFiller.isCompatible(filler.kt:401)
	at io.opencui.core.UserSession.kernelStep(UserSession.kt:249)
	at io.opencui.core.UserSession.userStep(UserSession.kt:204)
	at io.opencui.core.DialogManager.response(execution.kt:99)
	at io.opencui.core.RuntimeTest.process(RuntimeTest.kt:1687)
	at io.opencui.core.RuntimeTest.testBasics(RuntimeTest.kt:250)
	at java.base/jdk.internal.reflect.NativeMethodAccessorImpl.invoke0(Native Method)
	at java.base/jdk.internal.reflect.NativeMethodAccessorImpl.invoke(NativeMethodAccessorImpl.java:62)
	at java.base/jdk.internal.reflect.DelegatingMethodAccessorImpl.invoke(DelegatingMethodAccessorImpl.java:43)
	at java.base/java.lang.reflect.Method.invoke(Method.java:566)
	at org.junit.runners.model.FrameworkMethod$1.runReflectiveCall(FrameworkMethod.java:50)
	at org.junit.internal.runners.model.ReflectiveCallable.run(ReflectiveCallable.java:12)
	at org.junit.runners.model.FrameworkMethod.invokeExplosively(FrameworkMethod.java:47)
	at org.junit.internal.runners.statements.InvokeMethod.evaluate(InvokeMethod.java:17)
	at org.junit.runners.ParentRunner.runLeaf(ParentRunner.java:325)
	at org.junit.runners.BlockJUnit4ClassRunner.runChild(BlockJUnit4ClassRunner.java:78)
	at org.junit.runners.BlockJUnit4ClassRunner.runChild(BlockJUnit4ClassRunner.java:57)
	at org.junit.runners.ParentRunner$3.run(ParentRunner.java:290)
	at org.junit.runners.ParentRunner$1.schedule(ParentRunner.java:71)
	at org.junit.runners.ParentRunner.runChildren(ParentRunner.java:288)
	at org.junit.runners.ParentRunner.access$000(ParentRunner.java:58)
	at org.junit.runners.ParentRunner$2.evaluate(ParentRunner.java:268)
	at org.junit.runners.ParentRunner.run(ParentRunner.java:363)
	at org.gradle.api.internal.tasks.testing.junit.JUnitTestClassExecutor.runTestClass(JUnitTestClassExecutor.java:110)
	at org.gradle.api.internal.tasks.testing.junit.JUnitTestClassExecutor.execute(JUnitTestClassExecutor.java:58)
	at org.gradle.api.internal.tasks.testing.junit.JUnitTestClassExecutor.execute(JUnitTestClassExecutor.java:38)
	at org.gradle.api.internal.tasks.testing.junit.AbstractJUnitTestClassProcessor.processTestClass(AbstractJUnitTestClassProcessor.java:62)
	at org.gradle.api.internal.tasks.testing.SuiteTestClassProcessor.processTestClass(SuiteTestClassProcessor.java:51)
	at java.base/jdk.internal.reflect.NativeMethodAccessorImpl.invoke0(Native Method)
	at java.base/jdk.internal.reflect.NativeMethodAccessorImpl.invoke(NativeMethodAccessorImpl.java:62)
	at java.base/jdk.internal.reflect.DelegatingMethodAccessorImpl.invoke(DelegatingMethodAccessorImpl.java:43)
	at java.base/java.lang.reflect.Method.invoke(Method.java:566)
	at org.gradle.internal.dispatch.ReflectionDispatch.dispatch(ReflectionDispatch.java:36)
	at org.gradle.internal.dispatch.ReflectionDispatch.dispatch(ReflectionDispatch.java:24)
	at org.gradle.internal.dispatch.ContextClassLoaderDispatch.dispatch(ContextClassLoaderDispatch.java:33)
	at org.gradle.internal.dispatch.ProxyDispatchAdapter$DispatchingInvocationHandler.invoke(ProxyDispatchAdapter.java:94)
	at com.sun.proxy.$Proxy2.processTestClass(Unknown Source)
	at org.gradle.api.internal.tasks.testing.worker.TestWorker$2.run(TestWorker.java:176)
	at org.gradle.api.internal.tasks.testing.worker.TestWorker.executeAndMaintainThreadName(TestWorker.java:129)
	at org.gradle.api.internal.tasks.testing.worker.TestWorker.execute(TestWorker.java:100)
	at org.gradle.api.internal.tasks.testing.worker.TestWorker.execute(TestWorker.java:60)
	at org.gradle.process.internal.worker.child.ActionExecutionWorker.execute(ActionExecutionWorker.java:56)
	at org.gradle.process.internal.worker.child.SystemApplicationClassLoaderWorker.call(SystemApplicationClassLoaderWorker.java:133)
	at org.gradle.process.internal.worker.child.SystemApplicationClassLoaderWorker.call(SystemApplicationClassLoaderWorker.java:71)
	at worker.org.gradle.process.internal.worker.GradleWorkerMain.run(GradleWorkerMain.java:69)
	at worker.org.gradle.process.internal.worker.GradleWorkerMain.main(GradleWorkerMain.java:74)
java.lang.ClassNotFoundException: io.opencui.test.person
	at java.base/java.net.URLClassLoader.findClass(URLClassLoader.java:476)
	at java.base/java.lang.ClassLoader.loadClass(ClassLoader.java:589)
	at java.base/java.lang.ClassLoader.loadClass(ClassLoader.java:522)
	at java.base/java.lang.Class.forName0(Native Method)
	at java.base/java.lang.Class.forName(Class.java:398)
	at io.opencui.core.UserSession.construct(UserSession.kt:627)
	at io.opencui.core.BaseKt$createFrameGenerator$1.invoke(base.kt:38)
	at io.opencui.core.BaseKt$createFrameGenerator$1.invoke(base.kt:33)
	at io.opencui.core.InterfaceFiller$askFiller$2$entityFiller$2.invoke(filler.kt:933)
	at io.opencui.core.InterfaceFiller$askFiller$2$entityFiller$2.invoke(filler.kt:933)
	at io.opencui.core.RealtypeFiller.isCompatible(filler.kt:401)
	at io.opencui.core.AnnotatedWrapperFiller.isCompatible(filler.kt:793)
	at io.opencui.core.InterfaceFiller.isCompatible(filler.kt:923)
	at io.opencui.core.AnnotatedWrapperFiller.grow(filler.kt:668)
	at io.opencui.core.Scheduler.grow(UserSession.kt:61)
	at io.opencui.core.RescheduleAction.run(action.kt:481)
	at io.opencui.core.DialogManager.response(execution.kt:108)
	at io.opencui.core.RuntimeTest.process(RuntimeTest.kt:1687)
	at io.opencui.core.RuntimeTest.testBasics(RuntimeTest.kt:250)
	at java.base/jdk.internal.reflect.NativeMethodAccessorImpl.invoke0(Native Method)
	at java.base/jdk.internal.reflect.NativeMethodAccessorImpl.invoke(NativeMethodAccessorImpl.java:62)
	at java.base/jdk.internal.reflect.DelegatingMethodAccessorImpl.invoke(DelegatingMethodAccessorImpl.java:43)
	at java.base/java.lang.reflect.Method.invoke(Method.java:566)
	at org.junit.runners.model.FrameworkMethod$1.runReflectiveCall(FrameworkMethod.java:50)
	at org.junit.internal.runners.model.ReflectiveCallable.run(ReflectiveCallable.java:12)
	at org.junit.runners.model.FrameworkMethod.invokeExplosively(FrameworkMethod.java:47)
	at org.junit.internal.runners.statements.InvokeMethod.evaluate(InvokeMethod.java:17)
	at org.junit.runners.ParentRunner.runLeaf(ParentRunner.java:325)
	at org.junit.runners.BlockJUnit4ClassRunner.runChild(BlockJUnit4ClassRunner.java:78)
	at org.junit.runners.BlockJUnit4ClassRunner.runChild(BlockJUnit4ClassRunner.java:57)
	at org.junit.runners.ParentRunner$3.run(ParentRunner.java:290)
	at org.junit.runners.ParentRunner$1.schedule(ParentRunner.java:71)
	at org.junit.runners.ParentRunner.runChildren(ParentRunner.java:288)
	at org.junit.runners.ParentRunner.access$000(ParentRunner.java:58)
	at org.junit.runners.ParentRunner$2.evaluate(ParentRunner.java:268)
	at org.junit.runners.ParentRunner.run(ParentRunner.java:363)
	at org.gradle.api.internal.tasks.testing.junit.JUnitTestClassExecutor.runTestClass(JUnitTestClassExecutor.java:110)
	at org.gradle.api.internal.tasks.testing.junit.JUnitTestClassExecutor.execute(JUnitTestClassExecutor.java:58)
	at org.gradle.api.internal.tasks.testing.junit.JUnitTestClassExecutor.execute(JUnitTestClassExecutor.java:38)
	at org.gradle.api.internal.tasks.testing.junit.AbstractJUnitTestClassProcessor.processTestClass(AbstractJUnitTestClassProcessor.java:62)
	at org.gradle.api.internal.tasks.testing.SuiteTestClassProcessor.processTestClass(SuiteTestClassProcessor.java:51)
	at java.base/jdk.internal.reflect.NativeMethodAccessorImpl.invoke0(Native Method)
	at java.base/jdk.internal.reflect.NativeMethodAccessorImpl.invoke(NativeMethodAccessorImpl.java:62)
	at java.base/jdk.internal.reflect.DelegatingMethodAccessorImpl.invoke(DelegatingMethodAccessorImpl.java:43)
	at java.base/java.lang.reflect.Method.invoke(Method.java:566)
	at org.gradle.internal.dispatch.ReflectionDispatch.dispatch(ReflectionDispatch.java:36)
	at org.gradle.internal.dispatch.ReflectionDispatch.dispatch(ReflectionDispatch.java:24)
	at org.gradle.internal.dispatch.ContextClassLoaderDispatch.dispatch(ContextClassLoaderDispatch.java:33)
	at org.gradle.internal.dispatch.ProxyDispatchAdapter$DispatchingInvocationHandler.invoke(ProxyDispatchAdapter.java:94)
	at com.sun.proxy.$Proxy2.processTestClass(Unknown Source)
	at org.gradle.api.internal.tasks.testing.worker.TestWorker$2.run(TestWorker.java:176)
	at org.gradle.api.internal.tasks.testing.worker.TestWorker.executeAndMaintainThreadName(TestWorker.java:129)
	at org.gradle.api.internal.tasks.testing.worker.TestWorker.execute(TestWorker.java:100)
	at org.gradle.api.internal.tasks.testing.worker.TestWorker.execute(TestWorker.java:60)
	at org.gradle.process.internal.worker.child.ActionExecutionWorker.execute(ActionExecutionWorker.java:56)
	at org.gradle.process.internal.worker.child.SystemApplicationClassLoaderWorker.call(SystemApplicationClassLoaderWorker.java:133)
	at org.gradle.process.internal.worker.child.SystemApplicationClassLoaderWorker.call(SystemApplicationClassLoaderWorker.java:71)
	at worker.org.gradle.process.internal.worker.GradleWorkerMain.run(GradleWorkerMain.java:69)
	at worker.org.gradle.process.internal.worker.GradleWorkerMain.main(GradleWorkerMain.java:74)
java.lang.ClassNotFoundException: io.opencui.test.person
	at java.base/java.net.URLClassLoader.findClass(URLClassLoader.java:476)
	at java.base/java.lang.ClassLoader.loadClass(ClassLoader.java:589)
	at java.base/java.lang.ClassLoader.loadClass(ClassLoader.java:522)
	at java.base/java.lang.Class.forName0(Native Method)
	at java.base/java.lang.Class.forName(Class.java:398)
	at io.opencui.core.UserSession.construct(UserSession.kt:627)
	at io.opencui.core.BaseKt$createFrameGenerator$1.invoke(base.kt:38)
	at io.opencui.core.BaseKt$createFrameGenerator$1.invoke(base.kt:33)
	at io.opencui.core.InterfaceFiller$askFiller$2$entityFiller$2.invoke(filler.kt:933)
	at io.opencui.core.InterfaceFiller$askFiller$2$entityFiller$2.invoke(filler.kt:933)
	at io.opencui.core.RealtypeFiller.isCompatible(filler.kt:401)
	at io.opencui.core.AnnotatedWrapperFiller.grow(filler.kt:668)
	at io.opencui.core.Scheduler.grow(UserSession.kt:61)
	at io.opencui.core.RescheduleAction.run(action.kt:481)
	at io.opencui.core.DialogManager.response(execution.kt:108)
	at io.opencui.core.RuntimeTest.process(RuntimeTest.kt:1687)
	at io.opencui.core.RuntimeTest.testBasics(RuntimeTest.kt:250)
	at java.base/jdk.internal.reflect.NativeMethodAccessorImpl.invoke0(Native Method)
	at java.base/jdk.internal.reflect.NativeMethodAccessorImpl.invoke(NativeMethodAccessorImpl.java:62)
	at java.base/jdk.internal.reflect.DelegatingMethodAccessorImpl.invoke(DelegatingMethodAccessorImpl.java:43)
	at java.base/java.lang.reflect.Method.invoke(Method.java:566)
	at org.junit.runners.model.FrameworkMethod$1.runReflectiveCall(FrameworkMethod.java:50)
	at org.junit.internal.runners.model.ReflectiveCallable.run(ReflectiveCallable.java:12)
	at org.junit.runners.model.FrameworkMethod.invokeExplosively(FrameworkMethod.java:47)
	at org.junit.internal.runners.statements.InvokeMethod.evaluate(InvokeMethod.java:17)
	at org.junit.runners.ParentRunner.runLeaf(ParentRunner.java:325)
	at org.junit.runners.BlockJUnit4ClassRunner.runChild(BlockJUnit4ClassRunner.java:78)
	at org.junit.runners.BlockJUnit4ClassRunner.runChild(BlockJUnit4ClassRunner.java:57)
	at org.junit.runners.ParentRunner$3.run(ParentRunner.java:290)
	at org.junit.runners.ParentRunner$1.schedule(ParentRunner.java:71)
	at org.junit.runners.ParentRunner.runChildren(ParentRunner.java:288)
	at org.junit.runners.ParentRunner.access$000(ParentRunner.java:58)
	at org.junit.runners.ParentRunner$2.evaluate(ParentRunner.java:268)
	at org.junit.runners.ParentRunner.run(ParentRunner.java:363)
	at org.gradle.api.internal.tasks.testing.junit.JUnitTestClassExecutor.runTestClass(JUnitTestClassExecutor.java:110)
	at org.gradle.api.internal.tasks.testing.junit.JUnitTestClassExecutor.execute(JUnitTestClassExecutor.java:58)
	at org.gradle.api.internal.tasks.testing.junit.JUnitTestClassExecutor.execute(JUnitTestClassExecutor.java:38)
	at org.gradle.api.internal.tasks.testing.junit.AbstractJUnitTestClassProcessor.processTestClass(AbstractJUnitTestClassProcessor.java:62)
	at org.gradle.api.internal.tasks.testing.SuiteTestClassProcessor.processTestClass(SuiteTestClassProcessor.java:51)
	at java.base/jdk.internal.reflect.NativeMethodAccessorImpl.invoke0(Native Method)
	at java.base/jdk.internal.reflect.NativeMethodAccessorImpl.invoke(NativeMethodAccessorImpl.java:62)
	at java.base/jdk.internal.reflect.DelegatingMethodAccessorImpl.invoke(DelegatingMethodAccessorImpl.java:43)
	at java.base/java.lang.reflect.Method.invoke(Method.java:566)
	at org.gradle.internal.dispatch.ReflectionDispatch.dispatch(ReflectionDispatch.java:36)
	at org.gradle.internal.dispatch.ReflectionDispatch.dispatch(ReflectionDispatch.java:24)
	at org.gradle.internal.dispatch.ContextClassLoaderDispatch.dispatch(ContextClassLoaderDispatch.java:33)
	at org.gradle.internal.dispatch.ProxyDispatchAdapter$DispatchingInvocationHandler.invoke(ProxyDispatchAdapter.java:94)
	at com.sun.proxy.$Proxy2.processTestClass(Unknown Source)
	at org.gradle.api.internal.tasks.testing.worker.TestWorker$2.run(TestWorker.java:176)
	at org.gradle.api.internal.tasks.testing.worker.TestWorker.executeAndMaintainThreadName(TestWorker.java:129)
	at org.gradle.api.internal.tasks.testing.worker.TestWorker.execute(TestWorker.java:100)
	at org.gradle.api.internal.tasks.testing.worker.TestWorker.execute(TestWorker.java:60)
	at org.gradle.process.internal.worker.child.ActionExecutionWorker.execute(ActionExecutionWorker.java:56)
	at org.gradle.process.internal.worker.child.SystemApplicationClassLoaderWorker.call(SystemApplicationClassLoaderWorker.java:133)
	at org.gradle.process.internal.worker.child.SystemApplicationClassLoaderWorker.call(SystemApplicationClassLoaderWorker.java:71)
	at worker.org.gradle.process.internal.worker.GradleWorkerMain.run(GradleWorkerMain.java:69)
	at worker.org.gradle.process.internal.worker.GradleWorkerMain.main(GradleWorkerMain.java:74)
java.lang.ClassNotFoundException: io.opencui.test.person
	at java.base/java.net.URLClassLoader.findClass(URLClassLoader.java:476)
	at java.base/java.lang.ClassLoader.loadClass(ClassLoader.java:589)
	at java.base/java.lang.ClassLoader.loadClass(ClassLoader.java:522)
	at java.base/java.lang.Class.forName0(Native Method)
	at java.base/java.lang.Class.forName(Class.java:398)
	at io.opencui.core.UserSession.construct(UserSession.kt:627)
	at io.opencui.core.BaseKt$createFrameGenerator$1.invoke(base.kt:38)
	at io.opencui.core.BaseKt$createFrameGenerator$1.invoke(base.kt:33)
	at io.opencui.core.InterfaceFiller$askFiller$2$entityFiller$2.invoke(filler.kt:933)
	at io.opencui.core.InterfaceFiller$askFiller$2$entityFiller$2.invoke(filler.kt:933)
	at io.opencui.core.RealtypeFiller.isCompatible(filler.kt:401)
	at io.opencui.core.AEntityFiller.move(filler.kt:263)
	at io.opencui.core.Scheduler.grow(UserSession.kt:59)
	at io.opencui.core.RescheduleAction.run(action.kt:481)
	at io.opencui.core.DialogManager.response(execution.kt:108)
	at io.opencui.core.RuntimeTest.process(RuntimeTest.kt:1687)
	at io.opencui.core.RuntimeTest.testBasics(RuntimeTest.kt:250)
	at java.base/jdk.internal.reflect.NativeMethodAccessorImpl.invoke0(Native Method)
	at java.base/jdk.internal.reflect.NativeMethodAccessorImpl.invoke(NativeMethodAccessorImpl.java:62)
	at java.base/jdk.internal.reflect.DelegatingMethodAccessorImpl.invoke(DelegatingMethodAccessorImpl.java:43)
	at java.base/java.lang.reflect.Method.invoke(Method.java:566)
	at org.junit.runners.model.FrameworkMethod$1.runReflectiveCall(FrameworkMethod.java:50)
	at org.junit.internal.runners.model.ReflectiveCallable.run(ReflectiveCallable.java:12)
	at org.junit.runners.model.FrameworkMethod.invokeExplosively(FrameworkMethod.java:47)
	at org.junit.internal.runners.statements.InvokeMethod.evaluate(InvokeMethod.java:17)
	at org.junit.runners.ParentRunner.runLeaf(ParentRunner.java:325)
	at org.junit.runners.BlockJUnit4ClassRunner.runChild(BlockJUnit4ClassRunner.java:78)
	at org.junit.runners.BlockJUnit4ClassRunner.runChild(BlockJUnit4ClassRunner.java:57)
	at org.junit.runners.ParentRunner$3.run(ParentRunner.java:290)
	at org.junit.runners.ParentRunner$1.schedule(ParentRunner.java:71)
	at org.junit.runners.ParentRunner.runChildren(ParentRunner.java:288)
	at org.junit.runners.ParentRunner.access$000(ParentRunner.java:58)
	at org.junit.runners.ParentRunner$2.evaluate(ParentRunner.java:268)
	at org.junit.runners.ParentRunner.run(ParentRunner.java:363)
	at org.gradle.api.internal.tasks.testing.junit.JUnitTestClassExecutor.runTestClass(JUnitTestClassExecutor.java:110)
	at org.gradle.api.internal.tasks.testing.junit.JUnitTestClassExecutor.execute(JUnitTestClassExecutor.java:58)
	at org.gradle.api.internal.tasks.testing.junit.JUnitTestClassExecutor.execute(JUnitTestClassExecutor.java:38)
	at org.gradle.api.internal.tasks.testing.junit.AbstractJUnitTestClassProcessor.processTestClass(AbstractJUnitTestClassProcessor.java:62)
	at org.gradle.api.internal.tasks.testing.SuiteTestClassProcessor.processTestClass(SuiteTestClassProcessor.java:51)
	at java.base/jdk.internal.reflect.NativeMethodAccessorImpl.invoke0(Native Method)
	at java.base/jdk.internal.reflect.NativeMethodAccessorImpl.invoke(NativeMethodAccessorImpl.java:62)
	at java.base/jdk.internal.reflect.DelegatingMethodAccessorImpl.invoke(DelegatingMethodAccessorImpl.java:43)
	at java.base/java.lang.reflect.Method.invoke(Method.java:566)
	at org.gradle.internal.dispatch.ReflectionDispatch.dispatch(ReflectionDispatch.java:36)
	at org.gradle.internal.dispatch.ReflectionDispatch.dispatch(ReflectionDispatch.java:24)
	at org.gradle.internal.dispatch.ContextClassLoaderDispatch.dispatch(ContextClassLoaderDispatch.java:33)
	at org.gradle.internal.dispatch.ProxyDispatchAdapter$DispatchingInvocationHandler.invoke(ProxyDispatchAdapter.java:94)
	at com.sun.proxy.$Proxy2.processTestClass(Unknown Source)
	at org.gradle.api.internal.tasks.testing.worker.TestWorker$2.run(TestWorker.java:176)
	at org.gradle.api.internal.tasks.testing.worker.TestWorker.executeAndMaintainThreadName(TestWorker.java:129)
	at org.gradle.api.internal.tasks.testing.worker.TestWorker.execute(TestWorker.java:100)
	at org.gradle.api.internal.tasks.testing.worker.TestWorker.execute(TestWorker.java:60)
	at org.gradle.process.internal.worker.child.ActionExecutionWorker.execute(ActionExecutionWorker.java:56)
	at org.gradle.process.internal.worker.child.SystemApplicationClassLoaderWorker.call(SystemApplicationClassLoaderWorker.java:133)
	at org.gradle.process.internal.worker.child.SystemApplicationClassLoaderWorker.call(SystemApplicationClassLoaderWorker.java:71)
	at worker.org.gradle.process.internal.worker.GradleWorkerMain.run(GradleWorkerMain.java:69)
	at worker.org.gradle.process.internal.worker.GradleWorkerMain.main(GradleWorkerMain.java:74)
java.lang.ClassNotFoundException: io.opencui.test.person
	at java.base/java.net.URLClassLoader.findClass(URLClassLoader.java:476)
	at java.base/java.lang.ClassLoader.loadClass(ClassLoader.java:589)
	at java.base/java.lang.ClassLoader.loadClass(ClassLoader.java:522)
	at java.base/java.lang.Class.forName0(Native Method)
	at java.base/java.lang.Class.forName(Class.java:398)
	at io.opencui.core.UserSession.construct(UserSession.kt:627)
	at io.opencui.core.BaseKt$createFrameGenerator$1.invoke(base.kt:38)
	at io.opencui.core.BaseKt$createFrameGenerator$1.invoke(base.kt:33)
	at io.opencui.core.InterfaceFiller$askFiller$2$entityFiller$2.invoke(filler.kt:933)
	at io.opencui.core.InterfaceFiller$askFiller$2$entityFiller$2.invoke(filler.kt:933)
	at io.opencui.core.RealtypeFiller.isCompatible(filler.kt:401)
	at io.opencui.core.UserSession.kernelStep(UserSession.kt:249)
	at io.opencui.core.UserSession.userStep(UserSession.kt:204)
	at io.opencui.core.DialogManager.response(execution.kt:99)
	at io.opencui.core.RuntimeTest.process(RuntimeTest.kt:1687)
	at io.opencui.core.RuntimeTest.testBasics(RuntimeTest.kt:250)
	at java.base/jdk.internal.reflect.NativeMethodAccessorImpl.invoke0(Native Method)
	at java.base/jdk.internal.reflect.NativeMethodAccessorImpl.invoke(NativeMethodAccessorImpl.java:62)
	at java.base/jdk.internal.reflect.DelegatingMethodAccessorImpl.invoke(DelegatingMethodAccessorImpl.java:43)
	at java.base/java.lang.reflect.Method.invoke(Method.java:566)
	at org.junit.runners.model.FrameworkMethod$1.runReflectiveCall(FrameworkMethod.java:50)
	at org.junit.internal.runners.model.ReflectiveCallable.run(ReflectiveCallable.java:12)
	at org.junit.runners.model.FrameworkMethod.invokeExplosively(FrameworkMethod.java:47)
	at org.junit.internal.runners.statements.InvokeMethod.evaluate(InvokeMethod.java:17)
	at org.junit.runners.ParentRunner.runLeaf(ParentRunner.java:325)
	at org.junit.runners.BlockJUnit4ClassRunner.runChild(BlockJUnit4ClassRunner.java:78)
	at org.junit.runners.BlockJUnit4ClassRunner.runChild(BlockJUnit4ClassRunner.java:57)
	at org.junit.runners.ParentRunner$3.run(ParentRunner.java:290)
	at org.junit.runners.ParentRunner$1.schedule(ParentRunner.java:71)
	at org.junit.runners.ParentRunner.runChildren(ParentRunner.java:288)
	at org.junit.runners.ParentRunner.access$000(ParentRunner.java:58)
	at org.junit.runners.ParentRunner$2.evaluate(ParentRunner.java:268)
	at org.junit.runners.ParentRunner.run(ParentRunner.java:363)
	at org.gradle.api.internal.tasks.testing.junit.JUnitTestClassExecutor.runTestClass(JUnitTestClassExecutor.java:110)
	at org.gradle.api.internal.tasks.testing.junit.JUnitTestClassExecutor.execute(JUnitTestClassExecutor.java:58)
	at org.gradle.api.internal.tasks.testing.junit.JUnitTestClassExecutor.execute(JUnitTestClassExecutor.java:38)
	at org.gradle.api.internal.tasks.testing.junit.AbstractJUnitTestClassProcessor.processTestClass(AbstractJUnitTestClassProcessor.java:62)
	at org.gradle.api.internal.tasks.testing.SuiteTestClassProcessor.processTestClass(SuiteTestClassProcessor.java:51)
	at java.base/jdk.internal.reflect.NativeMethodAccessorImpl.invoke0(Native Method)
	at java.base/jdk.internal.reflect.NativeMethodAccessorImpl.invoke(NativeMethodAccessorImpl.java:62)
	at java.base/jdk.internal.reflect.DelegatingMethodAccessorImpl.invoke(DelegatingMethodAccessorImpl.java:43)
	at java.base/java.lang.reflect.Method.invoke(Method.java:566)
	at org.gradle.internal.dispatch.ReflectionDispatch.dispatch(ReflectionDispatch.java:36)
	at org.gradle.internal.dispatch.ReflectionDispatch.dispatch(ReflectionDispatch.java:24)
	at org.gradle.internal.dispatch.ContextClassLoaderDispatch.dispatch(ContextClassLoaderDispatch.java:33)
	at org.gradle.internal.dispatch.ProxyDispatchAdapter$DispatchingInvocationHandler.invoke(ProxyDispatchAdapter.java:94)
	at com.sun.proxy.$Proxy2.processTestClass(Unknown Source)
	at org.gradle.api.internal.tasks.testing.worker.TestWorker$2.run(TestWorker.java:176)
	at org.gradle.api.internal.tasks.testing.worker.TestWorker.executeAndMaintainThreadName(TestWorker.java:129)
	at org.gradle.api.internal.tasks.testing.worker.TestWorker.execute(TestWorker.java:100)
	at org.gradle.api.internal.tasks.testing.worker.TestWorker.execute(TestWorker.java:60)
	at org.gradle.process.internal.worker.child.ActionExecutionWorker.execute(ActionExecutionWorker.java:56)
	at org.gradle.process.internal.worker.child.SystemApplicationClassLoaderWorker.call(SystemApplicationClassLoaderWorker.java:133)
	at org.gradle.process.internal.worker.child.SystemApplicationClassLoaderWorker.call(SystemApplicationClassLoaderWorker.java:71)
	at worker.org.gradle.process.internal.worker.GradleWorkerMain.run(GradleWorkerMain.java:69)
	at worker.org.gradle.process.internal.worker.GradleWorkerMain.main(GradleWorkerMain.java:74)
[Test worker] INFO io.opencui.core.DialogManager - session state after turn 6 : {"schedulers_count":1,"main":{"state":"POST_ASK","fillers":[{"filler_type":"AnnotatedWrapperFiller","attribute":"Hi"},{"filler_type":"FrameFiller","attribute":"Hi"},{"filler_type":"AnnotatedWrapperFiller","attribute":"symptom"},{"filler_type":"InterfaceFiller","attribute":"symptom"},{"filler_type":"AnnotatedWrapperFiller","attribute":"symptom._realtype"},{"filler_type":"RealtypeFiller","attribute":"symptom._realtype"}]}}
[Test worker] INFO io.opencui.core.DialogManager - session state before turn 7 : {"schedulers_count":1,"main":{"state":"POST_ASK","fillers":[{"filler_type":"AnnotatedWrapperFiller","attribute":"Hi"},{"filler_type":"FrameFiller","attribute":"Hi"},{"filler_type":"AnnotatedWrapperFiller","attribute":"symptom"},{"filler_type":"InterfaceFiller","attribute":"symptom"},{"filler_type":"AnnotatedWrapperFiller","attribute":"symptom._realtype"},{"filler_type":"RealtypeFiller","attribute":"symptom._realtype"}]}}
java.lang.ClassNotFoundException: io.opencui.test.person
	at java.base/java.net.URLClassLoader.findClass(URLClassLoader.java:476)
	at java.base/java.lang.ClassLoader.loadClass(ClassLoader.java:589)
	at java.base/java.lang.ClassLoader.loadClass(ClassLoader.java:522)
	at java.base/java.lang.Class.forName0(Native Method)
	at java.base/java.lang.Class.forName(Class.java:398)
	at io.opencui.core.UserSession.construct(UserSession.kt:627)
	at io.opencui.core.BaseKt$createFrameGenerator$1.invoke(base.kt:38)
	at io.opencui.core.BaseKt$createFrameGenerator$1.invoke(base.kt:33)
	at io.opencui.core.InterfaceFiller$askFiller$2$entityFiller$2.invoke(filler.kt:933)
	at io.opencui.core.InterfaceFiller$askFiller$2$entityFiller$2.invoke(filler.kt:933)
	at io.opencui.core.RealtypeFiller.isCompatible(filler.kt:401)
	at io.opencui.core.UserSession.kernelStep(UserSession.kt:249)
	at io.opencui.core.UserSession.userStep(UserSession.kt:204)
	at io.opencui.core.DialogManager.response(execution.kt:99)
	at io.opencui.core.RuntimeTest.process(RuntimeTest.kt:1687)
	at io.opencui.core.RuntimeTest.testBasics(RuntimeTest.kt:250)
	at java.base/jdk.internal.reflect.NativeMethodAccessorImpl.invoke0(Native Method)
	at java.base/jdk.internal.reflect.NativeMethodAccessorImpl.invoke(NativeMethodAccessorImpl.java:62)
	at java.base/jdk.internal.reflect.DelegatingMethodAccessorImpl.invoke(DelegatingMethodAccessorImpl.java:43)
	at java.base/java.lang.reflect.Method.invoke(Method.java:566)
	at org.junit.runners.model.FrameworkMethod$1.runReflectiveCall(FrameworkMethod.java:50)
	at org.junit.internal.runners.model.ReflectiveCallable.run(ReflectiveCallable.java:12)
	at org.junit.runners.model.FrameworkMethod.invokeExplosively(FrameworkMethod.java:47)
	at org.junit.internal.runners.statements.InvokeMethod.evaluate(InvokeMethod.java:17)
	at org.junit.runners.ParentRunner.runLeaf(ParentRunner.java:325)
	at org.junit.runners.BlockJUnit4ClassRunner.runChild(BlockJUnit4ClassRunner.java:78)
	at org.junit.runners.BlockJUnit4ClassRunner.runChild(BlockJUnit4ClassRunner.java:57)
	at org.junit.runners.ParentRunner$3.run(ParentRunner.java:290)
	at org.junit.runners.ParentRunner$1.schedule(ParentRunner.java:71)
	at org.junit.runners.ParentRunner.runChildren(ParentRunner.java:288)
	at org.junit.runners.ParentRunner.access$000(ParentRunner.java:58)
	at org.junit.runners.ParentRunner$2.evaluate(ParentRunner.java:268)
	at org.junit.runners.ParentRunner.run(ParentRunner.java:363)
	at org.gradle.api.internal.tasks.testing.junit.JUnitTestClassExecutor.runTestClass(JUnitTestClassExecutor.java:110)
	at org.gradle.api.internal.tasks.testing.junit.JUnitTestClassExecutor.execute(JUnitTestClassExecutor.java:58)
	at org.gradle.api.internal.tasks.testing.junit.JUnitTestClassExecutor.execute(JUnitTestClassExecutor.java:38)
	at org.gradle.api.internal.tasks.testing.junit.AbstractJUnitTestClassProcessor.processTestClass(AbstractJUnitTestClassProcessor.java:62)
	at org.gradle.api.internal.tasks.testing.SuiteTestClassProcessor.processTestClass(SuiteTestClassProcessor.java:51)
	at java.base/jdk.internal.reflect.NativeMethodAccessorImpl.invoke0(Native Method)
	at java.base/jdk.internal.reflect.NativeMethodAccessorImpl.invoke(NativeMethodAccessorImpl.java:62)
	at java.base/jdk.internal.reflect.DelegatingMethodAccessorImpl.invoke(DelegatingMethodAccessorImpl.java:43)
	at java.base/java.lang.reflect.Method.invoke(Method.java:566)
	at org.gradle.internal.dispatch.ReflectionDispatch.dispatch(ReflectionDispatch.java:36)
	at org.gradle.internal.dispatch.ReflectionDispatch.dispatch(ReflectionDispatch.java:24)
	at org.gradle.internal.dispatch.ContextClassLoaderDispatch.dispatch(ContextClassLoaderDispatch.java:33)
	at org.gradle.internal.dispatch.ProxyDispatchAdapter$DispatchingInvocationHandler.invoke(ProxyDispatchAdapter.java:94)
	at com.sun.proxy.$Proxy2.processTestClass(Unknown Source)
	at org.gradle.api.internal.tasks.testing.worker.TestWorker$2.run(TestWorker.java:176)
	at org.gradle.api.internal.tasks.testing.worker.TestWorker.executeAndMaintainThreadName(TestWorker.java:129)
	at org.gradle.api.internal.tasks.testing.worker.TestWorker.execute(TestWorker.java:100)
	at org.gradle.api.internal.tasks.testing.worker.TestWorker.execute(TestWorker.java:60)
	at org.gradle.process.internal.worker.child.ActionExecutionWorker.execute(ActionExecutionWorker.java:56)
	at org.gradle.process.internal.worker.child.SystemApplicationClassLoaderWorker.call(SystemApplicationClassLoaderWorker.java:133)
	at org.gradle.process.internal.worker.child.SystemApplicationClassLoaderWorker.call(SystemApplicationClassLoaderWorker.java:71)
	at worker.org.gradle.process.internal.worker.GradleWorkerMain.run(GradleWorkerMain.java:69)
	at worker.org.gradle.process.internal.worker.GradleWorkerMain.main(GradleWorkerMain.java:74)
java.lang.ClassNotFoundException: io.opencui.test.fever
	at java.base/java.net.URLClassLoader.findClass(URLClassLoader.java:476)
	at java.base/java.lang.ClassLoader.loadClass(ClassLoader.java:589)
	at java.base/java.lang.ClassLoader.loadClass(ClassLoader.java:522)
	at java.base/java.lang.Class.forName0(Native Method)
	at java.base/java.lang.Class.forName(Class.java:398)
	at io.opencui.core.UserSession.construct(UserSession.kt:627)
	at io.opencui.core.BaseKt$createFrameGenerator$1.invoke(base.kt:38)
	at io.opencui.core.BaseKt$createFrameGenerator$1.invoke(base.kt:33)
	at io.opencui.core.InterfaceFiller$askFiller$2$entityFiller$2.invoke(filler.kt:933)
	at io.opencui.core.InterfaceFiller$askFiller$2$entityFiller$2.invoke(filler.kt:933)
	at io.opencui.core.RealtypeFiller.isCompatible(filler.kt:401)
	at io.opencui.core.UserSession.kernelStep(UserSession.kt:249)
	at io.opencui.core.UserSession.userStep(UserSession.kt:204)
	at io.opencui.core.DialogManager.response(execution.kt:99)
	at io.opencui.core.RuntimeTest.process(RuntimeTest.kt:1687)
	at io.opencui.core.RuntimeTest.testBasics(RuntimeTest.kt:250)
	at java.base/jdk.internal.reflect.NativeMethodAccessorImpl.invoke0(Native Method)
	at java.base/jdk.internal.reflect.NativeMethodAccessorImpl.invoke(NativeMethodAccessorImpl.java:62)
	at java.base/jdk.internal.reflect.DelegatingMethodAccessorImpl.invoke(DelegatingMethodAccessorImpl.java:43)
	at java.base/java.lang.reflect.Method.invoke(Method.java:566)
	at org.junit.runners.model.FrameworkMethod$1.runReflectiveCall(FrameworkMethod.java:50)
	at org.junit.internal.runners.model.ReflectiveCallable.run(ReflectiveCallable.java:12)
	at org.junit.runners.model.FrameworkMethod.invokeExplosively(FrameworkMethod.java:47)
	at org.junit.internal.runners.statements.InvokeMethod.evaluate(InvokeMethod.java:17)
	at org.junit.runners.ParentRunner.runLeaf(ParentRunner.java:325)
	at org.junit.runners.BlockJUnit4ClassRunner.runChild(BlockJUnit4ClassRunner.java:78)
	at org.junit.runners.BlockJUnit4ClassRunner.runChild(BlockJUnit4ClassRunner.java:57)
	at org.junit.runners.ParentRunner$3.run(ParentRunner.java:290)
	at org.junit.runners.ParentRunner$1.schedule(ParentRunner.java:71)
	at org.junit.runners.ParentRunner.runChildren(ParentRunner.java:288)
	at org.junit.runners.ParentRunner.access$000(ParentRunner.java:58)
	at org.junit.runners.ParentRunner$2.evaluate(ParentRunner.java:268)
	at org.junit.runners.ParentRunner.run(ParentRunner.java:363)
	at org.gradle.api.internal.tasks.testing.junit.JUnitTestClassExecutor.runTestClass(JUnitTestClassExecutor.java:110)
	at org.gradle.api.internal.tasks.testing.junit.JUnitTestClassExecutor.execute(JUnitTestClassExecutor.java:58)
	at org.gradle.api.internal.tasks.testing.junit.JUnitTestClassExecutor.execute(JUnitTestClassExecutor.java:38)
	at org.gradle.api.internal.tasks.testing.junit.AbstractJUnitTestClassProcessor.processTestClass(AbstractJUnitTestClassProcessor.java:62)
	at org.gradle.api.internal.tasks.testing.SuiteTestClassProcessor.processTestClass(SuiteTestClassProcessor.java:51)
	at java.base/jdk.internal.reflect.NativeMethodAccessorImpl.invoke0(Native Method)
	at java.base/jdk.internal.reflect.NativeMethodAccessorImpl.invoke(NativeMethodAccessorImpl.java:62)
	at java.base/jdk.internal.reflect.DelegatingMethodAccessorImpl.invoke(DelegatingMethodAccessorImpl.java:43)
	at java.base/java.lang.reflect.Method.invoke(Method.java:566)
	at org.gradle.internal.dispatch.ReflectionDispatch.dispatch(ReflectionDispatch.java:36)
	at org.gradle.internal.dispatch.ReflectionDispatch.dispatch(ReflectionDispatch.java:24)
	at org.gradle.internal.dispatch.ContextClassLoaderDispatch.dispatch(ContextClassLoaderDispatch.java:33)
	at org.gradle.internal.dispatch.ProxyDispatchAdapter$DispatchingInvocationHandler.invoke(ProxyDispatchAdapter.java:94)
	at com.sun.proxy.$Proxy2.processTestClass(Unknown Source)
	at org.gradle.api.internal.tasks.testing.worker.TestWorker$2.run(TestWorker.java:176)
	at org.gradle.api.internal.tasks.testing.worker.TestWorker.executeAndMaintainThreadName(TestWorker.java:129)
	at org.gradle.api.internal.tasks.testing.worker.TestWorker.execute(TestWorker.java:100)
	at org.gradle.api.internal.tasks.testing.worker.TestWorker.execute(TestWorker.java:60)
	at org.gradle.process.internal.worker.child.ActionExecutionWorker.execute(ActionExecutionWorker.java:56)
	at org.gradle.process.internal.worker.child.SystemApplicationClassLoaderWorker.call(SystemApplicationClassLoaderWorker.java:133)
	at org.gradle.process.internal.worker.child.SystemApplicationClassLoaderWorker.call(SystemApplicationClassLoaderWorker.java:71)
	at worker.org.gradle.process.internal.worker.GradleWorkerMain.run(GradleWorkerMain.java:69)
	at worker.org.gradle.process.internal.worker.GradleWorkerMain.main(GradleWorkerMain.java:74)
java.lang.ClassNotFoundException: io.opencui.test.fever
	at java.base/java.net.URLClassLoader.findClass(URLClassLoader.java:476)
	at java.base/java.lang.ClassLoader.loadClass(ClassLoader.java:589)
	at java.base/java.lang.ClassLoader.loadClass(ClassLoader.java:522)
	at java.base/java.lang.Class.forName0(Native Method)
	at java.base/java.lang.Class.forName(Class.java:398)
	at io.opencui.core.UserSession.construct(UserSession.kt:627)
	at io.opencui.core.BaseKt$createFrameGenerator$1.invoke(base.kt:38)
	at io.opencui.core.BaseKt$createFrameGenerator$1.invoke(base.kt:33)
	at io.opencui.core.InterfaceFiller$askFiller$2$entityFiller$2.invoke(filler.kt:933)
	at io.opencui.core.InterfaceFiller$askFiller$2$entityFiller$2.invoke(filler.kt:933)
	at io.opencui.core.RealtypeFiller.isCompatible(filler.kt:401)
	at io.opencui.core.AnnotatedWrapperFiller.isCompatible(filler.kt:793)
	at io.opencui.core.InterfaceFiller.isCompatible(filler.kt:923)
	at io.opencui.core.AnnotatedWrapperFiller.isCompatible(filler.kt:793)
	at io.opencui.core.UserSession$searchForRefocusChild$matcher$1.invoke(UserSession.kt:713)
	at io.opencui.core.UserSession$searchForRefocusChild$matcher$1.invoke(UserSession.kt:705)
	at io.opencui.core.UserSession.searchForRefocusChild(UserSession.kt:1039)
	at io.opencui.core.UserSession.tryToRefocus(UserSession.kt:673)
	at io.opencui.core.UserSession.kernelStep(UserSession.kt:277)
	at io.opencui.core.UserSession.userStep(UserSession.kt:204)
	at io.opencui.core.DialogManager.response(execution.kt:99)
	at io.opencui.core.RuntimeTest.process(RuntimeTest.kt:1687)
	at io.opencui.core.RuntimeTest.testBasics(RuntimeTest.kt:250)
	at java.base/jdk.internal.reflect.NativeMethodAccessorImpl.invoke0(Native Method)
	at java.base/jdk.internal.reflect.NativeMethodAccessorImpl.invoke(NativeMethodAccessorImpl.java:62)
	at java.base/jdk.internal.reflect.DelegatingMethodAccessorImpl.invoke(DelegatingMethodAccessorImpl.java:43)
	at java.base/java.lang.reflect.Method.invoke(Method.java:566)
	at org.junit.runners.model.FrameworkMethod$1.runReflectiveCall(FrameworkMethod.java:50)
	at org.junit.internal.runners.model.ReflectiveCallable.run(ReflectiveCallable.java:12)
	at org.junit.runners.model.FrameworkMethod.invokeExplosively(FrameworkMethod.java:47)
	at org.junit.internal.runners.statements.InvokeMethod.evaluate(InvokeMethod.java:17)
	at org.junit.runners.ParentRunner.runLeaf(ParentRunner.java:325)
	at org.junit.runners.BlockJUnit4ClassRunner.runChild(BlockJUnit4ClassRunner.java:78)
	at org.junit.runners.BlockJUnit4ClassRunner.runChild(BlockJUnit4ClassRunner.java:57)
	at org.junit.runners.ParentRunner$3.run(ParentRunner.java:290)
	at org.junit.runners.ParentRunner$1.schedule(ParentRunner.java:71)
	at org.junit.runners.ParentRunner.runChildren(ParentRunner.java:288)
	at org.junit.runners.ParentRunner.access$000(ParentRunner.java:58)
	at org.junit.runners.ParentRunner$2.evaluate(ParentRunner.java:268)
	at org.junit.runners.ParentRunner.run(ParentRunner.java:363)
	at org.gradle.api.internal.tasks.testing.junit.JUnitTestClassExecutor.runTestClass(JUnitTestClassExecutor.java:110)
	at org.gradle.api.internal.tasks.testing.junit.JUnitTestClassExecutor.execute(JUnitTestClassExecutor.java:58)
	at org.gradle.api.internal.tasks.testing.junit.JUnitTestClassExecutor.execute(JUnitTestClassExecutor.java:38)
	at org.gradle.api.internal.tasks.testing.junit.AbstractJUnitTestClassProcessor.processTestClass(AbstractJUnitTestClassProcessor.java:62)
	at org.gradle.api.internal.tasks.testing.SuiteTestClassProcessor.processTestClass(SuiteTestClassProcessor.java:51)
	at java.base/jdk.internal.reflect.NativeMethodAccessorImpl.invoke0(Native Method)
	at java.base/jdk.internal.reflect.NativeMethodAccessorImpl.invoke(NativeMethodAccessorImpl.java:62)
	at java.base/jdk.internal.reflect.DelegatingMethodAccessorImpl.invoke(DelegatingMethodAccessorImpl.java:43)
	at java.base/java.lang.reflect.Method.invoke(Method.java:566)
	at org.gradle.internal.dispatch.ReflectionDispatch.dispatch(ReflectionDispatch.java:36)
	at org.gradle.internal.dispatch.ReflectionDispatch.dispatch(ReflectionDispatch.java:24)
	at org.gradle.internal.dispatch.ContextClassLoaderDispatch.dispatch(ContextClassLoaderDispatch.java:33)
	at org.gradle.internal.dispatch.ProxyDispatchAdapter$DispatchingInvocationHandler.invoke(ProxyDispatchAdapter.java:94)
	at com.sun.proxy.$Proxy2.processTestClass(Unknown Source)
	at org.gradle.api.internal.tasks.testing.worker.TestWorker$2.run(TestWorker.java:176)
	at org.gradle.api.internal.tasks.testing.worker.TestWorker.executeAndMaintainThreadName(TestWorker.java:129)
	at org.gradle.api.internal.tasks.testing.worker.TestWorker.execute(TestWorker.java:100)
	at org.gradle.api.internal.tasks.testing.worker.TestWorker.execute(TestWorker.java:60)
	at org.gradle.process.internal.worker.child.ActionExecutionWorker.execute(ActionExecutionWorker.java:56)
	at org.gradle.process.internal.worker.child.SystemApplicationClassLoaderWorker.call(SystemApplicationClassLoaderWorker.java:133)
	at org.gradle.process.internal.worker.child.SystemApplicationClassLoaderWorker.call(SystemApplicationClassLoaderWorker.java:71)
	at worker.org.gradle.process.internal.worker.GradleWorkerMain.run(GradleWorkerMain.java:69)
	at worker.org.gradle.process.internal.worker.GradleWorkerMain.main(GradleWorkerMain.java:74)
java.lang.ClassNotFoundException: io.opencui.test.fever
	at java.base/java.net.URLClassLoader.findClass(URLClassLoader.java:476)
	at java.base/java.lang.ClassLoader.loadClass(ClassLoader.java:589)
	at java.base/java.lang.ClassLoader.loadClass(ClassLoader.java:522)
	at java.base/java.lang.Class.forName0(Native Method)
	at java.base/java.lang.Class.forName(Class.java:398)
	at io.opencui.core.UserSession.construct(UserSession.kt:627)
	at io.opencui.core.CompiledKt$intentBuilder$1.invoke(compiled.kt:110)
	at io.opencui.core.EventFrameBuilder.invoke(compiled.kt:95)
	at io.opencui.core.UserSession.kernelStep(UserSession.kt:312)
	at io.opencui.core.UserSession.userStep(UserSession.kt:204)
	at io.opencui.core.DialogManager.response(execution.kt:99)
	at io.opencui.core.RuntimeTest.process(RuntimeTest.kt:1687)
	at io.opencui.core.RuntimeTest.testBasics(RuntimeTest.kt:250)
	at java.base/jdk.internal.reflect.NativeMethodAccessorImpl.invoke0(Native Method)
	at java.base/jdk.internal.reflect.NativeMethodAccessorImpl.invoke(NativeMethodAccessorImpl.java:62)
	at java.base/jdk.internal.reflect.DelegatingMethodAccessorImpl.invoke(DelegatingMethodAccessorImpl.java:43)
	at java.base/java.lang.reflect.Method.invoke(Method.java:566)
	at org.junit.runners.model.FrameworkMethod$1.runReflectiveCall(FrameworkMethod.java:50)
	at org.junit.internal.runners.model.ReflectiveCallable.run(ReflectiveCallable.java:12)
	at org.junit.runners.model.FrameworkMethod.invokeExplosively(FrameworkMethod.java:47)
	at org.junit.internal.runners.statements.InvokeMethod.evaluate(InvokeMethod.java:17)
	at org.junit.runners.ParentRunner.runLeaf(ParentRunner.java:325)
	at org.junit.runners.BlockJUnit4ClassRunner.runChild(BlockJUnit4ClassRunner.java:78)
	at org.junit.runners.BlockJUnit4ClassRunner.runChild(BlockJUnit4ClassRunner.java:57)
	at org.junit.runners.ParentRunner$3.run(ParentRunner.java:290)
	at org.junit.runners.ParentRunner$1.schedule(ParentRunner.java:71)
	at org.junit.runners.ParentRunner.runChildren(ParentRunner.java:288)
	at org.junit.runners.ParentRunner.access$000(ParentRunner.java:58)
	at org.junit.runners.ParentRunner$2.evaluate(ParentRunner.java:268)
	at org.junit.runners.ParentRunner.run(ParentRunner.java:363)
	at org.gradle.api.internal.tasks.testing.junit.JUnitTestClassExecutor.runTestClass(JUnitTestClassExecutor.java:110)
	at org.gradle.api.internal.tasks.testing.junit.JUnitTestClassExecutor.execute(JUnitTestClassExecutor.java:58)
	at org.gradle.api.internal.tasks.testing.junit.JUnitTestClassExecutor.execute(JUnitTestClassExecutor.java:38)
	at org.gradle.api.internal.tasks.testing.junit.AbstractJUnitTestClassProcessor.processTestClass(AbstractJUnitTestClassProcessor.java:62)
	at org.gradle.api.internal.tasks.testing.SuiteTestClassProcessor.processTestClass(SuiteTestClassProcessor.java:51)
	at java.base/jdk.internal.reflect.NativeMethodAccessorImpl.invoke0(Native Method)
	at java.base/jdk.internal.reflect.NativeMethodAccessorImpl.invoke(NativeMethodAccessorImpl.java:62)
	at java.base/jdk.internal.reflect.DelegatingMethodAccessorImpl.invoke(DelegatingMethodAccessorImpl.java:43)
	at java.base/java.lang.reflect.Method.invoke(Method.java:566)
	at org.gradle.internal.dispatch.ReflectionDispatch.dispatch(ReflectionDispatch.java:36)
	at org.gradle.internal.dispatch.ReflectionDispatch.dispatch(ReflectionDispatch.java:24)
	at org.gradle.internal.dispatch.ContextClassLoaderDispatch.dispatch(ContextClassLoaderDispatch.java:33)
	at org.gradle.internal.dispatch.ProxyDispatchAdapter$DispatchingInvocationHandler.invoke(ProxyDispatchAdapter.java:94)
	at com.sun.proxy.$Proxy2.processTestClass(Unknown Source)
	at org.gradle.api.internal.tasks.testing.worker.TestWorker$2.run(TestWorker.java:176)
	at org.gradle.api.internal.tasks.testing.worker.TestWorker.executeAndMaintainThreadName(TestWorker.java:129)
	at org.gradle.api.internal.tasks.testing.worker.TestWorker.execute(TestWorker.java:100)
	at org.gradle.api.internal.tasks.testing.worker.TestWorker.execute(TestWorker.java:60)
	at org.gradle.process.internal.worker.child.ActionExecutionWorker.execute(ActionExecutionWorker.java:56)
	at org.gradle.process.internal.worker.child.SystemApplicationClassLoaderWorker.call(SystemApplicationClassLoaderWorker.java:133)
	at org.gradle.process.internal.worker.child.SystemApplicationClassLoaderWorker.call(SystemApplicationClassLoaderWorker.java:71)
	at worker.org.gradle.process.internal.worker.GradleWorkerMain.run(GradleWorkerMain.java:69)
	at worker.org.gradle.process.internal.worker.GradleWorkerMain.main(GradleWorkerMain.java:74)
[Test worker] INFO io.opencui.core.DialogManager - session state after turn 7 : {"schedulers_count":1,"main":{"state":"POST_ASK","fillers":[{"filler_type":"AnnotatedWrapperFiller","attribute":"Hi"},{"filler_type":"FrameFiller","attribute":"Hi"},{"filler_type":"AnnotatedWrapperFiller","attribute":"symptom"},{"filler_type":"InterfaceFiller","attribute":"symptom"},{"filler_type":"AnnotatedWrapperFiller","attribute":"symptom._realtype"},{"filler_type":"RealtypeFiller","attribute":"symptom._realtype"}]}}
[Test worker] INFO io.opencui.core.DialogManager - session state before turn 8 : {"schedulers_count":1,"main":{"state":"POST_ASK","fillers":[{"filler_type":"AnnotatedWrapperFiller","attribute":"Hi"},{"filler_type":"FrameFiller","attribute":"Hi"},{"filler_type":"AnnotatedWrapperFiller","attribute":"symptom"},{"filler_type":"InterfaceFiller","attribute":"symptom"},{"filler_type":"AnnotatedWrapperFiller","attribute":"symptom._realtype"},{"filler_type":"RealtypeFiller","attribute":"symptom._realtype"}]}}
java.lang.ClassNotFoundException: io.opencui.test.person
	at java.base/java.net.URLClassLoader.findClass(URLClassLoader.java:476)
	at java.base/java.lang.ClassLoader.loadClass(ClassLoader.java:589)
	at java.base/java.lang.ClassLoader.loadClass(ClassLoader.java:522)
	at java.base/java.lang.Class.forName0(Native Method)
	at java.base/java.lang.Class.forName(Class.java:398)
	at io.opencui.core.UserSession.construct(UserSession.kt:627)
	at io.opencui.core.BaseKt$createFrameGenerator$1.invoke(base.kt:38)
	at io.opencui.core.BaseKt$createFrameGenerator$1.invoke(base.kt:33)
	at io.opencui.core.InterfaceFiller$askFiller$2$entityFiller$2.invoke(filler.kt:933)
	at io.opencui.core.InterfaceFiller$askFiller$2$entityFiller$2.invoke(filler.kt:933)
	at io.opencui.core.RealtypeFiller.isCompatible(filler.kt:401)
	at io.opencui.core.UserSession.kernelStep(UserSession.kt:249)
	at io.opencui.core.UserSession.userStep(UserSession.kt:204)
	at io.opencui.core.DialogManager.response(execution.kt:99)
	at io.opencui.core.RuntimeTest.process(RuntimeTest.kt:1687)
	at io.opencui.core.RuntimeTest.testBasics(RuntimeTest.kt:250)
	at java.base/jdk.internal.reflect.NativeMethodAccessorImpl.invoke0(Native Method)
	at java.base/jdk.internal.reflect.NativeMethodAccessorImpl.invoke(NativeMethodAccessorImpl.java:62)
	at java.base/jdk.internal.reflect.DelegatingMethodAccessorImpl.invoke(DelegatingMethodAccessorImpl.java:43)
	at java.base/java.lang.reflect.Method.invoke(Method.java:566)
	at org.junit.runners.model.FrameworkMethod$1.runReflectiveCall(FrameworkMethod.java:50)
	at org.junit.internal.runners.model.ReflectiveCallable.run(ReflectiveCallable.java:12)
	at org.junit.runners.model.FrameworkMethod.invokeExplosively(FrameworkMethod.java:47)
	at org.junit.internal.runners.statements.InvokeMethod.evaluate(InvokeMethod.java:17)
	at org.junit.runners.ParentRunner.runLeaf(ParentRunner.java:325)
	at org.junit.runners.BlockJUnit4ClassRunner.runChild(BlockJUnit4ClassRunner.java:78)
	at org.junit.runners.BlockJUnit4ClassRunner.runChild(BlockJUnit4ClassRunner.java:57)
	at org.junit.runners.ParentRunner$3.run(ParentRunner.java:290)
	at org.junit.runners.ParentRunner$1.schedule(ParentRunner.java:71)
	at org.junit.runners.ParentRunner.runChildren(ParentRunner.java:288)
	at org.junit.runners.ParentRunner.access$000(ParentRunner.java:58)
	at org.junit.runners.ParentRunner$2.evaluate(ParentRunner.java:268)
	at org.junit.runners.ParentRunner.run(ParentRunner.java:363)
	at org.gradle.api.internal.tasks.testing.junit.JUnitTestClassExecutor.runTestClass(JUnitTestClassExecutor.java:110)
	at org.gradle.api.internal.tasks.testing.junit.JUnitTestClassExecutor.execute(JUnitTestClassExecutor.java:58)
	at org.gradle.api.internal.tasks.testing.junit.JUnitTestClassExecutor.execute(JUnitTestClassExecutor.java:38)
	at org.gradle.api.internal.tasks.testing.junit.AbstractJUnitTestClassProcessor.processTestClass(AbstractJUnitTestClassProcessor.java:62)
	at org.gradle.api.internal.tasks.testing.SuiteTestClassProcessor.processTestClass(SuiteTestClassProcessor.java:51)
	at java.base/jdk.internal.reflect.NativeMethodAccessorImpl.invoke0(Native Method)
	at java.base/jdk.internal.reflect.NativeMethodAccessorImpl.invoke(NativeMethodAccessorImpl.java:62)
	at java.base/jdk.internal.reflect.DelegatingMethodAccessorImpl.invoke(DelegatingMethodAccessorImpl.java:43)
	at java.base/java.lang.reflect.Method.invoke(Method.java:566)
	at org.gradle.internal.dispatch.ReflectionDispatch.dispatch(ReflectionDispatch.java:36)
	at org.gradle.internal.dispatch.ReflectionDispatch.dispatch(ReflectionDispatch.java:24)
	at org.gradle.internal.dispatch.ContextClassLoaderDispatch.dispatch(ContextClassLoaderDispatch.java:33)
	at org.gradle.internal.dispatch.ProxyDispatchAdapter$DispatchingInvocationHandler.invoke(ProxyDispatchAdapter.java:94)
	at com.sun.proxy.$Proxy2.processTestClass(Unknown Source)
	at org.gradle.api.internal.tasks.testing.worker.TestWorker$2.run(TestWorker.java:176)
	at org.gradle.api.internal.tasks.testing.worker.TestWorker.executeAndMaintainThreadName(TestWorker.java:129)
	at org.gradle.api.internal.tasks.testing.worker.TestWorker.execute(TestWorker.java:100)
	at org.gradle.api.internal.tasks.testing.worker.TestWorker.execute(TestWorker.java:60)
	at org.gradle.process.internal.worker.child.ActionExecutionWorker.execute(ActionExecutionWorker.java:56)
	at org.gradle.process.internal.worker.child.SystemApplicationClassLoaderWorker.call(SystemApplicationClassLoaderWorker.java:133)
	at org.gradle.process.internal.worker.child.SystemApplicationClassLoaderWorker.call(SystemApplicationClassLoaderWorker.java:71)
	at worker.org.gradle.process.internal.worker.GradleWorkerMain.run(GradleWorkerMain.java:69)
	at worker.org.gradle.process.internal.worker.GradleWorkerMain.main(GradleWorkerMain.java:74)
java.lang.ClassNotFoundException: io.opencui.test.fever
	at java.base/java.net.URLClassLoader.findClass(URLClassLoader.java:476)
	at java.base/java.lang.ClassLoader.loadClass(ClassLoader.java:589)
	at java.base/java.lang.ClassLoader.loadClass(ClassLoader.java:522)
	at java.base/java.lang.Class.forName0(Native Method)
	at java.base/java.lang.Class.forName(Class.java:398)
	at io.opencui.core.UserSession.construct(UserSession.kt:627)
	at io.opencui.core.BaseKt$createFrameGenerator$1.invoke(base.kt:38)
	at io.opencui.core.BaseKt$createFrameGenerator$1.invoke(base.kt:33)
	at io.opencui.core.InterfaceFiller$askFiller$2$entityFiller$2.invoke(filler.kt:933)
	at io.opencui.core.InterfaceFiller$askFiller$2$entityFiller$2.invoke(filler.kt:933)
	at io.opencui.core.RealtypeFiller.isCompatible(filler.kt:401)
	at io.opencui.core.UserSession.kernelStep(UserSession.kt:249)
	at io.opencui.core.UserSession.userStep(UserSession.kt:204)
	at io.opencui.core.DialogManager.response(execution.kt:99)
	at io.opencui.core.RuntimeTest.process(RuntimeTest.kt:1687)
	at io.opencui.core.RuntimeTest.testBasics(RuntimeTest.kt:250)
	at java.base/jdk.internal.reflect.NativeMethodAccessorImpl.invoke0(Native Method)
	at java.base/jdk.internal.reflect.NativeMethodAccessorImpl.invoke(NativeMethodAccessorImpl.java:62)
	at java.base/jdk.internal.reflect.DelegatingMethodAccessorImpl.invoke(DelegatingMethodAccessorImpl.java:43)
	at java.base/java.lang.reflect.Method.invoke(Method.java:566)
	at org.junit.runners.model.FrameworkMethod$1.runReflectiveCall(FrameworkMethod.java:50)
	at org.junit.internal.runners.model.ReflectiveCallable.run(ReflectiveCallable.java:12)
	at org.junit.runners.model.FrameworkMethod.invokeExplosively(FrameworkMethod.java:47)
	at org.junit.internal.runners.statements.InvokeMethod.evaluate(InvokeMethod.java:17)
	at org.junit.runners.ParentRunner.runLeaf(ParentRunner.java:325)
	at org.junit.runners.BlockJUnit4ClassRunner.runChild(BlockJUnit4ClassRunner.java:78)
	at org.junit.runners.BlockJUnit4ClassRunner.runChild(BlockJUnit4ClassRunner.java:57)
	at org.junit.runners.ParentRunner$3.run(ParentRunner.java:290)
	at org.junit.runners.ParentRunner$1.schedule(ParentRunner.java:71)
	at org.junit.runners.ParentRunner.runChildren(ParentRunner.java:288)
	at org.junit.runners.ParentRunner.access$000(ParentRunner.java:58)
	at org.junit.runners.ParentRunner$2.evaluate(ParentRunner.java:268)
	at org.junit.runners.ParentRunner.run(ParentRunner.java:363)
	at org.gradle.api.internal.tasks.testing.junit.JUnitTestClassExecutor.runTestClass(JUnitTestClassExecutor.java:110)
	at org.gradle.api.internal.tasks.testing.junit.JUnitTestClassExecutor.execute(JUnitTestClassExecutor.java:58)
	at org.gradle.api.internal.tasks.testing.junit.JUnitTestClassExecutor.execute(JUnitTestClassExecutor.java:38)
	at org.gradle.api.internal.tasks.testing.junit.AbstractJUnitTestClassProcessor.processTestClass(AbstractJUnitTestClassProcessor.java:62)
	at org.gradle.api.internal.tasks.testing.SuiteTestClassProcessor.processTestClass(SuiteTestClassProcessor.java:51)
	at java.base/jdk.internal.reflect.NativeMethodAccessorImpl.invoke0(Native Method)
	at java.base/jdk.internal.reflect.NativeMethodAccessorImpl.invoke(NativeMethodAccessorImpl.java:62)
	at java.base/jdk.internal.reflect.DelegatingMethodAccessorImpl.invoke(DelegatingMethodAccessorImpl.java:43)
	at java.base/java.lang.reflect.Method.invoke(Method.java:566)
	at org.gradle.internal.dispatch.ReflectionDispatch.dispatch(ReflectionDispatch.java:36)
	at org.gradle.internal.dispatch.ReflectionDispatch.dispatch(ReflectionDispatch.java:24)
	at org.gradle.internal.dispatch.ContextClassLoaderDispatch.dispatch(ContextClassLoaderDispatch.java:33)
	at org.gradle.internal.dispatch.ProxyDispatchAdapter$DispatchingInvocationHandler.invoke(ProxyDispatchAdapter.java:94)
	at com.sun.proxy.$Proxy2.processTestClass(Unknown Source)
	at org.gradle.api.internal.tasks.testing.worker.TestWorker$2.run(TestWorker.java:176)
	at org.gradle.api.internal.tasks.testing.worker.TestWorker.executeAndMaintainThreadName(TestWorker.java:129)
	at org.gradle.api.internal.tasks.testing.worker.TestWorker.execute(TestWorker.java:100)
	at org.gradle.api.internal.tasks.testing.worker.TestWorker.execute(TestWorker.java:60)
	at org.gradle.process.internal.worker.child.ActionExecutionWorker.execute(ActionExecutionWorker.java:56)
	at org.gradle.process.internal.worker.child.SystemApplicationClassLoaderWorker.call(SystemApplicationClassLoaderWorker.java:133)
	at org.gradle.process.internal.worker.child.SystemApplicationClassLoaderWorker.call(SystemApplicationClassLoaderWorker.java:71)
	at worker.org.gradle.process.internal.worker.GradleWorkerMain.run(GradleWorkerMain.java:69)
	at worker.org.gradle.process.internal.worker.GradleWorkerMain.main(GradleWorkerMain.java:74)
[Test worker] INFO io.opencui.core.DialogManager - session state after turn 8 : {"schedulers_count":1,"main":{"state":"POST_ASK","fillers":[{"filler_type":"AnnotatedWrapperFiller","attribute":"Hi"},{"filler_type":"FrameFiller","attribute":"Hi"},{"filler_type":"AnnotatedWrapperFiller","attribute":"symptom"},{"filler_type":"InterfaceFiller","attribute":"symptom"},{"filler_type":"AnnotatedWrapperFiller","attribute":"symptom._realfiller"},{"filler_type":"FrameFiller","attribute":"symptom._realfiller"},{"filler_type":"AnnotatedWrapperFiller","attribute":"duration"},{"filler_type":"EntityFiller","attribute":"duration"}]}}
[Test worker] INFO io.opencui.core.DialogManager - session state before turn 9 : {"schedulers_count":1,"main":{"state":"POST_ASK","fillers":[{"filler_type":"AnnotatedWrapperFiller","attribute":"Hi"},{"filler_type":"FrameFiller","attribute":"Hi"},{"filler_type":"AnnotatedWrapperFiller","attribute":"symptom"},{"filler_type":"InterfaceFiller","attribute":"symptom"},{"filler_type":"AnnotatedWrapperFiller","attribute":"symptom._realfiller"},{"filler_type":"FrameFiller","attribute":"symptom._realfiller"},{"filler_type":"AnnotatedWrapperFiller","attribute":"duration"},{"filler_type":"EntityFiller","attribute":"duration"}]}}
[Test worker] INFO io.opencui.core.DialogManager - session state after turn 9 : {"schedulers_count":1,"main":{"state":"POST_ASK","fillers":[{"filler_type":"AnnotatedWrapperFiller","attribute":"Hi"},{"filler_type":"FrameFiller","attribute":"Hi"},{"filler_type":"AnnotatedWrapperFiller","attribute":"symptom"},{"filler_type":"InterfaceFiller","attribute":"symptom"},{"filler_type":"AnnotatedWrapperFiller","attribute":"symptom._realfiller"},{"filler_type":"FrameFiller","attribute":"symptom._realfiller"},{"filler_type":"AnnotatedWrapperFiller","attribute":"cause"},{"filler_type":"EntityFiller","attribute":"cause"}]}}
[Test worker] INFO io.opencui.core.DialogManager - session state before turn 10 : {"schedulers_count":1,"main":{"state":"POST_ASK","fillers":[{"filler_type":"AnnotatedWrapperFiller","attribute":"Hi"},{"filler_type":"FrameFiller","attribute":"Hi"},{"filler_type":"AnnotatedWrapperFiller","attribute":"symptom"},{"filler_type":"InterfaceFiller","attribute":"symptom"},{"filler_type":"AnnotatedWrapperFiller","attribute":"symptom._realfiller"},{"filler_type":"FrameFiller","attribute":"symptom._realfiller"},{"filler_type":"AnnotatedWrapperFiller","attribute":"cause"},{"filler_type":"EntityFiller","attribute":"cause"}]}}
[Test worker] INFO io.opencui.core.DialogManager - session state after turn 10 : {"schedulers_count":1,"main":{"state":"POST_ASK","fillers":[{"filler_type":"AnnotatedWrapperFiller","attribute":"Hi"},{"filler_type":"FrameFiller","attribute":"Hi"},{"filler_type":"AnnotatedWrapperFiller","attribute":"symptom"},{"filler_type":"InterfaceFiller","attribute":"symptom"},{"filler_type":"AnnotatedWrapperFiller","attribute":"symptom._realfiller"},{"filler_type":"FrameFiller","attribute":"symptom._realfiller"},{"filler_type":"AnnotatedWrapperFiller","attribute":"degree"},{"filler_type":"EntityFiller","attribute":"degree"}]}}
[Test worker] INFO io.opencui.core.DialogManager - session state before turn 11 : {"schedulers_count":1,"main":{"state":"POST_ASK","fillers":[{"filler_type":"AnnotatedWrapperFiller","attribute":"Hi"},{"filler_type":"FrameFiller","attribute":"Hi"},{"filler_type":"AnnotatedWrapperFiller","attribute":"symptom"},{"filler_type":"InterfaceFiller","attribute":"symptom"},{"filler_type":"AnnotatedWrapperFiller","attribute":"symptom._realfiller"},{"filler_type":"FrameFiller","attribute":"symptom._realfiller"},{"filler_type":"AnnotatedWrapperFiller","attribute":"degree"},{"filler_type":"EntityFiller","attribute":"degree"}]}}
[Test worker] INFO io.opencui.core.DialogManager - session state after turn 11 : {"schedulers_count":1,"main":{"state":"INIT","fillers":[]}}
[Test worker] INFO io.opencui.core.DialogManager - session state before turn 12 : {"schedulers_count":1,"main":{"state":"INIT","fillers":[]}}
[Test worker] INFO io.opencui.core.DialogManager - session state after turn 12 : {"schedulers_count":1,"main":{"state":"POST_ASK","fillers":[{"filler_type":"AnnotatedWrapperFiller","attribute":"PreDiagnosis"},{"filler_type":"FrameFiller","attribute":"PreDiagnosis"},{"filler_type":"AnnotatedWrapperFiller","attribute":"method"},{"filler_type":"EntityFiller","attribute":"method"}]}}
[Test worker] INFO io.opencui.core.DialogManager - session state before turn 13 : {"schedulers_count":1,"main":{"state":"POST_ASK","fillers":[{"filler_type":"AnnotatedWrapperFiller","attribute":"PreDiagnosis"},{"filler_type":"FrameFiller","attribute":"PreDiagnosis"},{"filler_type":"AnnotatedWrapperFiller","attribute":"method"},{"filler_type":"EntityFiller","attribute":"method"}]}}
java.lang.ClassNotFoundException: io.opencui.test.person
	at java.base/java.net.URLClassLoader.findClass(URLClassLoader.java:476)
	at java.base/java.lang.ClassLoader.loadClass(ClassLoader.java:589)
	at java.base/java.lang.ClassLoader.loadClass(ClassLoader.java:522)
	at java.base/java.lang.Class.forName0(Native Method)
	at java.base/java.lang.Class.forName(Class.java:398)
	at io.opencui.core.UserSession.construct(UserSession.kt:627)
	at io.opencui.core.BaseKt$createFrameGenerator$1.invoke(base.kt:38)
	at io.opencui.core.BaseKt$createFrameGenerator$1.invoke(base.kt:33)
	at io.opencui.core.InterfaceFiller$askFiller$2$entityFiller$2.invoke(filler.kt:933)
	at io.opencui.core.InterfaceFiller$askFiller$2$entityFiller$2.invoke(filler.kt:933)
	at io.opencui.core.RealtypeFiller.isCompatible(filler.kt:401)
	at io.opencui.core.AnnotatedWrapperFiller.isCompatible(filler.kt:793)
	at io.opencui.core.InterfaceFiller.isCompatible(filler.kt:923)
	at io.opencui.core.AnnotatedWrapperFiller.grow(filler.kt:668)
	at io.opencui.core.Scheduler.grow(UserSession.kt:61)
	at io.opencui.core.RescheduleAction.run(action.kt:481)
	at io.opencui.core.DialogManager.response(execution.kt:108)
	at io.opencui.core.RuntimeTest.process(RuntimeTest.kt:1687)
	at io.opencui.core.RuntimeTest.testBasics(RuntimeTest.kt:250)
	at java.base/jdk.internal.reflect.NativeMethodAccessorImpl.invoke0(Native Method)
	at java.base/jdk.internal.reflect.NativeMethodAccessorImpl.invoke(NativeMethodAccessorImpl.java:62)
	at java.base/jdk.internal.reflect.DelegatingMethodAccessorImpl.invoke(DelegatingMethodAccessorImpl.java:43)
	at java.base/java.lang.reflect.Method.invoke(Method.java:566)
	at org.junit.runners.model.FrameworkMethod$1.runReflectiveCall(FrameworkMethod.java:50)
	at org.junit.internal.runners.model.ReflectiveCallable.run(ReflectiveCallable.java:12)
	at org.junit.runners.model.FrameworkMethod.invokeExplosively(FrameworkMethod.java:47)
	at org.junit.internal.runners.statements.InvokeMethod.evaluate(InvokeMethod.java:17)
	at org.junit.runners.ParentRunner.runLeaf(ParentRunner.java:325)
	at org.junit.runners.BlockJUnit4ClassRunner.runChild(BlockJUnit4ClassRunner.java:78)
	at org.junit.runners.BlockJUnit4ClassRunner.runChild(BlockJUnit4ClassRunner.java:57)
	at org.junit.runners.ParentRunner$3.run(ParentRunner.java:290)
	at org.junit.runners.ParentRunner$1.schedule(ParentRunner.java:71)
	at org.junit.runners.ParentRunner.runChildren(ParentRunner.java:288)
	at org.junit.runners.ParentRunner.access$000(ParentRunner.java:58)
	at org.junit.runners.ParentRunner$2.evaluate(ParentRunner.java:268)
	at org.junit.runners.ParentRunner.run(ParentRunner.java:363)
	at org.gradle.api.internal.tasks.testing.junit.JUnitTestClassExecutor.runTestClass(JUnitTestClassExecutor.java:110)
	at org.gradle.api.internal.tasks.testing.junit.JUnitTestClassExecutor.execute(JUnitTestClassExecutor.java:58)
	at org.gradle.api.internal.tasks.testing.junit.JUnitTestClassExecutor.execute(JUnitTestClassExecutor.java:38)
	at org.gradle.api.internal.tasks.testing.junit.AbstractJUnitTestClassProcessor.processTestClass(AbstractJUnitTestClassProcessor.java:62)
	at org.gradle.api.internal.tasks.testing.SuiteTestClassProcessor.processTestClass(SuiteTestClassProcessor.java:51)
	at java.base/jdk.internal.reflect.NativeMethodAccessorImpl.invoke0(Native Method)
	at java.base/jdk.internal.reflect.NativeMethodAccessorImpl.invoke(NativeMethodAccessorImpl.java:62)
	at java.base/jdk.internal.reflect.DelegatingMethodAccessorImpl.invoke(DelegatingMethodAccessorImpl.java:43)
	at java.base/java.lang.reflect.Method.invoke(Method.java:566)
	at org.gradle.internal.dispatch.ReflectionDispatch.dispatch(ReflectionDispatch.java:36)
	at org.gradle.internal.dispatch.ReflectionDispatch.dispatch(ReflectionDispatch.java:24)
	at org.gradle.internal.dispatch.ContextClassLoaderDispatch.dispatch(ContextClassLoaderDispatch.java:33)
	at org.gradle.internal.dispatch.ProxyDispatchAdapter$DispatchingInvocationHandler.invoke(ProxyDispatchAdapter.java:94)
	at com.sun.proxy.$Proxy2.processTestClass(Unknown Source)
	at org.gradle.api.internal.tasks.testing.worker.TestWorker$2.run(TestWorker.java:176)
	at org.gradle.api.internal.tasks.testing.worker.TestWorker.executeAndMaintainThreadName(TestWorker.java:129)
	at org.gradle.api.internal.tasks.testing.worker.TestWorker.execute(TestWorker.java:100)
	at org.gradle.api.internal.tasks.testing.worker.TestWorker.execute(TestWorker.java:60)
	at org.gradle.process.internal.worker.child.ActionExecutionWorker.execute(ActionExecutionWorker.java:56)
	at org.gradle.process.internal.worker.child.SystemApplicationClassLoaderWorker.call(SystemApplicationClassLoaderWorker.java:133)
	at org.gradle.process.internal.worker.child.SystemApplicationClassLoaderWorker.call(SystemApplicationClassLoaderWorker.java:71)
	at worker.org.gradle.process.internal.worker.GradleWorkerMain.run(GradleWorkerMain.java:69)
	at worker.org.gradle.process.internal.worker.GradleWorkerMain.main(GradleWorkerMain.java:74)
java.lang.ClassNotFoundException: io.opencui.test.fever
	at java.base/java.net.URLClassLoader.findClass(URLClassLoader.java:476)
	at java.base/java.lang.ClassLoader.loadClass(ClassLoader.java:589)
	at java.base/java.lang.ClassLoader.loadClass(ClassLoader.java:522)
	at java.base/java.lang.Class.forName0(Native Method)
	at java.base/java.lang.Class.forName(Class.java:398)
	at io.opencui.core.UserSession.construct(UserSession.kt:627)
	at io.opencui.core.BaseKt$createFrameGenerator$1.invoke(base.kt:38)
	at io.opencui.core.BaseKt$createFrameGenerator$1.invoke(base.kt:33)
	at io.opencui.core.InterfaceFiller$askFiller$2$entityFiller$2.invoke(filler.kt:933)
	at io.opencui.core.InterfaceFiller$askFiller$2$entityFiller$2.invoke(filler.kt:933)
	at io.opencui.core.RealtypeFiller.isCompatible(filler.kt:401)
	at io.opencui.core.AnnotatedWrapperFiller.isCompatible(filler.kt:793)
	at io.opencui.core.InterfaceFiller.isCompatible(filler.kt:923)
	at io.opencui.core.AnnotatedWrapperFiller.grow(filler.kt:668)
	at io.opencui.core.Scheduler.grow(UserSession.kt:61)
	at io.opencui.core.RescheduleAction.run(action.kt:481)
	at io.opencui.core.DialogManager.response(execution.kt:108)
	at io.opencui.core.RuntimeTest.process(RuntimeTest.kt:1687)
	at io.opencui.core.RuntimeTest.testBasics(RuntimeTest.kt:250)
	at java.base/jdk.internal.reflect.NativeMethodAccessorImpl.invoke0(Native Method)
	at java.base/jdk.internal.reflect.NativeMethodAccessorImpl.invoke(NativeMethodAccessorImpl.java:62)
	at java.base/jdk.internal.reflect.DelegatingMethodAccessorImpl.invoke(DelegatingMethodAccessorImpl.java:43)
	at java.base/java.lang.reflect.Method.invoke(Method.java:566)
	at org.junit.runners.model.FrameworkMethod$1.runReflectiveCall(FrameworkMethod.java:50)
	at org.junit.internal.runners.model.ReflectiveCallable.run(ReflectiveCallable.java:12)
	at org.junit.runners.model.FrameworkMethod.invokeExplosively(FrameworkMethod.java:47)
	at org.junit.internal.runners.statements.InvokeMethod.evaluate(InvokeMethod.java:17)
	at org.junit.runners.ParentRunner.runLeaf(ParentRunner.java:325)
	at org.junit.runners.BlockJUnit4ClassRunner.runChild(BlockJUnit4ClassRunner.java:78)
	at org.junit.runners.BlockJUnit4ClassRunner.runChild(BlockJUnit4ClassRunner.java:57)
	at org.junit.runners.ParentRunner$3.run(ParentRunner.java:290)
	at org.junit.runners.ParentRunner$1.schedule(ParentRunner.java:71)
	at org.junit.runners.ParentRunner.runChildren(ParentRunner.java:288)
	at org.junit.runners.ParentRunner.access$000(ParentRunner.java:58)
	at org.junit.runners.ParentRunner$2.evaluate(ParentRunner.java:268)
	at org.junit.runners.ParentRunner.run(ParentRunner.java:363)
	at org.gradle.api.internal.tasks.testing.junit.JUnitTestClassExecutor.runTestClass(JUnitTestClassExecutor.java:110)
	at org.gradle.api.internal.tasks.testing.junit.JUnitTestClassExecutor.execute(JUnitTestClassExecutor.java:58)
	at org.gradle.api.internal.tasks.testing.junit.JUnitTestClassExecutor.execute(JUnitTestClassExecutor.java:38)
	at org.gradle.api.internal.tasks.testing.junit.AbstractJUnitTestClassProcessor.processTestClass(AbstractJUnitTestClassProcessor.java:62)
	at org.gradle.api.internal.tasks.testing.SuiteTestClassProcessor.processTestClass(SuiteTestClassProcessor.java:51)
	at java.base/jdk.internal.reflect.NativeMethodAccessorImpl.invoke0(Native Method)
	at java.base/jdk.internal.reflect.NativeMethodAccessorImpl.invoke(NativeMethodAccessorImpl.java:62)
	at java.base/jdk.internal.reflect.DelegatingMethodAccessorImpl.invoke(DelegatingMethodAccessorImpl.java:43)
	at java.base/java.lang.reflect.Method.invoke(Method.java:566)
	at org.gradle.internal.dispatch.ReflectionDispatch.dispatch(ReflectionDispatch.java:36)
	at org.gradle.internal.dispatch.ReflectionDispatch.dispatch(ReflectionDispatch.java:24)
	at org.gradle.internal.dispatch.ContextClassLoaderDispatch.dispatch(ContextClassLoaderDispatch.java:33)
	at org.gradle.internal.dispatch.ProxyDispatchAdapter$DispatchingInvocationHandler.invoke(ProxyDispatchAdapter.java:94)
	at com.sun.proxy.$Proxy2.processTestClass(Unknown Source)
	at org.gradle.api.internal.tasks.testing.worker.TestWorker$2.run(TestWorker.java:176)
	at org.gradle.api.internal.tasks.testing.worker.TestWorker.executeAndMaintainThreadName(TestWorker.java:129)
	at org.gradle.api.internal.tasks.testing.worker.TestWorker.execute(TestWorker.java:100)
	at org.gradle.api.internal.tasks.testing.worker.TestWorker.execute(TestWorker.java:60)
	at org.gradle.process.internal.worker.child.ActionExecutionWorker.execute(ActionExecutionWorker.java:56)
	at org.gradle.process.internal.worker.child.SystemApplicationClassLoaderWorker.call(SystemApplicationClassLoaderWorker.java:133)
	at org.gradle.process.internal.worker.child.SystemApplicationClassLoaderWorker.call(SystemApplicationClassLoaderWorker.java:71)
	at worker.org.gradle.process.internal.worker.GradleWorkerMain.run(GradleWorkerMain.java:69)
	at worker.org.gradle.process.internal.worker.GradleWorkerMain.main(GradleWorkerMain.java:74)
java.lang.ClassNotFoundException: io.opencui.test.person
	at java.base/java.net.URLClassLoader.findClass(URLClassLoader.java:476)
	at java.base/java.lang.ClassLoader.loadClass(ClassLoader.java:589)
	at java.base/java.lang.ClassLoader.loadClass(ClassLoader.java:522)
	at java.base/java.lang.Class.forName0(Native Method)
	at java.base/java.lang.Class.forName(Class.java:398)
	at io.opencui.core.UserSession.construct(UserSession.kt:627)
	at io.opencui.core.BaseKt$createFrameGenerator$1.invoke(base.kt:38)
	at io.opencui.core.BaseKt$createFrameGenerator$1.invoke(base.kt:33)
	at io.opencui.core.InterfaceFiller$askFiller$2$entityFiller$2.invoke(filler.kt:933)
	at io.opencui.core.InterfaceFiller$askFiller$2$entityFiller$2.invoke(filler.kt:933)
	at io.opencui.core.RealtypeFiller.isCompatible(filler.kt:401)
	at io.opencui.core.AnnotatedWrapperFiller.grow(filler.kt:668)
	at io.opencui.core.Scheduler.grow(UserSession.kt:61)
	at io.opencui.core.RescheduleAction.run(action.kt:481)
	at io.opencui.core.DialogManager.response(execution.kt:108)
	at io.opencui.core.RuntimeTest.process(RuntimeTest.kt:1687)
	at io.opencui.core.RuntimeTest.testBasics(RuntimeTest.kt:250)
	at java.base/jdk.internal.reflect.NativeMethodAccessorImpl.invoke0(Native Method)
	at java.base/jdk.internal.reflect.NativeMethodAccessorImpl.invoke(NativeMethodAccessorImpl.java:62)
	at java.base/jdk.internal.reflect.DelegatingMethodAccessorImpl.invoke(DelegatingMethodAccessorImpl.java:43)
	at java.base/java.lang.reflect.Method.invoke(Method.java:566)
	at org.junit.runners.model.FrameworkMethod$1.runReflectiveCall(FrameworkMethod.java:50)
	at org.junit.internal.runners.model.ReflectiveCallable.run(ReflectiveCallable.java:12)
	at org.junit.runners.model.FrameworkMethod.invokeExplosively(FrameworkMethod.java:47)
	at org.junit.internal.runners.statements.InvokeMethod.evaluate(InvokeMethod.java:17)
	at org.junit.runners.ParentRunner.runLeaf(ParentRunner.java:325)
	at org.junit.runners.BlockJUnit4ClassRunner.runChild(BlockJUnit4ClassRunner.java:78)
	at org.junit.runners.BlockJUnit4ClassRunner.runChild(BlockJUnit4ClassRunner.java:57)
	at org.junit.runners.ParentRunner$3.run(ParentRunner.java:290)
	at org.junit.runners.ParentRunner$1.schedule(ParentRunner.java:71)
	at org.junit.runners.ParentRunner.runChildren(ParentRunner.java:288)
	at org.junit.runners.ParentRunner.access$000(ParentRunner.java:58)
	at org.junit.runners.ParentRunner$2.evaluate(ParentRunner.java:268)
	at org.junit.runners.ParentRunner.run(ParentRunner.java:363)
	at org.gradle.api.internal.tasks.testing.junit.JUnitTestClassExecutor.runTestClass(JUnitTestClassExecutor.java:110)
	at org.gradle.api.internal.tasks.testing.junit.JUnitTestClassExecutor.execute(JUnitTestClassExecutor.java:58)
	at org.gradle.api.internal.tasks.testing.junit.JUnitTestClassExecutor.execute(JUnitTestClassExecutor.java:38)
	at org.gradle.api.internal.tasks.testing.junit.AbstractJUnitTestClassProcessor.processTestClass(AbstractJUnitTestClassProcessor.java:62)
	at org.gradle.api.internal.tasks.testing.SuiteTestClassProcessor.processTestClass(SuiteTestClassProcessor.java:51)
	at java.base/jdk.internal.reflect.NativeMethodAccessorImpl.invoke0(Native Method)
	at java.base/jdk.internal.reflect.NativeMethodAccessorImpl.invoke(NativeMethodAccessorImpl.java:62)
	at java.base/jdk.internal.reflect.DelegatingMethodAccessorImpl.invoke(DelegatingMethodAccessorImpl.java:43)
	at java.base/java.lang.reflect.Method.invoke(Method.java:566)
	at org.gradle.internal.dispatch.ReflectionDispatch.dispatch(ReflectionDispatch.java:36)
	at org.gradle.internal.dispatch.ReflectionDispatch.dispatch(ReflectionDispatch.java:24)
	at org.gradle.internal.dispatch.ContextClassLoaderDispatch.dispatch(ContextClassLoaderDispatch.java:33)
	at org.gradle.internal.dispatch.ProxyDispatchAdapter$DispatchingInvocationHandler.invoke(ProxyDispatchAdapter.java:94)
	at com.sun.proxy.$Proxy2.processTestClass(Unknown Source)
	at org.gradle.api.internal.tasks.testing.worker.TestWorker$2.run(TestWorker.java:176)
	at org.gradle.api.internal.tasks.testing.worker.TestWorker.executeAndMaintainThreadName(TestWorker.java:129)
	at org.gradle.api.internal.tasks.testing.worker.TestWorker.execute(TestWorker.java:100)
	at org.gradle.api.internal.tasks.testing.worker.TestWorker.execute(TestWorker.java:60)
	at org.gradle.process.internal.worker.child.ActionExecutionWorker.execute(ActionExecutionWorker.java:56)
	at org.gradle.process.internal.worker.child.SystemApplicationClassLoaderWorker.call(SystemApplicationClassLoaderWorker.java:133)
	at org.gradle.process.internal.worker.child.SystemApplicationClassLoaderWorker.call(SystemApplicationClassLoaderWorker.java:71)
	at worker.org.gradle.process.internal.worker.GradleWorkerMain.run(GradleWorkerMain.java:69)
	at worker.org.gradle.process.internal.worker.GradleWorkerMain.main(GradleWorkerMain.java:74)
java.lang.ClassNotFoundException: io.opencui.test.fever
	at java.base/java.net.URLClassLoader.findClass(URLClassLoader.java:476)
	at java.base/java.lang.ClassLoader.loadClass(ClassLoader.java:589)
	at java.base/java.lang.ClassLoader.loadClass(ClassLoader.java:522)
	at java.base/java.lang.Class.forName0(Native Method)
	at java.base/java.lang.Class.forName(Class.java:398)
	at io.opencui.core.UserSession.construct(UserSession.kt:627)
	at io.opencui.core.BaseKt$createFrameGenerator$1.invoke(base.kt:38)
	at io.opencui.core.BaseKt$createFrameGenerator$1.invoke(base.kt:33)
	at io.opencui.core.InterfaceFiller$askFiller$2$entityFiller$2.invoke(filler.kt:933)
	at io.opencui.core.InterfaceFiller$askFiller$2$entityFiller$2.invoke(filler.kt:933)
	at io.opencui.core.RealtypeFiller.isCompatible(filler.kt:401)
	at io.opencui.core.AnnotatedWrapperFiller.grow(filler.kt:668)
	at io.opencui.core.Scheduler.grow(UserSession.kt:61)
	at io.opencui.core.RescheduleAction.run(action.kt:481)
	at io.opencui.core.DialogManager.response(execution.kt:108)
	at io.opencui.core.RuntimeTest.process(RuntimeTest.kt:1687)
	at io.opencui.core.RuntimeTest.testBasics(RuntimeTest.kt:250)
	at java.base/jdk.internal.reflect.NativeMethodAccessorImpl.invoke0(Native Method)
	at java.base/jdk.internal.reflect.NativeMethodAccessorImpl.invoke(NativeMethodAccessorImpl.java:62)
	at java.base/jdk.internal.reflect.DelegatingMethodAccessorImpl.invoke(DelegatingMethodAccessorImpl.java:43)
	at java.base/java.lang.reflect.Method.invoke(Method.java:566)
	at org.junit.runners.model.FrameworkMethod$1.runReflectiveCall(FrameworkMethod.java:50)
	at org.junit.internal.runners.model.ReflectiveCallable.run(ReflectiveCallable.java:12)
	at org.junit.runners.model.FrameworkMethod.invokeExplosively(FrameworkMethod.java:47)
	at org.junit.internal.runners.statements.InvokeMethod.evaluate(InvokeMethod.java:17)
	at org.junit.runners.ParentRunner.runLeaf(ParentRunner.java:325)
	at org.junit.runners.BlockJUnit4ClassRunner.runChild(BlockJUnit4ClassRunner.java:78)
	at org.junit.runners.BlockJUnit4ClassRunner.runChild(BlockJUnit4ClassRunner.java:57)
	at org.junit.runners.ParentRunner$3.run(ParentRunner.java:290)
	at org.junit.runners.ParentRunner$1.schedule(ParentRunner.java:71)
	at org.junit.runners.ParentRunner.runChildren(ParentRunner.java:288)
	at org.junit.runners.ParentRunner.access$000(ParentRunner.java:58)
	at org.junit.runners.ParentRunner$2.evaluate(ParentRunner.java:268)
	at org.junit.runners.ParentRunner.run(ParentRunner.java:363)
	at org.gradle.api.internal.tasks.testing.junit.JUnitTestClassExecutor.runTestClass(JUnitTestClassExecutor.java:110)
	at org.gradle.api.internal.tasks.testing.junit.JUnitTestClassExecutor.execute(JUnitTestClassExecutor.java:58)
	at org.gradle.api.internal.tasks.testing.junit.JUnitTestClassExecutor.execute(JUnitTestClassExecutor.java:38)
	at org.gradle.api.internal.tasks.testing.junit.AbstractJUnitTestClassProcessor.processTestClass(AbstractJUnitTestClassProcessor.java:62)
	at org.gradle.api.internal.tasks.testing.SuiteTestClassProcessor.processTestClass(SuiteTestClassProcessor.java:51)
	at java.base/jdk.internal.reflect.NativeMethodAccessorImpl.invoke0(Native Method)
	at java.base/jdk.internal.reflect.NativeMethodAccessorImpl.invoke(NativeMethodAccessorImpl.java:62)
	at java.base/jdk.internal.reflect.DelegatingMethodAccessorImpl.invoke(DelegatingMethodAccessorImpl.java:43)
	at java.base/java.lang.reflect.Method.invoke(Method.java:566)
	at org.gradle.internal.dispatch.ReflectionDispatch.dispatch(ReflectionDispatch.java:36)
	at org.gradle.internal.dispatch.ReflectionDispatch.dispatch(ReflectionDispatch.java:24)
	at org.gradle.internal.dispatch.ContextClassLoaderDispatch.dispatch(ContextClassLoaderDispatch.java:33)
	at org.gradle.internal.dispatch.ProxyDispatchAdapter$DispatchingInvocationHandler.invoke(ProxyDispatchAdapter.java:94)
	at com.sun.proxy.$Proxy2.processTestClass(Unknown Source)
	at org.gradle.api.internal.tasks.testing.worker.TestWorker$2.run(TestWorker.java:176)
	at org.gradle.api.internal.tasks.testing.worker.TestWorker.executeAndMaintainThreadName(TestWorker.java:129)
	at org.gradle.api.internal.tasks.testing.worker.TestWorker.execute(TestWorker.java:100)
	at org.gradle.api.internal.tasks.testing.worker.TestWorker.execute(TestWorker.java:60)
	at org.gradle.process.internal.worker.child.ActionExecutionWorker.execute(ActionExecutionWorker.java:56)
	at org.gradle.process.internal.worker.child.SystemApplicationClassLoaderWorker.call(SystemApplicationClassLoaderWorker.java:133)
	at org.gradle.process.internal.worker.child.SystemApplicationClassLoaderWorker.call(SystemApplicationClassLoaderWorker.java:71)
	at worker.org.gradle.process.internal.worker.GradleWorkerMain.run(GradleWorkerMain.java:69)
	at worker.org.gradle.process.internal.worker.GradleWorkerMain.main(GradleWorkerMain.java:74)
java.lang.ClassNotFoundException: io.opencui.test.person
	at java.base/java.net.URLClassLoader.findClass(URLClassLoader.java:476)
	at java.base/java.lang.ClassLoader.loadClass(ClassLoader.java:589)
	at java.base/java.lang.ClassLoader.loadClass(ClassLoader.java:522)
	at java.base/java.lang.Class.forName0(Native Method)
	at java.base/java.lang.Class.forName(Class.java:398)
	at io.opencui.core.UserSession.construct(UserSession.kt:627)
	at io.opencui.core.BaseKt$createFrameGenerator$1.invoke(base.kt:38)
	at io.opencui.core.BaseKt$createFrameGenerator$1.invoke(base.kt:33)
	at io.opencui.core.InterfaceFiller$askFiller$2$entityFiller$2.invoke(filler.kt:933)
	at io.opencui.core.InterfaceFiller$askFiller$2$entityFiller$2.invoke(filler.kt:933)
	at io.opencui.core.RealtypeFiller.isCompatible(filler.kt:401)
	at io.opencui.core.AEntityFiller.move(filler.kt:263)
	at io.opencui.core.Scheduler.grow(UserSession.kt:59)
	at io.opencui.core.RescheduleAction.run(action.kt:481)
	at io.opencui.core.DialogManager.response(execution.kt:108)
	at io.opencui.core.RuntimeTest.process(RuntimeTest.kt:1687)
	at io.opencui.core.RuntimeTest.testBasics(RuntimeTest.kt:250)
	at java.base/jdk.internal.reflect.NativeMethodAccessorImpl.invoke0(Native Method)
	at java.base/jdk.internal.reflect.NativeMethodAccessorImpl.invoke(NativeMethodAccessorImpl.java:62)
	at java.base/jdk.internal.reflect.DelegatingMethodAccessorImpl.invoke(DelegatingMethodAccessorImpl.java:43)
	at java.base/java.lang.reflect.Method.invoke(Method.java:566)
	at org.junit.runners.model.FrameworkMethod$1.runReflectiveCall(FrameworkMethod.java:50)
	at org.junit.internal.runners.model.ReflectiveCallable.run(ReflectiveCallable.java:12)
	at org.junit.runners.model.FrameworkMethod.invokeExplosively(FrameworkMethod.java:47)
	at org.junit.internal.runners.statements.InvokeMethod.evaluate(InvokeMethod.java:17)
	at org.junit.runners.ParentRunner.runLeaf(ParentRunner.java:325)
	at org.junit.runners.BlockJUnit4ClassRunner.runChild(BlockJUnit4ClassRunner.java:78)
	at org.junit.runners.BlockJUnit4ClassRunner.runChild(BlockJUnit4ClassRunner.java:57)
	at org.junit.runners.ParentRunner$3.run(ParentRunner.java:290)
	at org.junit.runners.ParentRunner$1.schedule(ParentRunner.java:71)
	at org.junit.runners.ParentRunner.runChildren(ParentRunner.java:288)
	at org.junit.runners.ParentRunner.access$000(ParentRunner.java:58)
	at org.junit.runners.ParentRunner$2.evaluate(ParentRunner.java:268)
	at org.junit.runners.ParentRunner.run(ParentRunner.java:363)
	at org.gradle.api.internal.tasks.testing.junit.JUnitTestClassExecutor.runTestClass(JUnitTestClassExecutor.java:110)
	at org.gradle.api.internal.tasks.testing.junit.JUnitTestClassExecutor.execute(JUnitTestClassExecutor.java:58)
	at org.gradle.api.internal.tasks.testing.junit.JUnitTestClassExecutor.execute(JUnitTestClassExecutor.java:38)
	at org.gradle.api.internal.tasks.testing.junit.AbstractJUnitTestClassProcessor.processTestClass(AbstractJUnitTestClassProcessor.java:62)
	at org.gradle.api.internal.tasks.testing.SuiteTestClassProcessor.processTestClass(SuiteTestClassProcessor.java:51)
	at java.base/jdk.internal.reflect.NativeMethodAccessorImpl.invoke0(Native Method)
	at java.base/jdk.internal.reflect.NativeMethodAccessorImpl.invoke(NativeMethodAccessorImpl.java:62)
	at java.base/jdk.internal.reflect.DelegatingMethodAccessorImpl.invoke(DelegatingMethodAccessorImpl.java:43)
	at java.base/java.lang.reflect.Method.invoke(Method.java:566)
	at org.gradle.internal.dispatch.ReflectionDispatch.dispatch(ReflectionDispatch.java:36)
	at org.gradle.internal.dispatch.ReflectionDispatch.dispatch(ReflectionDispatch.java:24)
	at org.gradle.internal.dispatch.ContextClassLoaderDispatch.dispatch(ContextClassLoaderDispatch.java:33)
	at org.gradle.internal.dispatch.ProxyDispatchAdapter$DispatchingInvocationHandler.invoke(ProxyDispatchAdapter.java:94)
	at com.sun.proxy.$Proxy2.processTestClass(Unknown Source)
	at org.gradle.api.internal.tasks.testing.worker.TestWorker$2.run(TestWorker.java:176)
	at org.gradle.api.internal.tasks.testing.worker.TestWorker.executeAndMaintainThreadName(TestWorker.java:129)
	at org.gradle.api.internal.tasks.testing.worker.TestWorker.execute(TestWorker.java:100)
	at org.gradle.api.internal.tasks.testing.worker.TestWorker.execute(TestWorker.java:60)
	at org.gradle.process.internal.worker.child.ActionExecutionWorker.execute(ActionExecutionWorker.java:56)
	at org.gradle.process.internal.worker.child.SystemApplicationClassLoaderWorker.call(SystemApplicationClassLoaderWorker.java:133)
	at org.gradle.process.internal.worker.child.SystemApplicationClassLoaderWorker.call(SystemApplicationClassLoaderWorker.java:71)
	at worker.org.gradle.process.internal.worker.GradleWorkerMain.run(GradleWorkerMain.java:69)
	at worker.org.gradle.process.internal.worker.GradleWorkerMain.main(GradleWorkerMain.java:74)
java.lang.ClassNotFoundException: io.opencui.test.fever
	at java.base/java.net.URLClassLoader.findClass(URLClassLoader.java:476)
	at java.base/java.lang.ClassLoader.loadClass(ClassLoader.java:589)
	at java.base/java.lang.ClassLoader.loadClass(ClassLoader.java:522)
	at java.base/java.lang.Class.forName0(Native Method)
	at java.base/java.lang.Class.forName(Class.java:398)
	at io.opencui.core.UserSession.construct(UserSession.kt:627)
	at io.opencui.core.BaseKt$createFrameGenerator$1.invoke(base.kt:38)
	at io.opencui.core.BaseKt$createFrameGenerator$1.invoke(base.kt:33)
	at io.opencui.core.InterfaceFiller$askFiller$2$entityFiller$2.invoke(filler.kt:933)
	at io.opencui.core.InterfaceFiller$askFiller$2$entityFiller$2.invoke(filler.kt:933)
	at io.opencui.core.RealtypeFiller.isCompatible(filler.kt:401)
	at io.opencui.core.AEntityFiller.move(filler.kt:263)
	at io.opencui.core.Scheduler.grow(UserSession.kt:59)
	at io.opencui.core.RescheduleAction.run(action.kt:481)
	at io.opencui.core.DialogManager.response(execution.kt:108)
	at io.opencui.core.RuntimeTest.process(RuntimeTest.kt:1687)
	at io.opencui.core.RuntimeTest.testBasics(RuntimeTest.kt:250)
	at java.base/jdk.internal.reflect.NativeMethodAccessorImpl.invoke0(Native Method)
	at java.base/jdk.internal.reflect.NativeMethodAccessorImpl.invoke(NativeMethodAccessorImpl.java:62)
	at java.base/jdk.internal.reflect.DelegatingMethodAccessorImpl.invoke(DelegatingMethodAccessorImpl.java:43)
	at java.base/java.lang.reflect.Method.invoke(Method.java:566)
	at org.junit.runners.model.FrameworkMethod$1.runReflectiveCall(FrameworkMethod.java:50)
	at org.junit.internal.runners.model.ReflectiveCallable.run(ReflectiveCallable.java:12)
	at org.junit.runners.model.FrameworkMethod.invokeExplosively(FrameworkMethod.java:47)
	at org.junit.internal.runners.statements.InvokeMethod.evaluate(InvokeMethod.java:17)
	at org.junit.runners.ParentRunner.runLeaf(ParentRunner.java:325)
	at org.junit.runners.BlockJUnit4ClassRunner.runChild(BlockJUnit4ClassRunner.java:78)
	at org.junit.runners.BlockJUnit4ClassRunner.runChild(BlockJUnit4ClassRunner.java:57)
	at org.junit.runners.ParentRunner$3.run(ParentRunner.java:290)
	at org.junit.runners.ParentRunner$1.schedule(ParentRunner.java:71)
	at org.junit.runners.ParentRunner.runChildren(ParentRunner.java:288)
	at org.junit.runners.ParentRunner.access$000(ParentRunner.java:58)
	at org.junit.runners.ParentRunner$2.evaluate(ParentRunner.java:268)
	at org.junit.runners.ParentRunner.run(ParentRunner.java:363)
	at org.gradle.api.internal.tasks.testing.junit.JUnitTestClassExecutor.runTestClass(JUnitTestClassExecutor.java:110)
	at org.gradle.api.internal.tasks.testing.junit.JUnitTestClassExecutor.execute(JUnitTestClassExecutor.java:58)
	at org.gradle.api.internal.tasks.testing.junit.JUnitTestClassExecutor.execute(JUnitTestClassExecutor.java:38)
	at org.gradle.api.internal.tasks.testing.junit.AbstractJUnitTestClassProcessor.processTestClass(AbstractJUnitTestClassProcessor.java:62)
	at org.gradle.api.internal.tasks.testing.SuiteTestClassProcessor.processTestClass(SuiteTestClassProcessor.java:51)
	at java.base/jdk.internal.reflect.NativeMethodAccessorImpl.invoke0(Native Method)
	at java.base/jdk.internal.reflect.NativeMethodAccessorImpl.invoke(NativeMethodAccessorImpl.java:62)
	at java.base/jdk.internal.reflect.DelegatingMethodAccessorImpl.invoke(DelegatingMethodAccessorImpl.java:43)
	at java.base/java.lang.reflect.Method.invoke(Method.java:566)
	at org.gradle.internal.dispatch.ReflectionDispatch.dispatch(ReflectionDispatch.java:36)
	at org.gradle.internal.dispatch.ReflectionDispatch.dispatch(ReflectionDispatch.java:24)
	at org.gradle.internal.dispatch.ContextClassLoaderDispatch.dispatch(ContextClassLoaderDispatch.java:33)
	at org.gradle.internal.dispatch.ProxyDispatchAdapter$DispatchingInvocationHandler.invoke(ProxyDispatchAdapter.java:94)
	at com.sun.proxy.$Proxy2.processTestClass(Unknown Source)
	at org.gradle.api.internal.tasks.testing.worker.TestWorker$2.run(TestWorker.java:176)
	at org.gradle.api.internal.tasks.testing.worker.TestWorker.executeAndMaintainThreadName(TestWorker.java:129)
	at org.gradle.api.internal.tasks.testing.worker.TestWorker.execute(TestWorker.java:100)
	at org.gradle.api.internal.tasks.testing.worker.TestWorker.execute(TestWorker.java:60)
	at org.gradle.process.internal.worker.child.ActionExecutionWorker.execute(ActionExecutionWorker.java:56)
	at org.gradle.process.internal.worker.child.SystemApplicationClassLoaderWorker.call(SystemApplicationClassLoaderWorker.java:133)
	at org.gradle.process.internal.worker.child.SystemApplicationClassLoaderWorker.call(SystemApplicationClassLoaderWorker.java:71)
	at worker.org.gradle.process.internal.worker.GradleWorkerMain.run(GradleWorkerMain.java:69)
	at worker.org.gradle.process.internal.worker.GradleWorkerMain.main(GradleWorkerMain.java:74)
java.lang.ClassNotFoundException: io.opencui.test.person
	at java.base/java.net.URLClassLoader.findClass(URLClassLoader.java:476)
	at java.base/java.lang.ClassLoader.loadClass(ClassLoader.java:589)
	at java.base/java.lang.ClassLoader.loadClass(ClassLoader.java:522)
	at java.base/java.lang.Class.forName0(Native Method)
	at java.base/java.lang.Class.forName(Class.java:398)
	at io.opencui.core.UserSession.construct(UserSession.kt:627)
	at io.opencui.core.BaseKt$createFrameGenerator$1.invoke(base.kt:38)
	at io.opencui.core.BaseKt$createFrameGenerator$1.invoke(base.kt:33)
	at io.opencui.core.InterfaceFiller$askFiller$2$entityFiller$2.invoke(filler.kt:933)
	at io.opencui.core.InterfaceFiller$askFiller$2$entityFiller$2.invoke(filler.kt:933)
	at io.opencui.core.RealtypeFiller.isCompatible(filler.kt:401)
	at io.opencui.core.UserSession.kernelStep(UserSession.kt:249)
	at io.opencui.core.UserSession.userStep(UserSession.kt:204)
	at io.opencui.core.DialogManager.response(execution.kt:99)
	at io.opencui.core.RuntimeTest.process(RuntimeTest.kt:1687)
	at io.opencui.core.RuntimeTest.testBasics(RuntimeTest.kt:250)
	at java.base/jdk.internal.reflect.NativeMethodAccessorImpl.invoke0(Native Method)
	at java.base/jdk.internal.reflect.NativeMethodAccessorImpl.invoke(NativeMethodAccessorImpl.java:62)
	at java.base/jdk.internal.reflect.DelegatingMethodAccessorImpl.invoke(DelegatingMethodAccessorImpl.java:43)
	at java.base/java.lang.reflect.Method.invoke(Method.java:566)
	at org.junit.runners.model.FrameworkMethod$1.runReflectiveCall(FrameworkMethod.java:50)
	at org.junit.internal.runners.model.ReflectiveCallable.run(ReflectiveCallable.java:12)
	at org.junit.runners.model.FrameworkMethod.invokeExplosively(FrameworkMethod.java:47)
	at org.junit.internal.runners.statements.InvokeMethod.evaluate(InvokeMethod.java:17)
	at org.junit.runners.ParentRunner.runLeaf(ParentRunner.java:325)
	at org.junit.runners.BlockJUnit4ClassRunner.runChild(BlockJUnit4ClassRunner.java:78)
	at org.junit.runners.BlockJUnit4ClassRunner.runChild(BlockJUnit4ClassRunner.java:57)
	at org.junit.runners.ParentRunner$3.run(ParentRunner.java:290)
	at org.junit.runners.ParentRunner$1.schedule(ParentRunner.java:71)
	at org.junit.runners.ParentRunner.runChildren(ParentRunner.java:288)
	at org.junit.runners.ParentRunner.access$000(ParentRunner.java:58)
	at org.junit.runners.ParentRunner$2.evaluate(ParentRunner.java:268)
	at org.junit.runners.ParentRunner.run(ParentRunner.java:363)
	at org.gradle.api.internal.tasks.testing.junit.JUnitTestClassExecutor.runTestClass(JUnitTestClassExecutor.java:110)
	at org.gradle.api.internal.tasks.testing.junit.JUnitTestClassExecutor.execute(JUnitTestClassExecutor.java:58)
	at org.gradle.api.internal.tasks.testing.junit.JUnitTestClassExecutor.execute(JUnitTestClassExecutor.java:38)
	at org.gradle.api.internal.tasks.testing.junit.AbstractJUnitTestClassProcessor.processTestClass(AbstractJUnitTestClassProcessor.java:62)
	at org.gradle.api.internal.tasks.testing.SuiteTestClassProcessor.processTestClass(SuiteTestClassProcessor.java:51)
	at java.base/jdk.internal.reflect.NativeMethodAccessorImpl.invoke0(Native Method)
	at java.base/jdk.internal.reflect.NativeMethodAccessorImpl.invoke(NativeMethodAccessorImpl.java:62)
	at java.base/jdk.internal.reflect.DelegatingMethodAccessorImpl.invoke(DelegatingMethodAccessorImpl.java:43)
	at java.base/java.lang.reflect.Method.invoke(Method.java:566)
	at org.gradle.internal.dispatch.ReflectionDispatch.dispatch(ReflectionDispatch.java:36)
	at org.gradle.internal.dispatch.ReflectionDispatch.dispatch(ReflectionDispatch.java:24)
	at org.gradle.internal.dispatch.ContextClassLoaderDispatch.dispatch(ContextClassLoaderDispatch.java:33)
	at org.gradle.internal.dispatch.ProxyDispatchAdapter$DispatchingInvocationHandler.invoke(ProxyDispatchAdapter.java:94)
	at com.sun.proxy.$Proxy2.processTestClass(Unknown Source)
	at org.gradle.api.internal.tasks.testing.worker.TestWorker$2.run(TestWorker.java:176)
	at org.gradle.api.internal.tasks.testing.worker.TestWorker.executeAndMaintainThreadName(TestWorker.java:129)
	at org.gradle.api.internal.tasks.testing.worker.TestWorker.execute(TestWorker.java:100)
	at org.gradle.api.internal.tasks.testing.worker.TestWorker.execute(TestWorker.java:60)
	at org.gradle.process.internal.worker.child.ActionExecutionWorker.execute(ActionExecutionWorker.java:56)
	at org.gradle.process.internal.worker.child.SystemApplicationClassLoaderWorker.call(SystemApplicationClassLoaderWorker.java:133)
	at org.gradle.process.internal.worker.child.SystemApplicationClassLoaderWorker.call(SystemApplicationClassLoaderWorker.java:71)
	at worker.org.gradle.process.internal.worker.GradleWorkerMain.run(GradleWorkerMain.java:69)
	at worker.org.gradle.process.internal.worker.GradleWorkerMain.main(GradleWorkerMain.java:74)
java.lang.ClassNotFoundException: io.opencui.test.fever
	at java.base/java.net.URLClassLoader.findClass(URLClassLoader.java:476)
	at java.base/java.lang.ClassLoader.loadClass(ClassLoader.java:589)
	at java.base/java.lang.ClassLoader.loadClass(ClassLoader.java:522)
	at java.base/java.lang.Class.forName0(Native Method)
	at java.base/java.lang.Class.forName(Class.java:398)
	at io.opencui.core.UserSession.construct(UserSession.kt:627)
	at io.opencui.core.BaseKt$createFrameGenerator$1.invoke(base.kt:38)
	at io.opencui.core.BaseKt$createFrameGenerator$1.invoke(base.kt:33)
	at io.opencui.core.InterfaceFiller$askFiller$2$entityFiller$2.invoke(filler.kt:933)
	at io.opencui.core.InterfaceFiller$askFiller$2$entityFiller$2.invoke(filler.kt:933)
	at io.opencui.core.RealtypeFiller.isCompatible(filler.kt:401)
	at io.opencui.core.UserSession.kernelStep(UserSession.kt:249)
	at io.opencui.core.UserSession.userStep(UserSession.kt:204)
	at io.opencui.core.DialogManager.response(execution.kt:99)
	at io.opencui.core.RuntimeTest.process(RuntimeTest.kt:1687)
	at io.opencui.core.RuntimeTest.testBasics(RuntimeTest.kt:250)
	at java.base/jdk.internal.reflect.NativeMethodAccessorImpl.invoke0(Native Method)
	at java.base/jdk.internal.reflect.NativeMethodAccessorImpl.invoke(NativeMethodAccessorImpl.java:62)
	at java.base/jdk.internal.reflect.DelegatingMethodAccessorImpl.invoke(DelegatingMethodAccessorImpl.java:43)
	at java.base/java.lang.reflect.Method.invoke(Method.java:566)
	at org.junit.runners.model.FrameworkMethod$1.runReflectiveCall(FrameworkMethod.java:50)
	at org.junit.internal.runners.model.ReflectiveCallable.run(ReflectiveCallable.java:12)
	at org.junit.runners.model.FrameworkMethod.invokeExplosively(FrameworkMethod.java:47)
	at org.junit.internal.runners.statements.InvokeMethod.evaluate(InvokeMethod.java:17)
	at org.junit.runners.ParentRunner.runLeaf(ParentRunner.java:325)
	at org.junit.runners.BlockJUnit4ClassRunner.runChild(BlockJUnit4ClassRunner.java:78)
	at org.junit.runners.BlockJUnit4ClassRunner.runChild(BlockJUnit4ClassRunner.java:57)
	at org.junit.runners.ParentRunner$3.run(ParentRunner.java:290)
	at org.junit.runners.ParentRunner$1.schedule(ParentRunner.java:71)
	at org.junit.runners.ParentRunner.runChildren(ParentRunner.java:288)
	at org.junit.runners.ParentRunner.access$000(ParentRunner.java:58)
	at org.junit.runners.ParentRunner$2.evaluate(ParentRunner.java:268)
	at org.junit.runners.ParentRunner.run(ParentRunner.java:363)
	at org.gradle.api.internal.tasks.testing.junit.JUnitTestClassExecutor.runTestClass(JUnitTestClassExecutor.java:110)
	at org.gradle.api.internal.tasks.testing.junit.JUnitTestClassExecutor.execute(JUnitTestClassExecutor.java:58)
	at org.gradle.api.internal.tasks.testing.junit.JUnitTestClassExecutor.execute(JUnitTestClassExecutor.java:38)
	at org.gradle.api.internal.tasks.testing.junit.AbstractJUnitTestClassProcessor.processTestClass(AbstractJUnitTestClassProcessor.java:62)
	at org.gradle.api.internal.tasks.testing.SuiteTestClassProcessor.processTestClass(SuiteTestClassProcessor.java:51)
	at java.base/jdk.internal.reflect.NativeMethodAccessorImpl.invoke0(Native Method)
	at java.base/jdk.internal.reflect.NativeMethodAccessorImpl.invoke(NativeMethodAccessorImpl.java:62)
	at java.base/jdk.internal.reflect.DelegatingMethodAccessorImpl.invoke(DelegatingMethodAccessorImpl.java:43)
	at java.base/java.lang.reflect.Method.invoke(Method.java:566)
	at org.gradle.internal.dispatch.ReflectionDispatch.dispatch(ReflectionDispatch.java:36)
	at org.gradle.internal.dispatch.ReflectionDispatch.dispatch(ReflectionDispatch.java:24)
	at org.gradle.internal.dispatch.ContextClassLoaderDispatch.dispatch(ContextClassLoaderDispatch.java:33)
	at org.gradle.internal.dispatch.ProxyDispatchAdapter$DispatchingInvocationHandler.invoke(ProxyDispatchAdapter.java:94)
	at com.sun.proxy.$Proxy2.processTestClass(Unknown Source)
	at org.gradle.api.internal.tasks.testing.worker.TestWorker$2.run(TestWorker.java:176)
	at org.gradle.api.internal.tasks.testing.worker.TestWorker.executeAndMaintainThreadName(TestWorker.java:129)
	at org.gradle.api.internal.tasks.testing.worker.TestWorker.execute(TestWorker.java:100)
	at org.gradle.api.internal.tasks.testing.worker.TestWorker.execute(TestWorker.java:60)
	at org.gradle.process.internal.worker.child.ActionExecutionWorker.execute(ActionExecutionWorker.java:56)
	at org.gradle.process.internal.worker.child.SystemApplicationClassLoaderWorker.call(SystemApplicationClassLoaderWorker.java:133)
	at org.gradle.process.internal.worker.child.SystemApplicationClassLoaderWorker.call(SystemApplicationClassLoaderWorker.java:71)
	at worker.org.gradle.process.internal.worker.GradleWorkerMain.run(GradleWorkerMain.java:69)
	at worker.org.gradle.process.internal.worker.GradleWorkerMain.main(GradleWorkerMain.java:74)
[Test worker] INFO io.opencui.core.DialogManager - session state after turn 13 : {"schedulers_count":1,"main":{"state":"POST_ASK","fillers":[{"filler_type":"AnnotatedWrapperFiller","attribute":"PreDiagnosis"},{"filler_type":"FrameFiller","attribute":"PreDiagnosis"},{"filler_type":"AnnotatedWrapperFiller","attribute":"headaches"},{"filler_type":"MultiValueFiller","attribute":"headaches"},{"filler_type":"AnnotatedWrapperFiller","attribute":"headaches._hast"},{"filler_type":"FrameFiller","attribute":"headaches._hast"},{"filler_type":"AnnotatedWrapperFiller","attribute":"status"},{"filler_type":"InterfaceFiller","attribute":"status"},{"filler_type":"AnnotatedWrapperFiller","attribute":"status._realtype"},{"filler_type":"RealtypeFiller","attribute":"status._realtype"}]}}
[Test worker] INFO io.opencui.core.DialogManager - session state before turn 14 : {"schedulers_count":1,"main":{"state":"POST_ASK","fillers":[{"filler_type":"AnnotatedWrapperFiller","attribute":"PreDiagnosis"},{"filler_type":"FrameFiller","attribute":"PreDiagnosis"},{"filler_type":"AnnotatedWrapperFiller","attribute":"headaches"},{"filler_type":"MultiValueFiller","attribute":"headaches"},{"filler_type":"AnnotatedWrapperFiller","attribute":"headaches._hast"},{"filler_type":"FrameFiller","attribute":"headaches._hast"},{"filler_type":"AnnotatedWrapperFiller","attribute":"status"},{"filler_type":"InterfaceFiller","attribute":"status"},{"filler_type":"AnnotatedWrapperFiller","attribute":"status._realtype"},{"filler_type":"RealtypeFiller","attribute":"status._realtype"}]}}
java.lang.ClassNotFoundException: io.opencui.test.person
	at java.base/java.net.URLClassLoader.findClass(URLClassLoader.java:476)
	at java.base/java.lang.ClassLoader.loadClass(ClassLoader.java:589)
	at java.base/java.lang.ClassLoader.loadClass(ClassLoader.java:522)
	at java.base/java.lang.Class.forName0(Native Method)
	at java.base/java.lang.Class.forName(Class.java:398)
	at io.opencui.core.UserSession.construct(UserSession.kt:627)
	at io.opencui.core.BaseKt$createFrameGenerator$1.invoke(base.kt:38)
	at io.opencui.core.BaseKt$createFrameGenerator$1.invoke(base.kt:33)
	at io.opencui.core.InterfaceFiller$askFiller$2$entityFiller$2.invoke(filler.kt:933)
	at io.opencui.core.InterfaceFiller$askFiller$2$entityFiller$2.invoke(filler.kt:933)
	at io.opencui.core.RealtypeFiller.isCompatible(filler.kt:401)
	at io.opencui.core.UserSession.kernelStep(UserSession.kt:249)
	at io.opencui.core.UserSession.userStep(UserSession.kt:204)
	at io.opencui.core.DialogManager.response(execution.kt:99)
	at io.opencui.core.RuntimeTest.process(RuntimeTest.kt:1687)
	at io.opencui.core.RuntimeTest.testBasics(RuntimeTest.kt:250)
	at java.base/jdk.internal.reflect.NativeMethodAccessorImpl.invoke0(Native Method)
	at java.base/jdk.internal.reflect.NativeMethodAccessorImpl.invoke(NativeMethodAccessorImpl.java:62)
	at java.base/jdk.internal.reflect.DelegatingMethodAccessorImpl.invoke(DelegatingMethodAccessorImpl.java:43)
	at java.base/java.lang.reflect.Method.invoke(Method.java:566)
	at org.junit.runners.model.FrameworkMethod$1.runReflectiveCall(FrameworkMethod.java:50)
	at org.junit.internal.runners.model.ReflectiveCallable.run(ReflectiveCallable.java:12)
	at org.junit.runners.model.FrameworkMethod.invokeExplosively(FrameworkMethod.java:47)
	at org.junit.internal.runners.statements.InvokeMethod.evaluate(InvokeMethod.java:17)
	at org.junit.runners.ParentRunner.runLeaf(ParentRunner.java:325)
	at org.junit.runners.BlockJUnit4ClassRunner.runChild(BlockJUnit4ClassRunner.java:78)
	at org.junit.runners.BlockJUnit4ClassRunner.runChild(BlockJUnit4ClassRunner.java:57)
	at org.junit.runners.ParentRunner$3.run(ParentRunner.java:290)
	at org.junit.runners.ParentRunner$1.schedule(ParentRunner.java:71)
	at org.junit.runners.ParentRunner.runChildren(ParentRunner.java:288)
	at org.junit.runners.ParentRunner.access$000(ParentRunner.java:58)
	at org.junit.runners.ParentRunner$2.evaluate(ParentRunner.java:268)
	at org.junit.runners.ParentRunner.run(ParentRunner.java:363)
	at org.gradle.api.internal.tasks.testing.junit.JUnitTestClassExecutor.runTestClass(JUnitTestClassExecutor.java:110)
	at org.gradle.api.internal.tasks.testing.junit.JUnitTestClassExecutor.execute(JUnitTestClassExecutor.java:58)
	at org.gradle.api.internal.tasks.testing.junit.JUnitTestClassExecutor.execute(JUnitTestClassExecutor.java:38)
	at org.gradle.api.internal.tasks.testing.junit.AbstractJUnitTestClassProcessor.processTestClass(AbstractJUnitTestClassProcessor.java:62)
	at org.gradle.api.internal.tasks.testing.SuiteTestClassProcessor.processTestClass(SuiteTestClassProcessor.java:51)
	at java.base/jdk.internal.reflect.NativeMethodAccessorImpl.invoke0(Native Method)
	at java.base/jdk.internal.reflect.NativeMethodAccessorImpl.invoke(NativeMethodAccessorImpl.java:62)
	at java.base/jdk.internal.reflect.DelegatingMethodAccessorImpl.invoke(DelegatingMethodAccessorImpl.java:43)
	at java.base/java.lang.reflect.Method.invoke(Method.java:566)
	at org.gradle.internal.dispatch.ReflectionDispatch.dispatch(ReflectionDispatch.java:36)
	at org.gradle.internal.dispatch.ReflectionDispatch.dispatch(ReflectionDispatch.java:24)
	at org.gradle.internal.dispatch.ContextClassLoaderDispatch.dispatch(ContextClassLoaderDispatch.java:33)
	at org.gradle.internal.dispatch.ProxyDispatchAdapter$DispatchingInvocationHandler.invoke(ProxyDispatchAdapter.java:94)
	at com.sun.proxy.$Proxy2.processTestClass(Unknown Source)
	at org.gradle.api.internal.tasks.testing.worker.TestWorker$2.run(TestWorker.java:176)
	at org.gradle.api.internal.tasks.testing.worker.TestWorker.executeAndMaintainThreadName(TestWorker.java:129)
	at org.gradle.api.internal.tasks.testing.worker.TestWorker.execute(TestWorker.java:100)
	at org.gradle.api.internal.tasks.testing.worker.TestWorker.execute(TestWorker.java:60)
	at org.gradle.process.internal.worker.child.ActionExecutionWorker.execute(ActionExecutionWorker.java:56)
	at org.gradle.process.internal.worker.child.SystemApplicationClassLoaderWorker.call(SystemApplicationClassLoaderWorker.java:133)
	at org.gradle.process.internal.worker.child.SystemApplicationClassLoaderWorker.call(SystemApplicationClassLoaderWorker.java:71)
	at worker.org.gradle.process.internal.worker.GradleWorkerMain.run(GradleWorkerMain.java:69)
	at worker.org.gradle.process.internal.worker.GradleWorkerMain.main(GradleWorkerMain.java:74)
java.lang.ClassNotFoundException: io.opencui.test.fever
	at java.base/java.net.URLClassLoader.findClass(URLClassLoader.java:476)
	at java.base/java.lang.ClassLoader.loadClass(ClassLoader.java:589)
	at java.base/java.lang.ClassLoader.loadClass(ClassLoader.java:522)
	at java.base/java.lang.Class.forName0(Native Method)
	at java.base/java.lang.Class.forName(Class.java:398)
	at io.opencui.core.UserSession.construct(UserSession.kt:627)
	at io.opencui.core.BaseKt$createFrameGenerator$1.invoke(base.kt:38)
	at io.opencui.core.BaseKt$createFrameGenerator$1.invoke(base.kt:33)
	at io.opencui.core.InterfaceFiller$askFiller$2$entityFiller$2.invoke(filler.kt:933)
	at io.opencui.core.InterfaceFiller$askFiller$2$entityFiller$2.invoke(filler.kt:933)
	at io.opencui.core.RealtypeFiller.isCompatible(filler.kt:401)
	at io.opencui.core.UserSession.kernelStep(UserSession.kt:249)
	at io.opencui.core.UserSession.userStep(UserSession.kt:204)
	at io.opencui.core.DialogManager.response(execution.kt:99)
	at io.opencui.core.RuntimeTest.process(RuntimeTest.kt:1687)
	at io.opencui.core.RuntimeTest.testBasics(RuntimeTest.kt:250)
	at java.base/jdk.internal.reflect.NativeMethodAccessorImpl.invoke0(Native Method)
	at java.base/jdk.internal.reflect.NativeMethodAccessorImpl.invoke(NativeMethodAccessorImpl.java:62)
	at java.base/jdk.internal.reflect.DelegatingMethodAccessorImpl.invoke(DelegatingMethodAccessorImpl.java:43)
	at java.base/java.lang.reflect.Method.invoke(Method.java:566)
	at org.junit.runners.model.FrameworkMethod$1.runReflectiveCall(FrameworkMethod.java:50)
	at org.junit.internal.runners.model.ReflectiveCallable.run(ReflectiveCallable.java:12)
	at org.junit.runners.model.FrameworkMethod.invokeExplosively(FrameworkMethod.java:47)
	at org.junit.internal.runners.statements.InvokeMethod.evaluate(InvokeMethod.java:17)
	at org.junit.runners.ParentRunner.runLeaf(ParentRunner.java:325)
	at org.junit.runners.BlockJUnit4ClassRunner.runChild(BlockJUnit4ClassRunner.java:78)
	at org.junit.runners.BlockJUnit4ClassRunner.runChild(BlockJUnit4ClassRunner.java:57)
	at org.junit.runners.ParentRunner$3.run(ParentRunner.java:290)
	at org.junit.runners.ParentRunner$1.schedule(ParentRunner.java:71)
	at org.junit.runners.ParentRunner.runChildren(ParentRunner.java:288)
	at org.junit.runners.ParentRunner.access$000(ParentRunner.java:58)
	at org.junit.runners.ParentRunner$2.evaluate(ParentRunner.java:268)
	at org.junit.runners.ParentRunner.run(ParentRunner.java:363)
	at org.gradle.api.internal.tasks.testing.junit.JUnitTestClassExecutor.runTestClass(JUnitTestClassExecutor.java:110)
	at org.gradle.api.internal.tasks.testing.junit.JUnitTestClassExecutor.execute(JUnitTestClassExecutor.java:58)
	at org.gradle.api.internal.tasks.testing.junit.JUnitTestClassExecutor.execute(JUnitTestClassExecutor.java:38)
	at org.gradle.api.internal.tasks.testing.junit.AbstractJUnitTestClassProcessor.processTestClass(AbstractJUnitTestClassProcessor.java:62)
	at org.gradle.api.internal.tasks.testing.SuiteTestClassProcessor.processTestClass(SuiteTestClassProcessor.java:51)
	at java.base/jdk.internal.reflect.NativeMethodAccessorImpl.invoke0(Native Method)
	at java.base/jdk.internal.reflect.NativeMethodAccessorImpl.invoke(NativeMethodAccessorImpl.java:62)
	at java.base/jdk.internal.reflect.DelegatingMethodAccessorImpl.invoke(DelegatingMethodAccessorImpl.java:43)
	at java.base/java.lang.reflect.Method.invoke(Method.java:566)
	at org.gradle.internal.dispatch.ReflectionDispatch.dispatch(ReflectionDispatch.java:36)
	at org.gradle.internal.dispatch.ReflectionDispatch.dispatch(ReflectionDispatch.java:24)
	at org.gradle.internal.dispatch.ContextClassLoaderDispatch.dispatch(ContextClassLoaderDispatch.java:33)
	at org.gradle.internal.dispatch.ProxyDispatchAdapter$DispatchingInvocationHandler.invoke(ProxyDispatchAdapter.java:94)
	at com.sun.proxy.$Proxy2.processTestClass(Unknown Source)
	at org.gradle.api.internal.tasks.testing.worker.TestWorker$2.run(TestWorker.java:176)
	at org.gradle.api.internal.tasks.testing.worker.TestWorker.executeAndMaintainThreadName(TestWorker.java:129)
	at org.gradle.api.internal.tasks.testing.worker.TestWorker.execute(TestWorker.java:100)
	at org.gradle.api.internal.tasks.testing.worker.TestWorker.execute(TestWorker.java:60)
	at org.gradle.process.internal.worker.child.ActionExecutionWorker.execute(ActionExecutionWorker.java:56)
	at org.gradle.process.internal.worker.child.SystemApplicationClassLoaderWorker.call(SystemApplicationClassLoaderWorker.java:133)
	at org.gradle.process.internal.worker.child.SystemApplicationClassLoaderWorker.call(SystemApplicationClassLoaderWorker.java:71)
	at worker.org.gradle.process.internal.worker.GradleWorkerMain.run(GradleWorkerMain.java:69)
	at worker.org.gradle.process.internal.worker.GradleWorkerMain.main(GradleWorkerMain.java:74)
[Test worker] INFO io.opencui.core.DialogManager - session state after turn 14 : {"schedulers_count":1,"main":{"state":"POST_ASK","fillers":[{"filler_type":"AnnotatedWrapperFiller","attribute":"PreDiagnosis"},{"filler_type":"FrameFiller","attribute":"PreDiagnosis"},{"filler_type":"AnnotatedWrapperFiller","attribute":"headaches"},{"filler_type":"MultiValueFiller","attribute":"headaches"},{"filler_type":"AnnotatedWrapperFiller","attribute":"headaches._item"},{"filler_type":"FrameFiller","attribute":"headaches._item"},{"filler_type":"AnnotatedWrapperFiller","attribute":"cause"},{"filler_type":"EntityFiller","attribute":"cause"}]}}
[Test worker] INFO io.opencui.core.DialogManager - session state before turn 15 : {"schedulers_count":1,"main":{"state":"POST_ASK","fillers":[{"filler_type":"AnnotatedWrapperFiller","attribute":"PreDiagnosis"},{"filler_type":"FrameFiller","attribute":"PreDiagnosis"},{"filler_type":"AnnotatedWrapperFiller","attribute":"headaches"},{"filler_type":"MultiValueFiller","attribute":"headaches"},{"filler_type":"AnnotatedWrapperFiller","attribute":"headaches._item"},{"filler_type":"FrameFiller","attribute":"headaches._item"},{"filler_type":"AnnotatedWrapperFiller","attribute":"cause"},{"filler_type":"EntityFiller","attribute":"cause"}]}}
[Test worker] INFO io.opencui.core.DialogManager - session state after turn 15 : {"schedulers_count":1,"main":{"state":"POST_ASK","fillers":[{"filler_type":"AnnotatedWrapperFiller","attribute":"PreDiagnosis"},{"filler_type":"FrameFiller","attribute":"PreDiagnosis"},{"filler_type":"AnnotatedWrapperFiller","attribute":"headaches"},{"filler_type":"MultiValueFiller","attribute":"headaches"},{"filler_type":"AnnotatedWrapperFiller","attribute":"headaches._item"},{"filler_type":"FrameFiller","attribute":"headaches._item"},{"filler_type":"AnnotatedWrapperFiller","attribute":"cause"},{"filler_type":"EntityFiller","attribute":"cause"}]}}
[Test worker] INFO io.opencui.core.DialogManager - session state before turn 16 : {"schedulers_count":1,"main":{"state":"POST_ASK","fillers":[{"filler_type":"AnnotatedWrapperFiller","attribute":"PreDiagnosis"},{"filler_type":"FrameFiller","attribute":"PreDiagnosis"},{"filler_type":"AnnotatedWrapperFiller","attribute":"headaches"},{"filler_type":"MultiValueFiller","attribute":"headaches"},{"filler_type":"AnnotatedWrapperFiller","attribute":"headaches._item"},{"filler_type":"FrameFiller","attribute":"headaches._item"},{"filler_type":"AnnotatedWrapperFiller","attribute":"cause"},{"filler_type":"EntityFiller","attribute":"cause"}]}}
[Test worker] INFO io.opencui.core.DialogManager - session state after turn 16 : {"schedulers_count":1,"main":{"state":"POST_ASK","fillers":[{"filler_type":"AnnotatedWrapperFiller","attribute":"PreDiagnosis"},{"filler_type":"FrameFiller","attribute":"PreDiagnosis"},{"filler_type":"AnnotatedWrapperFiller","attribute":"headaches"},{"filler_type":"MultiValueFiller","attribute":"headaches"},{"filler_type":"AnnotatedWrapperFiller","attribute":"headaches._item"},{"filler_type":"FrameFiller","attribute":"headaches._item"},{"filler_type":"AnnotatedWrapperFiller","attribute":"part"},{"filler_type":"EntityFiller","attribute":"part"}]}}
[Test worker] INFO io.opencui.core.DialogManager - session state before turn 17 : {"schedulers_count":1,"main":{"state":"POST_ASK","fillers":[{"filler_type":"AnnotatedWrapperFiller","attribute":"PreDiagnosis"},{"filler_type":"FrameFiller","attribute":"PreDiagnosis"},{"filler_type":"AnnotatedWrapperFiller","attribute":"headaches"},{"filler_type":"MultiValueFiller","attribute":"headaches"},{"filler_type":"AnnotatedWrapperFiller","attribute":"headaches._item"},{"filler_type":"FrameFiller","attribute":"headaches._item"},{"filler_type":"AnnotatedWrapperFiller","attribute":"part"},{"filler_type":"EntityFiller","attribute":"part"}]}}
java.lang.ClassNotFoundException: io.opencui.test.person
	at java.base/java.net.URLClassLoader.findClass(URLClassLoader.java:476)
	at java.base/java.lang.ClassLoader.loadClass(ClassLoader.java:589)
	at java.base/java.lang.ClassLoader.loadClass(ClassLoader.java:522)
	at java.base/java.lang.Class.forName0(Native Method)
	at java.base/java.lang.Class.forName(Class.java:398)
	at io.opencui.core.UserSession.construct(UserSession.kt:627)
	at io.opencui.core.BaseKt$createFrameGenerator$1.invoke(base.kt:38)
	at io.opencui.core.BaseKt$createFrameGenerator$1.invoke(base.kt:33)
	at io.opencui.core.InterfaceFiller$askFiller$2$entityFiller$2.invoke(filler.kt:933)
	at io.opencui.core.InterfaceFiller$askFiller$2$entityFiller$2.invoke(filler.kt:933)
	at io.opencui.core.RealtypeFiller.isCompatible(filler.kt:401)
	at io.opencui.core.AnnotatedWrapperFiller.isCompatible(filler.kt:793)
	at io.opencui.core.InterfaceFiller.isCompatible(filler.kt:923)
	at io.opencui.core.AnnotatedWrapperFiller.grow(filler.kt:668)
	at io.opencui.core.Scheduler.grow(UserSession.kt:61)
	at io.opencui.core.RescheduleAction.run(action.kt:481)
	at io.opencui.core.DialogManager.response(execution.kt:108)
	at io.opencui.core.RuntimeTest.process(RuntimeTest.kt:1687)
	at io.opencui.core.RuntimeTest.testBasics(RuntimeTest.kt:250)
	at java.base/jdk.internal.reflect.NativeMethodAccessorImpl.invoke0(Native Method)
	at java.base/jdk.internal.reflect.NativeMethodAccessorImpl.invoke(NativeMethodAccessorImpl.java:62)
	at java.base/jdk.internal.reflect.DelegatingMethodAccessorImpl.invoke(DelegatingMethodAccessorImpl.java:43)
	at java.base/java.lang.reflect.Method.invoke(Method.java:566)
	at org.junit.runners.model.FrameworkMethod$1.runReflectiveCall(FrameworkMethod.java:50)
	at org.junit.internal.runners.model.ReflectiveCallable.run(ReflectiveCallable.java:12)
	at org.junit.runners.model.FrameworkMethod.invokeExplosively(FrameworkMethod.java:47)
	at org.junit.internal.runners.statements.InvokeMethod.evaluate(InvokeMethod.java:17)
	at org.junit.runners.ParentRunner.runLeaf(ParentRunner.java:325)
	at org.junit.runners.BlockJUnit4ClassRunner.runChild(BlockJUnit4ClassRunner.java:78)
	at org.junit.runners.BlockJUnit4ClassRunner.runChild(BlockJUnit4ClassRunner.java:57)
	at org.junit.runners.ParentRunner$3.run(ParentRunner.java:290)
	at org.junit.runners.ParentRunner$1.schedule(ParentRunner.java:71)
	at org.junit.runners.ParentRunner.runChildren(ParentRunner.java:288)
	at org.junit.runners.ParentRunner.access$000(ParentRunner.java:58)
	at org.junit.runners.ParentRunner$2.evaluate(ParentRunner.java:268)
	at org.junit.runners.ParentRunner.run(ParentRunner.java:363)
	at org.gradle.api.internal.tasks.testing.junit.JUnitTestClassExecutor.runTestClass(JUnitTestClassExecutor.java:110)
	at org.gradle.api.internal.tasks.testing.junit.JUnitTestClassExecutor.execute(JUnitTestClassExecutor.java:58)
	at org.gradle.api.internal.tasks.testing.junit.JUnitTestClassExecutor.execute(JUnitTestClassExecutor.java:38)
	at org.gradle.api.internal.tasks.testing.junit.AbstractJUnitTestClassProcessor.processTestClass(AbstractJUnitTestClassProcessor.java:62)
	at org.gradle.api.internal.tasks.testing.SuiteTestClassProcessor.processTestClass(SuiteTestClassProcessor.java:51)
	at java.base/jdk.internal.reflect.NativeMethodAccessorImpl.invoke0(Native Method)
	at java.base/jdk.internal.reflect.NativeMethodAccessorImpl.invoke(NativeMethodAccessorImpl.java:62)
	at java.base/jdk.internal.reflect.DelegatingMethodAccessorImpl.invoke(DelegatingMethodAccessorImpl.java:43)
	at java.base/java.lang.reflect.Method.invoke(Method.java:566)
	at org.gradle.internal.dispatch.ReflectionDispatch.dispatch(ReflectionDispatch.java:36)
	at org.gradle.internal.dispatch.ReflectionDispatch.dispatch(ReflectionDispatch.java:24)
	at org.gradle.internal.dispatch.ContextClassLoaderDispatch.dispatch(ContextClassLoaderDispatch.java:33)
	at org.gradle.internal.dispatch.ProxyDispatchAdapter$DispatchingInvocationHandler.invoke(ProxyDispatchAdapter.java:94)
	at com.sun.proxy.$Proxy2.processTestClass(Unknown Source)
	at org.gradle.api.internal.tasks.testing.worker.TestWorker$2.run(TestWorker.java:176)
	at org.gradle.api.internal.tasks.testing.worker.TestWorker.executeAndMaintainThreadName(TestWorker.java:129)
	at org.gradle.api.internal.tasks.testing.worker.TestWorker.execute(TestWorker.java:100)
	at org.gradle.api.internal.tasks.testing.worker.TestWorker.execute(TestWorker.java:60)
	at org.gradle.process.internal.worker.child.ActionExecutionWorker.execute(ActionExecutionWorker.java:56)
	at org.gradle.process.internal.worker.child.SystemApplicationClassLoaderWorker.call(SystemApplicationClassLoaderWorker.java:133)
	at org.gradle.process.internal.worker.child.SystemApplicationClassLoaderWorker.call(SystemApplicationClassLoaderWorker.java:71)
	at worker.org.gradle.process.internal.worker.GradleWorkerMain.run(GradleWorkerMain.java:69)
	at worker.org.gradle.process.internal.worker.GradleWorkerMain.main(GradleWorkerMain.java:74)
java.lang.ClassNotFoundException: io.opencui.test.fever
	at java.base/java.net.URLClassLoader.findClass(URLClassLoader.java:476)
	at java.base/java.lang.ClassLoader.loadClass(ClassLoader.java:589)
	at java.base/java.lang.ClassLoader.loadClass(ClassLoader.java:522)
	at java.base/java.lang.Class.forName0(Native Method)
	at java.base/java.lang.Class.forName(Class.java:398)
	at io.opencui.core.UserSession.construct(UserSession.kt:627)
	at io.opencui.core.BaseKt$createFrameGenerator$1.invoke(base.kt:38)
	at io.opencui.core.BaseKt$createFrameGenerator$1.invoke(base.kt:33)
	at io.opencui.core.InterfaceFiller$askFiller$2$entityFiller$2.invoke(filler.kt:933)
	at io.opencui.core.InterfaceFiller$askFiller$2$entityFiller$2.invoke(filler.kt:933)
	at io.opencui.core.RealtypeFiller.isCompatible(filler.kt:401)
	at io.opencui.core.AnnotatedWrapperFiller.isCompatible(filler.kt:793)
	at io.opencui.core.InterfaceFiller.isCompatible(filler.kt:923)
	at io.opencui.core.AnnotatedWrapperFiller.grow(filler.kt:668)
	at io.opencui.core.Scheduler.grow(UserSession.kt:61)
	at io.opencui.core.RescheduleAction.run(action.kt:481)
	at io.opencui.core.DialogManager.response(execution.kt:108)
	at io.opencui.core.RuntimeTest.process(RuntimeTest.kt:1687)
	at io.opencui.core.RuntimeTest.testBasics(RuntimeTest.kt:250)
	at java.base/jdk.internal.reflect.NativeMethodAccessorImpl.invoke0(Native Method)
	at java.base/jdk.internal.reflect.NativeMethodAccessorImpl.invoke(NativeMethodAccessorImpl.java:62)
	at java.base/jdk.internal.reflect.DelegatingMethodAccessorImpl.invoke(DelegatingMethodAccessorImpl.java:43)
	at java.base/java.lang.reflect.Method.invoke(Method.java:566)
	at org.junit.runners.model.FrameworkMethod$1.runReflectiveCall(FrameworkMethod.java:50)
	at org.junit.internal.runners.model.ReflectiveCallable.run(ReflectiveCallable.java:12)
	at org.junit.runners.model.FrameworkMethod.invokeExplosively(FrameworkMethod.java:47)
	at org.junit.internal.runners.statements.InvokeMethod.evaluate(InvokeMethod.java:17)
	at org.junit.runners.ParentRunner.runLeaf(ParentRunner.java:325)
	at org.junit.runners.BlockJUnit4ClassRunner.runChild(BlockJUnit4ClassRunner.java:78)
	at org.junit.runners.BlockJUnit4ClassRunner.runChild(BlockJUnit4ClassRunner.java:57)
	at org.junit.runners.ParentRunner$3.run(ParentRunner.java:290)
	at org.junit.runners.ParentRunner$1.schedule(ParentRunner.java:71)
	at org.junit.runners.ParentRunner.runChildren(ParentRunner.java:288)
	at org.junit.runners.ParentRunner.access$000(ParentRunner.java:58)
	at org.junit.runners.ParentRunner$2.evaluate(ParentRunner.java:268)
	at org.junit.runners.ParentRunner.run(ParentRunner.java:363)
	at org.gradle.api.internal.tasks.testing.junit.JUnitTestClassExecutor.runTestClass(JUnitTestClassExecutor.java:110)
	at org.gradle.api.internal.tasks.testing.junit.JUnitTestClassExecutor.execute(JUnitTestClassExecutor.java:58)
	at org.gradle.api.internal.tasks.testing.junit.JUnitTestClassExecutor.execute(JUnitTestClassExecutor.java:38)
	at org.gradle.api.internal.tasks.testing.junit.AbstractJUnitTestClassProcessor.processTestClass(AbstractJUnitTestClassProcessor.java:62)
	at org.gradle.api.internal.tasks.testing.SuiteTestClassProcessor.processTestClass(SuiteTestClassProcessor.java:51)
	at java.base/jdk.internal.reflect.NativeMethodAccessorImpl.invoke0(Native Method)
	at java.base/jdk.internal.reflect.NativeMethodAccessorImpl.invoke(NativeMethodAccessorImpl.java:62)
	at java.base/jdk.internal.reflect.DelegatingMethodAccessorImpl.invoke(DelegatingMethodAccessorImpl.java:43)
	at java.base/java.lang.reflect.Method.invoke(Method.java:566)
	at org.gradle.internal.dispatch.ReflectionDispatch.dispatch(ReflectionDispatch.java:36)
	at org.gradle.internal.dispatch.ReflectionDispatch.dispatch(ReflectionDispatch.java:24)
	at org.gradle.internal.dispatch.ContextClassLoaderDispatch.dispatch(ContextClassLoaderDispatch.java:33)
	at org.gradle.internal.dispatch.ProxyDispatchAdapter$DispatchingInvocationHandler.invoke(ProxyDispatchAdapter.java:94)
	at com.sun.proxy.$Proxy2.processTestClass(Unknown Source)
	at org.gradle.api.internal.tasks.testing.worker.TestWorker$2.run(TestWorker.java:176)
	at org.gradle.api.internal.tasks.testing.worker.TestWorker.executeAndMaintainThreadName(TestWorker.java:129)
	at org.gradle.api.internal.tasks.testing.worker.TestWorker.execute(TestWorker.java:100)
	at org.gradle.api.internal.tasks.testing.worker.TestWorker.execute(TestWorker.java:60)
	at org.gradle.process.internal.worker.child.ActionExecutionWorker.execute(ActionExecutionWorker.java:56)
	at org.gradle.process.internal.worker.child.SystemApplicationClassLoaderWorker.call(SystemApplicationClassLoaderWorker.java:133)
	at org.gradle.process.internal.worker.child.SystemApplicationClassLoaderWorker.call(SystemApplicationClassLoaderWorker.java:71)
	at worker.org.gradle.process.internal.worker.GradleWorkerMain.run(GradleWorkerMain.java:69)
	at worker.org.gradle.process.internal.worker.GradleWorkerMain.main(GradleWorkerMain.java:74)
java.lang.ClassNotFoundException: io.opencui.test.person
	at java.base/java.net.URLClassLoader.findClass(URLClassLoader.java:476)
	at java.base/java.lang.ClassLoader.loadClass(ClassLoader.java:589)
	at java.base/java.lang.ClassLoader.loadClass(ClassLoader.java:522)
	at java.base/java.lang.Class.forName0(Native Method)
	at java.base/java.lang.Class.forName(Class.java:398)
	at io.opencui.core.UserSession.construct(UserSession.kt:627)
	at io.opencui.core.BaseKt$createFrameGenerator$1.invoke(base.kt:38)
	at io.opencui.core.BaseKt$createFrameGenerator$1.invoke(base.kt:33)
	at io.opencui.core.InterfaceFiller$askFiller$2$entityFiller$2.invoke(filler.kt:933)
	at io.opencui.core.InterfaceFiller$askFiller$2$entityFiller$2.invoke(filler.kt:933)
	at io.opencui.core.RealtypeFiller.isCompatible(filler.kt:401)
	at io.opencui.core.AnnotatedWrapperFiller.grow(filler.kt:668)
	at io.opencui.core.Scheduler.grow(UserSession.kt:61)
	at io.opencui.core.RescheduleAction.run(action.kt:481)
	at io.opencui.core.DialogManager.response(execution.kt:108)
	at io.opencui.core.RuntimeTest.process(RuntimeTest.kt:1687)
	at io.opencui.core.RuntimeTest.testBasics(RuntimeTest.kt:250)
	at java.base/jdk.internal.reflect.NativeMethodAccessorImpl.invoke0(Native Method)
	at java.base/jdk.internal.reflect.NativeMethodAccessorImpl.invoke(NativeMethodAccessorImpl.java:62)
	at java.base/jdk.internal.reflect.DelegatingMethodAccessorImpl.invoke(DelegatingMethodAccessorImpl.java:43)
	at java.base/java.lang.reflect.Method.invoke(Method.java:566)
	at org.junit.runners.model.FrameworkMethod$1.runReflectiveCall(FrameworkMethod.java:50)
	at org.junit.internal.runners.model.ReflectiveCallable.run(ReflectiveCallable.java:12)
	at org.junit.runners.model.FrameworkMethod.invokeExplosively(FrameworkMethod.java:47)
	at org.junit.internal.runners.statements.InvokeMethod.evaluate(InvokeMethod.java:17)
	at org.junit.runners.ParentRunner.runLeaf(ParentRunner.java:325)
	at org.junit.runners.BlockJUnit4ClassRunner.runChild(BlockJUnit4ClassRunner.java:78)
	at org.junit.runners.BlockJUnit4ClassRunner.runChild(BlockJUnit4ClassRunner.java:57)
	at org.junit.runners.ParentRunner$3.run(ParentRunner.java:290)
	at org.junit.runners.ParentRunner$1.schedule(ParentRunner.java:71)
	at org.junit.runners.ParentRunner.runChildren(ParentRunner.java:288)
	at org.junit.runners.ParentRunner.access$000(ParentRunner.java:58)
	at org.junit.runners.ParentRunner$2.evaluate(ParentRunner.java:268)
	at org.junit.runners.ParentRunner.run(ParentRunner.java:363)
	at org.gradle.api.internal.tasks.testing.junit.JUnitTestClassExecutor.runTestClass(JUnitTestClassExecutor.java:110)
	at org.gradle.api.internal.tasks.testing.junit.JUnitTestClassExecutor.execute(JUnitTestClassExecutor.java:58)
	at org.gradle.api.internal.tasks.testing.junit.JUnitTestClassExecutor.execute(JUnitTestClassExecutor.java:38)
	at org.gradle.api.internal.tasks.testing.junit.AbstractJUnitTestClassProcessor.processTestClass(AbstractJUnitTestClassProcessor.java:62)
	at org.gradle.api.internal.tasks.testing.SuiteTestClassProcessor.processTestClass(SuiteTestClassProcessor.java:51)
	at java.base/jdk.internal.reflect.NativeMethodAccessorImpl.invoke0(Native Method)
	at java.base/jdk.internal.reflect.NativeMethodAccessorImpl.invoke(NativeMethodAccessorImpl.java:62)
	at java.base/jdk.internal.reflect.DelegatingMethodAccessorImpl.invoke(DelegatingMethodAccessorImpl.java:43)
	at java.base/java.lang.reflect.Method.invoke(Method.java:566)
	at org.gradle.internal.dispatch.ReflectionDispatch.dispatch(ReflectionDispatch.java:36)
	at org.gradle.internal.dispatch.ReflectionDispatch.dispatch(ReflectionDispatch.java:24)
	at org.gradle.internal.dispatch.ContextClassLoaderDispatch.dispatch(ContextClassLoaderDispatch.java:33)
	at org.gradle.internal.dispatch.ProxyDispatchAdapter$DispatchingInvocationHandler.invoke(ProxyDispatchAdapter.java:94)
	at com.sun.proxy.$Proxy2.processTestClass(Unknown Source)
	at org.gradle.api.internal.tasks.testing.worker.TestWorker$2.run(TestWorker.java:176)
	at org.gradle.api.internal.tasks.testing.worker.TestWorker.executeAndMaintainThreadName(TestWorker.java:129)
	at org.gradle.api.internal.tasks.testing.worker.TestWorker.execute(TestWorker.java:100)
	at org.gradle.api.internal.tasks.testing.worker.TestWorker.execute(TestWorker.java:60)
	at org.gradle.process.internal.worker.child.ActionExecutionWorker.execute(ActionExecutionWorker.java:56)
	at org.gradle.process.internal.worker.child.SystemApplicationClassLoaderWorker.call(SystemApplicationClassLoaderWorker.java:133)
	at org.gradle.process.internal.worker.child.SystemApplicationClassLoaderWorker.call(SystemApplicationClassLoaderWorker.java:71)
	at worker.org.gradle.process.internal.worker.GradleWorkerMain.run(GradleWorkerMain.java:69)
	at worker.org.gradle.process.internal.worker.GradleWorkerMain.main(GradleWorkerMain.java:74)
java.lang.ClassNotFoundException: io.opencui.test.fever
	at java.base/java.net.URLClassLoader.findClass(URLClassLoader.java:476)
	at java.base/java.lang.ClassLoader.loadClass(ClassLoader.java:589)
	at java.base/java.lang.ClassLoader.loadClass(ClassLoader.java:522)
	at java.base/java.lang.Class.forName0(Native Method)
	at java.base/java.lang.Class.forName(Class.java:398)
	at io.opencui.core.UserSession.construct(UserSession.kt:627)
	at io.opencui.core.BaseKt$createFrameGenerator$1.invoke(base.kt:38)
	at io.opencui.core.BaseKt$createFrameGenerator$1.invoke(base.kt:33)
	at io.opencui.core.InterfaceFiller$askFiller$2$entityFiller$2.invoke(filler.kt:933)
	at io.opencui.core.InterfaceFiller$askFiller$2$entityFiller$2.invoke(filler.kt:933)
	at io.opencui.core.RealtypeFiller.isCompatible(filler.kt:401)
	at io.opencui.core.AnnotatedWrapperFiller.grow(filler.kt:668)
	at io.opencui.core.Scheduler.grow(UserSession.kt:61)
	at io.opencui.core.RescheduleAction.run(action.kt:481)
	at io.opencui.core.DialogManager.response(execution.kt:108)
	at io.opencui.core.RuntimeTest.process(RuntimeTest.kt:1687)
	at io.opencui.core.RuntimeTest.testBasics(RuntimeTest.kt:250)
	at java.base/jdk.internal.reflect.NativeMethodAccessorImpl.invoke0(Native Method)
	at java.base/jdk.internal.reflect.NativeMethodAccessorImpl.invoke(NativeMethodAccessorImpl.java:62)
	at java.base/jdk.internal.reflect.DelegatingMethodAccessorImpl.invoke(DelegatingMethodAccessorImpl.java:43)
	at java.base/java.lang.reflect.Method.invoke(Method.java:566)
	at org.junit.runners.model.FrameworkMethod$1.runReflectiveCall(FrameworkMethod.java:50)
	at org.junit.internal.runners.model.ReflectiveCallable.run(ReflectiveCallable.java:12)
	at org.junit.runners.model.FrameworkMethod.invokeExplosively(FrameworkMethod.java:47)
	at org.junit.internal.runners.statements.InvokeMethod.evaluate(InvokeMethod.java:17)
	at org.junit.runners.ParentRunner.runLeaf(ParentRunner.java:325)
	at org.junit.runners.BlockJUnit4ClassRunner.runChild(BlockJUnit4ClassRunner.java:78)
	at org.junit.runners.BlockJUnit4ClassRunner.runChild(BlockJUnit4ClassRunner.java:57)
	at org.junit.runners.ParentRunner$3.run(ParentRunner.java:290)
	at org.junit.runners.ParentRunner$1.schedule(ParentRunner.java:71)
	at org.junit.runners.ParentRunner.runChildren(ParentRunner.java:288)
	at org.junit.runners.ParentRunner.access$000(ParentRunner.java:58)
	at org.junit.runners.ParentRunner$2.evaluate(ParentRunner.java:268)
	at org.junit.runners.ParentRunner.run(ParentRunner.java:363)
	at org.gradle.api.internal.tasks.testing.junit.JUnitTestClassExecutor.runTestClass(JUnitTestClassExecutor.java:110)
	at org.gradle.api.internal.tasks.testing.junit.JUnitTestClassExecutor.execute(JUnitTestClassExecutor.java:58)
	at org.gradle.api.internal.tasks.testing.junit.JUnitTestClassExecutor.execute(JUnitTestClassExecutor.java:38)
	at org.gradle.api.internal.tasks.testing.junit.AbstractJUnitTestClassProcessor.processTestClass(AbstractJUnitTestClassProcessor.java:62)
	at org.gradle.api.internal.tasks.testing.SuiteTestClassProcessor.processTestClass(SuiteTestClassProcessor.java:51)
	at java.base/jdk.internal.reflect.NativeMethodAccessorImpl.invoke0(Native Method)
	at java.base/jdk.internal.reflect.NativeMethodAccessorImpl.invoke(NativeMethodAccessorImpl.java:62)
	at java.base/jdk.internal.reflect.DelegatingMethodAccessorImpl.invoke(DelegatingMethodAccessorImpl.java:43)
	at java.base/java.lang.reflect.Method.invoke(Method.java:566)
	at org.gradle.internal.dispatch.ReflectionDispatch.dispatch(ReflectionDispatch.java:36)
	at org.gradle.internal.dispatch.ReflectionDispatch.dispatch(ReflectionDispatch.java:24)
	at org.gradle.internal.dispatch.ContextClassLoaderDispatch.dispatch(ContextClassLoaderDispatch.java:33)
	at org.gradle.internal.dispatch.ProxyDispatchAdapter$DispatchingInvocationHandler.invoke(ProxyDispatchAdapter.java:94)
	at com.sun.proxy.$Proxy2.processTestClass(Unknown Source)
	at org.gradle.api.internal.tasks.testing.worker.TestWorker$2.run(TestWorker.java:176)
	at org.gradle.api.internal.tasks.testing.worker.TestWorker.executeAndMaintainThreadName(TestWorker.java:129)
	at org.gradle.api.internal.tasks.testing.worker.TestWorker.execute(TestWorker.java:100)
	at org.gradle.api.internal.tasks.testing.worker.TestWorker.execute(TestWorker.java:60)
	at org.gradle.process.internal.worker.child.ActionExecutionWorker.execute(ActionExecutionWorker.java:56)
	at org.gradle.process.internal.worker.child.SystemApplicationClassLoaderWorker.call(SystemApplicationClassLoaderWorker.java:133)
	at org.gradle.process.internal.worker.child.SystemApplicationClassLoaderWorker.call(SystemApplicationClassLoaderWorker.java:71)
	at worker.org.gradle.process.internal.worker.GradleWorkerMain.run(GradleWorkerMain.java:69)
	at worker.org.gradle.process.internal.worker.GradleWorkerMain.main(GradleWorkerMain.java:74)
java.lang.ClassNotFoundException: io.opencui.test.person
	at java.base/java.net.URLClassLoader.findClass(URLClassLoader.java:476)
	at java.base/java.lang.ClassLoader.loadClass(ClassLoader.java:589)
	at java.base/java.lang.ClassLoader.loadClass(ClassLoader.java:522)
	at java.base/java.lang.Class.forName0(Native Method)
	at java.base/java.lang.Class.forName(Class.java:398)
	at io.opencui.core.UserSession.construct(UserSession.kt:627)
	at io.opencui.core.BaseKt$createFrameGenerator$1.invoke(base.kt:38)
	at io.opencui.core.BaseKt$createFrameGenerator$1.invoke(base.kt:33)
	at io.opencui.core.InterfaceFiller$askFiller$2$entityFiller$2.invoke(filler.kt:933)
	at io.opencui.core.InterfaceFiller$askFiller$2$entityFiller$2.invoke(filler.kt:933)
	at io.opencui.core.RealtypeFiller.isCompatible(filler.kt:401)
	at io.opencui.core.AEntityFiller.move(filler.kt:263)
	at io.opencui.core.Scheduler.grow(UserSession.kt:59)
	at io.opencui.core.RescheduleAction.run(action.kt:481)
	at io.opencui.core.DialogManager.response(execution.kt:108)
	at io.opencui.core.RuntimeTest.process(RuntimeTest.kt:1687)
	at io.opencui.core.RuntimeTest.testBasics(RuntimeTest.kt:250)
	at java.base/jdk.internal.reflect.NativeMethodAccessorImpl.invoke0(Native Method)
	at java.base/jdk.internal.reflect.NativeMethodAccessorImpl.invoke(NativeMethodAccessorImpl.java:62)
	at java.base/jdk.internal.reflect.DelegatingMethodAccessorImpl.invoke(DelegatingMethodAccessorImpl.java:43)
	at java.base/java.lang.reflect.Method.invoke(Method.java:566)
	at org.junit.runners.model.FrameworkMethod$1.runReflectiveCall(FrameworkMethod.java:50)
	at org.junit.internal.runners.model.ReflectiveCallable.run(ReflectiveCallable.java:12)
	at org.junit.runners.model.FrameworkMethod.invokeExplosively(FrameworkMethod.java:47)
	at org.junit.internal.runners.statements.InvokeMethod.evaluate(InvokeMethod.java:17)
	at org.junit.runners.ParentRunner.runLeaf(ParentRunner.java:325)
	at org.junit.runners.BlockJUnit4ClassRunner.runChild(BlockJUnit4ClassRunner.java:78)
	at org.junit.runners.BlockJUnit4ClassRunner.runChild(BlockJUnit4ClassRunner.java:57)
	at org.junit.runners.ParentRunner$3.run(ParentRunner.java:290)
	at org.junit.runners.ParentRunner$1.schedule(ParentRunner.java:71)
	at org.junit.runners.ParentRunner.runChildren(ParentRunner.java:288)
	at org.junit.runners.ParentRunner.access$000(ParentRunner.java:58)
	at org.junit.runners.ParentRunner$2.evaluate(ParentRunner.java:268)
	at org.junit.runners.ParentRunner.run(ParentRunner.java:363)
	at org.gradle.api.internal.tasks.testing.junit.JUnitTestClassExecutor.runTestClass(JUnitTestClassExecutor.java:110)
	at org.gradle.api.internal.tasks.testing.junit.JUnitTestClassExecutor.execute(JUnitTestClassExecutor.java:58)
	at org.gradle.api.internal.tasks.testing.junit.JUnitTestClassExecutor.execute(JUnitTestClassExecutor.java:38)
	at org.gradle.api.internal.tasks.testing.junit.AbstractJUnitTestClassProcessor.processTestClass(AbstractJUnitTestClassProcessor.java:62)
	at org.gradle.api.internal.tasks.testing.SuiteTestClassProcessor.processTestClass(SuiteTestClassProcessor.java:51)
	at java.base/jdk.internal.reflect.NativeMethodAccessorImpl.invoke0(Native Method)
	at java.base/jdk.internal.reflect.NativeMethodAccessorImpl.invoke(NativeMethodAccessorImpl.java:62)
	at java.base/jdk.internal.reflect.DelegatingMethodAccessorImpl.invoke(DelegatingMethodAccessorImpl.java:43)
	at java.base/java.lang.reflect.Method.invoke(Method.java:566)
	at org.gradle.internal.dispatch.ReflectionDispatch.dispatch(ReflectionDispatch.java:36)
	at org.gradle.internal.dispatch.ReflectionDispatch.dispatch(ReflectionDispatch.java:24)
	at org.gradle.internal.dispatch.ContextClassLoaderDispatch.dispatch(ContextClassLoaderDispatch.java:33)
	at org.gradle.internal.dispatch.ProxyDispatchAdapter$DispatchingInvocationHandler.invoke(ProxyDispatchAdapter.java:94)
	at com.sun.proxy.$Proxy2.processTestClass(Unknown Source)
	at org.gradle.api.internal.tasks.testing.worker.TestWorker$2.run(TestWorker.java:176)
	at org.gradle.api.internal.tasks.testing.worker.TestWorker.executeAndMaintainThreadName(TestWorker.java:129)
	at org.gradle.api.internal.tasks.testing.worker.TestWorker.execute(TestWorker.java:100)
	at org.gradle.api.internal.tasks.testing.worker.TestWorker.execute(TestWorker.java:60)
	at org.gradle.process.internal.worker.child.ActionExecutionWorker.execute(ActionExecutionWorker.java:56)
	at org.gradle.process.internal.worker.child.SystemApplicationClassLoaderWorker.call(SystemApplicationClassLoaderWorker.java:133)
	at org.gradle.process.internal.worker.child.SystemApplicationClassLoaderWorker.call(SystemApplicationClassLoaderWorker.java:71)
	at worker.org.gradle.process.internal.worker.GradleWorkerMain.run(GradleWorkerMain.java:69)
	at worker.org.gradle.process.internal.worker.GradleWorkerMain.main(GradleWorkerMain.java:74)
java.lang.ClassNotFoundException: io.opencui.test.fever
	at java.base/java.net.URLClassLoader.findClass(URLClassLoader.java:476)
	at java.base/java.lang.ClassLoader.loadClass(ClassLoader.java:589)
	at java.base/java.lang.ClassLoader.loadClass(ClassLoader.java:522)
	at java.base/java.lang.Class.forName0(Native Method)
	at java.base/java.lang.Class.forName(Class.java:398)
	at io.opencui.core.UserSession.construct(UserSession.kt:627)
	at io.opencui.core.BaseKt$createFrameGenerator$1.invoke(base.kt:38)
	at io.opencui.core.BaseKt$createFrameGenerator$1.invoke(base.kt:33)
	at io.opencui.core.InterfaceFiller$askFiller$2$entityFiller$2.invoke(filler.kt:933)
	at io.opencui.core.InterfaceFiller$askFiller$2$entityFiller$2.invoke(filler.kt:933)
	at io.opencui.core.RealtypeFiller.isCompatible(filler.kt:401)
	at io.opencui.core.AEntityFiller.move(filler.kt:263)
	at io.opencui.core.Scheduler.grow(UserSession.kt:59)
	at io.opencui.core.RescheduleAction.run(action.kt:481)
	at io.opencui.core.DialogManager.response(execution.kt:108)
	at io.opencui.core.RuntimeTest.process(RuntimeTest.kt:1687)
	at io.opencui.core.RuntimeTest.testBasics(RuntimeTest.kt:250)
	at java.base/jdk.internal.reflect.NativeMethodAccessorImpl.invoke0(Native Method)
	at java.base/jdk.internal.reflect.NativeMethodAccessorImpl.invoke(NativeMethodAccessorImpl.java:62)
	at java.base/jdk.internal.reflect.DelegatingMethodAccessorImpl.invoke(DelegatingMethodAccessorImpl.java:43)
	at java.base/java.lang.reflect.Method.invoke(Method.java:566)
	at org.junit.runners.model.FrameworkMethod$1.runReflectiveCall(FrameworkMethod.java:50)
	at org.junit.internal.runners.model.ReflectiveCallable.run(ReflectiveCallable.java:12)
	at org.junit.runners.model.FrameworkMethod.invokeExplosively(FrameworkMethod.java:47)
	at org.junit.internal.runners.statements.InvokeMethod.evaluate(InvokeMethod.java:17)
	at org.junit.runners.ParentRunner.runLeaf(ParentRunner.java:325)
	at org.junit.runners.BlockJUnit4ClassRunner.runChild(BlockJUnit4ClassRunner.java:78)
	at org.junit.runners.BlockJUnit4ClassRunner.runChild(BlockJUnit4ClassRunner.java:57)
	at org.junit.runners.ParentRunner$3.run(ParentRunner.java:290)
	at org.junit.runners.ParentRunner$1.schedule(ParentRunner.java:71)
	at org.junit.runners.ParentRunner.runChildren(ParentRunner.java:288)
	at org.junit.runners.ParentRunner.access$000(ParentRunner.java:58)
	at org.junit.runners.ParentRunner$2.evaluate(ParentRunner.java:268)
	at org.junit.runners.ParentRunner.run(ParentRunner.java:363)
	at org.gradle.api.internal.tasks.testing.junit.JUnitTestClassExecutor.runTestClass(JUnitTestClassExecutor.java:110)
	at org.gradle.api.internal.tasks.testing.junit.JUnitTestClassExecutor.execute(JUnitTestClassExecutor.java:58)
	at org.gradle.api.internal.tasks.testing.junit.JUnitTestClassExecutor.execute(JUnitTestClassExecutor.java:38)
	at org.gradle.api.internal.tasks.testing.junit.AbstractJUnitTestClassProcessor.processTestClass(AbstractJUnitTestClassProcessor.java:62)
	at org.gradle.api.internal.tasks.testing.SuiteTestClassProcessor.processTestClass(SuiteTestClassProcessor.java:51)
	at java.base/jdk.internal.reflect.NativeMethodAccessorImpl.invoke0(Native Method)
	at java.base/jdk.internal.reflect.NativeMethodAccessorImpl.invoke(NativeMethodAccessorImpl.java:62)
	at java.base/jdk.internal.reflect.DelegatingMethodAccessorImpl.invoke(DelegatingMethodAccessorImpl.java:43)
	at java.base/java.lang.reflect.Method.invoke(Method.java:566)
	at org.gradle.internal.dispatch.ReflectionDispatch.dispatch(ReflectionDispatch.java:36)
	at org.gradle.internal.dispatch.ReflectionDispatch.dispatch(ReflectionDispatch.java:24)
	at org.gradle.internal.dispatch.ContextClassLoaderDispatch.dispatch(ContextClassLoaderDispatch.java:33)
	at org.gradle.internal.dispatch.ProxyDispatchAdapter$DispatchingInvocationHandler.invoke(ProxyDispatchAdapter.java:94)
	at com.sun.proxy.$Proxy2.processTestClass(Unknown Source)
	at org.gradle.api.internal.tasks.testing.worker.TestWorker$2.run(TestWorker.java:176)
	at org.gradle.api.internal.tasks.testing.worker.TestWorker.executeAndMaintainThreadName(TestWorker.java:129)
	at org.gradle.api.internal.tasks.testing.worker.TestWorker.execute(TestWorker.java:100)
	at org.gradle.api.internal.tasks.testing.worker.TestWorker.execute(TestWorker.java:60)
	at org.gradle.process.internal.worker.child.ActionExecutionWorker.execute(ActionExecutionWorker.java:56)
	at org.gradle.process.internal.worker.child.SystemApplicationClassLoaderWorker.call(SystemApplicationClassLoaderWorker.java:133)
	at org.gradle.process.internal.worker.child.SystemApplicationClassLoaderWorker.call(SystemApplicationClassLoaderWorker.java:71)
	at worker.org.gradle.process.internal.worker.GradleWorkerMain.run(GradleWorkerMain.java:69)
	at worker.org.gradle.process.internal.worker.GradleWorkerMain.main(GradleWorkerMain.java:74)
java.lang.ClassNotFoundException: io.opencui.test.person
	at java.base/java.net.URLClassLoader.findClass(URLClassLoader.java:476)
	at java.base/java.lang.ClassLoader.loadClass(ClassLoader.java:589)
	at java.base/java.lang.ClassLoader.loadClass(ClassLoader.java:522)
	at java.base/java.lang.Class.forName0(Native Method)
	at java.base/java.lang.Class.forName(Class.java:398)
	at io.opencui.core.UserSession.construct(UserSession.kt:627)
	at io.opencui.core.BaseKt$createFrameGenerator$1.invoke(base.kt:38)
	at io.opencui.core.BaseKt$createFrameGenerator$1.invoke(base.kt:33)
	at io.opencui.core.InterfaceFiller$askFiller$2$entityFiller$2.invoke(filler.kt:933)
	at io.opencui.core.InterfaceFiller$askFiller$2$entityFiller$2.invoke(filler.kt:933)
	at io.opencui.core.RealtypeFiller.isCompatible(filler.kt:401)
	at io.opencui.core.UserSession.kernelStep(UserSession.kt:249)
	at io.opencui.core.UserSession.userStep(UserSession.kt:204)
	at io.opencui.core.DialogManager.response(execution.kt:99)
	at io.opencui.core.RuntimeTest.process(RuntimeTest.kt:1687)
	at io.opencui.core.RuntimeTest.testBasics(RuntimeTest.kt:250)
	at java.base/jdk.internal.reflect.NativeMethodAccessorImpl.invoke0(Native Method)
	at java.base/jdk.internal.reflect.NativeMethodAccessorImpl.invoke(NativeMethodAccessorImpl.java:62)
	at java.base/jdk.internal.reflect.DelegatingMethodAccessorImpl.invoke(DelegatingMethodAccessorImpl.java:43)
	at java.base/java.lang.reflect.Method.invoke(Method.java:566)
	at org.junit.runners.model.FrameworkMethod$1.runReflectiveCall(FrameworkMethod.java:50)
	at org.junit.internal.runners.model.ReflectiveCallable.run(ReflectiveCallable.java:12)
	at org.junit.runners.model.FrameworkMethod.invokeExplosively(FrameworkMethod.java:47)
	at org.junit.internal.runners.statements.InvokeMethod.evaluate(InvokeMethod.java:17)
	at org.junit.runners.ParentRunner.runLeaf(ParentRunner.java:325)
	at org.junit.runners.BlockJUnit4ClassRunner.runChild(BlockJUnit4ClassRunner.java:78)
	at org.junit.runners.BlockJUnit4ClassRunner.runChild(BlockJUnit4ClassRunner.java:57)
	at org.junit.runners.ParentRunner$3.run(ParentRunner.java:290)
	at org.junit.runners.ParentRunner$1.schedule(ParentRunner.java:71)
	at org.junit.runners.ParentRunner.runChildren(ParentRunner.java:288)
	at org.junit.runners.ParentRunner.access$000(ParentRunner.java:58)
	at org.junit.runners.ParentRunner$2.evaluate(ParentRunner.java:268)
	at org.junit.runners.ParentRunner.run(ParentRunner.java:363)
	at org.gradle.api.internal.tasks.testing.junit.JUnitTestClassExecutor.runTestClass(JUnitTestClassExecutor.java:110)
	at org.gradle.api.internal.tasks.testing.junit.JUnitTestClassExecutor.execute(JUnitTestClassExecutor.java:58)
	at org.gradle.api.internal.tasks.testing.junit.JUnitTestClassExecutor.execute(JUnitTestClassExecutor.java:38)
	at org.gradle.api.internal.tasks.testing.junit.AbstractJUnitTestClassProcessor.processTestClass(AbstractJUnitTestClassProcessor.java:62)
	at org.gradle.api.internal.tasks.testing.SuiteTestClassProcessor.processTestClass(SuiteTestClassProcessor.java:51)
	at java.base/jdk.internal.reflect.NativeMethodAccessorImpl.invoke0(Native Method)
	at java.base/jdk.internal.reflect.NativeMethodAccessorImpl.invoke(NativeMethodAccessorImpl.java:62)
	at java.base/jdk.internal.reflect.DelegatingMethodAccessorImpl.invoke(DelegatingMethodAccessorImpl.java:43)
	at java.base/java.lang.reflect.Method.invoke(Method.java:566)
	at org.gradle.internal.dispatch.ReflectionDispatch.dispatch(ReflectionDispatch.java:36)
	at org.gradle.internal.dispatch.ReflectionDispatch.dispatch(ReflectionDispatch.java:24)
	at org.gradle.internal.dispatch.ContextClassLoaderDispatch.dispatch(ContextClassLoaderDispatch.java:33)
	at org.gradle.internal.dispatch.ProxyDispatchAdapter$DispatchingInvocationHandler.invoke(ProxyDispatchAdapter.java:94)
	at com.sun.proxy.$Proxy2.processTestClass(Unknown Source)
	at org.gradle.api.internal.tasks.testing.worker.TestWorker$2.run(TestWorker.java:176)
	at org.gradle.api.internal.tasks.testing.worker.TestWorker.executeAndMaintainThreadName(TestWorker.java:129)
	at org.gradle.api.internal.tasks.testing.worker.TestWorker.execute(TestWorker.java:100)
	at org.gradle.api.internal.tasks.testing.worker.TestWorker.execute(TestWorker.java:60)
	at org.gradle.process.internal.worker.child.ActionExecutionWorker.execute(ActionExecutionWorker.java:56)
	at org.gradle.process.internal.worker.child.SystemApplicationClassLoaderWorker.call(SystemApplicationClassLoaderWorker.java:133)
	at org.gradle.process.internal.worker.child.SystemApplicationClassLoaderWorker.call(SystemApplicationClassLoaderWorker.java:71)
	at worker.org.gradle.process.internal.worker.GradleWorkerMain.run(GradleWorkerMain.java:69)
	at worker.org.gradle.process.internal.worker.GradleWorkerMain.main(GradleWorkerMain.java:74)
java.lang.ClassNotFoundException: io.opencui.test.fever
	at java.base/java.net.URLClassLoader.findClass(URLClassLoader.java:476)
	at java.base/java.lang.ClassLoader.loadClass(ClassLoader.java:589)
	at java.base/java.lang.ClassLoader.loadClass(ClassLoader.java:522)
	at java.base/java.lang.Class.forName0(Native Method)
	at java.base/java.lang.Class.forName(Class.java:398)
	at io.opencui.core.UserSession.construct(UserSession.kt:627)
	at io.opencui.core.BaseKt$createFrameGenerator$1.invoke(base.kt:38)
	at io.opencui.core.BaseKt$createFrameGenerator$1.invoke(base.kt:33)
	at io.opencui.core.InterfaceFiller$askFiller$2$entityFiller$2.invoke(filler.kt:933)
	at io.opencui.core.InterfaceFiller$askFiller$2$entityFiller$2.invoke(filler.kt:933)
	at io.opencui.core.RealtypeFiller.isCompatible(filler.kt:401)
	at io.opencui.core.UserSession.kernelStep(UserSession.kt:249)
	at io.opencui.core.UserSession.userStep(UserSession.kt:204)
	at io.opencui.core.DialogManager.response(execution.kt:99)
	at io.opencui.core.RuntimeTest.process(RuntimeTest.kt:1687)
	at io.opencui.core.RuntimeTest.testBasics(RuntimeTest.kt:250)
	at java.base/jdk.internal.reflect.NativeMethodAccessorImpl.invoke0(Native Method)
	at java.base/jdk.internal.reflect.NativeMethodAccessorImpl.invoke(NativeMethodAccessorImpl.java:62)
	at java.base/jdk.internal.reflect.DelegatingMethodAccessorImpl.invoke(DelegatingMethodAccessorImpl.java:43)
	at java.base/java.lang.reflect.Method.invoke(Method.java:566)
	at org.junit.runners.model.FrameworkMethod$1.runReflectiveCall(FrameworkMethod.java:50)
	at org.junit.internal.runners.model.ReflectiveCallable.run(ReflectiveCallable.java:12)
	at org.junit.runners.model.FrameworkMethod.invokeExplosively(FrameworkMethod.java:47)
	at org.junit.internal.runners.statements.InvokeMethod.evaluate(InvokeMethod.java:17)
	at org.junit.runners.ParentRunner.runLeaf(ParentRunner.java:325)
	at org.junit.runners.BlockJUnit4ClassRunner.runChild(BlockJUnit4ClassRunner.java:78)
	at org.junit.runners.BlockJUnit4ClassRunner.runChild(BlockJUnit4ClassRunner.java:57)
	at org.junit.runners.ParentRunner$3.run(ParentRunner.java:290)
	at org.junit.runners.ParentRunner$1.schedule(ParentRunner.java:71)
	at org.junit.runners.ParentRunner.runChildren(ParentRunner.java:288)
	at org.junit.runners.ParentRunner.access$000(ParentRunner.java:58)
	at org.junit.runners.ParentRunner$2.evaluate(ParentRunner.java:268)
	at org.junit.runners.ParentRunner.run(ParentRunner.java:363)
	at org.gradle.api.internal.tasks.testing.junit.JUnitTestClassExecutor.runTestClass(JUnitTestClassExecutor.java:110)
	at org.gradle.api.internal.tasks.testing.junit.JUnitTestClassExecutor.execute(JUnitTestClassExecutor.java:58)
	at org.gradle.api.internal.tasks.testing.junit.JUnitTestClassExecutor.execute(JUnitTestClassExecutor.java:38)
	at org.gradle.api.internal.tasks.testing.junit.AbstractJUnitTestClassProcessor.processTestClass(AbstractJUnitTestClassProcessor.java:62)
	at org.gradle.api.internal.tasks.testing.SuiteTestClassProcessor.processTestClass(SuiteTestClassProcessor.java:51)
	at java.base/jdk.internal.reflect.NativeMethodAccessorImpl.invoke0(Native Method)
	at java.base/jdk.internal.reflect.NativeMethodAccessorImpl.invoke(NativeMethodAccessorImpl.java:62)
	at java.base/jdk.internal.reflect.DelegatingMethodAccessorImpl.invoke(DelegatingMethodAccessorImpl.java:43)
	at java.base/java.lang.reflect.Method.invoke(Method.java:566)
	at org.gradle.internal.dispatch.ReflectionDispatch.dispatch(ReflectionDispatch.java:36)
	at org.gradle.internal.dispatch.ReflectionDispatch.dispatch(ReflectionDispatch.java:24)
	at org.gradle.internal.dispatch.ContextClassLoaderDispatch.dispatch(ContextClassLoaderDispatch.java:33)
	at org.gradle.internal.dispatch.ProxyDispatchAdapter$DispatchingInvocationHandler.invoke(ProxyDispatchAdapter.java:94)
	at com.sun.proxy.$Proxy2.processTestClass(Unknown Source)
	at org.gradle.api.internal.tasks.testing.worker.TestWorker$2.run(TestWorker.java:176)
	at org.gradle.api.internal.tasks.testing.worker.TestWorker.executeAndMaintainThreadName(TestWorker.java:129)
	at org.gradle.api.internal.tasks.testing.worker.TestWorker.execute(TestWorker.java:100)
	at org.gradle.api.internal.tasks.testing.worker.TestWorker.execute(TestWorker.java:60)
	at org.gradle.process.internal.worker.child.ActionExecutionWorker.execute(ActionExecutionWorker.java:56)
	at org.gradle.process.internal.worker.child.SystemApplicationClassLoaderWorker.call(SystemApplicationClassLoaderWorker.java:133)
	at org.gradle.process.internal.worker.child.SystemApplicationClassLoaderWorker.call(SystemApplicationClassLoaderWorker.java:71)
	at worker.org.gradle.process.internal.worker.GradleWorkerMain.run(GradleWorkerMain.java:69)
	at worker.org.gradle.process.internal.worker.GradleWorkerMain.main(GradleWorkerMain.java:74)
[Test worker] INFO io.opencui.core.DialogManager - session state after turn 17 : {"schedulers_count":1,"main":{"state":"POST_ASK","fillers":[{"filler_type":"AnnotatedWrapperFiller","attribute":"PreDiagnosis"},{"filler_type":"FrameFiller","attribute":"PreDiagnosis"},{"filler_type":"AnnotatedWrapperFiller","attribute":"headaches"},{"filler_type":"MultiValueFiller","attribute":"headaches"},{"filler_type":"AnnotatedWrapperFiller","attribute":"headaches._hast"},{"filler_type":"FrameFiller","attribute":"headaches._hast"},{"filler_type":"AnnotatedWrapperFiller","attribute":"status"},{"filler_type":"InterfaceFiller","attribute":"status"},{"filler_type":"AnnotatedWrapperFiller","attribute":"status._realtype"},{"filler_type":"RealtypeFiller","attribute":"status._realtype"}]}}
[Test worker] INFO io.opencui.core.DialogManager - session state before turn 18 : {"schedulers_count":1,"main":{"state":"POST_ASK","fillers":[{"filler_type":"AnnotatedWrapperFiller","attribute":"PreDiagnosis"},{"filler_type":"FrameFiller","attribute":"PreDiagnosis"},{"filler_type":"AnnotatedWrapperFiller","attribute":"headaches"},{"filler_type":"MultiValueFiller","attribute":"headaches"},{"filler_type":"AnnotatedWrapperFiller","attribute":"headaches._hast"},{"filler_type":"FrameFiller","attribute":"headaches._hast"},{"filler_type":"AnnotatedWrapperFiller","attribute":"status"},{"filler_type":"InterfaceFiller","attribute":"status"},{"filler_type":"AnnotatedWrapperFiller","attribute":"status._realtype"},{"filler_type":"RealtypeFiller","attribute":"status._realtype"}]}}
java.lang.ClassNotFoundException: io.opencui.test.person
	at java.base/java.net.URLClassLoader.findClass(URLClassLoader.java:476)
	at java.base/java.lang.ClassLoader.loadClass(ClassLoader.java:589)
	at java.base/java.lang.ClassLoader.loadClass(ClassLoader.java:522)
	at java.base/java.lang.Class.forName0(Native Method)
	at java.base/java.lang.Class.forName(Class.java:398)
	at io.opencui.core.UserSession.construct(UserSession.kt:627)
	at io.opencui.core.BaseKt$createFrameGenerator$1.invoke(base.kt:38)
	at io.opencui.core.BaseKt$createFrameGenerator$1.invoke(base.kt:33)
	at io.opencui.core.InterfaceFiller$askFiller$2$entityFiller$2.invoke(filler.kt:933)
	at io.opencui.core.InterfaceFiller$askFiller$2$entityFiller$2.invoke(filler.kt:933)
	at io.opencui.core.RealtypeFiller.isCompatible(filler.kt:401)
	at io.opencui.core.UserSession.kernelStep(UserSession.kt:249)
	at io.opencui.core.UserSession.userStep(UserSession.kt:204)
	at io.opencui.core.DialogManager.response(execution.kt:99)
	at io.opencui.core.RuntimeTest.process(RuntimeTest.kt:1687)
	at io.opencui.core.RuntimeTest.testBasics(RuntimeTest.kt:250)
	at java.base/jdk.internal.reflect.NativeMethodAccessorImpl.invoke0(Native Method)
	at java.base/jdk.internal.reflect.NativeMethodAccessorImpl.invoke(NativeMethodAccessorImpl.java:62)
	at java.base/jdk.internal.reflect.DelegatingMethodAccessorImpl.invoke(DelegatingMethodAccessorImpl.java:43)
	at java.base/java.lang.reflect.Method.invoke(Method.java:566)
	at org.junit.runners.model.FrameworkMethod$1.runReflectiveCall(FrameworkMethod.java:50)
	at org.junit.internal.runners.model.ReflectiveCallable.run(ReflectiveCallable.java:12)
	at org.junit.runners.model.FrameworkMethod.invokeExplosively(FrameworkMethod.java:47)
	at org.junit.internal.runners.statements.InvokeMethod.evaluate(InvokeMethod.java:17)
	at org.junit.runners.ParentRunner.runLeaf(ParentRunner.java:325)
	at org.junit.runners.BlockJUnit4ClassRunner.runChild(BlockJUnit4ClassRunner.java:78)
	at org.junit.runners.BlockJUnit4ClassRunner.runChild(BlockJUnit4ClassRunner.java:57)
	at org.junit.runners.ParentRunner$3.run(ParentRunner.java:290)
	at org.junit.runners.ParentRunner$1.schedule(ParentRunner.java:71)
	at org.junit.runners.ParentRunner.runChildren(ParentRunner.java:288)
	at org.junit.runners.ParentRunner.access$000(ParentRunner.java:58)
	at org.junit.runners.ParentRunner$2.evaluate(ParentRunner.java:268)
	at org.junit.runners.ParentRunner.run(ParentRunner.java:363)
	at org.gradle.api.internal.tasks.testing.junit.JUnitTestClassExecutor.runTestClass(JUnitTestClassExecutor.java:110)
	at org.gradle.api.internal.tasks.testing.junit.JUnitTestClassExecutor.execute(JUnitTestClassExecutor.java:58)
	at org.gradle.api.internal.tasks.testing.junit.JUnitTestClassExecutor.execute(JUnitTestClassExecutor.java:38)
	at org.gradle.api.internal.tasks.testing.junit.AbstractJUnitTestClassProcessor.processTestClass(AbstractJUnitTestClassProcessor.java:62)
	at org.gradle.api.internal.tasks.testing.SuiteTestClassProcessor.processTestClass(SuiteTestClassProcessor.java:51)
	at java.base/jdk.internal.reflect.NativeMethodAccessorImpl.invoke0(Native Method)
	at java.base/jdk.internal.reflect.NativeMethodAccessorImpl.invoke(NativeMethodAccessorImpl.java:62)
	at java.base/jdk.internal.reflect.DelegatingMethodAccessorImpl.invoke(DelegatingMethodAccessorImpl.java:43)
	at java.base/java.lang.reflect.Method.invoke(Method.java:566)
	at org.gradle.internal.dispatch.ReflectionDispatch.dispatch(ReflectionDispatch.java:36)
	at org.gradle.internal.dispatch.ReflectionDispatch.dispatch(ReflectionDispatch.java:24)
	at org.gradle.internal.dispatch.ContextClassLoaderDispatch.dispatch(ContextClassLoaderDispatch.java:33)
	at org.gradle.internal.dispatch.ProxyDispatchAdapter$DispatchingInvocationHandler.invoke(ProxyDispatchAdapter.java:94)
	at com.sun.proxy.$Proxy2.processTestClass(Unknown Source)
	at org.gradle.api.internal.tasks.testing.worker.TestWorker$2.run(TestWorker.java:176)
	at org.gradle.api.internal.tasks.testing.worker.TestWorker.executeAndMaintainThreadName(TestWorker.java:129)
	at org.gradle.api.internal.tasks.testing.worker.TestWorker.execute(TestWorker.java:100)
	at org.gradle.api.internal.tasks.testing.worker.TestWorker.execute(TestWorker.java:60)
	at org.gradle.process.internal.worker.child.ActionExecutionWorker.execute(ActionExecutionWorker.java:56)
	at org.gradle.process.internal.worker.child.SystemApplicationClassLoaderWorker.call(SystemApplicationClassLoaderWorker.java:133)
	at org.gradle.process.internal.worker.child.SystemApplicationClassLoaderWorker.call(SystemApplicationClassLoaderWorker.java:71)
	at worker.org.gradle.process.internal.worker.GradleWorkerMain.run(GradleWorkerMain.java:69)
	at worker.org.gradle.process.internal.worker.GradleWorkerMain.main(GradleWorkerMain.java:74)
java.lang.ClassNotFoundException: io.opencui.test.fever
	at java.base/java.net.URLClassLoader.findClass(URLClassLoader.java:476)
	at java.base/java.lang.ClassLoader.loadClass(ClassLoader.java:589)
	at java.base/java.lang.ClassLoader.loadClass(ClassLoader.java:522)
	at java.base/java.lang.Class.forName0(Native Method)
	at java.base/java.lang.Class.forName(Class.java:398)
	at io.opencui.core.UserSession.construct(UserSession.kt:627)
	at io.opencui.core.BaseKt$createFrameGenerator$1.invoke(base.kt:38)
	at io.opencui.core.BaseKt$createFrameGenerator$1.invoke(base.kt:33)
	at io.opencui.core.InterfaceFiller$askFiller$2$entityFiller$2.invoke(filler.kt:933)
	at io.opencui.core.InterfaceFiller$askFiller$2$entityFiller$2.invoke(filler.kt:933)
	at io.opencui.core.RealtypeFiller.isCompatible(filler.kt:401)
	at io.opencui.core.UserSession.kernelStep(UserSession.kt:249)
	at io.opencui.core.UserSession.userStep(UserSession.kt:204)
	at io.opencui.core.DialogManager.response(execution.kt:99)
	at io.opencui.core.RuntimeTest.process(RuntimeTest.kt:1687)
	at io.opencui.core.RuntimeTest.testBasics(RuntimeTest.kt:250)
	at java.base/jdk.internal.reflect.NativeMethodAccessorImpl.invoke0(Native Method)
	at java.base/jdk.internal.reflect.NativeMethodAccessorImpl.invoke(NativeMethodAccessorImpl.java:62)
	at java.base/jdk.internal.reflect.DelegatingMethodAccessorImpl.invoke(DelegatingMethodAccessorImpl.java:43)
	at java.base/java.lang.reflect.Method.invoke(Method.java:566)
	at org.junit.runners.model.FrameworkMethod$1.runReflectiveCall(FrameworkMethod.java:50)
	at org.junit.internal.runners.model.ReflectiveCallable.run(ReflectiveCallable.java:12)
	at org.junit.runners.model.FrameworkMethod.invokeExplosively(FrameworkMethod.java:47)
	at org.junit.internal.runners.statements.InvokeMethod.evaluate(InvokeMethod.java:17)
	at org.junit.runners.ParentRunner.runLeaf(ParentRunner.java:325)
	at org.junit.runners.BlockJUnit4ClassRunner.runChild(BlockJUnit4ClassRunner.java:78)
	at org.junit.runners.BlockJUnit4ClassRunner.runChild(BlockJUnit4ClassRunner.java:57)
	at org.junit.runners.ParentRunner$3.run(ParentRunner.java:290)
	at org.junit.runners.ParentRunner$1.schedule(ParentRunner.java:71)
	at org.junit.runners.ParentRunner.runChildren(ParentRunner.java:288)
	at org.junit.runners.ParentRunner.access$000(ParentRunner.java:58)
	at org.junit.runners.ParentRunner$2.evaluate(ParentRunner.java:268)
	at org.junit.runners.ParentRunner.run(ParentRunner.java:363)
	at org.gradle.api.internal.tasks.testing.junit.JUnitTestClassExecutor.runTestClass(JUnitTestClassExecutor.java:110)
	at org.gradle.api.internal.tasks.testing.junit.JUnitTestClassExecutor.execute(JUnitTestClassExecutor.java:58)
	at org.gradle.api.internal.tasks.testing.junit.JUnitTestClassExecutor.execute(JUnitTestClassExecutor.java:38)
	at org.gradle.api.internal.tasks.testing.junit.AbstractJUnitTestClassProcessor.processTestClass(AbstractJUnitTestClassProcessor.java:62)
	at org.gradle.api.internal.tasks.testing.SuiteTestClassProcessor.processTestClass(SuiteTestClassProcessor.java:51)
	at java.base/jdk.internal.reflect.NativeMethodAccessorImpl.invoke0(Native Method)
	at java.base/jdk.internal.reflect.NativeMethodAccessorImpl.invoke(NativeMethodAccessorImpl.java:62)
	at java.base/jdk.internal.reflect.DelegatingMethodAccessorImpl.invoke(DelegatingMethodAccessorImpl.java:43)
	at java.base/java.lang.reflect.Method.invoke(Method.java:566)
	at org.gradle.internal.dispatch.ReflectionDispatch.dispatch(ReflectionDispatch.java:36)
	at org.gradle.internal.dispatch.ReflectionDispatch.dispatch(ReflectionDispatch.java:24)
	at org.gradle.internal.dispatch.ContextClassLoaderDispatch.dispatch(ContextClassLoaderDispatch.java:33)
	at org.gradle.internal.dispatch.ProxyDispatchAdapter$DispatchingInvocationHandler.invoke(ProxyDispatchAdapter.java:94)
	at com.sun.proxy.$Proxy2.processTestClass(Unknown Source)
	at org.gradle.api.internal.tasks.testing.worker.TestWorker$2.run(TestWorker.java:176)
	at org.gradle.api.internal.tasks.testing.worker.TestWorker.executeAndMaintainThreadName(TestWorker.java:129)
	at org.gradle.api.internal.tasks.testing.worker.TestWorker.execute(TestWorker.java:100)
	at org.gradle.api.internal.tasks.testing.worker.TestWorker.execute(TestWorker.java:60)
	at org.gradle.process.internal.worker.child.ActionExecutionWorker.execute(ActionExecutionWorker.java:56)
	at org.gradle.process.internal.worker.child.SystemApplicationClassLoaderWorker.call(SystemApplicationClassLoaderWorker.java:133)
	at org.gradle.process.internal.worker.child.SystemApplicationClassLoaderWorker.call(SystemApplicationClassLoaderWorker.java:71)
	at worker.org.gradle.process.internal.worker.GradleWorkerMain.run(GradleWorkerMain.java:69)
	at worker.org.gradle.process.internal.worker.GradleWorkerMain.main(GradleWorkerMain.java:74)
java.lang.ClassNotFoundException: io.opencui.test.person
	at java.base/java.net.URLClassLoader.findClass(URLClassLoader.java:476)
	at java.base/java.lang.ClassLoader.loadClass(ClassLoader.java:589)
	at java.base/java.lang.ClassLoader.loadClass(ClassLoader.java:522)
	at java.base/java.lang.Class.forName0(Native Method)
	at java.base/java.lang.Class.forName(Class.java:398)
	at io.opencui.core.UserSession.construct(UserSession.kt:627)
	at io.opencui.core.BaseKt$createFrameGenerator$1.invoke(base.kt:38)
	at io.opencui.core.BaseKt$createFrameGenerator$1.invoke(base.kt:33)
	at io.opencui.core.InterfaceFiller$askFiller$2$entityFiller$2.invoke(filler.kt:933)
	at io.opencui.core.InterfaceFiller$askFiller$2$entityFiller$2.invoke(filler.kt:933)
	at io.opencui.core.RealtypeFiller.isCompatible(filler.kt:401)
	at io.opencui.core.AnnotatedWrapperFiller.isCompatible(filler.kt:793)
	at io.opencui.core.InterfaceFiller.isCompatible(filler.kt:923)
	at io.opencui.core.MultiValueFiller.isCompatible(filler.kt:1046)
	at io.opencui.core.AnnotatedWrapperFiller.grow(filler.kt:668)
	at io.opencui.core.Scheduler.grow(UserSession.kt:61)
	at io.opencui.core.RescheduleAction.run(action.kt:481)
	at io.opencui.core.DialogManager.response(execution.kt:108)
	at io.opencui.core.RuntimeTest.process(RuntimeTest.kt:1687)
	at io.opencui.core.RuntimeTest.testBasics(RuntimeTest.kt:250)
	at java.base/jdk.internal.reflect.NativeMethodAccessorImpl.invoke0(Native Method)
	at java.base/jdk.internal.reflect.NativeMethodAccessorImpl.invoke(NativeMethodAccessorImpl.java:62)
	at java.base/jdk.internal.reflect.DelegatingMethodAccessorImpl.invoke(DelegatingMethodAccessorImpl.java:43)
	at java.base/java.lang.reflect.Method.invoke(Method.java:566)
	at org.junit.runners.model.FrameworkMethod$1.runReflectiveCall(FrameworkMethod.java:50)
	at org.junit.internal.runners.model.ReflectiveCallable.run(ReflectiveCallable.java:12)
	at org.junit.runners.model.FrameworkMethod.invokeExplosively(FrameworkMethod.java:47)
	at org.junit.internal.runners.statements.InvokeMethod.evaluate(InvokeMethod.java:17)
	at org.junit.runners.ParentRunner.runLeaf(ParentRunner.java:325)
	at org.junit.runners.BlockJUnit4ClassRunner.runChild(BlockJUnit4ClassRunner.java:78)
	at org.junit.runners.BlockJUnit4ClassRunner.runChild(BlockJUnit4ClassRunner.java:57)
	at org.junit.runners.ParentRunner$3.run(ParentRunner.java:290)
	at org.junit.runners.ParentRunner$1.schedule(ParentRunner.java:71)
	at org.junit.runners.ParentRunner.runChildren(ParentRunner.java:288)
	at org.junit.runners.ParentRunner.access$000(ParentRunner.java:58)
	at org.junit.runners.ParentRunner$2.evaluate(ParentRunner.java:268)
	at org.junit.runners.ParentRunner.run(ParentRunner.java:363)
	at org.gradle.api.internal.tasks.testing.junit.JUnitTestClassExecutor.runTestClass(JUnitTestClassExecutor.java:110)
	at org.gradle.api.internal.tasks.testing.junit.JUnitTestClassExecutor.execute(JUnitTestClassExecutor.java:58)
	at org.gradle.api.internal.tasks.testing.junit.JUnitTestClassExecutor.execute(JUnitTestClassExecutor.java:38)
	at org.gradle.api.internal.tasks.testing.junit.AbstractJUnitTestClassProcessor.processTestClass(AbstractJUnitTestClassProcessor.java:62)
	at org.gradle.api.internal.tasks.testing.SuiteTestClassProcessor.processTestClass(SuiteTestClassProcessor.java:51)
	at java.base/jdk.internal.reflect.NativeMethodAccessorImpl.invoke0(Native Method)
	at java.base/jdk.internal.reflect.NativeMethodAccessorImpl.invoke(NativeMethodAccessorImpl.java:62)
	at java.base/jdk.internal.reflect.DelegatingMethodAccessorImpl.invoke(DelegatingMethodAccessorImpl.java:43)
	at java.base/java.lang.reflect.Method.invoke(Method.java:566)
	at org.gradle.internal.dispatch.ReflectionDispatch.dispatch(ReflectionDispatch.java:36)
	at org.gradle.internal.dispatch.ReflectionDispatch.dispatch(ReflectionDispatch.java:24)
	at org.gradle.internal.dispatch.ContextClassLoaderDispatch.dispatch(ContextClassLoaderDispatch.java:33)
	at org.gradle.internal.dispatch.ProxyDispatchAdapter$DispatchingInvocationHandler.invoke(ProxyDispatchAdapter.java:94)
	at com.sun.proxy.$Proxy2.processTestClass(Unknown Source)
	at org.gradle.api.internal.tasks.testing.worker.TestWorker$2.run(TestWorker.java:176)
	at org.gradle.api.internal.tasks.testing.worker.TestWorker.executeAndMaintainThreadName(TestWorker.java:129)
	at org.gradle.api.internal.tasks.testing.worker.TestWorker.execute(TestWorker.java:100)
	at org.gradle.api.internal.tasks.testing.worker.TestWorker.execute(TestWorker.java:60)
	at org.gradle.process.internal.worker.child.ActionExecutionWorker.execute(ActionExecutionWorker.java:56)
	at org.gradle.process.internal.worker.child.SystemApplicationClassLoaderWorker.call(SystemApplicationClassLoaderWorker.java:133)
	at org.gradle.process.internal.worker.child.SystemApplicationClassLoaderWorker.call(SystemApplicationClassLoaderWorker.java:71)
	at worker.org.gradle.process.internal.worker.GradleWorkerMain.run(GradleWorkerMain.java:69)
	at worker.org.gradle.process.internal.worker.GradleWorkerMain.main(GradleWorkerMain.java:74)
java.lang.ClassNotFoundException: io.opencui.test.fever
	at java.base/java.net.URLClassLoader.findClass(URLClassLoader.java:476)
	at java.base/java.lang.ClassLoader.loadClass(ClassLoader.java:589)
	at java.base/java.lang.ClassLoader.loadClass(ClassLoader.java:522)
	at java.base/java.lang.Class.forName0(Native Method)
	at java.base/java.lang.Class.forName(Class.java:398)
	at io.opencui.core.UserSession.construct(UserSession.kt:627)
	at io.opencui.core.BaseKt$createFrameGenerator$1.invoke(base.kt:38)
	at io.opencui.core.BaseKt$createFrameGenerator$1.invoke(base.kt:33)
	at io.opencui.core.InterfaceFiller$askFiller$2$entityFiller$2.invoke(filler.kt:933)
	at io.opencui.core.InterfaceFiller$askFiller$2$entityFiller$2.invoke(filler.kt:933)
	at io.opencui.core.RealtypeFiller.isCompatible(filler.kt:401)
	at io.opencui.core.AnnotatedWrapperFiller.isCompatible(filler.kt:793)
	at io.opencui.core.InterfaceFiller.isCompatible(filler.kt:923)
	at io.opencui.core.MultiValueFiller.isCompatible(filler.kt:1046)
	at io.opencui.core.AnnotatedWrapperFiller.grow(filler.kt:668)
	at io.opencui.core.Scheduler.grow(UserSession.kt:61)
	at io.opencui.core.RescheduleAction.run(action.kt:481)
	at io.opencui.core.DialogManager.response(execution.kt:108)
	at io.opencui.core.RuntimeTest.process(RuntimeTest.kt:1687)
	at io.opencui.core.RuntimeTest.testBasics(RuntimeTest.kt:250)
	at java.base/jdk.internal.reflect.NativeMethodAccessorImpl.invoke0(Native Method)
	at java.base/jdk.internal.reflect.NativeMethodAccessorImpl.invoke(NativeMethodAccessorImpl.java:62)
	at java.base/jdk.internal.reflect.DelegatingMethodAccessorImpl.invoke(DelegatingMethodAccessorImpl.java:43)
	at java.base/java.lang.reflect.Method.invoke(Method.java:566)
	at org.junit.runners.model.FrameworkMethod$1.runReflectiveCall(FrameworkMethod.java:50)
	at org.junit.internal.runners.model.ReflectiveCallable.run(ReflectiveCallable.java:12)
	at org.junit.runners.model.FrameworkMethod.invokeExplosively(FrameworkMethod.java:47)
	at org.junit.internal.runners.statements.InvokeMethod.evaluate(InvokeMethod.java:17)
	at org.junit.runners.ParentRunner.runLeaf(ParentRunner.java:325)
	at org.junit.runners.BlockJUnit4ClassRunner.runChild(BlockJUnit4ClassRunner.java:78)
	at org.junit.runners.BlockJUnit4ClassRunner.runChild(BlockJUnit4ClassRunner.java:57)
	at org.junit.runners.ParentRunner$3.run(ParentRunner.java:290)
	at org.junit.runners.ParentRunner$1.schedule(ParentRunner.java:71)
	at org.junit.runners.ParentRunner.runChildren(ParentRunner.java:288)
	at org.junit.runners.ParentRunner.access$000(ParentRunner.java:58)
	at org.junit.runners.ParentRunner$2.evaluate(ParentRunner.java:268)
	at org.junit.runners.ParentRunner.run(ParentRunner.java:363)
	at org.gradle.api.internal.tasks.testing.junit.JUnitTestClassExecutor.runTestClass(JUnitTestClassExecutor.java:110)
	at org.gradle.api.internal.tasks.testing.junit.JUnitTestClassExecutor.execute(JUnitTestClassExecutor.java:58)
	at org.gradle.api.internal.tasks.testing.junit.JUnitTestClassExecutor.execute(JUnitTestClassExecutor.java:38)
	at org.gradle.api.internal.tasks.testing.junit.AbstractJUnitTestClassProcessor.processTestClass(AbstractJUnitTestClassProcessor.java:62)
	at org.gradle.api.internal.tasks.testing.SuiteTestClassProcessor.processTestClass(SuiteTestClassProcessor.java:51)
	at java.base/jdk.internal.reflect.NativeMethodAccessorImpl.invoke0(Native Method)
	at java.base/jdk.internal.reflect.NativeMethodAccessorImpl.invoke(NativeMethodAccessorImpl.java:62)
	at java.base/jdk.internal.reflect.DelegatingMethodAccessorImpl.invoke(DelegatingMethodAccessorImpl.java:43)
	at java.base/java.lang.reflect.Method.invoke(Method.java:566)
	at org.gradle.internal.dispatch.ReflectionDispatch.dispatch(ReflectionDispatch.java:36)
	at org.gradle.internal.dispatch.ReflectionDispatch.dispatch(ReflectionDispatch.java:24)
	at org.gradle.internal.dispatch.ContextClassLoaderDispatch.dispatch(ContextClassLoaderDispatch.java:33)
	at org.gradle.internal.dispatch.ProxyDispatchAdapter$DispatchingInvocationHandler.invoke(ProxyDispatchAdapter.java:94)
	at com.sun.proxy.$Proxy2.processTestClass(Unknown Source)
	at org.gradle.api.internal.tasks.testing.worker.TestWorker$2.run(TestWorker.java:176)
	at org.gradle.api.internal.tasks.testing.worker.TestWorker.executeAndMaintainThreadName(TestWorker.java:129)
	at org.gradle.api.internal.tasks.testing.worker.TestWorker.execute(TestWorker.java:100)
	at org.gradle.api.internal.tasks.testing.worker.TestWorker.execute(TestWorker.java:60)
	at org.gradle.process.internal.worker.child.ActionExecutionWorker.execute(ActionExecutionWorker.java:56)
	at org.gradle.process.internal.worker.child.SystemApplicationClassLoaderWorker.call(SystemApplicationClassLoaderWorker.java:133)
	at org.gradle.process.internal.worker.child.SystemApplicationClassLoaderWorker.call(SystemApplicationClassLoaderWorker.java:71)
	at worker.org.gradle.process.internal.worker.GradleWorkerMain.run(GradleWorkerMain.java:69)
	at worker.org.gradle.process.internal.worker.GradleWorkerMain.main(GradleWorkerMain.java:74)
java.lang.ClassNotFoundException: io.opencui.test.person
	at java.base/java.net.URLClassLoader.findClass(URLClassLoader.java:476)
	at java.base/java.lang.ClassLoader.loadClass(ClassLoader.java:589)
	at java.base/java.lang.ClassLoader.loadClass(ClassLoader.java:522)
	at java.base/java.lang.Class.forName0(Native Method)
	at java.base/java.lang.Class.forName(Class.java:398)
	at io.opencui.core.UserSession.construct(UserSession.kt:627)
	at io.opencui.core.BaseKt$createFrameGenerator$1.invoke(base.kt:38)
	at io.opencui.core.BaseKt$createFrameGenerator$1.invoke(base.kt:33)
	at io.opencui.core.InterfaceFiller$askFiller$2$entityFiller$2.invoke(filler.kt:933)
	at io.opencui.core.InterfaceFiller$askFiller$2$entityFiller$2.invoke(filler.kt:933)
	at io.opencui.core.RealtypeFiller.isCompatible(filler.kt:401)
	at io.opencui.core.AnnotatedWrapperFiller.isCompatible(filler.kt:793)
	at io.opencui.core.InterfaceFiller.isCompatible(filler.kt:923)
	at io.opencui.core.MultiValueFiller.isCompatible(filler.kt:1046)
	at io.opencui.core.MultiValueFiller.grow(filler.kt:1126)
	at io.opencui.core.Scheduler.grow(UserSession.kt:61)
	at io.opencui.core.RescheduleAction.run(action.kt:481)
	at io.opencui.core.DialogManager.response(execution.kt:108)
	at io.opencui.core.RuntimeTest.process(RuntimeTest.kt:1687)
	at io.opencui.core.RuntimeTest.testBasics(RuntimeTest.kt:250)
	at java.base/jdk.internal.reflect.NativeMethodAccessorImpl.invoke0(Native Method)
	at java.base/jdk.internal.reflect.NativeMethodAccessorImpl.invoke(NativeMethodAccessorImpl.java:62)
	at java.base/jdk.internal.reflect.DelegatingMethodAccessorImpl.invoke(DelegatingMethodAccessorImpl.java:43)
	at java.base/java.lang.reflect.Method.invoke(Method.java:566)
	at org.junit.runners.model.FrameworkMethod$1.runReflectiveCall(FrameworkMethod.java:50)
	at org.junit.internal.runners.model.ReflectiveCallable.run(ReflectiveCallable.java:12)
	at org.junit.runners.model.FrameworkMethod.invokeExplosively(FrameworkMethod.java:47)
	at org.junit.internal.runners.statements.InvokeMethod.evaluate(InvokeMethod.java:17)
	at org.junit.runners.ParentRunner.runLeaf(ParentRunner.java:325)
	at org.junit.runners.BlockJUnit4ClassRunner.runChild(BlockJUnit4ClassRunner.java:78)
	at org.junit.runners.BlockJUnit4ClassRunner.runChild(BlockJUnit4ClassRunner.java:57)
	at org.junit.runners.ParentRunner$3.run(ParentRunner.java:290)
	at org.junit.runners.ParentRunner$1.schedule(ParentRunner.java:71)
	at org.junit.runners.ParentRunner.runChildren(ParentRunner.java:288)
	at org.junit.runners.ParentRunner.access$000(ParentRunner.java:58)
	at org.junit.runners.ParentRunner$2.evaluate(ParentRunner.java:268)
	at org.junit.runners.ParentRunner.run(ParentRunner.java:363)
	at org.gradle.api.internal.tasks.testing.junit.JUnitTestClassExecutor.runTestClass(JUnitTestClassExecutor.java:110)
	at org.gradle.api.internal.tasks.testing.junit.JUnitTestClassExecutor.execute(JUnitTestClassExecutor.java:58)
	at org.gradle.api.internal.tasks.testing.junit.JUnitTestClassExecutor.execute(JUnitTestClassExecutor.java:38)
	at org.gradle.api.internal.tasks.testing.junit.AbstractJUnitTestClassProcessor.processTestClass(AbstractJUnitTestClassProcessor.java:62)
	at org.gradle.api.internal.tasks.testing.SuiteTestClassProcessor.processTestClass(SuiteTestClassProcessor.java:51)
	at java.base/jdk.internal.reflect.NativeMethodAccessorImpl.invoke0(Native Method)
	at java.base/jdk.internal.reflect.NativeMethodAccessorImpl.invoke(NativeMethodAccessorImpl.java:62)
	at java.base/jdk.internal.reflect.DelegatingMethodAccessorImpl.invoke(DelegatingMethodAccessorImpl.java:43)
	at java.base/java.lang.reflect.Method.invoke(Method.java:566)
	at org.gradle.internal.dispatch.ReflectionDispatch.dispatch(ReflectionDispatch.java:36)
	at org.gradle.internal.dispatch.ReflectionDispatch.dispatch(ReflectionDispatch.java:24)
	at org.gradle.internal.dispatch.ContextClassLoaderDispatch.dispatch(ContextClassLoaderDispatch.java:33)
	at org.gradle.internal.dispatch.ProxyDispatchAdapter$DispatchingInvocationHandler.invoke(ProxyDispatchAdapter.java:94)
	at com.sun.proxy.$Proxy2.processTestClass(Unknown Source)
	at org.gradle.api.internal.tasks.testing.worker.TestWorker$2.run(TestWorker.java:176)
	at org.gradle.api.internal.tasks.testing.worker.TestWorker.executeAndMaintainThreadName(TestWorker.java:129)
	at org.gradle.api.internal.tasks.testing.worker.TestWorker.execute(TestWorker.java:100)
	at org.gradle.api.internal.tasks.testing.worker.TestWorker.execute(TestWorker.java:60)
	at org.gradle.process.internal.worker.child.ActionExecutionWorker.execute(ActionExecutionWorker.java:56)
	at org.gradle.process.internal.worker.child.SystemApplicationClassLoaderWorker.call(SystemApplicationClassLoaderWorker.java:133)
	at org.gradle.process.internal.worker.child.SystemApplicationClassLoaderWorker.call(SystemApplicationClassLoaderWorker.java:71)
	at worker.org.gradle.process.internal.worker.GradleWorkerMain.run(GradleWorkerMain.java:69)
	at worker.org.gradle.process.internal.worker.GradleWorkerMain.main(GradleWorkerMain.java:74)
java.lang.ClassNotFoundException: io.opencui.test.fever
	at java.base/java.net.URLClassLoader.findClass(URLClassLoader.java:476)
	at java.base/java.lang.ClassLoader.loadClass(ClassLoader.java:589)
	at java.base/java.lang.ClassLoader.loadClass(ClassLoader.java:522)
	at java.base/java.lang.Class.forName0(Native Method)
	at java.base/java.lang.Class.forName(Class.java:398)
	at io.opencui.core.UserSession.construct(UserSession.kt:627)
	at io.opencui.core.BaseKt$createFrameGenerator$1.invoke(base.kt:38)
	at io.opencui.core.BaseKt$createFrameGenerator$1.invoke(base.kt:33)
	at io.opencui.core.InterfaceFiller$askFiller$2$entityFiller$2.invoke(filler.kt:933)
	at io.opencui.core.InterfaceFiller$askFiller$2$entityFiller$2.invoke(filler.kt:933)
	at io.opencui.core.RealtypeFiller.isCompatible(filler.kt:401)
	at io.opencui.core.AnnotatedWrapperFiller.isCompatible(filler.kt:793)
	at io.opencui.core.InterfaceFiller.isCompatible(filler.kt:923)
	at io.opencui.core.MultiValueFiller.isCompatible(filler.kt:1046)
	at io.opencui.core.MultiValueFiller.grow(filler.kt:1126)
	at io.opencui.core.Scheduler.grow(UserSession.kt:61)
	at io.opencui.core.RescheduleAction.run(action.kt:481)
	at io.opencui.core.DialogManager.response(execution.kt:108)
	at io.opencui.core.RuntimeTest.process(RuntimeTest.kt:1687)
	at io.opencui.core.RuntimeTest.testBasics(RuntimeTest.kt:250)
	at java.base/jdk.internal.reflect.NativeMethodAccessorImpl.invoke0(Native Method)
	at java.base/jdk.internal.reflect.NativeMethodAccessorImpl.invoke(NativeMethodAccessorImpl.java:62)
	at java.base/jdk.internal.reflect.DelegatingMethodAccessorImpl.invoke(DelegatingMethodAccessorImpl.java:43)
	at java.base/java.lang.reflect.Method.invoke(Method.java:566)
	at org.junit.runners.model.FrameworkMethod$1.runReflectiveCall(FrameworkMethod.java:50)
	at org.junit.internal.runners.model.ReflectiveCallable.run(ReflectiveCallable.java:12)
	at org.junit.runners.model.FrameworkMethod.invokeExplosively(FrameworkMethod.java:47)
	at org.junit.internal.runners.statements.InvokeMethod.evaluate(InvokeMethod.java:17)
	at org.junit.runners.ParentRunner.runLeaf(ParentRunner.java:325)
	at org.junit.runners.BlockJUnit4ClassRunner.runChild(BlockJUnit4ClassRunner.java:78)
	at org.junit.runners.BlockJUnit4ClassRunner.runChild(BlockJUnit4ClassRunner.java:57)
	at org.junit.runners.ParentRunner$3.run(ParentRunner.java:290)
	at org.junit.runners.ParentRunner$1.schedule(ParentRunner.java:71)
	at org.junit.runners.ParentRunner.runChildren(ParentRunner.java:288)
	at org.junit.runners.ParentRunner.access$000(ParentRunner.java:58)
	at org.junit.runners.ParentRunner$2.evaluate(ParentRunner.java:268)
	at org.junit.runners.ParentRunner.run(ParentRunner.java:363)
	at org.gradle.api.internal.tasks.testing.junit.JUnitTestClassExecutor.runTestClass(JUnitTestClassExecutor.java:110)
	at org.gradle.api.internal.tasks.testing.junit.JUnitTestClassExecutor.execute(JUnitTestClassExecutor.java:58)
	at org.gradle.api.internal.tasks.testing.junit.JUnitTestClassExecutor.execute(JUnitTestClassExecutor.java:38)
	at org.gradle.api.internal.tasks.testing.junit.AbstractJUnitTestClassProcessor.processTestClass(AbstractJUnitTestClassProcessor.java:62)
	at org.gradle.api.internal.tasks.testing.SuiteTestClassProcessor.processTestClass(SuiteTestClassProcessor.java:51)
	at java.base/jdk.internal.reflect.NativeMethodAccessorImpl.invoke0(Native Method)
	at java.base/jdk.internal.reflect.NativeMethodAccessorImpl.invoke(NativeMethodAccessorImpl.java:62)
	at java.base/jdk.internal.reflect.DelegatingMethodAccessorImpl.invoke(DelegatingMethodAccessorImpl.java:43)
	at java.base/java.lang.reflect.Method.invoke(Method.java:566)
	at org.gradle.internal.dispatch.ReflectionDispatch.dispatch(ReflectionDispatch.java:36)
	at org.gradle.internal.dispatch.ReflectionDispatch.dispatch(ReflectionDispatch.java:24)
	at org.gradle.internal.dispatch.ContextClassLoaderDispatch.dispatch(ContextClassLoaderDispatch.java:33)
	at org.gradle.internal.dispatch.ProxyDispatchAdapter$DispatchingInvocationHandler.invoke(ProxyDispatchAdapter.java:94)
	at com.sun.proxy.$Proxy2.processTestClass(Unknown Source)
	at org.gradle.api.internal.tasks.testing.worker.TestWorker$2.run(TestWorker.java:176)
	at org.gradle.api.internal.tasks.testing.worker.TestWorker.executeAndMaintainThreadName(TestWorker.java:129)
	at org.gradle.api.internal.tasks.testing.worker.TestWorker.execute(TestWorker.java:100)
	at org.gradle.api.internal.tasks.testing.worker.TestWorker.execute(TestWorker.java:60)
	at org.gradle.process.internal.worker.child.ActionExecutionWorker.execute(ActionExecutionWorker.java:56)
	at org.gradle.process.internal.worker.child.SystemApplicationClassLoaderWorker.call(SystemApplicationClassLoaderWorker.java:133)
	at org.gradle.process.internal.worker.child.SystemApplicationClassLoaderWorker.call(SystemApplicationClassLoaderWorker.java:71)
	at worker.org.gradle.process.internal.worker.GradleWorkerMain.run(GradleWorkerMain.java:69)
	at worker.org.gradle.process.internal.worker.GradleWorkerMain.main(GradleWorkerMain.java:74)
java.lang.ClassNotFoundException: io.opencui.test.person
	at java.base/java.net.URLClassLoader.findClass(URLClassLoader.java:476)
	at java.base/java.lang.ClassLoader.loadClass(ClassLoader.java:589)
	at java.base/java.lang.ClassLoader.loadClass(ClassLoader.java:522)
	at java.base/java.lang.Class.forName0(Native Method)
	at java.base/java.lang.Class.forName(Class.java:398)
	at io.opencui.core.UserSession.construct(UserSession.kt:627)
	at io.opencui.core.BaseKt$createFrameGenerator$1.invoke(base.kt:38)
	at io.opencui.core.BaseKt$createFrameGenerator$1.invoke(base.kt:33)
	at io.opencui.core.InterfaceFiller$askFiller$2$entityFiller$2.invoke(filler.kt:933)
	at io.opencui.core.InterfaceFiller$askFiller$2$entityFiller$2.invoke(filler.kt:933)
	at io.opencui.core.RealtypeFiller.isCompatible(filler.kt:401)
	at io.opencui.core.AnnotatedWrapperFiller.isCompatible(filler.kt:793)
	at io.opencui.core.InterfaceFiller.isCompatible(filler.kt:923)
	at io.opencui.core.AnnotatedWrapperFiller.grow(filler.kt:668)
	at io.opencui.core.Scheduler.grow(UserSession.kt:61)
	at io.opencui.core.RescheduleAction.run(action.kt:481)
	at io.opencui.core.DialogManager.response(execution.kt:108)
	at io.opencui.core.RuntimeTest.process(RuntimeTest.kt:1687)
	at io.opencui.core.RuntimeTest.testBasics(RuntimeTest.kt:250)
	at java.base/jdk.internal.reflect.NativeMethodAccessorImpl.invoke0(Native Method)
	at java.base/jdk.internal.reflect.NativeMethodAccessorImpl.invoke(NativeMethodAccessorImpl.java:62)
	at java.base/jdk.internal.reflect.DelegatingMethodAccessorImpl.invoke(DelegatingMethodAccessorImpl.java:43)
	at java.base/java.lang.reflect.Method.invoke(Method.java:566)
	at org.junit.runners.model.FrameworkMethod$1.runReflectiveCall(FrameworkMethod.java:50)
	at org.junit.internal.runners.model.ReflectiveCallable.run(ReflectiveCallable.java:12)
	at org.junit.runners.model.FrameworkMethod.invokeExplosively(FrameworkMethod.java:47)
	at org.junit.internal.runners.statements.InvokeMethod.evaluate(InvokeMethod.java:17)
	at org.junit.runners.ParentRunner.runLeaf(ParentRunner.java:325)
	at org.junit.runners.BlockJUnit4ClassRunner.runChild(BlockJUnit4ClassRunner.java:78)
	at org.junit.runners.BlockJUnit4ClassRunner.runChild(BlockJUnit4ClassRunner.java:57)
	at org.junit.runners.ParentRunner$3.run(ParentRunner.java:290)
	at org.junit.runners.ParentRunner$1.schedule(ParentRunner.java:71)
	at org.junit.runners.ParentRunner.runChildren(ParentRunner.java:288)
	at org.junit.runners.ParentRunner.access$000(ParentRunner.java:58)
	at org.junit.runners.ParentRunner$2.evaluate(ParentRunner.java:268)
	at org.junit.runners.ParentRunner.run(ParentRunner.java:363)
	at org.gradle.api.internal.tasks.testing.junit.JUnitTestClassExecutor.runTestClass(JUnitTestClassExecutor.java:110)
	at org.gradle.api.internal.tasks.testing.junit.JUnitTestClassExecutor.execute(JUnitTestClassExecutor.java:58)
	at org.gradle.api.internal.tasks.testing.junit.JUnitTestClassExecutor.execute(JUnitTestClassExecutor.java:38)
	at org.gradle.api.internal.tasks.testing.junit.AbstractJUnitTestClassProcessor.processTestClass(AbstractJUnitTestClassProcessor.java:62)
	at org.gradle.api.internal.tasks.testing.SuiteTestClassProcessor.processTestClass(SuiteTestClassProcessor.java:51)
	at java.base/jdk.internal.reflect.NativeMethodAccessorImpl.invoke0(Native Method)
	at java.base/jdk.internal.reflect.NativeMethodAccessorImpl.invoke(NativeMethodAccessorImpl.java:62)
	at java.base/jdk.internal.reflect.DelegatingMethodAccessorImpl.invoke(DelegatingMethodAccessorImpl.java:43)
	at java.base/java.lang.reflect.Method.invoke(Method.java:566)
	at org.gradle.internal.dispatch.ReflectionDispatch.dispatch(ReflectionDispatch.java:36)
	at org.gradle.internal.dispatch.ReflectionDispatch.dispatch(ReflectionDispatch.java:24)
	at org.gradle.internal.dispatch.ContextClassLoaderDispatch.dispatch(ContextClassLoaderDispatch.java:33)
	at org.gradle.internal.dispatch.ProxyDispatchAdapter$DispatchingInvocationHandler.invoke(ProxyDispatchAdapter.java:94)
	at com.sun.proxy.$Proxy2.processTestClass(Unknown Source)
	at org.gradle.api.internal.tasks.testing.worker.TestWorker$2.run(TestWorker.java:176)
	at org.gradle.api.internal.tasks.testing.worker.TestWorker.executeAndMaintainThreadName(TestWorker.java:129)
	at org.gradle.api.internal.tasks.testing.worker.TestWorker.execute(TestWorker.java:100)
	at org.gradle.api.internal.tasks.testing.worker.TestWorker.execute(TestWorker.java:60)
	at org.gradle.process.internal.worker.child.ActionExecutionWorker.execute(ActionExecutionWorker.java:56)
	at org.gradle.process.internal.worker.child.SystemApplicationClassLoaderWorker.call(SystemApplicationClassLoaderWorker.java:133)
	at org.gradle.process.internal.worker.child.SystemApplicationClassLoaderWorker.call(SystemApplicationClassLoaderWorker.java:71)
	at worker.org.gradle.process.internal.worker.GradleWorkerMain.run(GradleWorkerMain.java:69)
	at worker.org.gradle.process.internal.worker.GradleWorkerMain.main(GradleWorkerMain.java:74)
java.lang.ClassNotFoundException: io.opencui.test.fever
	at java.base/java.net.URLClassLoader.findClass(URLClassLoader.java:476)
	at java.base/java.lang.ClassLoader.loadClass(ClassLoader.java:589)
	at java.base/java.lang.ClassLoader.loadClass(ClassLoader.java:522)
	at java.base/java.lang.Class.forName0(Native Method)
	at java.base/java.lang.Class.forName(Class.java:398)
	at io.opencui.core.UserSession.construct(UserSession.kt:627)
	at io.opencui.core.BaseKt$createFrameGenerator$1.invoke(base.kt:38)
	at io.opencui.core.BaseKt$createFrameGenerator$1.invoke(base.kt:33)
	at io.opencui.core.InterfaceFiller$askFiller$2$entityFiller$2.invoke(filler.kt:933)
	at io.opencui.core.InterfaceFiller$askFiller$2$entityFiller$2.invoke(filler.kt:933)
	at io.opencui.core.RealtypeFiller.isCompatible(filler.kt:401)
	at io.opencui.core.AnnotatedWrapperFiller.isCompatible(filler.kt:793)
	at io.opencui.core.InterfaceFiller.isCompatible(filler.kt:923)
	at io.opencui.core.AnnotatedWrapperFiller.grow(filler.kt:668)
	at io.opencui.core.Scheduler.grow(UserSession.kt:61)
	at io.opencui.core.RescheduleAction.run(action.kt:481)
	at io.opencui.core.DialogManager.response(execution.kt:108)
	at io.opencui.core.RuntimeTest.process(RuntimeTest.kt:1687)
	at io.opencui.core.RuntimeTest.testBasics(RuntimeTest.kt:250)
	at java.base/jdk.internal.reflect.NativeMethodAccessorImpl.invoke0(Native Method)
	at java.base/jdk.internal.reflect.NativeMethodAccessorImpl.invoke(NativeMethodAccessorImpl.java:62)
	at java.base/jdk.internal.reflect.DelegatingMethodAccessorImpl.invoke(DelegatingMethodAccessorImpl.java:43)
	at java.base/java.lang.reflect.Method.invoke(Method.java:566)
	at org.junit.runners.model.FrameworkMethod$1.runReflectiveCall(FrameworkMethod.java:50)
	at org.junit.internal.runners.model.ReflectiveCallable.run(ReflectiveCallable.java:12)
	at org.junit.runners.model.FrameworkMethod.invokeExplosively(FrameworkMethod.java:47)
	at org.junit.internal.runners.statements.InvokeMethod.evaluate(InvokeMethod.java:17)
	at org.junit.runners.ParentRunner.runLeaf(ParentRunner.java:325)
	at org.junit.runners.BlockJUnit4ClassRunner.runChild(BlockJUnit4ClassRunner.java:78)
	at org.junit.runners.BlockJUnit4ClassRunner.runChild(BlockJUnit4ClassRunner.java:57)
	at org.junit.runners.ParentRunner$3.run(ParentRunner.java:290)
	at org.junit.runners.ParentRunner$1.schedule(ParentRunner.java:71)
	at org.junit.runners.ParentRunner.runChildren(ParentRunner.java:288)
	at org.junit.runners.ParentRunner.access$000(ParentRunner.java:58)
	at org.junit.runners.ParentRunner$2.evaluate(ParentRunner.java:268)
	at org.junit.runners.ParentRunner.run(ParentRunner.java:363)
	at org.gradle.api.internal.tasks.testing.junit.JUnitTestClassExecutor.runTestClass(JUnitTestClassExecutor.java:110)
	at org.gradle.api.internal.tasks.testing.junit.JUnitTestClassExecutor.execute(JUnitTestClassExecutor.java:58)
	at org.gradle.api.internal.tasks.testing.junit.JUnitTestClassExecutor.execute(JUnitTestClassExecutor.java:38)
	at org.gradle.api.internal.tasks.testing.junit.AbstractJUnitTestClassProcessor.processTestClass(AbstractJUnitTestClassProcessor.java:62)
	at org.gradle.api.internal.tasks.testing.SuiteTestClassProcessor.processTestClass(SuiteTestClassProcessor.java:51)
	at java.base/jdk.internal.reflect.NativeMethodAccessorImpl.invoke0(Native Method)
	at java.base/jdk.internal.reflect.NativeMethodAccessorImpl.invoke(NativeMethodAccessorImpl.java:62)
	at java.base/jdk.internal.reflect.DelegatingMethodAccessorImpl.invoke(DelegatingMethodAccessorImpl.java:43)
	at java.base/java.lang.reflect.Method.invoke(Method.java:566)
	at org.gradle.internal.dispatch.ReflectionDispatch.dispatch(ReflectionDispatch.java:36)
	at org.gradle.internal.dispatch.ReflectionDispatch.dispatch(ReflectionDispatch.java:24)
	at org.gradle.internal.dispatch.ContextClassLoaderDispatch.dispatch(ContextClassLoaderDispatch.java:33)
	at org.gradle.internal.dispatch.ProxyDispatchAdapter$DispatchingInvocationHandler.invoke(ProxyDispatchAdapter.java:94)
	at com.sun.proxy.$Proxy2.processTestClass(Unknown Source)
	at org.gradle.api.internal.tasks.testing.worker.TestWorker$2.run(TestWorker.java:176)
	at org.gradle.api.internal.tasks.testing.worker.TestWorker.executeAndMaintainThreadName(TestWorker.java:129)
	at org.gradle.api.internal.tasks.testing.worker.TestWorker.execute(TestWorker.java:100)
	at org.gradle.api.internal.tasks.testing.worker.TestWorker.execute(TestWorker.java:60)
	at org.gradle.process.internal.worker.child.ActionExecutionWorker.execute(ActionExecutionWorker.java:56)
	at org.gradle.process.internal.worker.child.SystemApplicationClassLoaderWorker.call(SystemApplicationClassLoaderWorker.java:133)
	at org.gradle.process.internal.worker.child.SystemApplicationClassLoaderWorker.call(SystemApplicationClassLoaderWorker.java:71)
	at worker.org.gradle.process.internal.worker.GradleWorkerMain.run(GradleWorkerMain.java:69)
	at worker.org.gradle.process.internal.worker.GradleWorkerMain.main(GradleWorkerMain.java:74)
java.lang.ClassNotFoundException: io.opencui.test.person
	at java.base/java.net.URLClassLoader.findClass(URLClassLoader.java:476)
	at java.base/java.lang.ClassLoader.loadClass(ClassLoader.java:589)
	at java.base/java.lang.ClassLoader.loadClass(ClassLoader.java:522)
	at java.base/java.lang.Class.forName0(Native Method)
	at java.base/java.lang.Class.forName(Class.java:398)
	at io.opencui.core.UserSession.construct(UserSession.kt:627)
	at io.opencui.core.BaseKt$createFrameGenerator$1.invoke(base.kt:38)
	at io.opencui.core.BaseKt$createFrameGenerator$1.invoke(base.kt:33)
	at io.opencui.core.InterfaceFiller$askFiller$2$entityFiller$2.invoke(filler.kt:933)
	at io.opencui.core.InterfaceFiller$askFiller$2$entityFiller$2.invoke(filler.kt:933)
	at io.opencui.core.RealtypeFiller.isCompatible(filler.kt:401)
	at io.opencui.core.AnnotatedWrapperFiller.grow(filler.kt:668)
	at io.opencui.core.Scheduler.grow(UserSession.kt:61)
	at io.opencui.core.RescheduleAction.run(action.kt:481)
	at io.opencui.core.DialogManager.response(execution.kt:108)
	at io.opencui.core.RuntimeTest.process(RuntimeTest.kt:1687)
	at io.opencui.core.RuntimeTest.testBasics(RuntimeTest.kt:250)
	at java.base/jdk.internal.reflect.NativeMethodAccessorImpl.invoke0(Native Method)
	at java.base/jdk.internal.reflect.NativeMethodAccessorImpl.invoke(NativeMethodAccessorImpl.java:62)
	at java.base/jdk.internal.reflect.DelegatingMethodAccessorImpl.invoke(DelegatingMethodAccessorImpl.java:43)
	at java.base/java.lang.reflect.Method.invoke(Method.java:566)
	at org.junit.runners.model.FrameworkMethod$1.runReflectiveCall(FrameworkMethod.java:50)
	at org.junit.internal.runners.model.ReflectiveCallable.run(ReflectiveCallable.java:12)
	at org.junit.runners.model.FrameworkMethod.invokeExplosively(FrameworkMethod.java:47)
	at org.junit.internal.runners.statements.InvokeMethod.evaluate(InvokeMethod.java:17)
	at org.junit.runners.ParentRunner.runLeaf(ParentRunner.java:325)
	at org.junit.runners.BlockJUnit4ClassRunner.runChild(BlockJUnit4ClassRunner.java:78)
	at org.junit.runners.BlockJUnit4ClassRunner.runChild(BlockJUnit4ClassRunner.java:57)
	at org.junit.runners.ParentRunner$3.run(ParentRunner.java:290)
	at org.junit.runners.ParentRunner$1.schedule(ParentRunner.java:71)
	at org.junit.runners.ParentRunner.runChildren(ParentRunner.java:288)
	at org.junit.runners.ParentRunner.access$000(ParentRunner.java:58)
	at org.junit.runners.ParentRunner$2.evaluate(ParentRunner.java:268)
	at org.junit.runners.ParentRunner.run(ParentRunner.java:363)
	at org.gradle.api.internal.tasks.testing.junit.JUnitTestClassExecutor.runTestClass(JUnitTestClassExecutor.java:110)
	at org.gradle.api.internal.tasks.testing.junit.JUnitTestClassExecutor.execute(JUnitTestClassExecutor.java:58)
	at org.gradle.api.internal.tasks.testing.junit.JUnitTestClassExecutor.execute(JUnitTestClassExecutor.java:38)
	at org.gradle.api.internal.tasks.testing.junit.AbstractJUnitTestClassProcessor.processTestClass(AbstractJUnitTestClassProcessor.java:62)
	at org.gradle.api.internal.tasks.testing.SuiteTestClassProcessor.processTestClass(SuiteTestClassProcessor.java:51)
	at java.base/jdk.internal.reflect.NativeMethodAccessorImpl.invoke0(Native Method)
	at java.base/jdk.internal.reflect.NativeMethodAccessorImpl.invoke(NativeMethodAccessorImpl.java:62)
	at java.base/jdk.internal.reflect.DelegatingMethodAccessorImpl.invoke(DelegatingMethodAccessorImpl.java:43)
	at java.base/java.lang.reflect.Method.invoke(Method.java:566)
	at org.gradle.internal.dispatch.ReflectionDispatch.dispatch(ReflectionDispatch.java:36)
	at org.gradle.internal.dispatch.ReflectionDispatch.dispatch(ReflectionDispatch.java:24)
	at org.gradle.internal.dispatch.ContextClassLoaderDispatch.dispatch(ContextClassLoaderDispatch.java:33)
	at org.gradle.internal.dispatch.ProxyDispatchAdapter$DispatchingInvocationHandler.invoke(ProxyDispatchAdapter.java:94)
	at com.sun.proxy.$Proxy2.processTestClass(Unknown Source)
	at org.gradle.api.internal.tasks.testing.worker.TestWorker$2.run(TestWorker.java:176)
	at org.gradle.api.internal.tasks.testing.worker.TestWorker.executeAndMaintainThreadName(TestWorker.java:129)
	at org.gradle.api.internal.tasks.testing.worker.TestWorker.execute(TestWorker.java:100)
	at org.gradle.api.internal.tasks.testing.worker.TestWorker.execute(TestWorker.java:60)
	at org.gradle.process.internal.worker.child.ActionExecutionWorker.execute(ActionExecutionWorker.java:56)
	at org.gradle.process.internal.worker.child.SystemApplicationClassLoaderWorker.call(SystemApplicationClassLoaderWorker.java:133)
	at org.gradle.process.internal.worker.child.SystemApplicationClassLoaderWorker.call(SystemApplicationClassLoaderWorker.java:71)
	at worker.org.gradle.process.internal.worker.GradleWorkerMain.run(GradleWorkerMain.java:69)
	at worker.org.gradle.process.internal.worker.GradleWorkerMain.main(GradleWorkerMain.java:74)
java.lang.ClassNotFoundException: io.opencui.test.fever
	at java.base/java.net.URLClassLoader.findClass(URLClassLoader.java:476)
	at java.base/java.lang.ClassLoader.loadClass(ClassLoader.java:589)
	at java.base/java.lang.ClassLoader.loadClass(ClassLoader.java:522)
	at java.base/java.lang.Class.forName0(Native Method)
	at java.base/java.lang.Class.forName(Class.java:398)
	at io.opencui.core.UserSession.construct(UserSession.kt:627)
	at io.opencui.core.BaseKt$createFrameGenerator$1.invoke(base.kt:38)
	at io.opencui.core.BaseKt$createFrameGenerator$1.invoke(base.kt:33)
	at io.opencui.core.InterfaceFiller$askFiller$2$entityFiller$2.invoke(filler.kt:933)
	at io.opencui.core.InterfaceFiller$askFiller$2$entityFiller$2.invoke(filler.kt:933)
	at io.opencui.core.RealtypeFiller.isCompatible(filler.kt:401)
	at io.opencui.core.AnnotatedWrapperFiller.grow(filler.kt:668)
	at io.opencui.core.Scheduler.grow(UserSession.kt:61)
	at io.opencui.core.RescheduleAction.run(action.kt:481)
	at io.opencui.core.DialogManager.response(execution.kt:108)
	at io.opencui.core.RuntimeTest.process(RuntimeTest.kt:1687)
	at io.opencui.core.RuntimeTest.testBasics(RuntimeTest.kt:250)
	at java.base/jdk.internal.reflect.NativeMethodAccessorImpl.invoke0(Native Method)
	at java.base/jdk.internal.reflect.NativeMethodAccessorImpl.invoke(NativeMethodAccessorImpl.java:62)
	at java.base/jdk.internal.reflect.DelegatingMethodAccessorImpl.invoke(DelegatingMethodAccessorImpl.java:43)
	at java.base/java.lang.reflect.Method.invoke(Method.java:566)
	at org.junit.runners.model.FrameworkMethod$1.runReflectiveCall(FrameworkMethod.java:50)
	at org.junit.internal.runners.model.ReflectiveCallable.run(ReflectiveCallable.java:12)
	at org.junit.runners.model.FrameworkMethod.invokeExplosively(FrameworkMethod.java:47)
	at org.junit.internal.runners.statements.InvokeMethod.evaluate(InvokeMethod.java:17)
	at org.junit.runners.ParentRunner.runLeaf(ParentRunner.java:325)
	at org.junit.runners.BlockJUnit4ClassRunner.runChild(BlockJUnit4ClassRunner.java:78)
	at org.junit.runners.BlockJUnit4ClassRunner.runChild(BlockJUnit4ClassRunner.java:57)
	at org.junit.runners.ParentRunner$3.run(ParentRunner.java:290)
	at org.junit.runners.ParentRunner$1.schedule(ParentRunner.java:71)
	at org.junit.runners.ParentRunner.runChildren(ParentRunner.java:288)
	at org.junit.runners.ParentRunner.access$000(ParentRunner.java:58)
	at org.junit.runners.ParentRunner$2.evaluate(ParentRunner.java:268)
	at org.junit.runners.ParentRunner.run(ParentRunner.java:363)
	at org.gradle.api.internal.tasks.testing.junit.JUnitTestClassExecutor.runTestClass(JUnitTestClassExecutor.java:110)
	at org.gradle.api.internal.tasks.testing.junit.JUnitTestClassExecutor.execute(JUnitTestClassExecutor.java:58)
	at org.gradle.api.internal.tasks.testing.junit.JUnitTestClassExecutor.execute(JUnitTestClassExecutor.java:38)
	at org.gradle.api.internal.tasks.testing.junit.AbstractJUnitTestClassProcessor.processTestClass(AbstractJUnitTestClassProcessor.java:62)
	at org.gradle.api.internal.tasks.testing.SuiteTestClassProcessor.processTestClass(SuiteTestClassProcessor.java:51)
	at java.base/jdk.internal.reflect.NativeMethodAccessorImpl.invoke0(Native Method)
	at java.base/jdk.internal.reflect.NativeMethodAccessorImpl.invoke(NativeMethodAccessorImpl.java:62)
	at java.base/jdk.internal.reflect.DelegatingMethodAccessorImpl.invoke(DelegatingMethodAccessorImpl.java:43)
	at java.base/java.lang.reflect.Method.invoke(Method.java:566)
	at org.gradle.internal.dispatch.ReflectionDispatch.dispatch(ReflectionDispatch.java:36)
	at org.gradle.internal.dispatch.ReflectionDispatch.dispatch(ReflectionDispatch.java:24)
	at org.gradle.internal.dispatch.ContextClassLoaderDispatch.dispatch(ContextClassLoaderDispatch.java:33)
	at org.gradle.internal.dispatch.ProxyDispatchAdapter$DispatchingInvocationHandler.invoke(ProxyDispatchAdapter.java:94)
	at com.sun.proxy.$Proxy2.processTestClass(Unknown Source)
	at org.gradle.api.internal.tasks.testing.worker.TestWorker$2.run(TestWorker.java:176)
	at org.gradle.api.internal.tasks.testing.worker.TestWorker.executeAndMaintainThreadName(TestWorker.java:129)
	at org.gradle.api.internal.tasks.testing.worker.TestWorker.execute(TestWorker.java:100)
	at org.gradle.api.internal.tasks.testing.worker.TestWorker.execute(TestWorker.java:60)
	at org.gradle.process.internal.worker.child.ActionExecutionWorker.execute(ActionExecutionWorker.java:56)
	at org.gradle.process.internal.worker.child.SystemApplicationClassLoaderWorker.call(SystemApplicationClassLoaderWorker.java:133)
	at org.gradle.process.internal.worker.child.SystemApplicationClassLoaderWorker.call(SystemApplicationClassLoaderWorker.java:71)
	at worker.org.gradle.process.internal.worker.GradleWorkerMain.run(GradleWorkerMain.java:69)
	at worker.org.gradle.process.internal.worker.GradleWorkerMain.main(GradleWorkerMain.java:74)
java.lang.ClassNotFoundException: io.opencui.test.person
	at java.base/java.net.URLClassLoader.findClass(URLClassLoader.java:476)
	at java.base/java.lang.ClassLoader.loadClass(ClassLoader.java:589)
	at java.base/java.lang.ClassLoader.loadClass(ClassLoader.java:522)
	at java.base/java.lang.Class.forName0(Native Method)
	at java.base/java.lang.Class.forName(Class.java:398)
	at io.opencui.core.UserSession.construct(UserSession.kt:627)
	at io.opencui.core.BaseKt$createFrameGenerator$1.invoke(base.kt:38)
	at io.opencui.core.BaseKt$createFrameGenerator$1.invoke(base.kt:33)
	at io.opencui.core.InterfaceFiller$askFiller$2$entityFiller$2.invoke(filler.kt:933)
	at io.opencui.core.InterfaceFiller$askFiller$2$entityFiller$2.invoke(filler.kt:933)
	at io.opencui.core.RealtypeFiller.isCompatible(filler.kt:401)
	at io.opencui.core.AEntityFiller.move(filler.kt:263)
	at io.opencui.core.Scheduler.grow(UserSession.kt:59)
	at io.opencui.core.RescheduleAction.run(action.kt:481)
	at io.opencui.core.DialogManager.response(execution.kt:108)
	at io.opencui.core.RuntimeTest.process(RuntimeTest.kt:1687)
	at io.opencui.core.RuntimeTest.testBasics(RuntimeTest.kt:250)
	at java.base/jdk.internal.reflect.NativeMethodAccessorImpl.invoke0(Native Method)
	at java.base/jdk.internal.reflect.NativeMethodAccessorImpl.invoke(NativeMethodAccessorImpl.java:62)
	at java.base/jdk.internal.reflect.DelegatingMethodAccessorImpl.invoke(DelegatingMethodAccessorImpl.java:43)
	at java.base/java.lang.reflect.Method.invoke(Method.java:566)
	at org.junit.runners.model.FrameworkMethod$1.runReflectiveCall(FrameworkMethod.java:50)
	at org.junit.internal.runners.model.ReflectiveCallable.run(ReflectiveCallable.java:12)
	at org.junit.runners.model.FrameworkMethod.invokeExplosively(FrameworkMethod.java:47)
	at org.junit.internal.runners.statements.InvokeMethod.evaluate(InvokeMethod.java:17)
	at org.junit.runners.ParentRunner.runLeaf(ParentRunner.java:325)
	at org.junit.runners.BlockJUnit4ClassRunner.runChild(BlockJUnit4ClassRunner.java:78)
	at org.junit.runners.BlockJUnit4ClassRunner.runChild(BlockJUnit4ClassRunner.java:57)
	at org.junit.runners.ParentRunner$3.run(ParentRunner.java:290)
	at org.junit.runners.ParentRunner$1.schedule(ParentRunner.java:71)
	at org.junit.runners.ParentRunner.runChildren(ParentRunner.java:288)
	at org.junit.runners.ParentRunner.access$000(ParentRunner.java:58)
	at org.junit.runners.ParentRunner$2.evaluate(ParentRunner.java:268)
	at org.junit.runners.ParentRunner.run(ParentRunner.java:363)
	at org.gradle.api.internal.tasks.testing.junit.JUnitTestClassExecutor.runTestClass(JUnitTestClassExecutor.java:110)
	at org.gradle.api.internal.tasks.testing.junit.JUnitTestClassExecutor.execute(JUnitTestClassExecutor.java:58)
	at org.gradle.api.internal.tasks.testing.junit.JUnitTestClassExecutor.execute(JUnitTestClassExecutor.java:38)
	at org.gradle.api.internal.tasks.testing.junit.AbstractJUnitTestClassProcessor.processTestClass(AbstractJUnitTestClassProcessor.java:62)
	at org.gradle.api.internal.tasks.testing.SuiteTestClassProcessor.processTestClass(SuiteTestClassProcessor.java:51)
	at java.base/jdk.internal.reflect.NativeMethodAccessorImpl.invoke0(Native Method)
	at java.base/jdk.internal.reflect.NativeMethodAccessorImpl.invoke(NativeMethodAccessorImpl.java:62)
	at java.base/jdk.internal.reflect.DelegatingMethodAccessorImpl.invoke(DelegatingMethodAccessorImpl.java:43)
	at java.base/java.lang.reflect.Method.invoke(Method.java:566)
	at org.gradle.internal.dispatch.ReflectionDispatch.dispatch(ReflectionDispatch.java:36)
	at org.gradle.internal.dispatch.ReflectionDispatch.dispatch(ReflectionDispatch.java:24)
	at org.gradle.internal.dispatch.ContextClassLoaderDispatch.dispatch(ContextClassLoaderDispatch.java:33)
	at org.gradle.internal.dispatch.ProxyDispatchAdapter$DispatchingInvocationHandler.invoke(ProxyDispatchAdapter.java:94)
	at com.sun.proxy.$Proxy2.processTestClass(Unknown Source)
	at org.gradle.api.internal.tasks.testing.worker.TestWorker$2.run(TestWorker.java:176)
	at org.gradle.api.internal.tasks.testing.worker.TestWorker.executeAndMaintainThreadName(TestWorker.java:129)
	at org.gradle.api.internal.tasks.testing.worker.TestWorker.execute(TestWorker.java:100)
	at org.gradle.api.internal.tasks.testing.worker.TestWorker.execute(TestWorker.java:60)
	at org.gradle.process.internal.worker.child.ActionExecutionWorker.execute(ActionExecutionWorker.java:56)
	at org.gradle.process.internal.worker.child.SystemApplicationClassLoaderWorker.call(SystemApplicationClassLoaderWorker.java:133)
	at org.gradle.process.internal.worker.child.SystemApplicationClassLoaderWorker.call(SystemApplicationClassLoaderWorker.java:71)
	at worker.org.gradle.process.internal.worker.GradleWorkerMain.run(GradleWorkerMain.java:69)
	at worker.org.gradle.process.internal.worker.GradleWorkerMain.main(GradleWorkerMain.java:74)
java.lang.ClassNotFoundException: io.opencui.test.fever
	at java.base/java.net.URLClassLoader.findClass(URLClassLoader.java:476)
	at java.base/java.lang.ClassLoader.loadClass(ClassLoader.java:589)
	at java.base/java.lang.ClassLoader.loadClass(ClassLoader.java:522)
	at java.base/java.lang.Class.forName0(Native Method)
	at java.base/java.lang.Class.forName(Class.java:398)
	at io.opencui.core.UserSession.construct(UserSession.kt:627)
	at io.opencui.core.BaseKt$createFrameGenerator$1.invoke(base.kt:38)
	at io.opencui.core.BaseKt$createFrameGenerator$1.invoke(base.kt:33)
	at io.opencui.core.InterfaceFiller$askFiller$2$entityFiller$2.invoke(filler.kt:933)
	at io.opencui.core.InterfaceFiller$askFiller$2$entityFiller$2.invoke(filler.kt:933)
	at io.opencui.core.RealtypeFiller.isCompatible(filler.kt:401)
	at io.opencui.core.AEntityFiller.move(filler.kt:263)
	at io.opencui.core.Scheduler.grow(UserSession.kt:59)
	at io.opencui.core.RescheduleAction.run(action.kt:481)
	at io.opencui.core.DialogManager.response(execution.kt:108)
	at io.opencui.core.RuntimeTest.process(RuntimeTest.kt:1687)
	at io.opencui.core.RuntimeTest.testBasics(RuntimeTest.kt:250)
	at java.base/jdk.internal.reflect.NativeMethodAccessorImpl.invoke0(Native Method)
	at java.base/jdk.internal.reflect.NativeMethodAccessorImpl.invoke(NativeMethodAccessorImpl.java:62)
	at java.base/jdk.internal.reflect.DelegatingMethodAccessorImpl.invoke(DelegatingMethodAccessorImpl.java:43)
	at java.base/java.lang.reflect.Method.invoke(Method.java:566)
	at org.junit.runners.model.FrameworkMethod$1.runReflectiveCall(FrameworkMethod.java:50)
	at org.junit.internal.runners.model.ReflectiveCallable.run(ReflectiveCallable.java:12)
	at org.junit.runners.model.FrameworkMethod.invokeExplosively(FrameworkMethod.java:47)
	at org.junit.internal.runners.statements.InvokeMethod.evaluate(InvokeMethod.java:17)
	at org.junit.runners.ParentRunner.runLeaf(ParentRunner.java:325)
	at org.junit.runners.BlockJUnit4ClassRunner.runChild(BlockJUnit4ClassRunner.java:78)
	at org.junit.runners.BlockJUnit4ClassRunner.runChild(BlockJUnit4ClassRunner.java:57)
	at org.junit.runners.ParentRunner$3.run(ParentRunner.java:290)
	at org.junit.runners.ParentRunner$1.schedule(ParentRunner.java:71)
	at org.junit.runners.ParentRunner.runChildren(ParentRunner.java:288)
	at org.junit.runners.ParentRunner.access$000(ParentRunner.java:58)
	at org.junit.runners.ParentRunner$2.evaluate(ParentRunner.java:268)
	at org.junit.runners.ParentRunner.run(ParentRunner.java:363)
	at org.gradle.api.internal.tasks.testing.junit.JUnitTestClassExecutor.runTestClass(JUnitTestClassExecutor.java:110)
	at org.gradle.api.internal.tasks.testing.junit.JUnitTestClassExecutor.execute(JUnitTestClassExecutor.java:58)
	at org.gradle.api.internal.tasks.testing.junit.JUnitTestClassExecutor.execute(JUnitTestClassExecutor.java:38)
	at org.gradle.api.internal.tasks.testing.junit.AbstractJUnitTestClassProcessor.processTestClass(AbstractJUnitTestClassProcessor.java:62)
	at org.gradle.api.internal.tasks.testing.SuiteTestClassProcessor.processTestClass(SuiteTestClassProcessor.java:51)
	at java.base/jdk.internal.reflect.NativeMethodAccessorImpl.invoke0(Native Method)
	at java.base/jdk.internal.reflect.NativeMethodAccessorImpl.invoke(NativeMethodAccessorImpl.java:62)
	at java.base/jdk.internal.reflect.DelegatingMethodAccessorImpl.invoke(DelegatingMethodAccessorImpl.java:43)
	at java.base/java.lang.reflect.Method.invoke(Method.java:566)
	at org.gradle.internal.dispatch.ReflectionDispatch.dispatch(ReflectionDispatch.java:36)
	at org.gradle.internal.dispatch.ReflectionDispatch.dispatch(ReflectionDispatch.java:24)
	at org.gradle.internal.dispatch.ContextClassLoaderDispatch.dispatch(ContextClassLoaderDispatch.java:33)
	at org.gradle.internal.dispatch.ProxyDispatchAdapter$DispatchingInvocationHandler.invoke(ProxyDispatchAdapter.java:94)
	at com.sun.proxy.$Proxy2.processTestClass(Unknown Source)
	at org.gradle.api.internal.tasks.testing.worker.TestWorker$2.run(TestWorker.java:176)
	at org.gradle.api.internal.tasks.testing.worker.TestWorker.executeAndMaintainThreadName(TestWorker.java:129)
	at org.gradle.api.internal.tasks.testing.worker.TestWorker.execute(TestWorker.java:100)
	at org.gradle.api.internal.tasks.testing.worker.TestWorker.execute(TestWorker.java:60)
	at org.gradle.process.internal.worker.child.ActionExecutionWorker.execute(ActionExecutionWorker.java:56)
	at org.gradle.process.internal.worker.child.SystemApplicationClassLoaderWorker.call(SystemApplicationClassLoaderWorker.java:133)
	at org.gradle.process.internal.worker.child.SystemApplicationClassLoaderWorker.call(SystemApplicationClassLoaderWorker.java:71)
	at worker.org.gradle.process.internal.worker.GradleWorkerMain.run(GradleWorkerMain.java:69)
	at worker.org.gradle.process.internal.worker.GradleWorkerMain.main(GradleWorkerMain.java:74)
java.lang.ClassNotFoundException: io.opencui.test.person
	at java.base/java.net.URLClassLoader.findClass(URLClassLoader.java:476)
	at java.base/java.lang.ClassLoader.loadClass(ClassLoader.java:589)
	at java.base/java.lang.ClassLoader.loadClass(ClassLoader.java:522)
	at java.base/java.lang.Class.forName0(Native Method)
	at java.base/java.lang.Class.forName(Class.java:398)
	at io.opencui.core.UserSession.construct(UserSession.kt:627)
	at io.opencui.core.BaseKt$createFrameGenerator$1.invoke(base.kt:38)
	at io.opencui.core.BaseKt$createFrameGenerator$1.invoke(base.kt:33)
	at io.opencui.core.InterfaceFiller$askFiller$2$entityFiller$2.invoke(filler.kt:933)
	at io.opencui.core.InterfaceFiller$askFiller$2$entityFiller$2.invoke(filler.kt:933)
	at io.opencui.core.RealtypeFiller.isCompatible(filler.kt:401)
	at io.opencui.core.UserSession.kernelStep(UserSession.kt:249)
	at io.opencui.core.UserSession.userStep(UserSession.kt:204)
	at io.opencui.core.DialogManager.response(execution.kt:99)
	at io.opencui.core.RuntimeTest.process(RuntimeTest.kt:1687)
	at io.opencui.core.RuntimeTest.testBasics(RuntimeTest.kt:250)
	at java.base/jdk.internal.reflect.NativeMethodAccessorImpl.invoke0(Native Method)
	at java.base/jdk.internal.reflect.NativeMethodAccessorImpl.invoke(NativeMethodAccessorImpl.java:62)
	at java.base/jdk.internal.reflect.DelegatingMethodAccessorImpl.invoke(DelegatingMethodAccessorImpl.java:43)
	at java.base/java.lang.reflect.Method.invoke(Method.java:566)
	at org.junit.runners.model.FrameworkMethod$1.runReflectiveCall(FrameworkMethod.java:50)
	at org.junit.internal.runners.model.ReflectiveCallable.run(ReflectiveCallable.java:12)
	at org.junit.runners.model.FrameworkMethod.invokeExplosively(FrameworkMethod.java:47)
	at org.junit.internal.runners.statements.InvokeMethod.evaluate(InvokeMethod.java:17)
	at org.junit.runners.ParentRunner.runLeaf(ParentRunner.java:325)
	at org.junit.runners.BlockJUnit4ClassRunner.runChild(BlockJUnit4ClassRunner.java:78)
	at org.junit.runners.BlockJUnit4ClassRunner.runChild(BlockJUnit4ClassRunner.java:57)
	at org.junit.runners.ParentRunner$3.run(ParentRunner.java:290)
	at org.junit.runners.ParentRunner$1.schedule(ParentRunner.java:71)
	at org.junit.runners.ParentRunner.runChildren(ParentRunner.java:288)
	at org.junit.runners.ParentRunner.access$000(ParentRunner.java:58)
	at org.junit.runners.ParentRunner$2.evaluate(ParentRunner.java:268)
	at org.junit.runners.ParentRunner.run(ParentRunner.java:363)
	at org.gradle.api.internal.tasks.testing.junit.JUnitTestClassExecutor.runTestClass(JUnitTestClassExecutor.java:110)
	at org.gradle.api.internal.tasks.testing.junit.JUnitTestClassExecutor.execute(JUnitTestClassExecutor.java:58)
	at org.gradle.api.internal.tasks.testing.junit.JUnitTestClassExecutor.execute(JUnitTestClassExecutor.java:38)
	at org.gradle.api.internal.tasks.testing.junit.AbstractJUnitTestClassProcessor.processTestClass(AbstractJUnitTestClassProcessor.java:62)
	at org.gradle.api.internal.tasks.testing.SuiteTestClassProcessor.processTestClass(SuiteTestClassProcessor.java:51)
	at java.base/jdk.internal.reflect.NativeMethodAccessorImpl.invoke0(Native Method)
	at java.base/jdk.internal.reflect.NativeMethodAccessorImpl.invoke(NativeMethodAccessorImpl.java:62)
	at java.base/jdk.internal.reflect.DelegatingMethodAccessorImpl.invoke(DelegatingMethodAccessorImpl.java:43)
	at java.base/java.lang.reflect.Method.invoke(Method.java:566)
	at org.gradle.internal.dispatch.ReflectionDispatch.dispatch(ReflectionDispatch.java:36)
	at org.gradle.internal.dispatch.ReflectionDispatch.dispatch(ReflectionDispatch.java:24)
	at org.gradle.internal.dispatch.ContextClassLoaderDispatch.dispatch(ContextClassLoaderDispatch.java:33)
	at org.gradle.internal.dispatch.ProxyDispatchAdapter$DispatchingInvocationHandler.invoke(ProxyDispatchAdapter.java:94)
	at com.sun.proxy.$Proxy2.processTestClass(Unknown Source)
	at org.gradle.api.internal.tasks.testing.worker.TestWorker$2.run(TestWorker.java:176)
	at org.gradle.api.internal.tasks.testing.worker.TestWorker.executeAndMaintainThreadName(TestWorker.java:129)
	at org.gradle.api.internal.tasks.testing.worker.TestWorker.execute(TestWorker.java:100)
	at org.gradle.api.internal.tasks.testing.worker.TestWorker.execute(TestWorker.java:60)
	at org.gradle.process.internal.worker.child.ActionExecutionWorker.execute(ActionExecutionWorker.java:56)
	at org.gradle.process.internal.worker.child.SystemApplicationClassLoaderWorker.call(SystemApplicationClassLoaderWorker.java:133)
	at org.gradle.process.internal.worker.child.SystemApplicationClassLoaderWorker.call(SystemApplicationClassLoaderWorker.java:71)
	at worker.org.gradle.process.internal.worker.GradleWorkerMain.run(GradleWorkerMain.java:69)
	at worker.org.gradle.process.internal.worker.GradleWorkerMain.main(GradleWorkerMain.java:74)
java.lang.ClassNotFoundException: io.opencui.test.fever
	at java.base/java.net.URLClassLoader.findClass(URLClassLoader.java:476)
	at java.base/java.lang.ClassLoader.loadClass(ClassLoader.java:589)
	at java.base/java.lang.ClassLoader.loadClass(ClassLoader.java:522)
	at java.base/java.lang.Class.forName0(Native Method)
	at java.base/java.lang.Class.forName(Class.java:398)
	at io.opencui.core.UserSession.construct(UserSession.kt:627)
	at io.opencui.core.BaseKt$createFrameGenerator$1.invoke(base.kt:38)
	at io.opencui.core.BaseKt$createFrameGenerator$1.invoke(base.kt:33)
	at io.opencui.core.InterfaceFiller$askFiller$2$entityFiller$2.invoke(filler.kt:933)
	at io.opencui.core.InterfaceFiller$askFiller$2$entityFiller$2.invoke(filler.kt:933)
	at io.opencui.core.RealtypeFiller.isCompatible(filler.kt:401)
	at io.opencui.core.UserSession.kernelStep(UserSession.kt:249)
	at io.opencui.core.UserSession.userStep(UserSession.kt:204)
	at io.opencui.core.DialogManager.response(execution.kt:99)
	at io.opencui.core.RuntimeTest.process(RuntimeTest.kt:1687)
	at io.opencui.core.RuntimeTest.testBasics(RuntimeTest.kt:250)
	at java.base/jdk.internal.reflect.NativeMethodAccessorImpl.invoke0(Native Method)
	at java.base/jdk.internal.reflect.NativeMethodAccessorImpl.invoke(NativeMethodAccessorImpl.java:62)
	at java.base/jdk.internal.reflect.DelegatingMethodAccessorImpl.invoke(DelegatingMethodAccessorImpl.java:43)
	at java.base/java.lang.reflect.Method.invoke(Method.java:566)
	at org.junit.runners.model.FrameworkMethod$1.runReflectiveCall(FrameworkMethod.java:50)
	at org.junit.internal.runners.model.ReflectiveCallable.run(ReflectiveCallable.java:12)
	at org.junit.runners.model.FrameworkMethod.invokeExplosively(FrameworkMethod.java:47)
	at org.junit.internal.runners.statements.InvokeMethod.evaluate(InvokeMethod.java:17)
	at org.junit.runners.ParentRunner.runLeaf(ParentRunner.java:325)
	at org.junit.runners.BlockJUnit4ClassRunner.runChild(BlockJUnit4ClassRunner.java:78)
	at org.junit.runners.BlockJUnit4ClassRunner.runChild(BlockJUnit4ClassRunner.java:57)
	at org.junit.runners.ParentRunner$3.run(ParentRunner.java:290)
	at org.junit.runners.ParentRunner$1.schedule(ParentRunner.java:71)
	at org.junit.runners.ParentRunner.runChildren(ParentRunner.java:288)
	at org.junit.runners.ParentRunner.access$000(ParentRunner.java:58)
	at org.junit.runners.ParentRunner$2.evaluate(ParentRunner.java:268)
	at org.junit.runners.ParentRunner.run(ParentRunner.java:363)
	at org.gradle.api.internal.tasks.testing.junit.JUnitTestClassExecutor.runTestClass(JUnitTestClassExecutor.java:110)
	at org.gradle.api.internal.tasks.testing.junit.JUnitTestClassExecutor.execute(JUnitTestClassExecutor.java:58)
	at org.gradle.api.internal.tasks.testing.junit.JUnitTestClassExecutor.execute(JUnitTestClassExecutor.java:38)
	at org.gradle.api.internal.tasks.testing.junit.AbstractJUnitTestClassProcessor.processTestClass(AbstractJUnitTestClassProcessor.java:62)
	at org.gradle.api.internal.tasks.testing.SuiteTestClassProcessor.processTestClass(SuiteTestClassProcessor.java:51)
	at java.base/jdk.internal.reflect.NativeMethodAccessorImpl.invoke0(Native Method)
	at java.base/jdk.internal.reflect.NativeMethodAccessorImpl.invoke(NativeMethodAccessorImpl.java:62)
	at java.base/jdk.internal.reflect.DelegatingMethodAccessorImpl.invoke(DelegatingMethodAccessorImpl.java:43)
	at java.base/java.lang.reflect.Method.invoke(Method.java:566)
	at org.gradle.internal.dispatch.ReflectionDispatch.dispatch(ReflectionDispatch.java:36)
	at org.gradle.internal.dispatch.ReflectionDispatch.dispatch(ReflectionDispatch.java:24)
	at org.gradle.internal.dispatch.ContextClassLoaderDispatch.dispatch(ContextClassLoaderDispatch.java:33)
	at org.gradle.internal.dispatch.ProxyDispatchAdapter$DispatchingInvocationHandler.invoke(ProxyDispatchAdapter.java:94)
	at com.sun.proxy.$Proxy2.processTestClass(Unknown Source)
	at org.gradle.api.internal.tasks.testing.worker.TestWorker$2.run(TestWorker.java:176)
	at org.gradle.api.internal.tasks.testing.worker.TestWorker.executeAndMaintainThreadName(TestWorker.java:129)
	at org.gradle.api.internal.tasks.testing.worker.TestWorker.execute(TestWorker.java:100)
	at org.gradle.api.internal.tasks.testing.worker.TestWorker.execute(TestWorker.java:60)
	at org.gradle.process.internal.worker.child.ActionExecutionWorker.execute(ActionExecutionWorker.java:56)
	at org.gradle.process.internal.worker.child.SystemApplicationClassLoaderWorker.call(SystemApplicationClassLoaderWorker.java:133)
	at org.gradle.process.internal.worker.child.SystemApplicationClassLoaderWorker.call(SystemApplicationClassLoaderWorker.java:71)
	at worker.org.gradle.process.internal.worker.GradleWorkerMain.run(GradleWorkerMain.java:69)
	at worker.org.gradle.process.internal.worker.GradleWorkerMain.main(GradleWorkerMain.java:74)
[Test worker] INFO io.opencui.core.DialogManager - session state after turn 18 : {"schedulers_count":1,"main":{"state":"POST_ASK","fillers":[{"filler_type":"AnnotatedWrapperFiller","attribute":"PreDiagnosis"},{"filler_type":"FrameFiller","attribute":"PreDiagnosis"},{"filler_type":"AnnotatedWrapperFiller","attribute":"symptoms"},{"filler_type":"MultiValueFiller","attribute":"symptoms"},{"filler_type":"AnnotatedWrapperFiller","attribute":"symptoms._hast"},{"filler_type":"FrameFiller","attribute":"symptoms._hast"},{"filler_type":"AnnotatedWrapperFiller","attribute":"status"},{"filler_type":"InterfaceFiller","attribute":"status"},{"filler_type":"AnnotatedWrapperFiller","attribute":"status._realtype"},{"filler_type":"RealtypeFiller","attribute":"status._realtype"}]}}
[Test worker] INFO io.opencui.core.DialogManager - session state before turn 19 : {"schedulers_count":1,"main":{"state":"POST_ASK","fillers":[{"filler_type":"AnnotatedWrapperFiller","attribute":"PreDiagnosis"},{"filler_type":"FrameFiller","attribute":"PreDiagnosis"},{"filler_type":"AnnotatedWrapperFiller","attribute":"symptoms"},{"filler_type":"MultiValueFiller","attribute":"symptoms"},{"filler_type":"AnnotatedWrapperFiller","attribute":"symptoms._hast"},{"filler_type":"FrameFiller","attribute":"symptoms._hast"},{"filler_type":"AnnotatedWrapperFiller","attribute":"status"},{"filler_type":"InterfaceFiller","attribute":"status"},{"filler_type":"AnnotatedWrapperFiller","attribute":"status._realtype"},{"filler_type":"RealtypeFiller","attribute":"status._realtype"}]}}
java.lang.ClassNotFoundException: io.opencui.test.person
	at java.base/java.net.URLClassLoader.findClass(URLClassLoader.java:476)
	at java.base/java.lang.ClassLoader.loadClass(ClassLoader.java:589)
	at java.base/java.lang.ClassLoader.loadClass(ClassLoader.java:522)
	at java.base/java.lang.Class.forName0(Native Method)
	at java.base/java.lang.Class.forName(Class.java:398)
	at io.opencui.core.UserSession.construct(UserSession.kt:627)
	at io.opencui.core.BaseKt$createFrameGenerator$1.invoke(base.kt:38)
	at io.opencui.core.BaseKt$createFrameGenerator$1.invoke(base.kt:33)
	at io.opencui.core.InterfaceFiller$askFiller$2$entityFiller$2.invoke(filler.kt:933)
	at io.opencui.core.InterfaceFiller$askFiller$2$entityFiller$2.invoke(filler.kt:933)
	at io.opencui.core.RealtypeFiller.isCompatible(filler.kt:401)
	at io.opencui.core.UserSession.kernelStep(UserSession.kt:249)
	at io.opencui.core.UserSession.userStep(UserSession.kt:204)
	at io.opencui.core.DialogManager.response(execution.kt:99)
	at io.opencui.core.RuntimeTest.process(RuntimeTest.kt:1687)
	at io.opencui.core.RuntimeTest.testBasics(RuntimeTest.kt:250)
	at java.base/jdk.internal.reflect.NativeMethodAccessorImpl.invoke0(Native Method)
	at java.base/jdk.internal.reflect.NativeMethodAccessorImpl.invoke(NativeMethodAccessorImpl.java:62)
	at java.base/jdk.internal.reflect.DelegatingMethodAccessorImpl.invoke(DelegatingMethodAccessorImpl.java:43)
	at java.base/java.lang.reflect.Method.invoke(Method.java:566)
	at org.junit.runners.model.FrameworkMethod$1.runReflectiveCall(FrameworkMethod.java:50)
	at org.junit.internal.runners.model.ReflectiveCallable.run(ReflectiveCallable.java:12)
	at org.junit.runners.model.FrameworkMethod.invokeExplosively(FrameworkMethod.java:47)
	at org.junit.internal.runners.statements.InvokeMethod.evaluate(InvokeMethod.java:17)
	at org.junit.runners.ParentRunner.runLeaf(ParentRunner.java:325)
	at org.junit.runners.BlockJUnit4ClassRunner.runChild(BlockJUnit4ClassRunner.java:78)
	at org.junit.runners.BlockJUnit4ClassRunner.runChild(BlockJUnit4ClassRunner.java:57)
	at org.junit.runners.ParentRunner$3.run(ParentRunner.java:290)
	at org.junit.runners.ParentRunner$1.schedule(ParentRunner.java:71)
	at org.junit.runners.ParentRunner.runChildren(ParentRunner.java:288)
	at org.junit.runners.ParentRunner.access$000(ParentRunner.java:58)
	at org.junit.runners.ParentRunner$2.evaluate(ParentRunner.java:268)
	at org.junit.runners.ParentRunner.run(ParentRunner.java:363)
	at org.gradle.api.internal.tasks.testing.junit.JUnitTestClassExecutor.runTestClass(JUnitTestClassExecutor.java:110)
	at org.gradle.api.internal.tasks.testing.junit.JUnitTestClassExecutor.execute(JUnitTestClassExecutor.java:58)
	at org.gradle.api.internal.tasks.testing.junit.JUnitTestClassExecutor.execute(JUnitTestClassExecutor.java:38)
	at org.gradle.api.internal.tasks.testing.junit.AbstractJUnitTestClassProcessor.processTestClass(AbstractJUnitTestClassProcessor.java:62)
	at org.gradle.api.internal.tasks.testing.SuiteTestClassProcessor.processTestClass(SuiteTestClassProcessor.java:51)
	at java.base/jdk.internal.reflect.NativeMethodAccessorImpl.invoke0(Native Method)
	at java.base/jdk.internal.reflect.NativeMethodAccessorImpl.invoke(NativeMethodAccessorImpl.java:62)
	at java.base/jdk.internal.reflect.DelegatingMethodAccessorImpl.invoke(DelegatingMethodAccessorImpl.java:43)
	at java.base/java.lang.reflect.Method.invoke(Method.java:566)
	at org.gradle.internal.dispatch.ReflectionDispatch.dispatch(ReflectionDispatch.java:36)
	at org.gradle.internal.dispatch.ReflectionDispatch.dispatch(ReflectionDispatch.java:24)
	at org.gradle.internal.dispatch.ContextClassLoaderDispatch.dispatch(ContextClassLoaderDispatch.java:33)
	at org.gradle.internal.dispatch.ProxyDispatchAdapter$DispatchingInvocationHandler.invoke(ProxyDispatchAdapter.java:94)
	at com.sun.proxy.$Proxy2.processTestClass(Unknown Source)
	at org.gradle.api.internal.tasks.testing.worker.TestWorker$2.run(TestWorker.java:176)
	at org.gradle.api.internal.tasks.testing.worker.TestWorker.executeAndMaintainThreadName(TestWorker.java:129)
	at org.gradle.api.internal.tasks.testing.worker.TestWorker.execute(TestWorker.java:100)
	at org.gradle.api.internal.tasks.testing.worker.TestWorker.execute(TestWorker.java:60)
	at org.gradle.process.internal.worker.child.ActionExecutionWorker.execute(ActionExecutionWorker.java:56)
	at org.gradle.process.internal.worker.child.SystemApplicationClassLoaderWorker.call(SystemApplicationClassLoaderWorker.java:133)
	at org.gradle.process.internal.worker.child.SystemApplicationClassLoaderWorker.call(SystemApplicationClassLoaderWorker.java:71)
	at worker.org.gradle.process.internal.worker.GradleWorkerMain.run(GradleWorkerMain.java:69)
	at worker.org.gradle.process.internal.worker.GradleWorkerMain.main(GradleWorkerMain.java:74)
java.lang.ClassNotFoundException: io.opencui.test.fever
	at java.base/java.net.URLClassLoader.findClass(URLClassLoader.java:476)
	at java.base/java.lang.ClassLoader.loadClass(ClassLoader.java:589)
	at java.base/java.lang.ClassLoader.loadClass(ClassLoader.java:522)
	at java.base/java.lang.Class.forName0(Native Method)
	at java.base/java.lang.Class.forName(Class.java:398)
	at io.opencui.core.UserSession.construct(UserSession.kt:627)
	at io.opencui.core.BaseKt$createFrameGenerator$1.invoke(base.kt:38)
	at io.opencui.core.BaseKt$createFrameGenerator$1.invoke(base.kt:33)
	at io.opencui.core.InterfaceFiller$askFiller$2$entityFiller$2.invoke(filler.kt:933)
	at io.opencui.core.InterfaceFiller$askFiller$2$entityFiller$2.invoke(filler.kt:933)
	at io.opencui.core.RealtypeFiller.isCompatible(filler.kt:401)
	at io.opencui.core.UserSession.kernelStep(UserSession.kt:249)
	at io.opencui.core.UserSession.userStep(UserSession.kt:204)
	at io.opencui.core.DialogManager.response(execution.kt:99)
	at io.opencui.core.RuntimeTest.process(RuntimeTest.kt:1687)
	at io.opencui.core.RuntimeTest.testBasics(RuntimeTest.kt:250)
	at java.base/jdk.internal.reflect.NativeMethodAccessorImpl.invoke0(Native Method)
	at java.base/jdk.internal.reflect.NativeMethodAccessorImpl.invoke(NativeMethodAccessorImpl.java:62)
	at java.base/jdk.internal.reflect.DelegatingMethodAccessorImpl.invoke(DelegatingMethodAccessorImpl.java:43)
	at java.base/java.lang.reflect.Method.invoke(Method.java:566)
	at org.junit.runners.model.FrameworkMethod$1.runReflectiveCall(FrameworkMethod.java:50)
	at org.junit.internal.runners.model.ReflectiveCallable.run(ReflectiveCallable.java:12)
	at org.junit.runners.model.FrameworkMethod.invokeExplosively(FrameworkMethod.java:47)
	at org.junit.internal.runners.statements.InvokeMethod.evaluate(InvokeMethod.java:17)
	at org.junit.runners.ParentRunner.runLeaf(ParentRunner.java:325)
	at org.junit.runners.BlockJUnit4ClassRunner.runChild(BlockJUnit4ClassRunner.java:78)
	at org.junit.runners.BlockJUnit4ClassRunner.runChild(BlockJUnit4ClassRunner.java:57)
	at org.junit.runners.ParentRunner$3.run(ParentRunner.java:290)
	at org.junit.runners.ParentRunner$1.schedule(ParentRunner.java:71)
	at org.junit.runners.ParentRunner.runChildren(ParentRunner.java:288)
	at org.junit.runners.ParentRunner.access$000(ParentRunner.java:58)
	at org.junit.runners.ParentRunner$2.evaluate(ParentRunner.java:268)
	at org.junit.runners.ParentRunner.run(ParentRunner.java:363)
	at org.gradle.api.internal.tasks.testing.junit.JUnitTestClassExecutor.runTestClass(JUnitTestClassExecutor.java:110)
	at org.gradle.api.internal.tasks.testing.junit.JUnitTestClassExecutor.execute(JUnitTestClassExecutor.java:58)
	at org.gradle.api.internal.tasks.testing.junit.JUnitTestClassExecutor.execute(JUnitTestClassExecutor.java:38)
	at org.gradle.api.internal.tasks.testing.junit.AbstractJUnitTestClassProcessor.processTestClass(AbstractJUnitTestClassProcessor.java:62)
	at org.gradle.api.internal.tasks.testing.SuiteTestClassProcessor.processTestClass(SuiteTestClassProcessor.java:51)
	at java.base/jdk.internal.reflect.NativeMethodAccessorImpl.invoke0(Native Method)
	at java.base/jdk.internal.reflect.NativeMethodAccessorImpl.invoke(NativeMethodAccessorImpl.java:62)
	at java.base/jdk.internal.reflect.DelegatingMethodAccessorImpl.invoke(DelegatingMethodAccessorImpl.java:43)
	at java.base/java.lang.reflect.Method.invoke(Method.java:566)
	at org.gradle.internal.dispatch.ReflectionDispatch.dispatch(ReflectionDispatch.java:36)
	at org.gradle.internal.dispatch.ReflectionDispatch.dispatch(ReflectionDispatch.java:24)
	at org.gradle.internal.dispatch.ContextClassLoaderDispatch.dispatch(ContextClassLoaderDispatch.java:33)
	at org.gradle.internal.dispatch.ProxyDispatchAdapter$DispatchingInvocationHandler.invoke(ProxyDispatchAdapter.java:94)
	at com.sun.proxy.$Proxy2.processTestClass(Unknown Source)
	at org.gradle.api.internal.tasks.testing.worker.TestWorker$2.run(TestWorker.java:176)
	at org.gradle.api.internal.tasks.testing.worker.TestWorker.executeAndMaintainThreadName(TestWorker.java:129)
	at org.gradle.api.internal.tasks.testing.worker.TestWorker.execute(TestWorker.java:100)
	at org.gradle.api.internal.tasks.testing.worker.TestWorker.execute(TestWorker.java:60)
	at org.gradle.process.internal.worker.child.ActionExecutionWorker.execute(ActionExecutionWorker.java:56)
	at org.gradle.process.internal.worker.child.SystemApplicationClassLoaderWorker.call(SystemApplicationClassLoaderWorker.java:133)
	at org.gradle.process.internal.worker.child.SystemApplicationClassLoaderWorker.call(SystemApplicationClassLoaderWorker.java:71)
	at worker.org.gradle.process.internal.worker.GradleWorkerMain.run(GradleWorkerMain.java:69)
	at worker.org.gradle.process.internal.worker.GradleWorkerMain.main(GradleWorkerMain.java:74)
java.lang.ClassNotFoundException: io.opencui.test.person
	at java.base/java.net.URLClassLoader.findClass(URLClassLoader.java:476)
	at java.base/java.lang.ClassLoader.loadClass(ClassLoader.java:589)
	at java.base/java.lang.ClassLoader.loadClass(ClassLoader.java:522)
	at java.base/java.lang.Class.forName0(Native Method)
	at java.base/java.lang.Class.forName(Class.java:398)
	at io.opencui.core.UserSession.construct(UserSession.kt:627)
	at io.opencui.core.BaseKt$createFrameGenerator$1.invoke(base.kt:38)
	at io.opencui.core.BaseKt$createFrameGenerator$1.invoke(base.kt:33)
	at io.opencui.core.InterfaceFiller$askFiller$2$entityFiller$2.invoke(filler.kt:933)
	at io.opencui.core.InterfaceFiller$askFiller$2$entityFiller$2.invoke(filler.kt:933)
	at io.opencui.core.RealtypeFiller.isCompatible(filler.kt:401)
	at io.opencui.core.AnnotatedWrapperFiller.isCompatible(filler.kt:793)
	at io.opencui.core.InterfaceFiller.isCompatible(filler.kt:923)
	at io.opencui.core.MultiValueFiller.isCompatible(filler.kt:1046)
	at io.opencui.core.AnnotatedWrapperFiller.grow(filler.kt:668)
	at io.opencui.core.Scheduler.grow(UserSession.kt:61)
	at io.opencui.core.RescheduleAction.run(action.kt:481)
	at io.opencui.core.RefocusAction.run(action.kt:299)
	at io.opencui.core.DialogManager.response(execution.kt:108)
	at io.opencui.core.RuntimeTest.process(RuntimeTest.kt:1687)
	at io.opencui.core.RuntimeTest.testBasics(RuntimeTest.kt:250)
	at java.base/jdk.internal.reflect.NativeMethodAccessorImpl.invoke0(Native Method)
	at java.base/jdk.internal.reflect.NativeMethodAccessorImpl.invoke(NativeMethodAccessorImpl.java:62)
	at java.base/jdk.internal.reflect.DelegatingMethodAccessorImpl.invoke(DelegatingMethodAccessorImpl.java:43)
	at java.base/java.lang.reflect.Method.invoke(Method.java:566)
	at org.junit.runners.model.FrameworkMethod$1.runReflectiveCall(FrameworkMethod.java:50)
	at org.junit.internal.runners.model.ReflectiveCallable.run(ReflectiveCallable.java:12)
	at org.junit.runners.model.FrameworkMethod.invokeExplosively(FrameworkMethod.java:47)
	at org.junit.internal.runners.statements.InvokeMethod.evaluate(InvokeMethod.java:17)
	at org.junit.runners.ParentRunner.runLeaf(ParentRunner.java:325)
	at org.junit.runners.BlockJUnit4ClassRunner.runChild(BlockJUnit4ClassRunner.java:78)
	at org.junit.runners.BlockJUnit4ClassRunner.runChild(BlockJUnit4ClassRunner.java:57)
	at org.junit.runners.ParentRunner$3.run(ParentRunner.java:290)
	at org.junit.runners.ParentRunner$1.schedule(ParentRunner.java:71)
	at org.junit.runners.ParentRunner.runChildren(ParentRunner.java:288)
	at org.junit.runners.ParentRunner.access$000(ParentRunner.java:58)
	at org.junit.runners.ParentRunner$2.evaluate(ParentRunner.java:268)
	at org.junit.runners.ParentRunner.run(ParentRunner.java:363)
	at org.gradle.api.internal.tasks.testing.junit.JUnitTestClassExecutor.runTestClass(JUnitTestClassExecutor.java:110)
	at org.gradle.api.internal.tasks.testing.junit.JUnitTestClassExecutor.execute(JUnitTestClassExecutor.java:58)
	at org.gradle.api.internal.tasks.testing.junit.JUnitTestClassExecutor.execute(JUnitTestClassExecutor.java:38)
	at org.gradle.api.internal.tasks.testing.junit.AbstractJUnitTestClassProcessor.processTestClass(AbstractJUnitTestClassProcessor.java:62)
	at org.gradle.api.internal.tasks.testing.SuiteTestClassProcessor.processTestClass(SuiteTestClassProcessor.java:51)
	at java.base/jdk.internal.reflect.NativeMethodAccessorImpl.invoke0(Native Method)
	at java.base/jdk.internal.reflect.NativeMethodAccessorImpl.invoke(NativeMethodAccessorImpl.java:62)
	at java.base/jdk.internal.reflect.DelegatingMethodAccessorImpl.invoke(DelegatingMethodAccessorImpl.java:43)
	at java.base/java.lang.reflect.Method.invoke(Method.java:566)
	at org.gradle.internal.dispatch.ReflectionDispatch.dispatch(ReflectionDispatch.java:36)
	at org.gradle.internal.dispatch.ReflectionDispatch.dispatch(ReflectionDispatch.java:24)
	at org.gradle.internal.dispatch.ContextClassLoaderDispatch.dispatch(ContextClassLoaderDispatch.java:33)
	at org.gradle.internal.dispatch.ProxyDispatchAdapter$DispatchingInvocationHandler.invoke(ProxyDispatchAdapter.java:94)
	at com.sun.proxy.$Proxy2.processTestClass(Unknown Source)
	at org.gradle.api.internal.tasks.testing.worker.TestWorker$2.run(TestWorker.java:176)
	at org.gradle.api.internal.tasks.testing.worker.TestWorker.executeAndMaintainThreadName(TestWorker.java:129)
	at org.gradle.api.internal.tasks.testing.worker.TestWorker.execute(TestWorker.java:100)
	at org.gradle.api.internal.tasks.testing.worker.TestWorker.execute(TestWorker.java:60)
	at org.gradle.process.internal.worker.child.ActionExecutionWorker.execute(ActionExecutionWorker.java:56)
	at org.gradle.process.internal.worker.child.SystemApplicationClassLoaderWorker.call(SystemApplicationClassLoaderWorker.java:133)
	at org.gradle.process.internal.worker.child.SystemApplicationClassLoaderWorker.call(SystemApplicationClassLoaderWorker.java:71)
	at worker.org.gradle.process.internal.worker.GradleWorkerMain.run(GradleWorkerMain.java:69)
	at worker.org.gradle.process.internal.worker.GradleWorkerMain.main(GradleWorkerMain.java:74)
java.lang.ClassNotFoundException: io.opencui.test.fever
	at java.base/java.net.URLClassLoader.findClass(URLClassLoader.java:476)
	at java.base/java.lang.ClassLoader.loadClass(ClassLoader.java:589)
	at java.base/java.lang.ClassLoader.loadClass(ClassLoader.java:522)
	at java.base/java.lang.Class.forName0(Native Method)
	at java.base/java.lang.Class.forName(Class.java:398)
	at io.opencui.core.UserSession.construct(UserSession.kt:627)
	at io.opencui.core.BaseKt$createFrameGenerator$1.invoke(base.kt:38)
	at io.opencui.core.BaseKt$createFrameGenerator$1.invoke(base.kt:33)
	at io.opencui.core.InterfaceFiller$askFiller$2$entityFiller$2.invoke(filler.kt:933)
	at io.opencui.core.InterfaceFiller$askFiller$2$entityFiller$2.invoke(filler.kt:933)
	at io.opencui.core.RealtypeFiller.isCompatible(filler.kt:401)
	at io.opencui.core.AnnotatedWrapperFiller.isCompatible(filler.kt:793)
	at io.opencui.core.InterfaceFiller.isCompatible(filler.kt:923)
	at io.opencui.core.MultiValueFiller.isCompatible(filler.kt:1046)
	at io.opencui.core.AnnotatedWrapperFiller.grow(filler.kt:668)
	at io.opencui.core.Scheduler.grow(UserSession.kt:61)
	at io.opencui.core.RescheduleAction.run(action.kt:481)
	at io.opencui.core.RefocusAction.run(action.kt:299)
	at io.opencui.core.DialogManager.response(execution.kt:108)
	at io.opencui.core.RuntimeTest.process(RuntimeTest.kt:1687)
	at io.opencui.core.RuntimeTest.testBasics(RuntimeTest.kt:250)
	at java.base/jdk.internal.reflect.NativeMethodAccessorImpl.invoke0(Native Method)
	at java.base/jdk.internal.reflect.NativeMethodAccessorImpl.invoke(NativeMethodAccessorImpl.java:62)
	at java.base/jdk.internal.reflect.DelegatingMethodAccessorImpl.invoke(DelegatingMethodAccessorImpl.java:43)
	at java.base/java.lang.reflect.Method.invoke(Method.java:566)
	at org.junit.runners.model.FrameworkMethod$1.runReflectiveCall(FrameworkMethod.java:50)
	at org.junit.internal.runners.model.ReflectiveCallable.run(ReflectiveCallable.java:12)
	at org.junit.runners.model.FrameworkMethod.invokeExplosively(FrameworkMethod.java:47)
	at org.junit.internal.runners.statements.InvokeMethod.evaluate(InvokeMethod.java:17)
	at org.junit.runners.ParentRunner.runLeaf(ParentRunner.java:325)
	at org.junit.runners.BlockJUnit4ClassRunner.runChild(BlockJUnit4ClassRunner.java:78)
	at org.junit.runners.BlockJUnit4ClassRunner.runChild(BlockJUnit4ClassRunner.java:57)
	at org.junit.runners.ParentRunner$3.run(ParentRunner.java:290)
	at org.junit.runners.ParentRunner$1.schedule(ParentRunner.java:71)
	at org.junit.runners.ParentRunner.runChildren(ParentRunner.java:288)
	at org.junit.runners.ParentRunner.access$000(ParentRunner.java:58)
	at org.junit.runners.ParentRunner$2.evaluate(ParentRunner.java:268)
	at org.junit.runners.ParentRunner.run(ParentRunner.java:363)
	at org.gradle.api.internal.tasks.testing.junit.JUnitTestClassExecutor.runTestClass(JUnitTestClassExecutor.java:110)
	at org.gradle.api.internal.tasks.testing.junit.JUnitTestClassExecutor.execute(JUnitTestClassExecutor.java:58)
	at org.gradle.api.internal.tasks.testing.junit.JUnitTestClassExecutor.execute(JUnitTestClassExecutor.java:38)
	at org.gradle.api.internal.tasks.testing.junit.AbstractJUnitTestClassProcessor.processTestClass(AbstractJUnitTestClassProcessor.java:62)
	at org.gradle.api.internal.tasks.testing.SuiteTestClassProcessor.processTestClass(SuiteTestClassProcessor.java:51)
	at java.base/jdk.internal.reflect.NativeMethodAccessorImpl.invoke0(Native Method)
	at java.base/jdk.internal.reflect.NativeMethodAccessorImpl.invoke(NativeMethodAccessorImpl.java:62)
	at java.base/jdk.internal.reflect.DelegatingMethodAccessorImpl.invoke(DelegatingMethodAccessorImpl.java:43)
	at java.base/java.lang.reflect.Method.invoke(Method.java:566)
	at org.gradle.internal.dispatch.ReflectionDispatch.dispatch(ReflectionDispatch.java:36)
	at org.gradle.internal.dispatch.ReflectionDispatch.dispatch(ReflectionDispatch.java:24)
	at org.gradle.internal.dispatch.ContextClassLoaderDispatch.dispatch(ContextClassLoaderDispatch.java:33)
	at org.gradle.internal.dispatch.ProxyDispatchAdapter$DispatchingInvocationHandler.invoke(ProxyDispatchAdapter.java:94)
	at com.sun.proxy.$Proxy2.processTestClass(Unknown Source)
	at org.gradle.api.internal.tasks.testing.worker.TestWorker$2.run(TestWorker.java:176)
	at org.gradle.api.internal.tasks.testing.worker.TestWorker.executeAndMaintainThreadName(TestWorker.java:129)
	at org.gradle.api.internal.tasks.testing.worker.TestWorker.execute(TestWorker.java:100)
	at org.gradle.api.internal.tasks.testing.worker.TestWorker.execute(TestWorker.java:60)
	at org.gradle.process.internal.worker.child.ActionExecutionWorker.execute(ActionExecutionWorker.java:56)
	at org.gradle.process.internal.worker.child.SystemApplicationClassLoaderWorker.call(SystemApplicationClassLoaderWorker.java:133)
	at org.gradle.process.internal.worker.child.SystemApplicationClassLoaderWorker.call(SystemApplicationClassLoaderWorker.java:71)
	at worker.org.gradle.process.internal.worker.GradleWorkerMain.run(GradleWorkerMain.java:69)
	at worker.org.gradle.process.internal.worker.GradleWorkerMain.main(GradleWorkerMain.java:74)
java.lang.ClassNotFoundException: io.opencui.test.person
	at java.base/java.net.URLClassLoader.findClass(URLClassLoader.java:476)
	at java.base/java.lang.ClassLoader.loadClass(ClassLoader.java:589)
	at java.base/java.lang.ClassLoader.loadClass(ClassLoader.java:522)
	at java.base/java.lang.Class.forName0(Native Method)
	at java.base/java.lang.Class.forName(Class.java:398)
	at io.opencui.core.UserSession.construct(UserSession.kt:627)
	at io.opencui.core.BaseKt$createFrameGenerator$1.invoke(base.kt:38)
	at io.opencui.core.BaseKt$createFrameGenerator$1.invoke(base.kt:33)
	at io.opencui.core.InterfaceFiller$askFiller$2$entityFiller$2.invoke(filler.kt:933)
	at io.opencui.core.InterfaceFiller$askFiller$2$entityFiller$2.invoke(filler.kt:933)
	at io.opencui.core.RealtypeFiller.isCompatible(filler.kt:401)
	at io.opencui.core.AnnotatedWrapperFiller.isCompatible(filler.kt:793)
	at io.opencui.core.InterfaceFiller.isCompatible(filler.kt:923)
	at io.opencui.core.AnnotatedWrapperFiller.grow(filler.kt:668)
	at io.opencui.core.Scheduler.grow(UserSession.kt:61)
	at io.opencui.core.RescheduleAction.run(action.kt:481)
	at io.opencui.core.RefocusAction.run(action.kt:299)
	at io.opencui.core.DialogManager.response(execution.kt:108)
	at io.opencui.core.RuntimeTest.process(RuntimeTest.kt:1687)
	at io.opencui.core.RuntimeTest.testBasics(RuntimeTest.kt:250)
	at java.base/jdk.internal.reflect.NativeMethodAccessorImpl.invoke0(Native Method)
	at java.base/jdk.internal.reflect.NativeMethodAccessorImpl.invoke(NativeMethodAccessorImpl.java:62)
	at java.base/jdk.internal.reflect.DelegatingMethodAccessorImpl.invoke(DelegatingMethodAccessorImpl.java:43)
	at java.base/java.lang.reflect.Method.invoke(Method.java:566)
	at org.junit.runners.model.FrameworkMethod$1.runReflectiveCall(FrameworkMethod.java:50)
	at org.junit.internal.runners.model.ReflectiveCallable.run(ReflectiveCallable.java:12)
	at org.junit.runners.model.FrameworkMethod.invokeExplosively(FrameworkMethod.java:47)
	at org.junit.internal.runners.statements.InvokeMethod.evaluate(InvokeMethod.java:17)
	at org.junit.runners.ParentRunner.runLeaf(ParentRunner.java:325)
	at org.junit.runners.BlockJUnit4ClassRunner.runChild(BlockJUnit4ClassRunner.java:78)
	at org.junit.runners.BlockJUnit4ClassRunner.runChild(BlockJUnit4ClassRunner.java:57)
	at org.junit.runners.ParentRunner$3.run(ParentRunner.java:290)
	at org.junit.runners.ParentRunner$1.schedule(ParentRunner.java:71)
	at org.junit.runners.ParentRunner.runChildren(ParentRunner.java:288)
	at org.junit.runners.ParentRunner.access$000(ParentRunner.java:58)
	at org.junit.runners.ParentRunner$2.evaluate(ParentRunner.java:268)
	at org.junit.runners.ParentRunner.run(ParentRunner.java:363)
	at org.gradle.api.internal.tasks.testing.junit.JUnitTestClassExecutor.runTestClass(JUnitTestClassExecutor.java:110)
	at org.gradle.api.internal.tasks.testing.junit.JUnitTestClassExecutor.execute(JUnitTestClassExecutor.java:58)
	at org.gradle.api.internal.tasks.testing.junit.JUnitTestClassExecutor.execute(JUnitTestClassExecutor.java:38)
	at org.gradle.api.internal.tasks.testing.junit.AbstractJUnitTestClassProcessor.processTestClass(AbstractJUnitTestClassProcessor.java:62)
	at org.gradle.api.internal.tasks.testing.SuiteTestClassProcessor.processTestClass(SuiteTestClassProcessor.java:51)
	at java.base/jdk.internal.reflect.NativeMethodAccessorImpl.invoke0(Native Method)
	at java.base/jdk.internal.reflect.NativeMethodAccessorImpl.invoke(NativeMethodAccessorImpl.java:62)
	at java.base/jdk.internal.reflect.DelegatingMethodAccessorImpl.invoke(DelegatingMethodAccessorImpl.java:43)
	at java.base/java.lang.reflect.Method.invoke(Method.java:566)
	at org.gradle.internal.dispatch.ReflectionDispatch.dispatch(ReflectionDispatch.java:36)
	at org.gradle.internal.dispatch.ReflectionDispatch.dispatch(ReflectionDispatch.java:24)
	at org.gradle.internal.dispatch.ContextClassLoaderDispatch.dispatch(ContextClassLoaderDispatch.java:33)
	at org.gradle.internal.dispatch.ProxyDispatchAdapter$DispatchingInvocationHandler.invoke(ProxyDispatchAdapter.java:94)
	at com.sun.proxy.$Proxy2.processTestClass(Unknown Source)
	at org.gradle.api.internal.tasks.testing.worker.TestWorker$2.run(TestWorker.java:176)
	at org.gradle.api.internal.tasks.testing.worker.TestWorker.executeAndMaintainThreadName(TestWorker.java:129)
	at org.gradle.api.internal.tasks.testing.worker.TestWorker.execute(TestWorker.java:100)
	at org.gradle.api.internal.tasks.testing.worker.TestWorker.execute(TestWorker.java:60)
	at org.gradle.process.internal.worker.child.ActionExecutionWorker.execute(ActionExecutionWorker.java:56)
	at org.gradle.process.internal.worker.child.SystemApplicationClassLoaderWorker.call(SystemApplicationClassLoaderWorker.java:133)
	at org.gradle.process.internal.worker.child.SystemApplicationClassLoaderWorker.call(SystemApplicationClassLoaderWorker.java:71)
	at worker.org.gradle.process.internal.worker.GradleWorkerMain.run(GradleWorkerMain.java:69)
	at worker.org.gradle.process.internal.worker.GradleWorkerMain.main(GradleWorkerMain.java:74)
java.lang.ClassNotFoundException: io.opencui.test.fever
	at java.base/java.net.URLClassLoader.findClass(URLClassLoader.java:476)
	at java.base/java.lang.ClassLoader.loadClass(ClassLoader.java:589)
	at java.base/java.lang.ClassLoader.loadClass(ClassLoader.java:522)
	at java.base/java.lang.Class.forName0(Native Method)
	at java.base/java.lang.Class.forName(Class.java:398)
	at io.opencui.core.UserSession.construct(UserSession.kt:627)
	at io.opencui.core.BaseKt$createFrameGenerator$1.invoke(base.kt:38)
	at io.opencui.core.BaseKt$createFrameGenerator$1.invoke(base.kt:33)
	at io.opencui.core.InterfaceFiller$askFiller$2$entityFiller$2.invoke(filler.kt:933)
	at io.opencui.core.InterfaceFiller$askFiller$2$entityFiller$2.invoke(filler.kt:933)
	at io.opencui.core.RealtypeFiller.isCompatible(filler.kt:401)
	at io.opencui.core.AnnotatedWrapperFiller.isCompatible(filler.kt:793)
	at io.opencui.core.InterfaceFiller.isCompatible(filler.kt:923)
	at io.opencui.core.AnnotatedWrapperFiller.grow(filler.kt:668)
	at io.opencui.core.Scheduler.grow(UserSession.kt:61)
	at io.opencui.core.RescheduleAction.run(action.kt:481)
	at io.opencui.core.RefocusAction.run(action.kt:299)
	at io.opencui.core.DialogManager.response(execution.kt:108)
	at io.opencui.core.RuntimeTest.process(RuntimeTest.kt:1687)
	at io.opencui.core.RuntimeTest.testBasics(RuntimeTest.kt:250)
	at java.base/jdk.internal.reflect.NativeMethodAccessorImpl.invoke0(Native Method)
	at java.base/jdk.internal.reflect.NativeMethodAccessorImpl.invoke(NativeMethodAccessorImpl.java:62)
	at java.base/jdk.internal.reflect.DelegatingMethodAccessorImpl.invoke(DelegatingMethodAccessorImpl.java:43)
	at java.base/java.lang.reflect.Method.invoke(Method.java:566)
	at org.junit.runners.model.FrameworkMethod$1.runReflectiveCall(FrameworkMethod.java:50)
	at org.junit.internal.runners.model.ReflectiveCallable.run(ReflectiveCallable.java:12)
	at org.junit.runners.model.FrameworkMethod.invokeExplosively(FrameworkMethod.java:47)
	at org.junit.internal.runners.statements.InvokeMethod.evaluate(InvokeMethod.java:17)
	at org.junit.runners.ParentRunner.runLeaf(ParentRunner.java:325)
	at org.junit.runners.BlockJUnit4ClassRunner.runChild(BlockJUnit4ClassRunner.java:78)
	at org.junit.runners.BlockJUnit4ClassRunner.runChild(BlockJUnit4ClassRunner.java:57)
	at org.junit.runners.ParentRunner$3.run(ParentRunner.java:290)
	at org.junit.runners.ParentRunner$1.schedule(ParentRunner.java:71)
	at org.junit.runners.ParentRunner.runChildren(ParentRunner.java:288)
	at org.junit.runners.ParentRunner.access$000(ParentRunner.java:58)
	at org.junit.runners.ParentRunner$2.evaluate(ParentRunner.java:268)
	at org.junit.runners.ParentRunner.run(ParentRunner.java:363)
	at org.gradle.api.internal.tasks.testing.junit.JUnitTestClassExecutor.runTestClass(JUnitTestClassExecutor.java:110)
	at org.gradle.api.internal.tasks.testing.junit.JUnitTestClassExecutor.execute(JUnitTestClassExecutor.java:58)
	at org.gradle.api.internal.tasks.testing.junit.JUnitTestClassExecutor.execute(JUnitTestClassExecutor.java:38)
	at org.gradle.api.internal.tasks.testing.junit.AbstractJUnitTestClassProcessor.processTestClass(AbstractJUnitTestClassProcessor.java:62)
	at org.gradle.api.internal.tasks.testing.SuiteTestClassProcessor.processTestClass(SuiteTestClassProcessor.java:51)
	at java.base/jdk.internal.reflect.NativeMethodAccessorImpl.invoke0(Native Method)
	at java.base/jdk.internal.reflect.NativeMethodAccessorImpl.invoke(NativeMethodAccessorImpl.java:62)
	at java.base/jdk.internal.reflect.DelegatingMethodAccessorImpl.invoke(DelegatingMethodAccessorImpl.java:43)
	at java.base/java.lang.reflect.Method.invoke(Method.java:566)
	at org.gradle.internal.dispatch.ReflectionDispatch.dispatch(ReflectionDispatch.java:36)
	at org.gradle.internal.dispatch.ReflectionDispatch.dispatch(ReflectionDispatch.java:24)
	at org.gradle.internal.dispatch.ContextClassLoaderDispatch.dispatch(ContextClassLoaderDispatch.java:33)
	at org.gradle.internal.dispatch.ProxyDispatchAdapter$DispatchingInvocationHandler.invoke(ProxyDispatchAdapter.java:94)
	at com.sun.proxy.$Proxy2.processTestClass(Unknown Source)
	at org.gradle.api.internal.tasks.testing.worker.TestWorker$2.run(TestWorker.java:176)
	at org.gradle.api.internal.tasks.testing.worker.TestWorker.executeAndMaintainThreadName(TestWorker.java:129)
	at org.gradle.api.internal.tasks.testing.worker.TestWorker.execute(TestWorker.java:100)
	at org.gradle.api.internal.tasks.testing.worker.TestWorker.execute(TestWorker.java:60)
	at org.gradle.process.internal.worker.child.ActionExecutionWorker.execute(ActionExecutionWorker.java:56)
	at org.gradle.process.internal.worker.child.SystemApplicationClassLoaderWorker.call(SystemApplicationClassLoaderWorker.java:133)
	at org.gradle.process.internal.worker.child.SystemApplicationClassLoaderWorker.call(SystemApplicationClassLoaderWorker.java:71)
	at worker.org.gradle.process.internal.worker.GradleWorkerMain.run(GradleWorkerMain.java:69)
	at worker.org.gradle.process.internal.worker.GradleWorkerMain.main(GradleWorkerMain.java:74)
java.lang.ClassNotFoundException: io.opencui.test.person
	at java.base/java.net.URLClassLoader.findClass(URLClassLoader.java:476)
	at java.base/java.lang.ClassLoader.loadClass(ClassLoader.java:589)
	at java.base/java.lang.ClassLoader.loadClass(ClassLoader.java:522)
	at java.base/java.lang.Class.forName0(Native Method)
	at java.base/java.lang.Class.forName(Class.java:398)
	at io.opencui.core.UserSession.construct(UserSession.kt:627)
	at io.opencui.core.BaseKt$createFrameGenerator$1.invoke(base.kt:38)
	at io.opencui.core.BaseKt$createFrameGenerator$1.invoke(base.kt:33)
	at io.opencui.core.InterfaceFiller$askFiller$2$entityFiller$2.invoke(filler.kt:933)
	at io.opencui.core.InterfaceFiller$askFiller$2$entityFiller$2.invoke(filler.kt:933)
	at io.opencui.core.RealtypeFiller.isCompatible(filler.kt:401)
	at io.opencui.core.AnnotatedWrapperFiller.grow(filler.kt:668)
	at io.opencui.core.Scheduler.grow(UserSession.kt:61)
	at io.opencui.core.RescheduleAction.run(action.kt:481)
	at io.opencui.core.RefocusAction.run(action.kt:299)
	at io.opencui.core.DialogManager.response(execution.kt:108)
	at io.opencui.core.RuntimeTest.process(RuntimeTest.kt:1687)
	at io.opencui.core.RuntimeTest.testBasics(RuntimeTest.kt:250)
	at java.base/jdk.internal.reflect.NativeMethodAccessorImpl.invoke0(Native Method)
	at java.base/jdk.internal.reflect.NativeMethodAccessorImpl.invoke(NativeMethodAccessorImpl.java:62)
	at java.base/jdk.internal.reflect.DelegatingMethodAccessorImpl.invoke(DelegatingMethodAccessorImpl.java:43)
	at java.base/java.lang.reflect.Method.invoke(Method.java:566)
	at org.junit.runners.model.FrameworkMethod$1.runReflectiveCall(FrameworkMethod.java:50)
	at org.junit.internal.runners.model.ReflectiveCallable.run(ReflectiveCallable.java:12)
	at org.junit.runners.model.FrameworkMethod.invokeExplosively(FrameworkMethod.java:47)
	at org.junit.internal.runners.statements.InvokeMethod.evaluate(InvokeMethod.java:17)
	at org.junit.runners.ParentRunner.runLeaf(ParentRunner.java:325)
	at org.junit.runners.BlockJUnit4ClassRunner.runChild(BlockJUnit4ClassRunner.java:78)
	at org.junit.runners.BlockJUnit4ClassRunner.runChild(BlockJUnit4ClassRunner.java:57)
	at org.junit.runners.ParentRunner$3.run(ParentRunner.java:290)
	at org.junit.runners.ParentRunner$1.schedule(ParentRunner.java:71)
	at org.junit.runners.ParentRunner.runChildren(ParentRunner.java:288)
	at org.junit.runners.ParentRunner.access$000(ParentRunner.java:58)
	at org.junit.runners.ParentRunner$2.evaluate(ParentRunner.java:268)
	at org.junit.runners.ParentRunner.run(ParentRunner.java:363)
	at org.gradle.api.internal.tasks.testing.junit.JUnitTestClassExecutor.runTestClass(JUnitTestClassExecutor.java:110)
	at org.gradle.api.internal.tasks.testing.junit.JUnitTestClassExecutor.execute(JUnitTestClassExecutor.java:58)
	at org.gradle.api.internal.tasks.testing.junit.JUnitTestClassExecutor.execute(JUnitTestClassExecutor.java:38)
	at org.gradle.api.internal.tasks.testing.junit.AbstractJUnitTestClassProcessor.processTestClass(AbstractJUnitTestClassProcessor.java:62)
	at org.gradle.api.internal.tasks.testing.SuiteTestClassProcessor.processTestClass(SuiteTestClassProcessor.java:51)
	at java.base/jdk.internal.reflect.NativeMethodAccessorImpl.invoke0(Native Method)
	at java.base/jdk.internal.reflect.NativeMethodAccessorImpl.invoke(NativeMethodAccessorImpl.java:62)
	at java.base/jdk.internal.reflect.DelegatingMethodAccessorImpl.invoke(DelegatingMethodAccessorImpl.java:43)
	at java.base/java.lang.reflect.Method.invoke(Method.java:566)
	at org.gradle.internal.dispatch.ReflectionDispatch.dispatch(ReflectionDispatch.java:36)
	at org.gradle.internal.dispatch.ReflectionDispatch.dispatch(ReflectionDispatch.java:24)
	at org.gradle.internal.dispatch.ContextClassLoaderDispatch.dispatch(ContextClassLoaderDispatch.java:33)
	at org.gradle.internal.dispatch.ProxyDispatchAdapter$DispatchingInvocationHandler.invoke(ProxyDispatchAdapter.java:94)
	at com.sun.proxy.$Proxy2.processTestClass(Unknown Source)
	at org.gradle.api.internal.tasks.testing.worker.TestWorker$2.run(TestWorker.java:176)
	at org.gradle.api.internal.tasks.testing.worker.TestWorker.executeAndMaintainThreadName(TestWorker.java:129)
	at org.gradle.api.internal.tasks.testing.worker.TestWorker.execute(TestWorker.java:100)
	at org.gradle.api.internal.tasks.testing.worker.TestWorker.execute(TestWorker.java:60)
	at org.gradle.process.internal.worker.child.ActionExecutionWorker.execute(ActionExecutionWorker.java:56)
	at org.gradle.process.internal.worker.child.SystemApplicationClassLoaderWorker.call(SystemApplicationClassLoaderWorker.java:133)
	at org.gradle.process.internal.worker.child.SystemApplicationClassLoaderWorker.call(SystemApplicationClassLoaderWorker.java:71)
	at worker.org.gradle.process.internal.worker.GradleWorkerMain.run(GradleWorkerMain.java:69)
	at worker.org.gradle.process.internal.worker.GradleWorkerMain.main(GradleWorkerMain.java:74)
java.lang.ClassNotFoundException: io.opencui.test.fever
	at java.base/java.net.URLClassLoader.findClass(URLClassLoader.java:476)
	at java.base/java.lang.ClassLoader.loadClass(ClassLoader.java:589)
	at java.base/java.lang.ClassLoader.loadClass(ClassLoader.java:522)
	at java.base/java.lang.Class.forName0(Native Method)
	at java.base/java.lang.Class.forName(Class.java:398)
	at io.opencui.core.UserSession.construct(UserSession.kt:627)
	at io.opencui.core.BaseKt$createFrameGenerator$1.invoke(base.kt:38)
	at io.opencui.core.BaseKt$createFrameGenerator$1.invoke(base.kt:33)
	at io.opencui.core.InterfaceFiller$askFiller$2$entityFiller$2.invoke(filler.kt:933)
	at io.opencui.core.InterfaceFiller$askFiller$2$entityFiller$2.invoke(filler.kt:933)
	at io.opencui.core.RealtypeFiller.isCompatible(filler.kt:401)
	at io.opencui.core.AnnotatedWrapperFiller.grow(filler.kt:668)
	at io.opencui.core.Scheduler.grow(UserSession.kt:61)
	at io.opencui.core.RescheduleAction.run(action.kt:481)
	at io.opencui.core.RefocusAction.run(action.kt:299)
	at io.opencui.core.DialogManager.response(execution.kt:108)
	at io.opencui.core.RuntimeTest.process(RuntimeTest.kt:1687)
	at io.opencui.core.RuntimeTest.testBasics(RuntimeTest.kt:250)
	at java.base/jdk.internal.reflect.NativeMethodAccessorImpl.invoke0(Native Method)
	at java.base/jdk.internal.reflect.NativeMethodAccessorImpl.invoke(NativeMethodAccessorImpl.java:62)
	at java.base/jdk.internal.reflect.DelegatingMethodAccessorImpl.invoke(DelegatingMethodAccessorImpl.java:43)
	at java.base/java.lang.reflect.Method.invoke(Method.java:566)
	at org.junit.runners.model.FrameworkMethod$1.runReflectiveCall(FrameworkMethod.java:50)
	at org.junit.internal.runners.model.ReflectiveCallable.run(ReflectiveCallable.java:12)
	at org.junit.runners.model.FrameworkMethod.invokeExplosively(FrameworkMethod.java:47)
	at org.junit.internal.runners.statements.InvokeMethod.evaluate(InvokeMethod.java:17)
	at org.junit.runners.ParentRunner.runLeaf(ParentRunner.java:325)
	at org.junit.runners.BlockJUnit4ClassRunner.runChild(BlockJUnit4ClassRunner.java:78)
	at org.junit.runners.BlockJUnit4ClassRunner.runChild(BlockJUnit4ClassRunner.java:57)
	at org.junit.runners.ParentRunner$3.run(ParentRunner.java:290)
	at org.junit.runners.ParentRunner$1.schedule(ParentRunner.java:71)
	at org.junit.runners.ParentRunner.runChildren(ParentRunner.java:288)
	at org.junit.runners.ParentRunner.access$000(ParentRunner.java:58)
	at org.junit.runners.ParentRunner$2.evaluate(ParentRunner.java:268)
	at org.junit.runners.ParentRunner.run(ParentRunner.java:363)
	at org.gradle.api.internal.tasks.testing.junit.JUnitTestClassExecutor.runTestClass(JUnitTestClassExecutor.java:110)
	at org.gradle.api.internal.tasks.testing.junit.JUnitTestClassExecutor.execute(JUnitTestClassExecutor.java:58)
	at org.gradle.api.internal.tasks.testing.junit.JUnitTestClassExecutor.execute(JUnitTestClassExecutor.java:38)
	at org.gradle.api.internal.tasks.testing.junit.AbstractJUnitTestClassProcessor.processTestClass(AbstractJUnitTestClassProcessor.java:62)
	at org.gradle.api.internal.tasks.testing.SuiteTestClassProcessor.processTestClass(SuiteTestClassProcessor.java:51)
	at java.base/jdk.internal.reflect.NativeMethodAccessorImpl.invoke0(Native Method)
	at java.base/jdk.internal.reflect.NativeMethodAccessorImpl.invoke(NativeMethodAccessorImpl.java:62)
	at java.base/jdk.internal.reflect.DelegatingMethodAccessorImpl.invoke(DelegatingMethodAccessorImpl.java:43)
	at java.base/java.lang.reflect.Method.invoke(Method.java:566)
	at org.gradle.internal.dispatch.ReflectionDispatch.dispatch(ReflectionDispatch.java:36)
	at org.gradle.internal.dispatch.ReflectionDispatch.dispatch(ReflectionDispatch.java:24)
	at org.gradle.internal.dispatch.ContextClassLoaderDispatch.dispatch(ContextClassLoaderDispatch.java:33)
	at org.gradle.internal.dispatch.ProxyDispatchAdapter$DispatchingInvocationHandler.invoke(ProxyDispatchAdapter.java:94)
	at com.sun.proxy.$Proxy2.processTestClass(Unknown Source)
	at org.gradle.api.internal.tasks.testing.worker.TestWorker$2.run(TestWorker.java:176)
	at org.gradle.api.internal.tasks.testing.worker.TestWorker.executeAndMaintainThreadName(TestWorker.java:129)
	at org.gradle.api.internal.tasks.testing.worker.TestWorker.execute(TestWorker.java:100)
	at org.gradle.api.internal.tasks.testing.worker.TestWorker.execute(TestWorker.java:60)
	at org.gradle.process.internal.worker.child.ActionExecutionWorker.execute(ActionExecutionWorker.java:56)
	at org.gradle.process.internal.worker.child.SystemApplicationClassLoaderWorker.call(SystemApplicationClassLoaderWorker.java:133)
	at org.gradle.process.internal.worker.child.SystemApplicationClassLoaderWorker.call(SystemApplicationClassLoaderWorker.java:71)
	at worker.org.gradle.process.internal.worker.GradleWorkerMain.run(GradleWorkerMain.java:69)
	at worker.org.gradle.process.internal.worker.GradleWorkerMain.main(GradleWorkerMain.java:74)
java.lang.ClassNotFoundException: io.opencui.test.person
	at java.base/java.net.URLClassLoader.findClass(URLClassLoader.java:476)
	at java.base/java.lang.ClassLoader.loadClass(ClassLoader.java:589)
	at java.base/java.lang.ClassLoader.loadClass(ClassLoader.java:522)
	at java.base/java.lang.Class.forName0(Native Method)
	at java.base/java.lang.Class.forName(Class.java:398)
	at io.opencui.core.UserSession.construct(UserSession.kt:627)
	at io.opencui.core.BaseKt$createFrameGenerator$1.invoke(base.kt:38)
	at io.opencui.core.BaseKt$createFrameGenerator$1.invoke(base.kt:33)
	at io.opencui.core.InterfaceFiller$askFiller$2$entityFiller$2.invoke(filler.kt:933)
	at io.opencui.core.InterfaceFiller$askFiller$2$entityFiller$2.invoke(filler.kt:933)
	at io.opencui.core.RealtypeFiller.isCompatible(filler.kt:401)
	at io.opencui.core.AEntityFiller.move(filler.kt:263)
	at io.opencui.core.Scheduler.grow(UserSession.kt:59)
	at io.opencui.core.RescheduleAction.run(action.kt:481)
	at io.opencui.core.RefocusAction.run(action.kt:299)
	at io.opencui.core.DialogManager.response(execution.kt:108)
	at io.opencui.core.RuntimeTest.process(RuntimeTest.kt:1687)
	at io.opencui.core.RuntimeTest.testBasics(RuntimeTest.kt:250)
	at java.base/jdk.internal.reflect.NativeMethodAccessorImpl.invoke0(Native Method)
	at java.base/jdk.internal.reflect.NativeMethodAccessorImpl.invoke(NativeMethodAccessorImpl.java:62)
	at java.base/jdk.internal.reflect.DelegatingMethodAccessorImpl.invoke(DelegatingMethodAccessorImpl.java:43)
	at java.base/java.lang.reflect.Method.invoke(Method.java:566)
	at org.junit.runners.model.FrameworkMethod$1.runReflectiveCall(FrameworkMethod.java:50)
	at org.junit.internal.runners.model.ReflectiveCallable.run(ReflectiveCallable.java:12)
	at org.junit.runners.model.FrameworkMethod.invokeExplosively(FrameworkMethod.java:47)
	at org.junit.internal.runners.statements.InvokeMethod.evaluate(InvokeMethod.java:17)
	at org.junit.runners.ParentRunner.runLeaf(ParentRunner.java:325)
	at org.junit.runners.BlockJUnit4ClassRunner.runChild(BlockJUnit4ClassRunner.java:78)
	at org.junit.runners.BlockJUnit4ClassRunner.runChild(BlockJUnit4ClassRunner.java:57)
	at org.junit.runners.ParentRunner$3.run(ParentRunner.java:290)
	at org.junit.runners.ParentRunner$1.schedule(ParentRunner.java:71)
	at org.junit.runners.ParentRunner.runChildren(ParentRunner.java:288)
	at org.junit.runners.ParentRunner.access$000(ParentRunner.java:58)
	at org.junit.runners.ParentRunner$2.evaluate(ParentRunner.java:268)
	at org.junit.runners.ParentRunner.run(ParentRunner.java:363)
	at org.gradle.api.internal.tasks.testing.junit.JUnitTestClassExecutor.runTestClass(JUnitTestClassExecutor.java:110)
	at org.gradle.api.internal.tasks.testing.junit.JUnitTestClassExecutor.execute(JUnitTestClassExecutor.java:58)
	at org.gradle.api.internal.tasks.testing.junit.JUnitTestClassExecutor.execute(JUnitTestClassExecutor.java:38)
	at org.gradle.api.internal.tasks.testing.junit.AbstractJUnitTestClassProcessor.processTestClass(AbstractJUnitTestClassProcessor.java:62)
	at org.gradle.api.internal.tasks.testing.SuiteTestClassProcessor.processTestClass(SuiteTestClassProcessor.java:51)
	at java.base/jdk.internal.reflect.NativeMethodAccessorImpl.invoke0(Native Method)
	at java.base/jdk.internal.reflect.NativeMethodAccessorImpl.invoke(NativeMethodAccessorImpl.java:62)
	at java.base/jdk.internal.reflect.DelegatingMethodAccessorImpl.invoke(DelegatingMethodAccessorImpl.java:43)
	at java.base/java.lang.reflect.Method.invoke(Method.java:566)
	at org.gradle.internal.dispatch.ReflectionDispatch.dispatch(ReflectionDispatch.java:36)
	at org.gradle.internal.dispatch.ReflectionDispatch.dispatch(ReflectionDispatch.java:24)
	at org.gradle.internal.dispatch.ContextClassLoaderDispatch.dispatch(ContextClassLoaderDispatch.java:33)
	at org.gradle.internal.dispatch.ProxyDispatchAdapter$DispatchingInvocationHandler.invoke(ProxyDispatchAdapter.java:94)
	at com.sun.proxy.$Proxy2.processTestClass(Unknown Source)
	at org.gradle.api.internal.tasks.testing.worker.TestWorker$2.run(TestWorker.java:176)
	at org.gradle.api.internal.tasks.testing.worker.TestWorker.executeAndMaintainThreadName(TestWorker.java:129)
	at org.gradle.api.internal.tasks.testing.worker.TestWorker.execute(TestWorker.java:100)
	at org.gradle.api.internal.tasks.testing.worker.TestWorker.execute(TestWorker.java:60)
	at org.gradle.process.internal.worker.child.ActionExecutionWorker.execute(ActionExecutionWorker.java:56)
	at org.gradle.process.internal.worker.child.SystemApplicationClassLoaderWorker.call(SystemApplicationClassLoaderWorker.java:133)
	at org.gradle.process.internal.worker.child.SystemApplicationClassLoaderWorker.call(SystemApplicationClassLoaderWorker.java:71)
	at worker.org.gradle.process.internal.worker.GradleWorkerMain.run(GradleWorkerMain.java:69)
	at worker.org.gradle.process.internal.worker.GradleWorkerMain.main(GradleWorkerMain.java:74)
java.lang.ClassNotFoundException: io.opencui.test.fever
	at java.base/java.net.URLClassLoader.findClass(URLClassLoader.java:476)
	at java.base/java.lang.ClassLoader.loadClass(ClassLoader.java:589)
	at java.base/java.lang.ClassLoader.loadClass(ClassLoader.java:522)
	at java.base/java.lang.Class.forName0(Native Method)
	at java.base/java.lang.Class.forName(Class.java:398)
	at io.opencui.core.UserSession.construct(UserSession.kt:627)
	at io.opencui.core.BaseKt$createFrameGenerator$1.invoke(base.kt:38)
	at io.opencui.core.BaseKt$createFrameGenerator$1.invoke(base.kt:33)
	at io.opencui.core.InterfaceFiller$askFiller$2$entityFiller$2.invoke(filler.kt:933)
	at io.opencui.core.InterfaceFiller$askFiller$2$entityFiller$2.invoke(filler.kt:933)
	at io.opencui.core.RealtypeFiller.isCompatible(filler.kt:401)
	at io.opencui.core.AEntityFiller.move(filler.kt:263)
	at io.opencui.core.Scheduler.grow(UserSession.kt:59)
	at io.opencui.core.RescheduleAction.run(action.kt:481)
	at io.opencui.core.RefocusAction.run(action.kt:299)
	at io.opencui.core.DialogManager.response(execution.kt:108)
	at io.opencui.core.RuntimeTest.process(RuntimeTest.kt:1687)
	at io.opencui.core.RuntimeTest.testBasics(RuntimeTest.kt:250)
	at java.base/jdk.internal.reflect.NativeMethodAccessorImpl.invoke0(Native Method)
	at java.base/jdk.internal.reflect.NativeMethodAccessorImpl.invoke(NativeMethodAccessorImpl.java:62)
	at java.base/jdk.internal.reflect.DelegatingMethodAccessorImpl.invoke(DelegatingMethodAccessorImpl.java:43)
	at java.base/java.lang.reflect.Method.invoke(Method.java:566)
	at org.junit.runners.model.FrameworkMethod$1.runReflectiveCall(FrameworkMethod.java:50)
	at org.junit.internal.runners.model.ReflectiveCallable.run(ReflectiveCallable.java:12)
	at org.junit.runners.model.FrameworkMethod.invokeExplosively(FrameworkMethod.java:47)
	at org.junit.internal.runners.statements.InvokeMethod.evaluate(InvokeMethod.java:17)
	at org.junit.runners.ParentRunner.runLeaf(ParentRunner.java:325)
	at org.junit.runners.BlockJUnit4ClassRunner.runChild(BlockJUnit4ClassRunner.java:78)
	at org.junit.runners.BlockJUnit4ClassRunner.runChild(BlockJUnit4ClassRunner.java:57)
	at org.junit.runners.ParentRunner$3.run(ParentRunner.java:290)
	at org.junit.runners.ParentRunner$1.schedule(ParentRunner.java:71)
	at org.junit.runners.ParentRunner.runChildren(ParentRunner.java:288)
	at org.junit.runners.ParentRunner.access$000(ParentRunner.java:58)
	at org.junit.runners.ParentRunner$2.evaluate(ParentRunner.java:268)
	at org.junit.runners.ParentRunner.run(ParentRunner.java:363)
	at org.gradle.api.internal.tasks.testing.junit.JUnitTestClassExecutor.runTestClass(JUnitTestClassExecutor.java:110)
	at org.gradle.api.internal.tasks.testing.junit.JUnitTestClassExecutor.execute(JUnitTestClassExecutor.java:58)
	at org.gradle.api.internal.tasks.testing.junit.JUnitTestClassExecutor.execute(JUnitTestClassExecutor.java:38)
	at org.gradle.api.internal.tasks.testing.junit.AbstractJUnitTestClassProcessor.processTestClass(AbstractJUnitTestClassProcessor.java:62)
	at org.gradle.api.internal.tasks.testing.SuiteTestClassProcessor.processTestClass(SuiteTestClassProcessor.java:51)
	at java.base/jdk.internal.reflect.NativeMethodAccessorImpl.invoke0(Native Method)
	at java.base/jdk.internal.reflect.NativeMethodAccessorImpl.invoke(NativeMethodAccessorImpl.java:62)
	at java.base/jdk.internal.reflect.DelegatingMethodAccessorImpl.invoke(DelegatingMethodAccessorImpl.java:43)
	at java.base/java.lang.reflect.Method.invoke(Method.java:566)
	at org.gradle.internal.dispatch.ReflectionDispatch.dispatch(ReflectionDispatch.java:36)
	at org.gradle.internal.dispatch.ReflectionDispatch.dispatch(ReflectionDispatch.java:24)
	at org.gradle.internal.dispatch.ContextClassLoaderDispatch.dispatch(ContextClassLoaderDispatch.java:33)
	at org.gradle.internal.dispatch.ProxyDispatchAdapter$DispatchingInvocationHandler.invoke(ProxyDispatchAdapter.java:94)
	at com.sun.proxy.$Proxy2.processTestClass(Unknown Source)
	at org.gradle.api.internal.tasks.testing.worker.TestWorker$2.run(TestWorker.java:176)
	at org.gradle.api.internal.tasks.testing.worker.TestWorker.executeAndMaintainThreadName(TestWorker.java:129)
	at org.gradle.api.internal.tasks.testing.worker.TestWorker.execute(TestWorker.java:100)
	at org.gradle.api.internal.tasks.testing.worker.TestWorker.execute(TestWorker.java:60)
	at org.gradle.process.internal.worker.child.ActionExecutionWorker.execute(ActionExecutionWorker.java:56)
	at org.gradle.process.internal.worker.child.SystemApplicationClassLoaderWorker.call(SystemApplicationClassLoaderWorker.java:133)
	at org.gradle.process.internal.worker.child.SystemApplicationClassLoaderWorker.call(SystemApplicationClassLoaderWorker.java:71)
	at worker.org.gradle.process.internal.worker.GradleWorkerMain.run(GradleWorkerMain.java:69)
	at worker.org.gradle.process.internal.worker.GradleWorkerMain.main(GradleWorkerMain.java:74)
[Test worker] INFO io.opencui.core.DialogManager - session state after turn 19 : {"schedulers_count":1,"main":{"state":"POST_ASK","fillers":[{"filler_type":"AnnotatedWrapperFiller","attribute":"PreDiagnosis"},{"filler_type":"FrameFiller","attribute":"PreDiagnosis"},{"filler_type":"AnnotatedWrapperFiller","attribute":"symptoms"},{"filler_type":"MultiValueFiller","attribute":"symptoms"},{"filler_type":"AnnotatedWrapperFiller","attribute":"symptoms._item"},{"filler_type":"InterfaceFiller","attribute":"symptoms._item"},{"filler_type":"AnnotatedWrapperFiller","attribute":"symptoms._item._realfiller"},{"filler_type":"FrameFiller","attribute":"symptoms._item._realfiller"},{"filler_type":"AnnotatedWrapperFiller","attribute":"cause"},{"filler_type":"EntityFiller","attribute":"cause"}]}}
[Test worker] INFO io.opencui.core.DialogManager - session state before turn 20 : {"schedulers_count":1,"main":{"state":"POST_ASK","fillers":[{"filler_type":"AnnotatedWrapperFiller","attribute":"PreDiagnosis"},{"filler_type":"FrameFiller","attribute":"PreDiagnosis"},{"filler_type":"AnnotatedWrapperFiller","attribute":"symptoms"},{"filler_type":"MultiValueFiller","attribute":"symptoms"},{"filler_type":"AnnotatedWrapperFiller","attribute":"symptoms._item"},{"filler_type":"InterfaceFiller","attribute":"symptoms._item"},{"filler_type":"AnnotatedWrapperFiller","attribute":"symptoms._item._realfiller"},{"filler_type":"FrameFiller","attribute":"symptoms._item._realfiller"},{"filler_type":"AnnotatedWrapperFiller","attribute":"cause"},{"filler_type":"EntityFiller","attribute":"cause"}]}}
[Test worker] INFO io.opencui.core.DialogManager - session state after turn 20 : {"schedulers_count":1,"main":{"state":"POST_ASK","fillers":[{"filler_type":"AnnotatedWrapperFiller","attribute":"PreDiagnosis"},{"filler_type":"FrameFiller","attribute":"PreDiagnosis"},{"filler_type":"AnnotatedWrapperFiller","attribute":"symptoms"},{"filler_type":"MultiValueFiller","attribute":"symptoms"},{"filler_type":"AnnotatedWrapperFiller","attribute":"symptoms._item"},{"filler_type":"InterfaceFiller","attribute":"symptoms._item"},{"filler_type":"AnnotatedWrapperFiller","attribute":"symptoms._item._realfiller"},{"filler_type":"FrameFiller","attribute":"symptoms._item._realfiller"},{"filler_type":"AnnotatedWrapperFiller","attribute":"degree"},{"filler_type":"EntityFiller","attribute":"degree"}]}}
[Test worker] INFO io.opencui.core.DialogManager - session state before turn 21 : {"schedulers_count":1,"main":{"state":"POST_ASK","fillers":[{"filler_type":"AnnotatedWrapperFiller","attribute":"PreDiagnosis"},{"filler_type":"FrameFiller","attribute":"PreDiagnosis"},{"filler_type":"AnnotatedWrapperFiller","attribute":"symptoms"},{"filler_type":"MultiValueFiller","attribute":"symptoms"},{"filler_type":"AnnotatedWrapperFiller","attribute":"symptoms._item"},{"filler_type":"InterfaceFiller","attribute":"symptoms._item"},{"filler_type":"AnnotatedWrapperFiller","attribute":"symptoms._item._realfiller"},{"filler_type":"FrameFiller","attribute":"symptoms._item._realfiller"},{"filler_type":"AnnotatedWrapperFiller","attribute":"degree"},{"filler_type":"EntityFiller","attribute":"degree"}]}}
java.lang.ClassNotFoundException: io.opencui.test.person
	at java.base/java.net.URLClassLoader.findClass(URLClassLoader.java:476)
	at java.base/java.lang.ClassLoader.loadClass(ClassLoader.java:589)
	at java.base/java.lang.ClassLoader.loadClass(ClassLoader.java:522)
	at java.base/java.lang.Class.forName0(Native Method)
	at java.base/java.lang.Class.forName(Class.java:398)
	at io.opencui.core.UserSession.construct(UserSession.kt:627)
	at io.opencui.core.BaseKt$createFrameGenerator$1.invoke(base.kt:38)
	at io.opencui.core.BaseKt$createFrameGenerator$1.invoke(base.kt:33)
	at io.opencui.core.InterfaceFiller$askFiller$2$entityFiller$2.invoke(filler.kt:933)
	at io.opencui.core.InterfaceFiller$askFiller$2$entityFiller$2.invoke(filler.kt:933)
	at io.opencui.core.RealtypeFiller.isCompatible(filler.kt:401)
	at io.opencui.core.AnnotatedWrapperFiller.isCompatible(filler.kt:793)
	at io.opencui.core.InterfaceFiller.isCompatible(filler.kt:923)
	at io.opencui.core.MultiValueFiller.isCompatible(filler.kt:1046)
	at io.opencui.core.MultiValueFiller.grow(filler.kt:1126)
	at io.opencui.core.Scheduler.grow(UserSession.kt:61)
	at io.opencui.core.RescheduleAction.run(action.kt:481)
	at io.opencui.core.DialogManager.response(execution.kt:108)
	at io.opencui.core.RuntimeTest.process(RuntimeTest.kt:1687)
	at io.opencui.core.RuntimeTest.testBasics(RuntimeTest.kt:250)
	at java.base/jdk.internal.reflect.NativeMethodAccessorImpl.invoke0(Native Method)
	at java.base/jdk.internal.reflect.NativeMethodAccessorImpl.invoke(NativeMethodAccessorImpl.java:62)
	at java.base/jdk.internal.reflect.DelegatingMethodAccessorImpl.invoke(DelegatingMethodAccessorImpl.java:43)
	at java.base/java.lang.reflect.Method.invoke(Method.java:566)
	at org.junit.runners.model.FrameworkMethod$1.runReflectiveCall(FrameworkMethod.java:50)
	at org.junit.internal.runners.model.ReflectiveCallable.run(ReflectiveCallable.java:12)
	at org.junit.runners.model.FrameworkMethod.invokeExplosively(FrameworkMethod.java:47)
	at org.junit.internal.runners.statements.InvokeMethod.evaluate(InvokeMethod.java:17)
	at org.junit.runners.ParentRunner.runLeaf(ParentRunner.java:325)
	at org.junit.runners.BlockJUnit4ClassRunner.runChild(BlockJUnit4ClassRunner.java:78)
	at org.junit.runners.BlockJUnit4ClassRunner.runChild(BlockJUnit4ClassRunner.java:57)
	at org.junit.runners.ParentRunner$3.run(ParentRunner.java:290)
	at org.junit.runners.ParentRunner$1.schedule(ParentRunner.java:71)
	at org.junit.runners.ParentRunner.runChildren(ParentRunner.java:288)
	at org.junit.runners.ParentRunner.access$000(ParentRunner.java:58)
	at org.junit.runners.ParentRunner$2.evaluate(ParentRunner.java:268)
	at org.junit.runners.ParentRunner.run(ParentRunner.java:363)
	at org.gradle.api.internal.tasks.testing.junit.JUnitTestClassExecutor.runTestClass(JUnitTestClassExecutor.java:110)
	at org.gradle.api.internal.tasks.testing.junit.JUnitTestClassExecutor.execute(JUnitTestClassExecutor.java:58)
	at org.gradle.api.internal.tasks.testing.junit.JUnitTestClassExecutor.execute(JUnitTestClassExecutor.java:38)
	at org.gradle.api.internal.tasks.testing.junit.AbstractJUnitTestClassProcessor.processTestClass(AbstractJUnitTestClassProcessor.java:62)
	at org.gradle.api.internal.tasks.testing.SuiteTestClassProcessor.processTestClass(SuiteTestClassProcessor.java:51)
	at java.base/jdk.internal.reflect.NativeMethodAccessorImpl.invoke0(Native Method)
	at java.base/jdk.internal.reflect.NativeMethodAccessorImpl.invoke(NativeMethodAccessorImpl.java:62)
	at java.base/jdk.internal.reflect.DelegatingMethodAccessorImpl.invoke(DelegatingMethodAccessorImpl.java:43)
	at java.base/java.lang.reflect.Method.invoke(Method.java:566)
	at org.gradle.internal.dispatch.ReflectionDispatch.dispatch(ReflectionDispatch.java:36)
	at org.gradle.internal.dispatch.ReflectionDispatch.dispatch(ReflectionDispatch.java:24)
	at org.gradle.internal.dispatch.ContextClassLoaderDispatch.dispatch(ContextClassLoaderDispatch.java:33)
	at org.gradle.internal.dispatch.ProxyDispatchAdapter$DispatchingInvocationHandler.invoke(ProxyDispatchAdapter.java:94)
	at com.sun.proxy.$Proxy2.processTestClass(Unknown Source)
	at org.gradle.api.internal.tasks.testing.worker.TestWorker$2.run(TestWorker.java:176)
	at org.gradle.api.internal.tasks.testing.worker.TestWorker.executeAndMaintainThreadName(TestWorker.java:129)
	at org.gradle.api.internal.tasks.testing.worker.TestWorker.execute(TestWorker.java:100)
	at org.gradle.api.internal.tasks.testing.worker.TestWorker.execute(TestWorker.java:60)
	at org.gradle.process.internal.worker.child.ActionExecutionWorker.execute(ActionExecutionWorker.java:56)
	at org.gradle.process.internal.worker.child.SystemApplicationClassLoaderWorker.call(SystemApplicationClassLoaderWorker.java:133)
	at org.gradle.process.internal.worker.child.SystemApplicationClassLoaderWorker.call(SystemApplicationClassLoaderWorker.java:71)
	at worker.org.gradle.process.internal.worker.GradleWorkerMain.run(GradleWorkerMain.java:69)
	at worker.org.gradle.process.internal.worker.GradleWorkerMain.main(GradleWorkerMain.java:74)
java.lang.ClassNotFoundException: io.opencui.test.fever
	at java.base/java.net.URLClassLoader.findClass(URLClassLoader.java:476)
	at java.base/java.lang.ClassLoader.loadClass(ClassLoader.java:589)
	at java.base/java.lang.ClassLoader.loadClass(ClassLoader.java:522)
	at java.base/java.lang.Class.forName0(Native Method)
	at java.base/java.lang.Class.forName(Class.java:398)
	at io.opencui.core.UserSession.construct(UserSession.kt:627)
	at io.opencui.core.BaseKt$createFrameGenerator$1.invoke(base.kt:38)
	at io.opencui.core.BaseKt$createFrameGenerator$1.invoke(base.kt:33)
	at io.opencui.core.InterfaceFiller$askFiller$2$entityFiller$2.invoke(filler.kt:933)
	at io.opencui.core.InterfaceFiller$askFiller$2$entityFiller$2.invoke(filler.kt:933)
	at io.opencui.core.RealtypeFiller.isCompatible(filler.kt:401)
	at io.opencui.core.AnnotatedWrapperFiller.isCompatible(filler.kt:793)
	at io.opencui.core.InterfaceFiller.isCompatible(filler.kt:923)
	at io.opencui.core.MultiValueFiller.isCompatible(filler.kt:1046)
	at io.opencui.core.MultiValueFiller.grow(filler.kt:1126)
	at io.opencui.core.Scheduler.grow(UserSession.kt:61)
	at io.opencui.core.RescheduleAction.run(action.kt:481)
	at io.opencui.core.DialogManager.response(execution.kt:108)
	at io.opencui.core.RuntimeTest.process(RuntimeTest.kt:1687)
	at io.opencui.core.RuntimeTest.testBasics(RuntimeTest.kt:250)
	at java.base/jdk.internal.reflect.NativeMethodAccessorImpl.invoke0(Native Method)
	at java.base/jdk.internal.reflect.NativeMethodAccessorImpl.invoke(NativeMethodAccessorImpl.java:62)
	at java.base/jdk.internal.reflect.DelegatingMethodAccessorImpl.invoke(DelegatingMethodAccessorImpl.java:43)
	at java.base/java.lang.reflect.Method.invoke(Method.java:566)
	at org.junit.runners.model.FrameworkMethod$1.runReflectiveCall(FrameworkMethod.java:50)
	at org.junit.internal.runners.model.ReflectiveCallable.run(ReflectiveCallable.java:12)
	at org.junit.runners.model.FrameworkMethod.invokeExplosively(FrameworkMethod.java:47)
	at org.junit.internal.runners.statements.InvokeMethod.evaluate(InvokeMethod.java:17)
	at org.junit.runners.ParentRunner.runLeaf(ParentRunner.java:325)
	at org.junit.runners.BlockJUnit4ClassRunner.runChild(BlockJUnit4ClassRunner.java:78)
	at org.junit.runners.BlockJUnit4ClassRunner.runChild(BlockJUnit4ClassRunner.java:57)
	at org.junit.runners.ParentRunner$3.run(ParentRunner.java:290)
	at org.junit.runners.ParentRunner$1.schedule(ParentRunner.java:71)
	at org.junit.runners.ParentRunner.runChildren(ParentRunner.java:288)
	at org.junit.runners.ParentRunner.access$000(ParentRunner.java:58)
	at org.junit.runners.ParentRunner$2.evaluate(ParentRunner.java:268)
	at org.junit.runners.ParentRunner.run(ParentRunner.java:363)
	at org.gradle.api.internal.tasks.testing.junit.JUnitTestClassExecutor.runTestClass(JUnitTestClassExecutor.java:110)
	at org.gradle.api.internal.tasks.testing.junit.JUnitTestClassExecutor.execute(JUnitTestClassExecutor.java:58)
	at org.gradle.api.internal.tasks.testing.junit.JUnitTestClassExecutor.execute(JUnitTestClassExecutor.java:38)
	at org.gradle.api.internal.tasks.testing.junit.AbstractJUnitTestClassProcessor.processTestClass(AbstractJUnitTestClassProcessor.java:62)
	at org.gradle.api.internal.tasks.testing.SuiteTestClassProcessor.processTestClass(SuiteTestClassProcessor.java:51)
	at java.base/jdk.internal.reflect.NativeMethodAccessorImpl.invoke0(Native Method)
	at java.base/jdk.internal.reflect.NativeMethodAccessorImpl.invoke(NativeMethodAccessorImpl.java:62)
	at java.base/jdk.internal.reflect.DelegatingMethodAccessorImpl.invoke(DelegatingMethodAccessorImpl.java:43)
	at java.base/java.lang.reflect.Method.invoke(Method.java:566)
	at org.gradle.internal.dispatch.ReflectionDispatch.dispatch(ReflectionDispatch.java:36)
	at org.gradle.internal.dispatch.ReflectionDispatch.dispatch(ReflectionDispatch.java:24)
	at org.gradle.internal.dispatch.ContextClassLoaderDispatch.dispatch(ContextClassLoaderDispatch.java:33)
	at org.gradle.internal.dispatch.ProxyDispatchAdapter$DispatchingInvocationHandler.invoke(ProxyDispatchAdapter.java:94)
	at com.sun.proxy.$Proxy2.processTestClass(Unknown Source)
	at org.gradle.api.internal.tasks.testing.worker.TestWorker$2.run(TestWorker.java:176)
	at org.gradle.api.internal.tasks.testing.worker.TestWorker.executeAndMaintainThreadName(TestWorker.java:129)
	at org.gradle.api.internal.tasks.testing.worker.TestWorker.execute(TestWorker.java:100)
	at org.gradle.api.internal.tasks.testing.worker.TestWorker.execute(TestWorker.java:60)
	at org.gradle.process.internal.worker.child.ActionExecutionWorker.execute(ActionExecutionWorker.java:56)
	at org.gradle.process.internal.worker.child.SystemApplicationClassLoaderWorker.call(SystemApplicationClassLoaderWorker.java:133)
	at org.gradle.process.internal.worker.child.SystemApplicationClassLoaderWorker.call(SystemApplicationClassLoaderWorker.java:71)
	at worker.org.gradle.process.internal.worker.GradleWorkerMain.run(GradleWorkerMain.java:69)
	at worker.org.gradle.process.internal.worker.GradleWorkerMain.main(GradleWorkerMain.java:74)
java.lang.ClassNotFoundException: io.opencui.test.person
	at java.base/java.net.URLClassLoader.findClass(URLClassLoader.java:476)
	at java.base/java.lang.ClassLoader.loadClass(ClassLoader.java:589)
	at java.base/java.lang.ClassLoader.loadClass(ClassLoader.java:522)
	at java.base/java.lang.Class.forName0(Native Method)
	at java.base/java.lang.Class.forName(Class.java:398)
	at io.opencui.core.UserSession.construct(UserSession.kt:627)
	at io.opencui.core.BaseKt$createFrameGenerator$1.invoke(base.kt:38)
	at io.opencui.core.BaseKt$createFrameGenerator$1.invoke(base.kt:33)
	at io.opencui.core.InterfaceFiller$askFiller$2$entityFiller$2.invoke(filler.kt:933)
	at io.opencui.core.InterfaceFiller$askFiller$2$entityFiller$2.invoke(filler.kt:933)
	at io.opencui.core.RealtypeFiller.isCompatible(filler.kt:401)
	at io.opencui.core.AnnotatedWrapperFiller.isCompatible(filler.kt:793)
	at io.opencui.core.InterfaceFiller.isCompatible(filler.kt:923)
	at io.opencui.core.AnnotatedWrapperFiller.grow(filler.kt:668)
	at io.opencui.core.Scheduler.grow(UserSession.kt:61)
	at io.opencui.core.RescheduleAction.run(action.kt:481)
	at io.opencui.core.DialogManager.response(execution.kt:108)
	at io.opencui.core.RuntimeTest.process(RuntimeTest.kt:1687)
	at io.opencui.core.RuntimeTest.testBasics(RuntimeTest.kt:250)
	at java.base/jdk.internal.reflect.NativeMethodAccessorImpl.invoke0(Native Method)
	at java.base/jdk.internal.reflect.NativeMethodAccessorImpl.invoke(NativeMethodAccessorImpl.java:62)
	at java.base/jdk.internal.reflect.DelegatingMethodAccessorImpl.invoke(DelegatingMethodAccessorImpl.java:43)
	at java.base/java.lang.reflect.Method.invoke(Method.java:566)
	at org.junit.runners.model.FrameworkMethod$1.runReflectiveCall(FrameworkMethod.java:50)
	at org.junit.internal.runners.model.ReflectiveCallable.run(ReflectiveCallable.java:12)
	at org.junit.runners.model.FrameworkMethod.invokeExplosively(FrameworkMethod.java:47)
	at org.junit.internal.runners.statements.InvokeMethod.evaluate(InvokeMethod.java:17)
	at org.junit.runners.ParentRunner.runLeaf(ParentRunner.java:325)
	at org.junit.runners.BlockJUnit4ClassRunner.runChild(BlockJUnit4ClassRunner.java:78)
	at org.junit.runners.BlockJUnit4ClassRunner.runChild(BlockJUnit4ClassRunner.java:57)
	at org.junit.runners.ParentRunner$3.run(ParentRunner.java:290)
	at org.junit.runners.ParentRunner$1.schedule(ParentRunner.java:71)
	at org.junit.runners.ParentRunner.runChildren(ParentRunner.java:288)
	at org.junit.runners.ParentRunner.access$000(ParentRunner.java:58)
	at org.junit.runners.ParentRunner$2.evaluate(ParentRunner.java:268)
	at org.junit.runners.ParentRunner.run(ParentRunner.java:363)
	at org.gradle.api.internal.tasks.testing.junit.JUnitTestClassExecutor.runTestClass(JUnitTestClassExecutor.java:110)
	at org.gradle.api.internal.tasks.testing.junit.JUnitTestClassExecutor.execute(JUnitTestClassExecutor.java:58)
	at org.gradle.api.internal.tasks.testing.junit.JUnitTestClassExecutor.execute(JUnitTestClassExecutor.java:38)
	at org.gradle.api.internal.tasks.testing.junit.AbstractJUnitTestClassProcessor.processTestClass(AbstractJUnitTestClassProcessor.java:62)
	at org.gradle.api.internal.tasks.testing.SuiteTestClassProcessor.processTestClass(SuiteTestClassProcessor.java:51)
	at java.base/jdk.internal.reflect.NativeMethodAccessorImpl.invoke0(Native Method)
	at java.base/jdk.internal.reflect.NativeMethodAccessorImpl.invoke(NativeMethodAccessorImpl.java:62)
	at java.base/jdk.internal.reflect.DelegatingMethodAccessorImpl.invoke(DelegatingMethodAccessorImpl.java:43)
	at java.base/java.lang.reflect.Method.invoke(Method.java:566)
	at org.gradle.internal.dispatch.ReflectionDispatch.dispatch(ReflectionDispatch.java:36)
	at org.gradle.internal.dispatch.ReflectionDispatch.dispatch(ReflectionDispatch.java:24)
	at org.gradle.internal.dispatch.ContextClassLoaderDispatch.dispatch(ContextClassLoaderDispatch.java:33)
	at org.gradle.internal.dispatch.ProxyDispatchAdapter$DispatchingInvocationHandler.invoke(ProxyDispatchAdapter.java:94)
	at com.sun.proxy.$Proxy2.processTestClass(Unknown Source)
	at org.gradle.api.internal.tasks.testing.worker.TestWorker$2.run(TestWorker.java:176)
	at org.gradle.api.internal.tasks.testing.worker.TestWorker.executeAndMaintainThreadName(TestWorker.java:129)
	at org.gradle.api.internal.tasks.testing.worker.TestWorker.execute(TestWorker.java:100)
	at org.gradle.api.internal.tasks.testing.worker.TestWorker.execute(TestWorker.java:60)
	at org.gradle.process.internal.worker.child.ActionExecutionWorker.execute(ActionExecutionWorker.java:56)
	at org.gradle.process.internal.worker.child.SystemApplicationClassLoaderWorker.call(SystemApplicationClassLoaderWorker.java:133)
	at org.gradle.process.internal.worker.child.SystemApplicationClassLoaderWorker.call(SystemApplicationClassLoaderWorker.java:71)
	at worker.org.gradle.process.internal.worker.GradleWorkerMain.run(GradleWorkerMain.java:69)
	at worker.org.gradle.process.internal.worker.GradleWorkerMain.main(GradleWorkerMain.java:74)
java.lang.ClassNotFoundException: io.opencui.test.fever
	at java.base/java.net.URLClassLoader.findClass(URLClassLoader.java:476)
	at java.base/java.lang.ClassLoader.loadClass(ClassLoader.java:589)
	at java.base/java.lang.ClassLoader.loadClass(ClassLoader.java:522)
	at java.base/java.lang.Class.forName0(Native Method)
	at java.base/java.lang.Class.forName(Class.java:398)
	at io.opencui.core.UserSession.construct(UserSession.kt:627)
	at io.opencui.core.BaseKt$createFrameGenerator$1.invoke(base.kt:38)
	at io.opencui.core.BaseKt$createFrameGenerator$1.invoke(base.kt:33)
	at io.opencui.core.InterfaceFiller$askFiller$2$entityFiller$2.invoke(filler.kt:933)
	at io.opencui.core.InterfaceFiller$askFiller$2$entityFiller$2.invoke(filler.kt:933)
	at io.opencui.core.RealtypeFiller.isCompatible(filler.kt:401)
	at io.opencui.core.AnnotatedWrapperFiller.isCompatible(filler.kt:793)
	at io.opencui.core.InterfaceFiller.isCompatible(filler.kt:923)
	at io.opencui.core.AnnotatedWrapperFiller.grow(filler.kt:668)
	at io.opencui.core.Scheduler.grow(UserSession.kt:61)
	at io.opencui.core.RescheduleAction.run(action.kt:481)
	at io.opencui.core.DialogManager.response(execution.kt:108)
	at io.opencui.core.RuntimeTest.process(RuntimeTest.kt:1687)
	at io.opencui.core.RuntimeTest.testBasics(RuntimeTest.kt:250)
	at java.base/jdk.internal.reflect.NativeMethodAccessorImpl.invoke0(Native Method)
	at java.base/jdk.internal.reflect.NativeMethodAccessorImpl.invoke(NativeMethodAccessorImpl.java:62)
	at java.base/jdk.internal.reflect.DelegatingMethodAccessorImpl.invoke(DelegatingMethodAccessorImpl.java:43)
	at java.base/java.lang.reflect.Method.invoke(Method.java:566)
	at org.junit.runners.model.FrameworkMethod$1.runReflectiveCall(FrameworkMethod.java:50)
	at org.junit.internal.runners.model.ReflectiveCallable.run(ReflectiveCallable.java:12)
	at org.junit.runners.model.FrameworkMethod.invokeExplosively(FrameworkMethod.java:47)
	at org.junit.internal.runners.statements.InvokeMethod.evaluate(InvokeMethod.java:17)
	at org.junit.runners.ParentRunner.runLeaf(ParentRunner.java:325)
	at org.junit.runners.BlockJUnit4ClassRunner.runChild(BlockJUnit4ClassRunner.java:78)
	at org.junit.runners.BlockJUnit4ClassRunner.runChild(BlockJUnit4ClassRunner.java:57)
	at org.junit.runners.ParentRunner$3.run(ParentRunner.java:290)
	at org.junit.runners.ParentRunner$1.schedule(ParentRunner.java:71)
	at org.junit.runners.ParentRunner.runChildren(ParentRunner.java:288)
	at org.junit.runners.ParentRunner.access$000(ParentRunner.java:58)
	at org.junit.runners.ParentRunner$2.evaluate(ParentRunner.java:268)
	at org.junit.runners.ParentRunner.run(ParentRunner.java:363)
	at org.gradle.api.internal.tasks.testing.junit.JUnitTestClassExecutor.runTestClass(JUnitTestClassExecutor.java:110)
	at org.gradle.api.internal.tasks.testing.junit.JUnitTestClassExecutor.execute(JUnitTestClassExecutor.java:58)
	at org.gradle.api.internal.tasks.testing.junit.JUnitTestClassExecutor.execute(JUnitTestClassExecutor.java:38)
	at org.gradle.api.internal.tasks.testing.junit.AbstractJUnitTestClassProcessor.processTestClass(AbstractJUnitTestClassProcessor.java:62)
	at org.gradle.api.internal.tasks.testing.SuiteTestClassProcessor.processTestClass(SuiteTestClassProcessor.java:51)
	at java.base/jdk.internal.reflect.NativeMethodAccessorImpl.invoke0(Native Method)
	at java.base/jdk.internal.reflect.NativeMethodAccessorImpl.invoke(NativeMethodAccessorImpl.java:62)
	at java.base/jdk.internal.reflect.DelegatingMethodAccessorImpl.invoke(DelegatingMethodAccessorImpl.java:43)
	at java.base/java.lang.reflect.Method.invoke(Method.java:566)
	at org.gradle.internal.dispatch.ReflectionDispatch.dispatch(ReflectionDispatch.java:36)
	at org.gradle.internal.dispatch.ReflectionDispatch.dispatch(ReflectionDispatch.java:24)
	at org.gradle.internal.dispatch.ContextClassLoaderDispatch.dispatch(ContextClassLoaderDispatch.java:33)
	at org.gradle.internal.dispatch.ProxyDispatchAdapter$DispatchingInvocationHandler.invoke(ProxyDispatchAdapter.java:94)
	at com.sun.proxy.$Proxy2.processTestClass(Unknown Source)
	at org.gradle.api.internal.tasks.testing.worker.TestWorker$2.run(TestWorker.java:176)
	at org.gradle.api.internal.tasks.testing.worker.TestWorker.executeAndMaintainThreadName(TestWorker.java:129)
	at org.gradle.api.internal.tasks.testing.worker.TestWorker.execute(TestWorker.java:100)
	at org.gradle.api.internal.tasks.testing.worker.TestWorker.execute(TestWorker.java:60)
	at org.gradle.process.internal.worker.child.ActionExecutionWorker.execute(ActionExecutionWorker.java:56)
	at org.gradle.process.internal.worker.child.SystemApplicationClassLoaderWorker.call(SystemApplicationClassLoaderWorker.java:133)
	at org.gradle.process.internal.worker.child.SystemApplicationClassLoaderWorker.call(SystemApplicationClassLoaderWorker.java:71)
	at worker.org.gradle.process.internal.worker.GradleWorkerMain.run(GradleWorkerMain.java:69)
	at worker.org.gradle.process.internal.worker.GradleWorkerMain.main(GradleWorkerMain.java:74)
java.lang.ClassNotFoundException: io.opencui.test.person
	at java.base/java.net.URLClassLoader.findClass(URLClassLoader.java:476)
	at java.base/java.lang.ClassLoader.loadClass(ClassLoader.java:589)
	at java.base/java.lang.ClassLoader.loadClass(ClassLoader.java:522)
	at java.base/java.lang.Class.forName0(Native Method)
	at java.base/java.lang.Class.forName(Class.java:398)
	at io.opencui.core.UserSession.construct(UserSession.kt:627)
	at io.opencui.core.BaseKt$createFrameGenerator$1.invoke(base.kt:38)
	at io.opencui.core.BaseKt$createFrameGenerator$1.invoke(base.kt:33)
	at io.opencui.core.InterfaceFiller$askFiller$2$entityFiller$2.invoke(filler.kt:933)
	at io.opencui.core.InterfaceFiller$askFiller$2$entityFiller$2.invoke(filler.kt:933)
	at io.opencui.core.RealtypeFiller.isCompatible(filler.kt:401)
	at io.opencui.core.AnnotatedWrapperFiller.grow(filler.kt:668)
	at io.opencui.core.Scheduler.grow(UserSession.kt:61)
	at io.opencui.core.RescheduleAction.run(action.kt:481)
	at io.opencui.core.DialogManager.response(execution.kt:108)
	at io.opencui.core.RuntimeTest.process(RuntimeTest.kt:1687)
	at io.opencui.core.RuntimeTest.testBasics(RuntimeTest.kt:250)
	at java.base/jdk.internal.reflect.NativeMethodAccessorImpl.invoke0(Native Method)
	at java.base/jdk.internal.reflect.NativeMethodAccessorImpl.invoke(NativeMethodAccessorImpl.java:62)
	at java.base/jdk.internal.reflect.DelegatingMethodAccessorImpl.invoke(DelegatingMethodAccessorImpl.java:43)
	at java.base/java.lang.reflect.Method.invoke(Method.java:566)
	at org.junit.runners.model.FrameworkMethod$1.runReflectiveCall(FrameworkMethod.java:50)
	at org.junit.internal.runners.model.ReflectiveCallable.run(ReflectiveCallable.java:12)
	at org.junit.runners.model.FrameworkMethod.invokeExplosively(FrameworkMethod.java:47)
	at org.junit.internal.runners.statements.InvokeMethod.evaluate(InvokeMethod.java:17)
	at org.junit.runners.ParentRunner.runLeaf(ParentRunner.java:325)
	at org.junit.runners.BlockJUnit4ClassRunner.runChild(BlockJUnit4ClassRunner.java:78)
	at org.junit.runners.BlockJUnit4ClassRunner.runChild(BlockJUnit4ClassRunner.java:57)
	at org.junit.runners.ParentRunner$3.run(ParentRunner.java:290)
	at org.junit.runners.ParentRunner$1.schedule(ParentRunner.java:71)
	at org.junit.runners.ParentRunner.runChildren(ParentRunner.java:288)
	at org.junit.runners.ParentRunner.access$000(ParentRunner.java:58)
	at org.junit.runners.ParentRunner$2.evaluate(ParentRunner.java:268)
	at org.junit.runners.ParentRunner.run(ParentRunner.java:363)
	at org.gradle.api.internal.tasks.testing.junit.JUnitTestClassExecutor.runTestClass(JUnitTestClassExecutor.java:110)
	at org.gradle.api.internal.tasks.testing.junit.JUnitTestClassExecutor.execute(JUnitTestClassExecutor.java:58)
	at org.gradle.api.internal.tasks.testing.junit.JUnitTestClassExecutor.execute(JUnitTestClassExecutor.java:38)
	at org.gradle.api.internal.tasks.testing.junit.AbstractJUnitTestClassProcessor.processTestClass(AbstractJUnitTestClassProcessor.java:62)
	at org.gradle.api.internal.tasks.testing.SuiteTestClassProcessor.processTestClass(SuiteTestClassProcessor.java:51)
	at java.base/jdk.internal.reflect.NativeMethodAccessorImpl.invoke0(Native Method)
	at java.base/jdk.internal.reflect.NativeMethodAccessorImpl.invoke(NativeMethodAccessorImpl.java:62)
	at java.base/jdk.internal.reflect.DelegatingMethodAccessorImpl.invoke(DelegatingMethodAccessorImpl.java:43)
	at java.base/java.lang.reflect.Method.invoke(Method.java:566)
	at org.gradle.internal.dispatch.ReflectionDispatch.dispatch(ReflectionDispatch.java:36)
	at org.gradle.internal.dispatch.ReflectionDispatch.dispatch(ReflectionDispatch.java:24)
	at org.gradle.internal.dispatch.ContextClassLoaderDispatch.dispatch(ContextClassLoaderDispatch.java:33)
	at org.gradle.internal.dispatch.ProxyDispatchAdapter$DispatchingInvocationHandler.invoke(ProxyDispatchAdapter.java:94)
	at com.sun.proxy.$Proxy2.processTestClass(Unknown Source)
	at org.gradle.api.internal.tasks.testing.worker.TestWorker$2.run(TestWorker.java:176)
	at org.gradle.api.internal.tasks.testing.worker.TestWorker.executeAndMaintainThreadName(TestWorker.java:129)
	at org.gradle.api.internal.tasks.testing.worker.TestWorker.execute(TestWorker.java:100)
	at org.gradle.api.internal.tasks.testing.worker.TestWorker.execute(TestWorker.java:60)
	at org.gradle.process.internal.worker.child.ActionExecutionWorker.execute(ActionExecutionWorker.java:56)
	at org.gradle.process.internal.worker.child.SystemApplicationClassLoaderWorker.call(SystemApplicationClassLoaderWorker.java:133)
	at org.gradle.process.internal.worker.child.SystemApplicationClassLoaderWorker.call(SystemApplicationClassLoaderWorker.java:71)
	at worker.org.gradle.process.internal.worker.GradleWorkerMain.run(GradleWorkerMain.java:69)
	at worker.org.gradle.process.internal.worker.GradleWorkerMain.main(GradleWorkerMain.java:74)
java.lang.ClassNotFoundException: io.opencui.test.fever
	at java.base/java.net.URLClassLoader.findClass(URLClassLoader.java:476)
	at java.base/java.lang.ClassLoader.loadClass(ClassLoader.java:589)
	at java.base/java.lang.ClassLoader.loadClass(ClassLoader.java:522)
	at java.base/java.lang.Class.forName0(Native Method)
	at java.base/java.lang.Class.forName(Class.java:398)
	at io.opencui.core.UserSession.construct(UserSession.kt:627)
	at io.opencui.core.BaseKt$createFrameGenerator$1.invoke(base.kt:38)
	at io.opencui.core.BaseKt$createFrameGenerator$1.invoke(base.kt:33)
	at io.opencui.core.InterfaceFiller$askFiller$2$entityFiller$2.invoke(filler.kt:933)
	at io.opencui.core.InterfaceFiller$askFiller$2$entityFiller$2.invoke(filler.kt:933)
	at io.opencui.core.RealtypeFiller.isCompatible(filler.kt:401)
	at io.opencui.core.AnnotatedWrapperFiller.grow(filler.kt:668)
	at io.opencui.core.Scheduler.grow(UserSession.kt:61)
	at io.opencui.core.RescheduleAction.run(action.kt:481)
	at io.opencui.core.DialogManager.response(execution.kt:108)
	at io.opencui.core.RuntimeTest.process(RuntimeTest.kt:1687)
	at io.opencui.core.RuntimeTest.testBasics(RuntimeTest.kt:250)
	at java.base/jdk.internal.reflect.NativeMethodAccessorImpl.invoke0(Native Method)
	at java.base/jdk.internal.reflect.NativeMethodAccessorImpl.invoke(NativeMethodAccessorImpl.java:62)
	at java.base/jdk.internal.reflect.DelegatingMethodAccessorImpl.invoke(DelegatingMethodAccessorImpl.java:43)
	at java.base/java.lang.reflect.Method.invoke(Method.java:566)
	at org.junit.runners.model.FrameworkMethod$1.runReflectiveCall(FrameworkMethod.java:50)
	at org.junit.internal.runners.model.ReflectiveCallable.run(ReflectiveCallable.java:12)
	at org.junit.runners.model.FrameworkMethod.invokeExplosively(FrameworkMethod.java:47)
	at org.junit.internal.runners.statements.InvokeMethod.evaluate(InvokeMethod.java:17)
	at org.junit.runners.ParentRunner.runLeaf(ParentRunner.java:325)
	at org.junit.runners.BlockJUnit4ClassRunner.runChild(BlockJUnit4ClassRunner.java:78)
	at org.junit.runners.BlockJUnit4ClassRunner.runChild(BlockJUnit4ClassRunner.java:57)
	at org.junit.runners.ParentRunner$3.run(ParentRunner.java:290)
	at org.junit.runners.ParentRunner$1.schedule(ParentRunner.java:71)
	at org.junit.runners.ParentRunner.runChildren(ParentRunner.java:288)
	at org.junit.runners.ParentRunner.access$000(ParentRunner.java:58)
	at org.junit.runners.ParentRunner$2.evaluate(ParentRunner.java:268)
	at org.junit.runners.ParentRunner.run(ParentRunner.java:363)
	at org.gradle.api.internal.tasks.testing.junit.JUnitTestClassExecutor.runTestClass(JUnitTestClassExecutor.java:110)
	at org.gradle.api.internal.tasks.testing.junit.JUnitTestClassExecutor.execute(JUnitTestClassExecutor.java:58)
	at org.gradle.api.internal.tasks.testing.junit.JUnitTestClassExecutor.execute(JUnitTestClassExecutor.java:38)
	at org.gradle.api.internal.tasks.testing.junit.AbstractJUnitTestClassProcessor.processTestClass(AbstractJUnitTestClassProcessor.java:62)
	at org.gradle.api.internal.tasks.testing.SuiteTestClassProcessor.processTestClass(SuiteTestClassProcessor.java:51)
	at java.base/jdk.internal.reflect.NativeMethodAccessorImpl.invoke0(Native Method)
	at java.base/jdk.internal.reflect.NativeMethodAccessorImpl.invoke(NativeMethodAccessorImpl.java:62)
	at java.base/jdk.internal.reflect.DelegatingMethodAccessorImpl.invoke(DelegatingMethodAccessorImpl.java:43)
	at java.base/java.lang.reflect.Method.invoke(Method.java:566)
	at org.gradle.internal.dispatch.ReflectionDispatch.dispatch(ReflectionDispatch.java:36)
	at org.gradle.internal.dispatch.ReflectionDispatch.dispatch(ReflectionDispatch.java:24)
	at org.gradle.internal.dispatch.ContextClassLoaderDispatch.dispatch(ContextClassLoaderDispatch.java:33)
	at org.gradle.internal.dispatch.ProxyDispatchAdapter$DispatchingInvocationHandler.invoke(ProxyDispatchAdapter.java:94)
	at com.sun.proxy.$Proxy2.processTestClass(Unknown Source)
	at org.gradle.api.internal.tasks.testing.worker.TestWorker$2.run(TestWorker.java:176)
	at org.gradle.api.internal.tasks.testing.worker.TestWorker.executeAndMaintainThreadName(TestWorker.java:129)
	at org.gradle.api.internal.tasks.testing.worker.TestWorker.execute(TestWorker.java:100)
	at org.gradle.api.internal.tasks.testing.worker.TestWorker.execute(TestWorker.java:60)
	at org.gradle.process.internal.worker.child.ActionExecutionWorker.execute(ActionExecutionWorker.java:56)
	at org.gradle.process.internal.worker.child.SystemApplicationClassLoaderWorker.call(SystemApplicationClassLoaderWorker.java:133)
	at org.gradle.process.internal.worker.child.SystemApplicationClassLoaderWorker.call(SystemApplicationClassLoaderWorker.java:71)
	at worker.org.gradle.process.internal.worker.GradleWorkerMain.run(GradleWorkerMain.java:69)
	at worker.org.gradle.process.internal.worker.GradleWorkerMain.main(GradleWorkerMain.java:74)
java.lang.ClassNotFoundException: io.opencui.test.person
	at java.base/java.net.URLClassLoader.findClass(URLClassLoader.java:476)
	at java.base/java.lang.ClassLoader.loadClass(ClassLoader.java:589)
	at java.base/java.lang.ClassLoader.loadClass(ClassLoader.java:522)
	at java.base/java.lang.Class.forName0(Native Method)
	at java.base/java.lang.Class.forName(Class.java:398)
	at io.opencui.core.UserSession.construct(UserSession.kt:627)
	at io.opencui.core.BaseKt$createFrameGenerator$1.invoke(base.kt:38)
	at io.opencui.core.BaseKt$createFrameGenerator$1.invoke(base.kt:33)
	at io.opencui.core.InterfaceFiller$askFiller$2$entityFiller$2.invoke(filler.kt:933)
	at io.opencui.core.InterfaceFiller$askFiller$2$entityFiller$2.invoke(filler.kt:933)
	at io.opencui.core.RealtypeFiller.isCompatible(filler.kt:401)
	at io.opencui.core.AEntityFiller.move(filler.kt:263)
	at io.opencui.core.Scheduler.grow(UserSession.kt:59)
	at io.opencui.core.RescheduleAction.run(action.kt:481)
	at io.opencui.core.DialogManager.response(execution.kt:108)
	at io.opencui.core.RuntimeTest.process(RuntimeTest.kt:1687)
	at io.opencui.core.RuntimeTest.testBasics(RuntimeTest.kt:250)
	at java.base/jdk.internal.reflect.NativeMethodAccessorImpl.invoke0(Native Method)
	at java.base/jdk.internal.reflect.NativeMethodAccessorImpl.invoke(NativeMethodAccessorImpl.java:62)
	at java.base/jdk.internal.reflect.DelegatingMethodAccessorImpl.invoke(DelegatingMethodAccessorImpl.java:43)
	at java.base/java.lang.reflect.Method.invoke(Method.java:566)
	at org.junit.runners.model.FrameworkMethod$1.runReflectiveCall(FrameworkMethod.java:50)
	at org.junit.internal.runners.model.ReflectiveCallable.run(ReflectiveCallable.java:12)
	at org.junit.runners.model.FrameworkMethod.invokeExplosively(FrameworkMethod.java:47)
	at org.junit.internal.runners.statements.InvokeMethod.evaluate(InvokeMethod.java:17)
	at org.junit.runners.ParentRunner.runLeaf(ParentRunner.java:325)
	at org.junit.runners.BlockJUnit4ClassRunner.runChild(BlockJUnit4ClassRunner.java:78)
	at org.junit.runners.BlockJUnit4ClassRunner.runChild(BlockJUnit4ClassRunner.java:57)
	at org.junit.runners.ParentRunner$3.run(ParentRunner.java:290)
	at org.junit.runners.ParentRunner$1.schedule(ParentRunner.java:71)
	at org.junit.runners.ParentRunner.runChildren(ParentRunner.java:288)
	at org.junit.runners.ParentRunner.access$000(ParentRunner.java:58)
	at org.junit.runners.ParentRunner$2.evaluate(ParentRunner.java:268)
	at org.junit.runners.ParentRunner.run(ParentRunner.java:363)
	at org.gradle.api.internal.tasks.testing.junit.JUnitTestClassExecutor.runTestClass(JUnitTestClassExecutor.java:110)
	at org.gradle.api.internal.tasks.testing.junit.JUnitTestClassExecutor.execute(JUnitTestClassExecutor.java:58)
	at org.gradle.api.internal.tasks.testing.junit.JUnitTestClassExecutor.execute(JUnitTestClassExecutor.java:38)
	at org.gradle.api.internal.tasks.testing.junit.AbstractJUnitTestClassProcessor.processTestClass(AbstractJUnitTestClassProcessor.java:62)
	at org.gradle.api.internal.tasks.testing.SuiteTestClassProcessor.processTestClass(SuiteTestClassProcessor.java:51)
	at java.base/jdk.internal.reflect.NativeMethodAccessorImpl.invoke0(Native Method)
	at java.base/jdk.internal.reflect.NativeMethodAccessorImpl.invoke(NativeMethodAccessorImpl.java:62)
	at java.base/jdk.internal.reflect.DelegatingMethodAccessorImpl.invoke(DelegatingMethodAccessorImpl.java:43)
	at java.base/java.lang.reflect.Method.invoke(Method.java:566)
	at org.gradle.internal.dispatch.ReflectionDispatch.dispatch(ReflectionDispatch.java:36)
	at org.gradle.internal.dispatch.ReflectionDispatch.dispatch(ReflectionDispatch.java:24)
	at org.gradle.internal.dispatch.ContextClassLoaderDispatch.dispatch(ContextClassLoaderDispatch.java:33)
	at org.gradle.internal.dispatch.ProxyDispatchAdapter$DispatchingInvocationHandler.invoke(ProxyDispatchAdapter.java:94)
	at com.sun.proxy.$Proxy2.processTestClass(Unknown Source)
	at org.gradle.api.internal.tasks.testing.worker.TestWorker$2.run(TestWorker.java:176)
	at org.gradle.api.internal.tasks.testing.worker.TestWorker.executeAndMaintainThreadName(TestWorker.java:129)
	at org.gradle.api.internal.tasks.testing.worker.TestWorker.execute(TestWorker.java:100)
	at org.gradle.api.internal.tasks.testing.worker.TestWorker.execute(TestWorker.java:60)
	at org.gradle.process.internal.worker.child.ActionExecutionWorker.execute(ActionExecutionWorker.java:56)
	at org.gradle.process.internal.worker.child.SystemApplicationClassLoaderWorker.call(SystemApplicationClassLoaderWorker.java:133)
	at org.gradle.process.internal.worker.child.SystemApplicationClassLoaderWorker.call(SystemApplicationClassLoaderWorker.java:71)
	at worker.org.gradle.process.internal.worker.GradleWorkerMain.run(GradleWorkerMain.java:69)
	at worker.org.gradle.process.internal.worker.GradleWorkerMain.main(GradleWorkerMain.java:74)
java.lang.ClassNotFoundException: io.opencui.test.fever
	at java.base/java.net.URLClassLoader.findClass(URLClassLoader.java:476)
	at java.base/java.lang.ClassLoader.loadClass(ClassLoader.java:589)
	at java.base/java.lang.ClassLoader.loadClass(ClassLoader.java:522)
	at java.base/java.lang.Class.forName0(Native Method)
	at java.base/java.lang.Class.forName(Class.java:398)
	at io.opencui.core.UserSession.construct(UserSession.kt:627)
	at io.opencui.core.BaseKt$createFrameGenerator$1.invoke(base.kt:38)
	at io.opencui.core.BaseKt$createFrameGenerator$1.invoke(base.kt:33)
	at io.opencui.core.InterfaceFiller$askFiller$2$entityFiller$2.invoke(filler.kt:933)
	at io.opencui.core.InterfaceFiller$askFiller$2$entityFiller$2.invoke(filler.kt:933)
	at io.opencui.core.RealtypeFiller.isCompatible(filler.kt:401)
	at io.opencui.core.AEntityFiller.move(filler.kt:263)
	at io.opencui.core.Scheduler.grow(UserSession.kt:59)
	at io.opencui.core.RescheduleAction.run(action.kt:481)
	at io.opencui.core.DialogManager.response(execution.kt:108)
	at io.opencui.core.RuntimeTest.process(RuntimeTest.kt:1687)
	at io.opencui.core.RuntimeTest.testBasics(RuntimeTest.kt:250)
	at java.base/jdk.internal.reflect.NativeMethodAccessorImpl.invoke0(Native Method)
	at java.base/jdk.internal.reflect.NativeMethodAccessorImpl.invoke(NativeMethodAccessorImpl.java:62)
	at java.base/jdk.internal.reflect.DelegatingMethodAccessorImpl.invoke(DelegatingMethodAccessorImpl.java:43)
	at java.base/java.lang.reflect.Method.invoke(Method.java:566)
	at org.junit.runners.model.FrameworkMethod$1.runReflectiveCall(FrameworkMethod.java:50)
	at org.junit.internal.runners.model.ReflectiveCallable.run(ReflectiveCallable.java:12)
	at org.junit.runners.model.FrameworkMethod.invokeExplosively(FrameworkMethod.java:47)
	at org.junit.internal.runners.statements.InvokeMethod.evaluate(InvokeMethod.java:17)
	at org.junit.runners.ParentRunner.runLeaf(ParentRunner.java:325)
	at org.junit.runners.BlockJUnit4ClassRunner.runChild(BlockJUnit4ClassRunner.java:78)
	at org.junit.runners.BlockJUnit4ClassRunner.runChild(BlockJUnit4ClassRunner.java:57)
	at org.junit.runners.ParentRunner$3.run(ParentRunner.java:290)
	at org.junit.runners.ParentRunner$1.schedule(ParentRunner.java:71)
	at org.junit.runners.ParentRunner.runChildren(ParentRunner.java:288)
	at org.junit.runners.ParentRunner.access$000(ParentRunner.java:58)
	at org.junit.runners.ParentRunner$2.evaluate(ParentRunner.java:268)
	at org.junit.runners.ParentRunner.run(ParentRunner.java:363)
	at org.gradle.api.internal.tasks.testing.junit.JUnitTestClassExecutor.runTestClass(JUnitTestClassExecutor.java:110)
	at org.gradle.api.internal.tasks.testing.junit.JUnitTestClassExecutor.execute(JUnitTestClassExecutor.java:58)
	at org.gradle.api.internal.tasks.testing.junit.JUnitTestClassExecutor.execute(JUnitTestClassExecutor.java:38)
	at org.gradle.api.internal.tasks.testing.junit.AbstractJUnitTestClassProcessor.processTestClass(AbstractJUnitTestClassProcessor.java:62)
	at org.gradle.api.internal.tasks.testing.SuiteTestClassProcessor.processTestClass(SuiteTestClassProcessor.java:51)
	at java.base/jdk.internal.reflect.NativeMethodAccessorImpl.invoke0(Native Method)
	at java.base/jdk.internal.reflect.NativeMethodAccessorImpl.invoke(NativeMethodAccessorImpl.java:62)
	at java.base/jdk.internal.reflect.DelegatingMethodAccessorImpl.invoke(DelegatingMethodAccessorImpl.java:43)
	at java.base/java.lang.reflect.Method.invoke(Method.java:566)
	at org.gradle.internal.dispatch.ReflectionDispatch.dispatch(ReflectionDispatch.java:36)
	at org.gradle.internal.dispatch.ReflectionDispatch.dispatch(ReflectionDispatch.java:24)
	at org.gradle.internal.dispatch.ContextClassLoaderDispatch.dispatch(ContextClassLoaderDispatch.java:33)
	at org.gradle.internal.dispatch.ProxyDispatchAdapter$DispatchingInvocationHandler.invoke(ProxyDispatchAdapter.java:94)
	at com.sun.proxy.$Proxy2.processTestClass(Unknown Source)
	at org.gradle.api.internal.tasks.testing.worker.TestWorker$2.run(TestWorker.java:176)
	at org.gradle.api.internal.tasks.testing.worker.TestWorker.executeAndMaintainThreadName(TestWorker.java:129)
	at org.gradle.api.internal.tasks.testing.worker.TestWorker.execute(TestWorker.java:100)
	at org.gradle.api.internal.tasks.testing.worker.TestWorker.execute(TestWorker.java:60)
	at org.gradle.process.internal.worker.child.ActionExecutionWorker.execute(ActionExecutionWorker.java:56)
	at org.gradle.process.internal.worker.child.SystemApplicationClassLoaderWorker.call(SystemApplicationClassLoaderWorker.java:133)
	at org.gradle.process.internal.worker.child.SystemApplicationClassLoaderWorker.call(SystemApplicationClassLoaderWorker.java:71)
	at worker.org.gradle.process.internal.worker.GradleWorkerMain.run(GradleWorkerMain.java:69)
	at worker.org.gradle.process.internal.worker.GradleWorkerMain.main(GradleWorkerMain.java:74)
java.lang.ClassNotFoundException: io.opencui.test.person
	at java.base/java.net.URLClassLoader.findClass(URLClassLoader.java:476)
	at java.base/java.lang.ClassLoader.loadClass(ClassLoader.java:589)
	at java.base/java.lang.ClassLoader.loadClass(ClassLoader.java:522)
	at java.base/java.lang.Class.forName0(Native Method)
	at java.base/java.lang.Class.forName(Class.java:398)
	at io.opencui.core.UserSession.construct(UserSession.kt:627)
	at io.opencui.core.BaseKt$createFrameGenerator$1.invoke(base.kt:38)
	at io.opencui.core.BaseKt$createFrameGenerator$1.invoke(base.kt:33)
	at io.opencui.core.InterfaceFiller$askFiller$2$entityFiller$2.invoke(filler.kt:933)
	at io.opencui.core.InterfaceFiller$askFiller$2$entityFiller$2.invoke(filler.kt:933)
	at io.opencui.core.RealtypeFiller.isCompatible(filler.kt:401)
	at io.opencui.core.UserSession.kernelStep(UserSession.kt:249)
	at io.opencui.core.UserSession.userStep(UserSession.kt:204)
	at io.opencui.core.DialogManager.response(execution.kt:99)
	at io.opencui.core.RuntimeTest.process(RuntimeTest.kt:1687)
	at io.opencui.core.RuntimeTest.testBasics(RuntimeTest.kt:250)
	at java.base/jdk.internal.reflect.NativeMethodAccessorImpl.invoke0(Native Method)
	at java.base/jdk.internal.reflect.NativeMethodAccessorImpl.invoke(NativeMethodAccessorImpl.java:62)
	at java.base/jdk.internal.reflect.DelegatingMethodAccessorImpl.invoke(DelegatingMethodAccessorImpl.java:43)
	at java.base/java.lang.reflect.Method.invoke(Method.java:566)
	at org.junit.runners.model.FrameworkMethod$1.runReflectiveCall(FrameworkMethod.java:50)
	at org.junit.internal.runners.model.ReflectiveCallable.run(ReflectiveCallable.java:12)
	at org.junit.runners.model.FrameworkMethod.invokeExplosively(FrameworkMethod.java:47)
	at org.junit.internal.runners.statements.InvokeMethod.evaluate(InvokeMethod.java:17)
	at org.junit.runners.ParentRunner.runLeaf(ParentRunner.java:325)
	at org.junit.runners.BlockJUnit4ClassRunner.runChild(BlockJUnit4ClassRunner.java:78)
	at org.junit.runners.BlockJUnit4ClassRunner.runChild(BlockJUnit4ClassRunner.java:57)
	at org.junit.runners.ParentRunner$3.run(ParentRunner.java:290)
	at org.junit.runners.ParentRunner$1.schedule(ParentRunner.java:71)
	at org.junit.runners.ParentRunner.runChildren(ParentRunner.java:288)
	at org.junit.runners.ParentRunner.access$000(ParentRunner.java:58)
	at org.junit.runners.ParentRunner$2.evaluate(ParentRunner.java:268)
	at org.junit.runners.ParentRunner.run(ParentRunner.java:363)
	at org.gradle.api.internal.tasks.testing.junit.JUnitTestClassExecutor.runTestClass(JUnitTestClassExecutor.java:110)
	at org.gradle.api.internal.tasks.testing.junit.JUnitTestClassExecutor.execute(JUnitTestClassExecutor.java:58)
	at org.gradle.api.internal.tasks.testing.junit.JUnitTestClassExecutor.execute(JUnitTestClassExecutor.java:38)
	at org.gradle.api.internal.tasks.testing.junit.AbstractJUnitTestClassProcessor.processTestClass(AbstractJUnitTestClassProcessor.java:62)
	at org.gradle.api.internal.tasks.testing.SuiteTestClassProcessor.processTestClass(SuiteTestClassProcessor.java:51)
	at java.base/jdk.internal.reflect.NativeMethodAccessorImpl.invoke0(Native Method)
	at java.base/jdk.internal.reflect.NativeMethodAccessorImpl.invoke(NativeMethodAccessorImpl.java:62)
	at java.base/jdk.internal.reflect.DelegatingMethodAccessorImpl.invoke(DelegatingMethodAccessorImpl.java:43)
	at java.base/java.lang.reflect.Method.invoke(Method.java:566)
	at org.gradle.internal.dispatch.ReflectionDispatch.dispatch(ReflectionDispatch.java:36)
	at org.gradle.internal.dispatch.ReflectionDispatch.dispatch(ReflectionDispatch.java:24)
	at org.gradle.internal.dispatch.ContextClassLoaderDispatch.dispatch(ContextClassLoaderDispatch.java:33)
	at org.gradle.internal.dispatch.ProxyDispatchAdapter$DispatchingInvocationHandler.invoke(ProxyDispatchAdapter.java:94)
	at com.sun.proxy.$Proxy2.processTestClass(Unknown Source)
	at org.gradle.api.internal.tasks.testing.worker.TestWorker$2.run(TestWorker.java:176)
	at org.gradle.api.internal.tasks.testing.worker.TestWorker.executeAndMaintainThreadName(TestWorker.java:129)
	at org.gradle.api.internal.tasks.testing.worker.TestWorker.execute(TestWorker.java:100)
	at org.gradle.api.internal.tasks.testing.worker.TestWorker.execute(TestWorker.java:60)
	at org.gradle.process.internal.worker.child.ActionExecutionWorker.execute(ActionExecutionWorker.java:56)
	at org.gradle.process.internal.worker.child.SystemApplicationClassLoaderWorker.call(SystemApplicationClassLoaderWorker.java:133)
	at org.gradle.process.internal.worker.child.SystemApplicationClassLoaderWorker.call(SystemApplicationClassLoaderWorker.java:71)
	at worker.org.gradle.process.internal.worker.GradleWorkerMain.run(GradleWorkerMain.java:69)
	at worker.org.gradle.process.internal.worker.GradleWorkerMain.main(GradleWorkerMain.java:74)
java.lang.ClassNotFoundException: io.opencui.test.fever
	at java.base/java.net.URLClassLoader.findClass(URLClassLoader.java:476)
	at java.base/java.lang.ClassLoader.loadClass(ClassLoader.java:589)
	at java.base/java.lang.ClassLoader.loadClass(ClassLoader.java:522)
	at java.base/java.lang.Class.forName0(Native Method)
	at java.base/java.lang.Class.forName(Class.java:398)
	at io.opencui.core.UserSession.construct(UserSession.kt:627)
	at io.opencui.core.BaseKt$createFrameGenerator$1.invoke(base.kt:38)
	at io.opencui.core.BaseKt$createFrameGenerator$1.invoke(base.kt:33)
	at io.opencui.core.InterfaceFiller$askFiller$2$entityFiller$2.invoke(filler.kt:933)
	at io.opencui.core.InterfaceFiller$askFiller$2$entityFiller$2.invoke(filler.kt:933)
	at io.opencui.core.RealtypeFiller.isCompatible(filler.kt:401)
	at io.opencui.core.UserSession.kernelStep(UserSession.kt:249)
	at io.opencui.core.UserSession.userStep(UserSession.kt:204)
	at io.opencui.core.DialogManager.response(execution.kt:99)
	at io.opencui.core.RuntimeTest.process(RuntimeTest.kt:1687)
	at io.opencui.core.RuntimeTest.testBasics(RuntimeTest.kt:250)
	at java.base/jdk.internal.reflect.NativeMethodAccessorImpl.invoke0(Native Method)
	at java.base/jdk.internal.reflect.NativeMethodAccessorImpl.invoke(NativeMethodAccessorImpl.java:62)
	at java.base/jdk.internal.reflect.DelegatingMethodAccessorImpl.invoke(DelegatingMethodAccessorImpl.java:43)
	at java.base/java.lang.reflect.Method.invoke(Method.java:566)
	at org.junit.runners.model.FrameworkMethod$1.runReflectiveCall(FrameworkMethod.java:50)
	at org.junit.internal.runners.model.ReflectiveCallable.run(ReflectiveCallable.java:12)
	at org.junit.runners.model.FrameworkMethod.invokeExplosively(FrameworkMethod.java:47)
	at org.junit.internal.runners.statements.InvokeMethod.evaluate(InvokeMethod.java:17)
	at org.junit.runners.ParentRunner.runLeaf(ParentRunner.java:325)
	at org.junit.runners.BlockJUnit4ClassRunner.runChild(BlockJUnit4ClassRunner.java:78)
	at org.junit.runners.BlockJUnit4ClassRunner.runChild(BlockJUnit4ClassRunner.java:57)
	at org.junit.runners.ParentRunner$3.run(ParentRunner.java:290)
	at org.junit.runners.ParentRunner$1.schedule(ParentRunner.java:71)
	at org.junit.runners.ParentRunner.runChildren(ParentRunner.java:288)
	at org.junit.runners.ParentRunner.access$000(ParentRunner.java:58)
	at org.junit.runners.ParentRunner$2.evaluate(ParentRunner.java:268)
	at org.junit.runners.ParentRunner.run(ParentRunner.java:363)
	at org.gradle.api.internal.tasks.testing.junit.JUnitTestClassExecutor.runTestClass(JUnitTestClassExecutor.java:110)
	at org.gradle.api.internal.tasks.testing.junit.JUnitTestClassExecutor.execute(JUnitTestClassExecutor.java:58)
	at org.gradle.api.internal.tasks.testing.junit.JUnitTestClassExecutor.execute(JUnitTestClassExecutor.java:38)
	at org.gradle.api.internal.tasks.testing.junit.AbstractJUnitTestClassProcessor.processTestClass(AbstractJUnitTestClassProcessor.java:62)
	at org.gradle.api.internal.tasks.testing.SuiteTestClassProcessor.processTestClass(SuiteTestClassProcessor.java:51)
	at java.base/jdk.internal.reflect.NativeMethodAccessorImpl.invoke0(Native Method)
	at java.base/jdk.internal.reflect.NativeMethodAccessorImpl.invoke(NativeMethodAccessorImpl.java:62)
	at java.base/jdk.internal.reflect.DelegatingMethodAccessorImpl.invoke(DelegatingMethodAccessorImpl.java:43)
	at java.base/java.lang.reflect.Method.invoke(Method.java:566)
	at org.gradle.internal.dispatch.ReflectionDispatch.dispatch(ReflectionDispatch.java:36)
	at org.gradle.internal.dispatch.ReflectionDispatch.dispatch(ReflectionDispatch.java:24)
	at org.gradle.internal.dispatch.ContextClassLoaderDispatch.dispatch(ContextClassLoaderDispatch.java:33)
	at org.gradle.internal.dispatch.ProxyDispatchAdapter$DispatchingInvocationHandler.invoke(ProxyDispatchAdapter.java:94)
	at com.sun.proxy.$Proxy2.processTestClass(Unknown Source)
	at org.gradle.api.internal.tasks.testing.worker.TestWorker$2.run(TestWorker.java:176)
	at org.gradle.api.internal.tasks.testing.worker.TestWorker.executeAndMaintainThreadName(TestWorker.java:129)
	at org.gradle.api.internal.tasks.testing.worker.TestWorker.execute(TestWorker.java:100)
	at org.gradle.api.internal.tasks.testing.worker.TestWorker.execute(TestWorker.java:60)
	at org.gradle.process.internal.worker.child.ActionExecutionWorker.execute(ActionExecutionWorker.java:56)
	at org.gradle.process.internal.worker.child.SystemApplicationClassLoaderWorker.call(SystemApplicationClassLoaderWorker.java:133)
	at org.gradle.process.internal.worker.child.SystemApplicationClassLoaderWorker.call(SystemApplicationClassLoaderWorker.java:71)
	at worker.org.gradle.process.internal.worker.GradleWorkerMain.run(GradleWorkerMain.java:69)
	at worker.org.gradle.process.internal.worker.GradleWorkerMain.main(GradleWorkerMain.java:74)
[Test worker] INFO io.opencui.core.DialogManager - session state after turn 21 : {"schedulers_count":1,"main":{"state":"POST_ASK","fillers":[{"filler_type":"AnnotatedWrapperFiller","attribute":"PreDiagnosis"},{"filler_type":"FrameFiller","attribute":"PreDiagnosis"},{"filler_type":"AnnotatedWrapperFiller","attribute":"symptoms"},{"filler_type":"MultiValueFiller","attribute":"symptoms"},{"filler_type":"AnnotatedWrapperFiller","attribute":"symptoms._hast"},{"filler_type":"FrameFiller","attribute":"symptoms._hast"},{"filler_type":"AnnotatedWrapperFiller","attribute":"status"},{"filler_type":"InterfaceFiller","attribute":"status"},{"filler_type":"AnnotatedWrapperFiller","attribute":"status._realtype"},{"filler_type":"RealtypeFiller","attribute":"status._realtype"}]}}
[Test worker] INFO io.opencui.core.DialogManager - session state before turn 22 : {"schedulers_count":1,"main":{"state":"POST_ASK","fillers":[{"filler_type":"AnnotatedWrapperFiller","attribute":"PreDiagnosis"},{"filler_type":"FrameFiller","attribute":"PreDiagnosis"},{"filler_type":"AnnotatedWrapperFiller","attribute":"symptoms"},{"filler_type":"MultiValueFiller","attribute":"symptoms"},{"filler_type":"AnnotatedWrapperFiller","attribute":"symptoms._hast"},{"filler_type":"FrameFiller","attribute":"symptoms._hast"},{"filler_type":"AnnotatedWrapperFiller","attribute":"status"},{"filler_type":"InterfaceFiller","attribute":"status"},{"filler_type":"AnnotatedWrapperFiller","attribute":"status._realtype"},{"filler_type":"RealtypeFiller","attribute":"status._realtype"}]}}
java.lang.ClassNotFoundException: io.opencui.test.person
	at java.base/java.net.URLClassLoader.findClass(URLClassLoader.java:476)
	at java.base/java.lang.ClassLoader.loadClass(ClassLoader.java:589)
	at java.base/java.lang.ClassLoader.loadClass(ClassLoader.java:522)
	at java.base/java.lang.Class.forName0(Native Method)
	at java.base/java.lang.Class.forName(Class.java:398)
	at io.opencui.core.UserSession.construct(UserSession.kt:627)
	at io.opencui.core.BaseKt$createFrameGenerator$1.invoke(base.kt:38)
	at io.opencui.core.BaseKt$createFrameGenerator$1.invoke(base.kt:33)
	at io.opencui.core.InterfaceFiller$askFiller$2$entityFiller$2.invoke(filler.kt:933)
	at io.opencui.core.InterfaceFiller$askFiller$2$entityFiller$2.invoke(filler.kt:933)
	at io.opencui.core.RealtypeFiller.isCompatible(filler.kt:401)
	at io.opencui.core.UserSession.kernelStep(UserSession.kt:249)
	at io.opencui.core.UserSession.userStep(UserSession.kt:204)
	at io.opencui.core.DialogManager.response(execution.kt:99)
	at io.opencui.core.RuntimeTest.process(RuntimeTest.kt:1687)
	at io.opencui.core.RuntimeTest.testBasics(RuntimeTest.kt:250)
	at java.base/jdk.internal.reflect.NativeMethodAccessorImpl.invoke0(Native Method)
	at java.base/jdk.internal.reflect.NativeMethodAccessorImpl.invoke(NativeMethodAccessorImpl.java:62)
	at java.base/jdk.internal.reflect.DelegatingMethodAccessorImpl.invoke(DelegatingMethodAccessorImpl.java:43)
	at java.base/java.lang.reflect.Method.invoke(Method.java:566)
	at org.junit.runners.model.FrameworkMethod$1.runReflectiveCall(FrameworkMethod.java:50)
	at org.junit.internal.runners.model.ReflectiveCallable.run(ReflectiveCallable.java:12)
	at org.junit.runners.model.FrameworkMethod.invokeExplosively(FrameworkMethod.java:47)
	at org.junit.internal.runners.statements.InvokeMethod.evaluate(InvokeMethod.java:17)
	at org.junit.runners.ParentRunner.runLeaf(ParentRunner.java:325)
	at org.junit.runners.BlockJUnit4ClassRunner.runChild(BlockJUnit4ClassRunner.java:78)
	at org.junit.runners.BlockJUnit4ClassRunner.runChild(BlockJUnit4ClassRunner.java:57)
	at org.junit.runners.ParentRunner$3.run(ParentRunner.java:290)
	at org.junit.runners.ParentRunner$1.schedule(ParentRunner.java:71)
	at org.junit.runners.ParentRunner.runChildren(ParentRunner.java:288)
	at org.junit.runners.ParentRunner.access$000(ParentRunner.java:58)
	at org.junit.runners.ParentRunner$2.evaluate(ParentRunner.java:268)
	at org.junit.runners.ParentRunner.run(ParentRunner.java:363)
	at org.gradle.api.internal.tasks.testing.junit.JUnitTestClassExecutor.runTestClass(JUnitTestClassExecutor.java:110)
	at org.gradle.api.internal.tasks.testing.junit.JUnitTestClassExecutor.execute(JUnitTestClassExecutor.java:58)
	at org.gradle.api.internal.tasks.testing.junit.JUnitTestClassExecutor.execute(JUnitTestClassExecutor.java:38)
	at org.gradle.api.internal.tasks.testing.junit.AbstractJUnitTestClassProcessor.processTestClass(AbstractJUnitTestClassProcessor.java:62)
	at org.gradle.api.internal.tasks.testing.SuiteTestClassProcessor.processTestClass(SuiteTestClassProcessor.java:51)
	at java.base/jdk.internal.reflect.NativeMethodAccessorImpl.invoke0(Native Method)
	at java.base/jdk.internal.reflect.NativeMethodAccessorImpl.invoke(NativeMethodAccessorImpl.java:62)
	at java.base/jdk.internal.reflect.DelegatingMethodAccessorImpl.invoke(DelegatingMethodAccessorImpl.java:43)
	at java.base/java.lang.reflect.Method.invoke(Method.java:566)
	at org.gradle.internal.dispatch.ReflectionDispatch.dispatch(ReflectionDispatch.java:36)
	at org.gradle.internal.dispatch.ReflectionDispatch.dispatch(ReflectionDispatch.java:24)
	at org.gradle.internal.dispatch.ContextClassLoaderDispatch.dispatch(ContextClassLoaderDispatch.java:33)
	at org.gradle.internal.dispatch.ProxyDispatchAdapter$DispatchingInvocationHandler.invoke(ProxyDispatchAdapter.java:94)
	at com.sun.proxy.$Proxy2.processTestClass(Unknown Source)
	at org.gradle.api.internal.tasks.testing.worker.TestWorker$2.run(TestWorker.java:176)
	at org.gradle.api.internal.tasks.testing.worker.TestWorker.executeAndMaintainThreadName(TestWorker.java:129)
	at org.gradle.api.internal.tasks.testing.worker.TestWorker.execute(TestWorker.java:100)
	at org.gradle.api.internal.tasks.testing.worker.TestWorker.execute(TestWorker.java:60)
	at org.gradle.process.internal.worker.child.ActionExecutionWorker.execute(ActionExecutionWorker.java:56)
	at org.gradle.process.internal.worker.child.SystemApplicationClassLoaderWorker.call(SystemApplicationClassLoaderWorker.java:133)
	at org.gradle.process.internal.worker.child.SystemApplicationClassLoaderWorker.call(SystemApplicationClassLoaderWorker.java:71)
	at worker.org.gradle.process.internal.worker.GradleWorkerMain.run(GradleWorkerMain.java:69)
	at worker.org.gradle.process.internal.worker.GradleWorkerMain.main(GradleWorkerMain.java:74)
java.lang.ClassNotFoundException: io.opencui.test.fever
	at java.base/java.net.URLClassLoader.findClass(URLClassLoader.java:476)
	at java.base/java.lang.ClassLoader.loadClass(ClassLoader.java:589)
	at java.base/java.lang.ClassLoader.loadClass(ClassLoader.java:522)
	at java.base/java.lang.Class.forName0(Native Method)
	at java.base/java.lang.Class.forName(Class.java:398)
	at io.opencui.core.UserSession.construct(UserSession.kt:627)
	at io.opencui.core.BaseKt$createFrameGenerator$1.invoke(base.kt:38)
	at io.opencui.core.BaseKt$createFrameGenerator$1.invoke(base.kt:33)
	at io.opencui.core.InterfaceFiller$askFiller$2$entityFiller$2.invoke(filler.kt:933)
	at io.opencui.core.InterfaceFiller$askFiller$2$entityFiller$2.invoke(filler.kt:933)
	at io.opencui.core.RealtypeFiller.isCompatible(filler.kt:401)
	at io.opencui.core.UserSession.kernelStep(UserSession.kt:249)
	at io.opencui.core.UserSession.userStep(UserSession.kt:204)
	at io.opencui.core.DialogManager.response(execution.kt:99)
	at io.opencui.core.RuntimeTest.process(RuntimeTest.kt:1687)
	at io.opencui.core.RuntimeTest.testBasics(RuntimeTest.kt:250)
	at java.base/jdk.internal.reflect.NativeMethodAccessorImpl.invoke0(Native Method)
	at java.base/jdk.internal.reflect.NativeMethodAccessorImpl.invoke(NativeMethodAccessorImpl.java:62)
	at java.base/jdk.internal.reflect.DelegatingMethodAccessorImpl.invoke(DelegatingMethodAccessorImpl.java:43)
	at java.base/java.lang.reflect.Method.invoke(Method.java:566)
	at org.junit.runners.model.FrameworkMethod$1.runReflectiveCall(FrameworkMethod.java:50)
	at org.junit.internal.runners.model.ReflectiveCallable.run(ReflectiveCallable.java:12)
	at org.junit.runners.model.FrameworkMethod.invokeExplosively(FrameworkMethod.java:47)
	at org.junit.internal.runners.statements.InvokeMethod.evaluate(InvokeMethod.java:17)
	at org.junit.runners.ParentRunner.runLeaf(ParentRunner.java:325)
	at org.junit.runners.BlockJUnit4ClassRunner.runChild(BlockJUnit4ClassRunner.java:78)
	at org.junit.runners.BlockJUnit4ClassRunner.runChild(BlockJUnit4ClassRunner.java:57)
	at org.junit.runners.ParentRunner$3.run(ParentRunner.java:290)
	at org.junit.runners.ParentRunner$1.schedule(ParentRunner.java:71)
	at org.junit.runners.ParentRunner.runChildren(ParentRunner.java:288)
	at org.junit.runners.ParentRunner.access$000(ParentRunner.java:58)
	at org.junit.runners.ParentRunner$2.evaluate(ParentRunner.java:268)
	at org.junit.runners.ParentRunner.run(ParentRunner.java:363)
	at org.gradle.api.internal.tasks.testing.junit.JUnitTestClassExecutor.runTestClass(JUnitTestClassExecutor.java:110)
	at org.gradle.api.internal.tasks.testing.junit.JUnitTestClassExecutor.execute(JUnitTestClassExecutor.java:58)
	at org.gradle.api.internal.tasks.testing.junit.JUnitTestClassExecutor.execute(JUnitTestClassExecutor.java:38)
	at org.gradle.api.internal.tasks.testing.junit.AbstractJUnitTestClassProcessor.processTestClass(AbstractJUnitTestClassProcessor.java:62)
	at org.gradle.api.internal.tasks.testing.SuiteTestClassProcessor.processTestClass(SuiteTestClassProcessor.java:51)
	at java.base/jdk.internal.reflect.NativeMethodAccessorImpl.invoke0(Native Method)
	at java.base/jdk.internal.reflect.NativeMethodAccessorImpl.invoke(NativeMethodAccessorImpl.java:62)
	at java.base/jdk.internal.reflect.DelegatingMethodAccessorImpl.invoke(DelegatingMethodAccessorImpl.java:43)
	at java.base/java.lang.reflect.Method.invoke(Method.java:566)
	at org.gradle.internal.dispatch.ReflectionDispatch.dispatch(ReflectionDispatch.java:36)
	at org.gradle.internal.dispatch.ReflectionDispatch.dispatch(ReflectionDispatch.java:24)
	at org.gradle.internal.dispatch.ContextClassLoaderDispatch.dispatch(ContextClassLoaderDispatch.java:33)
	at org.gradle.internal.dispatch.ProxyDispatchAdapter$DispatchingInvocationHandler.invoke(ProxyDispatchAdapter.java:94)
	at com.sun.proxy.$Proxy2.processTestClass(Unknown Source)
	at org.gradle.api.internal.tasks.testing.worker.TestWorker$2.run(TestWorker.java:176)
	at org.gradle.api.internal.tasks.testing.worker.TestWorker.executeAndMaintainThreadName(TestWorker.java:129)
	at org.gradle.api.internal.tasks.testing.worker.TestWorker.execute(TestWorker.java:100)
	at org.gradle.api.internal.tasks.testing.worker.TestWorker.execute(TestWorker.java:60)
	at org.gradle.process.internal.worker.child.ActionExecutionWorker.execute(ActionExecutionWorker.java:56)
	at org.gradle.process.internal.worker.child.SystemApplicationClassLoaderWorker.call(SystemApplicationClassLoaderWorker.java:133)
	at org.gradle.process.internal.worker.child.SystemApplicationClassLoaderWorker.call(SystemApplicationClassLoaderWorker.java:71)
	at worker.org.gradle.process.internal.worker.GradleWorkerMain.run(GradleWorkerMain.java:69)
	at worker.org.gradle.process.internal.worker.GradleWorkerMain.main(GradleWorkerMain.java:74)
java.lang.ClassNotFoundException: io.opencui.test.person
	at java.base/java.net.URLClassLoader.findClass(URLClassLoader.java:476)
	at java.base/java.lang.ClassLoader.loadClass(ClassLoader.java:589)
	at java.base/java.lang.ClassLoader.loadClass(ClassLoader.java:522)
	at java.base/java.lang.Class.forName0(Native Method)
	at java.base/java.lang.Class.forName(Class.java:398)
	at io.opencui.core.UserSession.construct(UserSession.kt:627)
	at io.opencui.core.BaseKt$createFrameGenerator$1.invoke(base.kt:38)
	at io.opencui.core.BaseKt$createFrameGenerator$1.invoke(base.kt:33)
	at io.opencui.core.InterfaceFiller$askFiller$2$entityFiller$2.invoke(filler.kt:933)
	at io.opencui.core.InterfaceFiller$askFiller$2$entityFiller$2.invoke(filler.kt:933)
	at io.opencui.core.RealtypeFiller.isCompatible(filler.kt:401)
	at io.opencui.core.AnnotatedWrapperFiller.isCompatible(filler.kt:793)
	at io.opencui.core.InterfaceFiller.isCompatible(filler.kt:923)
	at io.opencui.core.AnnotatedWrapperFiller.grow(filler.kt:668)
	at io.opencui.core.Scheduler.grow(UserSession.kt:61)
	at io.opencui.core.RescheduleAction.run(action.kt:481)
	at io.opencui.core.DialogManager.response(execution.kt:108)
	at io.opencui.core.RuntimeTest.process(RuntimeTest.kt:1687)
	at io.opencui.core.RuntimeTest.testBasics(RuntimeTest.kt:250)
	at java.base/jdk.internal.reflect.NativeMethodAccessorImpl.invoke0(Native Method)
	at java.base/jdk.internal.reflect.NativeMethodAccessorImpl.invoke(NativeMethodAccessorImpl.java:62)
	at java.base/jdk.internal.reflect.DelegatingMethodAccessorImpl.invoke(DelegatingMethodAccessorImpl.java:43)
	at java.base/java.lang.reflect.Method.invoke(Method.java:566)
	at org.junit.runners.model.FrameworkMethod$1.runReflectiveCall(FrameworkMethod.java:50)
	at org.junit.internal.runners.model.ReflectiveCallable.run(ReflectiveCallable.java:12)
	at org.junit.runners.model.FrameworkMethod.invokeExplosively(FrameworkMethod.java:47)
	at org.junit.internal.runners.statements.InvokeMethod.evaluate(InvokeMethod.java:17)
	at org.junit.runners.ParentRunner.runLeaf(ParentRunner.java:325)
	at org.junit.runners.BlockJUnit4ClassRunner.runChild(BlockJUnit4ClassRunner.java:78)
	at org.junit.runners.BlockJUnit4ClassRunner.runChild(BlockJUnit4ClassRunner.java:57)
	at org.junit.runners.ParentRunner$3.run(ParentRunner.java:290)
	at org.junit.runners.ParentRunner$1.schedule(ParentRunner.java:71)
	at org.junit.runners.ParentRunner.runChildren(ParentRunner.java:288)
	at org.junit.runners.ParentRunner.access$000(ParentRunner.java:58)
	at org.junit.runners.ParentRunner$2.evaluate(ParentRunner.java:268)
	at org.junit.runners.ParentRunner.run(ParentRunner.java:363)
	at org.gradle.api.internal.tasks.testing.junit.JUnitTestClassExecutor.runTestClass(JUnitTestClassExecutor.java:110)
	at org.gradle.api.internal.tasks.testing.junit.JUnitTestClassExecutor.execute(JUnitTestClassExecutor.java:58)
	at org.gradle.api.internal.tasks.testing.junit.JUnitTestClassExecutor.execute(JUnitTestClassExecutor.java:38)
	at org.gradle.api.internal.tasks.testing.junit.AbstractJUnitTestClassProcessor.processTestClass(AbstractJUnitTestClassProcessor.java:62)
	at org.gradle.api.internal.tasks.testing.SuiteTestClassProcessor.processTestClass(SuiteTestClassProcessor.java:51)
	at java.base/jdk.internal.reflect.NativeMethodAccessorImpl.invoke0(Native Method)
	at java.base/jdk.internal.reflect.NativeMethodAccessorImpl.invoke(NativeMethodAccessorImpl.java:62)
	at java.base/jdk.internal.reflect.DelegatingMethodAccessorImpl.invoke(DelegatingMethodAccessorImpl.java:43)
	at java.base/java.lang.reflect.Method.invoke(Method.java:566)
	at org.gradle.internal.dispatch.ReflectionDispatch.dispatch(ReflectionDispatch.java:36)
	at org.gradle.internal.dispatch.ReflectionDispatch.dispatch(ReflectionDispatch.java:24)
	at org.gradle.internal.dispatch.ContextClassLoaderDispatch.dispatch(ContextClassLoaderDispatch.java:33)
	at org.gradle.internal.dispatch.ProxyDispatchAdapter$DispatchingInvocationHandler.invoke(ProxyDispatchAdapter.java:94)
	at com.sun.proxy.$Proxy2.processTestClass(Unknown Source)
	at org.gradle.api.internal.tasks.testing.worker.TestWorker$2.run(TestWorker.java:176)
	at org.gradle.api.internal.tasks.testing.worker.TestWorker.executeAndMaintainThreadName(TestWorker.java:129)
	at org.gradle.api.internal.tasks.testing.worker.TestWorker.execute(TestWorker.java:100)
	at org.gradle.api.internal.tasks.testing.worker.TestWorker.execute(TestWorker.java:60)
	at org.gradle.process.internal.worker.child.ActionExecutionWorker.execute(ActionExecutionWorker.java:56)
	at org.gradle.process.internal.worker.child.SystemApplicationClassLoaderWorker.call(SystemApplicationClassLoaderWorker.java:133)
	at org.gradle.process.internal.worker.child.SystemApplicationClassLoaderWorker.call(SystemApplicationClassLoaderWorker.java:71)
	at worker.org.gradle.process.internal.worker.GradleWorkerMain.run(GradleWorkerMain.java:69)
	at worker.org.gradle.process.internal.worker.GradleWorkerMain.main(GradleWorkerMain.java:74)
java.lang.ClassNotFoundException: io.opencui.test.fever
	at java.base/java.net.URLClassLoader.findClass(URLClassLoader.java:476)
	at java.base/java.lang.ClassLoader.loadClass(ClassLoader.java:589)
	at java.base/java.lang.ClassLoader.loadClass(ClassLoader.java:522)
	at java.base/java.lang.Class.forName0(Native Method)
	at java.base/java.lang.Class.forName(Class.java:398)
	at io.opencui.core.UserSession.construct(UserSession.kt:627)
	at io.opencui.core.BaseKt$createFrameGenerator$1.invoke(base.kt:38)
	at io.opencui.core.BaseKt$createFrameGenerator$1.invoke(base.kt:33)
	at io.opencui.core.InterfaceFiller$askFiller$2$entityFiller$2.invoke(filler.kt:933)
	at io.opencui.core.InterfaceFiller$askFiller$2$entityFiller$2.invoke(filler.kt:933)
	at io.opencui.core.RealtypeFiller.isCompatible(filler.kt:401)
	at io.opencui.core.AnnotatedWrapperFiller.isCompatible(filler.kt:793)
	at io.opencui.core.InterfaceFiller.isCompatible(filler.kt:923)
	at io.opencui.core.AnnotatedWrapperFiller.grow(filler.kt:668)
	at io.opencui.core.Scheduler.grow(UserSession.kt:61)
	at io.opencui.core.RescheduleAction.run(action.kt:481)
	at io.opencui.core.DialogManager.response(execution.kt:108)
	at io.opencui.core.RuntimeTest.process(RuntimeTest.kt:1687)
	at io.opencui.core.RuntimeTest.testBasics(RuntimeTest.kt:250)
	at java.base/jdk.internal.reflect.NativeMethodAccessorImpl.invoke0(Native Method)
	at java.base/jdk.internal.reflect.NativeMethodAccessorImpl.invoke(NativeMethodAccessorImpl.java:62)
	at java.base/jdk.internal.reflect.DelegatingMethodAccessorImpl.invoke(DelegatingMethodAccessorImpl.java:43)
	at java.base/java.lang.reflect.Method.invoke(Method.java:566)
	at org.junit.runners.model.FrameworkMethod$1.runReflectiveCall(FrameworkMethod.java:50)
	at org.junit.internal.runners.model.ReflectiveCallable.run(ReflectiveCallable.java:12)
	at org.junit.runners.model.FrameworkMethod.invokeExplosively(FrameworkMethod.java:47)
	at org.junit.internal.runners.statements.InvokeMethod.evaluate(InvokeMethod.java:17)
	at org.junit.runners.ParentRunner.runLeaf(ParentRunner.java:325)
	at org.junit.runners.BlockJUnit4ClassRunner.runChild(BlockJUnit4ClassRunner.java:78)
	at org.junit.runners.BlockJUnit4ClassRunner.runChild(BlockJUnit4ClassRunner.java:57)
	at org.junit.runners.ParentRunner$3.run(ParentRunner.java:290)
	at org.junit.runners.ParentRunner$1.schedule(ParentRunner.java:71)
	at org.junit.runners.ParentRunner.runChildren(ParentRunner.java:288)
	at org.junit.runners.ParentRunner.access$000(ParentRunner.java:58)
	at org.junit.runners.ParentRunner$2.evaluate(ParentRunner.java:268)
	at org.junit.runners.ParentRunner.run(ParentRunner.java:363)
	at org.gradle.api.internal.tasks.testing.junit.JUnitTestClassExecutor.runTestClass(JUnitTestClassExecutor.java:110)
	at org.gradle.api.internal.tasks.testing.junit.JUnitTestClassExecutor.execute(JUnitTestClassExecutor.java:58)
	at org.gradle.api.internal.tasks.testing.junit.JUnitTestClassExecutor.execute(JUnitTestClassExecutor.java:38)
	at org.gradle.api.internal.tasks.testing.junit.AbstractJUnitTestClassProcessor.processTestClass(AbstractJUnitTestClassProcessor.java:62)
	at org.gradle.api.internal.tasks.testing.SuiteTestClassProcessor.processTestClass(SuiteTestClassProcessor.java:51)
	at java.base/jdk.internal.reflect.NativeMethodAccessorImpl.invoke0(Native Method)
	at java.base/jdk.internal.reflect.NativeMethodAccessorImpl.invoke(NativeMethodAccessorImpl.java:62)
	at java.base/jdk.internal.reflect.DelegatingMethodAccessorImpl.invoke(DelegatingMethodAccessorImpl.java:43)
	at java.base/java.lang.reflect.Method.invoke(Method.java:566)
	at org.gradle.internal.dispatch.ReflectionDispatch.dispatch(ReflectionDispatch.java:36)
	at org.gradle.internal.dispatch.ReflectionDispatch.dispatch(ReflectionDispatch.java:24)
	at org.gradle.internal.dispatch.ContextClassLoaderDispatch.dispatch(ContextClassLoaderDispatch.java:33)
	at org.gradle.internal.dispatch.ProxyDispatchAdapter$DispatchingInvocationHandler.invoke(ProxyDispatchAdapter.java:94)
	at com.sun.proxy.$Proxy2.processTestClass(Unknown Source)
	at org.gradle.api.internal.tasks.testing.worker.TestWorker$2.run(TestWorker.java:176)
	at org.gradle.api.internal.tasks.testing.worker.TestWorker.executeAndMaintainThreadName(TestWorker.java:129)
	at org.gradle.api.internal.tasks.testing.worker.TestWorker.execute(TestWorker.java:100)
	at org.gradle.api.internal.tasks.testing.worker.TestWorker.execute(TestWorker.java:60)
	at org.gradle.process.internal.worker.child.ActionExecutionWorker.execute(ActionExecutionWorker.java:56)
	at org.gradle.process.internal.worker.child.SystemApplicationClassLoaderWorker.call(SystemApplicationClassLoaderWorker.java:133)
	at org.gradle.process.internal.worker.child.SystemApplicationClassLoaderWorker.call(SystemApplicationClassLoaderWorker.java:71)
	at worker.org.gradle.process.internal.worker.GradleWorkerMain.run(GradleWorkerMain.java:69)
	at worker.org.gradle.process.internal.worker.GradleWorkerMain.main(GradleWorkerMain.java:74)
java.lang.ClassNotFoundException: io.opencui.test.person
	at java.base/java.net.URLClassLoader.findClass(URLClassLoader.java:476)
	at java.base/java.lang.ClassLoader.loadClass(ClassLoader.java:589)
	at java.base/java.lang.ClassLoader.loadClass(ClassLoader.java:522)
	at java.base/java.lang.Class.forName0(Native Method)
	at java.base/java.lang.Class.forName(Class.java:398)
	at io.opencui.core.UserSession.construct(UserSession.kt:627)
	at io.opencui.core.BaseKt$createFrameGenerator$1.invoke(base.kt:38)
	at io.opencui.core.BaseKt$createFrameGenerator$1.invoke(base.kt:33)
	at io.opencui.core.InterfaceFiller$askFiller$2$entityFiller$2.invoke(filler.kt:933)
	at io.opencui.core.InterfaceFiller$askFiller$2$entityFiller$2.invoke(filler.kt:933)
	at io.opencui.core.RealtypeFiller.isCompatible(filler.kt:401)
	at io.opencui.core.AnnotatedWrapperFiller.grow(filler.kt:668)
	at io.opencui.core.Scheduler.grow(UserSession.kt:61)
	at io.opencui.core.RescheduleAction.run(action.kt:481)
	at io.opencui.core.DialogManager.response(execution.kt:108)
	at io.opencui.core.RuntimeTest.process(RuntimeTest.kt:1687)
	at io.opencui.core.RuntimeTest.testBasics(RuntimeTest.kt:250)
	at java.base/jdk.internal.reflect.NativeMethodAccessorImpl.invoke0(Native Method)
	at java.base/jdk.internal.reflect.NativeMethodAccessorImpl.invoke(NativeMethodAccessorImpl.java:62)
	at java.base/jdk.internal.reflect.DelegatingMethodAccessorImpl.invoke(DelegatingMethodAccessorImpl.java:43)
	at java.base/java.lang.reflect.Method.invoke(Method.java:566)
	at org.junit.runners.model.FrameworkMethod$1.runReflectiveCall(FrameworkMethod.java:50)
	at org.junit.internal.runners.model.ReflectiveCallable.run(ReflectiveCallable.java:12)
	at org.junit.runners.model.FrameworkMethod.invokeExplosively(FrameworkMethod.java:47)
	at org.junit.internal.runners.statements.InvokeMethod.evaluate(InvokeMethod.java:17)
	at org.junit.runners.ParentRunner.runLeaf(ParentRunner.java:325)
	at org.junit.runners.BlockJUnit4ClassRunner.runChild(BlockJUnit4ClassRunner.java:78)
	at org.junit.runners.BlockJUnit4ClassRunner.runChild(BlockJUnit4ClassRunner.java:57)
	at org.junit.runners.ParentRunner$3.run(ParentRunner.java:290)
	at org.junit.runners.ParentRunner$1.schedule(ParentRunner.java:71)
	at org.junit.runners.ParentRunner.runChildren(ParentRunner.java:288)
	at org.junit.runners.ParentRunner.access$000(ParentRunner.java:58)
	at org.junit.runners.ParentRunner$2.evaluate(ParentRunner.java:268)
	at org.junit.runners.ParentRunner.run(ParentRunner.java:363)
	at org.gradle.api.internal.tasks.testing.junit.JUnitTestClassExecutor.runTestClass(JUnitTestClassExecutor.java:110)
	at org.gradle.api.internal.tasks.testing.junit.JUnitTestClassExecutor.execute(JUnitTestClassExecutor.java:58)
	at org.gradle.api.internal.tasks.testing.junit.JUnitTestClassExecutor.execute(JUnitTestClassExecutor.java:38)
	at org.gradle.api.internal.tasks.testing.junit.AbstractJUnitTestClassProcessor.processTestClass(AbstractJUnitTestClassProcessor.java:62)
	at org.gradle.api.internal.tasks.testing.SuiteTestClassProcessor.processTestClass(SuiteTestClassProcessor.java:51)
	at java.base/jdk.internal.reflect.NativeMethodAccessorImpl.invoke0(Native Method)
	at java.base/jdk.internal.reflect.NativeMethodAccessorImpl.invoke(NativeMethodAccessorImpl.java:62)
	at java.base/jdk.internal.reflect.DelegatingMethodAccessorImpl.invoke(DelegatingMethodAccessorImpl.java:43)
	at java.base/java.lang.reflect.Method.invoke(Method.java:566)
	at org.gradle.internal.dispatch.ReflectionDispatch.dispatch(ReflectionDispatch.java:36)
	at org.gradle.internal.dispatch.ReflectionDispatch.dispatch(ReflectionDispatch.java:24)
	at org.gradle.internal.dispatch.ContextClassLoaderDispatch.dispatch(ContextClassLoaderDispatch.java:33)
	at org.gradle.internal.dispatch.ProxyDispatchAdapter$DispatchingInvocationHandler.invoke(ProxyDispatchAdapter.java:94)
	at com.sun.proxy.$Proxy2.processTestClass(Unknown Source)
	at org.gradle.api.internal.tasks.testing.worker.TestWorker$2.run(TestWorker.java:176)
	at org.gradle.api.internal.tasks.testing.worker.TestWorker.executeAndMaintainThreadName(TestWorker.java:129)
	at org.gradle.api.internal.tasks.testing.worker.TestWorker.execute(TestWorker.java:100)
	at org.gradle.api.internal.tasks.testing.worker.TestWorker.execute(TestWorker.java:60)
	at org.gradle.process.internal.worker.child.ActionExecutionWorker.execute(ActionExecutionWorker.java:56)
	at org.gradle.process.internal.worker.child.SystemApplicationClassLoaderWorker.call(SystemApplicationClassLoaderWorker.java:133)
	at org.gradle.process.internal.worker.child.SystemApplicationClassLoaderWorker.call(SystemApplicationClassLoaderWorker.java:71)
	at worker.org.gradle.process.internal.worker.GradleWorkerMain.run(GradleWorkerMain.java:69)
	at worker.org.gradle.process.internal.worker.GradleWorkerMain.main(GradleWorkerMain.java:74)
java.lang.ClassNotFoundException: io.opencui.test.fever
	at java.base/java.net.URLClassLoader.findClass(URLClassLoader.java:476)
	at java.base/java.lang.ClassLoader.loadClass(ClassLoader.java:589)
	at java.base/java.lang.ClassLoader.loadClass(ClassLoader.java:522)
	at java.base/java.lang.Class.forName0(Native Method)
	at java.base/java.lang.Class.forName(Class.java:398)
	at io.opencui.core.UserSession.construct(UserSession.kt:627)
	at io.opencui.core.BaseKt$createFrameGenerator$1.invoke(base.kt:38)
	at io.opencui.core.BaseKt$createFrameGenerator$1.invoke(base.kt:33)
	at io.opencui.core.InterfaceFiller$askFiller$2$entityFiller$2.invoke(filler.kt:933)
	at io.opencui.core.InterfaceFiller$askFiller$2$entityFiller$2.invoke(filler.kt:933)
	at io.opencui.core.RealtypeFiller.isCompatible(filler.kt:401)
	at io.opencui.core.AnnotatedWrapperFiller.grow(filler.kt:668)
	at io.opencui.core.Scheduler.grow(UserSession.kt:61)
	at io.opencui.core.RescheduleAction.run(action.kt:481)
	at io.opencui.core.DialogManager.response(execution.kt:108)
	at io.opencui.core.RuntimeTest.process(RuntimeTest.kt:1687)
	at io.opencui.core.RuntimeTest.testBasics(RuntimeTest.kt:250)
	at java.base/jdk.internal.reflect.NativeMethodAccessorImpl.invoke0(Native Method)
	at java.base/jdk.internal.reflect.NativeMethodAccessorImpl.invoke(NativeMethodAccessorImpl.java:62)
	at java.base/jdk.internal.reflect.DelegatingMethodAccessorImpl.invoke(DelegatingMethodAccessorImpl.java:43)
	at java.base/java.lang.reflect.Method.invoke(Method.java:566)
	at org.junit.runners.model.FrameworkMethod$1.runReflectiveCall(FrameworkMethod.java:50)
	at org.junit.internal.runners.model.ReflectiveCallable.run(ReflectiveCallable.java:12)
	at org.junit.runners.model.FrameworkMethod.invokeExplosively(FrameworkMethod.java:47)
	at org.junit.internal.runners.statements.InvokeMethod.evaluate(InvokeMethod.java:17)
	at org.junit.runners.ParentRunner.runLeaf(ParentRunner.java:325)
	at org.junit.runners.BlockJUnit4ClassRunner.runChild(BlockJUnit4ClassRunner.java:78)
	at org.junit.runners.BlockJUnit4ClassRunner.runChild(BlockJUnit4ClassRunner.java:57)
	at org.junit.runners.ParentRunner$3.run(ParentRunner.java:290)
	at org.junit.runners.ParentRunner$1.schedule(ParentRunner.java:71)
	at org.junit.runners.ParentRunner.runChildren(ParentRunner.java:288)
	at org.junit.runners.ParentRunner.access$000(ParentRunner.java:58)
	at org.junit.runners.ParentRunner$2.evaluate(ParentRunner.java:268)
	at org.junit.runners.ParentRunner.run(ParentRunner.java:363)
	at org.gradle.api.internal.tasks.testing.junit.JUnitTestClassExecutor.runTestClass(JUnitTestClassExecutor.java:110)
	at org.gradle.api.internal.tasks.testing.junit.JUnitTestClassExecutor.execute(JUnitTestClassExecutor.java:58)
	at org.gradle.api.internal.tasks.testing.junit.JUnitTestClassExecutor.execute(JUnitTestClassExecutor.java:38)
	at org.gradle.api.internal.tasks.testing.junit.AbstractJUnitTestClassProcessor.processTestClass(AbstractJUnitTestClassProcessor.java:62)
	at org.gradle.api.internal.tasks.testing.SuiteTestClassProcessor.processTestClass(SuiteTestClassProcessor.java:51)
	at java.base/jdk.internal.reflect.NativeMethodAccessorImpl.invoke0(Native Method)
	at java.base/jdk.internal.reflect.NativeMethodAccessorImpl.invoke(NativeMethodAccessorImpl.java:62)
	at java.base/jdk.internal.reflect.DelegatingMethodAccessorImpl.invoke(DelegatingMethodAccessorImpl.java:43)
	at java.base/java.lang.reflect.Method.invoke(Method.java:566)
	at org.gradle.internal.dispatch.ReflectionDispatch.dispatch(ReflectionDispatch.java:36)
	at org.gradle.internal.dispatch.ReflectionDispatch.dispatch(ReflectionDispatch.java:24)
	at org.gradle.internal.dispatch.ContextClassLoaderDispatch.dispatch(ContextClassLoaderDispatch.java:33)
	at org.gradle.internal.dispatch.ProxyDispatchAdapter$DispatchingInvocationHandler.invoke(ProxyDispatchAdapter.java:94)
	at com.sun.proxy.$Proxy2.processTestClass(Unknown Source)
	at org.gradle.api.internal.tasks.testing.worker.TestWorker$2.run(TestWorker.java:176)
	at org.gradle.api.internal.tasks.testing.worker.TestWorker.executeAndMaintainThreadName(TestWorker.java:129)
	at org.gradle.api.internal.tasks.testing.worker.TestWorker.execute(TestWorker.java:100)
	at org.gradle.api.internal.tasks.testing.worker.TestWorker.execute(TestWorker.java:60)
	at org.gradle.process.internal.worker.child.ActionExecutionWorker.execute(ActionExecutionWorker.java:56)
	at org.gradle.process.internal.worker.child.SystemApplicationClassLoaderWorker.call(SystemApplicationClassLoaderWorker.java:133)
	at org.gradle.process.internal.worker.child.SystemApplicationClassLoaderWorker.call(SystemApplicationClassLoaderWorker.java:71)
	at worker.org.gradle.process.internal.worker.GradleWorkerMain.run(GradleWorkerMain.java:69)
	at worker.org.gradle.process.internal.worker.GradleWorkerMain.main(GradleWorkerMain.java:74)
java.lang.ClassNotFoundException: io.opencui.test.person
	at java.base/java.net.URLClassLoader.findClass(URLClassLoader.java:476)
	at java.base/java.lang.ClassLoader.loadClass(ClassLoader.java:589)
	at java.base/java.lang.ClassLoader.loadClass(ClassLoader.java:522)
	at java.base/java.lang.Class.forName0(Native Method)
	at java.base/java.lang.Class.forName(Class.java:398)
	at io.opencui.core.UserSession.construct(UserSession.kt:627)
	at io.opencui.core.BaseKt$createFrameGenerator$1.invoke(base.kt:38)
	at io.opencui.core.BaseKt$createFrameGenerator$1.invoke(base.kt:33)
	at io.opencui.core.InterfaceFiller$askFiller$2$entityFiller$2.invoke(filler.kt:933)
	at io.opencui.core.InterfaceFiller$askFiller$2$entityFiller$2.invoke(filler.kt:933)
	at io.opencui.core.RealtypeFiller.isCompatible(filler.kt:401)
	at io.opencui.core.AEntityFiller.move(filler.kt:263)
	at io.opencui.core.Scheduler.grow(UserSession.kt:59)
	at io.opencui.core.RescheduleAction.run(action.kt:481)
	at io.opencui.core.DialogManager.response(execution.kt:108)
	at io.opencui.core.RuntimeTest.process(RuntimeTest.kt:1687)
	at io.opencui.core.RuntimeTest.testBasics(RuntimeTest.kt:250)
	at java.base/jdk.internal.reflect.NativeMethodAccessorImpl.invoke0(Native Method)
	at java.base/jdk.internal.reflect.NativeMethodAccessorImpl.invoke(NativeMethodAccessorImpl.java:62)
	at java.base/jdk.internal.reflect.DelegatingMethodAccessorImpl.invoke(DelegatingMethodAccessorImpl.java:43)
	at java.base/java.lang.reflect.Method.invoke(Method.java:566)
	at org.junit.runners.model.FrameworkMethod$1.runReflectiveCall(FrameworkMethod.java:50)
	at org.junit.internal.runners.model.ReflectiveCallable.run(ReflectiveCallable.java:12)
	at org.junit.runners.model.FrameworkMethod.invokeExplosively(FrameworkMethod.java:47)
	at org.junit.internal.runners.statements.InvokeMethod.evaluate(InvokeMethod.java:17)
	at org.junit.runners.ParentRunner.runLeaf(ParentRunner.java:325)
	at org.junit.runners.BlockJUnit4ClassRunner.runChild(BlockJUnit4ClassRunner.java:78)
	at org.junit.runners.BlockJUnit4ClassRunner.runChild(BlockJUnit4ClassRunner.java:57)
	at org.junit.runners.ParentRunner$3.run(ParentRunner.java:290)
	at org.junit.runners.ParentRunner$1.schedule(ParentRunner.java:71)
	at org.junit.runners.ParentRunner.runChildren(ParentRunner.java:288)
	at org.junit.runners.ParentRunner.access$000(ParentRunner.java:58)
	at org.junit.runners.ParentRunner$2.evaluate(ParentRunner.java:268)
	at org.junit.runners.ParentRunner.run(ParentRunner.java:363)
	at org.gradle.api.internal.tasks.testing.junit.JUnitTestClassExecutor.runTestClass(JUnitTestClassExecutor.java:110)
	at org.gradle.api.internal.tasks.testing.junit.JUnitTestClassExecutor.execute(JUnitTestClassExecutor.java:58)
	at org.gradle.api.internal.tasks.testing.junit.JUnitTestClassExecutor.execute(JUnitTestClassExecutor.java:38)
	at org.gradle.api.internal.tasks.testing.junit.AbstractJUnitTestClassProcessor.processTestClass(AbstractJUnitTestClassProcessor.java:62)
	at org.gradle.api.internal.tasks.testing.SuiteTestClassProcessor.processTestClass(SuiteTestClassProcessor.java:51)
	at java.base/jdk.internal.reflect.NativeMethodAccessorImpl.invoke0(Native Method)
	at java.base/jdk.internal.reflect.NativeMethodAccessorImpl.invoke(NativeMethodAccessorImpl.java:62)
	at java.base/jdk.internal.reflect.DelegatingMethodAccessorImpl.invoke(DelegatingMethodAccessorImpl.java:43)
	at java.base/java.lang.reflect.Method.invoke(Method.java:566)
	at org.gradle.internal.dispatch.ReflectionDispatch.dispatch(ReflectionDispatch.java:36)
	at org.gradle.internal.dispatch.ReflectionDispatch.dispatch(ReflectionDispatch.java:24)
	at org.gradle.internal.dispatch.ContextClassLoaderDispatch.dispatch(ContextClassLoaderDispatch.java:33)
	at org.gradle.internal.dispatch.ProxyDispatchAdapter$DispatchingInvocationHandler.invoke(ProxyDispatchAdapter.java:94)
	at com.sun.proxy.$Proxy2.processTestClass(Unknown Source)
	at org.gradle.api.internal.tasks.testing.worker.TestWorker$2.run(TestWorker.java:176)
	at org.gradle.api.internal.tasks.testing.worker.TestWorker.executeAndMaintainThreadName(TestWorker.java:129)
	at org.gradle.api.internal.tasks.testing.worker.TestWorker.execute(TestWorker.java:100)
	at org.gradle.api.internal.tasks.testing.worker.TestWorker.execute(TestWorker.java:60)
	at org.gradle.process.internal.worker.child.ActionExecutionWorker.execute(ActionExecutionWorker.java:56)
	at org.gradle.process.internal.worker.child.SystemApplicationClassLoaderWorker.call(SystemApplicationClassLoaderWorker.java:133)
	at org.gradle.process.internal.worker.child.SystemApplicationClassLoaderWorker.call(SystemApplicationClassLoaderWorker.java:71)
	at worker.org.gradle.process.internal.worker.GradleWorkerMain.run(GradleWorkerMain.java:69)
	at worker.org.gradle.process.internal.worker.GradleWorkerMain.main(GradleWorkerMain.java:74)
java.lang.ClassNotFoundException: io.opencui.test.fever
	at java.base/java.net.URLClassLoader.findClass(URLClassLoader.java:476)
	at java.base/java.lang.ClassLoader.loadClass(ClassLoader.java:589)
	at java.base/java.lang.ClassLoader.loadClass(ClassLoader.java:522)
	at java.base/java.lang.Class.forName0(Native Method)
	at java.base/java.lang.Class.forName(Class.java:398)
	at io.opencui.core.UserSession.construct(UserSession.kt:627)
	at io.opencui.core.BaseKt$createFrameGenerator$1.invoke(base.kt:38)
	at io.opencui.core.BaseKt$createFrameGenerator$1.invoke(base.kt:33)
	at io.opencui.core.InterfaceFiller$askFiller$2$entityFiller$2.invoke(filler.kt:933)
	at io.opencui.core.InterfaceFiller$askFiller$2$entityFiller$2.invoke(filler.kt:933)
	at io.opencui.core.RealtypeFiller.isCompatible(filler.kt:401)
	at io.opencui.core.AEntityFiller.move(filler.kt:263)
	at io.opencui.core.Scheduler.grow(UserSession.kt:59)
	at io.opencui.core.RescheduleAction.run(action.kt:481)
	at io.opencui.core.DialogManager.response(execution.kt:108)
	at io.opencui.core.RuntimeTest.process(RuntimeTest.kt:1687)
	at io.opencui.core.RuntimeTest.testBasics(RuntimeTest.kt:250)
	at java.base/jdk.internal.reflect.NativeMethodAccessorImpl.invoke0(Native Method)
	at java.base/jdk.internal.reflect.NativeMethodAccessorImpl.invoke(NativeMethodAccessorImpl.java:62)
	at java.base/jdk.internal.reflect.DelegatingMethodAccessorImpl.invoke(DelegatingMethodAccessorImpl.java:43)
	at java.base/java.lang.reflect.Method.invoke(Method.java:566)
	at org.junit.runners.model.FrameworkMethod$1.runReflectiveCall(FrameworkMethod.java:50)
	at org.junit.internal.runners.model.ReflectiveCallable.run(ReflectiveCallable.java:12)
	at org.junit.runners.model.FrameworkMethod.invokeExplosively(FrameworkMethod.java:47)
	at org.junit.internal.runners.statements.InvokeMethod.evaluate(InvokeMethod.java:17)
	at org.junit.runners.ParentRunner.runLeaf(ParentRunner.java:325)
	at org.junit.runners.BlockJUnit4ClassRunner.runChild(BlockJUnit4ClassRunner.java:78)
	at org.junit.runners.BlockJUnit4ClassRunner.runChild(BlockJUnit4ClassRunner.java:57)
	at org.junit.runners.ParentRunner$3.run(ParentRunner.java:290)
	at org.junit.runners.ParentRunner$1.schedule(ParentRunner.java:71)
	at org.junit.runners.ParentRunner.runChildren(ParentRunner.java:288)
	at org.junit.runners.ParentRunner.access$000(ParentRunner.java:58)
	at org.junit.runners.ParentRunner$2.evaluate(ParentRunner.java:268)
	at org.junit.runners.ParentRunner.run(ParentRunner.java:363)
	at org.gradle.api.internal.tasks.testing.junit.JUnitTestClassExecutor.runTestClass(JUnitTestClassExecutor.java:110)
	at org.gradle.api.internal.tasks.testing.junit.JUnitTestClassExecutor.execute(JUnitTestClassExecutor.java:58)
	at org.gradle.api.internal.tasks.testing.junit.JUnitTestClassExecutor.execute(JUnitTestClassExecutor.java:38)
	at org.gradle.api.internal.tasks.testing.junit.AbstractJUnitTestClassProcessor.processTestClass(AbstractJUnitTestClassProcessor.java:62)
	at org.gradle.api.internal.tasks.testing.SuiteTestClassProcessor.processTestClass(SuiteTestClassProcessor.java:51)
	at java.base/jdk.internal.reflect.NativeMethodAccessorImpl.invoke0(Native Method)
	at java.base/jdk.internal.reflect.NativeMethodAccessorImpl.invoke(NativeMethodAccessorImpl.java:62)
	at java.base/jdk.internal.reflect.DelegatingMethodAccessorImpl.invoke(DelegatingMethodAccessorImpl.java:43)
	at java.base/java.lang.reflect.Method.invoke(Method.java:566)
	at org.gradle.internal.dispatch.ReflectionDispatch.dispatch(ReflectionDispatch.java:36)
	at org.gradle.internal.dispatch.ReflectionDispatch.dispatch(ReflectionDispatch.java:24)
	at org.gradle.internal.dispatch.ContextClassLoaderDispatch.dispatch(ContextClassLoaderDispatch.java:33)
	at org.gradle.internal.dispatch.ProxyDispatchAdapter$DispatchingInvocationHandler.invoke(ProxyDispatchAdapter.java:94)
	at com.sun.proxy.$Proxy2.processTestClass(Unknown Source)
	at org.gradle.api.internal.tasks.testing.worker.TestWorker$2.run(TestWorker.java:176)
	at org.gradle.api.internal.tasks.testing.worker.TestWorker.executeAndMaintainThreadName(TestWorker.java:129)
	at org.gradle.api.internal.tasks.testing.worker.TestWorker.execute(TestWorker.java:100)
	at org.gradle.api.internal.tasks.testing.worker.TestWorker.execute(TestWorker.java:60)
	at org.gradle.process.internal.worker.child.ActionExecutionWorker.execute(ActionExecutionWorker.java:56)
	at org.gradle.process.internal.worker.child.SystemApplicationClassLoaderWorker.call(SystemApplicationClassLoaderWorker.java:133)
	at org.gradle.process.internal.worker.child.SystemApplicationClassLoaderWorker.call(SystemApplicationClassLoaderWorker.java:71)
	at worker.org.gradle.process.internal.worker.GradleWorkerMain.run(GradleWorkerMain.java:69)
	at worker.org.gradle.process.internal.worker.GradleWorkerMain.main(GradleWorkerMain.java:74)
java.lang.ClassNotFoundException: io.opencui.test.person
	at java.base/java.net.URLClassLoader.findClass(URLClassLoader.java:476)
	at java.base/java.lang.ClassLoader.loadClass(ClassLoader.java:589)
	at java.base/java.lang.ClassLoader.loadClass(ClassLoader.java:522)
	at java.base/java.lang.Class.forName0(Native Method)
	at java.base/java.lang.Class.forName(Class.java:398)
	at io.opencui.core.UserSession.construct(UserSession.kt:627)
	at io.opencui.core.BaseKt$createFrameGenerator$1.invoke(base.kt:38)
	at io.opencui.core.BaseKt$createFrameGenerator$1.invoke(base.kt:33)
	at io.opencui.core.InterfaceFiller$askFiller$2$entityFiller$2.invoke(filler.kt:933)
	at io.opencui.core.InterfaceFiller$askFiller$2$entityFiller$2.invoke(filler.kt:933)
	at io.opencui.core.RealtypeFiller.isCompatible(filler.kt:401)
	at io.opencui.core.UserSession.kernelStep(UserSession.kt:249)
	at io.opencui.core.UserSession.userStep(UserSession.kt:204)
	at io.opencui.core.DialogManager.response(execution.kt:99)
	at io.opencui.core.RuntimeTest.process(RuntimeTest.kt:1687)
	at io.opencui.core.RuntimeTest.testBasics(RuntimeTest.kt:250)
	at java.base/jdk.internal.reflect.NativeMethodAccessorImpl.invoke0(Native Method)
	at java.base/jdk.internal.reflect.NativeMethodAccessorImpl.invoke(NativeMethodAccessorImpl.java:62)
	at java.base/jdk.internal.reflect.DelegatingMethodAccessorImpl.invoke(DelegatingMethodAccessorImpl.java:43)
	at java.base/java.lang.reflect.Method.invoke(Method.java:566)
	at org.junit.runners.model.FrameworkMethod$1.runReflectiveCall(FrameworkMethod.java:50)
	at org.junit.internal.runners.model.ReflectiveCallable.run(ReflectiveCallable.java:12)
	at org.junit.runners.model.FrameworkMethod.invokeExplosively(FrameworkMethod.java:47)
	at org.junit.internal.runners.statements.InvokeMethod.evaluate(InvokeMethod.java:17)
	at org.junit.runners.ParentRunner.runLeaf(ParentRunner.java:325)
	at org.junit.runners.BlockJUnit4ClassRunner.runChild(BlockJUnit4ClassRunner.java:78)
	at org.junit.runners.BlockJUnit4ClassRunner.runChild(BlockJUnit4ClassRunner.java:57)
	at org.junit.runners.ParentRunner$3.run(ParentRunner.java:290)
	at org.junit.runners.ParentRunner$1.schedule(ParentRunner.java:71)
	at org.junit.runners.ParentRunner.runChildren(ParentRunner.java:288)
	at org.junit.runners.ParentRunner.access$000(ParentRunner.java:58)
	at org.junit.runners.ParentRunner$2.evaluate(ParentRunner.java:268)
	at org.junit.runners.ParentRunner.run(ParentRunner.java:363)
	at org.gradle.api.internal.tasks.testing.junit.JUnitTestClassExecutor.runTestClass(JUnitTestClassExecutor.java:110)
	at org.gradle.api.internal.tasks.testing.junit.JUnitTestClassExecutor.execute(JUnitTestClassExecutor.java:58)
	at org.gradle.api.internal.tasks.testing.junit.JUnitTestClassExecutor.execute(JUnitTestClassExecutor.java:38)
	at org.gradle.api.internal.tasks.testing.junit.AbstractJUnitTestClassProcessor.processTestClass(AbstractJUnitTestClassProcessor.java:62)
	at org.gradle.api.internal.tasks.testing.SuiteTestClassProcessor.processTestClass(SuiteTestClassProcessor.java:51)
	at java.base/jdk.internal.reflect.NativeMethodAccessorImpl.invoke0(Native Method)
	at java.base/jdk.internal.reflect.NativeMethodAccessorImpl.invoke(NativeMethodAccessorImpl.java:62)
	at java.base/jdk.internal.reflect.DelegatingMethodAccessorImpl.invoke(DelegatingMethodAccessorImpl.java:43)
	at java.base/java.lang.reflect.Method.invoke(Method.java:566)
	at org.gradle.internal.dispatch.ReflectionDispatch.dispatch(ReflectionDispatch.java:36)
	at org.gradle.internal.dispatch.ReflectionDispatch.dispatch(ReflectionDispatch.java:24)
	at org.gradle.internal.dispatch.ContextClassLoaderDispatch.dispatch(ContextClassLoaderDispatch.java:33)
	at org.gradle.internal.dispatch.ProxyDispatchAdapter$DispatchingInvocationHandler.invoke(ProxyDispatchAdapter.java:94)
	at com.sun.proxy.$Proxy2.processTestClass(Unknown Source)
	at org.gradle.api.internal.tasks.testing.worker.TestWorker$2.run(TestWorker.java:176)
	at org.gradle.api.internal.tasks.testing.worker.TestWorker.executeAndMaintainThreadName(TestWorker.java:129)
	at org.gradle.api.internal.tasks.testing.worker.TestWorker.execute(TestWorker.java:100)
	at org.gradle.api.internal.tasks.testing.worker.TestWorker.execute(TestWorker.java:60)
	at org.gradle.process.internal.worker.child.ActionExecutionWorker.execute(ActionExecutionWorker.java:56)
	at org.gradle.process.internal.worker.child.SystemApplicationClassLoaderWorker.call(SystemApplicationClassLoaderWorker.java:133)
	at org.gradle.process.internal.worker.child.SystemApplicationClassLoaderWorker.call(SystemApplicationClassLoaderWorker.java:71)
	at worker.org.gradle.process.internal.worker.GradleWorkerMain.run(GradleWorkerMain.java:69)
	at worker.org.gradle.process.internal.worker.GradleWorkerMain.main(GradleWorkerMain.java:74)
java.lang.ClassNotFoundException: io.opencui.test.fever
	at java.base/java.net.URLClassLoader.findClass(URLClassLoader.java:476)
	at java.base/java.lang.ClassLoader.loadClass(ClassLoader.java:589)
	at java.base/java.lang.ClassLoader.loadClass(ClassLoader.java:522)
	at java.base/java.lang.Class.forName0(Native Method)
	at java.base/java.lang.Class.forName(Class.java:398)
	at io.opencui.core.UserSession.construct(UserSession.kt:627)
	at io.opencui.core.BaseKt$createFrameGenerator$1.invoke(base.kt:38)
	at io.opencui.core.BaseKt$createFrameGenerator$1.invoke(base.kt:33)
	at io.opencui.core.InterfaceFiller$askFiller$2$entityFiller$2.invoke(filler.kt:933)
	at io.opencui.core.InterfaceFiller$askFiller$2$entityFiller$2.invoke(filler.kt:933)
	at io.opencui.core.RealtypeFiller.isCompatible(filler.kt:401)
	at io.opencui.core.UserSession.kernelStep(UserSession.kt:249)
	at io.opencui.core.UserSession.userStep(UserSession.kt:204)
	at io.opencui.core.DialogManager.response(execution.kt:99)
	at io.opencui.core.RuntimeTest.process(RuntimeTest.kt:1687)
	at io.opencui.core.RuntimeTest.testBasics(RuntimeTest.kt:250)
	at java.base/jdk.internal.reflect.NativeMethodAccessorImpl.invoke0(Native Method)
	at java.base/jdk.internal.reflect.NativeMethodAccessorImpl.invoke(NativeMethodAccessorImpl.java:62)
	at java.base/jdk.internal.reflect.DelegatingMethodAccessorImpl.invoke(DelegatingMethodAccessorImpl.java:43)
	at java.base/java.lang.reflect.Method.invoke(Method.java:566)
	at org.junit.runners.model.FrameworkMethod$1.runReflectiveCall(FrameworkMethod.java:50)
	at org.junit.internal.runners.model.ReflectiveCallable.run(ReflectiveCallable.java:12)
	at org.junit.runners.model.FrameworkMethod.invokeExplosively(FrameworkMethod.java:47)
	at org.junit.internal.runners.statements.InvokeMethod.evaluate(InvokeMethod.java:17)
	at org.junit.runners.ParentRunner.runLeaf(ParentRunner.java:325)
	at org.junit.runners.BlockJUnit4ClassRunner.runChild(BlockJUnit4ClassRunner.java:78)
	at org.junit.runners.BlockJUnit4ClassRunner.runChild(BlockJUnit4ClassRunner.java:57)
	at org.junit.runners.ParentRunner$3.run(ParentRunner.java:290)
	at org.junit.runners.ParentRunner$1.schedule(ParentRunner.java:71)
	at org.junit.runners.ParentRunner.runChildren(ParentRunner.java:288)
	at org.junit.runners.ParentRunner.access$000(ParentRunner.java:58)
	at org.junit.runners.ParentRunner$2.evaluate(ParentRunner.java:268)
	at org.junit.runners.ParentRunner.run(ParentRunner.java:363)
	at org.gradle.api.internal.tasks.testing.junit.JUnitTestClassExecutor.runTestClass(JUnitTestClassExecutor.java:110)
	at org.gradle.api.internal.tasks.testing.junit.JUnitTestClassExecutor.execute(JUnitTestClassExecutor.java:58)
	at org.gradle.api.internal.tasks.testing.junit.JUnitTestClassExecutor.execute(JUnitTestClassExecutor.java:38)
	at org.gradle.api.internal.tasks.testing.junit.AbstractJUnitTestClassProcessor.processTestClass(AbstractJUnitTestClassProcessor.java:62)
	at org.gradle.api.internal.tasks.testing.SuiteTestClassProcessor.processTestClass(SuiteTestClassProcessor.java:51)
	at java.base/jdk.internal.reflect.NativeMethodAccessorImpl.invoke0(Native Method)
	at java.base/jdk.internal.reflect.NativeMethodAccessorImpl.invoke(NativeMethodAccessorImpl.java:62)
	at java.base/jdk.internal.reflect.DelegatingMethodAccessorImpl.invoke(DelegatingMethodAccessorImpl.java:43)
	at java.base/java.lang.reflect.Method.invoke(Method.java:566)
	at org.gradle.internal.dispatch.ReflectionDispatch.dispatch(ReflectionDispatch.java:36)
	at org.gradle.internal.dispatch.ReflectionDispatch.dispatch(ReflectionDispatch.java:24)
	at org.gradle.internal.dispatch.ContextClassLoaderDispatch.dispatch(ContextClassLoaderDispatch.java:33)
	at org.gradle.internal.dispatch.ProxyDispatchAdapter$DispatchingInvocationHandler.invoke(ProxyDispatchAdapter.java:94)
	at com.sun.proxy.$Proxy2.processTestClass(Unknown Source)
	at org.gradle.api.internal.tasks.testing.worker.TestWorker$2.run(TestWorker.java:176)
	at org.gradle.api.internal.tasks.testing.worker.TestWorker.executeAndMaintainThreadName(TestWorker.java:129)
	at org.gradle.api.internal.tasks.testing.worker.TestWorker.execute(TestWorker.java:100)
	at org.gradle.api.internal.tasks.testing.worker.TestWorker.execute(TestWorker.java:60)
	at org.gradle.process.internal.worker.child.ActionExecutionWorker.execute(ActionExecutionWorker.java:56)
	at org.gradle.process.internal.worker.child.SystemApplicationClassLoaderWorker.call(SystemApplicationClassLoaderWorker.java:133)
	at org.gradle.process.internal.worker.child.SystemApplicationClassLoaderWorker.call(SystemApplicationClassLoaderWorker.java:71)
	at worker.org.gradle.process.internal.worker.GradleWorkerMain.run(GradleWorkerMain.java:69)
	at worker.org.gradle.process.internal.worker.GradleWorkerMain.main(GradleWorkerMain.java:74)
[Test worker] INFO io.opencui.core.DialogManager - session state after turn 22 : {"schedulers_count":1,"main":{"state":"POST_ASK","fillers":[{"filler_type":"AnnotatedWrapperFiller","attribute":"PreDiagnosis"},{"filler_type":"FrameFiller","attribute":"PreDiagnosis"},{"filler_type":"AnnotatedWrapperFiller","attribute":"indexes"},{"filler_type":"MultiValueFiller","attribute":"indexes"},{"filler_type":"AnnotatedWrapperFiller","attribute":"indexes._hast"},{"filler_type":"FrameFiller","attribute":"indexes._hast"},{"filler_type":"AnnotatedWrapperFiller","attribute":"status"},{"filler_type":"InterfaceFiller","attribute":"status"},{"filler_type":"AnnotatedWrapperFiller","attribute":"status._realtype"},{"filler_type":"RealtypeFiller","attribute":"status._realtype"}]}}
[Test worker] INFO io.opencui.core.DialogManager - session state before turn 23 : {"schedulers_count":1,"main":{"state":"POST_ASK","fillers":[{"filler_type":"AnnotatedWrapperFiller","attribute":"PreDiagnosis"},{"filler_type":"FrameFiller","attribute":"PreDiagnosis"},{"filler_type":"AnnotatedWrapperFiller","attribute":"indexes"},{"filler_type":"MultiValueFiller","attribute":"indexes"},{"filler_type":"AnnotatedWrapperFiller","attribute":"indexes._hast"},{"filler_type":"FrameFiller","attribute":"indexes._hast"},{"filler_type":"AnnotatedWrapperFiller","attribute":"status"},{"filler_type":"InterfaceFiller","attribute":"status"},{"filler_type":"AnnotatedWrapperFiller","attribute":"status._realtype"},{"filler_type":"RealtypeFiller","attribute":"status._realtype"}]}}
java.lang.ClassNotFoundException: io.opencui.test.person
	at java.base/java.net.URLClassLoader.findClass(URLClassLoader.java:476)
	at java.base/java.lang.ClassLoader.loadClass(ClassLoader.java:589)
	at java.base/java.lang.ClassLoader.loadClass(ClassLoader.java:522)
	at java.base/java.lang.Class.forName0(Native Method)
	at java.base/java.lang.Class.forName(Class.java:398)
	at io.opencui.core.UserSession.construct(UserSession.kt:627)
	at io.opencui.core.BaseKt$createFrameGenerator$1.invoke(base.kt:38)
	at io.opencui.core.BaseKt$createFrameGenerator$1.invoke(base.kt:33)
	at io.opencui.core.InterfaceFiller$askFiller$2$entityFiller$2.invoke(filler.kt:933)
	at io.opencui.core.InterfaceFiller$askFiller$2$entityFiller$2.invoke(filler.kt:933)
	at io.opencui.core.RealtypeFiller.isCompatible(filler.kt:401)
	at io.opencui.core.UserSession.kernelStep(UserSession.kt:249)
	at io.opencui.core.UserSession.userStep(UserSession.kt:204)
	at io.opencui.core.DialogManager.response(execution.kt:99)
	at io.opencui.core.RuntimeTest.process(RuntimeTest.kt:1687)
	at io.opencui.core.RuntimeTest.testBasics(RuntimeTest.kt:250)
	at java.base/jdk.internal.reflect.NativeMethodAccessorImpl.invoke0(Native Method)
	at java.base/jdk.internal.reflect.NativeMethodAccessorImpl.invoke(NativeMethodAccessorImpl.java:62)
	at java.base/jdk.internal.reflect.DelegatingMethodAccessorImpl.invoke(DelegatingMethodAccessorImpl.java:43)
	at java.base/java.lang.reflect.Method.invoke(Method.java:566)
	at org.junit.runners.model.FrameworkMethod$1.runReflectiveCall(FrameworkMethod.java:50)
	at org.junit.internal.runners.model.ReflectiveCallable.run(ReflectiveCallable.java:12)
	at org.junit.runners.model.FrameworkMethod.invokeExplosively(FrameworkMethod.java:47)
	at org.junit.internal.runners.statements.InvokeMethod.evaluate(InvokeMethod.java:17)
	at org.junit.runners.ParentRunner.runLeaf(ParentRunner.java:325)
	at org.junit.runners.BlockJUnit4ClassRunner.runChild(BlockJUnit4ClassRunner.java:78)
	at org.junit.runners.BlockJUnit4ClassRunner.runChild(BlockJUnit4ClassRunner.java:57)
	at org.junit.runners.ParentRunner$3.run(ParentRunner.java:290)
	at org.junit.runners.ParentRunner$1.schedule(ParentRunner.java:71)
	at org.junit.runners.ParentRunner.runChildren(ParentRunner.java:288)
	at org.junit.runners.ParentRunner.access$000(ParentRunner.java:58)
	at org.junit.runners.ParentRunner$2.evaluate(ParentRunner.java:268)
	at org.junit.runners.ParentRunner.run(ParentRunner.java:363)
	at org.gradle.api.internal.tasks.testing.junit.JUnitTestClassExecutor.runTestClass(JUnitTestClassExecutor.java:110)
	at org.gradle.api.internal.tasks.testing.junit.JUnitTestClassExecutor.execute(JUnitTestClassExecutor.java:58)
	at org.gradle.api.internal.tasks.testing.junit.JUnitTestClassExecutor.execute(JUnitTestClassExecutor.java:38)
	at org.gradle.api.internal.tasks.testing.junit.AbstractJUnitTestClassProcessor.processTestClass(AbstractJUnitTestClassProcessor.java:62)
	at org.gradle.api.internal.tasks.testing.SuiteTestClassProcessor.processTestClass(SuiteTestClassProcessor.java:51)
	at java.base/jdk.internal.reflect.NativeMethodAccessorImpl.invoke0(Native Method)
	at java.base/jdk.internal.reflect.NativeMethodAccessorImpl.invoke(NativeMethodAccessorImpl.java:62)
	at java.base/jdk.internal.reflect.DelegatingMethodAccessorImpl.invoke(DelegatingMethodAccessorImpl.java:43)
	at java.base/java.lang.reflect.Method.invoke(Method.java:566)
	at org.gradle.internal.dispatch.ReflectionDispatch.dispatch(ReflectionDispatch.java:36)
	at org.gradle.internal.dispatch.ReflectionDispatch.dispatch(ReflectionDispatch.java:24)
	at org.gradle.internal.dispatch.ContextClassLoaderDispatch.dispatch(ContextClassLoaderDispatch.java:33)
	at org.gradle.internal.dispatch.ProxyDispatchAdapter$DispatchingInvocationHandler.invoke(ProxyDispatchAdapter.java:94)
	at com.sun.proxy.$Proxy2.processTestClass(Unknown Source)
	at org.gradle.api.internal.tasks.testing.worker.TestWorker$2.run(TestWorker.java:176)
	at org.gradle.api.internal.tasks.testing.worker.TestWorker.executeAndMaintainThreadName(TestWorker.java:129)
	at org.gradle.api.internal.tasks.testing.worker.TestWorker.execute(TestWorker.java:100)
	at org.gradle.api.internal.tasks.testing.worker.TestWorker.execute(TestWorker.java:60)
	at org.gradle.process.internal.worker.child.ActionExecutionWorker.execute(ActionExecutionWorker.java:56)
	at org.gradle.process.internal.worker.child.SystemApplicationClassLoaderWorker.call(SystemApplicationClassLoaderWorker.java:133)
	at org.gradle.process.internal.worker.child.SystemApplicationClassLoaderWorker.call(SystemApplicationClassLoaderWorker.java:71)
	at worker.org.gradle.process.internal.worker.GradleWorkerMain.run(GradleWorkerMain.java:69)
	at worker.org.gradle.process.internal.worker.GradleWorkerMain.main(GradleWorkerMain.java:74)
java.lang.ClassNotFoundException: io.opencui.test.fever
	at java.base/java.net.URLClassLoader.findClass(URLClassLoader.java:476)
	at java.base/java.lang.ClassLoader.loadClass(ClassLoader.java:589)
	at java.base/java.lang.ClassLoader.loadClass(ClassLoader.java:522)
	at java.base/java.lang.Class.forName0(Native Method)
	at java.base/java.lang.Class.forName(Class.java:398)
	at io.opencui.core.UserSession.construct(UserSession.kt:627)
	at io.opencui.core.BaseKt$createFrameGenerator$1.invoke(base.kt:38)
	at io.opencui.core.BaseKt$createFrameGenerator$1.invoke(base.kt:33)
	at io.opencui.core.InterfaceFiller$askFiller$2$entityFiller$2.invoke(filler.kt:933)
	at io.opencui.core.InterfaceFiller$askFiller$2$entityFiller$2.invoke(filler.kt:933)
	at io.opencui.core.RealtypeFiller.isCompatible(filler.kt:401)
	at io.opencui.core.UserSession.kernelStep(UserSession.kt:249)
	at io.opencui.core.UserSession.userStep(UserSession.kt:204)
	at io.opencui.core.DialogManager.response(execution.kt:99)
	at io.opencui.core.RuntimeTest.process(RuntimeTest.kt:1687)
	at io.opencui.core.RuntimeTest.testBasics(RuntimeTest.kt:250)
	at java.base/jdk.internal.reflect.NativeMethodAccessorImpl.invoke0(Native Method)
	at java.base/jdk.internal.reflect.NativeMethodAccessorImpl.invoke(NativeMethodAccessorImpl.java:62)
	at java.base/jdk.internal.reflect.DelegatingMethodAccessorImpl.invoke(DelegatingMethodAccessorImpl.java:43)
	at java.base/java.lang.reflect.Method.invoke(Method.java:566)
	at org.junit.runners.model.FrameworkMethod$1.runReflectiveCall(FrameworkMethod.java:50)
	at org.junit.internal.runners.model.ReflectiveCallable.run(ReflectiveCallable.java:12)
	at org.junit.runners.model.FrameworkMethod.invokeExplosively(FrameworkMethod.java:47)
	at org.junit.internal.runners.statements.InvokeMethod.evaluate(InvokeMethod.java:17)
	at org.junit.runners.ParentRunner.runLeaf(ParentRunner.java:325)
	at org.junit.runners.BlockJUnit4ClassRunner.runChild(BlockJUnit4ClassRunner.java:78)
	at org.junit.runners.BlockJUnit4ClassRunner.runChild(BlockJUnit4ClassRunner.java:57)
	at org.junit.runners.ParentRunner$3.run(ParentRunner.java:290)
	at org.junit.runners.ParentRunner$1.schedule(ParentRunner.java:71)
	at org.junit.runners.ParentRunner.runChildren(ParentRunner.java:288)
	at org.junit.runners.ParentRunner.access$000(ParentRunner.java:58)
	at org.junit.runners.ParentRunner$2.evaluate(ParentRunner.java:268)
	at org.junit.runners.ParentRunner.run(ParentRunner.java:363)
	at org.gradle.api.internal.tasks.testing.junit.JUnitTestClassExecutor.runTestClass(JUnitTestClassExecutor.java:110)
	at org.gradle.api.internal.tasks.testing.junit.JUnitTestClassExecutor.execute(JUnitTestClassExecutor.java:58)
	at org.gradle.api.internal.tasks.testing.junit.JUnitTestClassExecutor.execute(JUnitTestClassExecutor.java:38)
	at org.gradle.api.internal.tasks.testing.junit.AbstractJUnitTestClassProcessor.processTestClass(AbstractJUnitTestClassProcessor.java:62)
	at org.gradle.api.internal.tasks.testing.SuiteTestClassProcessor.processTestClass(SuiteTestClassProcessor.java:51)
	at java.base/jdk.internal.reflect.NativeMethodAccessorImpl.invoke0(Native Method)
	at java.base/jdk.internal.reflect.NativeMethodAccessorImpl.invoke(NativeMethodAccessorImpl.java:62)
	at java.base/jdk.internal.reflect.DelegatingMethodAccessorImpl.invoke(DelegatingMethodAccessorImpl.java:43)
	at java.base/java.lang.reflect.Method.invoke(Method.java:566)
	at org.gradle.internal.dispatch.ReflectionDispatch.dispatch(ReflectionDispatch.java:36)
	at org.gradle.internal.dispatch.ReflectionDispatch.dispatch(ReflectionDispatch.java:24)
	at org.gradle.internal.dispatch.ContextClassLoaderDispatch.dispatch(ContextClassLoaderDispatch.java:33)
	at org.gradle.internal.dispatch.ProxyDispatchAdapter$DispatchingInvocationHandler.invoke(ProxyDispatchAdapter.java:94)
	at com.sun.proxy.$Proxy2.processTestClass(Unknown Source)
	at org.gradle.api.internal.tasks.testing.worker.TestWorker$2.run(TestWorker.java:176)
	at org.gradle.api.internal.tasks.testing.worker.TestWorker.executeAndMaintainThreadName(TestWorker.java:129)
	at org.gradle.api.internal.tasks.testing.worker.TestWorker.execute(TestWorker.java:100)
	at org.gradle.api.internal.tasks.testing.worker.TestWorker.execute(TestWorker.java:60)
	at org.gradle.process.internal.worker.child.ActionExecutionWorker.execute(ActionExecutionWorker.java:56)
	at org.gradle.process.internal.worker.child.SystemApplicationClassLoaderWorker.call(SystemApplicationClassLoaderWorker.java:133)
	at org.gradle.process.internal.worker.child.SystemApplicationClassLoaderWorker.call(SystemApplicationClassLoaderWorker.java:71)
	at worker.org.gradle.process.internal.worker.GradleWorkerMain.run(GradleWorkerMain.java:69)
	at worker.org.gradle.process.internal.worker.GradleWorkerMain.main(GradleWorkerMain.java:74)
java.lang.ClassNotFoundException: io.opencui.test.person
	at java.base/java.net.URLClassLoader.findClass(URLClassLoader.java:476)
	at java.base/java.lang.ClassLoader.loadClass(ClassLoader.java:589)
	at java.base/java.lang.ClassLoader.loadClass(ClassLoader.java:522)
	at java.base/java.lang.Class.forName0(Native Method)
	at java.base/java.lang.Class.forName(Class.java:398)
	at io.opencui.core.UserSession.construct(UserSession.kt:627)
	at io.opencui.core.BaseKt$createFrameGenerator$1.invoke(base.kt:38)
	at io.opencui.core.BaseKt$createFrameGenerator$1.invoke(base.kt:33)
	at io.opencui.core.InterfaceFiller$askFiller$2$entityFiller$2.invoke(filler.kt:933)
	at io.opencui.core.InterfaceFiller$askFiller$2$entityFiller$2.invoke(filler.kt:933)
	at io.opencui.core.RealtypeFiller.isCompatible(filler.kt:401)
	at io.opencui.core.AnnotatedWrapperFiller.isCompatible(filler.kt:793)
	at io.opencui.core.InterfaceFiller.isCompatible(filler.kt:923)
	at io.opencui.core.AnnotatedWrapperFiller.grow(filler.kt:668)
	at io.opencui.core.Scheduler.grow(UserSession.kt:61)
	at io.opencui.core.RescheduleAction.run(action.kt:481)
	at io.opencui.core.DialogManager.response(execution.kt:108)
	at io.opencui.core.RuntimeTest.process(RuntimeTest.kt:1687)
	at io.opencui.core.RuntimeTest.testBasics(RuntimeTest.kt:250)
	at java.base/jdk.internal.reflect.NativeMethodAccessorImpl.invoke0(Native Method)
	at java.base/jdk.internal.reflect.NativeMethodAccessorImpl.invoke(NativeMethodAccessorImpl.java:62)
	at java.base/jdk.internal.reflect.DelegatingMethodAccessorImpl.invoke(DelegatingMethodAccessorImpl.java:43)
	at java.base/java.lang.reflect.Method.invoke(Method.java:566)
	at org.junit.runners.model.FrameworkMethod$1.runReflectiveCall(FrameworkMethod.java:50)
	at org.junit.internal.runners.model.ReflectiveCallable.run(ReflectiveCallable.java:12)
	at org.junit.runners.model.FrameworkMethod.invokeExplosively(FrameworkMethod.java:47)
	at org.junit.internal.runners.statements.InvokeMethod.evaluate(InvokeMethod.java:17)
	at org.junit.runners.ParentRunner.runLeaf(ParentRunner.java:325)
	at org.junit.runners.BlockJUnit4ClassRunner.runChild(BlockJUnit4ClassRunner.java:78)
	at org.junit.runners.BlockJUnit4ClassRunner.runChild(BlockJUnit4ClassRunner.java:57)
	at org.junit.runners.ParentRunner$3.run(ParentRunner.java:290)
	at org.junit.runners.ParentRunner$1.schedule(ParentRunner.java:71)
	at org.junit.runners.ParentRunner.runChildren(ParentRunner.java:288)
	at org.junit.runners.ParentRunner.access$000(ParentRunner.java:58)
	at org.junit.runners.ParentRunner$2.evaluate(ParentRunner.java:268)
	at org.junit.runners.ParentRunner.run(ParentRunner.java:363)
	at org.gradle.api.internal.tasks.testing.junit.JUnitTestClassExecutor.runTestClass(JUnitTestClassExecutor.java:110)
	at org.gradle.api.internal.tasks.testing.junit.JUnitTestClassExecutor.execute(JUnitTestClassExecutor.java:58)
	at org.gradle.api.internal.tasks.testing.junit.JUnitTestClassExecutor.execute(JUnitTestClassExecutor.java:38)
	at org.gradle.api.internal.tasks.testing.junit.AbstractJUnitTestClassProcessor.processTestClass(AbstractJUnitTestClassProcessor.java:62)
	at org.gradle.api.internal.tasks.testing.SuiteTestClassProcessor.processTestClass(SuiteTestClassProcessor.java:51)
	at java.base/jdk.internal.reflect.NativeMethodAccessorImpl.invoke0(Native Method)
	at java.base/jdk.internal.reflect.NativeMethodAccessorImpl.invoke(NativeMethodAccessorImpl.java:62)
	at java.base/jdk.internal.reflect.DelegatingMethodAccessorImpl.invoke(DelegatingMethodAccessorImpl.java:43)
	at java.base/java.lang.reflect.Method.invoke(Method.java:566)
	at org.gradle.internal.dispatch.ReflectionDispatch.dispatch(ReflectionDispatch.java:36)
	at org.gradle.internal.dispatch.ReflectionDispatch.dispatch(ReflectionDispatch.java:24)
	at org.gradle.internal.dispatch.ContextClassLoaderDispatch.dispatch(ContextClassLoaderDispatch.java:33)
	at org.gradle.internal.dispatch.ProxyDispatchAdapter$DispatchingInvocationHandler.invoke(ProxyDispatchAdapter.java:94)
	at com.sun.proxy.$Proxy2.processTestClass(Unknown Source)
	at org.gradle.api.internal.tasks.testing.worker.TestWorker$2.run(TestWorker.java:176)
	at org.gradle.api.internal.tasks.testing.worker.TestWorker.executeAndMaintainThreadName(TestWorker.java:129)
	at org.gradle.api.internal.tasks.testing.worker.TestWorker.execute(TestWorker.java:100)
	at org.gradle.api.internal.tasks.testing.worker.TestWorker.execute(TestWorker.java:60)
	at org.gradle.process.internal.worker.child.ActionExecutionWorker.execute(ActionExecutionWorker.java:56)
	at org.gradle.process.internal.worker.child.SystemApplicationClassLoaderWorker.call(SystemApplicationClassLoaderWorker.java:133)
	at org.gradle.process.internal.worker.child.SystemApplicationClassLoaderWorker.call(SystemApplicationClassLoaderWorker.java:71)
	at worker.org.gradle.process.internal.worker.GradleWorkerMain.run(GradleWorkerMain.java:69)
	at worker.org.gradle.process.internal.worker.GradleWorkerMain.main(GradleWorkerMain.java:74)
java.lang.ClassNotFoundException: io.opencui.test.fever
	at java.base/java.net.URLClassLoader.findClass(URLClassLoader.java:476)
	at java.base/java.lang.ClassLoader.loadClass(ClassLoader.java:589)
	at java.base/java.lang.ClassLoader.loadClass(ClassLoader.java:522)
	at java.base/java.lang.Class.forName0(Native Method)
	at java.base/java.lang.Class.forName(Class.java:398)
	at io.opencui.core.UserSession.construct(UserSession.kt:627)
	at io.opencui.core.BaseKt$createFrameGenerator$1.invoke(base.kt:38)
	at io.opencui.core.BaseKt$createFrameGenerator$1.invoke(base.kt:33)
	at io.opencui.core.InterfaceFiller$askFiller$2$entityFiller$2.invoke(filler.kt:933)
	at io.opencui.core.InterfaceFiller$askFiller$2$entityFiller$2.invoke(filler.kt:933)
	at io.opencui.core.RealtypeFiller.isCompatible(filler.kt:401)
	at io.opencui.core.AnnotatedWrapperFiller.isCompatible(filler.kt:793)
	at io.opencui.core.InterfaceFiller.isCompatible(filler.kt:923)
	at io.opencui.core.AnnotatedWrapperFiller.grow(filler.kt:668)
	at io.opencui.core.Scheduler.grow(UserSession.kt:61)
	at io.opencui.core.RescheduleAction.run(action.kt:481)
	at io.opencui.core.DialogManager.response(execution.kt:108)
	at io.opencui.core.RuntimeTest.process(RuntimeTest.kt:1687)
	at io.opencui.core.RuntimeTest.testBasics(RuntimeTest.kt:250)
	at java.base/jdk.internal.reflect.NativeMethodAccessorImpl.invoke0(Native Method)
	at java.base/jdk.internal.reflect.NativeMethodAccessorImpl.invoke(NativeMethodAccessorImpl.java:62)
	at java.base/jdk.internal.reflect.DelegatingMethodAccessorImpl.invoke(DelegatingMethodAccessorImpl.java:43)
	at java.base/java.lang.reflect.Method.invoke(Method.java:566)
	at org.junit.runners.model.FrameworkMethod$1.runReflectiveCall(FrameworkMethod.java:50)
	at org.junit.internal.runners.model.ReflectiveCallable.run(ReflectiveCallable.java:12)
	at org.junit.runners.model.FrameworkMethod.invokeExplosively(FrameworkMethod.java:47)
	at org.junit.internal.runners.statements.InvokeMethod.evaluate(InvokeMethod.java:17)
	at org.junit.runners.ParentRunner.runLeaf(ParentRunner.java:325)
	at org.junit.runners.BlockJUnit4ClassRunner.runChild(BlockJUnit4ClassRunner.java:78)
	at org.junit.runners.BlockJUnit4ClassRunner.runChild(BlockJUnit4ClassRunner.java:57)
	at org.junit.runners.ParentRunner$3.run(ParentRunner.java:290)
	at org.junit.runners.ParentRunner$1.schedule(ParentRunner.java:71)
	at org.junit.runners.ParentRunner.runChildren(ParentRunner.java:288)
	at org.junit.runners.ParentRunner.access$000(ParentRunner.java:58)
	at org.junit.runners.ParentRunner$2.evaluate(ParentRunner.java:268)
	at org.junit.runners.ParentRunner.run(ParentRunner.java:363)
	at org.gradle.api.internal.tasks.testing.junit.JUnitTestClassExecutor.runTestClass(JUnitTestClassExecutor.java:110)
	at org.gradle.api.internal.tasks.testing.junit.JUnitTestClassExecutor.execute(JUnitTestClassExecutor.java:58)
	at org.gradle.api.internal.tasks.testing.junit.JUnitTestClassExecutor.execute(JUnitTestClassExecutor.java:38)
	at org.gradle.api.internal.tasks.testing.junit.AbstractJUnitTestClassProcessor.processTestClass(AbstractJUnitTestClassProcessor.java:62)
	at org.gradle.api.internal.tasks.testing.SuiteTestClassProcessor.processTestClass(SuiteTestClassProcessor.java:51)
	at java.base/jdk.internal.reflect.NativeMethodAccessorImpl.invoke0(Native Method)
	at java.base/jdk.internal.reflect.NativeMethodAccessorImpl.invoke(NativeMethodAccessorImpl.java:62)
	at java.base/jdk.internal.reflect.DelegatingMethodAccessorImpl.invoke(DelegatingMethodAccessorImpl.java:43)
	at java.base/java.lang.reflect.Method.invoke(Method.java:566)
	at org.gradle.internal.dispatch.ReflectionDispatch.dispatch(ReflectionDispatch.java:36)
	at org.gradle.internal.dispatch.ReflectionDispatch.dispatch(ReflectionDispatch.java:24)
	at org.gradle.internal.dispatch.ContextClassLoaderDispatch.dispatch(ContextClassLoaderDispatch.java:33)
	at org.gradle.internal.dispatch.ProxyDispatchAdapter$DispatchingInvocationHandler.invoke(ProxyDispatchAdapter.java:94)
	at com.sun.proxy.$Proxy2.processTestClass(Unknown Source)
	at org.gradle.api.internal.tasks.testing.worker.TestWorker$2.run(TestWorker.java:176)
	at org.gradle.api.internal.tasks.testing.worker.TestWorker.executeAndMaintainThreadName(TestWorker.java:129)
	at org.gradle.api.internal.tasks.testing.worker.TestWorker.execute(TestWorker.java:100)
	at org.gradle.api.internal.tasks.testing.worker.TestWorker.execute(TestWorker.java:60)
	at org.gradle.process.internal.worker.child.ActionExecutionWorker.execute(ActionExecutionWorker.java:56)
	at org.gradle.process.internal.worker.child.SystemApplicationClassLoaderWorker.call(SystemApplicationClassLoaderWorker.java:133)
	at org.gradle.process.internal.worker.child.SystemApplicationClassLoaderWorker.call(SystemApplicationClassLoaderWorker.java:71)
	at worker.org.gradle.process.internal.worker.GradleWorkerMain.run(GradleWorkerMain.java:69)
	at worker.org.gradle.process.internal.worker.GradleWorkerMain.main(GradleWorkerMain.java:74)
java.lang.ClassNotFoundException: io.opencui.test.person
	at java.base/java.net.URLClassLoader.findClass(URLClassLoader.java:476)
	at java.base/java.lang.ClassLoader.loadClass(ClassLoader.java:589)
	at java.base/java.lang.ClassLoader.loadClass(ClassLoader.java:522)
	at java.base/java.lang.Class.forName0(Native Method)
	at java.base/java.lang.Class.forName(Class.java:398)
	at io.opencui.core.UserSession.construct(UserSession.kt:627)
	at io.opencui.core.BaseKt$createFrameGenerator$1.invoke(base.kt:38)
	at io.opencui.core.BaseKt$createFrameGenerator$1.invoke(base.kt:33)
	at io.opencui.core.InterfaceFiller$askFiller$2$entityFiller$2.invoke(filler.kt:933)
	at io.opencui.core.InterfaceFiller$askFiller$2$entityFiller$2.invoke(filler.kt:933)
	at io.opencui.core.RealtypeFiller.isCompatible(filler.kt:401)
	at io.opencui.core.AnnotatedWrapperFiller.grow(filler.kt:668)
	at io.opencui.core.Scheduler.grow(UserSession.kt:61)
	at io.opencui.core.RescheduleAction.run(action.kt:481)
	at io.opencui.core.DialogManager.response(execution.kt:108)
	at io.opencui.core.RuntimeTest.process(RuntimeTest.kt:1687)
	at io.opencui.core.RuntimeTest.testBasics(RuntimeTest.kt:250)
	at java.base/jdk.internal.reflect.NativeMethodAccessorImpl.invoke0(Native Method)
	at java.base/jdk.internal.reflect.NativeMethodAccessorImpl.invoke(NativeMethodAccessorImpl.java:62)
	at java.base/jdk.internal.reflect.DelegatingMethodAccessorImpl.invoke(DelegatingMethodAccessorImpl.java:43)
	at java.base/java.lang.reflect.Method.invoke(Method.java:566)
	at org.junit.runners.model.FrameworkMethod$1.runReflectiveCall(FrameworkMethod.java:50)
	at org.junit.internal.runners.model.ReflectiveCallable.run(ReflectiveCallable.java:12)
	at org.junit.runners.model.FrameworkMethod.invokeExplosively(FrameworkMethod.java:47)
	at org.junit.internal.runners.statements.InvokeMethod.evaluate(InvokeMethod.java:17)
	at org.junit.runners.ParentRunner.runLeaf(ParentRunner.java:325)
	at org.junit.runners.BlockJUnit4ClassRunner.runChild(BlockJUnit4ClassRunner.java:78)
	at org.junit.runners.BlockJUnit4ClassRunner.runChild(BlockJUnit4ClassRunner.java:57)
	at org.junit.runners.ParentRunner$3.run(ParentRunner.java:290)
	at org.junit.runners.ParentRunner$1.schedule(ParentRunner.java:71)
	at org.junit.runners.ParentRunner.runChildren(ParentRunner.java:288)
	at org.junit.runners.ParentRunner.access$000(ParentRunner.java:58)
	at org.junit.runners.ParentRunner$2.evaluate(ParentRunner.java:268)
	at org.junit.runners.ParentRunner.run(ParentRunner.java:363)
	at org.gradle.api.internal.tasks.testing.junit.JUnitTestClassExecutor.runTestClass(JUnitTestClassExecutor.java:110)
	at org.gradle.api.internal.tasks.testing.junit.JUnitTestClassExecutor.execute(JUnitTestClassExecutor.java:58)
	at org.gradle.api.internal.tasks.testing.junit.JUnitTestClassExecutor.execute(JUnitTestClassExecutor.java:38)
	at org.gradle.api.internal.tasks.testing.junit.AbstractJUnitTestClassProcessor.processTestClass(AbstractJUnitTestClassProcessor.java:62)
	at org.gradle.api.internal.tasks.testing.SuiteTestClassProcessor.processTestClass(SuiteTestClassProcessor.java:51)
	at java.base/jdk.internal.reflect.NativeMethodAccessorImpl.invoke0(Native Method)
	at java.base/jdk.internal.reflect.NativeMethodAccessorImpl.invoke(NativeMethodAccessorImpl.java:62)
	at java.base/jdk.internal.reflect.DelegatingMethodAccessorImpl.invoke(DelegatingMethodAccessorImpl.java:43)
	at java.base/java.lang.reflect.Method.invoke(Method.java:566)
	at org.gradle.internal.dispatch.ReflectionDispatch.dispatch(ReflectionDispatch.java:36)
	at org.gradle.internal.dispatch.ReflectionDispatch.dispatch(ReflectionDispatch.java:24)
	at org.gradle.internal.dispatch.ContextClassLoaderDispatch.dispatch(ContextClassLoaderDispatch.java:33)
	at org.gradle.internal.dispatch.ProxyDispatchAdapter$DispatchingInvocationHandler.invoke(ProxyDispatchAdapter.java:94)
	at com.sun.proxy.$Proxy2.processTestClass(Unknown Source)
	at org.gradle.api.internal.tasks.testing.worker.TestWorker$2.run(TestWorker.java:176)
	at org.gradle.api.internal.tasks.testing.worker.TestWorker.executeAndMaintainThreadName(TestWorker.java:129)
	at org.gradle.api.internal.tasks.testing.worker.TestWorker.execute(TestWorker.java:100)
	at org.gradle.api.internal.tasks.testing.worker.TestWorker.execute(TestWorker.java:60)
	at org.gradle.process.internal.worker.child.ActionExecutionWorker.execute(ActionExecutionWorker.java:56)
	at org.gradle.process.internal.worker.child.SystemApplicationClassLoaderWorker.call(SystemApplicationClassLoaderWorker.java:133)
	at org.gradle.process.internal.worker.child.SystemApplicationClassLoaderWorker.call(SystemApplicationClassLoaderWorker.java:71)
	at worker.org.gradle.process.internal.worker.GradleWorkerMain.run(GradleWorkerMain.java:69)
	at worker.org.gradle.process.internal.worker.GradleWorkerMain.main(GradleWorkerMain.java:74)
java.lang.ClassNotFoundException: io.opencui.test.fever
	at java.base/java.net.URLClassLoader.findClass(URLClassLoader.java:476)
	at java.base/java.lang.ClassLoader.loadClass(ClassLoader.java:589)
	at java.base/java.lang.ClassLoader.loadClass(ClassLoader.java:522)
	at java.base/java.lang.Class.forName0(Native Method)
	at java.base/java.lang.Class.forName(Class.java:398)
	at io.opencui.core.UserSession.construct(UserSession.kt:627)
	at io.opencui.core.BaseKt$createFrameGenerator$1.invoke(base.kt:38)
	at io.opencui.core.BaseKt$createFrameGenerator$1.invoke(base.kt:33)
	at io.opencui.core.InterfaceFiller$askFiller$2$entityFiller$2.invoke(filler.kt:933)
	at io.opencui.core.InterfaceFiller$askFiller$2$entityFiller$2.invoke(filler.kt:933)
	at io.opencui.core.RealtypeFiller.isCompatible(filler.kt:401)
	at io.opencui.core.AnnotatedWrapperFiller.grow(filler.kt:668)
	at io.opencui.core.Scheduler.grow(UserSession.kt:61)
	at io.opencui.core.RescheduleAction.run(action.kt:481)
	at io.opencui.core.DialogManager.response(execution.kt:108)
	at io.opencui.core.RuntimeTest.process(RuntimeTest.kt:1687)
	at io.opencui.core.RuntimeTest.testBasics(RuntimeTest.kt:250)
	at java.base/jdk.internal.reflect.NativeMethodAccessorImpl.invoke0(Native Method)
	at java.base/jdk.internal.reflect.NativeMethodAccessorImpl.invoke(NativeMethodAccessorImpl.java:62)
	at java.base/jdk.internal.reflect.DelegatingMethodAccessorImpl.invoke(DelegatingMethodAccessorImpl.java:43)
	at java.base/java.lang.reflect.Method.invoke(Method.java:566)
	at org.junit.runners.model.FrameworkMethod$1.runReflectiveCall(FrameworkMethod.java:50)
	at org.junit.internal.runners.model.ReflectiveCallable.run(ReflectiveCallable.java:12)
	at org.junit.runners.model.FrameworkMethod.invokeExplosively(FrameworkMethod.java:47)
	at org.junit.internal.runners.statements.InvokeMethod.evaluate(InvokeMethod.java:17)
	at org.junit.runners.ParentRunner.runLeaf(ParentRunner.java:325)
	at org.junit.runners.BlockJUnit4ClassRunner.runChild(BlockJUnit4ClassRunner.java:78)
	at org.junit.runners.BlockJUnit4ClassRunner.runChild(BlockJUnit4ClassRunner.java:57)
	at org.junit.runners.ParentRunner$3.run(ParentRunner.java:290)
	at org.junit.runners.ParentRunner$1.schedule(ParentRunner.java:71)
	at org.junit.runners.ParentRunner.runChildren(ParentRunner.java:288)
	at org.junit.runners.ParentRunner.access$000(ParentRunner.java:58)
	at org.junit.runners.ParentRunner$2.evaluate(ParentRunner.java:268)
	at org.junit.runners.ParentRunner.run(ParentRunner.java:363)
	at org.gradle.api.internal.tasks.testing.junit.JUnitTestClassExecutor.runTestClass(JUnitTestClassExecutor.java:110)
	at org.gradle.api.internal.tasks.testing.junit.JUnitTestClassExecutor.execute(JUnitTestClassExecutor.java:58)
	at org.gradle.api.internal.tasks.testing.junit.JUnitTestClassExecutor.execute(JUnitTestClassExecutor.java:38)
	at org.gradle.api.internal.tasks.testing.junit.AbstractJUnitTestClassProcessor.processTestClass(AbstractJUnitTestClassProcessor.java:62)
	at org.gradle.api.internal.tasks.testing.SuiteTestClassProcessor.processTestClass(SuiteTestClassProcessor.java:51)
	at java.base/jdk.internal.reflect.NativeMethodAccessorImpl.invoke0(Native Method)
	at java.base/jdk.internal.reflect.NativeMethodAccessorImpl.invoke(NativeMethodAccessorImpl.java:62)
	at java.base/jdk.internal.reflect.DelegatingMethodAccessorImpl.invoke(DelegatingMethodAccessorImpl.java:43)
	at java.base/java.lang.reflect.Method.invoke(Method.java:566)
	at org.gradle.internal.dispatch.ReflectionDispatch.dispatch(ReflectionDispatch.java:36)
	at org.gradle.internal.dispatch.ReflectionDispatch.dispatch(ReflectionDispatch.java:24)
	at org.gradle.internal.dispatch.ContextClassLoaderDispatch.dispatch(ContextClassLoaderDispatch.java:33)
	at org.gradle.internal.dispatch.ProxyDispatchAdapter$DispatchingInvocationHandler.invoke(ProxyDispatchAdapter.java:94)
	at com.sun.proxy.$Proxy2.processTestClass(Unknown Source)
	at org.gradle.api.internal.tasks.testing.worker.TestWorker$2.run(TestWorker.java:176)
	at org.gradle.api.internal.tasks.testing.worker.TestWorker.executeAndMaintainThreadName(TestWorker.java:129)
	at org.gradle.api.internal.tasks.testing.worker.TestWorker.execute(TestWorker.java:100)
	at org.gradle.api.internal.tasks.testing.worker.TestWorker.execute(TestWorker.java:60)
	at org.gradle.process.internal.worker.child.ActionExecutionWorker.execute(ActionExecutionWorker.java:56)
	at org.gradle.process.internal.worker.child.SystemApplicationClassLoaderWorker.call(SystemApplicationClassLoaderWorker.java:133)
	at org.gradle.process.internal.worker.child.SystemApplicationClassLoaderWorker.call(SystemApplicationClassLoaderWorker.java:71)
	at worker.org.gradle.process.internal.worker.GradleWorkerMain.run(GradleWorkerMain.java:69)
	at worker.org.gradle.process.internal.worker.GradleWorkerMain.main(GradleWorkerMain.java:74)
java.lang.ClassNotFoundException: io.opencui.test.person
	at java.base/java.net.URLClassLoader.findClass(URLClassLoader.java:476)
	at java.base/java.lang.ClassLoader.loadClass(ClassLoader.java:589)
	at java.base/java.lang.ClassLoader.loadClass(ClassLoader.java:522)
	at java.base/java.lang.Class.forName0(Native Method)
	at java.base/java.lang.Class.forName(Class.java:398)
	at io.opencui.core.UserSession.construct(UserSession.kt:627)
	at io.opencui.core.BaseKt$createFrameGenerator$1.invoke(base.kt:38)
	at io.opencui.core.BaseKt$createFrameGenerator$1.invoke(base.kt:33)
	at io.opencui.core.InterfaceFiller$askFiller$2$entityFiller$2.invoke(filler.kt:933)
	at io.opencui.core.InterfaceFiller$askFiller$2$entityFiller$2.invoke(filler.kt:933)
	at io.opencui.core.RealtypeFiller.isCompatible(filler.kt:401)
	at io.opencui.core.AEntityFiller.move(filler.kt:263)
	at io.opencui.core.Scheduler.grow(UserSession.kt:59)
	at io.opencui.core.RescheduleAction.run(action.kt:481)
	at io.opencui.core.DialogManager.response(execution.kt:108)
	at io.opencui.core.RuntimeTest.process(RuntimeTest.kt:1687)
	at io.opencui.core.RuntimeTest.testBasics(RuntimeTest.kt:250)
	at java.base/jdk.internal.reflect.NativeMethodAccessorImpl.invoke0(Native Method)
	at java.base/jdk.internal.reflect.NativeMethodAccessorImpl.invoke(NativeMethodAccessorImpl.java:62)
	at java.base/jdk.internal.reflect.DelegatingMethodAccessorImpl.invoke(DelegatingMethodAccessorImpl.java:43)
	at java.base/java.lang.reflect.Method.invoke(Method.java:566)
	at org.junit.runners.model.FrameworkMethod$1.runReflectiveCall(FrameworkMethod.java:50)
	at org.junit.internal.runners.model.ReflectiveCallable.run(ReflectiveCallable.java:12)
	at org.junit.runners.model.FrameworkMethod.invokeExplosively(FrameworkMethod.java:47)
	at org.junit.internal.runners.statements.InvokeMethod.evaluate(InvokeMethod.java:17)
	at org.junit.runners.ParentRunner.runLeaf(ParentRunner.java:325)
	at org.junit.runners.BlockJUnit4ClassRunner.runChild(BlockJUnit4ClassRunner.java:78)
	at org.junit.runners.BlockJUnit4ClassRunner.runChild(BlockJUnit4ClassRunner.java:57)
	at org.junit.runners.ParentRunner$3.run(ParentRunner.java:290)
	at org.junit.runners.ParentRunner$1.schedule(ParentRunner.java:71)
	at org.junit.runners.ParentRunner.runChildren(ParentRunner.java:288)
	at org.junit.runners.ParentRunner.access$000(ParentRunner.java:58)
	at org.junit.runners.ParentRunner$2.evaluate(ParentRunner.java:268)
	at org.junit.runners.ParentRunner.run(ParentRunner.java:363)
	at org.gradle.api.internal.tasks.testing.junit.JUnitTestClassExecutor.runTestClass(JUnitTestClassExecutor.java:110)
	at org.gradle.api.internal.tasks.testing.junit.JUnitTestClassExecutor.execute(JUnitTestClassExecutor.java:58)
	at org.gradle.api.internal.tasks.testing.junit.JUnitTestClassExecutor.execute(JUnitTestClassExecutor.java:38)
	at org.gradle.api.internal.tasks.testing.junit.AbstractJUnitTestClassProcessor.processTestClass(AbstractJUnitTestClassProcessor.java:62)
	at org.gradle.api.internal.tasks.testing.SuiteTestClassProcessor.processTestClass(SuiteTestClassProcessor.java:51)
	at java.base/jdk.internal.reflect.NativeMethodAccessorImpl.invoke0(Native Method)
	at java.base/jdk.internal.reflect.NativeMethodAccessorImpl.invoke(NativeMethodAccessorImpl.java:62)
	at java.base/jdk.internal.reflect.DelegatingMethodAccessorImpl.invoke(DelegatingMethodAccessorImpl.java:43)
	at java.base/java.lang.reflect.Method.invoke(Method.java:566)
	at org.gradle.internal.dispatch.ReflectionDispatch.dispatch(ReflectionDispatch.java:36)
	at org.gradle.internal.dispatch.ReflectionDispatch.dispatch(ReflectionDispatch.java:24)
	at org.gradle.internal.dispatch.ContextClassLoaderDispatch.dispatch(ContextClassLoaderDispatch.java:33)
	at org.gradle.internal.dispatch.ProxyDispatchAdapter$DispatchingInvocationHandler.invoke(ProxyDispatchAdapter.java:94)
	at com.sun.proxy.$Proxy2.processTestClass(Unknown Source)
	at org.gradle.api.internal.tasks.testing.worker.TestWorker$2.run(TestWorker.java:176)
	at org.gradle.api.internal.tasks.testing.worker.TestWorker.executeAndMaintainThreadName(TestWorker.java:129)
	at org.gradle.api.internal.tasks.testing.worker.TestWorker.execute(TestWorker.java:100)
	at org.gradle.api.internal.tasks.testing.worker.TestWorker.execute(TestWorker.java:60)
	at org.gradle.process.internal.worker.child.ActionExecutionWorker.execute(ActionExecutionWorker.java:56)
	at org.gradle.process.internal.worker.child.SystemApplicationClassLoaderWorker.call(SystemApplicationClassLoaderWorker.java:133)
	at org.gradle.process.internal.worker.child.SystemApplicationClassLoaderWorker.call(SystemApplicationClassLoaderWorker.java:71)
	at worker.org.gradle.process.internal.worker.GradleWorkerMain.run(GradleWorkerMain.java:69)
	at worker.org.gradle.process.internal.worker.GradleWorkerMain.main(GradleWorkerMain.java:74)
java.lang.ClassNotFoundException: io.opencui.test.fever
	at java.base/java.net.URLClassLoader.findClass(URLClassLoader.java:476)
	at java.base/java.lang.ClassLoader.loadClass(ClassLoader.java:589)
	at java.base/java.lang.ClassLoader.loadClass(ClassLoader.java:522)
	at java.base/java.lang.Class.forName0(Native Method)
	at java.base/java.lang.Class.forName(Class.java:398)
	at io.opencui.core.UserSession.construct(UserSession.kt:627)
	at io.opencui.core.BaseKt$createFrameGenerator$1.invoke(base.kt:38)
	at io.opencui.core.BaseKt$createFrameGenerator$1.invoke(base.kt:33)
	at io.opencui.core.InterfaceFiller$askFiller$2$entityFiller$2.invoke(filler.kt:933)
	at io.opencui.core.InterfaceFiller$askFiller$2$entityFiller$2.invoke(filler.kt:933)
	at io.opencui.core.RealtypeFiller.isCompatible(filler.kt:401)
	at io.opencui.core.AEntityFiller.move(filler.kt:263)
	at io.opencui.core.Scheduler.grow(UserSession.kt:59)
	at io.opencui.core.RescheduleAction.run(action.kt:481)
	at io.opencui.core.DialogManager.response(execution.kt:108)
	at io.opencui.core.RuntimeTest.process(RuntimeTest.kt:1687)
	at io.opencui.core.RuntimeTest.testBasics(RuntimeTest.kt:250)
	at java.base/jdk.internal.reflect.NativeMethodAccessorImpl.invoke0(Native Method)
	at java.base/jdk.internal.reflect.NativeMethodAccessorImpl.invoke(NativeMethodAccessorImpl.java:62)
	at java.base/jdk.internal.reflect.DelegatingMethodAccessorImpl.invoke(DelegatingMethodAccessorImpl.java:43)
	at java.base/java.lang.reflect.Method.invoke(Method.java:566)
	at org.junit.runners.model.FrameworkMethod$1.runReflectiveCall(FrameworkMethod.java:50)
	at org.junit.internal.runners.model.ReflectiveCallable.run(ReflectiveCallable.java:12)
	at org.junit.runners.model.FrameworkMethod.invokeExplosively(FrameworkMethod.java:47)
	at org.junit.internal.runners.statements.InvokeMethod.evaluate(InvokeMethod.java:17)
	at org.junit.runners.ParentRunner.runLeaf(ParentRunner.java:325)
	at org.junit.runners.BlockJUnit4ClassRunner.runChild(BlockJUnit4ClassRunner.java:78)
	at org.junit.runners.BlockJUnit4ClassRunner.runChild(BlockJUnit4ClassRunner.java:57)
	at org.junit.runners.ParentRunner$3.run(ParentRunner.java:290)
	at org.junit.runners.ParentRunner$1.schedule(ParentRunner.java:71)
	at org.junit.runners.ParentRunner.runChildren(ParentRunner.java:288)
	at org.junit.runners.ParentRunner.access$000(ParentRunner.java:58)
	at org.junit.runners.ParentRunner$2.evaluate(ParentRunner.java:268)
	at org.junit.runners.ParentRunner.run(ParentRunner.java:363)
	at org.gradle.api.internal.tasks.testing.junit.JUnitTestClassExecutor.runTestClass(JUnitTestClassExecutor.java:110)
	at org.gradle.api.internal.tasks.testing.junit.JUnitTestClassExecutor.execute(JUnitTestClassExecutor.java:58)
	at org.gradle.api.internal.tasks.testing.junit.JUnitTestClassExecutor.execute(JUnitTestClassExecutor.java:38)
	at org.gradle.api.internal.tasks.testing.junit.AbstractJUnitTestClassProcessor.processTestClass(AbstractJUnitTestClassProcessor.java:62)
	at org.gradle.api.internal.tasks.testing.SuiteTestClassProcessor.processTestClass(SuiteTestClassProcessor.java:51)
	at java.base/jdk.internal.reflect.NativeMethodAccessorImpl.invoke0(Native Method)
	at java.base/jdk.internal.reflect.NativeMethodAccessorImpl.invoke(NativeMethodAccessorImpl.java:62)
	at java.base/jdk.internal.reflect.DelegatingMethodAccessorImpl.invoke(DelegatingMethodAccessorImpl.java:43)
	at java.base/java.lang.reflect.Method.invoke(Method.java:566)
	at org.gradle.internal.dispatch.ReflectionDispatch.dispatch(ReflectionDispatch.java:36)
	at org.gradle.internal.dispatch.ReflectionDispatch.dispatch(ReflectionDispatch.java:24)
	at org.gradle.internal.dispatch.ContextClassLoaderDispatch.dispatch(ContextClassLoaderDispatch.java:33)
	at org.gradle.internal.dispatch.ProxyDispatchAdapter$DispatchingInvocationHandler.invoke(ProxyDispatchAdapter.java:94)
	at com.sun.proxy.$Proxy2.processTestClass(Unknown Source)
	at org.gradle.api.internal.tasks.testing.worker.TestWorker$2.run(TestWorker.java:176)
	at org.gradle.api.internal.tasks.testing.worker.TestWorker.executeAndMaintainThreadName(TestWorker.java:129)
	at org.gradle.api.internal.tasks.testing.worker.TestWorker.execute(TestWorker.java:100)
	at org.gradle.api.internal.tasks.testing.worker.TestWorker.execute(TestWorker.java:60)
	at org.gradle.process.internal.worker.child.ActionExecutionWorker.execute(ActionExecutionWorker.java:56)
	at org.gradle.process.internal.worker.child.SystemApplicationClassLoaderWorker.call(SystemApplicationClassLoaderWorker.java:133)
	at org.gradle.process.internal.worker.child.SystemApplicationClassLoaderWorker.call(SystemApplicationClassLoaderWorker.java:71)
	at worker.org.gradle.process.internal.worker.GradleWorkerMain.run(GradleWorkerMain.java:69)
	at worker.org.gradle.process.internal.worker.GradleWorkerMain.main(GradleWorkerMain.java:74)
java.lang.ClassNotFoundException: io.opencui.test.person
	at java.base/java.net.URLClassLoader.findClass(URLClassLoader.java:476)
	at java.base/java.lang.ClassLoader.loadClass(ClassLoader.java:589)
	at java.base/java.lang.ClassLoader.loadClass(ClassLoader.java:522)
	at java.base/java.lang.Class.forName0(Native Method)
	at java.base/java.lang.Class.forName(Class.java:398)
	at io.opencui.core.UserSession.construct(UserSession.kt:627)
	at io.opencui.core.BaseKt$createFrameGenerator$1.invoke(base.kt:38)
	at io.opencui.core.BaseKt$createFrameGenerator$1.invoke(base.kt:33)
	at io.opencui.core.InterfaceFiller$askFiller$2$entityFiller$2.invoke(filler.kt:933)
	at io.opencui.core.InterfaceFiller$askFiller$2$entityFiller$2.invoke(filler.kt:933)
	at io.opencui.core.RealtypeFiller.isCompatible(filler.kt:401)
	at io.opencui.core.UserSession.kernelStep(UserSession.kt:249)
	at io.opencui.core.UserSession.userStep(UserSession.kt:204)
	at io.opencui.core.DialogManager.response(execution.kt:99)
	at io.opencui.core.RuntimeTest.process(RuntimeTest.kt:1687)
	at io.opencui.core.RuntimeTest.testBasics(RuntimeTest.kt:250)
	at java.base/jdk.internal.reflect.NativeMethodAccessorImpl.invoke0(Native Method)
	at java.base/jdk.internal.reflect.NativeMethodAccessorImpl.invoke(NativeMethodAccessorImpl.java:62)
	at java.base/jdk.internal.reflect.DelegatingMethodAccessorImpl.invoke(DelegatingMethodAccessorImpl.java:43)
	at java.base/java.lang.reflect.Method.invoke(Method.java:566)
	at org.junit.runners.model.FrameworkMethod$1.runReflectiveCall(FrameworkMethod.java:50)
	at org.junit.internal.runners.model.ReflectiveCallable.run(ReflectiveCallable.java:12)
	at org.junit.runners.model.FrameworkMethod.invokeExplosively(FrameworkMethod.java:47)
	at org.junit.internal.runners.statements.InvokeMethod.evaluate(InvokeMethod.java:17)
	at org.junit.runners.ParentRunner.runLeaf(ParentRunner.java:325)
	at org.junit.runners.BlockJUnit4ClassRunner.runChild(BlockJUnit4ClassRunner.java:78)
	at org.junit.runners.BlockJUnit4ClassRunner.runChild(BlockJUnit4ClassRunner.java:57)
	at org.junit.runners.ParentRunner$3.run(ParentRunner.java:290)
	at org.junit.runners.ParentRunner$1.schedule(ParentRunner.java:71)
	at org.junit.runners.ParentRunner.runChildren(ParentRunner.java:288)
	at org.junit.runners.ParentRunner.access$000(ParentRunner.java:58)
	at org.junit.runners.ParentRunner$2.evaluate(ParentRunner.java:268)
	at org.junit.runners.ParentRunner.run(ParentRunner.java:363)
	at org.gradle.api.internal.tasks.testing.junit.JUnitTestClassExecutor.runTestClass(JUnitTestClassExecutor.java:110)
	at org.gradle.api.internal.tasks.testing.junit.JUnitTestClassExecutor.execute(JUnitTestClassExecutor.java:58)
	at org.gradle.api.internal.tasks.testing.junit.JUnitTestClassExecutor.execute(JUnitTestClassExecutor.java:38)
	at org.gradle.api.internal.tasks.testing.junit.AbstractJUnitTestClassProcessor.processTestClass(AbstractJUnitTestClassProcessor.java:62)
	at org.gradle.api.internal.tasks.testing.SuiteTestClassProcessor.processTestClass(SuiteTestClassProcessor.java:51)
	at java.base/jdk.internal.reflect.NativeMethodAccessorImpl.invoke0(Native Method)
	at java.base/jdk.internal.reflect.NativeMethodAccessorImpl.invoke(NativeMethodAccessorImpl.java:62)
	at java.base/jdk.internal.reflect.DelegatingMethodAccessorImpl.invoke(DelegatingMethodAccessorImpl.java:43)
	at java.base/java.lang.reflect.Method.invoke(Method.java:566)
	at org.gradle.internal.dispatch.ReflectionDispatch.dispatch(ReflectionDispatch.java:36)
	at org.gradle.internal.dispatch.ReflectionDispatch.dispatch(ReflectionDispatch.java:24)
	at org.gradle.internal.dispatch.ContextClassLoaderDispatch.dispatch(ContextClassLoaderDispatch.java:33)
	at org.gradle.internal.dispatch.ProxyDispatchAdapter$DispatchingInvocationHandler.invoke(ProxyDispatchAdapter.java:94)
	at com.sun.proxy.$Proxy2.processTestClass(Unknown Source)
	at org.gradle.api.internal.tasks.testing.worker.TestWorker$2.run(TestWorker.java:176)
	at org.gradle.api.internal.tasks.testing.worker.TestWorker.executeAndMaintainThreadName(TestWorker.java:129)
	at org.gradle.api.internal.tasks.testing.worker.TestWorker.execute(TestWorker.java:100)
	at org.gradle.api.internal.tasks.testing.worker.TestWorker.execute(TestWorker.java:60)
	at org.gradle.process.internal.worker.child.ActionExecutionWorker.execute(ActionExecutionWorker.java:56)
	at org.gradle.process.internal.worker.child.SystemApplicationClassLoaderWorker.call(SystemApplicationClassLoaderWorker.java:133)
	at org.gradle.process.internal.worker.child.SystemApplicationClassLoaderWorker.call(SystemApplicationClassLoaderWorker.java:71)
	at worker.org.gradle.process.internal.worker.GradleWorkerMain.run(GradleWorkerMain.java:69)
	at worker.org.gradle.process.internal.worker.GradleWorkerMain.main(GradleWorkerMain.java:74)
java.lang.ClassNotFoundException: io.opencui.test.fever
	at java.base/java.net.URLClassLoader.findClass(URLClassLoader.java:476)
	at java.base/java.lang.ClassLoader.loadClass(ClassLoader.java:589)
	at java.base/java.lang.ClassLoader.loadClass(ClassLoader.java:522)
	at java.base/java.lang.Class.forName0(Native Method)
	at java.base/java.lang.Class.forName(Class.java:398)
	at io.opencui.core.UserSession.construct(UserSession.kt:627)
	at io.opencui.core.BaseKt$createFrameGenerator$1.invoke(base.kt:38)
	at io.opencui.core.BaseKt$createFrameGenerator$1.invoke(base.kt:33)
	at io.opencui.core.InterfaceFiller$askFiller$2$entityFiller$2.invoke(filler.kt:933)
	at io.opencui.core.InterfaceFiller$askFiller$2$entityFiller$2.invoke(filler.kt:933)
	at io.opencui.core.RealtypeFiller.isCompatible(filler.kt:401)
	at io.opencui.core.UserSession.kernelStep(UserSession.kt:249)
	at io.opencui.core.UserSession.userStep(UserSession.kt:204)
	at io.opencui.core.DialogManager.response(execution.kt:99)
	at io.opencui.core.RuntimeTest.process(RuntimeTest.kt:1687)
	at io.opencui.core.RuntimeTest.testBasics(RuntimeTest.kt:250)
	at java.base/jdk.internal.reflect.NativeMethodAccessorImpl.invoke0(Native Method)
	at java.base/jdk.internal.reflect.NativeMethodAccessorImpl.invoke(NativeMethodAccessorImpl.java:62)
	at java.base/jdk.internal.reflect.DelegatingMethodAccessorImpl.invoke(DelegatingMethodAccessorImpl.java:43)
	at java.base/java.lang.reflect.Method.invoke(Method.java:566)
	at org.junit.runners.model.FrameworkMethod$1.runReflectiveCall(FrameworkMethod.java:50)
	at org.junit.internal.runners.model.ReflectiveCallable.run(ReflectiveCallable.java:12)
	at org.junit.runners.model.FrameworkMethod.invokeExplosively(FrameworkMethod.java:47)
	at org.junit.internal.runners.statements.InvokeMethod.evaluate(InvokeMethod.java:17)
	at org.junit.runners.ParentRunner.runLeaf(ParentRunner.java:325)
	at org.junit.runners.BlockJUnit4ClassRunner.runChild(BlockJUnit4ClassRunner.java:78)
	at org.junit.runners.BlockJUnit4ClassRunner.runChild(BlockJUnit4ClassRunner.java:57)
	at org.junit.runners.ParentRunner$3.run(ParentRunner.java:290)
	at org.junit.runners.ParentRunner$1.schedule(ParentRunner.java:71)
	at org.junit.runners.ParentRunner.runChildren(ParentRunner.java:288)
	at org.junit.runners.ParentRunner.access$000(ParentRunner.java:58)
	at org.junit.runners.ParentRunner$2.evaluate(ParentRunner.java:268)
	at org.junit.runners.ParentRunner.run(ParentRunner.java:363)
	at org.gradle.api.internal.tasks.testing.junit.JUnitTestClassExecutor.runTestClass(JUnitTestClassExecutor.java:110)
	at org.gradle.api.internal.tasks.testing.junit.JUnitTestClassExecutor.execute(JUnitTestClassExecutor.java:58)
	at org.gradle.api.internal.tasks.testing.junit.JUnitTestClassExecutor.execute(JUnitTestClassExecutor.java:38)
	at org.gradle.api.internal.tasks.testing.junit.AbstractJUnitTestClassProcessor.processTestClass(AbstractJUnitTestClassProcessor.java:62)
	at org.gradle.api.internal.tasks.testing.SuiteTestClassProcessor.processTestClass(SuiteTestClassProcessor.java:51)
	at java.base/jdk.internal.reflect.NativeMethodAccessorImpl.invoke0(Native Method)
	at java.base/jdk.internal.reflect.NativeMethodAccessorImpl.invoke(NativeMethodAccessorImpl.java:62)
	at java.base/jdk.internal.reflect.DelegatingMethodAccessorImpl.invoke(DelegatingMethodAccessorImpl.java:43)
	at java.base/java.lang.reflect.Method.invoke(Method.java:566)
	at org.gradle.internal.dispatch.ReflectionDispatch.dispatch(ReflectionDispatch.java:36)
	at org.gradle.internal.dispatch.ReflectionDispatch.dispatch(ReflectionDispatch.java:24)
	at org.gradle.internal.dispatch.ContextClassLoaderDispatch.dispatch(ContextClassLoaderDispatch.java:33)
	at org.gradle.internal.dispatch.ProxyDispatchAdapter$DispatchingInvocationHandler.invoke(ProxyDispatchAdapter.java:94)
	at com.sun.proxy.$Proxy2.processTestClass(Unknown Source)
	at org.gradle.api.internal.tasks.testing.worker.TestWorker$2.run(TestWorker.java:176)
	at org.gradle.api.internal.tasks.testing.worker.TestWorker.executeAndMaintainThreadName(TestWorker.java:129)
	at org.gradle.api.internal.tasks.testing.worker.TestWorker.execute(TestWorker.java:100)
	at org.gradle.api.internal.tasks.testing.worker.TestWorker.execute(TestWorker.java:60)
	at org.gradle.process.internal.worker.child.ActionExecutionWorker.execute(ActionExecutionWorker.java:56)
	at org.gradle.process.internal.worker.child.SystemApplicationClassLoaderWorker.call(SystemApplicationClassLoaderWorker.java:133)
	at org.gradle.process.internal.worker.child.SystemApplicationClassLoaderWorker.call(SystemApplicationClassLoaderWorker.java:71)
	at worker.org.gradle.process.internal.worker.GradleWorkerMain.run(GradleWorkerMain.java:69)
	at worker.org.gradle.process.internal.worker.GradleWorkerMain.main(GradleWorkerMain.java:74)
[Test worker] INFO io.opencui.core.DialogManager - session state after turn 23 : {"schedulers_count":1,"main":{"state":"POST_ASK","fillers":[{"filler_type":"AnnotatedWrapperFiller","attribute":"PreDiagnosis"},{"filler_type":"FrameFiller","attribute":"PreDiagnosis"},{"filler_type":"AnnotatedWrapperFiller","attribute":"indexes"},{"filler_type":"MultiValueFiller","attribute":"indexes"},{"filler_type":"AnnotatedWrapperFiller","attribute":"indexes._hast"},{"filler_type":"FrameFiller","attribute":"indexes._hast"},{"filler_type":"AnnotatedWrapperFiller","attribute":"status"},{"filler_type":"InterfaceFiller","attribute":"status"},{"filler_type":"AnnotatedWrapperFiller","attribute":"status._realtype"},{"filler_type":"RealtypeFiller","attribute":"status._realtype"}]}}
[Test worker] INFO io.opencui.core.DialogManager - session state before turn 24 : {"schedulers_count":1,"main":{"state":"POST_ASK","fillers":[{"filler_type":"AnnotatedWrapperFiller","attribute":"PreDiagnosis"},{"filler_type":"FrameFiller","attribute":"PreDiagnosis"},{"filler_type":"AnnotatedWrapperFiller","attribute":"indexes"},{"filler_type":"MultiValueFiller","attribute":"indexes"},{"filler_type":"AnnotatedWrapperFiller","attribute":"indexes._hast"},{"filler_type":"FrameFiller","attribute":"indexes._hast"},{"filler_type":"AnnotatedWrapperFiller","attribute":"status"},{"filler_type":"InterfaceFiller","attribute":"status"},{"filler_type":"AnnotatedWrapperFiller","attribute":"status._realtype"},{"filler_type":"RealtypeFiller","attribute":"status._realtype"}]}}
java.lang.ClassNotFoundException: io.opencui.test.person
	at java.base/java.net.URLClassLoader.findClass(URLClassLoader.java:476)
	at java.base/java.lang.ClassLoader.loadClass(ClassLoader.java:589)
	at java.base/java.lang.ClassLoader.loadClass(ClassLoader.java:522)
	at java.base/java.lang.Class.forName0(Native Method)
	at java.base/java.lang.Class.forName(Class.java:398)
	at io.opencui.core.UserSession.construct(UserSession.kt:627)
	at io.opencui.core.BaseKt$createFrameGenerator$1.invoke(base.kt:38)
	at io.opencui.core.BaseKt$createFrameGenerator$1.invoke(base.kt:33)
	at io.opencui.core.InterfaceFiller$askFiller$2$entityFiller$2.invoke(filler.kt:933)
	at io.opencui.core.InterfaceFiller$askFiller$2$entityFiller$2.invoke(filler.kt:933)
	at io.opencui.core.RealtypeFiller.isCompatible(filler.kt:401)
	at io.opencui.core.UserSession.kernelStep(UserSession.kt:249)
	at io.opencui.core.UserSession.userStep(UserSession.kt:204)
	at io.opencui.core.DialogManager.response(execution.kt:99)
	at io.opencui.core.RuntimeTest.process(RuntimeTest.kt:1687)
	at io.opencui.core.RuntimeTest.testBasics(RuntimeTest.kt:250)
	at java.base/jdk.internal.reflect.NativeMethodAccessorImpl.invoke0(Native Method)
	at java.base/jdk.internal.reflect.NativeMethodAccessorImpl.invoke(NativeMethodAccessorImpl.java:62)
	at java.base/jdk.internal.reflect.DelegatingMethodAccessorImpl.invoke(DelegatingMethodAccessorImpl.java:43)
	at java.base/java.lang.reflect.Method.invoke(Method.java:566)
	at org.junit.runners.model.FrameworkMethod$1.runReflectiveCall(FrameworkMethod.java:50)
	at org.junit.internal.runners.model.ReflectiveCallable.run(ReflectiveCallable.java:12)
	at org.junit.runners.model.FrameworkMethod.invokeExplosively(FrameworkMethod.java:47)
	at org.junit.internal.runners.statements.InvokeMethod.evaluate(InvokeMethod.java:17)
	at org.junit.runners.ParentRunner.runLeaf(ParentRunner.java:325)
	at org.junit.runners.BlockJUnit4ClassRunner.runChild(BlockJUnit4ClassRunner.java:78)
	at org.junit.runners.BlockJUnit4ClassRunner.runChild(BlockJUnit4ClassRunner.java:57)
	at org.junit.runners.ParentRunner$3.run(ParentRunner.java:290)
	at org.junit.runners.ParentRunner$1.schedule(ParentRunner.java:71)
	at org.junit.runners.ParentRunner.runChildren(ParentRunner.java:288)
	at org.junit.runners.ParentRunner.access$000(ParentRunner.java:58)
	at org.junit.runners.ParentRunner$2.evaluate(ParentRunner.java:268)
	at org.junit.runners.ParentRunner.run(ParentRunner.java:363)
	at org.gradle.api.internal.tasks.testing.junit.JUnitTestClassExecutor.runTestClass(JUnitTestClassExecutor.java:110)
	at org.gradle.api.internal.tasks.testing.junit.JUnitTestClassExecutor.execute(JUnitTestClassExecutor.java:58)
	at org.gradle.api.internal.tasks.testing.junit.JUnitTestClassExecutor.execute(JUnitTestClassExecutor.java:38)
	at org.gradle.api.internal.tasks.testing.junit.AbstractJUnitTestClassProcessor.processTestClass(AbstractJUnitTestClassProcessor.java:62)
	at org.gradle.api.internal.tasks.testing.SuiteTestClassProcessor.processTestClass(SuiteTestClassProcessor.java:51)
	at java.base/jdk.internal.reflect.NativeMethodAccessorImpl.invoke0(Native Method)
	at java.base/jdk.internal.reflect.NativeMethodAccessorImpl.invoke(NativeMethodAccessorImpl.java:62)
	at java.base/jdk.internal.reflect.DelegatingMethodAccessorImpl.invoke(DelegatingMethodAccessorImpl.java:43)
	at java.base/java.lang.reflect.Method.invoke(Method.java:566)
	at org.gradle.internal.dispatch.ReflectionDispatch.dispatch(ReflectionDispatch.java:36)
	at org.gradle.internal.dispatch.ReflectionDispatch.dispatch(ReflectionDispatch.java:24)
	at org.gradle.internal.dispatch.ContextClassLoaderDispatch.dispatch(ContextClassLoaderDispatch.java:33)
	at org.gradle.internal.dispatch.ProxyDispatchAdapter$DispatchingInvocationHandler.invoke(ProxyDispatchAdapter.java:94)
	at com.sun.proxy.$Proxy2.processTestClass(Unknown Source)
	at org.gradle.api.internal.tasks.testing.worker.TestWorker$2.run(TestWorker.java:176)
	at org.gradle.api.internal.tasks.testing.worker.TestWorker.executeAndMaintainThreadName(TestWorker.java:129)
	at org.gradle.api.internal.tasks.testing.worker.TestWorker.execute(TestWorker.java:100)
	at org.gradle.api.internal.tasks.testing.worker.TestWorker.execute(TestWorker.java:60)
	at org.gradle.process.internal.worker.child.ActionExecutionWorker.execute(ActionExecutionWorker.java:56)
	at org.gradle.process.internal.worker.child.SystemApplicationClassLoaderWorker.call(SystemApplicationClassLoaderWorker.java:133)
	at org.gradle.process.internal.worker.child.SystemApplicationClassLoaderWorker.call(SystemApplicationClassLoaderWorker.java:71)
	at worker.org.gradle.process.internal.worker.GradleWorkerMain.run(GradleWorkerMain.java:69)
	at worker.org.gradle.process.internal.worker.GradleWorkerMain.main(GradleWorkerMain.java:74)
java.lang.ClassNotFoundException: io.opencui.test.fever
	at java.base/java.net.URLClassLoader.findClass(URLClassLoader.java:476)
	at java.base/java.lang.ClassLoader.loadClass(ClassLoader.java:589)
	at java.base/java.lang.ClassLoader.loadClass(ClassLoader.java:522)
	at java.base/java.lang.Class.forName0(Native Method)
	at java.base/java.lang.Class.forName(Class.java:398)
	at io.opencui.core.UserSession.construct(UserSession.kt:627)
	at io.opencui.core.BaseKt$createFrameGenerator$1.invoke(base.kt:38)
	at io.opencui.core.BaseKt$createFrameGenerator$1.invoke(base.kt:33)
	at io.opencui.core.InterfaceFiller$askFiller$2$entityFiller$2.invoke(filler.kt:933)
	at io.opencui.core.InterfaceFiller$askFiller$2$entityFiller$2.invoke(filler.kt:933)
	at io.opencui.core.RealtypeFiller.isCompatible(filler.kt:401)
	at io.opencui.core.UserSession.kernelStep(UserSession.kt:249)
	at io.opencui.core.UserSession.userStep(UserSession.kt:204)
	at io.opencui.core.DialogManager.response(execution.kt:99)
	at io.opencui.core.RuntimeTest.process(RuntimeTest.kt:1687)
	at io.opencui.core.RuntimeTest.testBasics(RuntimeTest.kt:250)
	at java.base/jdk.internal.reflect.NativeMethodAccessorImpl.invoke0(Native Method)
	at java.base/jdk.internal.reflect.NativeMethodAccessorImpl.invoke(NativeMethodAccessorImpl.java:62)
	at java.base/jdk.internal.reflect.DelegatingMethodAccessorImpl.invoke(DelegatingMethodAccessorImpl.java:43)
	at java.base/java.lang.reflect.Method.invoke(Method.java:566)
	at org.junit.runners.model.FrameworkMethod$1.runReflectiveCall(FrameworkMethod.java:50)
	at org.junit.internal.runners.model.ReflectiveCallable.run(ReflectiveCallable.java:12)
	at org.junit.runners.model.FrameworkMethod.invokeExplosively(FrameworkMethod.java:47)
	at org.junit.internal.runners.statements.InvokeMethod.evaluate(InvokeMethod.java:17)
	at org.junit.runners.ParentRunner.runLeaf(ParentRunner.java:325)
	at org.junit.runners.BlockJUnit4ClassRunner.runChild(BlockJUnit4ClassRunner.java:78)
	at org.junit.runners.BlockJUnit4ClassRunner.runChild(BlockJUnit4ClassRunner.java:57)
	at org.junit.runners.ParentRunner$3.run(ParentRunner.java:290)
	at org.junit.runners.ParentRunner$1.schedule(ParentRunner.java:71)
	at org.junit.runners.ParentRunner.runChildren(ParentRunner.java:288)
	at org.junit.runners.ParentRunner.access$000(ParentRunner.java:58)
	at org.junit.runners.ParentRunner$2.evaluate(ParentRunner.java:268)
	at org.junit.runners.ParentRunner.run(ParentRunner.java:363)
	at org.gradle.api.internal.tasks.testing.junit.JUnitTestClassExecutor.runTestClass(JUnitTestClassExecutor.java:110)
	at org.gradle.api.internal.tasks.testing.junit.JUnitTestClassExecutor.execute(JUnitTestClassExecutor.java:58)
	at org.gradle.api.internal.tasks.testing.junit.JUnitTestClassExecutor.execute(JUnitTestClassExecutor.java:38)
	at org.gradle.api.internal.tasks.testing.junit.AbstractJUnitTestClassProcessor.processTestClass(AbstractJUnitTestClassProcessor.java:62)
	at org.gradle.api.internal.tasks.testing.SuiteTestClassProcessor.processTestClass(SuiteTestClassProcessor.java:51)
	at java.base/jdk.internal.reflect.NativeMethodAccessorImpl.invoke0(Native Method)
	at java.base/jdk.internal.reflect.NativeMethodAccessorImpl.invoke(NativeMethodAccessorImpl.java:62)
	at java.base/jdk.internal.reflect.DelegatingMethodAccessorImpl.invoke(DelegatingMethodAccessorImpl.java:43)
	at java.base/java.lang.reflect.Method.invoke(Method.java:566)
	at org.gradle.internal.dispatch.ReflectionDispatch.dispatch(ReflectionDispatch.java:36)
	at org.gradle.internal.dispatch.ReflectionDispatch.dispatch(ReflectionDispatch.java:24)
	at org.gradle.internal.dispatch.ContextClassLoaderDispatch.dispatch(ContextClassLoaderDispatch.java:33)
	at org.gradle.internal.dispatch.ProxyDispatchAdapter$DispatchingInvocationHandler.invoke(ProxyDispatchAdapter.java:94)
	at com.sun.proxy.$Proxy2.processTestClass(Unknown Source)
	at org.gradle.api.internal.tasks.testing.worker.TestWorker$2.run(TestWorker.java:176)
	at org.gradle.api.internal.tasks.testing.worker.TestWorker.executeAndMaintainThreadName(TestWorker.java:129)
	at org.gradle.api.internal.tasks.testing.worker.TestWorker.execute(TestWorker.java:100)
	at org.gradle.api.internal.tasks.testing.worker.TestWorker.execute(TestWorker.java:60)
	at org.gradle.process.internal.worker.child.ActionExecutionWorker.execute(ActionExecutionWorker.java:56)
	at org.gradle.process.internal.worker.child.SystemApplicationClassLoaderWorker.call(SystemApplicationClassLoaderWorker.java:133)
	at org.gradle.process.internal.worker.child.SystemApplicationClassLoaderWorker.call(SystemApplicationClassLoaderWorker.java:71)
	at worker.org.gradle.process.internal.worker.GradleWorkerMain.run(GradleWorkerMain.java:69)
	at worker.org.gradle.process.internal.worker.GradleWorkerMain.main(GradleWorkerMain.java:74)
[Test worker] INFO io.opencui.core.DialogManager - session state after turn 24 : {"schedulers_count":1,"main":{"state":"POST_ASK","fillers":[{"filler_type":"AnnotatedWrapperFiller","attribute":"PreDiagnosis"},{"filler_type":"FrameFiller","attribute":"PreDiagnosis"},{"filler_type":"AnnotatedWrapperFiller","attribute":"indexes"},{"filler_type":"MultiValueFiller","attribute":"indexes"},{"filler_type":"AnnotatedWrapperFiller","attribute":"indexes._item"},{"filler_type":"EntityFiller","attribute":"indexes"}]}}
[Test worker] INFO io.opencui.core.DialogManager - session state before turn 25 : {"schedulers_count":1,"main":{"state":"POST_ASK","fillers":[{"filler_type":"AnnotatedWrapperFiller","attribute":"PreDiagnosis"},{"filler_type":"FrameFiller","attribute":"PreDiagnosis"},{"filler_type":"AnnotatedWrapperFiller","attribute":"indexes"},{"filler_type":"MultiValueFiller","attribute":"indexes"},{"filler_type":"AnnotatedWrapperFiller","attribute":"indexes._item"},{"filler_type":"EntityFiller","attribute":"indexes"}]}}
[Test worker] INFO io.opencui.core.DialogManager - session state after turn 25 : {"schedulers_count":1,"main":{"state":"POST_ASK","fillers":[{"filler_type":"AnnotatedWrapperFiller","attribute":"PreDiagnosis"},{"filler_type":"FrameFiller","attribute":"PreDiagnosis"},{"filler_type":"AnnotatedWrapperFiller","attribute":"indexes"},{"filler_type":"MultiValueFiller","attribute":"indexes"},{"filler_type":"AnnotatedWrapperFiller","attribute":"indexes._item"},{"filler_type":"EntityFiller","attribute":"indexes"}]}}
[Test worker] INFO io.opencui.core.DialogManager - session state before turn 26 : {"schedulers_count":1,"main":{"state":"POST_ASK","fillers":[{"filler_type":"AnnotatedWrapperFiller","attribute":"PreDiagnosis"},{"filler_type":"FrameFiller","attribute":"PreDiagnosis"},{"filler_type":"AnnotatedWrapperFiller","attribute":"indexes"},{"filler_type":"MultiValueFiller","attribute":"indexes"},{"filler_type":"AnnotatedWrapperFiller","attribute":"indexes._item"},{"filler_type":"EntityFiller","attribute":"indexes"}]}}
java.lang.ClassNotFoundException: io.opencui.test.person
	at java.base/java.net.URLClassLoader.findClass(URLClassLoader.java:476)
	at java.base/java.lang.ClassLoader.loadClass(ClassLoader.java:589)
	at java.base/java.lang.ClassLoader.loadClass(ClassLoader.java:522)
	at java.base/java.lang.Class.forName0(Native Method)
	at java.base/java.lang.Class.forName(Class.java:398)
	at io.opencui.core.UserSession.construct(UserSession.kt:627)
	at io.opencui.core.BaseKt$createFrameGenerator$1.invoke(base.kt:38)
	at io.opencui.core.BaseKt$createFrameGenerator$1.invoke(base.kt:33)
	at io.opencui.core.InterfaceFiller$askFiller$2$entityFiller$2.invoke(filler.kt:933)
	at io.opencui.core.InterfaceFiller$askFiller$2$entityFiller$2.invoke(filler.kt:933)
	at io.opencui.core.RealtypeFiller.isCompatible(filler.kt:401)
	at io.opencui.core.AnnotatedWrapperFiller.isCompatible(filler.kt:793)
	at io.opencui.core.InterfaceFiller.isCompatible(filler.kt:923)
	at io.opencui.core.AnnotatedWrapperFiller.grow(filler.kt:668)
	at io.opencui.core.Scheduler.grow(UserSession.kt:61)
	at io.opencui.core.RescheduleAction.run(action.kt:481)
	at io.opencui.core.DialogManager.response(execution.kt:108)
	at io.opencui.core.RuntimeTest.process(RuntimeTest.kt:1687)
	at io.opencui.core.RuntimeTest.testBasics(RuntimeTest.kt:250)
	at java.base/jdk.internal.reflect.NativeMethodAccessorImpl.invoke0(Native Method)
	at java.base/jdk.internal.reflect.NativeMethodAccessorImpl.invoke(NativeMethodAccessorImpl.java:62)
	at java.base/jdk.internal.reflect.DelegatingMethodAccessorImpl.invoke(DelegatingMethodAccessorImpl.java:43)
	at java.base/java.lang.reflect.Method.invoke(Method.java:566)
	at org.junit.runners.model.FrameworkMethod$1.runReflectiveCall(FrameworkMethod.java:50)
	at org.junit.internal.runners.model.ReflectiveCallable.run(ReflectiveCallable.java:12)
	at org.junit.runners.model.FrameworkMethod.invokeExplosively(FrameworkMethod.java:47)
	at org.junit.internal.runners.statements.InvokeMethod.evaluate(InvokeMethod.java:17)
	at org.junit.runners.ParentRunner.runLeaf(ParentRunner.java:325)
	at org.junit.runners.BlockJUnit4ClassRunner.runChild(BlockJUnit4ClassRunner.java:78)
	at org.junit.runners.BlockJUnit4ClassRunner.runChild(BlockJUnit4ClassRunner.java:57)
	at org.junit.runners.ParentRunner$3.run(ParentRunner.java:290)
	at org.junit.runners.ParentRunner$1.schedule(ParentRunner.java:71)
	at org.junit.runners.ParentRunner.runChildren(ParentRunner.java:288)
	at org.junit.runners.ParentRunner.access$000(ParentRunner.java:58)
	at org.junit.runners.ParentRunner$2.evaluate(ParentRunner.java:268)
	at org.junit.runners.ParentRunner.run(ParentRunner.java:363)
	at org.gradle.api.internal.tasks.testing.junit.JUnitTestClassExecutor.runTestClass(JUnitTestClassExecutor.java:110)
	at org.gradle.api.internal.tasks.testing.junit.JUnitTestClassExecutor.execute(JUnitTestClassExecutor.java:58)
	at org.gradle.api.internal.tasks.testing.junit.JUnitTestClassExecutor.execute(JUnitTestClassExecutor.java:38)
	at org.gradle.api.internal.tasks.testing.junit.AbstractJUnitTestClassProcessor.processTestClass(AbstractJUnitTestClassProcessor.java:62)
	at org.gradle.api.internal.tasks.testing.SuiteTestClassProcessor.processTestClass(SuiteTestClassProcessor.java:51)
	at java.base/jdk.internal.reflect.NativeMethodAccessorImpl.invoke0(Native Method)
	at java.base/jdk.internal.reflect.NativeMethodAccessorImpl.invoke(NativeMethodAccessorImpl.java:62)
	at java.base/jdk.internal.reflect.DelegatingMethodAccessorImpl.invoke(DelegatingMethodAccessorImpl.java:43)
	at java.base/java.lang.reflect.Method.invoke(Method.java:566)
	at org.gradle.internal.dispatch.ReflectionDispatch.dispatch(ReflectionDispatch.java:36)
	at org.gradle.internal.dispatch.ReflectionDispatch.dispatch(ReflectionDispatch.java:24)
	at org.gradle.internal.dispatch.ContextClassLoaderDispatch.dispatch(ContextClassLoaderDispatch.java:33)
	at org.gradle.internal.dispatch.ProxyDispatchAdapter$DispatchingInvocationHandler.invoke(ProxyDispatchAdapter.java:94)
	at com.sun.proxy.$Proxy2.processTestClass(Unknown Source)
	at org.gradle.api.internal.tasks.testing.worker.TestWorker$2.run(TestWorker.java:176)
	at org.gradle.api.internal.tasks.testing.worker.TestWorker.executeAndMaintainThreadName(TestWorker.java:129)
	at org.gradle.api.internal.tasks.testing.worker.TestWorker.execute(TestWorker.java:100)
	at org.gradle.api.internal.tasks.testing.worker.TestWorker.execute(TestWorker.java:60)
	at org.gradle.process.internal.worker.child.ActionExecutionWorker.execute(ActionExecutionWorker.java:56)
	at org.gradle.process.internal.worker.child.SystemApplicationClassLoaderWorker.call(SystemApplicationClassLoaderWorker.java:133)
	at org.gradle.process.internal.worker.child.SystemApplicationClassLoaderWorker.call(SystemApplicationClassLoaderWorker.java:71)
	at worker.org.gradle.process.internal.worker.GradleWorkerMain.run(GradleWorkerMain.java:69)
	at worker.org.gradle.process.internal.worker.GradleWorkerMain.main(GradleWorkerMain.java:74)
java.lang.ClassNotFoundException: io.opencui.test.fever
	at java.base/java.net.URLClassLoader.findClass(URLClassLoader.java:476)
	at java.base/java.lang.ClassLoader.loadClass(ClassLoader.java:589)
	at java.base/java.lang.ClassLoader.loadClass(ClassLoader.java:522)
	at java.base/java.lang.Class.forName0(Native Method)
	at java.base/java.lang.Class.forName(Class.java:398)
	at io.opencui.core.UserSession.construct(UserSession.kt:627)
	at io.opencui.core.BaseKt$createFrameGenerator$1.invoke(base.kt:38)
	at io.opencui.core.BaseKt$createFrameGenerator$1.invoke(base.kt:33)
	at io.opencui.core.InterfaceFiller$askFiller$2$entityFiller$2.invoke(filler.kt:933)
	at io.opencui.core.InterfaceFiller$askFiller$2$entityFiller$2.invoke(filler.kt:933)
	at io.opencui.core.RealtypeFiller.isCompatible(filler.kt:401)
	at io.opencui.core.AnnotatedWrapperFiller.isCompatible(filler.kt:793)
	at io.opencui.core.InterfaceFiller.isCompatible(filler.kt:923)
	at io.opencui.core.AnnotatedWrapperFiller.grow(filler.kt:668)
	at io.opencui.core.Scheduler.grow(UserSession.kt:61)
	at io.opencui.core.RescheduleAction.run(action.kt:481)
	at io.opencui.core.DialogManager.response(execution.kt:108)
	at io.opencui.core.RuntimeTest.process(RuntimeTest.kt:1687)
	at io.opencui.core.RuntimeTest.testBasics(RuntimeTest.kt:250)
	at java.base/jdk.internal.reflect.NativeMethodAccessorImpl.invoke0(Native Method)
	at java.base/jdk.internal.reflect.NativeMethodAccessorImpl.invoke(NativeMethodAccessorImpl.java:62)
	at java.base/jdk.internal.reflect.DelegatingMethodAccessorImpl.invoke(DelegatingMethodAccessorImpl.java:43)
	at java.base/java.lang.reflect.Method.invoke(Method.java:566)
	at org.junit.runners.model.FrameworkMethod$1.runReflectiveCall(FrameworkMethod.java:50)
	at org.junit.internal.runners.model.ReflectiveCallable.run(ReflectiveCallable.java:12)
	at org.junit.runners.model.FrameworkMethod.invokeExplosively(FrameworkMethod.java:47)
	at org.junit.internal.runners.statements.InvokeMethod.evaluate(InvokeMethod.java:17)
	at org.junit.runners.ParentRunner.runLeaf(ParentRunner.java:325)
	at org.junit.runners.BlockJUnit4ClassRunner.runChild(BlockJUnit4ClassRunner.java:78)
	at org.junit.runners.BlockJUnit4ClassRunner.runChild(BlockJUnit4ClassRunner.java:57)
	at org.junit.runners.ParentRunner$3.run(ParentRunner.java:290)
	at org.junit.runners.ParentRunner$1.schedule(ParentRunner.java:71)
	at org.junit.runners.ParentRunner.runChildren(ParentRunner.java:288)
	at org.junit.runners.ParentRunner.access$000(ParentRunner.java:58)
	at org.junit.runners.ParentRunner$2.evaluate(ParentRunner.java:268)
	at org.junit.runners.ParentRunner.run(ParentRunner.java:363)
	at org.gradle.api.internal.tasks.testing.junit.JUnitTestClassExecutor.runTestClass(JUnitTestClassExecutor.java:110)
	at org.gradle.api.internal.tasks.testing.junit.JUnitTestClassExecutor.execute(JUnitTestClassExecutor.java:58)
	at org.gradle.api.internal.tasks.testing.junit.JUnitTestClassExecutor.execute(JUnitTestClassExecutor.java:38)
	at org.gradle.api.internal.tasks.testing.junit.AbstractJUnitTestClassProcessor.processTestClass(AbstractJUnitTestClassProcessor.java:62)
	at org.gradle.api.internal.tasks.testing.SuiteTestClassProcessor.processTestClass(SuiteTestClassProcessor.java:51)
	at java.base/jdk.internal.reflect.NativeMethodAccessorImpl.invoke0(Native Method)
	at java.base/jdk.internal.reflect.NativeMethodAccessorImpl.invoke(NativeMethodAccessorImpl.java:62)
	at java.base/jdk.internal.reflect.DelegatingMethodAccessorImpl.invoke(DelegatingMethodAccessorImpl.java:43)
	at java.base/java.lang.reflect.Method.invoke(Method.java:566)
	at org.gradle.internal.dispatch.ReflectionDispatch.dispatch(ReflectionDispatch.java:36)
	at org.gradle.internal.dispatch.ReflectionDispatch.dispatch(ReflectionDispatch.java:24)
	at org.gradle.internal.dispatch.ContextClassLoaderDispatch.dispatch(ContextClassLoaderDispatch.java:33)
	at org.gradle.internal.dispatch.ProxyDispatchAdapter$DispatchingInvocationHandler.invoke(ProxyDispatchAdapter.java:94)
	at com.sun.proxy.$Proxy2.processTestClass(Unknown Source)
	at org.gradle.api.internal.tasks.testing.worker.TestWorker$2.run(TestWorker.java:176)
	at org.gradle.api.internal.tasks.testing.worker.TestWorker.executeAndMaintainThreadName(TestWorker.java:129)
	at org.gradle.api.internal.tasks.testing.worker.TestWorker.execute(TestWorker.java:100)
	at org.gradle.api.internal.tasks.testing.worker.TestWorker.execute(TestWorker.java:60)
	at org.gradle.process.internal.worker.child.ActionExecutionWorker.execute(ActionExecutionWorker.java:56)
	at org.gradle.process.internal.worker.child.SystemApplicationClassLoaderWorker.call(SystemApplicationClassLoaderWorker.java:133)
	at org.gradle.process.internal.worker.child.SystemApplicationClassLoaderWorker.call(SystemApplicationClassLoaderWorker.java:71)
	at worker.org.gradle.process.internal.worker.GradleWorkerMain.run(GradleWorkerMain.java:69)
	at worker.org.gradle.process.internal.worker.GradleWorkerMain.main(GradleWorkerMain.java:74)
java.lang.ClassNotFoundException: io.opencui.test.person
	at java.base/java.net.URLClassLoader.findClass(URLClassLoader.java:476)
	at java.base/java.lang.ClassLoader.loadClass(ClassLoader.java:589)
	at java.base/java.lang.ClassLoader.loadClass(ClassLoader.java:522)
	at java.base/java.lang.Class.forName0(Native Method)
	at java.base/java.lang.Class.forName(Class.java:398)
	at io.opencui.core.UserSession.construct(UserSession.kt:627)
	at io.opencui.core.BaseKt$createFrameGenerator$1.invoke(base.kt:38)
	at io.opencui.core.BaseKt$createFrameGenerator$1.invoke(base.kt:33)
	at io.opencui.core.InterfaceFiller$askFiller$2$entityFiller$2.invoke(filler.kt:933)
	at io.opencui.core.InterfaceFiller$askFiller$2$entityFiller$2.invoke(filler.kt:933)
	at io.opencui.core.RealtypeFiller.isCompatible(filler.kt:401)
	at io.opencui.core.AnnotatedWrapperFiller.grow(filler.kt:668)
	at io.opencui.core.Scheduler.grow(UserSession.kt:61)
	at io.opencui.core.RescheduleAction.run(action.kt:481)
	at io.opencui.core.DialogManager.response(execution.kt:108)
	at io.opencui.core.RuntimeTest.process(RuntimeTest.kt:1687)
	at io.opencui.core.RuntimeTest.testBasics(RuntimeTest.kt:250)
	at java.base/jdk.internal.reflect.NativeMethodAccessorImpl.invoke0(Native Method)
	at java.base/jdk.internal.reflect.NativeMethodAccessorImpl.invoke(NativeMethodAccessorImpl.java:62)
	at java.base/jdk.internal.reflect.DelegatingMethodAccessorImpl.invoke(DelegatingMethodAccessorImpl.java:43)
	at java.base/java.lang.reflect.Method.invoke(Method.java:566)
	at org.junit.runners.model.FrameworkMethod$1.runReflectiveCall(FrameworkMethod.java:50)
	at org.junit.internal.runners.model.ReflectiveCallable.run(ReflectiveCallable.java:12)
	at org.junit.runners.model.FrameworkMethod.invokeExplosively(FrameworkMethod.java:47)
	at org.junit.internal.runners.statements.InvokeMethod.evaluate(InvokeMethod.java:17)
	at org.junit.runners.ParentRunner.runLeaf(ParentRunner.java:325)
	at org.junit.runners.BlockJUnit4ClassRunner.runChild(BlockJUnit4ClassRunner.java:78)
	at org.junit.runners.BlockJUnit4ClassRunner.runChild(BlockJUnit4ClassRunner.java:57)
	at org.junit.runners.ParentRunner$3.run(ParentRunner.java:290)
	at org.junit.runners.ParentRunner$1.schedule(ParentRunner.java:71)
	at org.junit.runners.ParentRunner.runChildren(ParentRunner.java:288)
	at org.junit.runners.ParentRunner.access$000(ParentRunner.java:58)
	at org.junit.runners.ParentRunner$2.evaluate(ParentRunner.java:268)
	at org.junit.runners.ParentRunner.run(ParentRunner.java:363)
	at org.gradle.api.internal.tasks.testing.junit.JUnitTestClassExecutor.runTestClass(JUnitTestClassExecutor.java:110)
	at org.gradle.api.internal.tasks.testing.junit.JUnitTestClassExecutor.execute(JUnitTestClassExecutor.java:58)
	at org.gradle.api.internal.tasks.testing.junit.JUnitTestClassExecutor.execute(JUnitTestClassExecutor.java:38)
	at org.gradle.api.internal.tasks.testing.junit.AbstractJUnitTestClassProcessor.processTestClass(AbstractJUnitTestClassProcessor.java:62)
	at org.gradle.api.internal.tasks.testing.SuiteTestClassProcessor.processTestClass(SuiteTestClassProcessor.java:51)
	at java.base/jdk.internal.reflect.NativeMethodAccessorImpl.invoke0(Native Method)
	at java.base/jdk.internal.reflect.NativeMethodAccessorImpl.invoke(NativeMethodAccessorImpl.java:62)
	at java.base/jdk.internal.reflect.DelegatingMethodAccessorImpl.invoke(DelegatingMethodAccessorImpl.java:43)
	at java.base/java.lang.reflect.Method.invoke(Method.java:566)
	at org.gradle.internal.dispatch.ReflectionDispatch.dispatch(ReflectionDispatch.java:36)
	at org.gradle.internal.dispatch.ReflectionDispatch.dispatch(ReflectionDispatch.java:24)
	at org.gradle.internal.dispatch.ContextClassLoaderDispatch.dispatch(ContextClassLoaderDispatch.java:33)
	at org.gradle.internal.dispatch.ProxyDispatchAdapter$DispatchingInvocationHandler.invoke(ProxyDispatchAdapter.java:94)
	at com.sun.proxy.$Proxy2.processTestClass(Unknown Source)
	at org.gradle.api.internal.tasks.testing.worker.TestWorker$2.run(TestWorker.java:176)
	at org.gradle.api.internal.tasks.testing.worker.TestWorker.executeAndMaintainThreadName(TestWorker.java:129)
	at org.gradle.api.internal.tasks.testing.worker.TestWorker.execute(TestWorker.java:100)
	at org.gradle.api.internal.tasks.testing.worker.TestWorker.execute(TestWorker.java:60)
	at org.gradle.process.internal.worker.child.ActionExecutionWorker.execute(ActionExecutionWorker.java:56)
	at org.gradle.process.internal.worker.child.SystemApplicationClassLoaderWorker.call(SystemApplicationClassLoaderWorker.java:133)
	at org.gradle.process.internal.worker.child.SystemApplicationClassLoaderWorker.call(SystemApplicationClassLoaderWorker.java:71)
	at worker.org.gradle.process.internal.worker.GradleWorkerMain.run(GradleWorkerMain.java:69)
	at worker.org.gradle.process.internal.worker.GradleWorkerMain.main(GradleWorkerMain.java:74)
java.lang.ClassNotFoundException: io.opencui.test.fever
	at java.base/java.net.URLClassLoader.findClass(URLClassLoader.java:476)
	at java.base/java.lang.ClassLoader.loadClass(ClassLoader.java:589)
	at java.base/java.lang.ClassLoader.loadClass(ClassLoader.java:522)
	at java.base/java.lang.Class.forName0(Native Method)
	at java.base/java.lang.Class.forName(Class.java:398)
	at io.opencui.core.UserSession.construct(UserSession.kt:627)
	at io.opencui.core.BaseKt$createFrameGenerator$1.invoke(base.kt:38)
	at io.opencui.core.BaseKt$createFrameGenerator$1.invoke(base.kt:33)
	at io.opencui.core.InterfaceFiller$askFiller$2$entityFiller$2.invoke(filler.kt:933)
	at io.opencui.core.InterfaceFiller$askFiller$2$entityFiller$2.invoke(filler.kt:933)
	at io.opencui.core.RealtypeFiller.isCompatible(filler.kt:401)
	at io.opencui.core.AnnotatedWrapperFiller.grow(filler.kt:668)
	at io.opencui.core.Scheduler.grow(UserSession.kt:61)
	at io.opencui.core.RescheduleAction.run(action.kt:481)
	at io.opencui.core.DialogManager.response(execution.kt:108)
	at io.opencui.core.RuntimeTest.process(RuntimeTest.kt:1687)
	at io.opencui.core.RuntimeTest.testBasics(RuntimeTest.kt:250)
	at java.base/jdk.internal.reflect.NativeMethodAccessorImpl.invoke0(Native Method)
	at java.base/jdk.internal.reflect.NativeMethodAccessorImpl.invoke(NativeMethodAccessorImpl.java:62)
	at java.base/jdk.internal.reflect.DelegatingMethodAccessorImpl.invoke(DelegatingMethodAccessorImpl.java:43)
	at java.base/java.lang.reflect.Method.invoke(Method.java:566)
	at org.junit.runners.model.FrameworkMethod$1.runReflectiveCall(FrameworkMethod.java:50)
	at org.junit.internal.runners.model.ReflectiveCallable.run(ReflectiveCallable.java:12)
	at org.junit.runners.model.FrameworkMethod.invokeExplosively(FrameworkMethod.java:47)
	at org.junit.internal.runners.statements.InvokeMethod.evaluate(InvokeMethod.java:17)
	at org.junit.runners.ParentRunner.runLeaf(ParentRunner.java:325)
	at org.junit.runners.BlockJUnit4ClassRunner.runChild(BlockJUnit4ClassRunner.java:78)
	at org.junit.runners.BlockJUnit4ClassRunner.runChild(BlockJUnit4ClassRunner.java:57)
	at org.junit.runners.ParentRunner$3.run(ParentRunner.java:290)
	at org.junit.runners.ParentRunner$1.schedule(ParentRunner.java:71)
	at org.junit.runners.ParentRunner.runChildren(ParentRunner.java:288)
	at org.junit.runners.ParentRunner.access$000(ParentRunner.java:58)
	at org.junit.runners.ParentRunner$2.evaluate(ParentRunner.java:268)
	at org.junit.runners.ParentRunner.run(ParentRunner.java:363)
	at org.gradle.api.internal.tasks.testing.junit.JUnitTestClassExecutor.runTestClass(JUnitTestClassExecutor.java:110)
	at org.gradle.api.internal.tasks.testing.junit.JUnitTestClassExecutor.execute(JUnitTestClassExecutor.java:58)
	at org.gradle.api.internal.tasks.testing.junit.JUnitTestClassExecutor.execute(JUnitTestClassExecutor.java:38)
	at org.gradle.api.internal.tasks.testing.junit.AbstractJUnitTestClassProcessor.processTestClass(AbstractJUnitTestClassProcessor.java:62)
	at org.gradle.api.internal.tasks.testing.SuiteTestClassProcessor.processTestClass(SuiteTestClassProcessor.java:51)
	at java.base/jdk.internal.reflect.NativeMethodAccessorImpl.invoke0(Native Method)
	at java.base/jdk.internal.reflect.NativeMethodAccessorImpl.invoke(NativeMethodAccessorImpl.java:62)
	at java.base/jdk.internal.reflect.DelegatingMethodAccessorImpl.invoke(DelegatingMethodAccessorImpl.java:43)
	at java.base/java.lang.reflect.Method.invoke(Method.java:566)
	at org.gradle.internal.dispatch.ReflectionDispatch.dispatch(ReflectionDispatch.java:36)
	at org.gradle.internal.dispatch.ReflectionDispatch.dispatch(ReflectionDispatch.java:24)
	at org.gradle.internal.dispatch.ContextClassLoaderDispatch.dispatch(ContextClassLoaderDispatch.java:33)
	at org.gradle.internal.dispatch.ProxyDispatchAdapter$DispatchingInvocationHandler.invoke(ProxyDispatchAdapter.java:94)
	at com.sun.proxy.$Proxy2.processTestClass(Unknown Source)
	at org.gradle.api.internal.tasks.testing.worker.TestWorker$2.run(TestWorker.java:176)
	at org.gradle.api.internal.tasks.testing.worker.TestWorker.executeAndMaintainThreadName(TestWorker.java:129)
	at org.gradle.api.internal.tasks.testing.worker.TestWorker.execute(TestWorker.java:100)
	at org.gradle.api.internal.tasks.testing.worker.TestWorker.execute(TestWorker.java:60)
	at org.gradle.process.internal.worker.child.ActionExecutionWorker.execute(ActionExecutionWorker.java:56)
	at org.gradle.process.internal.worker.child.SystemApplicationClassLoaderWorker.call(SystemApplicationClassLoaderWorker.java:133)
	at org.gradle.process.internal.worker.child.SystemApplicationClassLoaderWorker.call(SystemApplicationClassLoaderWorker.java:71)
	at worker.org.gradle.process.internal.worker.GradleWorkerMain.run(GradleWorkerMain.java:69)
	at worker.org.gradle.process.internal.worker.GradleWorkerMain.main(GradleWorkerMain.java:74)
java.lang.ClassNotFoundException: io.opencui.test.person
	at java.base/java.net.URLClassLoader.findClass(URLClassLoader.java:476)
	at java.base/java.lang.ClassLoader.loadClass(ClassLoader.java:589)
	at java.base/java.lang.ClassLoader.loadClass(ClassLoader.java:522)
	at java.base/java.lang.Class.forName0(Native Method)
	at java.base/java.lang.Class.forName(Class.java:398)
	at io.opencui.core.UserSession.construct(UserSession.kt:627)
	at io.opencui.core.BaseKt$createFrameGenerator$1.invoke(base.kt:38)
	at io.opencui.core.BaseKt$createFrameGenerator$1.invoke(base.kt:33)
	at io.opencui.core.InterfaceFiller$askFiller$2$entityFiller$2.invoke(filler.kt:933)
	at io.opencui.core.InterfaceFiller$askFiller$2$entityFiller$2.invoke(filler.kt:933)
	at io.opencui.core.RealtypeFiller.isCompatible(filler.kt:401)
	at io.opencui.core.AEntityFiller.move(filler.kt:263)
	at io.opencui.core.Scheduler.grow(UserSession.kt:59)
	at io.opencui.core.RescheduleAction.run(action.kt:481)
	at io.opencui.core.DialogManager.response(execution.kt:108)
	at io.opencui.core.RuntimeTest.process(RuntimeTest.kt:1687)
	at io.opencui.core.RuntimeTest.testBasics(RuntimeTest.kt:250)
	at java.base/jdk.internal.reflect.NativeMethodAccessorImpl.invoke0(Native Method)
	at java.base/jdk.internal.reflect.NativeMethodAccessorImpl.invoke(NativeMethodAccessorImpl.java:62)
	at java.base/jdk.internal.reflect.DelegatingMethodAccessorImpl.invoke(DelegatingMethodAccessorImpl.java:43)
	at java.base/java.lang.reflect.Method.invoke(Method.java:566)
	at org.junit.runners.model.FrameworkMethod$1.runReflectiveCall(FrameworkMethod.java:50)
	at org.junit.internal.runners.model.ReflectiveCallable.run(ReflectiveCallable.java:12)
	at org.junit.runners.model.FrameworkMethod.invokeExplosively(FrameworkMethod.java:47)
	at org.junit.internal.runners.statements.InvokeMethod.evaluate(InvokeMethod.java:17)
	at org.junit.runners.ParentRunner.runLeaf(ParentRunner.java:325)
	at org.junit.runners.BlockJUnit4ClassRunner.runChild(BlockJUnit4ClassRunner.java:78)
	at org.junit.runners.BlockJUnit4ClassRunner.runChild(BlockJUnit4ClassRunner.java:57)
	at org.junit.runners.ParentRunner$3.run(ParentRunner.java:290)
	at org.junit.runners.ParentRunner$1.schedule(ParentRunner.java:71)
	at org.junit.runners.ParentRunner.runChildren(ParentRunner.java:288)
	at org.junit.runners.ParentRunner.access$000(ParentRunner.java:58)
	at org.junit.runners.ParentRunner$2.evaluate(ParentRunner.java:268)
	at org.junit.runners.ParentRunner.run(ParentRunner.java:363)
	at org.gradle.api.internal.tasks.testing.junit.JUnitTestClassExecutor.runTestClass(JUnitTestClassExecutor.java:110)
	at org.gradle.api.internal.tasks.testing.junit.JUnitTestClassExecutor.execute(JUnitTestClassExecutor.java:58)
	at org.gradle.api.internal.tasks.testing.junit.JUnitTestClassExecutor.execute(JUnitTestClassExecutor.java:38)
	at org.gradle.api.internal.tasks.testing.junit.AbstractJUnitTestClassProcessor.processTestClass(AbstractJUnitTestClassProcessor.java:62)
	at org.gradle.api.internal.tasks.testing.SuiteTestClassProcessor.processTestClass(SuiteTestClassProcessor.java:51)
	at java.base/jdk.internal.reflect.NativeMethodAccessorImpl.invoke0(Native Method)
	at java.base/jdk.internal.reflect.NativeMethodAccessorImpl.invoke(NativeMethodAccessorImpl.java:62)
	at java.base/jdk.internal.reflect.DelegatingMethodAccessorImpl.invoke(DelegatingMethodAccessorImpl.java:43)
	at java.base/java.lang.reflect.Method.invoke(Method.java:566)
	at org.gradle.internal.dispatch.ReflectionDispatch.dispatch(ReflectionDispatch.java:36)
	at org.gradle.internal.dispatch.ReflectionDispatch.dispatch(ReflectionDispatch.java:24)
	at org.gradle.internal.dispatch.ContextClassLoaderDispatch.dispatch(ContextClassLoaderDispatch.java:33)
	at org.gradle.internal.dispatch.ProxyDispatchAdapter$DispatchingInvocationHandler.invoke(ProxyDispatchAdapter.java:94)
	at com.sun.proxy.$Proxy2.processTestClass(Unknown Source)
	at org.gradle.api.internal.tasks.testing.worker.TestWorker$2.run(TestWorker.java:176)
	at org.gradle.api.internal.tasks.testing.worker.TestWorker.executeAndMaintainThreadName(TestWorker.java:129)
	at org.gradle.api.internal.tasks.testing.worker.TestWorker.execute(TestWorker.java:100)
	at org.gradle.api.internal.tasks.testing.worker.TestWorker.execute(TestWorker.java:60)
	at org.gradle.process.internal.worker.child.ActionExecutionWorker.execute(ActionExecutionWorker.java:56)
	at org.gradle.process.internal.worker.child.SystemApplicationClassLoaderWorker.call(SystemApplicationClassLoaderWorker.java:133)
	at org.gradle.process.internal.worker.child.SystemApplicationClassLoaderWorker.call(SystemApplicationClassLoaderWorker.java:71)
	at worker.org.gradle.process.internal.worker.GradleWorkerMain.run(GradleWorkerMain.java:69)
	at worker.org.gradle.process.internal.worker.GradleWorkerMain.main(GradleWorkerMain.java:74)
java.lang.ClassNotFoundException: io.opencui.test.fever
	at java.base/java.net.URLClassLoader.findClass(URLClassLoader.java:476)
	at java.base/java.lang.ClassLoader.loadClass(ClassLoader.java:589)
	at java.base/java.lang.ClassLoader.loadClass(ClassLoader.java:522)
	at java.base/java.lang.Class.forName0(Native Method)
	at java.base/java.lang.Class.forName(Class.java:398)
	at io.opencui.core.UserSession.construct(UserSession.kt:627)
	at io.opencui.core.BaseKt$createFrameGenerator$1.invoke(base.kt:38)
	at io.opencui.core.BaseKt$createFrameGenerator$1.invoke(base.kt:33)
	at io.opencui.core.InterfaceFiller$askFiller$2$entityFiller$2.invoke(filler.kt:933)
	at io.opencui.core.InterfaceFiller$askFiller$2$entityFiller$2.invoke(filler.kt:933)
	at io.opencui.core.RealtypeFiller.isCompatible(filler.kt:401)
	at io.opencui.core.AEntityFiller.move(filler.kt:263)
	at io.opencui.core.Scheduler.grow(UserSession.kt:59)
	at io.opencui.core.RescheduleAction.run(action.kt:481)
	at io.opencui.core.DialogManager.response(execution.kt:108)
	at io.opencui.core.RuntimeTest.process(RuntimeTest.kt:1687)
	at io.opencui.core.RuntimeTest.testBasics(RuntimeTest.kt:250)
	at java.base/jdk.internal.reflect.NativeMethodAccessorImpl.invoke0(Native Method)
	at java.base/jdk.internal.reflect.NativeMethodAccessorImpl.invoke(NativeMethodAccessorImpl.java:62)
	at java.base/jdk.internal.reflect.DelegatingMethodAccessorImpl.invoke(DelegatingMethodAccessorImpl.java:43)
	at java.base/java.lang.reflect.Method.invoke(Method.java:566)
	at org.junit.runners.model.FrameworkMethod$1.runReflectiveCall(FrameworkMethod.java:50)
	at org.junit.internal.runners.model.ReflectiveCallable.run(ReflectiveCallable.java:12)
	at org.junit.runners.model.FrameworkMethod.invokeExplosively(FrameworkMethod.java:47)
	at org.junit.internal.runners.statements.InvokeMethod.evaluate(InvokeMethod.java:17)
	at org.junit.runners.ParentRunner.runLeaf(ParentRunner.java:325)
	at org.junit.runners.BlockJUnit4ClassRunner.runChild(BlockJUnit4ClassRunner.java:78)
	at org.junit.runners.BlockJUnit4ClassRunner.runChild(BlockJUnit4ClassRunner.java:57)
	at org.junit.runners.ParentRunner$3.run(ParentRunner.java:290)
	at org.junit.runners.ParentRunner$1.schedule(ParentRunner.java:71)
	at org.junit.runners.ParentRunner.runChildren(ParentRunner.java:288)
	at org.junit.runners.ParentRunner.access$000(ParentRunner.java:58)
	at org.junit.runners.ParentRunner$2.evaluate(ParentRunner.java:268)
	at org.junit.runners.ParentRunner.run(ParentRunner.java:363)
	at org.gradle.api.internal.tasks.testing.junit.JUnitTestClassExecutor.runTestClass(JUnitTestClassExecutor.java:110)
	at org.gradle.api.internal.tasks.testing.junit.JUnitTestClassExecutor.execute(JUnitTestClassExecutor.java:58)
	at org.gradle.api.internal.tasks.testing.junit.JUnitTestClassExecutor.execute(JUnitTestClassExecutor.java:38)
	at org.gradle.api.internal.tasks.testing.junit.AbstractJUnitTestClassProcessor.processTestClass(AbstractJUnitTestClassProcessor.java:62)
	at org.gradle.api.internal.tasks.testing.SuiteTestClassProcessor.processTestClass(SuiteTestClassProcessor.java:51)
	at java.base/jdk.internal.reflect.NativeMethodAccessorImpl.invoke0(Native Method)
	at java.base/jdk.internal.reflect.NativeMethodAccessorImpl.invoke(NativeMethodAccessorImpl.java:62)
	at java.base/jdk.internal.reflect.DelegatingMethodAccessorImpl.invoke(DelegatingMethodAccessorImpl.java:43)
	at java.base/java.lang.reflect.Method.invoke(Method.java:566)
	at org.gradle.internal.dispatch.ReflectionDispatch.dispatch(ReflectionDispatch.java:36)
	at org.gradle.internal.dispatch.ReflectionDispatch.dispatch(ReflectionDispatch.java:24)
	at org.gradle.internal.dispatch.ContextClassLoaderDispatch.dispatch(ContextClassLoaderDispatch.java:33)
	at org.gradle.internal.dispatch.ProxyDispatchAdapter$DispatchingInvocationHandler.invoke(ProxyDispatchAdapter.java:94)
	at com.sun.proxy.$Proxy2.processTestClass(Unknown Source)
	at org.gradle.api.internal.tasks.testing.worker.TestWorker$2.run(TestWorker.java:176)
	at org.gradle.api.internal.tasks.testing.worker.TestWorker.executeAndMaintainThreadName(TestWorker.java:129)
	at org.gradle.api.internal.tasks.testing.worker.TestWorker.execute(TestWorker.java:100)
	at org.gradle.api.internal.tasks.testing.worker.TestWorker.execute(TestWorker.java:60)
	at org.gradle.process.internal.worker.child.ActionExecutionWorker.execute(ActionExecutionWorker.java:56)
	at org.gradle.process.internal.worker.child.SystemApplicationClassLoaderWorker.call(SystemApplicationClassLoaderWorker.java:133)
	at org.gradle.process.internal.worker.child.SystemApplicationClassLoaderWorker.call(SystemApplicationClassLoaderWorker.java:71)
	at worker.org.gradle.process.internal.worker.GradleWorkerMain.run(GradleWorkerMain.java:69)
	at worker.org.gradle.process.internal.worker.GradleWorkerMain.main(GradleWorkerMain.java:74)
java.lang.ClassNotFoundException: io.opencui.test.person
	at java.base/java.net.URLClassLoader.findClass(URLClassLoader.java:476)
	at java.base/java.lang.ClassLoader.loadClass(ClassLoader.java:589)
	at java.base/java.lang.ClassLoader.loadClass(ClassLoader.java:522)
	at java.base/java.lang.Class.forName0(Native Method)
	at java.base/java.lang.Class.forName(Class.java:398)
	at io.opencui.core.UserSession.construct(UserSession.kt:627)
	at io.opencui.core.BaseKt$createFrameGenerator$1.invoke(base.kt:38)
	at io.opencui.core.BaseKt$createFrameGenerator$1.invoke(base.kt:33)
	at io.opencui.core.InterfaceFiller$askFiller$2$entityFiller$2.invoke(filler.kt:933)
	at io.opencui.core.InterfaceFiller$askFiller$2$entityFiller$2.invoke(filler.kt:933)
	at io.opencui.core.RealtypeFiller.isCompatible(filler.kt:401)
	at io.opencui.core.UserSession.kernelStep(UserSession.kt:249)
	at io.opencui.core.UserSession.userStep(UserSession.kt:204)
	at io.opencui.core.DialogManager.response(execution.kt:99)
	at io.opencui.core.RuntimeTest.process(RuntimeTest.kt:1687)
	at io.opencui.core.RuntimeTest.testBasics(RuntimeTest.kt:250)
	at java.base/jdk.internal.reflect.NativeMethodAccessorImpl.invoke0(Native Method)
	at java.base/jdk.internal.reflect.NativeMethodAccessorImpl.invoke(NativeMethodAccessorImpl.java:62)
	at java.base/jdk.internal.reflect.DelegatingMethodAccessorImpl.invoke(DelegatingMethodAccessorImpl.java:43)
	at java.base/java.lang.reflect.Method.invoke(Method.java:566)
	at org.junit.runners.model.FrameworkMethod$1.runReflectiveCall(FrameworkMethod.java:50)
	at org.junit.internal.runners.model.ReflectiveCallable.run(ReflectiveCallable.java:12)
	at org.junit.runners.model.FrameworkMethod.invokeExplosively(FrameworkMethod.java:47)
	at org.junit.internal.runners.statements.InvokeMethod.evaluate(InvokeMethod.java:17)
	at org.junit.runners.ParentRunner.runLeaf(ParentRunner.java:325)
	at org.junit.runners.BlockJUnit4ClassRunner.runChild(BlockJUnit4ClassRunner.java:78)
	at org.junit.runners.BlockJUnit4ClassRunner.runChild(BlockJUnit4ClassRunner.java:57)
	at org.junit.runners.ParentRunner$3.run(ParentRunner.java:290)
	at org.junit.runners.ParentRunner$1.schedule(ParentRunner.java:71)
	at org.junit.runners.ParentRunner.runChildren(ParentRunner.java:288)
	at org.junit.runners.ParentRunner.access$000(ParentRunner.java:58)
	at org.junit.runners.ParentRunner$2.evaluate(ParentRunner.java:268)
	at org.junit.runners.ParentRunner.run(ParentRunner.java:363)
	at org.gradle.api.internal.tasks.testing.junit.JUnitTestClassExecutor.runTestClass(JUnitTestClassExecutor.java:110)
	at org.gradle.api.internal.tasks.testing.junit.JUnitTestClassExecutor.execute(JUnitTestClassExecutor.java:58)
	at org.gradle.api.internal.tasks.testing.junit.JUnitTestClassExecutor.execute(JUnitTestClassExecutor.java:38)
	at org.gradle.api.internal.tasks.testing.junit.AbstractJUnitTestClassProcessor.processTestClass(AbstractJUnitTestClassProcessor.java:62)
	at org.gradle.api.internal.tasks.testing.SuiteTestClassProcessor.processTestClass(SuiteTestClassProcessor.java:51)
	at java.base/jdk.internal.reflect.NativeMethodAccessorImpl.invoke0(Native Method)
	at java.base/jdk.internal.reflect.NativeMethodAccessorImpl.invoke(NativeMethodAccessorImpl.java:62)
	at java.base/jdk.internal.reflect.DelegatingMethodAccessorImpl.invoke(DelegatingMethodAccessorImpl.java:43)
	at java.base/java.lang.reflect.Method.invoke(Method.java:566)
	at org.gradle.internal.dispatch.ReflectionDispatch.dispatch(ReflectionDispatch.java:36)
	at org.gradle.internal.dispatch.ReflectionDispatch.dispatch(ReflectionDispatch.java:24)
	at org.gradle.internal.dispatch.ContextClassLoaderDispatch.dispatch(ContextClassLoaderDispatch.java:33)
	at org.gradle.internal.dispatch.ProxyDispatchAdapter$DispatchingInvocationHandler.invoke(ProxyDispatchAdapter.java:94)
	at com.sun.proxy.$Proxy2.processTestClass(Unknown Source)
	at org.gradle.api.internal.tasks.testing.worker.TestWorker$2.run(TestWorker.java:176)
	at org.gradle.api.internal.tasks.testing.worker.TestWorker.executeAndMaintainThreadName(TestWorker.java:129)
	at org.gradle.api.internal.tasks.testing.worker.TestWorker.execute(TestWorker.java:100)
	at org.gradle.api.internal.tasks.testing.worker.TestWorker.execute(TestWorker.java:60)
	at org.gradle.process.internal.worker.child.ActionExecutionWorker.execute(ActionExecutionWorker.java:56)
	at org.gradle.process.internal.worker.child.SystemApplicationClassLoaderWorker.call(SystemApplicationClassLoaderWorker.java:133)
	at org.gradle.process.internal.worker.child.SystemApplicationClassLoaderWorker.call(SystemApplicationClassLoaderWorker.java:71)
	at worker.org.gradle.process.internal.worker.GradleWorkerMain.run(GradleWorkerMain.java:69)
	at worker.org.gradle.process.internal.worker.GradleWorkerMain.main(GradleWorkerMain.java:74)
java.lang.ClassNotFoundException: io.opencui.test.fever
	at java.base/java.net.URLClassLoader.findClass(URLClassLoader.java:476)
	at java.base/java.lang.ClassLoader.loadClass(ClassLoader.java:589)
	at java.base/java.lang.ClassLoader.loadClass(ClassLoader.java:522)
	at java.base/java.lang.Class.forName0(Native Method)
	at java.base/java.lang.Class.forName(Class.java:398)
	at io.opencui.core.UserSession.construct(UserSession.kt:627)
	at io.opencui.core.BaseKt$createFrameGenerator$1.invoke(base.kt:38)
	at io.opencui.core.BaseKt$createFrameGenerator$1.invoke(base.kt:33)
	at io.opencui.core.InterfaceFiller$askFiller$2$entityFiller$2.invoke(filler.kt:933)
	at io.opencui.core.InterfaceFiller$askFiller$2$entityFiller$2.invoke(filler.kt:933)
	at io.opencui.core.RealtypeFiller.isCompatible(filler.kt:401)
	at io.opencui.core.UserSession.kernelStep(UserSession.kt:249)
	at io.opencui.core.UserSession.userStep(UserSession.kt:204)
	at io.opencui.core.DialogManager.response(execution.kt:99)
	at io.opencui.core.RuntimeTest.process(RuntimeTest.kt:1687)
	at io.opencui.core.RuntimeTest.testBasics(RuntimeTest.kt:250)
	at java.base/jdk.internal.reflect.NativeMethodAccessorImpl.invoke0(Native Method)
	at java.base/jdk.internal.reflect.NativeMethodAccessorImpl.invoke(NativeMethodAccessorImpl.java:62)
	at java.base/jdk.internal.reflect.DelegatingMethodAccessorImpl.invoke(DelegatingMethodAccessorImpl.java:43)
	at java.base/java.lang.reflect.Method.invoke(Method.java:566)
	at org.junit.runners.model.FrameworkMethod$1.runReflectiveCall(FrameworkMethod.java:50)
	at org.junit.internal.runners.model.ReflectiveCallable.run(ReflectiveCallable.java:12)
	at org.junit.runners.model.FrameworkMethod.invokeExplosively(FrameworkMethod.java:47)
	at org.junit.internal.runners.statements.InvokeMethod.evaluate(InvokeMethod.java:17)
	at org.junit.runners.ParentRunner.runLeaf(ParentRunner.java:325)
	at org.junit.runners.BlockJUnit4ClassRunner.runChild(BlockJUnit4ClassRunner.java:78)
	at org.junit.runners.BlockJUnit4ClassRunner.runChild(BlockJUnit4ClassRunner.java:57)
	at org.junit.runners.ParentRunner$3.run(ParentRunner.java:290)
	at org.junit.runners.ParentRunner$1.schedule(ParentRunner.java:71)
	at org.junit.runners.ParentRunner.runChildren(ParentRunner.java:288)
	at org.junit.runners.ParentRunner.access$000(ParentRunner.java:58)
	at org.junit.runners.ParentRunner$2.evaluate(ParentRunner.java:268)
	at org.junit.runners.ParentRunner.run(ParentRunner.java:363)
	at org.gradle.api.internal.tasks.testing.junit.JUnitTestClassExecutor.runTestClass(JUnitTestClassExecutor.java:110)
	at org.gradle.api.internal.tasks.testing.junit.JUnitTestClassExecutor.execute(JUnitTestClassExecutor.java:58)
	at org.gradle.api.internal.tasks.testing.junit.JUnitTestClassExecutor.execute(JUnitTestClassExecutor.java:38)
	at org.gradle.api.internal.tasks.testing.junit.AbstractJUnitTestClassProcessor.processTestClass(AbstractJUnitTestClassProcessor.java:62)
	at org.gradle.api.internal.tasks.testing.SuiteTestClassProcessor.processTestClass(SuiteTestClassProcessor.java:51)
	at java.base/jdk.internal.reflect.NativeMethodAccessorImpl.invoke0(Native Method)
	at java.base/jdk.internal.reflect.NativeMethodAccessorImpl.invoke(NativeMethodAccessorImpl.java:62)
	at java.base/jdk.internal.reflect.DelegatingMethodAccessorImpl.invoke(DelegatingMethodAccessorImpl.java:43)
	at java.base/java.lang.reflect.Method.invoke(Method.java:566)
	at org.gradle.internal.dispatch.ReflectionDispatch.dispatch(ReflectionDispatch.java:36)
	at org.gradle.internal.dispatch.ReflectionDispatch.dispatch(ReflectionDispatch.java:24)
	at org.gradle.internal.dispatch.ContextClassLoaderDispatch.dispatch(ContextClassLoaderDispatch.java:33)
	at org.gradle.internal.dispatch.ProxyDispatchAdapter$DispatchingInvocationHandler.invoke(ProxyDispatchAdapter.java:94)
	at com.sun.proxy.$Proxy2.processTestClass(Unknown Source)
	at org.gradle.api.internal.tasks.testing.worker.TestWorker$2.run(TestWorker.java:176)
	at org.gradle.api.internal.tasks.testing.worker.TestWorker.executeAndMaintainThreadName(TestWorker.java:129)
	at org.gradle.api.internal.tasks.testing.worker.TestWorker.execute(TestWorker.java:100)
	at org.gradle.api.internal.tasks.testing.worker.TestWorker.execute(TestWorker.java:60)
	at org.gradle.process.internal.worker.child.ActionExecutionWorker.execute(ActionExecutionWorker.java:56)
	at org.gradle.process.internal.worker.child.SystemApplicationClassLoaderWorker.call(SystemApplicationClassLoaderWorker.java:133)
	at org.gradle.process.internal.worker.child.SystemApplicationClassLoaderWorker.call(SystemApplicationClassLoaderWorker.java:71)
	at worker.org.gradle.process.internal.worker.GradleWorkerMain.run(GradleWorkerMain.java:69)
	at worker.org.gradle.process.internal.worker.GradleWorkerMain.main(GradleWorkerMain.java:74)
[Test worker] INFO io.opencui.core.DialogManager - session state after turn 26 : {"schedulers_count":1,"main":{"state":"POST_ASK","fillers":[{"filler_type":"AnnotatedWrapperFiller","attribute":"PreDiagnosis"},{"filler_type":"FrameFiller","attribute":"PreDiagnosis"},{"filler_type":"AnnotatedWrapperFiller","attribute":"indexes"},{"filler_type":"MultiValueFiller","attribute":"indexes"},{"filler_type":"AnnotatedWrapperFiller","attribute":"indexes._hast"},{"filler_type":"FrameFiller","attribute":"indexes._hast"},{"filler_type":"AnnotatedWrapperFiller","attribute":"status"},{"filler_type":"InterfaceFiller","attribute":"status"},{"filler_type":"AnnotatedWrapperFiller","attribute":"status._realtype"},{"filler_type":"RealtypeFiller","attribute":"status._realtype"}]}}
[Test worker] INFO io.opencui.core.DialogManager - session state before turn 27 : {"schedulers_count":1,"main":{"state":"POST_ASK","fillers":[{"filler_type":"AnnotatedWrapperFiller","attribute":"PreDiagnosis"},{"filler_type":"FrameFiller","attribute":"PreDiagnosis"},{"filler_type":"AnnotatedWrapperFiller","attribute":"indexes"},{"filler_type":"MultiValueFiller","attribute":"indexes"},{"filler_type":"AnnotatedWrapperFiller","attribute":"indexes._hast"},{"filler_type":"FrameFiller","attribute":"indexes._hast"},{"filler_type":"AnnotatedWrapperFiller","attribute":"status"},{"filler_type":"InterfaceFiller","attribute":"status"},{"filler_type":"AnnotatedWrapperFiller","attribute":"status._realtype"},{"filler_type":"RealtypeFiller","attribute":"status._realtype"}]}}
java.lang.ClassNotFoundException: io.opencui.test.person
	at java.base/java.net.URLClassLoader.findClass(URLClassLoader.java:476)
	at java.base/java.lang.ClassLoader.loadClass(ClassLoader.java:589)
	at java.base/java.lang.ClassLoader.loadClass(ClassLoader.java:522)
	at java.base/java.lang.Class.forName0(Native Method)
	at java.base/java.lang.Class.forName(Class.java:398)
	at io.opencui.core.UserSession.construct(UserSession.kt:627)
	at io.opencui.core.BaseKt$createFrameGenerator$1.invoke(base.kt:38)
	at io.opencui.core.BaseKt$createFrameGenerator$1.invoke(base.kt:33)
	at io.opencui.core.InterfaceFiller$askFiller$2$entityFiller$2.invoke(filler.kt:933)
	at io.opencui.core.InterfaceFiller$askFiller$2$entityFiller$2.invoke(filler.kt:933)
	at io.opencui.core.RealtypeFiller.isCompatible(filler.kt:401)
	at io.opencui.core.UserSession.kernelStep(UserSession.kt:249)
	at io.opencui.core.UserSession.userStep(UserSession.kt:204)
	at io.opencui.core.DialogManager.response(execution.kt:99)
	at io.opencui.core.RuntimeTest.process(RuntimeTest.kt:1687)
	at io.opencui.core.RuntimeTest.testBasics(RuntimeTest.kt:250)
	at java.base/jdk.internal.reflect.NativeMethodAccessorImpl.invoke0(Native Method)
	at java.base/jdk.internal.reflect.NativeMethodAccessorImpl.invoke(NativeMethodAccessorImpl.java:62)
	at java.base/jdk.internal.reflect.DelegatingMethodAccessorImpl.invoke(DelegatingMethodAccessorImpl.java:43)
	at java.base/java.lang.reflect.Method.invoke(Method.java:566)
	at org.junit.runners.model.FrameworkMethod$1.runReflectiveCall(FrameworkMethod.java:50)
	at org.junit.internal.runners.model.ReflectiveCallable.run(ReflectiveCallable.java:12)
	at org.junit.runners.model.FrameworkMethod.invokeExplosively(FrameworkMethod.java:47)
	at org.junit.internal.runners.statements.InvokeMethod.evaluate(InvokeMethod.java:17)
	at org.junit.runners.ParentRunner.runLeaf(ParentRunner.java:325)
	at org.junit.runners.BlockJUnit4ClassRunner.runChild(BlockJUnit4ClassRunner.java:78)
	at org.junit.runners.BlockJUnit4ClassRunner.runChild(BlockJUnit4ClassRunner.java:57)
	at org.junit.runners.ParentRunner$3.run(ParentRunner.java:290)
	at org.junit.runners.ParentRunner$1.schedule(ParentRunner.java:71)
	at org.junit.runners.ParentRunner.runChildren(ParentRunner.java:288)
	at org.junit.runners.ParentRunner.access$000(ParentRunner.java:58)
	at org.junit.runners.ParentRunner$2.evaluate(ParentRunner.java:268)
	at org.junit.runners.ParentRunner.run(ParentRunner.java:363)
	at org.gradle.api.internal.tasks.testing.junit.JUnitTestClassExecutor.runTestClass(JUnitTestClassExecutor.java:110)
	at org.gradle.api.internal.tasks.testing.junit.JUnitTestClassExecutor.execute(JUnitTestClassExecutor.java:58)
	at org.gradle.api.internal.tasks.testing.junit.JUnitTestClassExecutor.execute(JUnitTestClassExecutor.java:38)
	at org.gradle.api.internal.tasks.testing.junit.AbstractJUnitTestClassProcessor.processTestClass(AbstractJUnitTestClassProcessor.java:62)
	at org.gradle.api.internal.tasks.testing.SuiteTestClassProcessor.processTestClass(SuiteTestClassProcessor.java:51)
	at java.base/jdk.internal.reflect.NativeMethodAccessorImpl.invoke0(Native Method)
	at java.base/jdk.internal.reflect.NativeMethodAccessorImpl.invoke(NativeMethodAccessorImpl.java:62)
	at java.base/jdk.internal.reflect.DelegatingMethodAccessorImpl.invoke(DelegatingMethodAccessorImpl.java:43)
	at java.base/java.lang.reflect.Method.invoke(Method.java:566)
	at org.gradle.internal.dispatch.ReflectionDispatch.dispatch(ReflectionDispatch.java:36)
	at org.gradle.internal.dispatch.ReflectionDispatch.dispatch(ReflectionDispatch.java:24)
	at org.gradle.internal.dispatch.ContextClassLoaderDispatch.dispatch(ContextClassLoaderDispatch.java:33)
	at org.gradle.internal.dispatch.ProxyDispatchAdapter$DispatchingInvocationHandler.invoke(ProxyDispatchAdapter.java:94)
	at com.sun.proxy.$Proxy2.processTestClass(Unknown Source)
	at org.gradle.api.internal.tasks.testing.worker.TestWorker$2.run(TestWorker.java:176)
	at org.gradle.api.internal.tasks.testing.worker.TestWorker.executeAndMaintainThreadName(TestWorker.java:129)
	at org.gradle.api.internal.tasks.testing.worker.TestWorker.execute(TestWorker.java:100)
	at org.gradle.api.internal.tasks.testing.worker.TestWorker.execute(TestWorker.java:60)
	at org.gradle.process.internal.worker.child.ActionExecutionWorker.execute(ActionExecutionWorker.java:56)
	at org.gradle.process.internal.worker.child.SystemApplicationClassLoaderWorker.call(SystemApplicationClassLoaderWorker.java:133)
	at org.gradle.process.internal.worker.child.SystemApplicationClassLoaderWorker.call(SystemApplicationClassLoaderWorker.java:71)
	at worker.org.gradle.process.internal.worker.GradleWorkerMain.run(GradleWorkerMain.java:69)
	at worker.org.gradle.process.internal.worker.GradleWorkerMain.main(GradleWorkerMain.java:74)
java.lang.ClassNotFoundException: io.opencui.test.fever
	at java.base/java.net.URLClassLoader.findClass(URLClassLoader.java:476)
	at java.base/java.lang.ClassLoader.loadClass(ClassLoader.java:589)
	at java.base/java.lang.ClassLoader.loadClass(ClassLoader.java:522)
	at java.base/java.lang.Class.forName0(Native Method)
	at java.base/java.lang.Class.forName(Class.java:398)
	at io.opencui.core.UserSession.construct(UserSession.kt:627)
	at io.opencui.core.BaseKt$createFrameGenerator$1.invoke(base.kt:38)
	at io.opencui.core.BaseKt$createFrameGenerator$1.invoke(base.kt:33)
	at io.opencui.core.InterfaceFiller$askFiller$2$entityFiller$2.invoke(filler.kt:933)
	at io.opencui.core.InterfaceFiller$askFiller$2$entityFiller$2.invoke(filler.kt:933)
	at io.opencui.core.RealtypeFiller.isCompatible(filler.kt:401)
	at io.opencui.core.UserSession.kernelStep(UserSession.kt:249)
	at io.opencui.core.UserSession.userStep(UserSession.kt:204)
	at io.opencui.core.DialogManager.response(execution.kt:99)
	at io.opencui.core.RuntimeTest.process(RuntimeTest.kt:1687)
	at io.opencui.core.RuntimeTest.testBasics(RuntimeTest.kt:250)
	at java.base/jdk.internal.reflect.NativeMethodAccessorImpl.invoke0(Native Method)
	at java.base/jdk.internal.reflect.NativeMethodAccessorImpl.invoke(NativeMethodAccessorImpl.java:62)
	at java.base/jdk.internal.reflect.DelegatingMethodAccessorImpl.invoke(DelegatingMethodAccessorImpl.java:43)
	at java.base/java.lang.reflect.Method.invoke(Method.java:566)
	at org.junit.runners.model.FrameworkMethod$1.runReflectiveCall(FrameworkMethod.java:50)
	at org.junit.internal.runners.model.ReflectiveCallable.run(ReflectiveCallable.java:12)
	at org.junit.runners.model.FrameworkMethod.invokeExplosively(FrameworkMethod.java:47)
	at org.junit.internal.runners.statements.InvokeMethod.evaluate(InvokeMethod.java:17)
	at org.junit.runners.ParentRunner.runLeaf(ParentRunner.java:325)
	at org.junit.runners.BlockJUnit4ClassRunner.runChild(BlockJUnit4ClassRunner.java:78)
	at org.junit.runners.BlockJUnit4ClassRunner.runChild(BlockJUnit4ClassRunner.java:57)
	at org.junit.runners.ParentRunner$3.run(ParentRunner.java:290)
	at org.junit.runners.ParentRunner$1.schedule(ParentRunner.java:71)
	at org.junit.runners.ParentRunner.runChildren(ParentRunner.java:288)
	at org.junit.runners.ParentRunner.access$000(ParentRunner.java:58)
	at org.junit.runners.ParentRunner$2.evaluate(ParentRunner.java:268)
	at org.junit.runners.ParentRunner.run(ParentRunner.java:363)
	at org.gradle.api.internal.tasks.testing.junit.JUnitTestClassExecutor.runTestClass(JUnitTestClassExecutor.java:110)
	at org.gradle.api.internal.tasks.testing.junit.JUnitTestClassExecutor.execute(JUnitTestClassExecutor.java:58)
	at org.gradle.api.internal.tasks.testing.junit.JUnitTestClassExecutor.execute(JUnitTestClassExecutor.java:38)
	at org.gradle.api.internal.tasks.testing.junit.AbstractJUnitTestClassProcessor.processTestClass(AbstractJUnitTestClassProcessor.java:62)
	at org.gradle.api.internal.tasks.testing.SuiteTestClassProcessor.processTestClass(SuiteTestClassProcessor.java:51)
	at java.base/jdk.internal.reflect.NativeMethodAccessorImpl.invoke0(Native Method)
	at java.base/jdk.internal.reflect.NativeMethodAccessorImpl.invoke(NativeMethodAccessorImpl.java:62)
	at java.base/jdk.internal.reflect.DelegatingMethodAccessorImpl.invoke(DelegatingMethodAccessorImpl.java:43)
	at java.base/java.lang.reflect.Method.invoke(Method.java:566)
	at org.gradle.internal.dispatch.ReflectionDispatch.dispatch(ReflectionDispatch.java:36)
	at org.gradle.internal.dispatch.ReflectionDispatch.dispatch(ReflectionDispatch.java:24)
	at org.gradle.internal.dispatch.ContextClassLoaderDispatch.dispatch(ContextClassLoaderDispatch.java:33)
	at org.gradle.internal.dispatch.ProxyDispatchAdapter$DispatchingInvocationHandler.invoke(ProxyDispatchAdapter.java:94)
	at com.sun.proxy.$Proxy2.processTestClass(Unknown Source)
	at org.gradle.api.internal.tasks.testing.worker.TestWorker$2.run(TestWorker.java:176)
	at org.gradle.api.internal.tasks.testing.worker.TestWorker.executeAndMaintainThreadName(TestWorker.java:129)
	at org.gradle.api.internal.tasks.testing.worker.TestWorker.execute(TestWorker.java:100)
	at org.gradle.api.internal.tasks.testing.worker.TestWorker.execute(TestWorker.java:60)
	at org.gradle.process.internal.worker.child.ActionExecutionWorker.execute(ActionExecutionWorker.java:56)
	at org.gradle.process.internal.worker.child.SystemApplicationClassLoaderWorker.call(SystemApplicationClassLoaderWorker.java:133)
	at org.gradle.process.internal.worker.child.SystemApplicationClassLoaderWorker.call(SystemApplicationClassLoaderWorker.java:71)
	at worker.org.gradle.process.internal.worker.GradleWorkerMain.run(GradleWorkerMain.java:69)
	at worker.org.gradle.process.internal.worker.GradleWorkerMain.main(GradleWorkerMain.java:74)
[Test worker] INFO io.opencui.core.DialogManager - session state after turn 27 : {"schedulers_count":1,"main":{"state":"INIT","fillers":[]}}
[Test worker] INFO io.opencui.core.DialogManager - session state before turn 28 : {"schedulers_count":1,"main":{"state":"INIT","fillers":[]}}
[Test worker] INFO io.opencui.core.DialogManager - session state after turn 28 : {"schedulers_count":1,"main":{"state":"POST_ASK","fillers":[{"filler_type":"AnnotatedWrapperFiller","attribute":"Hello"},{"filler_type":"FrameFiller","attribute":"Hello"},{"filler_type":"AnnotatedWrapperFiller","attribute":"mobile_with_advances"},{"filler_type":"FrameFiller","attribute":"mobile_with_advances"},{"filler_type":"AnnotatedWrapperFiller","attribute":"name"},{"filler_type":"EntityFiller","attribute":"name"}]}}
[Test worker] INFO io.opencui.core.DialogManager - session state before turn 29 : {"schedulers_count":1,"main":{"state":"POST_ASK","fillers":[{"filler_type":"AnnotatedWrapperFiller","attribute":"Hello"},{"filler_type":"FrameFiller","attribute":"Hello"},{"filler_type":"AnnotatedWrapperFiller","attribute":"mobile_with_advances"},{"filler_type":"FrameFiller","attribute":"mobile_with_advances"},{"filler_type":"AnnotatedWrapperFiller","attribute":"name"},{"filler_type":"EntityFiller","attribute":"name"}]}}
[Test worker] INFO io.opencui.core.DialogManager - session state after turn 29 : {"schedulers_count":1,"main":{"state":"POST_ASK","fillers":[{"filler_type":"AnnotatedWrapperFiller","attribute":"Hello"},{"filler_type":"FrameFiller","attribute":"Hello"},{"filler_type":"AnnotatedWrapperFiller","attribute":"mobile"},{"filler_type":"FrameFiller","attribute":"mobile"},{"filler_type":"AnnotatedWrapperFiller","attribute":"cellphone"},{"filler_type":"EntityFiller","attribute":"cellphone"}]}}
[Test worker] INFO io.opencui.core.DialogManager - session state before turn 30 : {"schedulers_count":1,"main":{"state":"POST_ASK","fillers":[{"filler_type":"AnnotatedWrapperFiller","attribute":"Hello"},{"filler_type":"FrameFiller","attribute":"Hello"},{"filler_type":"AnnotatedWrapperFiller","attribute":"mobile"},{"filler_type":"FrameFiller","attribute":"mobile"},{"filler_type":"AnnotatedWrapperFiller","attribute":"cellphone"},{"filler_type":"EntityFiller","attribute":"cellphone"}]}}
[Test worker] INFO io.opencui.core.DialogManager - session state after turn 30 : {"schedulers_count":1,"main":{"state":"POST_ASK","fillers":[{"filler_type":"AnnotatedWrapperFiller","attribute":"Hello"},{"filler_type":"FrameFiller","attribute":"Hello"},{"filler_type":"AnnotatedWrapperFiller","attribute":"mobile"},{"filler_type":"FrameFiller","attribute":"mobile"},{"filler_type":"AnnotatedWrapperFiller","attribute":"cellphone"},{"filler_type":"EntityFiller","attribute":"cellphone"}]}}
[Test worker] INFO io.opencui.core.DialogManager - session state before turn 31 : {"schedulers_count":1,"main":{"state":"POST_ASK","fillers":[{"filler_type":"AnnotatedWrapperFiller","attribute":"Hello"},{"filler_type":"FrameFiller","attribute":"Hello"},{"filler_type":"AnnotatedWrapperFiller","attribute":"mobile"},{"filler_type":"FrameFiller","attribute":"mobile"},{"filler_type":"AnnotatedWrapperFiller","attribute":"cellphone"},{"filler_type":"EntityFiller","attribute":"cellphone"}]}}
[Test worker] INFO io.opencui.core.DialogManager - session state after turn 31 : {"schedulers_count":1,"main":{"state":"POST_ASK","fillers":[{"filler_type":"AnnotatedWrapperFiller","attribute":"Hello"},{"filler_type":"FrameFiller","attribute":"Hello"},{"filler_type":"AnnotatedWrapperFiller","attribute":"mobile"},{"filler_type":"FrameFiller","attribute":"mobile"},{"filler_type":"AnnotatedWrapperFiller","attribute":"amount"},{"filler_type":"AnnotatedWrapperFiller","attribute":"amount._rec"},{"filler_type":"FrameFiller","attribute":"amount._rec"},{"filler_type":"AnnotatedWrapperFiller","attribute":"index"},{"filler_type":"EntityFiller","attribute":"index"}]}}
[Test worker] INFO io.opencui.core.DialogManager - session state before turn 32 : {"schedulers_count":1,"main":{"state":"POST_ASK","fillers":[{"filler_type":"AnnotatedWrapperFiller","attribute":"Hello"},{"filler_type":"FrameFiller","attribute":"Hello"},{"filler_type":"AnnotatedWrapperFiller","attribute":"mobile"},{"filler_type":"FrameFiller","attribute":"mobile"},{"filler_type":"AnnotatedWrapperFiller","attribute":"amount"},{"filler_type":"AnnotatedWrapperFiller","attribute":"amount._rec"},{"filler_type":"FrameFiller","attribute":"amount._rec"},{"filler_type":"AnnotatedWrapperFiller","attribute":"index"},{"filler_type":"EntityFiller","attribute":"index"}]}}
[Test worker] INFO io.opencui.core.DialogManager - session state after turn 32 : {"schedulers_count":1,"main":{"state":"INIT","fillers":[]}}
[Test worker] INFO io.opencui.core.Dispatcher - class io.opencui.du.DucklingRecognizer is configured twice, was http://172.11.51.61:8000/parse now http://172.11.51.61:8000/parse
[Test worker] INFO io.opencui.core.Dispatcher - class io.opencui.du.TfRestBertNLUModel is configured twice, was (172.11.51.61, 8501, null) now (172.11.51.61, 8501, null)
[Test worker] INFO io.opencui.core.Dispatcher - class io.opencui.sessionmanager.ChatbotLoader is configured twice, was InMemoryBotStore(cache=PerpetualCache(cache=agent:io.opencui:test:en:master|version:test)) now InMemoryBotStore(cache=PerpetualCache(cache=agent:io.opencui:test:en:master|version:test))
[Test worker] INFO io.opencui.sessionmanager.SessionManager - create session with bot version: master
[Test worker] INFO io.opencui.core.DialogManager - session state before turn 1 : {"schedulers_count":1,"main":{"state":"INIT","fillers":[]}}
[Test worker] INFO io.opencui.core.DialogManager - session state after turn 1 : {"schedulers_count":1,"main":{"state":"POST_ASK","fillers":[{"filler_type":"AnnotatedWrapperFiller","attribute":"VCTestIntent"},{"filler_type":"FrameFiller","attribute":"VCTestIntent"},{"filler_type":"AnnotatedWrapperFiller","attribute":"b"},{"filler_type":"EntityFiller","attribute":"b"}]}}
[Test worker] INFO io.opencui.core.DialogManager - session state before turn 2 : {"schedulers_count":1,"main":{"state":"POST_ASK","fillers":[{"filler_type":"AnnotatedWrapperFiller","attribute":"VCTestIntent"},{"filler_type":"FrameFiller","attribute":"VCTestIntent"},{"filler_type":"AnnotatedWrapperFiller","attribute":"b"},{"filler_type":"EntityFiller","attribute":"b"}]}}
[Test worker] INFO io.opencui.core.DialogManager - session state after turn 2 : {"schedulers_count":1,"main":{"state":"POST_ASK","fillers":[{"filler_type":"AnnotatedWrapperFiller","attribute":"VCTestIntent"},{"filler_type":"FrameFiller","attribute":"VCTestIntent"},{"filler_type":"AnnotatedWrapperFiller","attribute":"c"},{"filler_type":"EntityFiller","attribute":"c"}]}}
[Test worker] INFO io.opencui.core.DialogManager - session state before turn 3 : {"schedulers_count":1,"main":{"state":"POST_ASK","fillers":[{"filler_type":"AnnotatedWrapperFiller","attribute":"VCTestIntent"},{"filler_type":"FrameFiller","attribute":"VCTestIntent"},{"filler_type":"AnnotatedWrapperFiller","attribute":"c"},{"filler_type":"EntityFiller","attribute":"c"}]}}
[Test worker] INFO io.opencui.core.DialogManager - session state after turn 3 : {"schedulers_count":1,"main":{"state":"POST_ASK","fillers":[{"filler_type":"AnnotatedWrapperFiller","attribute":"VCTestIntent"},{"filler_type":"FrameFiller","attribute":"VCTestIntent"},{"filler_type":"AnnotatedWrapperFiller","attribute":"d"},{"filler_type":"EntityFiller","attribute":"d"}]}}
[Test worker] INFO io.opencui.core.DialogManager - session state before turn 4 : {"schedulers_count":1,"main":{"state":"POST_ASK","fillers":[{"filler_type":"AnnotatedWrapperFiller","attribute":"VCTestIntent"},{"filler_type":"FrameFiller","attribute":"VCTestIntent"},{"filler_type":"AnnotatedWrapperFiller","attribute":"d"},{"filler_type":"EntityFiller","attribute":"d"}]}}
[Test worker] INFO io.opencui.core.DialogManager - session state after turn 4 : {"schedulers_count":1,"main":{"state":"POST_ASK","fillers":[{"filler_type":"AnnotatedWrapperFiller","attribute":"VCTestIntent"},{"filler_type":"FrameFiller","attribute":"VCTestIntent"},{"filler_type":"AnnotatedWrapperFiller","attribute":"a"},{"filler_type":"EntityFiller","attribute":"a"}]}}
[Test worker] INFO io.opencui.core.DialogManager - session state before turn 5 : {"schedulers_count":1,"main":{"state":"POST_ASK","fillers":[{"filler_type":"AnnotatedWrapperFiller","attribute":"VCTestIntent"},{"filler_type":"FrameFiller","attribute":"VCTestIntent"},{"filler_type":"AnnotatedWrapperFiller","attribute":"a"},{"filler_type":"EntityFiller","attribute":"a"}]}}
[Test worker] INFO io.opencui.core.DialogManager - session state after turn 5 : {"schedulers_count":1,"main":{"state":"INIT","fillers":[]}}
[Test worker] INFO io.opencui.core.Dispatcher - class io.opencui.du.DucklingRecognizer is configured twice, was http://172.11.51.61:8000/parse now http://172.11.51.61:8000/parse
[Test worker] INFO io.opencui.core.Dispatcher - class io.opencui.du.TfRestBertNLUModel is configured twice, was (172.11.51.61, 8501, null) now (172.11.51.61, 8501, null)
[Test worker] INFO io.opencui.core.Dispatcher - class io.opencui.sessionmanager.ChatbotLoader is configured twice, was InMemoryBotStore(cache=PerpetualCache(cache=agent:io.opencui:test:en:master|version:test)) now InMemoryBotStore(cache=PerpetualCache(cache=agent:io.opencui:test:en:master|version:test))
[Test worker] INFO io.opencui.sessionmanager.SessionManager - create session with bot version: master
[Test worker] INFO io.opencui.core.DialogManager - session state before turn 1 : {"schedulers_count":1,"main":{"state":"INIT","fillers":[]}}
[Test worker] INFO io.opencui.core.DialogManager - session state after turn 1 : {"schedulers_count":1,"main":{"state":"POST_ASK","fillers":[{"filler_type":"AnnotatedWrapperFiller","attribute":"SepTestIntentImplicit"},{"filler_type":"FrameFiller","attribute":"SepTestIntentImplicit"},{"filler_type":"AnnotatedWrapperFiller","attribute":"b"},{"filler_type":"AnnotatedWrapperFiller","attribute":"b._rec"},{"filler_type":"FrameFiller","attribute":"b._rec"},{"filler_type":"AnnotatedWrapperFiller","attribute":"index"},{"filler_type":"AnnotatedWrapperFiller","attribute":"index._confirm"},{"filler_type":"FrameFiller","attribute":"index._confirm"},{"filler_type":"AnnotatedWrapperFiller","attribute":"status"},{"filler_type":"InterfaceFiller","attribute":"status"},{"filler_type":"AnnotatedWrapperFiller","attribute":"status._realtype"},{"filler_type":"RealtypeFiller","attribute":"status._realtype"}]}}
[Test worker] INFO io.opencui.core.DialogManager - session state before turn 2 : {"schedulers_count":1,"main":{"state":"POST_ASK","fillers":[{"filler_type":"AnnotatedWrapperFiller","attribute":"SepTestIntentImplicit"},{"filler_type":"FrameFiller","attribute":"SepTestIntentImplicit"},{"filler_type":"AnnotatedWrapperFiller","attribute":"b"},{"filler_type":"AnnotatedWrapperFiller","attribute":"b._rec"},{"filler_type":"FrameFiller","attribute":"b._rec"},{"filler_type":"AnnotatedWrapperFiller","attribute":"index"},{"filler_type":"AnnotatedWrapperFiller","attribute":"index._confirm"},{"filler_type":"FrameFiller","attribute":"index._confirm"},{"filler_type":"AnnotatedWrapperFiller","attribute":"status"},{"filler_type":"InterfaceFiller","attribute":"status"},{"filler_type":"AnnotatedWrapperFiller","attribute":"status._realtype"},{"filler_type":"RealtypeFiller","attribute":"status._realtype"}]}}
[Test worker] INFO io.opencui.core.DialogManager - session state after turn 2 : {"schedulers_count":1,"main":{"state":"POST_ASK","fillers":[{"filler_type":"AnnotatedWrapperFiller","attribute":"SepTestIntentImplicit"},{"filler_type":"FrameFiller","attribute":"SepTestIntentImplicit"},{"filler_type":"AnnotatedWrapperFiller","attribute":"b"},{"filler_type":"AnnotatedWrapperFiller","attribute":"b._confirm"},{"filler_type":"FrameFiller","attribute":"b._confirm"},{"filler_type":"AnnotatedWrapperFiller","attribute":"status"},{"filler_type":"InterfaceFiller","attribute":"status"},{"filler_type":"AnnotatedWrapperFiller","attribute":"status._realtype"},{"filler_type":"RealtypeFiller","attribute":"status._realtype"}]}}
[Test worker] INFO io.opencui.core.DialogManager - session state before turn 3 : {"schedulers_count":1,"main":{"state":"POST_ASK","fillers":[{"filler_type":"AnnotatedWrapperFiller","attribute":"SepTestIntentImplicit"},{"filler_type":"FrameFiller","attribute":"SepTestIntentImplicit"},{"filler_type":"AnnotatedWrapperFiller","attribute":"b"},{"filler_type":"AnnotatedWrapperFiller","attribute":"b._confirm"},{"filler_type":"FrameFiller","attribute":"b._confirm"},{"filler_type":"AnnotatedWrapperFiller","attribute":"status"},{"filler_type":"InterfaceFiller","attribute":"status"},{"filler_type":"AnnotatedWrapperFiller","attribute":"status._realtype"},{"filler_type":"RealtypeFiller","attribute":"status._realtype"}]}}
[Test worker] INFO io.opencui.core.DialogManager - session state after turn 3 : {"schedulers_count":1,"main":{"state":"INIT","fillers":[]}}
[Test worker] INFO io.opencui.core.Dispatcher - class io.opencui.du.DucklingRecognizer is configured twice, was http://172.11.51.61:8000/parse now http://172.11.51.61:8000/parse
[Test worker] INFO io.opencui.core.Dispatcher - class io.opencui.du.TfRestBertNLUModel is configured twice, was (172.11.51.61, 8501, null) now (172.11.51.61, 8501, null)
[Test worker] INFO io.opencui.core.Dispatcher - class io.opencui.sessionmanager.ChatbotLoader is configured twice, was InMemoryBotStore(cache=PerpetualCache(cache=agent:io.opencui:test:en:master|version:test)) now InMemoryBotStore(cache=PerpetualCache(cache=agent:io.opencui:test:en:master|version:test))
[Test worker] INFO io.opencui.sessionmanager.SessionManager - create session with bot version: master
[Test worker] INFO io.opencui.core.DialogManager - session state before turn 1 : {"schedulers_count":1,"main":{"state":"INIT","fillers":[]}}
[Test worker] INFO io.opencui.core.DialogManager - session state after turn 1 : {"schedulers_count":1,"main":{"state":"POST_ASK","fillers":[{"filler_type":"AnnotatedWrapperFiller","attribute":"ContractBasedIntentA"},{"filler_type":"FrameFiller","attribute":"ContractBasedIntentA"},{"filler_type":"AnnotatedWrapperFiller","attribute":"contractId"},{"filler_type":"EntityFiller","attribute":"contractId"}]}}
[Test worker] INFO io.opencui.core.DialogManager - session state before turn 2 : {"schedulers_count":1,"main":{"state":"POST_ASK","fillers":[{"filler_type":"AnnotatedWrapperFiller","attribute":"ContractBasedIntentA"},{"filler_type":"FrameFiller","attribute":"ContractBasedIntentA"},{"filler_type":"AnnotatedWrapperFiller","attribute":"contractId"},{"filler_type":"EntityFiller","attribute":"contractId"}]}}
[Test worker] INFO io.opencui.core.DialogManager - session state after turn 0 : {"schedulers_count":1,"main":{"state":"INIT","fillers":[]}}
[Test worker] INFO io.opencui.sessionmanager.SessionManager - create session with bot version: master
[Test worker] INFO io.opencui.core.DialogManager - session state before turn 1 : {"schedulers_count":1,"main":{"state":"INIT","fillers":[]}}
[Test worker] INFO io.opencui.core.DialogManager - session state after turn 1 : {"schedulers_count":1,"main":{"state":"POST_ASK","fillers":[{"filler_type":"AnnotatedWrapperFiller","attribute":"ContractBasedIntentA"},{"filler_type":"FrameFiller","attribute":"ContractBasedIntentA"},{"filler_type":"AnnotatedWrapperFiller","attribute":"contractId"},{"filler_type":"EntityFiller","attribute":"contractId"}]}}
[Test worker] INFO io.opencui.core.DialogManager - session state before turn 2 : {"schedulers_count":1,"main":{"state":"POST_ASK","fillers":[{"filler_type":"AnnotatedWrapperFiller","attribute":"ContractBasedIntentA"},{"filler_type":"FrameFiller","attribute":"ContractBasedIntentA"},{"filler_type":"AnnotatedWrapperFiller","attribute":"contractId"},{"filler_type":"EntityFiller","attribute":"contractId"}]}}
[Test worker] INFO io.opencui.core.DialogManager - session state after turn 2 : {"schedulers_count":1,"main":{"state":"POST_ASK","fillers":[{"filler_type":"AnnotatedWrapperFiller","attribute":"ContractBasedIntentA"},{"filler_type":"FrameFiller","attribute":"ContractBasedIntentA"},{"filler_type":"AnnotatedWrapperFiller","attribute":"contractId"},{"filler_type":"EntityFiller","attribute":"contractId"}]}}
[Test worker] INFO io.opencui.core.DialogManager - session state before turn 3 : {"schedulers_count":1,"main":{"state":"POST_ASK","fillers":[{"filler_type":"AnnotatedWrapperFiller","attribute":"ContractBasedIntentA"},{"filler_type":"FrameFiller","attribute":"ContractBasedIntentA"},{"filler_type":"AnnotatedWrapperFiller","attribute":"contractId"},{"filler_type":"EntityFiller","attribute":"contractId"}]}}
[Test worker] INFO io.opencui.core.DialogManager - session state after turn 3 : {"schedulers_count":1,"main":{"state":"INIT","fillers":[]}}
[Test worker] INFO io.opencui.core.Dispatcher - class io.opencui.du.DucklingRecognizer is configured twice, was http://172.11.51.61:8000/parse now http://172.11.51.61:8000/parse
[Test worker] INFO io.opencui.core.Dispatcher - class io.opencui.du.TfRestBertNLUModel is configured twice, was (172.11.51.61, 8501, null) now (172.11.51.61, 8501, null)
[Test worker] INFO io.opencui.core.Dispatcher - class io.opencui.sessionmanager.ChatbotLoader is configured twice, was InMemoryBotStore(cache=PerpetualCache(cache=agent:io.opencui:test:en:master|version:test)) now InMemoryBotStore(cache=PerpetualCache(cache=agent:io.opencui:test:en:master|version:test))
[Test worker] INFO io.opencui.sessionmanager.SessionManager - create session with bot version: master
[Test worker] INFO io.opencui.core.Dispatcher - class io.opencui.du.DucklingRecognizer is configured twice, was http://172.11.51.61:8000/parse now http://172.11.51.61:8000/parse
[Test worker] INFO io.opencui.core.Dispatcher - class io.opencui.du.TfRestBertNLUModel is configured twice, was (172.11.51.61, 8501, null) now (172.11.51.61, 8501, null)
[Test worker] INFO io.opencui.core.Dispatcher - class io.opencui.sessionmanager.ChatbotLoader is configured twice, was InMemoryBotStore(cache=PerpetualCache(cache=agent:io.opencui:test:en:master|version:test)) now InMemoryBotStore(cache=PerpetualCache(cache=agent:io.opencui:test:en:master|version:test))
[Test worker] INFO io.opencui.sessionmanager.SessionManager - create session with bot version: master
[Test worker] INFO io.opencui.core.DialogManager - session state before turn 1 : {"schedulers_count":1,"main":{"state":"INIT","fillers":[]}}
[Test worker] INFO io.opencui.core.DialogManager - session state after turn 1 : {"schedulers_count":1,"main":{"state":"POST_ASK","fillers":[{"filler_type":"AnnotatedWrapperFiller","attribute":"SoftEarlyTerminationIntent"},{"filler_type":"FrameFiller","attribute":"SoftEarlyTerminationIntent"},{"filler_type":"AnnotatedWrapperFiller","attribute":"f"},{"filler_type":"FrameFiller","attribute":"f"},{"filler_type":"AnnotatedWrapperFiller","attribute":"a"},{"filler_type":"EntityFiller","attribute":"a"}]}}
[Test worker] INFO io.opencui.core.DialogManager - session state before turn 2 : {"schedulers_count":1,"main":{"state":"POST_ASK","fillers":[{"filler_type":"AnnotatedWrapperFiller","attribute":"SoftEarlyTerminationIntent"},{"filler_type":"FrameFiller","attribute":"SoftEarlyTerminationIntent"},{"filler_type":"AnnotatedWrapperFiller","attribute":"f"},{"filler_type":"FrameFiller","attribute":"f"},{"filler_type":"AnnotatedWrapperFiller","attribute":"a"},{"filler_type":"EntityFiller","attribute":"a"}]}}
[Test worker] INFO io.opencui.core.DialogManager - session state after turn 2 : {"schedulers_count":1,"main":{"state":"POST_ASK","fillers":[{"filler_type":"AnnotatedWrapperFiller","attribute":"SoftEarlyTerminationIntent"},{"filler_type":"AnnotatedWrapperFiller","attribute":"SoftEarlyTerminationIntent._confirm"},{"filler_type":"FrameFiller","attribute":"SoftEarlyTerminationIntent._confirm"},{"filler_type":"AnnotatedWrapperFiller","attribute":"status"},{"filler_type":"InterfaceFiller","attribute":"status"},{"filler_type":"AnnotatedWrapperFiller","attribute":"status._realtype"},{"filler_type":"RealtypeFiller","attribute":"status._realtype"}]}}
[Test worker] INFO io.opencui.core.DialogManager - session state before turn 3 : {"schedulers_count":1,"main":{"state":"POST_ASK","fillers":[{"filler_type":"AnnotatedWrapperFiller","attribute":"SoftEarlyTerminationIntent"},{"filler_type":"AnnotatedWrapperFiller","attribute":"SoftEarlyTerminationIntent._confirm"},{"filler_type":"FrameFiller","attribute":"SoftEarlyTerminationIntent._confirm"},{"filler_type":"AnnotatedWrapperFiller","attribute":"status"},{"filler_type":"InterfaceFiller","attribute":"status"},{"filler_type":"AnnotatedWrapperFiller","attribute":"status._realtype"},{"filler_type":"RealtypeFiller","attribute":"status._realtype"}]}}
[Test worker] INFO io.opencui.core.DialogManager - session state after turn 3 : {"schedulers_count":1,"main":{"state":"INIT","fillers":[]}}
[Test worker] INFO io.opencui.core.Dispatcher - class io.opencui.du.DucklingRecognizer is configured twice, was http://172.11.51.61:8000/parse now http://172.11.51.61:8000/parse
[Test worker] INFO io.opencui.core.Dispatcher - class io.opencui.du.TfRestBertNLUModel is configured twice, was (172.11.51.61, 8501, null) now (172.11.51.61, 8501, null)
[Test worker] INFO io.opencui.core.Dispatcher - class io.opencui.sessionmanager.ChatbotLoader is configured twice, was InMemoryBotStore(cache=PerpetualCache(cache=agent:io.opencui:test:en:master|version:test)) now InMemoryBotStore(cache=PerpetualCache(cache=agent:io.opencui:test:en:master|version:test))
[Test worker] INFO io.opencui.sessionmanager.SessionManager - create session with bot version: master
[Test worker] INFO io.opencui.core.DialogManager - session state before turn 1 : {"schedulers_count":1,"main":{"state":"INIT","fillers":[]}}
[Test worker] INFO io.opencui.core.DialogManager - session state after turn 1 : {"schedulers_count":1,"main":{"state":"POST_ASK","fillers":[{"filler_type":"AnnotatedWrapperFiller","attribute":"ValueRecOutlierValueIntent"},{"filler_type":"FrameFiller","attribute":"ValueRecOutlierValueIntent"},{"filler_type":"AnnotatedWrapperFiller","attribute":"s"},{"filler_type":"AnnotatedWrapperFiller","attribute":"s._rec"},{"filler_type":"FrameFiller","attribute":"s._rec"},{"filler_type":"AnnotatedWrapperFiller","attribute":"index"},{"filler_type":"EntityFiller","attribute":"index"}]}}
[Test worker] INFO io.opencui.core.DialogManager - session state before turn 2 : {"schedulers_count":1,"main":{"state":"POST_ASK","fillers":[{"filler_type":"AnnotatedWrapperFiller","attribute":"ValueRecOutlierValueIntent"},{"filler_type":"FrameFiller","attribute":"ValueRecOutlierValueIntent"},{"filler_type":"AnnotatedWrapperFiller","attribute":"s"},{"filler_type":"AnnotatedWrapperFiller","attribute":"s._rec"},{"filler_type":"FrameFiller","attribute":"s._rec"},{"filler_type":"AnnotatedWrapperFiller","attribute":"index"},{"filler_type":"EntityFiller","attribute":"index"}]}}
[Test worker] INFO io.opencui.core.DialogManager - session state after turn 2 : {"schedulers_count":1,"main":{"state":"POST_ASK","fillers":[{"filler_type":"AnnotatedWrapperFiller","attribute":"ValueRecOutlierValueIntent"},{"filler_type":"FrameFiller","attribute":"ValueRecOutlierValueIntent"},{"filler_type":"AnnotatedWrapperFiller","attribute":"s"},{"filler_type":"AnnotatedWrapperFiller","attribute":"s._rec"},{"filler_type":"FrameFiller","attribute":"s._rec"},{"filler_type":"AnnotatedWrapperFiller","attribute":"index"},{"filler_type":"EntityFiller","attribute":"index"}]}}
[Test worker] INFO io.opencui.core.DialogManager - session state before turn 3 : {"schedulers_count":1,"main":{"state":"POST_ASK","fillers":[{"filler_type":"AnnotatedWrapperFiller","attribute":"ValueRecOutlierValueIntent"},{"filler_type":"FrameFiller","attribute":"ValueRecOutlierValueIntent"},{"filler_type":"AnnotatedWrapperFiller","attribute":"s"},{"filler_type":"AnnotatedWrapperFiller","attribute":"s._rec"},{"filler_type":"FrameFiller","attribute":"s._rec"},{"filler_type":"AnnotatedWrapperFiller","attribute":"index"},{"filler_type":"EntityFiller","attribute":"index"}]}}
[Test worker] INFO io.opencui.core.DialogManager - session state after turn 3 : {"schedulers_count":1,"main":{"state":"POST_ASK","fillers":[{"filler_type":"AnnotatedWrapperFiller","attribute":"ValueRecOutlierValueIntent"},{"filler_type":"FrameFiller","attribute":"ValueRecOutlierValueIntent"},{"filler_type":"AnnotatedWrapperFiller","attribute":"s"},{"filler_type":"AnnotatedWrapperFiller","attribute":"s._rec"},{"filler_type":"FrameFiller","attribute":"s._rec"},{"filler_type":"AnnotatedWrapperFiller","attribute":"index"},{"filler_type":"EntityFiller","attribute":"index"}]}}
[Test worker] INFO io.opencui.core.DialogManager - session state before turn 4 : {"schedulers_count":1,"main":{"state":"POST_ASK","fillers":[{"filler_type":"AnnotatedWrapperFiller","attribute":"ValueRecOutlierValueIntent"},{"filler_type":"FrameFiller","attribute":"ValueRecOutlierValueIntent"},{"filler_type":"AnnotatedWrapperFiller","attribute":"s"},{"filler_type":"AnnotatedWrapperFiller","attribute":"s._rec"},{"filler_type":"FrameFiller","attribute":"s._rec"},{"filler_type":"AnnotatedWrapperFiller","attribute":"index"},{"filler_type":"EntityFiller","attribute":"index"}]}}
[Test worker] INFO io.opencui.core.DialogManager - session state after turn 4 : {"schedulers_count":1,"main":{"state":"INIT","fillers":[]}}
[Test worker] INFO io.opencui.core.Dispatcher - class io.opencui.du.DucklingRecognizer is configured twice, was http://172.11.51.61:8000/parse now http://172.11.51.61:8000/parse
[Test worker] INFO io.opencui.core.Dispatcher - class io.opencui.du.TfRestBertNLUModel is configured twice, was (172.11.51.61, 8501, null) now (172.11.51.61, 8501, null)
[Test worker] INFO io.opencui.core.Dispatcher - class io.opencui.sessionmanager.ChatbotLoader is configured twice, was InMemoryBotStore(cache=PerpetualCache(cache=agent:io.opencui:test:en:master|version:test)) now InMemoryBotStore(cache=PerpetualCache(cache=agent:io.opencui:test:en:master|version:test))
[Test worker] INFO io.opencui.sessionmanager.SessionManager - create session with bot version: master
[Test worker] INFO io.opencui.core.DialogManager - session state before turn 1 : {"schedulers_count":1,"main":{"state":"INIT","fillers":[]}}
[Test worker] INFO io.opencui.core.DialogManager - session state after turn 1 : {"schedulers_count":1,"main":{"state":"POST_ASK","fillers":[{"filler_type":"AnnotatedWrapperFiller","attribute":"Main"},{"filler_type":"FrameFiller","attribute":"Main"},{"filler_type":"AnnotatedWrapperFiller","attribute":"skills"},{"filler_type":"MultiValueFiller","attribute":"skills"},{"filler_type":"AnnotatedWrapperFiller","attribute":"skills._hast"},{"filler_type":"FrameFiller","attribute":"skills._hast"},{"filler_type":"AnnotatedWrapperFiller","attribute":"status"},{"filler_type":"InterfaceFiller","attribute":"status"},{"filler_type":"AnnotatedWrapperFiller","attribute":"status._realtype"},{"filler_type":"AnnotatedWrapperFiller","attribute":"status._realtype._rec"},{"filler_type":"FrameFiller","attribute":"status._realtype._rec"},{"filler_type":"AnnotatedWrapperFiller","attribute":"index"},{"filler_type":"EntityFiller","attribute":"index"}]}}
[Test worker] INFO io.opencui.core.DialogManager - session state before turn 2 : {"schedulers_count":1,"main":{"state":"POST_ASK","fillers":[{"filler_type":"AnnotatedWrapperFiller","attribute":"Main"},{"filler_type":"FrameFiller","attribute":"Main"},{"filler_type":"AnnotatedWrapperFiller","attribute":"skills"},{"filler_type":"MultiValueFiller","attribute":"skills"},{"filler_type":"AnnotatedWrapperFiller","attribute":"skills._hast"},{"filler_type":"FrameFiller","attribute":"skills._hast"},{"filler_type":"AnnotatedWrapperFiller","attribute":"status"},{"filler_type":"InterfaceFiller","attribute":"status"},{"filler_type":"AnnotatedWrapperFiller","attribute":"status._realtype"},{"filler_type":"AnnotatedWrapperFiller","attribute":"status._realtype._rec"},{"filler_type":"FrameFiller","attribute":"status._realtype._rec"},{"filler_type":"AnnotatedWrapperFiller","attribute":"index"},{"filler_type":"EntityFiller","attribute":"index"}]}}
[Test worker] INFO io.opencui.core.DialogManager - session state after turn 2 : {"schedulers_count":1,"main":{"state":"POST_ASK","fillers":[{"filler_type":"AnnotatedWrapperFiller","attribute":"Main"},{"filler_type":"FrameFiller","attribute":"Main"},{"filler_type":"AnnotatedWrapperFiller","attribute":"skills"},{"filler_type":"MultiValueFiller","attribute":"skills"},{"filler_type":"AnnotatedWrapperFiller","attribute":"skills._item"},{"filler_type":"InterfaceFiller","attribute":"skills._item"},{"filler_type":"AnnotatedWrapperFiller","attribute":"skills._item._realfiller"},{"filler_type":"FrameFiller","attribute":"skills._item._realfiller"},{"filler_type":"AnnotatedWrapperFiller","attribute":"skill"},{"filler_type":"AnnotatedWrapperFiller","attribute":"skill._rec"},{"filler_type":"FrameFiller","attribute":"skill._rec"},{"filler_type":"AnnotatedWrapperFiller","attribute":"index"},{"filler_type":"EntityFiller","attribute":"index"}]}}
[Test worker] INFO io.opencui.core.DialogManager - session state before turn 3 : {"schedulers_count":1,"main":{"state":"POST_ASK","fillers":[{"filler_type":"AnnotatedWrapperFiller","attribute":"Main"},{"filler_type":"FrameFiller","attribute":"Main"},{"filler_type":"AnnotatedWrapperFiller","attribute":"skills"},{"filler_type":"MultiValueFiller","attribute":"skills"},{"filler_type":"AnnotatedWrapperFiller","attribute":"skills._item"},{"filler_type":"InterfaceFiller","attribute":"skills._item"},{"filler_type":"AnnotatedWrapperFiller","attribute":"skills._item._realfiller"},{"filler_type":"FrameFiller","attribute":"skills._item._realfiller"},{"filler_type":"AnnotatedWrapperFiller","attribute":"skill"},{"filler_type":"AnnotatedWrapperFiller","attribute":"skill._rec"},{"filler_type":"FrameFiller","attribute":"skill._rec"},{"filler_type":"AnnotatedWrapperFiller","attribute":"index"},{"filler_type":"EntityFiller","attribute":"index"}]}}
[Test worker] INFO io.opencui.core.DialogManager - session state after turn 3 : {"schedulers_count":1,"main":{"state":"POST_ASK","fillers":[{"filler_type":"AnnotatedWrapperFiller","attribute":"Main"},{"filler_type":"FrameFiller","attribute":"Main"},{"filler_type":"AnnotatedWrapperFiller","attribute":"skills"},{"filler_type":"MultiValueFiller","attribute":"skills"},{"filler_type":"AnnotatedWrapperFiller","attribute":"skills._hast"},{"filler_type":"FrameFiller","attribute":"skills._hast"},{"filler_type":"AnnotatedWrapperFiller","attribute":"status"},{"filler_type":"InterfaceFiller","attribute":"status"},{"filler_type":"AnnotatedWrapperFiller","attribute":"status._realtype"},{"filler_type":"AnnotatedWrapperFiller","attribute":"status._realtype._rec"},{"filler_type":"FrameFiller","attribute":"status._realtype._rec"},{"filler_type":"AnnotatedWrapperFiller","attribute":"index"},{"filler_type":"EntityFiller","attribute":"index"}]}}
[Test worker] INFO io.opencui.core.DialogManager - session state before turn 4 : {"schedulers_count":1,"main":{"state":"POST_ASK","fillers":[{"filler_type":"AnnotatedWrapperFiller","attribute":"Main"},{"filler_type":"FrameFiller","attribute":"Main"},{"filler_type":"AnnotatedWrapperFiller","attribute":"skills"},{"filler_type":"MultiValueFiller","attribute":"skills"},{"filler_type":"AnnotatedWrapperFiller","attribute":"skills._hast"},{"filler_type":"FrameFiller","attribute":"skills._hast"},{"filler_type":"AnnotatedWrapperFiller","attribute":"status"},{"filler_type":"InterfaceFiller","attribute":"status"},{"filler_type":"AnnotatedWrapperFiller","attribute":"status._realtype"},{"filler_type":"AnnotatedWrapperFiller","attribute":"status._realtype._rec"},{"filler_type":"FrameFiller","attribute":"status._realtype._rec"},{"filler_type":"AnnotatedWrapperFiller","attribute":"index"},{"filler_type":"EntityFiller","attribute":"index"}]}}
[Test worker] INFO io.opencui.core.DialogManager - session state after turn 4 : {"schedulers_count":1,"main":{"state":"POST_ASK","fillers":[{"filler_type":"AnnotatedWrapperFiller","attribute":"Main"},{"filler_type":"FrameFiller","attribute":"Main"},{"filler_type":"AnnotatedWrapperFiller","attribute":"skills"},{"filler_type":"MultiValueFiller","attribute":"skills"},{"filler_type":"AnnotatedWrapperFiller","attribute":"skills._hast"},{"filler_type":"FrameFiller","attribute":"skills._hast"},{"filler_type":"AnnotatedWrapperFiller","attribute":"status"},{"filler_type":"InterfaceFiller","attribute":"status"},{"filler_type":"AnnotatedWrapperFiller","attribute":"status._realtype"},{"filler_type":"AnnotatedWrapperFiller","attribute":"status._realtype._rec"},{"filler_type":"FrameFiller","attribute":"status._realtype._rec"},{"filler_type":"AnnotatedWrapperFiller","attribute":"index"},{"filler_type":"EntityFiller","attribute":"index"}]}}
[Test worker] INFO io.opencui.core.Dispatcher - class io.opencui.du.DucklingRecognizer is configured twice, was http://172.11.51.61:8000/parse now http://172.11.51.61:8000/parse
[Test worker] INFO io.opencui.core.Dispatcher - class io.opencui.du.TfRestBertNLUModel is configured twice, was (172.11.51.61, 8501, null) now (172.11.51.61, 8501, null)
[Test worker] INFO io.opencui.core.Dispatcher - class io.opencui.sessionmanager.ChatbotLoader is configured twice, was InMemoryBotStore(cache=PerpetualCache(cache=agent:io.opencui:test:en:master|version:test)) now InMemoryBotStore(cache=PerpetualCache(cache=agent:io.opencui:test:en:master|version:test))
[Test worker] INFO io.opencui.sessionmanager.SessionManager - create session with bot version: master
[Test worker] INFO io.opencui.core.DialogManager - session state before turn 1 : {"schedulers_count":1,"main":{"state":"INIT","fillers":[]}}
[Test worker] INFO io.opencui.core.DialogManager - session state after turn 1 : {"schedulers_count":1,"main":{"state":"POST_ASK","fillers":[{"filler_type":"AnnotatedWrapperFiller","attribute":"MVEntryConfirmationTestIntent"},{"filler_type":"FrameFiller","attribute":"MVEntryConfirmationTestIntent"},{"filler_type":"AnnotatedWrapperFiller","attribute":"s"},{"filler_type":"EntityFiller","attribute":"s"}]}}
[Test worker] INFO io.opencui.core.DialogManager - session state before turn 2 : {"schedulers_count":1,"main":{"state":"POST_ASK","fillers":[{"filler_type":"AnnotatedWrapperFiller","attribute":"MVEntryConfirmationTestIntent"},{"filler_type":"FrameFiller","attribute":"MVEntryConfirmationTestIntent"},{"filler_type":"AnnotatedWrapperFiller","attribute":"s"},{"filler_type":"EntityFiller","attribute":"s"}]}}
[Test worker] INFO io.opencui.core.DialogManager - session state after turn 2 : {"schedulers_count":1,"main":{"state":"POST_ASK","fillers":[{"filler_type":"AnnotatedWrapperFiller","attribute":"MVEntryConfirmationTestIntent"},{"filler_type":"FrameFiller","attribute":"MVEntryConfirmationTestIntent"},{"filler_type":"AnnotatedWrapperFiller","attribute":"payMethodList"},{"filler_type":"MultiValueFiller","attribute":"payMethodList"},{"filler_type":"AnnotatedWrapperFiller","attribute":"payMethodList._hast"},{"filler_type":"FrameFiller","attribute":"payMethodList._hast"},{"filler_type":"AnnotatedWrapperFiller","attribute":"status"},{"filler_type":"InterfaceFiller","attribute":"status"},{"filler_type":"AnnotatedWrapperFiller","attribute":"status._realtype"},{"filler_type":"RealtypeFiller","attribute":"status._realtype"}]}}
[Test worker] INFO io.opencui.core.DialogManager - session state before turn 3 : {"schedulers_count":1,"main":{"state":"POST_ASK","fillers":[{"filler_type":"AnnotatedWrapperFiller","attribute":"MVEntryConfirmationTestIntent"},{"filler_type":"FrameFiller","attribute":"MVEntryConfirmationTestIntent"},{"filler_type":"AnnotatedWrapperFiller","attribute":"payMethodList"},{"filler_type":"MultiValueFiller","attribute":"payMethodList"},{"filler_type":"AnnotatedWrapperFiller","attribute":"payMethodList._hast"},{"filler_type":"FrameFiller","attribute":"payMethodList._hast"},{"filler_type":"AnnotatedWrapperFiller","attribute":"status"},{"filler_type":"InterfaceFiller","attribute":"status"},{"filler_type":"AnnotatedWrapperFiller","attribute":"status._realtype"},{"filler_type":"RealtypeFiller","attribute":"status._realtype"}]}}
[Test worker] INFO io.opencui.core.DialogManager - session state after turn 3 : {"schedulers_count":1,"main":{"state":"POST_ASK","fillers":[{"filler_type":"AnnotatedWrapperFiller","attribute":"MVEntryConfirmationTestIntent"},{"filler_type":"FrameFiller","attribute":"MVEntryConfirmationTestIntent"},{"filler_type":"AnnotatedWrapperFiller","attribute":"payMethodList"},{"filler_type":"MultiValueFiller","attribute":"payMethodList"},{"filler_type":"AnnotatedWrapperFiller","attribute":"payMethodList._hast"},{"filler_type":"FrameFiller","attribute":"payMethodList._hast"},{"filler_type":"AnnotatedWrapperFiller","attribute":"status"},{"filler_type":"InterfaceFiller","attribute":"status"},{"filler_type":"AnnotatedWrapperFiller","attribute":"status._realtype"},{"filler_type":"RealtypeFiller","attribute":"status._realtype"}]}}
[Test worker] INFO io.opencui.core.DialogManager - session state before turn 4 : {"schedulers_count":1,"main":{"state":"POST_ASK","fillers":[{"filler_type":"AnnotatedWrapperFiller","attribute":"MVEntryConfirmationTestIntent"},{"filler_type":"FrameFiller","attribute":"MVEntryConfirmationTestIntent"},{"filler_type":"AnnotatedWrapperFiller","attribute":"payMethodList"},{"filler_type":"MultiValueFiller","attribute":"payMethodList"},{"filler_type":"AnnotatedWrapperFiller","attribute":"payMethodList._hast"},{"filler_type":"FrameFiller","attribute":"payMethodList._hast"},{"filler_type":"AnnotatedWrapperFiller","attribute":"status"},{"filler_type":"InterfaceFiller","attribute":"status"},{"filler_type":"AnnotatedWrapperFiller","attribute":"status._realtype"},{"filler_type":"RealtypeFiller","attribute":"status._realtype"}]}}
[Test worker] INFO io.opencui.core.DialogManager - session state after turn 4 : {"schedulers_count":1,"main":{"state":"POST_ASK","fillers":[{"filler_type":"AnnotatedWrapperFiller","attribute":"MVEntryConfirmationTestIntent"},{"filler_type":"FrameFiller","attribute":"MVEntryConfirmationTestIntent"},{"filler_type":"AnnotatedWrapperFiller","attribute":"payMethodList"},{"filler_type":"MultiValueFiller","attribute":"payMethodList"},{"filler_type":"AnnotatedWrapperFiller","attribute":"payMethodList._hast"},{"filler_type":"FrameFiller","attribute":"payMethodList._hast"},{"filler_type":"AnnotatedWrapperFiller","attribute":"status"},{"filler_type":"InterfaceFiller","attribute":"status"},{"filler_type":"AnnotatedWrapperFiller","attribute":"status._realtype"},{"filler_type":"RealtypeFiller","attribute":"status._realtype"}]}}
[Test worker] INFO io.opencui.core.DialogManager - session state before turn 5 : {"schedulers_count":1,"main":{"state":"POST_ASK","fillers":[{"filler_type":"AnnotatedWrapperFiller","attribute":"MVEntryConfirmationTestIntent"},{"filler_type":"FrameFiller","attribute":"MVEntryConfirmationTestIntent"},{"filler_type":"AnnotatedWrapperFiller","attribute":"payMethodList"},{"filler_type":"MultiValueFiller","attribute":"payMethodList"},{"filler_type":"AnnotatedWrapperFiller","attribute":"payMethodList._hast"},{"filler_type":"FrameFiller","attribute":"payMethodList._hast"},{"filler_type":"AnnotatedWrapperFiller","attribute":"status"},{"filler_type":"InterfaceFiller","attribute":"status"},{"filler_type":"AnnotatedWrapperFiller","attribute":"status._realtype"},{"filler_type":"RealtypeFiller","attribute":"status._realtype"}]}}
[Test worker] INFO io.opencui.core.DialogManager - session state after turn 5 : {"schedulers_count":1,"main":{"state":"INIT","fillers":[]}}
[Test worker] INFO io.opencui.core.DialogManager - session state before turn 6 : {"schedulers_count":1,"main":{"state":"INIT","fillers":[]}}
[Test worker] INFO io.opencui.core.DialogManager - session state after turn 6 : {"schedulers_count":1,"main":{"state":"POST_ASK","fillers":[{"filler_type":"AnnotatedWrapperFiller","attribute":"MVEntryConfirmationTestIntent"},{"filler_type":"FrameFiller","attribute":"MVEntryConfirmationTestIntent"},{"filler_type":"AnnotatedWrapperFiller","attribute":"s"},{"filler_type":"EntityFiller","attribute":"s"}]}}
[Test worker] INFO io.opencui.core.DialogManager - session state before turn 7 : {"schedulers_count":1,"main":{"state":"POST_ASK","fillers":[{"filler_type":"AnnotatedWrapperFiller","attribute":"MVEntryConfirmationTestIntent"},{"filler_type":"FrameFiller","attribute":"MVEntryConfirmationTestIntent"},{"filler_type":"AnnotatedWrapperFiller","attribute":"s"},{"filler_type":"EntityFiller","attribute":"s"}]}}
[Test worker] INFO io.opencui.core.DialogManager - session state after turn 7 : {"schedulers_count":1,"main":{"state":"POST_ASK","fillers":[{"filler_type":"AnnotatedWrapperFiller","attribute":"MVEntryConfirmationTestIntent"},{"filler_type":"FrameFiller","attribute":"MVEntryConfirmationTestIntent"},{"filler_type":"AnnotatedWrapperFiller","attribute":"payMethodList"},{"filler_type":"MultiValueFiller","attribute":"payMethodList"},{"filler_type":"AnnotatedWrapperFiller","attribute":"payMethodList._hast"},{"filler_type":"FrameFiller","attribute":"payMethodList._hast"},{"filler_type":"AnnotatedWrapperFiller","attribute":"status"},{"filler_type":"InterfaceFiller","attribute":"status"},{"filler_type":"AnnotatedWrapperFiller","attribute":"status._realtype"},{"filler_type":"RealtypeFiller","attribute":"status._realtype"}]}}
[Test worker] INFO io.opencui.core.DialogManager - session state before turn 8 : {"schedulers_count":1,"main":{"state":"POST_ASK","fillers":[{"filler_type":"AnnotatedWrapperFiller","attribute":"MVEntryConfirmationTestIntent"},{"filler_type":"FrameFiller","attribute":"MVEntryConfirmationTestIntent"},{"filler_type":"AnnotatedWrapperFiller","attribute":"payMethodList"},{"filler_type":"MultiValueFiller","attribute":"payMethodList"},{"filler_type":"AnnotatedWrapperFiller","attribute":"payMethodList._hast"},{"filler_type":"FrameFiller","attribute":"payMethodList._hast"},{"filler_type":"AnnotatedWrapperFiller","attribute":"status"},{"filler_type":"InterfaceFiller","attribute":"status"},{"filler_type":"AnnotatedWrapperFiller","attribute":"status._realtype"},{"filler_type":"RealtypeFiller","attribute":"status._realtype"}]}}
[Test worker] INFO io.opencui.core.DialogManager - session state after turn 8 : {"schedulers_count":1,"main":{"state":"POST_ASK","fillers":[{"filler_type":"AnnotatedWrapperFiller","attribute":"MVEntryConfirmationTestIntent"},{"filler_type":"FrameFiller","attribute":"MVEntryConfirmationTestIntent"},{"filler_type":"AnnotatedWrapperFiller","attribute":"payMethodList"},{"filler_type":"MultiValueFiller","attribute":"payMethodList"},{"filler_type":"AnnotatedWrapperFiller","attribute":"payMethodList._hast"},{"filler_type":"FrameFiller","attribute":"payMethodList._hast"},{"filler_type":"AnnotatedWrapperFiller","attribute":"status"},{"filler_type":"InterfaceFiller","attribute":"status"},{"filler_type":"AnnotatedWrapperFiller","attribute":"status._realtype"},{"filler_type":"RealtypeFiller","attribute":"status._realtype"}]}}
[Test worker] INFO io.opencui.core.DialogManager - session state before turn 9 : {"schedulers_count":1,"main":{"state":"POST_ASK","fillers":[{"filler_type":"AnnotatedWrapperFiller","attribute":"MVEntryConfirmationTestIntent"},{"filler_type":"FrameFiller","attribute":"MVEntryConfirmationTestIntent"},{"filler_type":"AnnotatedWrapperFiller","attribute":"payMethodList"},{"filler_type":"MultiValueFiller","attribute":"payMethodList"},{"filler_type":"AnnotatedWrapperFiller","attribute":"payMethodList._hast"},{"filler_type":"FrameFiller","attribute":"payMethodList._hast"},{"filler_type":"AnnotatedWrapperFiller","attribute":"status"},{"filler_type":"InterfaceFiller","attribute":"status"},{"filler_type":"AnnotatedWrapperFiller","attribute":"status._realtype"},{"filler_type":"RealtypeFiller","attribute":"status._realtype"}]}}
[Test worker] INFO io.opencui.core.DialogManager - session state after turn 9 : {"schedulers_count":1,"main":{"state":"INIT","fillers":[]}}
[Test worker] INFO io.opencui.core.Dispatcher - class io.opencui.du.DucklingRecognizer is configured twice, was http://172.11.51.61:8000/parse now http://172.11.51.61:8000/parse
[Test worker] INFO io.opencui.core.Dispatcher - class io.opencui.du.TfRestBertNLUModel is configured twice, was (172.11.51.61, 8501, null) now (172.11.51.61, 8501, null)
[Test worker] INFO io.opencui.core.Dispatcher - class io.opencui.sessionmanager.ChatbotLoader is configured twice, was InMemoryBotStore(cache=PerpetualCache(cache=agent:io.opencui:test:en:master|version:test)) now InMemoryBotStore(cache=PerpetualCache(cache=agent:io.opencui:test:en:master|version:test))
[Test worker] INFO io.opencui.sessionmanager.SessionManager - create session with bot version: master
[Test worker] INFO io.opencui.core.DialogManager - session state before turn 1 : {"schedulers_count":1,"main":{"state":"INIT","fillers":[]}}
[Test worker] INFO io.opencui.core.DialogManager - session state after turn 1 : {"schedulers_count":1,"main":{"state":"POST_ASK","fillers":[{"filler_type":"AnnotatedWrapperFiller","attribute":"NeverAskIntent"},{"filler_type":"FrameFiller","attribute":"NeverAskIntent"},{"filler_type":"AnnotatedWrapperFiller","attribute":"city"},{"filler_type":"EntityFiller","attribute":"city"}]}}
[Test worker] INFO io.opencui.core.DialogManager - session state before turn 2 : {"schedulers_count":1,"main":{"state":"POST_ASK","fillers":[{"filler_type":"AnnotatedWrapperFiller","attribute":"NeverAskIntent"},{"filler_type":"FrameFiller","attribute":"NeverAskIntent"},{"filler_type":"AnnotatedWrapperFiller","attribute":"city"},{"filler_type":"EntityFiller","attribute":"city"}]}}
[Test worker] INFO io.opencui.core.DialogManager - session state after turn 2 : {"schedulers_count":1,"main":{"state":"INIT","fillers":[]}}
]]></system-err>
</testsuite>
