<?xml version="1.0" encoding="UTF-8"?>
<testsuite name="io.opencui.du.RecognizerTest" tests="3" skipped="0" failures="0" errors="0" timestamp="2022-10-22T14:39:44" hostname="sean-Alienware-x15-R1" time="0.241">
  <properties/>
  <testcase name="testConvertWithExpectation" classname="io.opencui.du.RecognizerTest" time="0.075"/>
  <testcase name="testListRecZh" classname="io.opencui.du.RecognizerTest" time="0.162"/>
  <testcase name="testZoneId" classname="io.opencui.du.RecognizerTest" time="0.002"/>
  <system-out><![CDATA[[io.framely.du.StateTrackerTest] nlu addr: 127.0.0.1:8501, duckling addr: http://127.0.0.1:8000/parse
{java.time.LocalDate=[{"values":[{"value":"2023-03-02T00:00:00.000+00:00","grain":"day","type":"value"},{"value":"2024-03-02T00:00:00.000+00:00","grain":"day","type":"value"},{"value":"2025-03-02T00:00:00.000+00:00","grain":"day","type":"value"}],"value":"2023-03-02T00:00:00.000+00:00","grain":"day","type":"value"} @(13, 22)], java.time.YearMonth=[{"values":[{"value":"2023-03-02T00:00:00.000+00:00","grain":"day","type":"value"},{"value":"2024-03-02T00:00:00.000+00:00","grain":"day","type":"value"},{"value":"2025-03-02T00:00:00.000+00:00","grain":"day","type":"value"}],"value":"2023-03-02T00:00:00.000+00:00","grain":"day","type":"value"} @(13, 22)], java.time.Year=[{"values":[{"value":"2023-03-02T00:00:00.000+00:00","grain":"day","type":"value"},{"value":"2024-03-02T00:00:00.000+00:00","grain":"day","type":"value"},{"value":"2025-03-02T00:00:00.000+00:00","grain":"day","type":"value"}],"value":"2023-03-02T00:00:00.000+00:00","grain":"day","type":"value"} @(13, 22)]}
"2023-03-02"
now working with time
{java.time.LocalDateTime=[{"values":[{"value":"2022-10-23T03:00:00.000+00:00","grain":"hour","type":"value"},{"value":"2022-10-24T03:00:00.000+00:00","grain":"hour","type":"value"},{"value":"2022-10-25T03:00:00.000+00:00","grain":"hour","type":"value"}],"value":"2022-10-23T03:00:00.000+00:00","grain":"hour","type":"value"} @(13, 32)], java.time.LocalTime=[{"values":[{"value":"2022-10-23T03:00:00.000+00:00","grain":"hour","type":"value"},{"value":"2022-10-24T03:00:00.000+00:00","grain":"hour","type":"value"},{"value":"2022-10-25T03:00:00.000+00:00","grain":"hour","type":"value"}],"value":"2022-10-23T03:00:00.000+00:00","grain":"hour","type":"value"} @(16, 32)], java.time.YearMonth=[{"values":[{"value":"2022-10-23T03:00:00.000+00:00","grain":"hour","type":"value"},{"value":"2022-10-24T03:00:00.000+00:00","grain":"hour","type":"value"},{"value":"2022-10-25T03:00:00.000+00:00","grain":"hour","type":"value"}],"value":"2022-10-23T03:00:00.000+00:00","grain":"hour","type":"value"} @(13, 32)], java.time.Year=[{"values":[{"value":"2022-10-23T03:00:00.000+00:00","grain":"hour","type":"value"},{"value":"2022-10-24T03:00:00.000+00:00","grain":"hour","type":"value"},{"value":"2022-10-25T03:00:00.000+00:00","grain":"hour","type":"value"}],"value":"2022-10-23T03:00:00.000+00:00","grain":"hour","type":"value"} @(13, 32)]}
{kotlin.Int=[{"value":88,"type":"value"} @(10, 22)], kotlin.Float=[{"value":88,"type":"value"} @(10, 22)]}
[io.framely.du.StateTrackerTest] nlu addr: 127.0.0.1:8501, duckling addr: http://127.0.0.1:8000/parse
processing city with 北京1	北京	帝都
shanghai	上海
processing java.time.LocalDateTime with 
getting null for 我
getting null for 我想
getting null for 我想去
getting null for 我想去北京
getting null for 想
getting null for 想去
getting null for 想去北京
getting null for 去
getting null for 去北京
getting 0 for 北京
{city=[北京1 @(3, 5)]}
[io.framely.du.StateTrackerTest] nlu addr: 127.0.0.1:8501, duckling addr: http://127.0.0.1:8000/parse
PRC
"PRC"
PRC
]]></system-out>
  <system-err><![CDATA[[Test worker] INFO io.opencui.core.Dispatcher - class io.opencui.du.DucklingRecognizer is configured twice, was http://127.0.0.1:8000/parse now http://127.0.0.1:8000/parse
[Test worker] INFO io.opencui.core.Dispatcher - class io.opencui.du.TfRestBertNLUModel is configured twice, was (127.0.0.1, 8501, http) now (127.0.0.1, 8501, http)
[Test worker] INFO io.opencui.du.DucklingRecognizer - AmountOfMoney does not need DucklingRecognizer
[Test worker] INFO io.opencui.du.DucklingRecognizer - CreditCardNumber does not need DucklingRecognizer
[Test worker] INFO io.opencui.du.DucklingRecognizer - Distance does not need DucklingRecognizer
[Test worker] INFO io.opencui.du.DucklingRecognizer - Duration does not need DucklingRecognizer
[Test worker] INFO io.opencui.du.DucklingRecognizer - io.opencui.core.Email does need DucklingRecognizer
[Test worker] INFO io.opencui.du.DucklingRecognizer - io.opencui.core.Ordinal does need DucklingRecognizer
[Test worker] INFO io.opencui.du.DucklingRecognizer - io.opencui.core.PhoneNumber does need DucklingRecognizer
[Test worker] INFO io.opencui.du.DucklingRecognizer - Quantity does not need DucklingRecognizer
[Test worker] INFO io.opencui.du.DucklingRecognizer - Temperature does not need DucklingRecognizer
[Test worker] INFO io.opencui.du.DucklingRecognizer - java.time.LocalDateTime does need DucklingRecognizer
[Test worker] INFO io.opencui.du.DucklingRecognizer - java.time.LocalTime does need DucklingRecognizer
[Test worker] INFO io.opencui.du.DucklingRecognizer - java.time.LocalDate does need DucklingRecognizer
[Test worker] INFO io.opencui.du.DucklingRecognizer - java.time.YearMonth does need DucklingRecognizer
[Test worker] INFO io.opencui.du.DucklingRecognizer - java.time.Year does need DucklingRecognizer
[Test worker] INFO io.opencui.du.DucklingRecognizer - Url does not need DucklingRecognizer
[Test worker] INFO io.opencui.du.DucklingRecognizer - Volume does not need DucklingRecognizer
[Test worker] INFO io.opencui.du.DucklingRecognizer - kotlin.Int does need DucklingRecognizer
[Test worker] INFO io.opencui.du.DucklingRecognizer - kotlin.Float does need DucklingRecognizer
[Test worker] INFO io.opencui.du.DucklingRecognizer - kotlin.String does not need DucklingRecognizer
[Test worker] INFO io.opencui.du.DucklingRecognizer - kotlin.Boolean does not need DucklingRecognizer
[Test worker] INFO io.opencui.du.DucklingRecognizer - Person does not need DucklingRecognizer
[Test worker] INFO io.opencui.du.DucklingRecognizer - Location does not need DucklingRecognizer
[Test worker] INFO io.opencui.du.DucklingRecognizer - [{"body":"tomorrow at eight","start":13,"value":{"values":[{"value":"2022-10-23T08:00:00.000+00:00","grain":"hour","type":"value"},{"value":"2022-10-23T20:00:00.000+00:00","grain":"hour","type":"value"}],"value":"2022-10-23T08:00:00.000+00:00","grain":"hour","type":"value"},"end":30,"dim":"time","latent":false},{"body":"sean.wu@naturali.io","start":44,"value":{"value":"sean.wu@naturali.io","type":"value"},"end":63,"dim":"email","latent":false}]
[Test worker] INFO io.opencui.du.DucklingRecognizer - [java.time.LocalDateTime, java.time.LocalTime, java.time.LocalDate, java.time.YearMonth, java.time.Year]
[Test worker] INFO io.opencui.du.DucklingRecognizer - [framely.core.Email, io.opencui.core.Email]
[Test worker] INFO io.opencui.du.DucklingRecognizer - [{"body":"march 2nd","start":13,"value":{"values":[{"value":"2023-03-02T00:00:00.000+00:00","grain":"day","type":"value"},{"value":"2024-03-02T00:00:00.000+00:00","grain":"day","type":"value"},{"value":"2025-03-02T00:00:00.000+00:00","grain":"day","type":"value"}],"value":"2023-03-02T00:00:00.000+00:00","grain":"day","type":"value"},"end":22,"dim":"time","latent":false}]
[Test worker] INFO io.opencui.du.DucklingRecognizer - [java.time.LocalDateTime, java.time.LocalTime, java.time.LocalDate, java.time.YearMonth, java.time.Year]
[Test worker] INFO io.opencui.du.DucklingRecognizer - [{"body":"at 3 in the morning","start":13,"value":{"values":[{"value":"2022-10-23T03:00:00.000+00:00","grain":"hour","type":"value"},{"value":"2022-10-24T03:00:00.000+00:00","grain":"hour","type":"value"},{"value":"2022-10-25T03:00:00.000+00:00","grain":"hour","type":"value"}],"value":"2022-10-23T03:00:00.000+00:00","grain":"hour","type":"value"},"end":32,"dim":"time","latent":false}]
[Test worker] INFO io.opencui.du.DucklingRecognizer - [java.time.LocalDateTime, java.time.LocalTime, java.time.LocalDate, java.time.YearMonth, java.time.Year]
[Test worker] INFO io.opencui.du.DucklingRecognizer - [{"body":"1(555)234-2343","start":14,"value":{"value":"15552342343","type":"value"},"end":28,"dim":"phone-number","latent":false}]
[Test worker] INFO io.opencui.du.DucklingRecognizer - [framely.core.PhoneNumber, io.opencui.core.PhoneNumber]
[Test worker] INFO io.opencui.du.DucklingRecognizer - [{"body":"eighty eight","start":10,"value":{"value":88,"type":"value"},"end":22,"dim":"number","latent":false}]
[Test worker] INFO io.opencui.du.DucklingRecognizer - [kotlin.Int, kotlin.Float]
[Test worker] INFO io.opencui.du.DucklingRecognizer - [{"body":"eighty eight point two","start":10,"value":{"value":88.2,"type":"value"},"end":32,"dim":"number","latent":false}]
[Test worker] INFO io.opencui.du.DucklingRecognizer - [kotlin.Int, kotlin.Float]
[Test worker] INFO io.opencui.du.DucklingRecognizer - [{"body":"third","start":0,"value":{"value":3,"type":"value"},"end":5,"dim":"ordinal","latent":false},{"body":"one","start":6,"value":{"value":1,"type":"value"},"end":9,"dim":"number","latent":false}]
[Test worker] INFO io.opencui.du.DucklingRecognizer - [framely.core.Ordinal, io.opencui.core.Ordinal]
[Test worker] INFO io.opencui.du.DucklingRecognizer - [kotlin.Int, kotlin.Float]
[Test worker] INFO io.opencui.du.DucklingRecognizer - [{"body":"second","start":4,"value":{"value":2,"type":"value"},"end":10,"dim":"ordinal","latent":false}]
[Test worker] INFO io.opencui.du.DucklingRecognizer - [framely.core.Ordinal, io.opencui.core.Ordinal]
[Test worker] INFO io.opencui.du.DucklingRecognizer - [{"body":"the second","start":0,"value":{"values":[{"value":"2022-11-02T00:00:00.000+00:00","grain":"day","type":"value"},{"value":"2022-12-02T00:00:00.000+00:00","grain":"day","type":"value"},{"value":"2023-01-02T00:00:00.000+00:00","grain":"day","type":"value"}],"value":"2022-11-02T00:00:00.000+00:00","grain":"day","type":"value"},"end":10,"dim":"time","latent":false},{"body":"one","start":11,"value":{"value":1,"type":"value"},"end":14,"dim":"number","latent":false}]
[Test worker] INFO io.opencui.du.DucklingRecognizer - [java.time.LocalDateTime, java.time.LocalTime, java.time.LocalDate, java.time.YearMonth, java.time.Year]
[Test worker] INFO io.opencui.du.DucklingRecognizer - [kotlin.Int, kotlin.Float]
[Test worker] INFO io.opencui.du.DucklingRecognizer - [{"body":"on march 3rd","start":13,"value":{"values":[{"value":"2023-03-03T00:00:00.000+00:00","grain":"day","type":"value"},{"value":"2024-03-03T00:00:00.000+00:00","grain":"day","type":"value"},{"value":"2025-03-03T00:00:00.000+00:00","grain":"day","type":"value"}],"value":"2023-03-03T00:00:00.000+00:00","grain":"day","type":"value"},"end":25,"dim":"time","latent":false}]
[Test worker] INFO io.opencui.du.DucklingRecognizer - [java.time.LocalDateTime, java.time.LocalTime, java.time.LocalDate, java.time.YearMonth, java.time.Year]
[Test worker] INFO io.opencui.du.DucklingRecognizer - [{"body":"at 8:00pm","start":13,"value":{"values":[{"value":"2022-10-22T20:00:00.000+00:00","grain":"minute","type":"value"},{"value":"2022-10-23T20:00:00.000+00:00","grain":"minute","type":"value"},{"value":"2022-10-24T20:00:00.000+00:00","grain":"minute","type":"value"}],"value":"2022-10-22T20:00:00.000+00:00","grain":"minute","type":"value"},"end":22,"dim":"time","latent":false}]
[Test worker] INFO io.opencui.du.DucklingRecognizer - [java.time.LocalDateTime, java.time.LocalTime, java.time.LocalDate, java.time.YearMonth, java.time.Year]
[Test worker] INFO io.opencui.core.Dispatcher - class io.opencui.du.DucklingRecognizer is configured twice, was http://127.0.0.1:8000/parse now http://127.0.0.1:8000/parse
[Test worker] INFO io.opencui.core.Dispatcher - class io.opencui.du.TfRestBertNLUModel is configured twice, was (127.0.0.1, 8501, http) now (127.0.0.1, 8501, http)
[Test worker] INFO io.opencui.du.DucklingRecognizer - AmountOfMoney does not need DucklingRecognizer
[Test worker] INFO io.opencui.du.DucklingRecognizer - CreditCardNumber does not need DucklingRecognizer
[Test worker] INFO io.opencui.du.DucklingRecognizer - Distance does not need DucklingRecognizer
[Test worker] INFO io.opencui.du.DucklingRecognizer - Duration does not need DucklingRecognizer
[Test worker] INFO io.opencui.du.DucklingRecognizer - io.opencui.core.Email does need DucklingRecognizer
[Test worker] INFO io.opencui.du.DucklingRecognizer - io.opencui.core.Ordinal does need DucklingRecognizer
[Test worker] INFO io.opencui.du.DucklingRecognizer - io.opencui.core.PhoneNumber does need DucklingRecognizer
[Test worker] INFO io.opencui.du.DucklingRecognizer - Quantity does not need DucklingRecognizer
[Test worker] INFO io.opencui.du.DucklingRecognizer - Temperature does not need DucklingRecognizer
[Test worker] INFO io.opencui.du.DucklingRecognizer - java.time.LocalDateTime does need DucklingRecognizer
[Test worker] INFO io.opencui.du.DucklingRecognizer - java.time.LocalTime does need DucklingRecognizer
[Test worker] INFO io.opencui.du.DucklingRecognizer - java.time.LocalDate does need DucklingRecognizer
[Test worker] INFO io.opencui.du.DucklingRecognizer - java.time.YearMonth does need DucklingRecognizer
[Test worker] INFO io.opencui.du.DucklingRecognizer - java.time.Year does need DucklingRecognizer
[Test worker] INFO io.opencui.du.DucklingRecognizer - Url does not need DucklingRecognizer
[Test worker] INFO io.opencui.du.DucklingRecognizer - Volume does not need DucklingRecognizer
[Test worker] INFO io.opencui.du.DucklingRecognizer - kotlin.Int does need DucklingRecognizer
[Test worker] INFO io.opencui.du.DucklingRecognizer - kotlin.Float does need DucklingRecognizer
[Test worker] INFO io.opencui.du.DucklingRecognizer - kotlin.String does not need DucklingRecognizer
[Test worker] INFO io.opencui.du.DucklingRecognizer - kotlin.Boolean does not need DucklingRecognizer
[Test worker] INFO io.opencui.du.DucklingRecognizer - Person does not need DucklingRecognizer
[Test worker] INFO io.opencui.du.DucklingRecognizer - Location does not need DucklingRecognizer
[Test worker] INFO io.opencui.du.ListRecognizer - Init ListRecognizer...
[Test worker] INFO io.opencui.du.ListRecognizer - process entity type city with 2 entries.
[Test worker] INFO io.opencui.du.ListRecognizer - process entity type java.time.LocalDateTime with 1 entries.
[Test worker] INFO io.opencui.du.DucklingRecognizer - city does not need DucklingRecognizer
[Test worker] INFO io.opencui.du.DucklingRecognizer - java.time.LocalDateTime does need DucklingRecognizer
[Test worker] INFO io.opencui.du.DucklingRecognizer - [{"body":"明天","start":0,"value":{"values":[{"value":"2022-10-23T00:00:00.000+00:00","grain":"day","type":"value"}],"value":"2022-10-23T00:00:00.000+00:00","grain":"day","type":"value"},"end":2,"dim":"time","latent":false},{"body":"九点","start":4,"value":{"values":[{"value":"2022-10-22T21:00:00.000+00:00","grain":"hour","type":"value"},{"value":"2022-10-23T09:00:00.000+00:00","grain":"hour","type":"value"},{"value":"2022-10-23T21:00:00.000+00:00","grain":"hour","type":"value"}],"value":"2022-10-22T21:00:00.000+00:00","grain":"hour","type":"value"},"end":6,"dim":"time","latent":false}]
[Test worker] INFO io.opencui.du.DucklingRecognizer - [java.time.LocalDateTime, java.time.LocalTime, java.time.LocalDate, java.time.YearMonth, java.time.Year]
[Test worker] INFO io.opencui.du.DucklingRecognizer - [java.time.LocalDateTime, java.time.LocalTime, java.time.LocalDate, java.time.YearMonth, java.time.Year]
[Test worker] INFO io.opencui.core.Dispatcher - class io.opencui.du.DucklingRecognizer is configured twice, was http://127.0.0.1:8000/parse now http://127.0.0.1:8000/parse
[Test worker] INFO io.opencui.core.Dispatcher - class io.opencui.du.TfRestBertNLUModel is configured twice, was (127.0.0.1, 8501, http) now (127.0.0.1, 8501, http)
[Test worker] INFO io.opencui.du.DucklingRecognizer - AmountOfMoney does not need DucklingRecognizer
[Test worker] INFO io.opencui.du.DucklingRecognizer - CreditCardNumber does not need DucklingRecognizer
[Test worker] INFO io.opencui.du.DucklingRecognizer - Distance does not need DucklingRecognizer
[Test worker] INFO io.opencui.du.DucklingRecognizer - Duration does not need DucklingRecognizer
[Test worker] INFO io.opencui.du.DucklingRecognizer - io.opencui.core.Email does need DucklingRecognizer
[Test worker] INFO io.opencui.du.DucklingRecognizer - io.opencui.core.Ordinal does need DucklingRecognizer
[Test worker] INFO io.opencui.du.DucklingRecognizer - io.opencui.core.PhoneNumber does need DucklingRecognizer
[Test worker] INFO io.opencui.du.DucklingRecognizer - Quantity does not need DucklingRecognizer
[Test worker] INFO io.opencui.du.DucklingRecognizer - Temperature does not need DucklingRecognizer
[Test worker] INFO io.opencui.du.DucklingRecognizer - java.time.LocalDateTime does need DucklingRecognizer
[Test worker] INFO io.opencui.du.DucklingRecognizer - java.time.LocalTime does need DucklingRecognizer
[Test worker] INFO io.opencui.du.DucklingRecognizer - java.time.LocalDate does need DucklingRecognizer
[Test worker] INFO io.opencui.du.DucklingRecognizer - java.time.YearMonth does need DucklingRecognizer
[Test worker] INFO io.opencui.du.DucklingRecognizer - java.time.Year does need DucklingRecognizer
[Test worker] INFO io.opencui.du.DucklingRecognizer - Url does not need DucklingRecognizer
[Test worker] INFO io.opencui.du.DucklingRecognizer - Volume does not need DucklingRecognizer
[Test worker] INFO io.opencui.du.DucklingRecognizer - kotlin.Int does need DucklingRecognizer
[Test worker] INFO io.opencui.du.DucklingRecognizer - kotlin.Float does need DucklingRecognizer
[Test worker] INFO io.opencui.du.DucklingRecognizer - kotlin.String does not need DucklingRecognizer
[Test worker] INFO io.opencui.du.DucklingRecognizer - kotlin.Boolean does not need DucklingRecognizer
[Test worker] INFO io.opencui.du.DucklingRecognizer - Person does not need DucklingRecognizer
[Test worker] INFO io.opencui.du.DucklingRecognizer - Location does not need DucklingRecognizer
]]></system-err>
</testsuite>
